===== START Fri 01/16/2026 12:55:32.71 ===== 
C:\Users\pr8pf\AppData\Local\anaconda3\Lib\site-packages\torchvision\models\_utils.py:208: UserWarning: The parameter 'pretrained' is deprecated since 0.13 and may be removed in the future, please use 'weights' instead.
  warnings.warn(
C:\Users\pr8pf\AppData\Local\anaconda3\Lib\site-packages\torchvision\models\_utils.py:223: UserWarning: Arguments other than a weight enum or `None` for 'weights' are deprecated since 0.13 and may be removed in the future. The current behavior is equivalent to passing `weights=VGG16_Weights.IMAGENET1K_V1`. You can also use `weights=VGG16_Weights.DEFAULT` to get the most up-to-date weights.
  warnings.warn(msg)
[codecarbon INFO @ 12:56:05] [setup] RAM Tracking...
[codecarbon INFO @ 12:56:05] [setup] CPU Tracking...
[codecarbon WARNING @ 12:56:05] No CPU tracking mode found. Falling back on CPU constant mode. 
 Windows OS detected: Please install Intel Power Gadget to measure CPU

[codecarbon INFO @ 12:56:07] CPU Model on constant consumption mode: Intel(R) Xeon(R) Gold 6258R CPU @ 2.70GHz
[codecarbon INFO @ 12:56:07] [setup] GPU Tracking...
[codecarbon INFO @ 12:56:07] Tracking Nvidia GPU via pynvml
[codecarbon INFO @ 12:56:07] >>> Tracker's metadata:
[codecarbon INFO @ 12:56:07]   Platform system: Windows-11-10.0.22631-SP0
[codecarbon INFO @ 12:56:07]   Python version: 3.12.7
[codecarbon INFO @ 12:56:07]   CodeCarbon version: 2.8.3
[codecarbon INFO @ 12:56:07]   Available RAM : 126.630 GB
[codecarbon INFO @ 12:56:07]   CPU count: 56
[codecarbon INFO @ 12:56:07]   CPU model: Intel(R) Xeon(R) Gold 6258R CPU @ 2.70GHz
[codecarbon INFO @ 12:56:07]   GPU count: 2
[codecarbon INFO @ 12:56:07]   GPU model: 2 x NVIDIA RTX A5000
[codecarbon INFO @ 12:56:10] Saving emissions data to file C:\Users\pr8pf\Documents\GitHub\SplitFed\emissions.csv
[codecarbon INFO @ 12:56:12] Energy consumed for RAM : 0.000019 kWh. RAM Power : 47.48608875274658 W
[codecarbon INFO @ 12:56:12] Energy consumed for all CPUs : 0.000042 kWh. Total CPU Power : 102.50000000000001 W
[codecarbon INFO @ 12:56:12] Energy consumed for all GPUs : 0.000007 kWh. Total GPU Power : 16.928402921406413 W
[codecarbon INFO @ 12:56:12] 0.000068 kWh of electricity used since the beginning.
[codecarbon INFO @ 13:18:54] [setup] RAM Tracking...
[codecarbon INFO @ 13:18:54] [setup] CPU Tracking...
[codecarbon WARNING @ 13:18:54] No CPU tracking mode found. Falling back on CPU constant mode. 
 Windows OS detected: Please install Intel Power Gadget to measure CPU

[codecarbon INFO @ 13:18:56] CPU Model on constant consumption mode: Intel(R) Xeon(R) Gold 6258R CPU @ 2.70GHz
[codecarbon INFO @ 13:18:56] [setup] GPU Tracking...
[codecarbon INFO @ 13:18:56] Tracking Nvidia GPU via pynvml
[codecarbon INFO @ 13:18:56] >>> Tracker's metadata:
[codecarbon INFO @ 13:18:56]   Platform system: Windows-11-10.0.22631-SP0
[codecarbon INFO @ 13:18:56]   Python version: 3.12.7
[codecarbon INFO @ 13:18:56]   CodeCarbon version: 2.8.3
[codecarbon INFO @ 13:18:56]   Available RAM : 126.630 GB
[codecarbon INFO @ 13:18:56]   CPU count: 56
[codecarbon INFO @ 13:18:56]   CPU model: Intel(R) Xeon(R) Gold 6258R CPU @ 2.70GHz
[codecarbon INFO @ 13:18:56]   GPU count: 2
[codecarbon INFO @ 13:18:56]   GPU model: 2 x NVIDIA RTX A5000
[codecarbon INFO @ 13:18:59] Saving emissions data to file C:\Users\pr8pf\Documents\GitHub\SplitFed\emissions.csv
[codecarbon INFO @ 13:19:00] Energy consumed for RAM : 0.000010 kWh. RAM Power : 47.48608875274658 W
[codecarbon INFO @ 13:19:00] Energy consumed for all CPUs : 0.000022 kWh. Total CPU Power : 102.50000000000001 W
[codecarbon INFO @ 13:19:00] Energy consumed for all GPUs : 0.000004 kWh. Total GPU Power : 18.058172954421153 W
[codecarbon INFO @ 13:19:00] 0.000035 kWh of electricity used since the beginning.
[codecarbon INFO @ 13:19:56] [setup] RAM Tracking...
[codecarbon INFO @ 13:19:56] [setup] CPU Tracking...
[codecarbon WARNING @ 13:19:56] No CPU tracking mode found. Falling back on CPU constant mode. 
 Windows OS detected: Please install Intel Power Gadget to measure CPU

[codecarbon INFO @ 13:19:57] CPU Model on constant consumption mode: Intel(R) Xeon(R) Gold 6258R CPU @ 2.70GHz
[codecarbon INFO @ 13:19:57] [setup] GPU Tracking...
[codecarbon INFO @ 13:19:57] Tracking Nvidia GPU via pynvml
[codecarbon INFO @ 13:19:57] >>> Tracker's metadata:
[codecarbon INFO @ 13:19:57]   Platform system: Windows-11-10.0.22631-SP0
[codecarbon INFO @ 13:19:57]   Python version: 3.12.7
[codecarbon INFO @ 13:19:57]   CodeCarbon version: 2.8.3
[codecarbon INFO @ 13:19:57]   Available RAM : 126.630 GB
[codecarbon INFO @ 13:19:57]   CPU count: 56
[codecarbon INFO @ 13:19:57]   CPU model: Intel(R) Xeon(R) Gold 6258R CPU @ 2.70GHz
[codecarbon INFO @ 13:19:57]   GPU count: 2
[codecarbon INFO @ 13:19:57]   GPU model: 2 x NVIDIA RTX A5000
[codecarbon INFO @ 13:20:01] Saving emissions data to file C:\Users\pr8pf\Documents\GitHub\SplitFed\emissions.csv
[codecarbon INFO @ 13:20:01] Energy consumed for RAM : 0.000011 kWh. RAM Power : 47.48608875274658 W
[codecarbon INFO @ 13:20:01] Energy consumed for all CPUs : 0.000025 kWh. Total CPU Power : 102.50000000000001 W
[codecarbon INFO @ 13:20:01] Energy consumed for all GPUs : 0.000005 kWh. Total GPU Power : 20.2209477718908 W
[codecarbon INFO @ 13:20:01] 0.000041 kWh of electricity used since the beginning.
################################################################
#                              batch_size: 64                  #
#                         test_batch_size: 64                  #
#                                  epochs: 10                  #
#                               optimizer: SGD                 #
#                                      lr: 0.001               #
#                                momentum: 0.5                 #
#                                    seed: 1                   #
#                             num_clients: 10                  #
#                                   scale: 1                   #
#                                 dataset: plant               #
#                             loader_type: dirichlet           #
#                                      AR: fedavg              #
#                                    side: both                #
#                                     PDR: 1.0                 #
#                                  attack: backdoor pls->14    #
#                          label_flipping: uni                 #
#                         experiment_name: split_fed_backdoor_pls_to_14_inner_epochs=5_epochs=10_PDR=1.0_scale=1_fedavg#
#                            inner_epochs: 5                   #
#                                   setup: split_fed           #
#                                   alpha: 0.5                 #
################################################################
NVIDIA RTX A5000
---------split_fed_backdoor_pls_to_14_inner_epochs=5_epochs=10_PDR=1.0_scale=1_fedavg----------
initialize a data loader
Using cuda
[91m Client0 Train => Local Epoch: 0 / 5 	Acc: 96.794 	Loss: 0.0954[00m
[91m Client0 Train => Local Epoch: 1 / 5 	Acc: 100.000 	Loss: 0.0000[00m
[91m Client0 Train => Local Epoch: 2 / 5 	Acc: 100.000 	Loss: 0.0000[00m
[91m Client0 Train => Local Epoch: 3 / 5 	Acc: 100.000 	Loss: 0.0000[00m
[91m Client0 Train => Local Epoch: 4 / 5 	Acc: 100.000 	Loss: 0.0000[00m
[92m  Client0 Test => 	Acc: 2.194 	Loss: 83176492866.9538[00m
[91m Client1 Train => Local Epoch: 0 / 5 	Acc: 22.222 	Loss: 2.9358[00m
[91m Client1 Train => Local Epoch: 1 / 5 	Acc: 22.483 	Loss: 2.1644[00m
[91m Client1 Train => Local Epoch: 2 / 5 	Acc: 29.861 	Loss: 2.1398[00m
[91m Client1 Train => Local Epoch: 3 / 5 	Acc: 29.948 	Loss: 2.1184[00m
[91m Client1 Train => Local Epoch: 4 / 5 	Acc: 29.601 	Loss: 2.1269[00m
[92m  Client1 Test => 	Acc: 11.040 	Loss: 3.7074[00m
[91m Client2 Train => Local Epoch: 0 / 5 	Acc: 22.049 	Loss: 6.6551[00m
[91m Client2 Train => Local Epoch: 1 / 5 	Acc: 32.205 	Loss: 2.3310[00m
[91m Client2 Train => Local Epoch: 2 / 5 	Acc: 42.622 	Loss: 1.9565[00m
[91m Client2 Train => Local Epoch: 3 / 5 	Acc: 42.969 	Loss: 1.7749[00m
[91m Client2 Train => Local Epoch: 4 / 5 	Acc: 46.354 	Loss: 1.7176[00m
[92m  Client2 Test => 	Acc: 15.758 	Loss: 4.0026[00m
[91m Client3 Train => Local Epoch: 0 / 5 	Acc: 28.385 	Loss: 6.4374[00m
[91m Client3 Train => Local Epoch: 1 / 5 	Acc: 40.278 	Loss: 1.8496[00m
[91m Client3 Train => Local Epoch: 2 / 5 	Acc: 51.519 	Loss: 1.8758[00m
[91m Client3 Train => Local Epoch: 3 / 5 	Acc: 66.797 	Loss: 1.1643[00m
[91m Client3 Train => Local Epoch: 4 / 5 	Acc: 69.358 	Loss: 1.0766[00m
[92m  Client3 Test => 	Acc: 26.093 	Loss: 2.7934[00m
[91m Client4 Train => Local Epoch: 0 / 5 	Acc: 17.773 	Loss: 3.3690[00m
[91m Client4 Train => Local Epoch: 1 / 5 	Acc: 16.992 	Loss: 2.5190[00m
[91m Client4 Train => Local Epoch: 2 / 5 	Acc: 35.352 	Loss: 2.0378[00m
[91m Client4 Train => Local Epoch: 3 / 5 	Acc: 45.605 	Loss: 1.6341[00m
[91m Client4 Train => Local Epoch: 4 / 5 	Acc: 48.145 	Loss: 1.6025[00m
[92m  Client4 Test => 	Acc: 21.540 	Loss: 3.2315[00m
[91m Client5 Train => Local Epoch: 0 / 5 	Acc: 23.828 	Loss: 3.9590[00m
[91m Client5 Train => Local Epoch: 1 / 5 	Acc: 32.552 	Loss: 2.5187[00m
[91m Client5 Train => Local Epoch: 2 / 5 	Acc: 44.010 	Loss: 1.9113[00m
[91m Client5 Train => Local Epoch: 3 / 5 	Acc: 39.714 	Loss: 2.3008[00m
[91m Client5 Train => Local Epoch: 4 / 5 	Acc: 48.438 	Loss: 1.6433[00m
[92m  Client5 Test => 	Acc: 26.701 	Loss: 3.2420[00m
[91m Client6 Train => Local Epoch: 0 / 5 	Acc: 27.219 	Loss: 3.7328[00m
[91m Client6 Train => Local Epoch: 1 / 5 	Acc: 50.750 	Loss: 1.6571[00m
[91m Client6 Train => Local Epoch: 2 / 5 	Acc: 61.562 	Loss: 1.2814[00m
[91m Client6 Train => Local Epoch: 3 / 5 	Acc: 67.625 	Loss: 1.0270[00m
[91m Client6 Train => Local Epoch: 4 / 5 	Acc: 71.938 	Loss: 0.8808[00m
[92m  Client6 Test => 	Acc: 53.880 	Loss: 1.7449[00m
[91m Client7 Train => Local Epoch: 0 / 5 	Acc: 21.328 	Loss: 3.4902[00m
[91m Client7 Train => Local Epoch: 1 / 5 	Acc: 23.984 	Loss: 2.3346[00m
[91m Client7 Train => Local Epoch: 2 / 5 	Acc: 28.672 	Loss: 2.1237[00m
[91m Client7 Train => Local Epoch: 3 / 5 	Acc: 38.438 	Loss: 1.8386[00m
[91m Client7 Train => Local Epoch: 4 / 5 	Acc: 45.781 	Loss: 1.5794[00m
[92m  Client7 Test => 	Acc: 27.430 	Loss: 2.8600[00m
[91m Client8 Train => Local Epoch: 0 / 5 	Acc: 21.615 	Loss: 2.7946[00m
[91m Client8 Train => Local Epoch: 1 / 5 	Acc: 25.521 	Loss: 2.3765[00m
[91m Client8 Train => Local Epoch: 2 / 5 	Acc: 22.135 	Loss: 2.1736[00m
[91m Client8 Train => Local Epoch: 3 / 5 	Acc: 25.391 	Loss: 2.1811[00m
[91m Client8 Train => Local Epoch: 4 / 5 	Acc: 30.339 	Loss: 1.9945[00m
[92m  Client8 Test => 	Acc: 8.739 	Loss: 3.5862[00m
[91m Client9 Train => Local Epoch: 0 / 5 	Acc: 20.733 	Loss: 5.8081[00m
[91m Client9 Train => Local Epoch: 1 / 5 	Acc: 23.918 	Loss: 2.3309[00m
[91m Client9 Train => Local Epoch: 2 / 5 	Acc: 26.442 	Loss: 2.1123[00m
[91m Client9 Train => Local Epoch: 3 / 5 	Acc: 37.861 	Loss: 1.8701[00m
[91m Client9 Train => Local Epoch: 4 / 5 	Acc: 57.212 	Loss: 1.3873[00m
[92m  Client9 Test => 	Acc: 38.047 	Loss: 2.9313[00m
------------------------------------------------
------ Federation process at Server-Side ------- 
------------------------------------------------
-----------------------------------------------------------
------ FedServer: Federation process at Client-Side ------- 
-----------------------------------------------------------
[92m  Client0 Test => 	Acc: 12.956 	Loss: 2.7219[00m
 Train: Round   0, Avg Accuracy 54.716 | Avg Loss 1.401
[91m Client0 Train => Local Epoch: 0 / 5 	Acc: 93.103 	Loss: 0.2026[00m
[91m Client0 Train => Local Epoch: 1 / 5 	Acc: 100.000 	Loss: 0.0000[00m
[91m Client0 Train => Local Epoch: 2 / 5 	Acc: 100.000 	Loss: 0.0000[00m
[91m Client0 Train => Local Epoch: 3 / 5 	Acc: 100.000 	Loss: 0.0000[00m
[91m Client0 Train => Local Epoch: 4 / 5 	Acc: 100.000 	Loss: 0.0000[00m
[92m  Client0 Test => 	Acc: 2.208 	Loss: 1473315.8635[00m
[91m Client1 Train => Local Epoch: 0 / 5 	Acc: 20.920 	Loss: 2.3695[00m
[91m Client1 Train => Local Epoch: 1 / 5 	Acc: 29.948 	Loss: 2.0853[00m
[91m Client1 Train => Local Epoch: 2 / 5 	Acc: 35.938 	Loss: 1.9299[00m
[91m Client1 Train => Local Epoch: 3 / 5 	Acc: 37.066 	Loss: 2.0056[00m
[91m Client1 Train => Local Epoch: 4 / 5 	Acc: 40.625 	Loss: 1.8107[00m
[92m  Client1 Test => 	Acc: 13.467 	Loss: 3.0104[00m
[91m Client2 Train => Local Epoch: 0 / 5 	Acc: 42.535 	Loss: 2.2528[00m
[91m Client2 Train => Local Epoch: 1 / 5 	Acc: 42.188 	Loss: 1.9808[00m
[91m Client2 Train => Local Epoch: 2 / 5 	Acc: 45.920 	Loss: 1.8490[00m
[91m Client2 Train => Local Epoch: 3 / 5 	Acc: 53.819 	Loss: 1.5356[00m
[91m Client2 Train => Local Epoch: 4 / 5 	Acc: 58.160 	Loss: 1.3496[00m
[92m  Client2 Test => 	Acc: 33.356 	Loss: 3.9913[00m
[91m Client3 Train => Local Epoch: 0 / 5 	Acc: 31.076 	Loss: 2.0457[00m
[91m Client3 Train => Local Epoch: 1 / 5 	Acc: 33.116 	Loss: 1.9132[00m
[91m Client3 Train => Local Epoch: 2 / 5 	Acc: 33.333 	Loss: 1.9075[00m
[91m Client3 Train => Local Epoch: 3 / 5 	Acc: 33.030 	Loss: 1.9103[00m
[91m Client3 Train => Local Epoch: 4 / 5 	Acc: 33.550 	Loss: 1.8930[00m
[92m  Client3 Test => 	Acc: 7.936 	Loss: 3.3454[00m
[91m Client4 Train => Local Epoch: 0 / 5 	Acc: 19.531 	Loss: 2.4278[00m[codecarbon INFO @ 13:42:44] [setup] RAM Tracking...
[codecarbon INFO @ 13:42:44] [setup] CPU Tracking...
[codecarbon WARNING @ 13:42:44] No CPU tracking mode found. Falling back on CPU constant mode. 
 Windows OS detected: Please install Intel Power Gadget to measure CPU

[codecarbon INFO @ 13:42:46] CPU Model on constant consumption mode: Intel(R) Xeon(R) Gold 6258R CPU @ 2.70GHz
[codecarbon INFO @ 13:42:46] [setup] GPU Tracking...
[codecarbon INFO @ 13:42:46] Tracking Nvidia GPU via pynvml
[codecarbon INFO @ 13:42:46] >>> Tracker's metadata:
[codecarbon INFO @ 13:42:46]   Platform system: Windows-11-10.0.22631-SP0
[codecarbon INFO @ 13:42:46]   Python version: 3.12.7
[codecarbon INFO @ 13:42:46]   CodeCarbon version: 2.8.3
[codecarbon INFO @ 13:42:46]   Available RAM : 126.630 GB
[codecarbon INFO @ 13:42:46]   CPU count: 56
[codecarbon INFO @ 13:42:46]   CPU model: Intel(R) Xeon(R) Gold 6258R CPU @ 2.70GHz
[codecarbon INFO @ 13:42:46]   GPU count: 2
[codecarbon INFO @ 13:42:46]   GPU model: 2 x NVIDIA RTX A5000
[codecarbon INFO @ 13:42:49] Saving emissions data to file C:\Users\pr8pf\Documents\GitHub\SplitFed\emissions.csv
[codecarbon INFO @ 13:42:50] Energy consumed for RAM : 0.000010 kWh. RAM Power : 47.48608875274658 W
[codecarbon INFO @ 13:42:50] Energy consumed for all CPUs : 0.000022 kWh. Total CPU Power : 102.50000000000001 W
[codecarbon INFO @ 13:42:50] Energy consumed for all GPUs : 0.000004 kWh. Total GPU Power : 18.435078010728656 W
[codecarbon INFO @ 13:42:50] 0.000035 kWh of electricity used since the beginning.
[codecarbon INFO @ 13:43:45] [setup] RAM Tracking...
[codecarbon INFO @ 13:43:45] [setup] CPU Tracking...
[codecarbon WARNING @ 13:43:45] No CPU tracking mode found. Falling back on CPU constant mode. 
 Windows OS detected: Please install Intel Power Gadget to measure CPU

[codecarbon INFO @ 13:43:47] CPU Model on constant consumption mode: Intel(R) Xeon(R) Gold 6258R CPU @ 2.70GHz
[codecarbon INFO @ 13:43:47] [setup] GPU Tracking...
[codecarbon INFO @ 13:43:47] Tracking Nvidia GPU via pynvml
[codecarbon INFO @ 13:43:47] >>> Tracker's metadata:
[codecarbon INFO @ 13:43:47]   Platform system: Windows-11-10.0.22631-SP0
[codecarbon INFO @ 13:43:47]   Python version: 3.12.7
[codecarbon INFO @ 13:43:47]   CodeCarbon version: 2.8.3
[codecarbon INFO @ 13:43:47]   Available RAM : 126.630 GB
[codecarbon INFO @ 13:43:47]   CPU count: 56
[codecarbon INFO @ 13:43:47]   CPU model: Intel(R) Xeon(R) Gold 6258R CPU @ 2.70GHz
[codecarbon INFO @ 13:43:47]   GPU count: 2
[codecarbon INFO @ 13:43:47]   GPU model: 2 x NVIDIA RTX A5000
[codecarbon INFO @ 13:43:50] Saving emissions data to file C:\Users\pr8pf\Documents\GitHub\SplitFed\emissions.csv
[codecarbon INFO @ 13:43:51] Energy consumed for RAM : 0.000008 kWh. RAM Power : 47.48608875274658 W
[codecarbon INFO @ 13:43:51] Energy consumed for all CPUs : 0.000018 kWh. Total CPU Power : 102.50000000000001 W
[codecarbon INFO @ 13:43:51] Energy consumed for all GPUs : 0.000003 kWh. Total GPU Power : 17.97004408165492 W
[codecarbon INFO @ 13:43:51] 0.000029 kWh of electricity used since the beginning.
[codecarbon INFO @ 14:06:26] [setup] RAM Tracking...
[codecarbon INFO @ 14:06:26] [setup] CPU Tracking...
[codecarbon WARNING @ 14:06:26] No CPU tracking mode found. Falling back on CPU constant mode. 
 Windows OS detected: Please install Intel Power Gadget to measure CPU

[codecarbon INFO @ 14:06:28] CPU Model on constant consumption mode: Intel(R) Xeon(R) Gold 6258R CPU @ 2.70GHz
[codecarbon INFO @ 14:06:28] [setup] GPU Tracking...
[codecarbon INFO @ 14:06:28] Tracking Nvidia GPU via pynvml
[codecarbon INFO @ 14:06:28] >>> Tracker's metadata:
[codecarbon INFO @ 14:06:28]   Platform system: Windows-11-10.0.22631-SP0
[codecarbon INFO @ 14:06:28]   Python version: 3.12.7
[codecarbon INFO @ 14:06:28]   CodeCarbon version: 2.8.3
[codecarbon INFO @ 14:06:28]   Available RAM : 126.630 GB
[codecarbon INFO @ 14:06:28]   CPU count: 56
[codecarbon INFO @ 14:06:28]   CPU model: Intel(R) Xeon(R) Gold 6258R CPU @ 2.70GHz
[codecarbon INFO @ 14:06:28]   GPU count: 2
[codecarbon INFO @ 14:06:28]   GPU model: 2 x NVIDIA RTX A5000
[codecarbon INFO @ 14:06:31] Saving emissions data to file C:\Users\pr8pf\Documents\GitHub\SplitFed\emissions.csv
[codecarbon INFO @ 14:06:32] Energy consumed for RAM : 0.000009 kWh. RAM Power : 47.48608875274658 W
[codecarbon INFO @ 14:06:32] Energy consumed for all CPUs : 0.000020 kWh. Total CPU Power : 102.50000000000001 W
[codecarbon INFO @ 14:06:32] Energy consumed for all GPUs : 0.000004 kWh. Total GPU Power : 19.578726009956654 W
[codecarbon INFO @ 14:06:32] 0.000034 kWh of electricity used since the beginning.
[codecarbon INFO @ 14:07:27] [setup] RAM Tracking...
[codecarbon INFO @ 14:07:27] [setup] CPU Tracking...
[codecarbon WARNING @ 14:07:27] No CPU tracking mode found. Falling back on CPU constant mode. 
 Windows OS detected: Please install Intel Power Gadget to measure CPU

[codecarbon INFO @ 14:07:29] CPU Model on constant consumption mode: Intel(R) Xeon(R) Gold 6258R CPU @ 2.70GHz
[codecarbon INFO @ 14:07:29] [setup] GPU Tracking...
[codecarbon INFO @ 14:07:29] Tracking Nvidia GPU via pynvml
[codecarbon INFO @ 14:07:29] >>> Tracker's metadata:
[codecarbon INFO @ 14:07:29]   Platform system: Windows-11-10.0.22631-SP0
[codecarbon INFO @ 14:07:29]   Python version: 3.12.7
[codecarbon INFO @ 14:07:29]   CodeCarbon version: 2.8.3
[codecarbon INFO @ 14:07:29]   Available RAM : 126.630 GB
[codecarbon INFO @ 14:07:29]   CPU count: 56
[codecarbon INFO @ 14:07:29]   CPU model: Intel(R) Xeon(R) Gold 6258R CPU @ 2.70GHz
[codecarbon INFO @ 14:07:29]   GPU count: 2
[codecarbon INFO @ 14:07:29]   GPU model: 2 x NVIDIA RTX A5000
[codecarbon INFO @ 14:07:32] Saving emissions data to file C:\Users\pr8pf\Documents\GitHub\SplitFed\emissions.csv
[codecarbon INFO @ 14:07:32] Energy consumed for RAM : 0.000011 kWh. RAM Power : 47.48608875274658 W
[codecarbon INFO @ 14:07:32] Energy consumed for all CPUs : 0.000023 kWh. Total CPU Power : 102.50000000000001 W
[codecarbon INFO @ 14:07:32] Energy consumed for all GPUs : 0.000004 kWh. Total GPU Power : 19.214398172933144 W
[codecarbon INFO @ 14:07:32] 0.000038 kWh of electricity used since the beginning.

[91m Client4 Train => Local Epoch: 1 / 5 	Acc: 39.844 	Loss: 1.8142[00m
[91m Client4 Train => Local Epoch: 2 / 5 	Acc: 54.297 	Loss: 1.3857[00m
[91m Client4 Train => Local Epoch: 3 / 5 	Acc: 59.668 	Loss: 1.2667[00m
[91m Client4 Train => Local Epoch: 4 / 5 	Acc: 67.090 	Loss: 0.9918[00m
[92m  Client4 Test => 	Acc: 38.209 	Loss: 2.9963[00m
[91m Client5 Train => Local Epoch: 0 / 5 	Acc: 20.833 	Loss: 2.4841[00m
[91m Client5 Train => Local Epoch: 1 / 5 	Acc: 36.198 	Loss: 1.9444[00m
[91m Client5 Train => Local Epoch: 2 / 5 	Acc: 49.870 	Loss: 1.6651[00m
[91m Client5 Train => Local Epoch: 3 / 5 	Acc: 56.380 	Loss: 1.4459[00m
[91m Client5 Train => Local Epoch: 4 / 5 	Acc: 56.120 	Loss: 1.3263[00m
[92m  Client5 Test => 	Acc: 32.075 	Loss: 2.8895[00m
[91m Client6 Train => Local Epoch: 0 / 5 	Acc: 24.125 	Loss: 2.1809[00m
[91m Client6 Train => Local Epoch: 1 / 5 	Acc: 25.094 	Loss: 2.1369[00m
[91m Client6 Train => Local Epoch: 2 / 5 	Acc: 25.719 	Loss: 2.0874[00m
[91m Client6 Train => Local Epoch: 3 / 5 	Acc: 24.281 	Loss: 2.0892[00m
[91m Client6 Train => Local Epoch: 4 / 5 	Acc: 25.500 	Loss: 2.0878[00m
[92m  Client6 Test => 	Acc: 12.348 	Loss: 3.2337[00m
[91m Client7 Train => Local Epoch: 0 / 5 	Acc: 20.078 	Loss: 2.3956[00m
[91m Client7 Train => Local Epoch: 1 / 5 	Acc: 28.828 	Loss: 2.0991[00m
[91m Client7 Train => Local Epoch: 2 / 5 	Acc: 36.406 	Loss: 1.8810[00m
[91m Client7 Train => Local Epoch: 3 / 5 	Acc: 40.234 	Loss: 1.7476[00m
[91m Client7 Train => Local Epoch: 4 / 5 	Acc: 47.734 	Loss: 1.5303[00m
[92m  Client7 Test => 	Acc: 26.973 	Loss: 2.8888[00m
[91m Client8 Train => Local Epoch: 0 / 5 	Acc: 18.099 	Loss: 2.4964[00m
[91m Client8 Train => Local Epoch: 1 / 5 	Acc: 27.865 	Loss: 2.1451[00m
[91m Client8 Train => Local Epoch: 2 / 5 	Acc: 42.188 	Loss: 2.1403[00m
[91m Client8 Train => Local Epoch: 3 / 5 	Acc: 46.484 	Loss: 1.9293[00m
[91m Client8 Train => Local Epoch: 4 / 5 	Acc: 50.260 	Loss: 1.5859[00m
[92m  Client8 Test => 	Acc: 9.951 	Loss: 3.2655[00m
[91m Client9 Train => Local Epoch: 0 / 5 	Acc: 20.132 	Loss: 2.3105[00m
[91m Client9 Train => Local Epoch: 1 / 5 	Acc: 26.142 	Loss: 2.0628[00m
[91m Client9 Train => Local Epoch: 2 / 5 	Acc: 37.560 	Loss: 1.8907[00m
[91m Client9 Train => Local Epoch: 3 / 5 	Acc: 44.231 	Loss: 1.7068[00m
[91m Client9 Train => Local Epoch: 4 / 5 	Acc: 61.538 	Loss: 1.2709[00m
[92m  Client9 Test => 	Acc: 47.487 	Loss: 2.0655[00m
------------------------------------------------
------ Federation process at Server-Side ------- 
------------------------------------------------
-----------------------------------------------------------
------ FedServer: Federation process at Client-Side ------- 
-----------------------------------------------------------
[92m  Client0 Test => 	Acc: 7.791 	Loss: 2.7119[00m
 Train: Round   1, Avg Accuracy 54.058 | Avg Loss 1.385
[91m Client0 Train => Local Epoch: 0 / 5 	Acc: 99.623 	Loss: 0.1008[00m
[91m Client0 Train => Local Epoch: 1 / 5 	Acc: 100.000 	Loss: 0.0000[00m
[91m Client0 Train => Local Epoch: 2 / 5 	Acc: 100.000 	Loss: 0.0000[00m
[91m Client0 Train => Local Epoch: 3 / 5 	Acc: 100.000 	Loss: 0.0000[00m
[91m Client0 Train => Local Epoch: 4 / 5 	Acc: 100.000 	Loss: 0.0000[00m
[92m  Client0 Test => 	Acc: 2.194 	Loss: 96020.8406[00m
[91m Client1 Train => Local Epoch: 0 / 5 	Acc: 30.382 	Loss: 2.2681[00m
[91m Client1 Train => Local Epoch: 1 / 5 	Acc: 34.375 	Loss: 1.9418[00m
[91m Client1 Train => Local Epoch: 2 / 5 	Acc: 44.271 	Loss: 1.6316[00m
[91m Client1 Train => Local Epoch: 3 / 5 	Acc: 50.347 	Loss: 1.4420[00m
[91m Client1 Train => Local Epoch: 4 / 5 	Acc: 50.608 	Loss: 1.5773[00m
[92m  Client1 Test => 	Acc: 30.658 	Loss: 3.2530[00m
[91m Client2 Train => Local Epoch: 0 / 5 	Acc: 41.233 	Loss: 1.9616[00m
[91m Client2 Train => Local Epoch: 1 / 5 	Acc: 54.688 	Loss: 1.4387[00m
[91m Client2 Train => Local Epoch: 2 / 5 	Acc: 60.330 	Loss: 1.2144[00m
[91m Client2 Train => Local Epoch: 3 / 5 	Acc: 60.590 	Loss: 1.3025[00m
[91m Client2 Train => Local Epoch: 4 / 5 	Acc: 66.406 	Loss: 1.0302[00m
[92m  Client2 Test => 	Acc: 41.703 	Loss: 2.6921[00m
[91m Client3 Train => Local Epoch: 0 / 5 	Acc: 45.616 	Loss: 1.8034[00m
[91m Client3 Train => Local Epoch: 1 / 5 	Acc: 67.752 	Loss: 1.1632[00m
[91m Client3 Train => Local Epoch: 2 / 5 	Acc: 74.523 	Loss: 0.8840[00m
[91m Client3 Train => Local Epoch: 3 / 5 	Acc: 79.036 	Loss: 0.7060[00m
[91m Client3 Train => Local Epoch: 4 / 5 	Acc: 80.165 	Loss: 0.6195[00m
[92m  Client3 Test => 	Acc: 43.342 	Loss: 2.3379[00m
[91m Client4 Train => Local Epoch: 0 / 5 	Acc: 18.457 	Loss: 2.4270[00m
[91m Client4 Train => Local Epoch: 1 / 5 	Acc: 48.730 	Loss: 1.6163[00m
[91m Client4 Train => Local Epoch: 2 / 5 	Acc: 57.129 	Loss: 1.2387[00m
[91m Client4 Train => Local Epoch: 3 / 5 	Acc: 60.645 	Loss: 1.0948[00m
[91m Client4 Train => Local Epoch: 4 / 5 	Acc: 66.016 	Loss: 0.9981[00m
[92m  Client4 Test => 	Acc: 41.711 	Loss: 3.0403[00m
[91m Client5 Train => Local Epoch: 0 / 5 	Acc: 29.557 	Loss: 2.3185[00m
[91m Client5 Train => Local Epoch: 1 / 5 	Acc: 53.776 	Loss: 1.5543[00m
[91m Client5 Train => Local Epoch: 2 / 5 	Acc: 49.870 	Loss: 1.6631[00m
[91m Client5 Train => Local Epoch: 3 / 5 	Acc: 62.760 	Loss: 1.1889[00m
[91m Client5 Train => Local Epoch: 4 / 5 	Acc: 67.839 	Loss: 0.9723[00m
[92m  Client5 Test => 	Acc: 41.363 	Loss: 2.8788[00m
[91m Client6 Train => Local Epoch: 0 / 5 	Acc: 37.219 	Loss: 2.0436[00m
[91m Client6 Train => Local Epoch: 1 / 5 	Acc: 35.250 	Loss: 2.1120[00m
[91m Client6 Train => Local Epoch: 2 / 5 	Acc: 61.281 	Loss: 1.3220[00m
[91m Client6 Train => Local Epoch: 3 / 5 	Acc: 69.656 	Loss: 0.9952[00m
[91m Client6 Train => Local Epoch: 4 / 5 	Acc: 76.531 	Loss: 0.7795[00m
[92m  Client6 Test => 	Acc: 55.463 	Loss: 1.8138[00m
[91m Client7 Train => Local Epoch: 0 / 5 	Acc: 29.688 	Loss: 2.1638[00m
[91m Client7 Train => Local Epoch: 1 / 5 	Acc: 29.453 	Loss: 2.1299[00m
[91m Client7 Train => Local Epoch: 2 / 5 	Acc: 30.625 	Loss: 2.0534[00m
[91m Client7 Train => Local Epoch: 3 / 5 	Acc: 31.719 	Loss: 1.9324[00m
[91m Client7 Train => Local Epoch: 4 / 5 	Acc: 42.656 	Loss: 1.6045[00m
[92m  Client7 Test => 	Acc: 31.571 	Loss: 2.5189[00m
[91m Client8 Train => Local Epoch: 0 / 5 	Acc: 15.755 	Loss: 2.6597[00m
[91m Client8 Train => Local Epoch: 1 / 5 	Acc: 46.224 	Loss: 1.8400[00m
[91m Client8 Train => Local Epoch: 2 / 5 	Acc: 45.182 	Loss: 1.8762[00m
[91m Client8 Train => Local Epoch: 3 / 5 	Acc: 58.984 	Loss: 1.3653[00m
[91m Client8 Train => Local Epoch: 4 / 5 	Acc: 68.750 	Loss: 0.9777[00m
[92m  Client8 Test => 	Acc: 32.983 	Loss: 2.9473[00m
[91m Client9 Train => Local Epoch: 0 / 5 	Acc: 30.168 	Loss: 2.0964[00m
[91m Client9 Train => Local Epoch: 1 / 5 	Acc: 30.769 	Loss: 2.1003[00m
[91m Client9 Train => Local Epoch: 2 / 5 	Acc: 38.762 	Loss: 1.7642[00m
[91m Client9 Train => Local Epoch: 3 / 5 	Acc: 57.212 	Loss: 1.3982[00m
[91m Client9 Train => Local Epoch: 4 / 5 	Acc: 63.462 	Loss: 1.2428[00m
[92m  Client9 Test => 	Acc: 39.946 	Loss: 2.3917[00m
------------------------------------------------
------ Federation process at Server-Side ------- 
------------------------------------------------
-----------------------------------------------------------
------ FedServer: Federation process at Client-Side ------- 
-----------------------------------------------------------
[92m  Client0 Test => 	Acc: 25.435 	Loss: 2.4759[00m
 Train: Round   2, Avg Accuracy 68.243 | Avg Loss 0.980
[91m Client0 Train => Local Epoch: 0 / 5 	Acc: 96.282 	Loss: 0.1600[00m
[91m Client0 Train => Local Epoch: 1 / 5 	Acc: 100.000 	Loss: 0.0000[00m
[91m Client0 Train => Local Epoch: 2 / 5 	Acc: 100.000 	Loss: 0.0000[00m
[91m Client0 Train => Local Epoch: 3 / 5 	Acc: 100.000 	Loss: 0.0000[00m
[91m Client0 Train => Local Epoch: 4 / 5 	Acc: 100.000 	Loss: 0.0000[00m
[92m  Client0 Test => 	Acc: 2.194 	Loss: 14697842.9692[00m
[91m Client1 Train => Local Epoch: 0 / 5 	Acc: 33.073 	Loss: 2.1763[00m[codecarbon INFO @ 14:30:07] [setup] RAM Tracking...
[codecarbon INFO @ 14:30:07] [setup] CPU Tracking...
[codecarbon WARNING @ 14:30:07] No CPU tracking mode found. Falling back on CPU constant mode. 
 Windows OS detected: Please install Intel Power Gadget to measure CPU

[codecarbon INFO @ 14:30:08] CPU Model on constant consumption mode: Intel(R) Xeon(R) Gold 6258R CPU @ 2.70GHz
[codecarbon INFO @ 14:30:08] [setup] GPU Tracking...
[codecarbon INFO @ 14:30:08] Tracking Nvidia GPU via pynvml
[codecarbon INFO @ 14:30:08] >>> Tracker's metadata:
[codecarbon INFO @ 14:30:08]   Platform system: Windows-11-10.0.22631-SP0
[codecarbon INFO @ 14:30:08]   Python version: 3.12.7
[codecarbon INFO @ 14:30:08]   CodeCarbon version: 2.8.3
[codecarbon INFO @ 14:30:08]   Available RAM : 126.630 GB
[codecarbon INFO @ 14:30:08]   CPU count: 56
[codecarbon INFO @ 14:30:08]   CPU model: Intel(R) Xeon(R) Gold 6258R CPU @ 2.70GHz
[codecarbon INFO @ 14:30:08]   GPU count: 2
[codecarbon INFO @ 14:30:08]   GPU model: 2 x NVIDIA RTX A5000
[codecarbon INFO @ 14:30:12] Saving emissions data to file C:\Users\pr8pf\Documents\GitHub\SplitFed\emissions.csv
[codecarbon INFO @ 14:30:13] Energy consumed for RAM : 0.000013 kWh. RAM Power : 47.48608875274658 W
[codecarbon INFO @ 14:30:13] Energy consumed for all CPUs : 0.000029 kWh. Total CPU Power : 102.50000000000001 W
[codecarbon INFO @ 14:30:13] Energy consumed for all GPUs : 0.000006 kWh. Total GPU Power : 21.90712483484063 W
[codecarbon INFO @ 14:30:13] 0.000049 kWh of electricity used since the beginning.
[codecarbon INFO @ 14:31:06] [setup] RAM Tracking...
[codecarbon INFO @ 14:31:06] [setup] CPU Tracking...
[codecarbon WARNING @ 14:31:06] No CPU tracking mode found. Falling back on CPU constant mode. 
 Windows OS detected: Please install Intel Power Gadget to measure CPU

[codecarbon INFO @ 14:31:08] CPU Model on constant consumption mode: Intel(R) Xeon(R) Gold 6258R CPU @ 2.70GHz
[codecarbon INFO @ 14:31:08] [setup] GPU Tracking...
[codecarbon INFO @ 14:31:08] Tracking Nvidia GPU via pynvml
[codecarbon INFO @ 14:31:08] >>> Tracker's metadata:
[codecarbon INFO @ 14:31:08]   Platform system: Windows-11-10.0.22631-SP0
[codecarbon INFO @ 14:31:08]   Python version: 3.12.7
[codecarbon INFO @ 14:31:08]   CodeCarbon version: 2.8.3
[codecarbon INFO @ 14:31:08]   Available RAM : 126.630 GB
[codecarbon INFO @ 14:31:08]   CPU count: 56
[codecarbon INFO @ 14:31:08]   CPU model: Intel(R) Xeon(R) Gold 6258R CPU @ 2.70GHz
[codecarbon INFO @ 14:31:08]   GPU count: 2
[codecarbon INFO @ 14:31:08]   GPU model: 2 x NVIDIA RTX A5000
[codecarbon INFO @ 14:31:11] Saving emissions data to file C:\Users\pr8pf\Documents\GitHub\SplitFed\emissions.csv
[codecarbon INFO @ 14:31:12] Energy consumed for RAM : 0.000009 kWh. RAM Power : 47.48608875274658 W
[codecarbon INFO @ 14:31:12] Energy consumed for all CPUs : 0.000019 kWh. Total CPU Power : 102.50000000000001 W
[codecarbon INFO @ 14:31:12] Energy consumed for all GPUs : 0.000004 kWh. Total GPU Power : 19.511155908854217 W
[codecarbon INFO @ 14:31:12] 0.000031 kWh of electricity used since the beginning.

[91m Client1 Train => Local Epoch: 1 / 5 	Acc: 55.208 	Loss: 1.3767[00m
[91m Client1 Train => Local Epoch: 2 / 5 	Acc: 58.854 	Loss: 1.2284[00m
[91m Client1 Train => Local Epoch: 3 / 5 	Acc: 61.024 	Loss: 1.1252[00m
[91m Client1 Train => Local Epoch: 4 / 5 	Acc: 68.403 	Loss: 0.9362[00m
[92m  Client1 Test => 	Acc: 37.689 	Loss: 3.1544[00m
[91m Client2 Train => Local Epoch: 0 / 5 	Acc: 46.701 	Loss: 1.7875[00m
[91m Client2 Train => Local Epoch: 1 / 5 	Acc: 61.545 	Loss: 1.2140[00m
[91m Client2 Train => Local Epoch: 2 / 5 	Acc: 69.184 	Loss: 0.9612[00m
[91m Client2 Train => Local Epoch: 3 / 5 	Acc: 75.260 	Loss: 0.8116[00m
[91m Client2 Train => Local Epoch: 4 / 5 	Acc: 77.517 	Loss: 0.7320[00m
[92m  Client2 Test => 	Acc: 56.194 	Loss: 1.9964[00m
[91m Client3 Train => Local Epoch: 0 / 5 	Acc: 65.408 	Loss: 1.3267[00m
[91m Client3 Train => Local Epoch: 1 / 5 	Acc: 78.082 	Loss: 0.7481[00m
[91m Client3 Train => Local Epoch: 2 / 5 	Acc: 81.771 	Loss: 0.5744[00m
[91m Client3 Train => Local Epoch: 3 / 5 	Acc: 85.547 	Loss: 0.4299[00m
[91m Client3 Train => Local Epoch: 4 / 5 	Acc: 83.116 	Loss: 0.5570[00m
[92m  Client3 Test => 	Acc: 55.134 	Loss: 1.9209[00m
[91m Client4 Train => Local Epoch: 0 / 5 	Acc: 46.289 	Loss: 1.7460[00m
[91m Client4 Train => Local Epoch: 1 / 5 	Acc: 58.398 	Loss: 1.2590[00m
[91m Client4 Train => Local Epoch: 2 / 5 	Acc: 68.457 	Loss: 0.9375[00m
[91m Client4 Train => Local Epoch: 3 / 5 	Acc: 52.930 	Loss: 1.5143[00m
[91m Client4 Train => Local Epoch: 4 / 5 	Acc: 60.742 	Loss: 1.1262[00m
[92m  Client4 Test => 	Acc: 32.374 	Loss: 3.1198[00m
[91m Client5 Train => Local Epoch: 0 / 5 	Acc: 45.964 	Loss: 2.0428[00m
[91m Client5 Train => Local Epoch: 1 / 5 	Acc: 58.203 	Loss: 1.3051[00m
[91m Client5 Train => Local Epoch: 2 / 5 	Acc: 64.714 	Loss: 1.0388[00m
[91m Client5 Train => Local Epoch: 3 / 5 	Acc: 69.401 	Loss: 0.9318[00m
[91m Client5 Train => Local Epoch: 4 / 5 	Acc: 72.786 	Loss: 0.8763[00m
[92m  Client5 Test => 	Acc: 45.594 	Loss: 2.6649[00m
[91m Client6 Train => Local Epoch: 0 / 5 	Acc: 54.719 	Loss: 1.4823[00m
[91m Client6 Train => Local Epoch: 1 / 5 	Acc: 71.031 	Loss: 0.9550[00m
[91m Client6 Train => Local Epoch: 2 / 5 	Acc: 74.312 	Loss: 0.8175[00m
[91m Client6 Train => Local Epoch: 3 / 5 	Acc: 79.031 	Loss: 0.6816[00m
[91m Client6 Train => Local Epoch: 4 / 5 	Acc: 86.094 	Loss: 0.4722[00m
[92m  Client6 Test => 	Acc: 63.714 	Loss: 1.2430[00m
[91m Client7 Train => Local Epoch: 0 / 5 	Acc: 24.844 	Loss: 2.1563[00m
[91m Client7 Train => Local Epoch: 1 / 5 	Acc: 43.203 	Loss: 1.6567[00m
[91m Client7 Train => Local Epoch: 2 / 5 	Acc: 46.484 	Loss: 1.5756[00m
[91m Client7 Train => Local Epoch: 3 / 5 	Acc: 55.859 	Loss: 1.3134[00m
[91m Client7 Train => Local Epoch: 4 / 5 	Acc: 61.953 	Loss: 1.1189[00m
[92m  Client7 Test => 	Acc: 44.561 	Loss: 2.2900[00m
[91m Client8 Train => Local Epoch: 0 / 5 	Acc: 35.677 	Loss: 2.2827[00m
[91m Client8 Train => Local Epoch: 1 / 5 	Acc: 57.031 	Loss: 1.4808[00m
[91m Client8 Train => Local Epoch: 2 / 5 	Acc: 56.380 	Loss: 1.2494[00m
[91m Client8 Train => Local Epoch: 3 / 5 	Acc: 70.573 	Loss: 0.9228[00m
[91m Client8 Train => Local Epoch: 4 / 5 	Acc: 78.125 	Loss: 0.7516[00m
[92m  Client8 Test => 	Acc: 41.728 	Loss: 2.1497[00m
[91m Client9 Train => Local Epoch: 0 / 5 	Acc: 40.264 	Loss: 1.8356[00m
[91m Client9 Train => Local Epoch: 1 / 5 	Acc: 63.522 	Loss: 1.1883[00m
[91m Client9 Train => Local Epoch: 2 / 5 	Acc: 76.382 	Loss: 0.8129[00m
[91m Client9 Train => Local Epoch: 3 / 5 	Acc: 82.752 	Loss: 0.6119[00m
[91m Client9 Train => Local Epoch: 4 / 5 	Acc: 86.538 	Loss: 0.4565[00m
[92m  Client9 Test => 	Acc: 65.112 	Loss: 1.2625[00m
------------------------------------------------
------ Federation process at Server-Side ------- 
------------------------------------------------
-----------------------------------------------------------
------ FedServer: Federation process at Client-Side ------- 
-----------------------------------------------------------
[92m  Client0 Test => 	Acc: 21.225 	Loss: 2.4855[00m
 Train: Round   3, Avg Accuracy 77.528 | Avg Loss 0.703
[91m Client0 Train => Local Epoch: 0 / 5 	Acc: 99.273 	Loss: 0.0390[00m
[91m Client0 Train => Local Epoch: 1 / 5 	Acc: 100.000 	Loss: 0.0000[00m
[91m Client0 Train => Local Epoch: 2 / 5 	Acc: 100.000 	Loss: 0.0000[00m
[91m Client0 Train => Local Epoch: 3 / 5 	Acc: 100.000 	Loss: 0.0000[00m
[91m Client0 Train => Local Epoch: 4 / 5 	Acc: 100.000 	Loss: 0.0000[00m
[92m  Client0 Test => 	Acc: 2.201 	Loss: 1731044694.6462[00m
[91m Client1 Train => Local Epoch: 0 / 5 	Acc: 48.438 	Loss: 1.7244[00m
[91m Client1 Train => Local Epoch: 1 / 5 	Acc: 69.010 	Loss: 0.9895[00m
[91m Client1 Train => Local Epoch: 2 / 5 	Acc: 68.924 	Loss: 0.9247[00m
[91m Client1 Train => Local Epoch: 3 / 5 	Acc: 72.309 	Loss: 0.8132[00m
[91m Client1 Train => Local Epoch: 4 / 5 	Acc: 80.122 	Loss: 0.6288[00m
[92m  Client1 Test => 	Acc: 45.258 	Loss: 2.7374[00m
[91m Client2 Train => Local Epoch: 0 / 5 	Acc: 56.684 	Loss: 1.3112[00m
[91m Client2 Train => Local Epoch: 1 / 5 	Acc: 75.260 	Loss: 0.8220[00m
[91m Client2 Train => Local Epoch: 2 / 5 	Acc: 79.167 	Loss: 0.7306[00m
[91m Client2 Train => Local Epoch: 3 / 5 	Acc: 73.872 	Loss: 0.8619[00m
[91m Client2 Train => Local Epoch: 4 / 5 	Acc: 80.382 	Loss: 0.6015[00m
[92m  Client2 Test => 	Acc: 61.242 	Loss: 1.5436[00m
[91m Client3 Train => Local Epoch: 0 / 5 	Acc: 74.653 	Loss: 0.8764[00m
[91m Client3 Train => Local Epoch: 1 / 5 	Acc: 81.380 	Loss: 0.6171[00m
[91m Client3 Train => Local Epoch: 2 / 5 	Acc: 84.332 	Loss: 0.4709[00m
[91m Client3 Train => Local Epoch: 3 / 5 	Acc: 86.849 	Loss: 0.4324[00m
[91m Client3 Train => Local Epoch: 4 / 5 	Acc: 86.762 	Loss: 0.4018[00m
[92m  Client3 Test => 	Acc: 68.189 	Loss: 1.3985[00m
[91m Client4 Train => Local Epoch: 0 / 5 	Acc: 58.691 	Loss: 1.3103[00m
[91m Client4 Train => Local Epoch: 1 / 5 	Acc: 71.973 	Loss: 0.8179[00m
[91m Client4 Train => Local Epoch: 2 / 5 	Acc: 81.348 	Loss: 0.5967[00m
[91m Client4 Train => Local Epoch: 3 / 5 	Acc: 85.059 	Loss: 0.4774[00m
[91m Client4 Train => Local Epoch: 4 / 5 	Acc: 86.133 	Loss: 0.4751[00m
[92m  Client4 Test => 	Acc: 51.923 	Loss: 1.8797[00m
[91m Client5 Train => Local Epoch: 0 / 5 	Acc: 58.594 	Loss: 1.2916[00m
[91m Client5 Train => Local Epoch: 1 / 5 	Acc: 74.219 	Loss: 0.8088[00m
[91m Client5 Train => Local Epoch: 2 / 5 	Acc: 79.297 	Loss: 0.6422[00m
[91m Client5 Train => Local Epoch: 3 / 5 	Acc: 79.818 	Loss: 0.5878[00m
[91m Client5 Train => Local Epoch: 4 / 5 	Acc: 82.943 	Loss: 0.4824[00m
[92m  Client5 Test => 	Acc: 58.701 	Loss: 2.5402[00m
[91m Client6 Train => Local Epoch: 0 / 5 	Acc: 65.375 	Loss: 1.1043[00m
[91m Client6 Train => Local Epoch: 1 / 5 	Acc: 80.188 	Loss: 0.6945[00m
[91m Client6 Train => Local Epoch: 2 / 5 	Acc: 54.688 	Loss: 1.7395[00m
[91m Client6 Train => Local Epoch: 3 / 5 	Acc: 65.969 	Loss: 1.1355[00m
[91m Client6 Train => Local Epoch: 4 / 5 	Acc: 70.000 	Loss: 0.9766[00m
[92m  Client6 Test => 	Acc: 54.055 	Loss: 1.7609[00m
[91m Client7 Train => Local Epoch: 0 / 5 	Acc: 38.906 	Loss: 1.7539[00m
[91m Client7 Train => Local Epoch: 1 / 5 	Acc: 62.812 	Loss: 1.1093[00m
[91m Client7 Train => Local Epoch: 2 / 5 	Acc: 57.109 	Loss: 1.3715[00m
[91m Client7 Train => Local Epoch: 3 / 5 	Acc: 44.609 	Loss: 1.4819[00m
[91m Client7 Train => Local Epoch: 4 / 5 	Acc: 58.672 	Loss: 1.1690[00m
[92m  Client7 Test => 	Acc: 43.623 	Loss: 2.1944[00m
[91m Client8 Train => Local Epoch: 0 / 5 	Acc: 42.839 	Loss: 2.0069[00m
[91m Client8 Train => Local Epoch: 1 / 5 	Acc: 67.578 	Loss: 1.0911[00m
[91m Client8 Train => Local Epoch: 2 / 5 	Acc: 79.167 	Loss: 0.6930[00m
[91m Client8 Train => Local Epoch: 3 / 5 	Acc: 84.375 	Loss: 0.5165[00m
[91m Client8 Train => Local Epoch: 4 / 5 	Acc: 86.849 	Loss: 0.4269[00m
[92m  Client8 Test => 	Acc: 53.459 	Loss: 1.8055[00m
[91m Client9 Train => Local Epoch: 0 / 5 	Acc: 57.572 	Loss: 1.3515[00m[codecarbon INFO @ 14:53:56] [setup] RAM Tracking...
[codecarbon INFO @ 14:53:56] [setup] CPU Tracking...
[codecarbon WARNING @ 14:53:56] No CPU tracking mode found. Falling back on CPU constant mode. 
 Windows OS detected: Please install Intel Power Gadget to measure CPU

[codecarbon INFO @ 14:53:57] CPU Model on constant consumption mode: Intel(R) Xeon(R) Gold 6258R CPU @ 2.70GHz
[codecarbon INFO @ 14:53:57] [setup] GPU Tracking...
[codecarbon INFO @ 14:53:57] Tracking Nvidia GPU via pynvml
[codecarbon INFO @ 14:53:57] >>> Tracker's metadata:
[codecarbon INFO @ 14:53:57]   Platform system: Windows-11-10.0.22631-SP0
[codecarbon INFO @ 14:53:57]   Python version: 3.12.7
[codecarbon INFO @ 14:53:57]   CodeCarbon version: 2.8.3
[codecarbon INFO @ 14:53:57]   Available RAM : 126.630 GB
[codecarbon INFO @ 14:53:57]   CPU count: 56
[codecarbon INFO @ 14:53:57]   CPU model: Intel(R) Xeon(R) Gold 6258R CPU @ 2.70GHz
[codecarbon INFO @ 14:53:57]   GPU count: 2
[codecarbon INFO @ 14:53:57]   GPU model: 2 x NVIDIA RTX A5000
[codecarbon INFO @ 14:54:00] Saving emissions data to file C:\Users\pr8pf\Documents\GitHub\SplitFed\emissions.csv
[codecarbon INFO @ 14:54:01] Energy consumed for RAM : 0.000014 kWh. RAM Power : 47.48608875274658 W
[codecarbon INFO @ 14:54:01] Energy consumed for all CPUs : 0.000030 kWh. Total CPU Power : 102.50000000000001 W
[codecarbon INFO @ 14:54:01] Energy consumed for all GPUs : 0.000007 kWh. Total GPU Power : 23.79625067292765 W
[codecarbon INFO @ 14:54:01] 0.000050 kWh of electricity used since the beginning.
[codecarbon INFO @ 14:54:57] [setup] RAM Tracking...
[codecarbon INFO @ 14:54:57] [setup] CPU Tracking...
[codecarbon WARNING @ 14:54:57] No CPU tracking mode found. Falling back on CPU constant mode. 
 Windows OS detected: Please install Intel Power Gadget to measure CPU

[codecarbon INFO @ 14:54:59] CPU Model on constant consumption mode: Intel(R) Xeon(R) Gold 6258R CPU @ 2.70GHz
[codecarbon INFO @ 14:54:59] [setup] GPU Tracking...
[codecarbon INFO @ 14:54:59] Tracking Nvidia GPU via pynvml
[codecarbon INFO @ 14:54:59] >>> Tracker's metadata:
[codecarbon INFO @ 14:54:59]   Platform system: Windows-11-10.0.22631-SP0
[codecarbon INFO @ 14:54:59]   Python version: 3.12.7
[codecarbon INFO @ 14:54:59]   CodeCarbon version: 2.8.3
[codecarbon INFO @ 14:54:59]   Available RAM : 126.630 GB
[codecarbon INFO @ 14:54:59]   CPU count: 56
[codecarbon INFO @ 14:54:59]   CPU model: Intel(R) Xeon(R) Gold 6258R CPU @ 2.70GHz
[codecarbon INFO @ 14:54:59]   GPU count: 2
[codecarbon INFO @ 14:54:59]   GPU model: 2 x NVIDIA RTX A5000
[codecarbon INFO @ 14:55:02] Saving emissions data to file C:\Users\pr8pf\Documents\GitHub\SplitFed\emissions.csv
[codecarbon INFO @ 14:55:03] Energy consumed for RAM : 0.000010 kWh. RAM Power : 47.48608875274658 W
[codecarbon INFO @ 14:55:03] Energy consumed for all CPUs : 0.000022 kWh. Total CPU Power : 102.50000000000001 W
[codecarbon INFO @ 14:55:03] Energy consumed for all GPUs : 0.000004 kWh. Total GPU Power : 19.40636664041255 W
[codecarbon INFO @ 14:55:03] 0.000037 kWh of electricity used since the beginning.
[codecarbon INFO @ 15:17:49] [setup] RAM Tracking...
[codecarbon INFO @ 15:17:49] [setup] CPU Tracking...
[codecarbon WARNING @ 15:17:49] No CPU tracking mode found. Falling back on CPU constant mode. 
 Windows OS detected: Please install Intel Power Gadget to measure CPU

[codecarbon INFO @ 15:17:51] CPU Model on constant consumption mode: Intel(R) Xeon(R) Gold 6258R CPU @ 2.70GHz
[codecarbon INFO @ 15:17:51] [setup] GPU Tracking...
[codecarbon INFO @ 15:17:51] Tracking Nvidia GPU via pynvml
[codecarbon INFO @ 15:17:51] >>> Tracker's metadata:
[codecarbon INFO @ 15:17:51]   Platform system: Windows-11-10.0.22631-SP0
[codecarbon INFO @ 15:17:51]   Python version: 3.12.7
[codecarbon INFO @ 15:17:51]   CodeCarbon version: 2.8.3
[codecarbon INFO @ 15:17:51]   Available RAM : 126.630 GB
[codecarbon INFO @ 15:17:51]   CPU count: 56
[codecarbon INFO @ 15:17:51]   CPU model: Intel(R) Xeon(R) Gold 6258R CPU @ 2.70GHz
[codecarbon INFO @ 15:17:51]   GPU count: 2
[codecarbon INFO @ 15:17:51]   GPU model: 2 x NVIDIA RTX A5000
[codecarbon INFO @ 15:17:54] Saving emissions data to file C:\Users\pr8pf\Documents\GitHub\SplitFed\emissions.csv
[codecarbon INFO @ 15:17:55] Energy consumed for RAM : 0.000014 kWh. RAM Power : 47.48608875274658 W
[codecarbon INFO @ 15:17:55] Energy consumed for all CPUs : 0.000030 kWh. Total CPU Power : 102.50000000000001 W
[codecarbon INFO @ 15:17:55] Energy consumed for all GPUs : 0.000006 kWh. Total GPU Power : 19.506074987788203 W
[codecarbon INFO @ 15:17:55] 0.000049 kWh of electricity used since the beginning.
[codecarbon INFO @ 15:18:51] [setup] RAM Tracking...
[codecarbon INFO @ 15:18:51] [setup] CPU Tracking...
[codecarbon WARNING @ 15:18:51] No CPU tracking mode found. Falling back on CPU constant mode. 
 Windows OS detected: Please install Intel Power Gadget to measure CPU

[codecarbon INFO @ 15:18:53] CPU Model on constant consumption mode: Intel(R) Xeon(R) Gold 6258R CPU @ 2.70GHz
[codecarbon INFO @ 15:18:53] [setup] GPU Tracking...
[codecarbon INFO @ 15:18:53] Tracking Nvidia GPU via pynvml
[codecarbon INFO @ 15:18:53] >>> Tracker's metadata:
[codecarbon INFO @ 15:18:53]   Platform system: Windows-11-10.0.22631-SP0
[codecarbon INFO @ 15:18:53]   Python version: 3.12.7
[codecarbon INFO @ 15:18:53]   CodeCarbon version: 2.8.3
[codecarbon INFO @ 15:18:53]   Available RAM : 126.630 GB
[codecarbon INFO @ 15:18:53]   CPU count: 56
[codecarbon INFO @ 15:18:53]   CPU model: Intel(R) Xeon(R) Gold 6258R CPU @ 2.70GHz
[codecarbon INFO @ 15:18:53]   GPU count: 2
[codecarbon INFO @ 15:18:53]   GPU model: 2 x NVIDIA RTX A5000
[codecarbon INFO @ 15:18:56] Saving emissions data to file C:\Users\pr8pf\Documents\GitHub\SplitFed\emissions.csv
[codecarbon INFO @ 15:18:57] Energy consumed for RAM : 0.000012 kWh. RAM Power : 47.48608875274658 W
[codecarbon INFO @ 15:18:57] Energy consumed for all CPUs : 0.000026 kWh. Total CPU Power : 102.50000000000001 W
[codecarbon INFO @ 15:18:57] Energy consumed for all GPUs : 0.000005 kWh. Total GPU Power : 19.79528272350385 W
[codecarbon INFO @ 15:18:57] 0.000043 kWh of electricity used since the beginning.

[91m Client9 Train => Local Epoch: 1 / 5 	Acc: 77.885 	Loss: 0.7810[00m
[91m Client9 Train => Local Epoch: 2 / 5 	Acc: 83.894 	Loss: 0.5514[00m
[91m Client9 Train => Local Epoch: 3 / 5 	Acc: 85.337 	Loss: 0.5021[00m
[91m Client9 Train => Local Epoch: 4 / 5 	Acc: 87.921 	Loss: 0.4022[00m
[92m  Client9 Test => 	Acc: 65.607 	Loss: 1.4364[00m
------------------------------------------------
------ Federation process at Server-Side ------- 
------------------------------------------------
-----------------------------------------------------------
------ FedServer: Federation process at Client-Side ------- 
-----------------------------------------------------------
[92m  Client0 Test => 	Acc: 32.068 	Loss: 2.4292[00m
 Train: Round   4, Avg Accuracy 81.978 | Avg Loss 0.556
[91m Client0 Train => Local Epoch: 0 / 5 	Acc: 96.767 	Loss: 0.1138[00m
[91m Client0 Train => Local Epoch: 1 / 5 	Acc: 100.000 	Loss: 0.0000[00m
[91m Client0 Train => Local Epoch: 2 / 5 	Acc: 100.000 	Loss: 0.0000[00m
[91m Client0 Train => Local Epoch: 3 / 5 	Acc: 100.000 	Loss: 0.0000[00m
[91m Client0 Train => Local Epoch: 4 / 5 	Acc: 100.000 	Loss: 0.0000[00m
[92m  Client0 Test => 	Acc: 2.188 	Loss: 90836161.7231[00m
[91m Client1 Train => Local Epoch: 0 / 5 	Acc: 47.743 	Loss: 1.6884[00m
[91m Client1 Train => Local Epoch: 1 / 5 	Acc: 65.104 	Loss: 1.0120[00m
[91m Client1 Train => Local Epoch: 2 / 5 	Acc: 73.351 	Loss: 0.7559[00m
[91m Client1 Train => Local Epoch: 3 / 5 	Acc: 77.691 	Loss: 0.6879[00m
[91m Client1 Train => Local Epoch: 4 / 5 	Acc: 80.122 	Loss: 0.5770[00m
[92m  Client1 Test => 	Acc: 59.687 	Loss: 1.9625[00m
[91m Client2 Train => Local Epoch: 0 / 5 	Acc: 59.896 	Loss: 1.3284[00m
[91m Client2 Train => Local Epoch: 1 / 5 	Acc: 73.090 	Loss: 0.8409[00m
[91m Client2 Train => Local Epoch: 2 / 5 	Acc: 81.250 	Loss: 0.6050[00m
[91m Client2 Train => Local Epoch: 3 / 5 	Acc: 80.903 	Loss: 0.5743[00m
[91m Client2 Train => Local Epoch: 4 / 5 	Acc: 85.938 	Loss: 0.4408[00m
[92m  Client2 Test => 	Acc: 64.577 	Loss: 1.4485[00m
[91m Client3 Train => Local Epoch: 0 / 5 	Acc: 65.017 	Loss: 1.2314[00m
[91m Client3 Train => Local Epoch: 1 / 5 	Acc: 80.990 	Loss: 0.6637[00m
[91m Client3 Train => Local Epoch: 2 / 5 	Acc: 84.115 	Loss: 0.5194[00m
[91m Client3 Train => Local Epoch: 3 / 5 	Acc: 87.196 	Loss: 0.4145[00m
[91m Client3 Train => Local Epoch: 4 / 5 	Acc: 91.363 	Loss: 0.2829[00m
[92m  Client3 Test => 	Acc: 72.582 	Loss: 1.3368[00m
[91m Client4 Train => Local Epoch: 0 / 5 	Acc: 47.070 	Loss: 1.7834[00m
[91m Client4 Train => Local Epoch: 1 / 5 	Acc: 64.258 	Loss: 0.9644[00m
[91m Client4 Train => Local Epoch: 2 / 5 	Acc: 77.051 	Loss: 0.6966[00m
[91m Client4 Train => Local Epoch: 3 / 5 	Acc: 83.301 	Loss: 0.4988[00m
[91m Client4 Train => Local Epoch: 4 / 5 	Acc: 85.547 	Loss: 0.4387[00m
[92m  Client4 Test => 	Acc: 52.607 	Loss: 2.0369[00m
[91m Client5 Train => Local Epoch: 0 / 5 	Acc: 54.688 	Loss: 1.6418[00m
[91m Client5 Train => Local Epoch: 1 / 5 	Acc: 70.573 	Loss: 0.8895[00m
[91m Client5 Train => Local Epoch: 2 / 5 	Acc: 72.526 	Loss: 0.8382[00m
[91m Client5 Train => Local Epoch: 3 / 5 	Acc: 78.646 	Loss: 0.6501[00m
[91m Client5 Train => Local Epoch: 4 / 5 	Acc: 81.120 	Loss: 0.5621[00m
[92m  Client5 Test => 	Acc: 56.346 	Loss: 2.1595[00m
[91m Client6 Train => Local Epoch: 0 / 5 	Acc: 65.000 	Loss: 1.1703[00m
[91m Client6 Train => Local Epoch: 1 / 5 	Acc: 78.281 	Loss: 0.7099[00m
[91m Client6 Train => Local Epoch: 2 / 5 	Acc: 85.625 	Loss: 0.4910[00m
[91m Client6 Train => Local Epoch: 3 / 5 	Acc: 85.156 	Loss: 0.4885[00m
[91m Client6 Train => Local Epoch: 4 / 5 	Acc: 85.219 	Loss: 0.5015[00m
[92m  Client6 Test => 	Acc: 67.237 	Loss: 1.0311[00m
[91m Client7 Train => Local Epoch: 0 / 5 	Acc: 45.938 	Loss: 1.6964[00m
[91m Client7 Train => Local Epoch: 1 / 5 	Acc: 62.734 	Loss: 1.1254[00m
[91m Client7 Train => Local Epoch: 2 / 5 	Acc: 70.312 	Loss: 0.8846[00m
[91m Client7 Train => Local Epoch: 3 / 5 	Acc: 74.219 	Loss: 0.8057[00m
[91m Client7 Train => Local Epoch: 4 / 5 	Acc: 76.016 	Loss: 0.7228[00m
[92m  Client7 Test => 	Acc: 62.540 	Loss: 1.5397[00m
[91m Client8 Train => Local Epoch: 0 / 5 	Acc: 32.682 	Loss: 2.1622[00m
[91m Client8 Train => Local Epoch: 1 / 5 	Acc: 55.339 	Loss: 2.1353[00m
[91m Client8 Train => Local Epoch: 2 / 5 	Acc: 60.156 	Loss: 1.3949[00m
[91m Client8 Train => Local Epoch: 3 / 5 	Acc: 78.255 	Loss: 0.8244[00m
[91m Client8 Train => Local Epoch: 4 / 5 	Acc: 84.635 	Loss: 0.5485[00m
[92m  Client8 Test => 	Acc: 47.435 	Loss: 1.9473[00m
[91m Client9 Train => Local Epoch: 0 / 5 	Acc: 58.594 	Loss: 1.4753[00m
[91m Client9 Train => Local Epoch: 1 / 5 	Acc: 76.502 	Loss: 0.7978[00m
[91m Client9 Train => Local Epoch: 2 / 5 	Acc: 82.572 	Loss: 0.5935[00m
[91m Client9 Train => Local Epoch: 3 / 5 	Acc: 84.856 	Loss: 0.4959[00m
[91m Client9 Train => Local Epoch: 4 / 5 	Acc: 87.079 	Loss: 0.4043[00m
[92m  Client9 Test => 	Acc: 68.203 	Loss: 1.1879[00m
------------------------------------------------
------ Federation process at Server-Side ------- 
------------------------------------------------
-----------------------------------------------------------
------ FedServer: Federation process at Client-Side ------- 
-----------------------------------------------------------
[92m  Client0 Test => 	Acc: 54.563 	Loss: 1.4748[00m
 Train: Round   5, Avg Accuracy 85.704 | Avg Loss 0.448
[91m Client0 Train => Local Epoch: 0 / 5 	Acc: 97.333 	Loss: 0.1286[00m
[91m Client0 Train => Local Epoch: 1 / 5 	Acc: 100.000 	Loss: 0.0000[00m
[91m Client0 Train => Local Epoch: 2 / 5 	Acc: 100.000 	Loss: 0.0000[00m
[91m Client0 Train => Local Epoch: 3 / 5 	Acc: 100.000 	Loss: 0.0000[00m
[91m Client0 Train => Local Epoch: 4 / 5 	Acc: 100.000 	Loss: 0.0000[00m
[92m  Client0 Test => 	Acc: 2.194 	Loss: 7807001985.9692[00m
[91m Client1 Train => Local Epoch: 0 / 5 	Acc: 65.278 	Loss: 1.1207[00m
[91m Client1 Train => Local Epoch: 1 / 5 	Acc: 80.382 	Loss: 0.5934[00m
[91m Client1 Train => Local Epoch: 2 / 5 	Acc: 84.462 	Loss: 0.4396[00m
[91m Client1 Train => Local Epoch: 3 / 5 	Acc: 88.194 	Loss: 0.3557[00m
[91m Client1 Train => Local Epoch: 4 / 5 	Acc: 88.455 	Loss: 0.3443[00m
[92m  Client1 Test => 	Acc: 68.055 	Loss: 1.7199[00m
[91m Client2 Train => Local Epoch: 0 / 5 	Acc: 73.003 	Loss: 0.9080[00m
[91m Client2 Train => Local Epoch: 1 / 5 	Acc: 81.684 	Loss: 0.6052[00m
[91m Client2 Train => Local Epoch: 2 / 5 	Acc: 85.677 	Loss: 0.4505[00m
[91m Client2 Train => Local Epoch: 3 / 5 	Acc: 87.066 	Loss: 0.3810[00m
[91m Client2 Train => Local Epoch: 4 / 5 	Acc: 90.712 	Loss: 0.2648[00m
[92m  Client2 Test => 	Acc: 74.655 	Loss: 1.1889[00m
[91m Client3 Train => Local Epoch: 0 / 5 	Acc: 81.988 	Loss: 0.6013[00m
[91m Client3 Train => Local Epoch: 1 / 5 	Acc: 88.194 	Loss: 0.3842[00m
[91m Client3 Train => Local Epoch: 2 / 5 	Acc: 91.059 	Loss: 0.2913[00m
[91m Client3 Train => Local Epoch: 3 / 5 	Acc: 91.536 	Loss: 0.2683[00m
[91m Client3 Train => Local Epoch: 4 / 5 	Acc: 92.839 	Loss: 0.2444[00m
[92m  Client3 Test => 	Acc: 71.938 	Loss: 1.2826[00m
[91m Client4 Train => Local Epoch: 0 / 5 	Acc: 79.102 	Loss: 0.6931[00m
[91m Client4 Train => Local Epoch: 1 / 5 	Acc: 84.277 	Loss: 0.4732[00m
[91m Client4 Train => Local Epoch: 2 / 5 	Acc: 88.477 	Loss: 0.3654[00m
[91m Client4 Train => Local Epoch: 3 / 5 	Acc: 90.527 	Loss: 0.3006[00m
[91m Client4 Train => Local Epoch: 4 / 5 	Acc: 91.016 	Loss: 0.2664[00m
[92m  Client4 Test => 	Acc: 63.282 	Loss: 1.5419[00m
[91m Client5 Train => Local Epoch: 0 / 5 	Acc: 75.130 	Loss: 0.8127[00m
[91m Client5 Train => Local Epoch: 1 / 5 	Acc: 83.984 	Loss: 0.5061[00m
[91m Client5 Train => Local Epoch: 2 / 5 	Acc: 85.938 	Loss: 0.4355[00m
[91m Client5 Train => Local Epoch: 3 / 5 	Acc: 87.240 	Loss: 0.3745[00m
[91m Client5 Train => Local Epoch: 4 / 5 	Acc: 89.453 	Loss: 0.3108[00m
[92m  Client5 Test => 	Acc: 69.601 	Loss: 1.8492[00m
[91m Client6 Train => Local Epoch: 0 / 5 	Acc: 80.188 	Loss: 0.6654[00m[codecarbon INFO @ 15:41:37] [setup] RAM Tracking...
[codecarbon INFO @ 15:41:37] [setup] CPU Tracking...
[codecarbon WARNING @ 15:41:37] No CPU tracking mode found. Falling back on CPU constant mode. 
 Windows OS detected: Please install Intel Power Gadget to measure CPU

[codecarbon INFO @ 15:41:39] CPU Model on constant consumption mode: Intel(R) Xeon(R) Gold 6258R CPU @ 2.70GHz
[codecarbon INFO @ 15:41:39] [setup] GPU Tracking...
[codecarbon INFO @ 15:41:39] Tracking Nvidia GPU via pynvml
[codecarbon INFO @ 15:41:39] >>> Tracker's metadata:
[codecarbon INFO @ 15:41:39]   Platform system: Windows-11-10.0.22631-SP0
[codecarbon INFO @ 15:41:39]   Python version: 3.12.7
[codecarbon INFO @ 15:41:39]   CodeCarbon version: 2.8.3
[codecarbon INFO @ 15:41:39]   Available RAM : 126.630 GB
[codecarbon INFO @ 15:41:39]   CPU count: 56
[codecarbon INFO @ 15:41:39]   CPU model: Intel(R) Xeon(R) Gold 6258R CPU @ 2.70GHz
[codecarbon INFO @ 15:41:39]   GPU count: 2
[codecarbon INFO @ 15:41:39]   GPU model: 2 x NVIDIA RTX A5000
[codecarbon INFO @ 15:41:42] Saving emissions data to file C:\Users\pr8pf\Documents\GitHub\SplitFed\emissions.csv
[codecarbon INFO @ 15:41:43] Energy consumed for RAM : 0.000011 kWh. RAM Power : 47.48608875274658 W
[codecarbon INFO @ 15:41:43] Energy consumed for all CPUs : 0.000025 kWh. Total CPU Power : 102.50000000000001 W
[codecarbon INFO @ 15:41:43] Energy consumed for all GPUs : 0.000007 kWh. Total GPU Power : 29.559774314665404 W
[codecarbon INFO @ 15:41:43] 0.000043 kWh of electricity used since the beginning.
[codecarbon INFO @ 15:42:38] [setup] RAM Tracking...
[codecarbon INFO @ 15:42:38] [setup] CPU Tracking...
[codecarbon WARNING @ 15:42:38] No CPU tracking mode found. Falling back on CPU constant mode. 
 Windows OS detected: Please install Intel Power Gadget to measure CPU

[codecarbon INFO @ 15:42:40] CPU Model on constant consumption mode: Intel(R) Xeon(R) Gold 6258R CPU @ 2.70GHz
[codecarbon INFO @ 15:42:40] [setup] GPU Tracking...
[codecarbon INFO @ 15:42:40] Tracking Nvidia GPU via pynvml
[codecarbon INFO @ 15:42:40] >>> Tracker's metadata:
[codecarbon INFO @ 15:42:40]   Platform system: Windows-11-10.0.22631-SP0
[codecarbon INFO @ 15:42:40]   Python version: 3.12.7
[codecarbon INFO @ 15:42:40]   CodeCarbon version: 2.8.3
[codecarbon INFO @ 15:42:40]   Available RAM : 126.630 GB
[codecarbon INFO @ 15:42:40]   CPU count: 56
[codecarbon INFO @ 15:42:40]   CPU model: Intel(R) Xeon(R) Gold 6258R CPU @ 2.70GHz
[codecarbon INFO @ 15:42:40]   GPU count: 2
[codecarbon INFO @ 15:42:40]   GPU model: 2 x NVIDIA RTX A5000
[codecarbon INFO @ 15:42:43] Saving emissions data to file C:\Users\pr8pf\Documents\GitHub\SplitFed\emissions.csv
[codecarbon INFO @ 15:42:43] Energy consumed for RAM : 0.000010 kWh. RAM Power : 47.48608875274658 W
[codecarbon INFO @ 15:42:43] Energy consumed for all CPUs : 0.000021 kWh. Total CPU Power : 102.50000000000001 W
[codecarbon INFO @ 15:42:43] Energy consumed for all GPUs : 0.000006 kWh. Total GPU Power : 28.31072967049239 W
[codecarbon INFO @ 15:42:43] 0.000036 kWh of electricity used since the beginning.
[codecarbon INFO @ 16:05:33] [setup] RAM Tracking...
[codecarbon INFO @ 16:05:33] [setup] CPU Tracking...
[codecarbon WARNING @ 16:05:33] No CPU tracking mode found. Falling back on CPU constant mode. 
 Windows OS detected: Please install Intel Power Gadget to measure CPU

[codecarbon INFO @ 16:05:35] CPU Model on constant consumption mode: Intel(R) Xeon(R) Gold 6258R CPU @ 2.70GHz
[codecarbon INFO @ 16:05:35] [setup] GPU Tracking...
[codecarbon INFO @ 16:05:35] Tracking Nvidia GPU via pynvml
[codecarbon INFO @ 16:05:35] >>> Tracker's metadata:
[codecarbon INFO @ 16:05:35]   Platform system: Windows-11-10.0.22631-SP0
[codecarbon INFO @ 16:05:35]   Python version: 3.12.7
[codecarbon INFO @ 16:05:35]   CodeCarbon version: 2.8.3
[codecarbon INFO @ 16:05:35]   Available RAM : 126.630 GB
[codecarbon INFO @ 16:05:35]   CPU count: 56
[codecarbon INFO @ 16:05:35]   CPU model: Intel(R) Xeon(R) Gold 6258R CPU @ 2.70GHz
[codecarbon INFO @ 16:05:35]   GPU count: 2
[codecarbon INFO @ 16:05:35]   GPU model: 2 x NVIDIA RTX A5000
[codecarbon INFO @ 16:05:38] Saving emissions data to file C:\Users\pr8pf\Documents\GitHub\SplitFed\emissions.csv
[codecarbon INFO @ 16:05:39] Energy consumed for RAM : 0.000016 kWh. RAM Power : 47.48608875274658 W
[codecarbon INFO @ 16:05:39] Energy consumed for all CPUs : 0.000034 kWh. Total CPU Power : 102.50000000000001 W
[codecarbon INFO @ 16:05:39] Energy consumed for all GPUs : 0.000006 kWh. Total GPU Power : 19.387926184916722 W
[codecarbon INFO @ 16:05:39] 0.000056 kWh of electricity used since the beginning.
[codecarbon INFO @ 16:06:34] [setup] RAM Tracking...
[codecarbon INFO @ 16:06:34] [setup] CPU Tracking...
[codecarbon WARNING @ 16:06:34] No CPU tracking mode found. Falling back on CPU constant mode. 
 Windows OS detected: Please install Intel Power Gadget to measure CPU

[codecarbon INFO @ 16:06:35] CPU Model on constant consumption mode: Intel(R) Xeon(R) Gold 6258R CPU @ 2.70GHz
[codecarbon INFO @ 16:06:35] [setup] GPU Tracking...
[codecarbon INFO @ 16:06:35] Tracking Nvidia GPU via pynvml
[codecarbon INFO @ 16:06:35] >>> Tracker's metadata:
[codecarbon INFO @ 16:06:35]   Platform system: Windows-11-10.0.22631-SP0
[codecarbon INFO @ 16:06:35]   Python version: 3.12.7
[codecarbon INFO @ 16:06:35]   CodeCarbon version: 2.8.3
[codecarbon INFO @ 16:06:35]   Available RAM : 126.630 GB
[codecarbon INFO @ 16:06:35]   CPU count: 56
[codecarbon INFO @ 16:06:35]   CPU model: Intel(R) Xeon(R) Gold 6258R CPU @ 2.70GHz
[codecarbon INFO @ 16:06:35]   GPU count: 2
[codecarbon INFO @ 16:06:35]   GPU model: 2 x NVIDIA RTX A5000
[codecarbon INFO @ 16:06:38] Saving emissions data to file C:\Users\pr8pf\Documents\GitHub\SplitFed\emissions.csv
[codecarbon INFO @ 16:06:39] Energy consumed for RAM : 0.000010 kWh. RAM Power : 47.48608875274658 W
[codecarbon INFO @ 16:06:39] Energy consumed for all CPUs : 0.000021 kWh. Total CPU Power : 102.50000000000001 W
[codecarbon INFO @ 16:06:39] Energy consumed for all GPUs : 0.000004 kWh. Total GPU Power : 19.781105639520504 W
[codecarbon INFO @ 16:06:39] 0.000035 kWh of electricity used since the beginning.

[91m Client6 Train => Local Epoch: 1 / 5 	Acc: 86.188 	Loss: 0.4645[00m
[91m Client6 Train => Local Epoch: 2 / 5 	Acc: 87.844 	Loss: 0.4197[00m
[91m Client6 Train => Local Epoch: 3 / 5 	Acc: 88.781 	Loss: 0.4163[00m
[91m Client6 Train => Local Epoch: 4 / 5 	Acc: 89.312 	Loss: 0.3510[00m
[92m  Client6 Test => 	Acc: 71.519 	Loss: 0.9356[00m
[91m Client7 Train => Local Epoch: 0 / 5 	Acc: 64.375 	Loss: 1.0545[00m
[91m Client7 Train => Local Epoch: 1 / 5 	Acc: 78.672 	Loss: 0.6672[00m
[91m Client7 Train => Local Epoch: 2 / 5 	Acc: 85.625 	Loss: 0.4589[00m
[91m Client7 Train => Local Epoch: 3 / 5 	Acc: 84.375 	Loss: 0.5148[00m
[91m Client7 Train => Local Epoch: 4 / 5 	Acc: 85.703 	Loss: 0.4249[00m
[92m  Client7 Test => 	Acc: 68.127 	Loss: 1.1100[00m
[91m Client8 Train => Local Epoch: 0 / 5 	Acc: 66.276 	Loss: 1.2299[00m
[91m Client8 Train => Local Epoch: 1 / 5 	Acc: 80.599 	Loss: 0.6869[00m
[91m Client8 Train => Local Epoch: 2 / 5 	Acc: 85.547 	Loss: 0.4609[00m
[91m Client8 Train => Local Epoch: 3 / 5 	Acc: 89.974 	Loss: 0.3387[00m
[91m Client8 Train => Local Epoch: 4 / 5 	Acc: 90.495 	Loss: 0.2894[00m
[92m  Client8 Test => 	Acc: 58.674 	Loss: 1.6162[00m
[91m Client9 Train => Local Epoch: 0 / 5 	Acc: 78.005 	Loss: 0.7063[00m
[91m Client9 Train => Local Epoch: 1 / 5 	Acc: 84.135 	Loss: 0.5111[00m
[91m Client9 Train => Local Epoch: 2 / 5 	Acc: 87.981 	Loss: 0.3854[00m
[91m Client9 Train => Local Epoch: 3 / 5 	Acc: 91.226 	Loss: 0.2902[00m
[91m Client9 Train => Local Epoch: 4 / 5 	Acc: 89.062 	Loss: 0.3158[00m
[92m  Client9 Test => 	Acc: 68.708 	Loss: 1.0659[00m
------------------------------------------------
------ Federation process at Server-Side ------- 
------------------------------------------------
-----------------------------------------------------------
------ FedServer: Federation process at Client-Side ------- 
-----------------------------------------------------------
[92m  Client0 Test => 	Acc: 26.924 	Loss: 2.3643[00m
 Train: Round   6, Avg Accuracy 90.705 | Avg Loss 0.281
[91m Client0 Train => Local Epoch: 0 / 5 	Acc: 97.010 	Loss: 0.0739[00m
[91m Client0 Train => Local Epoch: 1 / 5 	Acc: 100.000 	Loss: 0.0000[00m
[91m Client0 Train => Local Epoch: 2 / 5 	Acc: 100.000 	Loss: 0.0000[00m
[91m Client0 Train => Local Epoch: 3 / 5 	Acc: 100.000 	Loss: 0.0000[00m
[91m Client0 Train => Local Epoch: 4 / 5 	Acc: 100.000 	Loss: 0.0000[00m
[92m  Client0 Test => 	Acc: 2.208 	Loss: 219325337.6000[00m
[91m Client1 Train => Local Epoch: 0 / 5 	Acc: 61.458 	Loss: 1.2329[00m
[91m Client1 Train => Local Epoch: 1 / 5 	Acc: 82.292 	Loss: 0.5296[00m
[91m Client1 Train => Local Epoch: 2 / 5 	Acc: 85.417 	Loss: 0.4350[00m
[91m Client1 Train => Local Epoch: 3 / 5 	Acc: 82.726 	Loss: 0.5311[00m
[91m Client1 Train => Local Epoch: 4 / 5 	Acc: 85.330 	Loss: 0.4223[00m
[92m  Client1 Test => 	Acc: 63.135 	Loss: 1.9004[00m
[91m Client2 Train => Local Epoch: 0 / 5 	Acc: 70.920 	Loss: 0.9679[00m
[91m Client2 Train => Local Epoch: 1 / 5 	Acc: 86.458 	Loss: 0.4232[00m
[91m Client2 Train => Local Epoch: 2 / 5 	Acc: 88.976 	Loss: 0.3241[00m
[91m Client2 Train => Local Epoch: 3 / 5 	Acc: 89.323 	Loss: 0.3415[00m
[91m Client2 Train => Local Epoch: 4 / 5 	Acc: 88.108 	Loss: 0.3565[00m
[92m  Client2 Test => 	Acc: 74.624 	Loss: 1.1103[00m
[91m Client3 Train => Local Epoch: 0 / 5 	Acc: 74.740 	Loss: 0.8651[00m
[91m Client3 Train => Local Epoch: 1 / 5 	Acc: 87.587 	Loss: 0.4014[00m
[91m Client3 Train => Local Epoch: 2 / 5 	Acc: 90.191 	Loss: 0.3077[00m
[91m Client3 Train => Local Epoch: 3 / 5 	Acc: 90.191 	Loss: 0.3076[00m
[91m Client3 Train => Local Epoch: 4 / 5 	Acc: 93.099 	Loss: 0.2342[00m
[92m  Client3 Test => 	Acc: 75.620 	Loss: 1.0147[00m
[91m Client4 Train => Local Epoch: 0 / 5 	Acc: 61.426 	Loss: 1.2145[00m
[91m Client4 Train => Local Epoch: 1 / 5 	Acc: 84.766 	Loss: 0.4826[00m
[91m Client4 Train => Local Epoch: 2 / 5 	Acc: 87.305 	Loss: 0.3866[00m
[91m Client4 Train => Local Epoch: 3 / 5 	Acc: 91.602 	Loss: 0.3186[00m
[91m Client4 Train => Local Epoch: 4 / 5 	Acc: 91.113 	Loss: 0.2777[00m
[92m  Client4 Test => 	Acc: 62.771 	Loss: 1.6120[00m
[91m Client5 Train => Local Epoch: 0 / 5 	Acc: 62.500 	Loss: 1.2340[00m
[91m Client5 Train => Local Epoch: 1 / 5 	Acc: 81.641 	Loss: 0.5807[00m
[91m Client5 Train => Local Epoch: 2 / 5 	Acc: 82.812 	Loss: 0.5142[00m
[91m Client5 Train => Local Epoch: 3 / 5 	Acc: 87.760 	Loss: 0.3621[00m
[91m Client5 Train => Local Epoch: 4 / 5 	Acc: 87.891 	Loss: 0.3739[00m
[92m  Client5 Test => 	Acc: 68.638 	Loss: 1.7739[00m
[91m Client6 Train => Local Epoch: 0 / 5 	Acc: 77.094 	Loss: 0.7681[00m
[91m Client6 Train => Local Epoch: 1 / 5 	Acc: 89.156 	Loss: 0.3675[00m
[91m Client6 Train => Local Epoch: 2 / 5 	Acc: 89.531 	Loss: 0.3443[00m
[91m Client6 Train => Local Epoch: 3 / 5 	Acc: 91.406 	Loss: 0.2802[00m
[91m Client6 Train => Local Epoch: 4 / 5 	Acc: 92.031 	Loss: 0.2505[00m
[92m  Client6 Test => 	Acc: 76.241 	Loss: 0.8202[00m
[91m Client7 Train => Local Epoch: 0 / 5 	Acc: 58.750 	Loss: 1.2850[00m
[91m Client7 Train => Local Epoch: 1 / 5 	Acc: 78.828 	Loss: 0.7030[00m
[91m Client7 Train => Local Epoch: 2 / 5 	Acc: 84.297 	Loss: 0.5162[00m
[91m Client7 Train => Local Epoch: 3 / 5 	Acc: 83.750 	Loss: 0.4906[00m
[91m Client7 Train => Local Epoch: 4 / 5 	Acc: 86.328 	Loss: 0.4275[00m
[92m  Client7 Test => 	Acc: 74.473 	Loss: 0.9790[00m
[91m Client8 Train => Local Epoch: 0 / 5 	Acc: 57.292 	Loss: 1.4762[00m
[91m Client8 Train => Local Epoch: 1 / 5 	Acc: 85.807 	Loss: 0.4823[00m
[91m Client8 Train => Local Epoch: 2 / 5 	Acc: 88.932 	Loss: 0.4015[00m
[91m Client8 Train => Local Epoch: 3 / 5 	Acc: 90.885 	Loss: 0.2743[00m
[91m Client8 Train => Local Epoch: 4 / 5 	Acc: 92.839 	Loss: 0.2171[00m
[92m  Client8 Test => 	Acc: 63.821 	Loss: 1.5501[00m
[91m Client9 Train => Local Epoch: 0 / 5 	Acc: 71.034 	Loss: 0.9986[00m
[91m Client9 Train => Local Epoch: 1 / 5 	Acc: 87.680 	Loss: 0.4140[00m
[91m Client9 Train => Local Epoch: 2 / 5 	Acc: 91.106 	Loss: 0.3070[00m
[91m Client9 Train => Local Epoch: 3 / 5 	Acc: 91.827 	Loss: 0.2744[00m
[91m Client9 Train => Local Epoch: 4 / 5 	Acc: 84.856 	Loss: 0.4914[00m
[92m  Client9 Test => 	Acc: 67.626 	Loss: 1.3148[00m
------------------------------------------------
------ Federation process at Server-Side ------- 
------------------------------------------------
-----------------------------------------------------------
------ FedServer: Federation process at Client-Side ------- 
-----------------------------------------------------------
[92m  Client0 Test => 	Acc: 73.367 	Loss: 0.8198[00m
 Train: Round   7, Avg Accuracy 90.159 | Avg Loss 0.305
[91m Client0 Train => Local Epoch: 0 / 5 	Acc: 95.636 	Loss: 0.2805[00m
[91m Client0 Train => Local Epoch: 1 / 5 	Acc: 100.000 	Loss: 0.0000[00m
[91m Client0 Train => Local Epoch: 2 / 5 	Acc: 100.000 	Loss: 0.0000[00m
[91m Client0 Train => Local Epoch: 3 / 5 	Acc: 100.000 	Loss: 0.0000[00m
[91m Client0 Train => Local Epoch: 4 / 5 	Acc: 100.000 	Loss: 0.0000[00m
[92m  Client0 Test => 	Acc: 2.188 	Loss: 154726106.3385[00m
[91m Client1 Train => Local Epoch: 0 / 5 	Acc: 81.076 	Loss: 0.5873[00m
[91m Client1 Train => Local Epoch: 1 / 5 	Acc: 89.410 	Loss: 0.3246[00m
[91m Client1 Train => Local Epoch: 2 / 5 	Acc: 90.712 	Loss: 0.2641[00m
[91m Client1 Train => Local Epoch: 3 / 5 	Acc: 93.924 	Loss: 0.1843[00m
[91m Client1 Train => Local Epoch: 4 / 5 	Acc: 93.490 	Loss: 0.1988[00m
[92m  Client1 Test => 	Acc: 72.168 	Loss: 1.6583[00m
[91m Client2 Train => Local Epoch: 0 / 5 	Acc: 86.285 	Loss: 0.4408[00m
[91m Client2 Train => Local Epoch: 1 / 5 	Acc: 89.931 	Loss: 0.2627[00m
[91m Client2 Train => Local Epoch: 2 / 5 	Acc: 91.233 	Loss: 0.2445[00m
[91m Client2 Train => Local Epoch: 3 / 5 	Acc: 93.576 	Loss: 0.1796[00m
[91m Client2 Train => Local Epoch: 4 / 5 	Acc: 93.316 	Loss: 0.1818[00m
[92m  Client2 Test => 	Acc: 79.153 	Loss: 0.9082[00m
[91m Client3 Train => Local Epoch: 0 / 5 	Acc: 88.108 	Loss: 0.3980[00m[codecarbon INFO @ 16:29:19] [setup] RAM Tracking...
[codecarbon INFO @ 16:29:19] [setup] CPU Tracking...
[codecarbon WARNING @ 16:29:19] No CPU tracking mode found. Falling back on CPU constant mode. 
 Windows OS detected: Please install Intel Power Gadget to measure CPU

[codecarbon INFO @ 16:29:20] CPU Model on constant consumption mode: Intel(R) Xeon(R) Gold 6258R CPU @ 2.70GHz
[codecarbon INFO @ 16:29:20] [setup] GPU Tracking...
[codecarbon INFO @ 16:29:20] Tracking Nvidia GPU via pynvml
[codecarbon INFO @ 16:29:20] >>> Tracker's metadata:
[codecarbon INFO @ 16:29:20]   Platform system: Windows-11-10.0.22631-SP0
[codecarbon INFO @ 16:29:20]   Python version: 3.12.7
[codecarbon INFO @ 16:29:20]   CodeCarbon version: 2.8.3
[codecarbon INFO @ 16:29:20]   Available RAM : 126.630 GB
[codecarbon INFO @ 16:29:20]   CPU count: 56
[codecarbon INFO @ 16:29:20]   CPU model: Intel(R) Xeon(R) Gold 6258R CPU @ 2.70GHz
[codecarbon INFO @ 16:29:20]   GPU count: 2
[codecarbon INFO @ 16:29:20]   GPU model: 2 x NVIDIA RTX A5000
[codecarbon INFO @ 16:29:24] Saving emissions data to file C:\Users\pr8pf\Documents\GitHub\SplitFed\emissions.csv
[codecarbon INFO @ 16:29:24] Energy consumed for RAM : 0.000009 kWh. RAM Power : 47.48608875274658 W
[codecarbon INFO @ 16:29:24] Energy consumed for all CPUs : 0.000020 kWh. Total CPU Power : 102.50000000000001 W
[codecarbon INFO @ 16:29:24] Energy consumed for all GPUs : 0.000005 kWh. Total GPU Power : 25.0044372142336 W
[codecarbon INFO @ 16:29:24] 0.000035 kWh of electricity used since the beginning.
[codecarbon INFO @ 16:30:19] [setup] RAM Tracking...
[codecarbon INFO @ 16:30:19] [setup] CPU Tracking...
[codecarbon WARNING @ 16:30:19] No CPU tracking mode found. Falling back on CPU constant mode. 
 Windows OS detected: Please install Intel Power Gadget to measure CPU

[codecarbon INFO @ 16:30:21] CPU Model on constant consumption mode: Intel(R) Xeon(R) Gold 6258R CPU @ 2.70GHz
[codecarbon INFO @ 16:30:21] [setup] GPU Tracking...
[codecarbon INFO @ 16:30:21] Tracking Nvidia GPU via pynvml
[codecarbon INFO @ 16:30:21] >>> Tracker's metadata:
[codecarbon INFO @ 16:30:21]   Platform system: Windows-11-10.0.22631-SP0
[codecarbon INFO @ 16:30:21]   Python version: 3.12.7
[codecarbon INFO @ 16:30:21]   CodeCarbon version: 2.8.3
[codecarbon INFO @ 16:30:21]   Available RAM : 126.630 GB
[codecarbon INFO @ 16:30:21]   CPU count: 56
[codecarbon INFO @ 16:30:21]   CPU model: Intel(R) Xeon(R) Gold 6258R CPU @ 2.70GHz
[codecarbon INFO @ 16:30:21]   GPU count: 2
[codecarbon INFO @ 16:30:21]   GPU model: 2 x NVIDIA RTX A5000
[codecarbon INFO @ 16:30:24] Saving emissions data to file C:\Users\pr8pf\Documents\GitHub\SplitFed\emissions.csv
[codecarbon INFO @ 16:30:25] Energy consumed for RAM : 0.000011 kWh. RAM Power : 47.48608875274658 W
[codecarbon INFO @ 16:30:25] Energy consumed for all CPUs : 0.000024 kWh. Total CPU Power : 102.50000000000001 W
[codecarbon INFO @ 16:30:25] Energy consumed for all GPUs : 0.000006 kWh. Total GPU Power : 25.973982168261415 W
[codecarbon INFO @ 16:30:25] 0.000041 kWh of electricity used since the beginning.
[codecarbon INFO @ 16:53:37] [setup] RAM Tracking...
[codecarbon INFO @ 16:53:37] [setup] CPU Tracking...
[codecarbon WARNING @ 16:53:37] No CPU tracking mode found. Falling back on CPU constant mode. 
 Windows OS detected: Please install Intel Power Gadget to measure CPU

[codecarbon INFO @ 16:53:38] CPU Model on constant consumption mode: Intel(R) Xeon(R) Gold 6258R CPU @ 2.70GHz
[codecarbon INFO @ 16:53:38] [setup] GPU Tracking...
[codecarbon INFO @ 16:53:38] Tracking Nvidia GPU via pynvml
[codecarbon INFO @ 16:53:39] >>> Tracker's metadata:
[codecarbon INFO @ 16:53:39]   Platform system: Windows-11-10.0.22631-SP0
[codecarbon INFO @ 16:53:39]   Python version: 3.12.7
[codecarbon INFO @ 16:53:39]   CodeCarbon version: 2.8.3
[codecarbon INFO @ 16:53:39]   Available RAM : 126.630 GB
[codecarbon INFO @ 16:53:39]   CPU count: 56
[codecarbon INFO @ 16:53:39]   CPU model: Intel(R) Xeon(R) Gold 6258R CPU @ 2.70GHz
[codecarbon INFO @ 16:53:39]   GPU count: 2
[codecarbon INFO @ 16:53:39]   GPU model: 2 x NVIDIA RTX A5000
[codecarbon INFO @ 16:53:42] Saving emissions data to file C:\Users\pr8pf\Documents\GitHub\SplitFed\emissions.csv
[codecarbon INFO @ 16:53:42] Energy consumed for RAM : 0.000010 kWh. RAM Power : 47.48608875274658 W
[codecarbon INFO @ 16:53:42] Energy consumed for all CPUs : 0.000021 kWh. Total CPU Power : 102.50000000000001 W
[codecarbon INFO @ 16:53:42] Energy consumed for all GPUs : 0.000004 kWh. Total GPU Power : 18.99282851221015 W
[codecarbon INFO @ 16:53:42] 0.000034 kWh of electricity used since the beginning.

[91m Client3 Train => Local Epoch: 1 / 5 	Acc: 93.229 	Loss: 0.2281[00m
[91m Client3 Train => Local Epoch: 2 / 5 	Acc: 94.488 	Loss: 0.1853[00m
[91m Client3 Train => Local Epoch: 3 / 5 	Acc: 94.705 	Loss: 0.1752[00m
[91m Client3 Train => Local Epoch: 4 / 5 	Acc: 94.531 	Loss: 0.1926[00m
[92m  Client3 Test => 	Acc: 74.912 	Loss: 1.0751[00m
[91m Client4 Train => Local Epoch: 0 / 5 	Acc: 89.355 	Loss: 0.3546[00m
[91m Client4 Train => Local Epoch: 1 / 5 	Acc: 92.480 	Loss: 0.2321[00m
[91m Client4 Train => Local Epoch: 2 / 5 	Acc: 93.457 	Loss: 0.1992[00m
[91m Client4 Train => Local Epoch: 3 / 5 	Acc: 94.531 	Loss: 0.1570[00m
[91m Client4 Train => Local Epoch: 4 / 5 	Acc: 95.996 	Loss: 0.1197[00m
[92m  Client4 Test => 	Acc: 71.588 	Loss: 1.2273[00m
[91m Client5 Train => Local Epoch: 0 / 5 	Acc: 86.458 	Loss: 0.4433[00m
[91m Client5 Train => Local Epoch: 1 / 5 	Acc: 91.146 	Loss: 0.2747[00m
[91m Client5 Train => Local Epoch: 2 / 5 	Acc: 91.276 	Loss: 0.2792[00m
[91m Client5 Train => Local Epoch: 3 / 5 	Acc: 93.620 	Loss: 0.1952[00m
[91m Client5 Train => Local Epoch: 4 / 5 	Acc: 93.359 	Loss: 0.1736[00m
[92m  Client5 Test => 	Acc: 72.976 	Loss: 1.4807[00m
[91m Client6 Train => Local Epoch: 0 / 5 	Acc: 88.281 	Loss: 0.3956[00m
[91m Client6 Train => Local Epoch: 1 / 5 	Acc: 89.906 	Loss: 0.3208[00m
[91m Client6 Train => Local Epoch: 2 / 5 	Acc: 92.375 	Loss: 0.2396[00m
[91m Client6 Train => Local Epoch: 3 / 5 	Acc: 93.938 	Loss: 0.1866[00m
[91m Client6 Train => Local Epoch: 4 / 5 	Acc: 93.219 	Loss: 0.2160[00m
[92m  Client6 Test => 	Acc: 78.659 	Loss: 0.7132[00m
[91m Client7 Train => Local Epoch: 0 / 5 	Acc: 81.484 	Loss: 0.6137[00m
[91m Client7 Train => Local Epoch: 1 / 5 	Acc: 87.422 	Loss: 0.4065[00m
[91m Client7 Train => Local Epoch: 2 / 5 	Acc: 90.000 	Loss: 0.3122[00m
[91m Client7 Train => Local Epoch: 3 / 5 	Acc: 91.641 	Loss: 0.2603[00m
[91m Client7 Train => Local Epoch: 4 / 5 	Acc: 91.172 	Loss: 0.3275[00m
[92m  Client7 Test => 	Acc: 77.669 	Loss: 0.8183[00m
[91m Client8 Train => Local Epoch: 0 / 5 	Acc: 82.943 	Loss: 0.5117[00m
[91m Client8 Train => Local Epoch: 1 / 5 	Acc: 91.536 	Loss: 0.2493[00m
[91m Client8 Train => Local Epoch: 2 / 5 	Acc: 94.401 	Loss: 0.1860[00m
[91m Client8 Train => Local Epoch: 3 / 5 	Acc: 95.443 	Loss: 0.1413[00m
[91m Client8 Train => Local Epoch: 4 / 5 	Acc: 95.833 	Loss: 0.1291[00m
[92m  Client8 Test => 	Acc: 67.410 	Loss: 1.3738[00m
[91m Client9 Train => Local Epoch: 0 / 5 	Acc: 86.478 	Loss: 0.4279[00m
[91m Client9 Train => Local Epoch: 1 / 5 	Acc: 91.827 	Loss: 0.2794[00m
[91m Client9 Train => Local Epoch: 2 / 5 	Acc: 93.209 	Loss: 0.2404[00m
[91m Client9 Train => Local Epoch: 3 / 5 	Acc: 94.772 	Loss: 0.1540[00m
[91m Client9 Train => Local Epoch: 4 / 5 	Acc: 95.673 	Loss: 0.1385[00m
[92m  Client9 Test => 	Acc: 76.041 	Loss: 0.8877[00m
------------------------------------------------
------ Federation process at Server-Side ------- 
------------------------------------------------
-----------------------------------------------------------
------ FedServer: Federation process at Client-Side ------- 
-----------------------------------------------------------
[92m  Client0 Test => 	Acc: 6.287 	Loss: 10.0431[00m
 Train: Round   8, Avg Accuracy 94.659 | Avg Loss 0.168
[91m Client0 Train => Local Epoch: 0 / 5 	Acc: 99.650 	Loss: 0.0105[00m
[91m Client0 Train => Local Epoch: 1 / 5 	Acc: 100.000 	Loss: 0.0000[00m
[91m Client0 Train => Local Epoch: 2 / 5 	Acc: 100.000 	Loss: 0.0000[00m
[91m Client0 Train => Local Epoch: 3 / 5 	Acc: 100.000 	Loss: 0.0000[00m
[91m Client0 Train => Local Epoch: 4 / 5 	Acc: 100.000 	Loss: 0.0000[00m
[92m  Client0 Test => 	Acc: 2.194 	Loss: 1101254.9279[00m
[91m Client1 Train => Local Epoch: 0 / 5 	Acc: 46.875 	Loss: 2.4909[00m
[91m Client1 Train => Local Epoch: 1 / 5 	Acc: 75.000 	Loss: 0.7866[00m
[91m Client1 Train => Local Epoch: 2 / 5 	Acc: 84.983 	Loss: 0.5108[00m
[91m Client1 Train => Local Epoch: 3 / 5 	Acc: 84.896 	Loss: 0.4555[00m
[91m Client1 Train => Local Epoch: 4 / 5 	Acc: 88.628 	Loss: 0.3550[00m
[92m  Client1 Test => 	Acc: 67.410 	Loss: 1.6803[00m
[91m Client2 Train => Local Epoch: 0 / 5 	Acc: 45.573 	Loss: 2.4249[00m
[91m Client2 Train => Local Epoch: 1 / 5 	Acc: 68.576 	Loss: 1.0715[00m
[91m Client2 Train => Local Epoch: 2 / 5 	Acc: 77.951 	Loss: 0.6857[00m
[91m Client2 Train => Local Epoch: 3 / 5 	Acc: 86.024 	Loss: 0.4575[00m
[91m Client2 Train => Local Epoch: 4 / 5 	Acc: 87.847 	Loss: 0.3754[00m
[92m  Client2 Test => 	Acc: 70.857 	Loss: 1.1453[00m
[91m Client3 Train => Local Epoch: 0 / 5 	Acc: 71.007 	Loss: 1.2678[00m
[91m Client3 Train => Local Epoch: 1 / 5 	Acc: 85.503 	Loss: 0.5010[00m
[91m Client3 Train => Local Epoch: 2 / 5 	Acc: 89.540 	Loss: 0.3415[00m
[91m Client3 Train => Local Epoch: 3 / 5 	Acc: 93.012 	Loss: 0.2345[00m
[91m Client3 Train => Local Epoch: 4 / 5 	Acc: 93.880 	Loss: 0.2027[00m
[92m  Client3 Test => 	Acc: 78.816 	Loss: 0.9565[00m
[91m Client4 Train => Local Epoch: 0 / 5 	Acc: 56.641 	Loss: 1.9272[00m
[91m Client4 Train => Local Epoch: 1 / 5 	Acc: 81.543 	Loss: 0.5637[00m
[91m Client4 Train => Local Epoch: 2 / 5 	Acc: 89.355 	Loss: 0.3558[00m
[91m Client4 Train => Local Epoch: 3 / 5 	Acc: 89.258 	Loss: 0.3373[00m
[91m Client4 Train => Local Epoch: 4 / 5 	Acc: 91.797 	Loss: 0.2375[00m
[92m  Client4 Test => 	Acc: 66.544 	Loss: 1.4639[00m
[91m Client5 Train => Local Epoch: 0 / 5 	Acc: 23.177 	Loss: 4.0489[00m
[91m Client5 Train => Local Epoch: 1 / 5 	Acc: 46.354 	Loss: 1.8017[00m
[91m Client5 Train => Local Epoch: 2 / 5 	Acc: 60.807 	Loss: 1.3230[00m
[91m Client5 Train => Local Epoch: 3 / 5 	Acc: 63.802 	Loss: 1.0736[00m
[91m Client5 Train => Local Epoch: 4 / 5 	Acc: 72.135 	Loss: 0.8793[00m
[92m  Client5 Test => 	Acc: 40.141 	Loss: 2.5868[00m
[91m Client6 Train => Local Epoch: 0 / 5 	Acc: 49.125 	Loss: 2.0440[00m
[91m Client6 Train => Local Epoch: 1 / 5 	Acc: 73.969 	Loss: 0.8524[00m
[91m Client6 Train => Local Epoch: 2 / 5 	Acc: 80.375 	Loss: 0.6370[00m
[91m Client6 Train => Local Epoch: 3 / 5 	Acc: 85.406 	Loss: 0.4929[00m
[91m Client6 Train => Local Epoch: 4 / 5 	Acc: 89.219 	Loss: 0.3548[00m
[92m  Client6 Test => 	Acc: 68.721 	Loss: 1.0379[00m
[91m Client7 Train => Local Epoch: 0 / 5 	Acc: 33.672 	Loss: 2.8074[00m
[91m Client7 Train => Local Epoch: 1 / 5 	Acc: 46.641 	Loss: 1.6180[00m
[91m Client7 Train => Local Epoch: 2 / 5 	Acc: 47.500 	Loss: 1.5309[00m
[91m Client7 Train => Local Epoch: 3 / 5 	Acc: 56.250 	Loss: 1.2995[00m
[91m Client7 Train => Local Epoch: 4 / 5 	Acc: 53.828 	Loss: 1.2925[00m
[92m  Client7 Test => 	Acc: 51.325 	Loss: 1.7767[00m
[91m Client8 Train => Local Epoch: 0 / 5 	Acc: 21.875 	Loss: 4.0491[00m
[91m Client8 Train => Local Epoch: 1 / 5 	Acc: 45.182 	Loss: 1.8012[00m
[91m Client8 Train => Local Epoch: 2 / 5 	Acc: 61.458 	Loss: 1.4225[00m
[91m Client8 Train => Local Epoch: 3 / 5 	Acc: 68.099 	Loss: 1.0213[00m
[91m Client8 Train => Local Epoch: 4 / 5 	Acc: 74.609 	Loss: 0.8623[00m
[92m  Client8 Test => 	Acc: 42.888 	Loss: 2.2144[00m
[91m Client9 Train => Local Epoch: 0 / 5 	Acc: 40.144 	Loss: 2.4703[00m
[91m Client9 Train => Local Epoch: 1 / 5 	Acc: 64.483 	Loss: 1.2258[00m
[91m Client9 Train => Local Epoch: 2 / 5 	Acc: 79.627 	Loss: 0.7249[00m
[91m Client9 Train => Local Epoch: 3 / 5 	Acc: 79.507 	Loss: 0.6490[00m
[91m Client9 Train => Local Epoch: 4 / 5 	Acc: 87.200 	Loss: 0.4213[00m
[92m  Client9 Test => 	Acc: 67.626 	Loss: 1.2508[00m
------------------------------------------------
------ Federation process at Server-Side ------- 
------------------------------------------------
-----------------------------------------------------------
------ FedServer: Federation process at Client-Side ------- 
-----------------------------------------------------------
[92m  Client0 Test => 	Acc: 62.028 	Loss: 1.2045[00m
 Train: Round   9, Avg Accuracy 83.914 | Avg Loss 0.498
Training and Evaluation completed!
===== END Fri 01/16/2026 16:54:42.97 ===== 
