===== START Fri 01/16/2026 20:54:43.24 ===== 
C:\Users\pr8pf\AppData\Local\anaconda3\Lib\site-packages\torchvision\models\_utils.py:208: UserWarning: The parameter 'pretrained' is deprecated since 0.13 and may be removed in the future, please use 'weights' instead.
  warnings.warn(
C:\Users\pr8pf\AppData\Local\anaconda3\Lib\site-packages\torchvision\models\_utils.py:223: UserWarning: Arguments other than a weight enum or `None` for 'weights' are deprecated since 0.13 and may be removed in the future. The current behavior is equivalent to passing `weights=VGG16_Weights.IMAGENET1K_V1`. You can also use `weights=VGG16_Weights.DEFAULT` to get the most up-to-date weights.
  warnings.warn(msg)
[codecarbon INFO @ 20:55:15] [setup] RAM Tracking...
[codecarbon INFO @ 20:55:15] [setup] CPU Tracking...
[codecarbon WARNING @ 20:55:15] No CPU tracking mode found. Falling back on CPU constant mode. 
 Windows OS detected: Please install Intel Power Gadget to measure CPU

[codecarbon INFO @ 20:55:17] CPU Model on constant consumption mode: Intel(R) Xeon(R) Gold 6258R CPU @ 2.70GHz
[codecarbon INFO @ 20:55:17] [setup] GPU Tracking...
[codecarbon INFO @ 20:55:17] Tracking Nvidia GPU via pynvml
[codecarbon INFO @ 20:55:17] >>> Tracker's metadata:
[codecarbon INFO @ 20:55:17]   Platform system: Windows-11-10.0.22631-SP0
[codecarbon INFO @ 20:55:17]   Python version: 3.12.7
[codecarbon INFO @ 20:55:17]   CodeCarbon version: 2.8.3
[codecarbon INFO @ 20:55:17]   Available RAM : 126.630 GB
[codecarbon INFO @ 20:55:17]   CPU count: 56
[codecarbon INFO @ 20:55:17]   CPU model: Intel(R) Xeon(R) Gold 6258R CPU @ 2.70GHz
[codecarbon INFO @ 20:55:17]   GPU count: 2
[codecarbon INFO @ 20:55:17]   GPU model: 2 x NVIDIA RTX A5000
[codecarbon INFO @ 20:55:20] Saving emissions data to file C:\Users\pr8pf\Documents\GitHub\SplitFed\emissions.csv
[codecarbon INFO @ 20:55:22] Energy consumed for RAM : 0.000021 kWh. RAM Power : 47.48608875274658 W
[codecarbon INFO @ 20:55:22] Energy consumed for all CPUs : 0.000044 kWh. Total CPU Power : 102.50000000000001 W
[codecarbon INFO @ 20:55:22] Energy consumed for all GPUs : 0.000008 kWh. Total GPU Power : 19.06730236767301 W
[codecarbon INFO @ 20:55:22] 0.000073 kWh of electricity used since the beginning.
[codecarbon INFO @ 21:18:01] [setup] RAM Tracking...
[codecarbon INFO @ 21:18:01] [setup] CPU Tracking...
[codecarbon WARNING @ 21:18:01] No CPU tracking mode found. Falling back on CPU constant mode. 
 Windows OS detected: Please install Intel Power Gadget to measure CPU

[codecarbon INFO @ 21:18:03] CPU Model on constant consumption mode: Intel(R) Xeon(R) Gold 6258R CPU @ 2.70GHz
[codecarbon INFO @ 21:18:03] [setup] GPU Tracking...
[codecarbon INFO @ 21:18:03] Tracking Nvidia GPU via pynvml
[codecarbon INFO @ 21:18:03] >>> Tracker's metadata:
[codecarbon INFO @ 21:18:03]   Platform system: Windows-11-10.0.22631-SP0
[codecarbon INFO @ 21:18:03]   Python version: 3.12.7
[codecarbon INFO @ 21:18:03]   CodeCarbon version: 2.8.3
[codecarbon INFO @ 21:18:03]   Available RAM : 126.630 GB
[codecarbon INFO @ 21:18:03]   CPU count: 56
[codecarbon INFO @ 21:18:03]   CPU model: Intel(R) Xeon(R) Gold 6258R CPU @ 2.70GHz
[codecarbon INFO @ 21:18:03]   GPU count: 2
[codecarbon INFO @ 21:18:03]   GPU model: 2 x NVIDIA RTX A5000
[codecarbon INFO @ 21:18:06] Saving emissions data to file C:\Users\pr8pf\Documents\GitHub\SplitFed\emissions.csv
[codecarbon INFO @ 21:18:07] Energy consumed for RAM : 0.000010 kWh. RAM Power : 47.48608875274658 W
[codecarbon INFO @ 21:18:07] Energy consumed for all CPUs : 0.000022 kWh. Total CPU Power : 102.50000000000001 W
[codecarbon INFO @ 21:18:07] Energy consumed for all GPUs : 0.000004 kWh. Total GPU Power : 18.060402585166514 W
[codecarbon INFO @ 21:18:07] 0.000036 kWh of electricity used since the beginning.
[codecarbon INFO @ 21:19:01] [setup] RAM Tracking...
[codecarbon INFO @ 21:19:01] [setup] CPU Tracking...
[codecarbon WARNING @ 21:19:01] No CPU tracking mode found. Falling back on CPU constant mode. 
 Windows OS detected: Please install Intel Power Gadget to measure CPU

[codecarbon INFO @ 21:19:03] CPU Model on constant consumption mode: Intel(R) Xeon(R) Gold 6258R CPU @ 2.70GHz
[codecarbon INFO @ 21:19:03] [setup] GPU Tracking...
[codecarbon INFO @ 21:19:03] Tracking Nvidia GPU via pynvml
[codecarbon INFO @ 21:19:03] >>> Tracker's metadata:
[codecarbon INFO @ 21:19:03]   Platform system: Windows-11-10.0.22631-SP0
[codecarbon INFO @ 21:19:03]   Python version: 3.12.7
[codecarbon INFO @ 21:19:03]   CodeCarbon version: 2.8.3
[codecarbon INFO @ 21:19:03]   Available RAM : 126.630 GB
[codecarbon INFO @ 21:19:03]   CPU count: 56
[codecarbon INFO @ 21:19:03]   CPU model: Intel(R) Xeon(R) Gold 6258R CPU @ 2.70GHz
[codecarbon INFO @ 21:19:03]   GPU count: 2
[codecarbon INFO @ 21:19:03]   GPU model: 2 x NVIDIA RTX A5000
[codecarbon INFO @ 21:19:06] Saving emissions data to file C:\Users\pr8pf\Documents\GitHub\SplitFed\emissions.csv
[codecarbon INFO @ 21:19:07] Energy consumed for RAM : 0.000012 kWh. RAM Power : 47.48608875274658 W
[codecarbon INFO @ 21:19:07] Energy consumed for all CPUs : 0.000026 kWh. Total CPU Power : 102.50000000000001 W
[codecarbon INFO @ 21:19:07] Energy consumed for all GPUs : 0.000005 kWh. Total GPU Power : 18.839141650562883 W
[codecarbon INFO @ 21:19:07] 0.000043 kWh of electricity used since the beginning.
################################################################
#                              batch_size: 64                  #
#                         test_batch_size: 64                  #
#                                  epochs: 10                  #
#                               optimizer: SGD                 #
#                                      lr: 0.001               #
#                                momentum: 0.5                 #
#                                    seed: 1                   #
#                             num_clients: 10                  #
#                                   scale: 3                   #
#                                 dataset: plant               #
#                             loader_type: dirichlet           #
#                                      AR: fedavg              #
#                                    side: both                #
#                                     PDR: 1.0                 #
#                                  attack: backdoor pls->14    #
#                          label_flipping: uni                 #
#                         experiment_name: split_fed_backdoor_pls_to_14_inner_epochs=5_epochs=10_PDR=1.0_scale=3_fedavg#
#                            inner_epochs: 5                   #
#                                   setup: split_fed           #
#                                   alpha: 0.5                 #
################################################################
NVIDIA RTX A5000
---------split_fed_backdoor_pls_to_14_inner_epochs=5_epochs=10_PDR=1.0_scale=3_fedavg----------
initialize a data loader
Using cuda
[91m Client0 Train => Local Epoch: 0 / 5 	Acc: 96.794 	Loss: 0.0954[00m
[91m Client0 Train => Local Epoch: 1 / 5 	Acc: 100.000 	Loss: 0.0000[00m
[91m Client0 Train => Local Epoch: 2 / 5 	Acc: 100.000 	Loss: 0.0000[00m
[91m Client0 Train => Local Epoch: 3 / 5 	Acc: 100.000 	Loss: 0.0000[00m
[91m Client0 Train => Local Epoch: 4 / 5 	Acc: 100.000 	Loss: 0.0000[00m
[92m  Client0 Test => 	Acc: 2.194 	Loss: 83176492866.9538[00m
[91m Client1 Train => Local Epoch: 0 / 5 	Acc: 89.844 	Loss: 0.2995[00m
[91m Client1 Train => Local Epoch: 1 / 5 	Acc: 100.000 	Loss: 0.0000[00m
[91m Client1 Train => Local Epoch: 2 / 5 	Acc: 100.000 	Loss: 0.0000[00m
[91m Client1 Train => Local Epoch: 3 / 5 	Acc: 100.000 	Loss: 0.0000[00m
[91m Client1 Train => Local Epoch: 4 / 5 	Acc: 100.000 	Loss: 0.0000[00m
[92m  Client1 Test => 	Acc: 2.194 	Loss: 58695842201.6000[00m
[91m Client2 Train => Local Epoch: 0 / 5 	Acc: 89.497 	Loss: 0.3144[00m
[91m Client2 Train => Local Epoch: 1 / 5 	Acc: 100.000 	Loss: 0.0000[00m
[91m Client2 Train => Local Epoch: 2 / 5 	Acc: 100.000 	Loss: 0.0000[00m
[91m Client2 Train => Local Epoch: 3 / 5 	Acc: 100.000 	Loss: 0.0000[00m
[91m Client2 Train => Local Epoch: 4 / 5 	Acc: 100.000 	Loss: 0.0000[00m
[92m  Client2 Test => 	Acc: 2.194 	Loss: 50340226347.3231[00m
[91m Client3 Train => Local Epoch: 0 / 5 	Acc: 25.694 	Loss: 8.5804[00m
[91m Client3 Train => Local Epoch: 1 / 5 	Acc: 33.116 	Loss: 1.9272[00m
[91m Client3 Train => Local Epoch: 2 / 5 	Acc: 63.759 	Loss: 1.2621[00m
[91m Client3 Train => Local Epoch: 3 / 5 	Acc: 72.613 	Loss: 1.0028[00m
[91m Client3 Train => Local Epoch: 4 / 5 	Acc: 73.003 	Loss: 0.9884[00m
[92m  Client3 Test => 	Acc: 29.891 	Loss: 3.4834[00m
[91m Client4 Train => Local Epoch: 0 / 5 	Acc: 15.332 	Loss: 7.5291[00m
[91m Client4 Train => Local Epoch: 1 / 5 	Acc: 21.191 	Loss: 2.5744[00m
[91m Client4 Train => Local Epoch: 2 / 5 	Acc: 36.621 	Loss: 2.3239[00m
[91m Client4 Train => Local Epoch: 3 / 5 	Acc: 50.195 	Loss: 1.4548[00m
[91m Client4 Train => Local Epoch: 4 / 5 	Acc: 61.133 	Loss: 1.2203[00m
[92m  Client4 Test => 	Acc: 26.069 	Loss: 2.8970[00m
[91m Client5 Train => Local Epoch: 0 / 5 	Acc: 17.318 	Loss: 7.6099[00m
[91m Client5 Train => Local Epoch: 1 / 5 	Acc: 21.094 	Loss: 2.4238[00m
[91m Client5 Train => Local Epoch: 2 / 5 	Acc: 19.531 	Loss: 2.1970[00m
[91m Client5 Train => Local Epoch: 3 / 5 	Acc: 30.990 	Loss: 2.0187[00m
[91m Client5 Train => Local Epoch: 4 / 5 	Acc: 35.156 	Loss: 1.9294[00m
[92m  Client5 Test => 	Acc: 9.570 	Loss: 3.7773[00m
[91m Client6 Train => Local Epoch: 0 / 5 	Acc: 24.969 	Loss: 2.4801[00m
[91m Client6 Train => Local Epoch: 1 / 5 	Acc: 48.031 	Loss: 1.7512[00m
[91m Client6 Train => Local Epoch: 2 / 5 	Acc: 61.188 	Loss: 1.2717[00m
[91m Client6 Train => Local Epoch: 3 / 5 	Acc: 70.000 	Loss: 0.9671[00m
[91m Client6 Train => Local Epoch: 4 / 5 	Acc: 74.094 	Loss: 0.8228[00m
[92m  Client6 Test => 	Acc: 51.764 	Loss: 1.6332[00m
[91m Client7 Train => Local Epoch: 0 / 5 	Acc: 20.312 	Loss: 2.8092[00m
[91m Client7 Train => Local Epoch: 1 / 5 	Acc: 22.500 	Loss: 2.3874[00m
[91m Client7 Train => Local Epoch: 2 / 5 	Acc: 24.141 	Loss: 2.1642[00m
[91m Client7 Train => Local Epoch: 3 / 5 	Acc: 25.469 	Loss: 2.1176[00m
[91m Client7 Train => Local Epoch: 4 / 5 	Acc: 33.828 	Loss: 1.9609[00m
[92m  Client7 Test => 	Acc: 24.016 	Loss: 3.3079[00m
[91m Client8 Train => Local Epoch: 0 / 5 	Acc: 20.052 	Loss: 10.1290[00m
[91m Client8 Train => Local Epoch: 1 / 5 	Acc: 23.438 	Loss: 2.2887[00m
[91m Client8 Train => Local Epoch: 2 / 5 	Acc: 26.823 	Loss: 2.1203[00m
[91m Client8 Train => Local Epoch: 3 / 5 	Acc: 27.604 	Loss: 2.1012[00m
[91m Client8 Train => Local Epoch: 4 / 5 	Acc: 29.688 	Loss: 2.1701[00m
[92m  Client8 Test => 	Acc: 4.189 	Loss: 3.4216[00m
[91m Client9 Train => Local Epoch: 0 / 5 	Acc: 20.493 	Loss: 2.8848[00m
[91m Client9 Train => Local Epoch: 1 / 5 	Acc: 27.464 	Loss: 2.1292[00m
[91m Client9 Train => Local Epoch: 2 / 5 	Acc: 30.108 	Loss: 2.0594[00m
[91m Client9 Train => Local Epoch: 3 / 5 	Acc: 47.536 	Loss: 1.6471[00m
[91m Client9 Train => Local Epoch: 4 / 5 	Acc: 48.618 	Loss: 1.5405[00m
[92m  Client9 Test => 	Acc: 24.007 	Loss: 2.7443[00m
------------------------------------------------
------ Federation process at Server-Side ------- 
------------------------------------------------
-----------------------------------------------------------
------ FedServer: Federation process at Client-Side ------- 
-----------------------------------------------------------
[92m  Client0 Test => 	Acc: 2.188 	Loss: 2.8501[00m
 Train: Round   0, Avg Accuracy 65.552 | Avg Loss 1.063
[91m Client0 Train => Local Epoch: 0 / 5 	Acc: 100.000 	Loss: 0.0492[00m
[91m Client0 Train => Local Epoch: 1 / 5 	Acc: 100.000 	Loss: 0.0000[00m
[91m Client0 Train => Local Epoch: 2 / 5 	Acc: 100.000 	Loss: 0.0000[00m
[91m Client0 Train => Local Epoch: 3 / 5 	Acc: 100.000 	Loss: 0.0000[00m
[91m Client0 Train => Local Epoch: 4 / 5 	Acc: 100.000 	Loss: 0.0000[00m
[92m  Client0 Test => 	Acc: 2.194 	Loss: 895157278.5231[00m
[91m Client1 Train => Local Epoch: 0 / 5 	Acc: 100.000 	Loss: 0.1608[00m
[91m Client1 Train => Local Epoch: 1 / 5 	Acc: 100.000 	Loss: 0.0000[00m
[91m Client1 Train => Local Epoch: 2 / 5 	Acc: 100.000 	Loss: 0.0000[00m
[91m Client1 Train => Local Epoch: 3 / 5 	Acc: 100.000 	Loss: 0.0000[00m
[91m Client1 Train => Local Epoch: 4 / 5 	Acc: 100.000 	Loss: 0.0000[00m
[92m  Client1 Test => 	Acc: 2.188 	Loss: 2480564.4769[00m
[91m Client2 Train => Local Epoch: 0 / 5 	Acc: 100.000 	Loss: 0.1581[00m
[91m Client2 Train => Local Epoch: 1 / 5 	Acc: 100.000 	Loss: 0.0000[00m
[91m Client2 Train => Local Epoch: 2 / 5 	Acc: 100.000 	Loss: 0.0000[00m
[91m Client2 Train => Local Epoch: 3 / 5 	Acc: 100.000 	Loss: 0.0000[00m
[91m Client2 Train => Local Epoch: 4 / 5 	Acc: 100.000 	Loss: 0.0000[00m
[92m  Client2 Test => 	Acc: 2.201 	Loss: 2731130.6462[00m
[91m Client3 Train => Local Epoch: 0 / 5 	Acc: 30.382 	Loss: 2.1088[00m
[91m Client3 Train => Local Epoch: 1 / 5 	Acc: 60.807 	Loss: 1.4356[00m
[91m Client3 Train => Local Epoch: 2 / 5 	Acc: 69.054 	Loss: 1.0646[00m
[91m Client3 Train => Local Epoch: 3 / 5 	Acc: 74.826 	Loss: 0.8705[00m
[91m Client3 Train => Local Epoch: 4 / 5 	Acc: 78.429 	Loss: 0.7583[00m
[92m  Client3 Test => 	Acc: 49.550 	Loss: 1.9700[00m[codecarbon INFO @ 21:41:53] [setup] RAM Tracking...
[codecarbon INFO @ 21:41:53] [setup] CPU Tracking...
[codecarbon WARNING @ 21:41:53] No CPU tracking mode found. Falling back on CPU constant mode. 
 Windows OS detected: Please install Intel Power Gadget to measure CPU

[codecarbon INFO @ 21:41:55] CPU Model on constant consumption mode: Intel(R) Xeon(R) Gold 6258R CPU @ 2.70GHz
[codecarbon INFO @ 21:41:55] [setup] GPU Tracking...
[codecarbon INFO @ 21:41:55] Tracking Nvidia GPU via pynvml
[codecarbon INFO @ 21:41:55] >>> Tracker's metadata:
[codecarbon INFO @ 21:41:55]   Platform system: Windows-11-10.0.22631-SP0
[codecarbon INFO @ 21:41:55]   Python version: 3.12.7
[codecarbon INFO @ 21:41:55]   CodeCarbon version: 2.8.3
[codecarbon INFO @ 21:41:55]   Available RAM : 126.630 GB
[codecarbon INFO @ 21:41:55]   CPU count: 56
[codecarbon INFO @ 21:41:55]   CPU model: Intel(R) Xeon(R) Gold 6258R CPU @ 2.70GHz
[codecarbon INFO @ 21:41:55]   GPU count: 2
[codecarbon INFO @ 21:41:55]   GPU model: 2 x NVIDIA RTX A5000
[codecarbon INFO @ 21:41:58] Saving emissions data to file C:\Users\pr8pf\Documents\GitHub\SplitFed\emissions.csv
[codecarbon INFO @ 21:41:59] Energy consumed for RAM : 0.000010 kWh. RAM Power : 47.48608875274658 W
[codecarbon INFO @ 21:41:59] Energy consumed for all CPUs : 0.000022 kWh. Total CPU Power : 102.50000000000001 W
[codecarbon INFO @ 21:41:59] Energy consumed for all GPUs : 0.000004 kWh. Total GPU Power : 19.343381645533434 W
[codecarbon INFO @ 21:41:59] 0.000036 kWh of electricity used since the beginning.
[codecarbon INFO @ 21:42:54] [setup] RAM Tracking...
[codecarbon INFO @ 21:42:54] [setup] CPU Tracking...
[codecarbon WARNING @ 21:42:54] No CPU tracking mode found. Falling back on CPU constant mode. 
 Windows OS detected: Please install Intel Power Gadget to measure CPU

[codecarbon INFO @ 21:42:56] CPU Model on constant consumption mode: Intel(R) Xeon(R) Gold 6258R CPU @ 2.70GHz
[codecarbon INFO @ 21:42:56] [setup] GPU Tracking...
[codecarbon INFO @ 21:42:56] Tracking Nvidia GPU via pynvml
[codecarbon INFO @ 21:42:56] >>> Tracker's metadata:
[codecarbon INFO @ 21:42:56]   Platform system: Windows-11-10.0.22631-SP0
[codecarbon INFO @ 21:42:56]   Python version: 3.12.7
[codecarbon INFO @ 21:42:56]   CodeCarbon version: 2.8.3
[codecarbon INFO @ 21:42:56]   Available RAM : 126.630 GB
[codecarbon INFO @ 21:42:56]   CPU count: 56
[codecarbon INFO @ 21:42:56]   CPU model: Intel(R) Xeon(R) Gold 6258R CPU @ 2.70GHz
[codecarbon INFO @ 21:42:56]   GPU count: 2
[codecarbon INFO @ 21:42:56]   GPU model: 2 x NVIDIA RTX A5000
[codecarbon INFO @ 21:42:59] Saving emissions data to file C:\Users\pr8pf\Documents\GitHub\SplitFed\emissions.csv
[codecarbon INFO @ 21:42:59] Energy consumed for RAM : 0.000008 kWh. RAM Power : 47.48608875274658 W
[codecarbon INFO @ 21:42:59] Energy consumed for all CPUs : 0.000018 kWh. Total CPU Power : 102.50000000000001 W
[codecarbon INFO @ 21:42:59] Energy consumed for all GPUs : 0.000004 kWh. Total GPU Power : 19.966482510810746 W
[codecarbon INFO @ 21:42:59] 0.000030 kWh of electricity used since the beginning.
[codecarbon INFO @ 22:05:34] [setup] RAM Tracking...
[codecarbon INFO @ 22:05:34] [setup] CPU Tracking...
[codecarbon WARNING @ 22:05:34] No CPU tracking mode found. Falling back on CPU constant mode. 
 Windows OS detected: Please install Intel Power Gadget to measure CPU

[codecarbon INFO @ 22:05:36] CPU Model on constant consumption mode: Intel(R) Xeon(R) Gold 6258R CPU @ 2.70GHz
[codecarbon INFO @ 22:05:36] [setup] GPU Tracking...
[codecarbon INFO @ 22:05:36] Tracking Nvidia GPU via pynvml
[codecarbon INFO @ 22:05:36] >>> Tracker's metadata:
[codecarbon INFO @ 22:05:36]   Platform system: Windows-11-10.0.22631-SP0
[codecarbon INFO @ 22:05:36]   Python version: 3.12.7
[codecarbon INFO @ 22:05:36]   CodeCarbon version: 2.8.3
[codecarbon INFO @ 22:05:36]   Available RAM : 126.630 GB
[codecarbon INFO @ 22:05:36]   CPU count: 56
[codecarbon INFO @ 22:05:36]   CPU model: Intel(R) Xeon(R) Gold 6258R CPU @ 2.70GHz
[codecarbon INFO @ 22:05:36]   GPU count: 2
[codecarbon INFO @ 22:05:36]   GPU model: 2 x NVIDIA RTX A5000
[codecarbon INFO @ 22:05:39] Saving emissions data to file C:\Users\pr8pf\Documents\GitHub\SplitFed\emissions.csv
[codecarbon INFO @ 22:05:40] Energy consumed for RAM : 0.000010 kWh. RAM Power : 47.48608875274658 W
[codecarbon INFO @ 22:05:40] Energy consumed for all CPUs : 0.000021 kWh. Total CPU Power : 102.50000000000001 W
[codecarbon INFO @ 22:05:40] Energy consumed for all GPUs : 0.000004 kWh. Total GPU Power : 18.338088201242734 W
[codecarbon INFO @ 22:05:40] 0.000034 kWh of electricity used since the beginning.
[codecarbon INFO @ 22:06:35] [setup] RAM Tracking...
[codecarbon INFO @ 22:06:35] [setup] CPU Tracking...
[codecarbon WARNING @ 22:06:35] No CPU tracking mode found. Falling back on CPU constant mode. 
 Windows OS detected: Please install Intel Power Gadget to measure CPU

[codecarbon INFO @ 22:06:37] CPU Model on constant consumption mode: Intel(R) Xeon(R) Gold 6258R CPU @ 2.70GHz
[codecarbon INFO @ 22:06:37] [setup] GPU Tracking...
[codecarbon INFO @ 22:06:37] Tracking Nvidia GPU via pynvml
[codecarbon INFO @ 22:06:37] >>> Tracker's metadata:
[codecarbon INFO @ 22:06:37]   Platform system: Windows-11-10.0.22631-SP0
[codecarbon INFO @ 22:06:37]   Python version: 3.12.7
[codecarbon INFO @ 22:06:37]   CodeCarbon version: 2.8.3
[codecarbon INFO @ 22:06:37]   Available RAM : 126.630 GB
[codecarbon INFO @ 22:06:37]   CPU count: 56
[codecarbon INFO @ 22:06:37]   CPU model: Intel(R) Xeon(R) Gold 6258R CPU @ 2.70GHz
[codecarbon INFO @ 22:06:37]   GPU count: 2
[codecarbon INFO @ 22:06:37]   GPU model: 2 x NVIDIA RTX A5000
[codecarbon INFO @ 22:06:40] Saving emissions data to file C:\Users\pr8pf\Documents\GitHub\SplitFed\emissions.csv
[codecarbon INFO @ 22:06:41] Energy consumed for RAM : 0.000011 kWh. RAM Power : 47.48608875274658 W
[codecarbon INFO @ 22:06:41] Energy consumed for all CPUs : 0.000023 kWh. Total CPU Power : 102.50000000000001 W
[codecarbon INFO @ 22:06:41] Energy consumed for all GPUs : 0.000004 kWh. Total GPU Power : 18.28047068559751 W
[codecarbon INFO @ 22:06:41] 0.000038 kWh of electricity used since the beginning.

[91m Client4 Train => Local Epoch: 0 / 5 	Acc: 13.477 	Loss: 2.6237[00m
[91m Client4 Train => Local Epoch: 1 / 5 	Acc: 25.098 	Loss: 2.2094[00m
[91m Client4 Train => Local Epoch: 2 / 5 	Acc: 45.703 	Loss: 1.7253[00m
[91m Client4 Train => Local Epoch: 3 / 5 	Acc: 53.320 	Loss: 1.2934[00m
[91m Client4 Train => Local Epoch: 4 / 5 	Acc: 61.035 	Loss: 1.1548[00m
[92m  Client4 Test => 	Acc: 27.060 	Loss: 4.0613[00m
[91m Client5 Train => Local Epoch: 0 / 5 	Acc: 12.370 	Loss: 2.5434[00m
[91m Client5 Train => Local Epoch: 1 / 5 	Acc: 25.651 	Loss: 2.0954[00m
[91m Client5 Train => Local Epoch: 2 / 5 	Acc: 27.604 	Loss: 2.1428[00m
[91m Client5 Train => Local Epoch: 3 / 5 	Acc: 28.906 	Loss: 2.0550[00m
[91m Client5 Train => Local Epoch: 4 / 5 	Acc: 39.323 	Loss: 1.8832[00m
[92m  Client5 Test => 	Acc: 22.721 	Loss: 2.9667[00m
[91m Client6 Train => Local Epoch: 0 / 5 	Acc: 22.969 	Loss: 2.3669[00m
[91m Client6 Train => Local Epoch: 1 / 5 	Acc: 48.031 	Loss: 1.7134[00m
[91m Client6 Train => Local Epoch: 2 / 5 	Acc: 63.312 	Loss: 1.2354[00m
[91m Client6 Train => Local Epoch: 3 / 5 	Acc: 71.500 	Loss: 0.9251[00m
[91m Client6 Train => Local Epoch: 4 / 5 	Acc: 72.781 	Loss: 0.8863[00m
[92m  Client6 Test => 	Acc: 45.749 	Loss: 1.8722[00m
[91m Client7 Train => Local Epoch: 0 / 5 	Acc: 19.297 	Loss: 2.3792[00m
[91m Client7 Train => Local Epoch: 1 / 5 	Acc: 27.656 	Loss: 2.1059[00m
[91m Client7 Train => Local Epoch: 2 / 5 	Acc: 38.516 	Loss: 1.8051[00m
[91m Client7 Train => Local Epoch: 3 / 5 	Acc: 44.844 	Loss: 1.6083[00m
[91m Client7 Train => Local Epoch: 4 / 5 	Acc: 54.453 	Loss: 1.3255[00m
[92m  Client7 Test => 	Acc: 41.769 	Loss: 2.5147[00m
[91m Client8 Train => Local Epoch: 0 / 5 	Acc: 12.370 	Loss: 2.8004[00m
[91m Client8 Train => Local Epoch: 1 / 5 	Acc: 23.958 	Loss: 2.2298[00m
[91m Client8 Train => Local Epoch: 2 / 5 	Acc: 38.411 	Loss: 2.0147[00m
[91m Client8 Train => Local Epoch: 3 / 5 	Acc: 29.167 	Loss: 2.2500[00m
[91m Client8 Train => Local Epoch: 4 / 5 	Acc: 40.625 	Loss: 1.8677[00m
[92m  Client8 Test => 	Acc: 15.669 	Loss: 4.4717[00m
[91m Client9 Train => Local Epoch: 0 / 5 	Acc: 22.356 	Loss: 2.3215[00m
[91m Client9 Train => Local Epoch: 1 / 5 	Acc: 35.877 	Loss: 1.9023[00m
[91m Client9 Train => Local Epoch: 2 / 5 	Acc: 56.911 	Loss: 1.3975[00m
[91m Client9 Train => Local Epoch: 3 / 5 	Acc: 66.406 	Loss: 1.1003[00m
[91m Client9 Train => Local Epoch: 4 / 5 	Acc: 74.639 	Loss: 0.8763[00m
[92m  Client9 Test => 	Acc: 55.031 	Loss: 1.7446[00m
------------------------------------------------
------ Federation process at Server-Side ------- 
------------------------------------------------
-----------------------------------------------------------
------ FedServer: Federation process at Client-Side ------- 
-----------------------------------------------------------
[92m  Client0 Test => 	Acc: 12.963 	Loss: 2.7103[00m
 Train: Round   1, Avg Accuracy 72.129 | Avg Loss 0.875
[91m Client0 Train => Local Epoch: 0 / 5 	Acc: 96.552 	Loss: 0.1065[00m
[91m Client0 Train => Local Epoch: 1 / 5 	Acc: 100.000 	Loss: 0.0000[00m
[91m Client0 Train => Local Epoch: 2 / 5 	Acc: 100.000 	Loss: 0.0000[00m
[91m Client0 Train => Local Epoch: 3 / 5 	Acc: 100.000 	Loss: 0.0000[00m
[91m Client0 Train => Local Epoch: 4 / 5 	Acc: 100.000 	Loss: 0.0000[00m
[92m  Client0 Test => 	Acc: 2.201 	Loss: 17079383.4923[00m
[91m Client1 Train => Local Epoch: 0 / 5 	Acc: 88.889 	Loss: 0.4100[00m
[91m Client1 Train => Local Epoch: 1 / 5 	Acc: 100.000 	Loss: 0.0000[00m
[91m Client1 Train => Local Epoch: 2 / 5 	Acc: 100.000 	Loss: 0.0000[00m
[91m Client1 Train => Local Epoch: 3 / 5 	Acc: 100.000 	Loss: 0.0000[00m
[91m Client1 Train => Local Epoch: 4 / 5 	Acc: 100.000 	Loss: 0.0000[00m
[92m  Client1 Test => 	Acc: 2.188 	Loss: 18157.1837[00m
[91m Client2 Train => Local Epoch: 0 / 5 	Acc: 88.889 	Loss: 0.4161[00m
[91m Client2 Train => Local Epoch: 1 / 5 	Acc: 100.000 	Loss: 0.0000[00m
[91m Client2 Train => Local Epoch: 2 / 5 	Acc: 100.000 	Loss: 0.0000[00m
[91m Client2 Train => Local Epoch: 3 / 5 	Acc: 100.000 	Loss: 0.0000[00m
[91m Client2 Train => Local Epoch: 4 / 5 	Acc: 100.000 	Loss: 0.0000[00m
[92m  Client2 Test => 	Acc: 2.201 	Loss: 19979.1777[00m
[91m Client3 Train => Local Epoch: 0 / 5 	Acc: 50.738 	Loss: 1.6658[00m
[91m Client3 Train => Local Epoch: 1 / 5 	Acc: 69.661 	Loss: 1.0866[00m
[91m Client3 Train => Local Epoch: 2 / 5 	Acc: 76.910 	Loss: 0.7791[00m
[91m Client3 Train => Local Epoch: 3 / 5 	Acc: 80.599 	Loss: 0.6263[00m
[91m Client3 Train => Local Epoch: 4 / 5 	Acc: 82.986 	Loss: 0.5424[00m
[92m  Client3 Test => 	Acc: 59.913 	Loss: 1.6794[00m
[91m Client4 Train => Local Epoch: 0 / 5 	Acc: 20.117 	Loss: 2.3077[00m
[91m Client4 Train => Local Epoch: 1 / 5 	Acc: 47.070 	Loss: 1.5946[00m
[91m Client4 Train => Local Epoch: 2 / 5 	Acc: 52.148 	Loss: 1.3926[00m
[91m Client4 Train => Local Epoch: 3 / 5 	Acc: 61.719 	Loss: 1.0904[00m
[91m Client4 Train => Local Epoch: 4 / 5 	Acc: 71.289 	Loss: 0.8626[00m
[92m  Client4 Test => 	Acc: 43.177 	Loss: 3.9788[00m
[91m Client5 Train => Local Epoch: 0 / 5 	Acc: 28.385 	Loss: 2.4165[00m
[91m Client5 Train => Local Epoch: 1 / 5 	Acc: 45.443 	Loss: 1.7818[00m
[91m Client5 Train => Local Epoch: 2 / 5 	Acc: 54.818 	Loss: 1.4179[00m
[91m Client5 Train => Local Epoch: 3 / 5 	Acc: 64.323 	Loss: 1.1202[00m
[91m Client5 Train => Local Epoch: 4 / 5 	Acc: 71.875 	Loss: 0.9299[00m
[92m  Client5 Test => 	Acc: 46.230 	Loss: 2.5265[00m
[91m Client6 Train => Local Epoch: 0 / 5 	Acc: 29.406 	Loss: 2.3443[00m
[91m Client6 Train => Local Epoch: 1 / 5 	Acc: 32.031 	Loss: 2.3639[00m
[91m Client6 Train => Local Epoch: 2 / 5 	Acc: 28.094 	Loss: 2.2046[00m
[91m Client6 Train => Local Epoch: 3 / 5 	Acc: 44.156 	Loss: 1.8300[00m
[91m Client6 Train => Local Epoch: 4 / 5 	Acc: 60.688 	Loss: 1.2767[00m
[92m  Client6 Test => 	Acc: 42.839 	Loss: 2.4071[00m
[91m Client7 Train => Local Epoch: 0 / 5 	Acc: 25.312 	Loss: 2.3103[00m
[91m Client7 Train => Local Epoch: 1 / 5 	Acc: 32.812 	Loss: 2.0928[00m
[91m Client7 Train => Local Epoch: 2 / 5 	Acc: 33.516 	Loss: 1.9248[00m
[91m Client7 Train => Local Epoch: 3 / 5 	Acc: 47.500 	Loss: 1.5613[00m
[91m Client7 Train => Local Epoch: 4 / 5 	Acc: 58.359 	Loss: 1.2531[00m
[92m  Client7 Test => 	Acc: 35.675 	Loss: 2.3013[00m
[91m Client8 Train => Local Epoch: 0 / 5 	Acc: 13.021 	Loss: 2.6888[00m
[91m Client8 Train => Local Epoch: 1 / 5 	Acc: 43.099 	Loss: 2.0227[00m
[91m Client8 Train => Local Epoch: 2 / 5 	Acc: 46.224 	Loss: 1.8285[00m
[91m Client8 Train => Local Epoch: 3 / 5 	Acc: 54.688 	Loss: 1.5845[00m
[91m Client8 Train => Local Epoch: 4 / 5 	Acc: 63.802 	Loss: 1.1429[00m
[92m  Client8 Test => 	Acc: 33.512 	Loss: 2.5171[00m
[91m Client9 Train => Local Epoch: 0 / 5 	Acc: 26.562 	Loss: 2.1496[00m
[91m Client9 Train => Local Epoch: 1 / 5 	Acc: 41.587 	Loss: 1.9347[00m
[91m Client9 Train => Local Epoch: 2 / 5 	Acc: 26.623 	Loss: 2.2130[00m
[91m Client9 Train => Local Epoch: 3 / 5 	Acc: 27.524 	Loss: 2.4543[00m
[91m Client9 Train => Local Epoch: 4 / 5 	Acc: 32.812 	Loss: 1.9386[00m
[92m  Client9 Test => 	Acc: 16.729 	Loss: 3.0416[00m
------------------------------------------------
------ Federation process at Server-Side ------- 
------------------------------------------------
-----------------------------------------------------------
------ FedServer: Federation process at Client-Side ------- 
-----------------------------------------------------------
[92m  Client0 Test => 	Acc: 2.194 	Loss: 12.5453[00m
 Train: Round   2, Avg Accuracy 74.181 | Avg Loss 0.795
[91m Client0 Train => Local Epoch: 0 / 5 	Acc: 100.000 	Loss: 0.0000[00m
[91m Client0 Train => Local Epoch: 1 / 5 	Acc: 100.000 	Loss: 0.0000[00m
[91m Client0 Train => Local Epoch: 2 / 5 	Acc: 100.000 	Loss: 0.0000[00m
[91m Client0 Train => Local Epoch: 3 / 5 	Acc: 100.000 	Loss: 0.0000[00m
[91m Client0 Train => Local Epoch: 4 / 5 	Acc: 100.000 	Loss: 0.0000[00m[codecarbon INFO @ 22:29:20] [setup] RAM Tracking...
[codecarbon INFO @ 22:29:20] [setup] CPU Tracking...
[codecarbon WARNING @ 22:29:20] No CPU tracking mode found. Falling back on CPU constant mode. 
 Windows OS detected: Please install Intel Power Gadget to measure CPU

[codecarbon INFO @ 22:29:21] CPU Model on constant consumption mode: Intel(R) Xeon(R) Gold 6258R CPU @ 2.70GHz
[codecarbon INFO @ 22:29:21] [setup] GPU Tracking...
[codecarbon INFO @ 22:29:21] Tracking Nvidia GPU via pynvml
[codecarbon INFO @ 22:29:22] >>> Tracker's metadata:
[codecarbon INFO @ 22:29:22]   Platform system: Windows-11-10.0.22631-SP0
[codecarbon INFO @ 22:29:22]   Python version: 3.12.7
[codecarbon INFO @ 22:29:22]   CodeCarbon version: 2.8.3
[codecarbon INFO @ 22:29:22]   Available RAM : 126.630 GB
[codecarbon INFO @ 22:29:22]   CPU count: 56
[codecarbon INFO @ 22:29:22]   CPU model: Intel(R) Xeon(R) Gold 6258R CPU @ 2.70GHz
[codecarbon INFO @ 22:29:22]   GPU count: 2
[codecarbon INFO @ 22:29:22]   GPU model: 2 x NVIDIA RTX A5000
[codecarbon INFO @ 22:29:25] Saving emissions data to file C:\Users\pr8pf\Documents\GitHub\SplitFed\emissions.csv
[codecarbon INFO @ 22:29:26] Energy consumed for RAM : 0.000014 kWh. RAM Power : 47.48608875274658 W
[codecarbon INFO @ 22:29:26] Energy consumed for all CPUs : 0.000030 kWh. Total CPU Power : 102.50000000000001 W
[codecarbon INFO @ 22:29:26] Energy consumed for all GPUs : 0.000005 kWh. Total GPU Power : 18.805368067766324 W
[codecarbon INFO @ 22:29:26] 0.000049 kWh of electricity used since the beginning.
[codecarbon INFO @ 22:30:19] [setup] RAM Tracking...
[codecarbon INFO @ 22:30:19] [setup] CPU Tracking...
[codecarbon WARNING @ 22:30:19] No CPU tracking mode found. Falling back on CPU constant mode. 
 Windows OS detected: Please install Intel Power Gadget to measure CPU

[codecarbon INFO @ 22:30:21] CPU Model on constant consumption mode: Intel(R) Xeon(R) Gold 6258R CPU @ 2.70GHz
[codecarbon INFO @ 22:30:21] [setup] GPU Tracking...
[codecarbon INFO @ 22:30:21] Tracking Nvidia GPU via pynvml
[codecarbon INFO @ 22:30:21] >>> Tracker's metadata:
[codecarbon INFO @ 22:30:21]   Platform system: Windows-11-10.0.22631-SP0
[codecarbon INFO @ 22:30:21]   Python version: 3.12.7
[codecarbon INFO @ 22:30:21]   CodeCarbon version: 2.8.3
[codecarbon INFO @ 22:30:21]   Available RAM : 126.630 GB
[codecarbon INFO @ 22:30:21]   CPU count: 56
[codecarbon INFO @ 22:30:21]   CPU model: Intel(R) Xeon(R) Gold 6258R CPU @ 2.70GHz
[codecarbon INFO @ 22:30:21]   GPU count: 2
[codecarbon INFO @ 22:30:21]   GPU model: 2 x NVIDIA RTX A5000
[codecarbon INFO @ 22:30:24] Saving emissions data to file C:\Users\pr8pf\Documents\GitHub\SplitFed\emissions.csv
[codecarbon INFO @ 22:30:25] Energy consumed for RAM : 0.000009 kWh. RAM Power : 47.48608875274658 W
[codecarbon INFO @ 22:30:25] Energy consumed for all CPUs : 0.000019 kWh. Total CPU Power : 102.50000000000001 W
[codecarbon INFO @ 22:30:25] Energy consumed for all GPUs : 0.000004 kWh. Total GPU Power : 19.550619565770486 W
[codecarbon INFO @ 22:30:25] 0.000031 kWh of electricity used since the beginning.

[92m  Client0 Test => 	Acc: 2.188 	Loss: 36.2371[00m
[91m Client1 Train => Local Epoch: 0 / 5 	Acc: 100.000 	Loss: 0.0000[00m
[91m Client1 Train => Local Epoch: 1 / 5 	Acc: 100.000 	Loss: 0.0000[00m
[91m Client1 Train => Local Epoch: 2 / 5 	Acc: 100.000 	Loss: 0.0000[00m
[91m Client1 Train => Local Epoch: 3 / 5 	Acc: 100.000 	Loss: 0.0000[00m
[91m Client1 Train => Local Epoch: 4 / 5 	Acc: 100.000 	Loss: 0.0000[00m
[92m  Client1 Test => 	Acc: 2.194 	Loss: 23.2043[00m
[91m Client2 Train => Local Epoch: 0 / 5 	Acc: 100.000 	Loss: 0.0000[00m
[91m Client2 Train => Local Epoch: 1 / 5 	Acc: 100.000 	Loss: 0.0000[00m
[91m Client2 Train => Local Epoch: 2 / 5 	Acc: 100.000 	Loss: 0.0000[00m
[91m Client2 Train => Local Epoch: 3 / 5 	Acc: 100.000 	Loss: 0.0000[00m
[91m Client2 Train => Local Epoch: 4 / 5 	Acc: 100.000 	Loss: 0.0000[00m
[92m  Client2 Test => 	Acc: 2.188 	Loss: 22.6072[00m
[91m Client3 Train => Local Epoch: 0 / 5 	Acc: 25.260 	Loss: 2.7931[00m
[91m Client3 Train => Local Epoch: 1 / 5 	Acc: 42.057 	Loss: 1.7209[00m
[91m Client3 Train => Local Epoch: 2 / 5 	Acc: 61.285 	Loss: 1.2652[00m
[91m Client3 Train => Local Epoch: 3 / 5 	Acc: 71.658 	Loss: 0.9873[00m
[91m Client3 Train => Local Epoch: 4 / 5 	Acc: 75.781 	Loss: 0.8326[00m
[92m  Client3 Test => 	Acc: 31.825 	Loss: 2.7139[00m
[91m Client4 Train => Local Epoch: 0 / 5 	Acc: 14.844 	Loss: 4.0157[00m
[91m Client4 Train => Local Epoch: 1 / 5 	Acc: 19.434 	Loss: 2.5270[00m
[91m Client4 Train => Local Epoch: 2 / 5 	Acc: 33.789 	Loss: 2.0663[00m
[91m Client4 Train => Local Epoch: 3 / 5 	Acc: 49.316 	Loss: 1.4878[00m
[91m Client4 Train => Local Epoch: 4 / 5 	Acc: 59.473 	Loss: 1.1980[00m
[92m  Client4 Test => 	Acc: 38.438 	Loss: 2.8022[00m
[91m Client5 Train => Local Epoch: 0 / 5 	Acc: 15.234 	Loss: 4.3224[00m
[91m Client5 Train => Local Epoch: 1 / 5 	Acc: 20.443 	Loss: 2.3694[00m
[91m Client5 Train => Local Epoch: 2 / 5 	Acc: 24.479 	Loss: 2.1369[00m
[91m Client5 Train => Local Epoch: 3 / 5 	Acc: 30.729 	Loss: 2.0639[00m
[91m Client5 Train => Local Epoch: 4 / 5 	Acc: 31.380 	Loss: 2.0260[00m
[92m  Client5 Test => 	Acc: 12.362 	Loss: 3.6239[00m
[91m Client6 Train => Local Epoch: 0 / 5 	Acc: 21.938 	Loss: 2.7387[00m
[91m Client6 Train => Local Epoch: 1 / 5 	Acc: 26.156 	Loss: 2.1360[00m
[91m Client6 Train => Local Epoch: 2 / 5 	Acc: 41.938 	Loss: 1.8216[00m
[91m Client6 Train => Local Epoch: 3 / 5 	Acc: 62.062 	Loss: 1.2470[00m
[91m Client6 Train => Local Epoch: 4 / 5 	Acc: 69.656 	Loss: 1.0096[00m
[92m  Client6 Test => 	Acc: 44.407 	Loss: 1.8775[00m
[91m Client7 Train => Local Epoch: 0 / 5 	Acc: 15.312 	Loss: 3.5428[00m
[91m Client7 Train => Local Epoch: 1 / 5 	Acc: 22.656 	Loss: 2.2788[00m
[91m Client7 Train => Local Epoch: 2 / 5 	Acc: 25.859 	Loss: 2.1998[00m
[91m Client7 Train => Local Epoch: 3 / 5 	Acc: 26.641 	Loss: 2.1941[00m
[91m Client7 Train => Local Epoch: 4 / 5 	Acc: 27.500 	Loss: 2.1905[00m
[92m  Client7 Test => 	Acc: 9.649 	Loss: 3.4759[00m
[91m Client8 Train => Local Epoch: 0 / 5 	Acc: 13.802 	Loss: 4.7316[00m
[91m Client8 Train => Local Epoch: 1 / 5 	Acc: 24.870 	Loss: 2.2777[00m
[91m Client8 Train => Local Epoch: 2 / 5 	Acc: 27.995 	Loss: 2.1365[00m
[91m Client8 Train => Local Epoch: 3 / 5 	Acc: 25.260 	Loss: 2.1665[00m
[91m Client8 Train => Local Epoch: 4 / 5 	Acc: 26.562 	Loss: 2.1482[00m
[92m  Client8 Test => 	Acc: 4.093 	Loss: 3.4089[00m
[91m Client9 Train => Local Epoch: 0 / 5 	Acc: 19.651 	Loss: 3.1461[00m
[91m Client9 Train => Local Epoch: 1 / 5 	Acc: 25.901 	Loss: 2.1596[00m
[91m Client9 Train => Local Epoch: 2 / 5 	Acc: 26.202 	Loss: 2.1102[00m
[91m Client9 Train => Local Epoch: 3 / 5 	Acc: 31.490 	Loss: 1.9828[00m
[91m Client9 Train => Local Epoch: 4 / 5 	Acc: 39.002 	Loss: 2.1113[00m
[92m  Client9 Test => 	Acc: 16.723 	Loss: 2.4994[00m
------------------------------------------------
------ Federation process at Server-Side ------- 
------------------------------------------------
-----------------------------------------------------------
------ FedServer: Federation process at Client-Side ------- 
-----------------------------------------------------------
[92m  Client0 Test => 	Acc: 9.642 	Loss: 2.6822[00m
 Train: Round   3, Avg Accuracy 62.936 | Avg Loss 1.152
[91m Client0 Train => Local Epoch: 0 / 5 	Acc: 93.103 	Loss: 0.2365[00m
[91m Client0 Train => Local Epoch: 1 / 5 	Acc: 100.000 	Loss: 0.0000[00m
[91m Client0 Train => Local Epoch: 2 / 5 	Acc: 100.000 	Loss: 0.0000[00m
[91m Client0 Train => Local Epoch: 3 / 5 	Acc: 100.000 	Loss: 0.0000[00m
[91m Client0 Train => Local Epoch: 4 / 5 	Acc: 100.000 	Loss: 0.0000[00m
[92m  Client0 Test => 	Acc: 2.188 	Loss: 406681.6548[00m
[91m Client1 Train => Local Epoch: 0 / 5 	Acc: 77.778 	Loss: 0.9894[00m
[91m Client1 Train => Local Epoch: 1 / 5 	Acc: 100.000 	Loss: 0.0000[00m
[91m Client1 Train => Local Epoch: 2 / 5 	Acc: 100.000 	Loss: 0.0000[00m
[91m Client1 Train => Local Epoch: 3 / 5 	Acc: 100.000 	Loss: 0.0000[00m
[91m Client1 Train => Local Epoch: 4 / 5 	Acc: 100.000 	Loss: 0.0000[00m
[92m  Client1 Test => 	Acc: 2.188 	Loss: 3353.9973[00m
[91m Client2 Train => Local Epoch: 0 / 5 	Acc: 77.778 	Loss: 0.9921[00m
[91m Client2 Train => Local Epoch: 1 / 5 	Acc: 100.000 	Loss: 0.0000[00m
[91m Client2 Train => Local Epoch: 2 / 5 	Acc: 100.000 	Loss: 0.0000[00m
[91m Client2 Train => Local Epoch: 3 / 5 	Acc: 100.000 	Loss: 0.0000[00m
[91m Client2 Train => Local Epoch: 4 / 5 	Acc: 100.000 	Loss: 0.0000[00m
[92m  Client2 Test => 	Acc: 2.214 	Loss: 3246.9529[00m
[91m Client3 Train => Local Epoch: 0 / 5 	Acc: 28.385 	Loss: 2.0646[00m
[91m Client3 Train => Local Epoch: 1 / 5 	Acc: 39.714 	Loss: 1.8072[00m
[91m Client3 Train => Local Epoch: 2 / 5 	Acc: 64.670 	Loss: 1.3125[00m
[91m Client3 Train => Local Epoch: 3 / 5 	Acc: 69.705 	Loss: 1.0326[00m
[91m Client3 Train => Local Epoch: 4 / 5 	Acc: 72.786 	Loss: 1.0013[00m
[92m  Client3 Test => 	Acc: 30.325 	Loss: 2.6949[00m
[91m Client4 Train => Local Epoch: 0 / 5 	Acc: 13.379 	Loss: 2.5903[00m
[91m Client4 Train => Local Epoch: 1 / 5 	Acc: 24.316 	Loss: 2.2622[00m
[91m Client4 Train => Local Epoch: 2 / 5 	Acc: 20.508 	Loss: 2.2230[00m
[91m Client4 Train => Local Epoch: 3 / 5 	Acc: 27.637 	Loss: 2.0114[00m
[91m Client4 Train => Local Epoch: 4 / 5 	Acc: 40.430 	Loss: 1.7414[00m
[92m  Client4 Test => 	Acc: 18.598 	Loss: 3.7611[00m
[91m Client5 Train => Local Epoch: 0 / 5 	Acc: 19.661 	Loss: 2.4004[00m
[91m Client5 Train => Local Epoch: 1 / 5 	Acc: 29.427 	Loss: 2.0851[00m
[91m Client5 Train => Local Epoch: 2 / 5 	Acc: 29.948 	Loss: 2.0476[00m
[91m Client5 Train => Local Epoch: 3 / 5 	Acc: 41.146 	Loss: 1.9084[00m
[91m Client5 Train => Local Epoch: 4 / 5 	Acc: 49.349 	Loss: 1.5691[00m
[92m  Client5 Test => 	Acc: 25.349 	Loss: 3.0336[00m
[91m Client6 Train => Local Epoch: 0 / 5 	Acc: 23.531 	Loss: 2.1969[00m
[91m Client6 Train => Local Epoch: 1 / 5 	Acc: 36.938 	Loss: 1.9126[00m
[91m Client6 Train => Local Epoch: 2 / 5 	Acc: 62.406 	Loss: 1.2458[00m
[91m Client6 Train => Local Epoch: 3 / 5 	Acc: 67.438 	Loss: 1.0494[00m
[91m Client6 Train => Local Epoch: 4 / 5 	Acc: 76.719 	Loss: 0.7480[00m
[92m  Client6 Test => 	Acc: 55.517 	Loss: 1.5625[00m
[91m Client7 Train => Local Epoch: 0 / 5 	Acc: 26.641 	Loss: 2.3594[00m
[91m Client7 Train => Local Epoch: 1 / 5 	Acc: 24.375 	Loss: 2.1943[00m
[91m Client7 Train => Local Epoch: 2 / 5 	Acc: 26.719 	Loss: 2.1772[00m
[91m Client7 Train => Local Epoch: 3 / 5 	Acc: 33.516 	Loss: 2.0177[00m
[91m Client7 Train => Local Epoch: 4 / 5 	Acc: 44.062 	Loss: 1.7329[00m
[92m  Client7 Test => 	Acc: 25.603 	Loss: 2.5975[00m
[91m Client8 Train => Local Epoch: 0 / 5 	Acc: 11.328 	Loss: 2.7490[00m
[91m Client8 Train => Local Epoch: 1 / 5 	Acc: 26.693 	Loss: 2.2937[00m
[91m Client8 Train => Local Epoch: 2 / 5 	Acc: 24.479 	Loss: 2.1353[00m
[91m Client8 Train => Local Epoch: 3 / 5 	Acc: 23.828 	Loss: 2.1205[00m
[91m Client8 Train => Local Epoch: 4 / 5 	Acc: 33.594 	Loss: 2.0058[00m[codecarbon INFO @ 22:53:04] [setup] RAM Tracking...
[codecarbon INFO @ 22:53:04] [setup] CPU Tracking...
[codecarbon WARNING @ 22:53:04] No CPU tracking mode found. Falling back on CPU constant mode. 
 Windows OS detected: Please install Intel Power Gadget to measure CPU

[codecarbon INFO @ 22:53:05] CPU Model on constant consumption mode: Intel(R) Xeon(R) Gold 6258R CPU @ 2.70GHz
[codecarbon INFO @ 22:53:05] [setup] GPU Tracking...
[codecarbon INFO @ 22:53:05] Tracking Nvidia GPU via pynvml
[codecarbon INFO @ 22:53:05] >>> Tracker's metadata:
[codecarbon INFO @ 22:53:05]   Platform system: Windows-11-10.0.22631-SP0
[codecarbon INFO @ 22:53:05]   Python version: 3.12.7
[codecarbon INFO @ 22:53:05]   CodeCarbon version: 2.8.3
[codecarbon INFO @ 22:53:05]   Available RAM : 126.630 GB
[codecarbon INFO @ 22:53:05]   CPU count: 56
[codecarbon INFO @ 22:53:05]   CPU model: Intel(R) Xeon(R) Gold 6258R CPU @ 2.70GHz
[codecarbon INFO @ 22:53:05]   GPU count: 2
[codecarbon INFO @ 22:53:05]   GPU model: 2 x NVIDIA RTX A5000
[codecarbon INFO @ 22:53:08] Saving emissions data to file C:\Users\pr8pf\Documents\GitHub\SplitFed\emissions.csv
[codecarbon INFO @ 22:53:10] Energy consumed for RAM : 0.000015 kWh. RAM Power : 47.48608875274658 W
[codecarbon INFO @ 22:53:10] Energy consumed for all CPUs : 0.000032 kWh. Total CPU Power : 102.50000000000001 W
[codecarbon INFO @ 22:53:10] Energy consumed for all GPUs : 0.000006 kWh. Total GPU Power : 18.73765975281604 W
[codecarbon INFO @ 22:53:10] 0.000052 kWh of electricity used since the beginning.
[codecarbon INFO @ 22:54:05] [setup] RAM Tracking...
[codecarbon INFO @ 22:54:05] [setup] CPU Tracking...
[codecarbon WARNING @ 22:54:05] No CPU tracking mode found. Falling back on CPU constant mode. 
 Windows OS detected: Please install Intel Power Gadget to measure CPU

[codecarbon INFO @ 22:54:07] CPU Model on constant consumption mode: Intel(R) Xeon(R) Gold 6258R CPU @ 2.70GHz
[codecarbon INFO @ 22:54:07] [setup] GPU Tracking...
[codecarbon INFO @ 22:54:07] Tracking Nvidia GPU via pynvml
[codecarbon INFO @ 22:54:07] >>> Tracker's metadata:
[codecarbon INFO @ 22:54:07]   Platform system: Windows-11-10.0.22631-SP0
[codecarbon INFO @ 22:54:07]   Python version: 3.12.7
[codecarbon INFO @ 22:54:07]   CodeCarbon version: 2.8.3
[codecarbon INFO @ 22:54:07]   Available RAM : 126.630 GB
[codecarbon INFO @ 22:54:07]   CPU count: 56
[codecarbon INFO @ 22:54:07]   CPU model: Intel(R) Xeon(R) Gold 6258R CPU @ 2.70GHz
[codecarbon INFO @ 22:54:07]   GPU count: 2
[codecarbon INFO @ 22:54:07]   GPU model: 2 x NVIDIA RTX A5000
[codecarbon INFO @ 22:54:10] Saving emissions data to file C:\Users\pr8pf\Documents\GitHub\SplitFed\emissions.csv
[codecarbon INFO @ 22:54:11] Energy consumed for RAM : 0.000010 kWh. RAM Power : 47.48608875274658 W
[codecarbon INFO @ 22:54:11] Energy consumed for all CPUs : 0.000023 kWh. Total CPU Power : 102.50000000000001 W
[codecarbon INFO @ 22:54:11] Energy consumed for all GPUs : 0.000004 kWh. Total GPU Power : 19.682107131173957 W
[codecarbon INFO @ 22:54:11] 0.000037 kWh of electricity used since the beginning.
[codecarbon INFO @ 23:16:54] [setup] RAM Tracking...
[codecarbon INFO @ 23:16:54] [setup] CPU Tracking...
[codecarbon WARNING @ 23:16:54] No CPU tracking mode found. Falling back on CPU constant mode. 
 Windows OS detected: Please install Intel Power Gadget to measure CPU

[codecarbon INFO @ 23:16:56] CPU Model on constant consumption mode: Intel(R) Xeon(R) Gold 6258R CPU @ 2.70GHz
[codecarbon INFO @ 23:16:56] [setup] GPU Tracking...
[codecarbon INFO @ 23:16:56] Tracking Nvidia GPU via pynvml
[codecarbon INFO @ 23:16:56] >>> Tracker's metadata:
[codecarbon INFO @ 23:16:56]   Platform system: Windows-11-10.0.22631-SP0
[codecarbon INFO @ 23:16:56]   Python version: 3.12.7
[codecarbon INFO @ 23:16:56]   CodeCarbon version: 2.8.3
[codecarbon INFO @ 23:16:56]   Available RAM : 126.630 GB
[codecarbon INFO @ 23:16:56]   CPU count: 56
[codecarbon INFO @ 23:16:56]   CPU model: Intel(R) Xeon(R) Gold 6258R CPU @ 2.70GHz
[codecarbon INFO @ 23:16:56]   GPU count: 2
[codecarbon INFO @ 23:16:56]   GPU model: 2 x NVIDIA RTX A5000
[codecarbon INFO @ 23:16:59] Saving emissions data to file C:\Users\pr8pf\Documents\GitHub\SplitFed\emissions.csv
[codecarbon INFO @ 23:17:00] Energy consumed for RAM : 0.000014 kWh. RAM Power : 47.48608875274658 W
[codecarbon INFO @ 23:17:00] Energy consumed for all CPUs : 0.000029 kWh. Total CPU Power : 102.50000000000001 W
[codecarbon INFO @ 23:17:00] Energy consumed for all GPUs : 0.000005 kWh. Total GPU Power : 19.241053901539953 W
[codecarbon INFO @ 23:17:00] 0.000048 kWh of electricity used since the beginning.
[codecarbon INFO @ 23:17:56] [setup] RAM Tracking...
[codecarbon INFO @ 23:17:56] [setup] CPU Tracking...
[codecarbon WARNING @ 23:17:56] No CPU tracking mode found. Falling back on CPU constant mode. 
 Windows OS detected: Please install Intel Power Gadget to measure CPU

[codecarbon INFO @ 23:17:58] CPU Model on constant consumption mode: Intel(R) Xeon(R) Gold 6258R CPU @ 2.70GHz
[codecarbon INFO @ 23:17:58] [setup] GPU Tracking...
[codecarbon INFO @ 23:17:58] Tracking Nvidia GPU via pynvml
[codecarbon INFO @ 23:17:58] >>> Tracker's metadata:
[codecarbon INFO @ 23:17:58]   Platform system: Windows-11-10.0.22631-SP0
[codecarbon INFO @ 23:17:58]   Python version: 3.12.7
[codecarbon INFO @ 23:17:58]   CodeCarbon version: 2.8.3
[codecarbon INFO @ 23:17:58]   Available RAM : 126.630 GB
[codecarbon INFO @ 23:17:58]   CPU count: 56
[codecarbon INFO @ 23:17:58]   CPU model: Intel(R) Xeon(R) Gold 6258R CPU @ 2.70GHz
[codecarbon INFO @ 23:17:58]   GPU count: 2
[codecarbon INFO @ 23:17:58]   GPU model: 2 x NVIDIA RTX A5000
[codecarbon INFO @ 23:18:01] Saving emissions data to file C:\Users\pr8pf\Documents\GitHub\SplitFed\emissions.csv
[codecarbon INFO @ 23:18:02] Energy consumed for RAM : 0.000013 kWh. RAM Power : 47.48608875274658 W
[codecarbon INFO @ 23:18:02] Energy consumed for all CPUs : 0.000027 kWh. Total CPU Power : 102.50000000000001 W
[codecarbon INFO @ 23:18:02] Energy consumed for all GPUs : 0.000007 kWh. Total GPU Power : 24.367233660934495 W
[codecarbon INFO @ 23:18:02] 0.000047 kWh of electricity used since the beginning.

[92m  Client8 Test => 	Acc: 15.699 	Loss: 3.5168[00m
[91m Client9 Train => Local Epoch: 0 / 5 	Acc: 26.322 	Loss: 2.2444[00m
[91m Client9 Train => Local Epoch: 1 / 5 	Acc: 28.666 	Loss: 1.9748[00m
[91m Client9 Train => Local Epoch: 2 / 5 	Acc: 44.351 	Loss: 1.6584[00m
[91m Client9 Train => Local Epoch: 3 / 5 	Acc: 60.276 	Loss: 1.2960[00m
[91m Client9 Train => Local Epoch: 4 / 5 	Acc: 70.072 	Loss: 1.0016[00m
[92m  Client9 Test => 	Acc: 45.511 	Loss: 2.2548[00m
------------------------------------------------
------ Federation process at Server-Side ------- 
------------------------------------------------
-----------------------------------------------------------
------ FedServer: Federation process at Client-Side ------- 
-----------------------------------------------------------
[92m  Client0 Test => 	Acc: 2.194 	Loss: 2.8712[00m
 Train: Round   4, Avg Accuracy 68.701 | Avg Loss 0.980
[91m Client0 Train => Local Epoch: 0 / 5 	Acc: 100.000 	Loss: 0.0529[00m
[91m Client0 Train => Local Epoch: 1 / 5 	Acc: 100.000 	Loss: 0.0000[00m
[91m Client0 Train => Local Epoch: 2 / 5 	Acc: 100.000 	Loss: 0.0000[00m
[91m Client0 Train => Local Epoch: 3 / 5 	Acc: 100.000 	Loss: 0.0000[00m
[91m Client0 Train => Local Epoch: 4 / 5 	Acc: 100.000 	Loss: 0.0000[00m
[92m  Client0 Test => 	Acc: 2.188 	Loss: 9358157.8462[00m
[91m Client1 Train => Local Epoch: 0 / 5 	Acc: 100.000 	Loss: 0.2049[00m
[91m Client1 Train => Local Epoch: 1 / 5 	Acc: 100.000 	Loss: 0.0000[00m
[91m Client1 Train => Local Epoch: 2 / 5 	Acc: 100.000 	Loss: 0.0000[00m
[91m Client1 Train => Local Epoch: 3 / 5 	Acc: 100.000 	Loss: 0.0000[00m
[91m Client1 Train => Local Epoch: 4 / 5 	Acc: 100.000 	Loss: 0.0000[00m
[92m  Client1 Test => 	Acc: 2.194 	Loss: 52167.2341[00m
[91m Client2 Train => Local Epoch: 0 / 5 	Acc: 100.000 	Loss: 0.2055[00m
[91m Client2 Train => Local Epoch: 1 / 5 	Acc: 100.000 	Loss: 0.0000[00m
[91m Client2 Train => Local Epoch: 2 / 5 	Acc: 100.000 	Loss: 0.0000[00m
[91m Client2 Train => Local Epoch: 3 / 5 	Acc: 100.000 	Loss: 0.0000[00m
[91m Client2 Train => Local Epoch: 4 / 5 	Acc: 100.000 	Loss: 0.0000[00m
[92m  Client2 Test => 	Acc: 2.194 	Loss: 96998.8089[00m
[91m Client3 Train => Local Epoch: 0 / 5 	Acc: 26.259 	Loss: 2.1119[00m
[91m Client3 Train => Local Epoch: 1 / 5 	Acc: 30.946 	Loss: 1.9142[00m
[91m Client3 Train => Local Epoch: 2 / 5 	Acc: 33.247 	Loss: 1.9084[00m
[91m Client3 Train => Local Epoch: 3 / 5 	Acc: 32.769 	Loss: 1.9041[00m
[91m Client3 Train => Local Epoch: 4 / 5 	Acc: 33.247 	Loss: 1.9033[00m
[92m  Client3 Test => 	Acc: 7.942 	Loss: 3.4041[00m
[91m Client4 Train => Local Epoch: 0 / 5 	Acc: 7.324 	Loss: 2.6397[00m
[91m Client4 Train => Local Epoch: 1 / 5 	Acc: 21.680 	Loss: 2.2809[00m
[91m Client4 Train => Local Epoch: 2 / 5 	Acc: 24.805 	Loss: 2.2452[00m
[91m Client4 Train => Local Epoch: 3 / 5 	Acc: 25.098 	Loss: 2.2279[00m
[91m Client4 Train => Local Epoch: 4 / 5 	Acc: 25.586 	Loss: 2.2117[00m
[92m  Client4 Test => 	Acc: 5.604 	Loss: 3.8063[00m
[91m Client5 Train => Local Epoch: 0 / 5 	Acc: 5.599 	Loss: 2.5277[00m
[91m Client5 Train => Local Epoch: 1 / 5 	Acc: 29.948 	Loss: 2.1305[00m
[91m Client5 Train => Local Epoch: 2 / 5 	Acc: 31.120 	Loss: 2.0554[00m
[91m Client5 Train => Local Epoch: 3 / 5 	Acc: 30.990 	Loss: 2.0220[00m
[91m Client5 Train => Local Epoch: 4 / 5 	Acc: 30.729 	Loss: 2.0272[00m
[92m  Client5 Test => 	Acc: 12.348 	Loss: 3.5116[00m
[91m Client6 Train => Local Epoch: 0 / 5 	Acc: 20.125 	Loss: 2.2621[00m
[91m Client6 Train => Local Epoch: 1 / 5 	Acc: 24.625 	Loss: 2.0825[00m
[91m Client6 Train => Local Epoch: 2 / 5 	Acc: 24.938 	Loss: 2.0839[00m
[91m Client6 Train => Local Epoch: 3 / 5 	Acc: 25.438 	Loss: 2.0806[00m
[91m Client6 Train => Local Epoch: 4 / 5 	Acc: 25.125 	Loss: 2.0784[00m
[92m  Client6 Test => 	Acc: 12.348 	Loss: 3.2105[00m
[91m Client7 Train => Local Epoch: 0 / 5 	Acc: 21.016 	Loss: 2.3902[00m
[91m Client7 Train => Local Epoch: 1 / 5 	Acc: 25.000 	Loss: 2.2057[00m
[91m Client7 Train => Local Epoch: 2 / 5 	Acc: 27.031 	Loss: 2.1832[00m
[91m Client7 Train => Local Epoch: 3 / 5 	Acc: 27.031 	Loss: 2.1833[00m
[91m Client7 Train => Local Epoch: 4 / 5 	Acc: 27.031 	Loss: 2.1799[00m
[92m  Client7 Test => 	Acc: 9.636 	Loss: 3.3778[00m
[91m Client8 Train => Local Epoch: 0 / 5 	Acc: 6.380 	Loss: 2.8424[00m
[91m Client8 Train => Local Epoch: 1 / 5 	Acc: 22.526 	Loss: 2.3059[00m
[91m Client8 Train => Local Epoch: 2 / 5 	Acc: 27.344 	Loss: 2.1762[00m
[91m Client8 Train => Local Epoch: 3 / 5 	Acc: 24.349 	Loss: 2.1398[00m
[91m Client8 Train => Local Epoch: 4 / 5 	Acc: 28.125 	Loss: 2.1234[00m
[92m  Client8 Test => 	Acc: 4.093 	Loss: 3.5580[00m
[91m Client9 Train => Local Epoch: 0 / 5 	Acc: 18.089 	Loss: 2.3458[00m
[91m Client9 Train => Local Epoch: 1 / 5 	Acc: 24.940 	Loss: 2.1307[00m
[91m Client9 Train => Local Epoch: 2 / 5 	Acc: 25.180 	Loss: 2.0985[00m
[91m Client9 Train => Local Epoch: 3 / 5 	Acc: 25.901 	Loss: 2.1002[00m
[91m Client9 Train => Local Epoch: 4 / 5 	Acc: 26.382 	Loss: 2.1036[00m
[92m  Client9 Test => 	Acc: 9.649 	Loss: 3.1426[00m
------------------------------------------------
------ Federation process at Server-Side ------- 
------------------------------------------------
-----------------------------------------------------------
------ FedServer: Federation process at Client-Side ------- 
-----------------------------------------------------------
[92m  Client0 Test => 	Acc: 2.194 	Loss: 3.6002[00m
 Train: Round   5, Avg Accuracy 49.623 | Avg Loss 1.463
[91m Client0 Train => Local Epoch: 0 / 5 	Acc: 100.000 	Loss: 0.0140[00m
[91m Client0 Train => Local Epoch: 1 / 5 	Acc: 100.000 	Loss: 0.0000[00m
[91m Client0 Train => Local Epoch: 2 / 5 	Acc: 100.000 	Loss: 0.0000[00m
[91m Client0 Train => Local Epoch: 3 / 5 	Acc: 100.000 	Loss: 0.0000[00m
[91m Client0 Train => Local Epoch: 4 / 5 	Acc: 100.000 	Loss: 0.0000[00m
[92m  Client0 Test => 	Acc: 2.201 	Loss: 212751686.6462[00m
[91m Client1 Train => Local Epoch: 0 / 5 	Acc: 100.000 	Loss: 0.0442[00m
[91m Client1 Train => Local Epoch: 1 / 5 	Acc: 100.000 	Loss: 0.0000[00m
[91m Client1 Train => Local Epoch: 2 / 5 	Acc: 100.000 	Loss: 0.0000[00m
[91m Client1 Train => Local Epoch: 3 / 5 	Acc: 100.000 	Loss: 0.0000[00m
[91m Client1 Train => Local Epoch: 4 / 5 	Acc: 100.000 	Loss: 0.0000[00m
[92m  Client1 Test => 	Acc: 2.208 	Loss: 2487362.4000[00m
[91m Client2 Train => Local Epoch: 0 / 5 	Acc: 100.000 	Loss: 0.0441[00m
[91m Client2 Train => Local Epoch: 1 / 5 	Acc: 100.000 	Loss: 0.0000[00m
[91m Client2 Train => Local Epoch: 2 / 5 	Acc: 100.000 	Loss: 0.0000[00m
[91m Client2 Train => Local Epoch: 3 / 5 	Acc: 100.000 	Loss: 0.0000[00m
[91m Client2 Train => Local Epoch: 4 / 5 	Acc: 100.000 	Loss: 0.0000[00m
[92m  Client2 Test => 	Acc: 2.188 	Loss: 3051413.9962[00m
[91m Client3 Train => Local Epoch: 0 / 5 	Acc: 26.606 	Loss: 2.1501[00m
[91m Client3 Train => Local Epoch: 1 / 5 	Acc: 32.943 	Loss: 1.9168[00m
[91m Client3 Train => Local Epoch: 2 / 5 	Acc: 33.377 	Loss: 1.8963[00m
[91m Client3 Train => Local Epoch: 3 / 5 	Acc: 33.464 	Loss: 1.8991[00m
[91m Client3 Train => Local Epoch: 4 / 5 	Acc: 33.507 	Loss: 1.9018[00m
[92m  Client3 Test => 	Acc: 7.942 	Loss: 3.4473[00m
[91m Client4 Train => Local Epoch: 0 / 5 	Acc: 12.793 	Loss: 2.7155[00m
[91m Client4 Train => Local Epoch: 1 / 5 	Acc: 24.805 	Loss: 2.2772[00m
[91m Client4 Train => Local Epoch: 2 / 5 	Acc: 24.707 	Loss: 2.2427[00m
[91m Client4 Train => Local Epoch: 3 / 5 	Acc: 25.195 	Loss: 2.2117[00m
[91m Client4 Train => Local Epoch: 4 / 5 	Acc: 25.098 	Loss: 2.2126[00m
[92m  Client4 Test => 	Acc: 5.604 	Loss: 3.7897[00m
[91m Client5 Train => Local Epoch: 0 / 5 	Acc: 10.026 	Loss: 2.6044[00m
[91m Client5 Train => Local Epoch: 1 / 5 	Acc: 30.990 	Loss: 2.0987[00m
[91m Client5 Train => Local Epoch: 2 / 5 	Acc: 30.859 	Loss: 2.0300[00m
[91m Client5 Train => Local Epoch: 3 / 5 	Acc: 31.250 	Loss: 2.0069[00m[codecarbon INFO @ 23:40:38] [setup] RAM Tracking...
[codecarbon INFO @ 23:40:38] [setup] CPU Tracking...
[codecarbon WARNING @ 23:40:38] No CPU tracking mode found. Falling back on CPU constant mode. 
 Windows OS detected: Please install Intel Power Gadget to measure CPU

[codecarbon INFO @ 23:40:40] CPU Model on constant consumption mode: Intel(R) Xeon(R) Gold 6258R CPU @ 2.70GHz
[codecarbon INFO @ 23:40:40] [setup] GPU Tracking...
[codecarbon INFO @ 23:40:40] Tracking Nvidia GPU via pynvml
[codecarbon INFO @ 23:40:40] >>> Tracker's metadata:
[codecarbon INFO @ 23:40:40]   Platform system: Windows-11-10.0.22631-SP0
[codecarbon INFO @ 23:40:40]   Python version: 3.12.7
[codecarbon INFO @ 23:40:40]   CodeCarbon version: 2.8.3
[codecarbon INFO @ 23:40:40]   Available RAM : 126.630 GB
[codecarbon INFO @ 23:40:40]   CPU count: 56
[codecarbon INFO @ 23:40:40]   CPU model: Intel(R) Xeon(R) Gold 6258R CPU @ 2.70GHz
[codecarbon INFO @ 23:40:40]   GPU count: 2
[codecarbon INFO @ 23:40:40]   GPU model: 2 x NVIDIA RTX A5000
[codecarbon INFO @ 23:40:43] Saving emissions data to file C:\Users\pr8pf\Documents\GitHub\SplitFed\emissions.csv
[codecarbon INFO @ 23:40:44] Energy consumed for RAM : 0.000012 kWh. RAM Power : 47.48608875274658 W
[codecarbon INFO @ 23:40:44] Energy consumed for all CPUs : 0.000025 kWh. Total CPU Power : 102.50000000000001 W
[codecarbon INFO @ 23:40:44] Energy consumed for all GPUs : 0.000005 kWh. Total GPU Power : 18.261234730718133 W
[codecarbon INFO @ 23:40:44] 0.000042 kWh of electricity used since the beginning.
[codecarbon INFO @ 23:41:39] [setup] RAM Tracking...
[codecarbon INFO @ 23:41:39] [setup] CPU Tracking...
[codecarbon WARNING @ 23:41:39] No CPU tracking mode found. Falling back on CPU constant mode. 
 Windows OS detected: Please install Intel Power Gadget to measure CPU

[codecarbon INFO @ 23:41:41] CPU Model on constant consumption mode: Intel(R) Xeon(R) Gold 6258R CPU @ 2.70GHz
[codecarbon INFO @ 23:41:41] [setup] GPU Tracking...
[codecarbon INFO @ 23:41:41] Tracking Nvidia GPU via pynvml
[codecarbon INFO @ 23:41:41] >>> Tracker's metadata:
[codecarbon INFO @ 23:41:41]   Platform system: Windows-11-10.0.22631-SP0
[codecarbon INFO @ 23:41:41]   Python version: 3.12.7
[codecarbon INFO @ 23:41:41]   CodeCarbon version: 2.8.3
[codecarbon INFO @ 23:41:41]   Available RAM : 126.630 GB
[codecarbon INFO @ 23:41:41]   CPU count: 56
[codecarbon INFO @ 23:41:41]   CPU model: Intel(R) Xeon(R) Gold 6258R CPU @ 2.70GHz
[codecarbon INFO @ 23:41:41]   GPU count: 2
[codecarbon INFO @ 23:41:41]   GPU model: 2 x NVIDIA RTX A5000
[codecarbon INFO @ 23:41:44] Saving emissions data to file C:\Users\pr8pf\Documents\GitHub\SplitFed\emissions.csv
[codecarbon INFO @ 23:41:45] Energy consumed for RAM : 0.000010 kWh. RAM Power : 47.48608875274658 W
[codecarbon INFO @ 23:41:45] Energy consumed for all CPUs : 0.000022 kWh. Total CPU Power : 102.50000000000001 W
[codecarbon INFO @ 23:41:45] Energy consumed for all GPUs : 0.000004 kWh. Total GPU Power : 19.50844208550159 W
[codecarbon INFO @ 23:41:45] 0.000036 kWh of electricity used since the beginning.
[codecarbon INFO @ 00:04:31] [setup] RAM Tracking...
[codecarbon INFO @ 00:04:31] [setup] CPU Tracking...
[codecarbon WARNING @ 00:04:31] No CPU tracking mode found. Falling back on CPU constant mode. 
 Windows OS detected: Please install Intel Power Gadget to measure CPU

[codecarbon INFO @ 00:04:33] CPU Model on constant consumption mode: Intel(R) Xeon(R) Gold 6258R CPU @ 2.70GHz
[codecarbon INFO @ 00:04:33] [setup] GPU Tracking...
[codecarbon INFO @ 00:04:33] Tracking Nvidia GPU via pynvml
[codecarbon INFO @ 00:04:33] >>> Tracker's metadata:
[codecarbon INFO @ 00:04:33]   Platform system: Windows-11-10.0.22631-SP0
[codecarbon INFO @ 00:04:33]   Python version: 3.12.7
[codecarbon INFO @ 00:04:33]   CodeCarbon version: 2.8.3
[codecarbon INFO @ 00:04:33]   Available RAM : 126.630 GB
[codecarbon INFO @ 00:04:33]   CPU count: 56
[codecarbon INFO @ 00:04:33]   CPU model: Intel(R) Xeon(R) Gold 6258R CPU @ 2.70GHz
[codecarbon INFO @ 00:04:33]   GPU count: 2
[codecarbon INFO @ 00:04:33]   GPU model: 2 x NVIDIA RTX A5000
[codecarbon INFO @ 00:04:36] Saving emissions data to file C:\Users\pr8pf\Documents\GitHub\SplitFed\emissions.csv
[codecarbon INFO @ 00:04:37] Energy consumed for RAM : 0.000016 kWh. RAM Power : 47.48608875274658 W
[codecarbon INFO @ 00:04:37] Energy consumed for all CPUs : 0.000034 kWh. Total CPU Power : 102.50000000000001 W
[codecarbon INFO @ 00:04:37] Energy consumed for all GPUs : 0.000006 kWh. Total GPU Power : 18.237605472229912 W
[codecarbon INFO @ 00:04:37] 0.000056 kWh of electricity used since the beginning.
[codecarbon INFO @ 00:05:32] [setup] RAM Tracking...
[codecarbon INFO @ 00:05:32] [setup] CPU Tracking...
[codecarbon WARNING @ 00:05:32] No CPU tracking mode found. Falling back on CPU constant mode. 
 Windows OS detected: Please install Intel Power Gadget to measure CPU

[codecarbon INFO @ 00:05:33] CPU Model on constant consumption mode: Intel(R) Xeon(R) Gold 6258R CPU @ 2.70GHz
[codecarbon INFO @ 00:05:33] [setup] GPU Tracking...
[codecarbon INFO @ 00:05:33] Tracking Nvidia GPU via pynvml
[codecarbon INFO @ 00:05:33] >>> Tracker's metadata:
[codecarbon INFO @ 00:05:33]   Platform system: Windows-11-10.0.22631-SP0
[codecarbon INFO @ 00:05:33]   Python version: 3.12.7
[codecarbon INFO @ 00:05:33]   CodeCarbon version: 2.8.3
[codecarbon INFO @ 00:05:33]   Available RAM : 126.630 GB
[codecarbon INFO @ 00:05:33]   CPU count: 56
[codecarbon INFO @ 00:05:33]   CPU model: Intel(R) Xeon(R) Gold 6258R CPU @ 2.70GHz
[codecarbon INFO @ 00:05:33]   GPU count: 2
[codecarbon INFO @ 00:05:33]   GPU model: 2 x NVIDIA RTX A5000
[codecarbon INFO @ 00:05:36] Saving emissions data to file C:\Users\pr8pf\Documents\GitHub\SplitFed\emissions.csv
[codecarbon INFO @ 00:05:37] Energy consumed for RAM : 0.000012 kWh. RAM Power : 47.48608875274658 W
[codecarbon INFO @ 00:05:37] Energy consumed for all CPUs : 0.000025 kWh. Total CPU Power : 102.50000000000001 W
[codecarbon INFO @ 00:05:37] Energy consumed for all GPUs : 0.000005 kWh. Total GPU Power : 18.80417565591492 W
[codecarbon INFO @ 00:05:37] 0.000041 kWh of electricity used since the beginning.

[91m Client5 Train => Local Epoch: 4 / 5 	Acc: 30.729 	Loss: 2.0130[00m
[92m  Client5 Test => 	Acc: 12.335 	Loss: 3.4158[00m
[91m Client6 Train => Local Epoch: 0 / 5 	Acc: 21.688 	Loss: 2.2474[00m
[91m Client6 Train => Local Epoch: 1 / 5 	Acc: 26.312 	Loss: 2.0820[00m
[91m Client6 Train => Local Epoch: 2 / 5 	Acc: 25.188 	Loss: 2.0801[00m
[91m Client6 Train => Local Epoch: 3 / 5 	Acc: 25.844 	Loss: 2.0802[00m
[91m Client6 Train => Local Epoch: 4 / 5 	Acc: 24.938 	Loss: 2.0774[00m
[92m  Client6 Test => 	Acc: 11.054 	Loss: 3.2194[00m
[91m Client7 Train => Local Epoch: 0 / 5 	Acc: 20.859 	Loss: 2.4666[00m
[91m Client7 Train => Local Epoch: 1 / 5 	Acc: 23.828 	Loss: 2.2208[00m
[91m Client7 Train => Local Epoch: 2 / 5 	Acc: 27.031 	Loss: 2.1892[00m
[91m Client7 Train => Local Epoch: 3 / 5 	Acc: 27.266 	Loss: 2.1753[00m
[91m Client7 Train => Local Epoch: 4 / 5 	Acc: 26.641 	Loss: 2.1770[00m
[92m  Client7 Test => 	Acc: 9.622 	Loss: 3.3414[00m
[91m Client8 Train => Local Epoch: 0 / 5 	Acc: 5.990 	Loss: 3.1228[00m
[91m Client8 Train => Local Epoch: 1 / 5 	Acc: 26.953 	Loss: 2.3490[00m
[91m Client8 Train => Local Epoch: 2 / 5 	Acc: 27.865 	Loss: 2.1495[00m
[91m Client8 Train => Local Epoch: 3 / 5 	Acc: 26.042 	Loss: 2.1388[00m
[91m Client8 Train => Local Epoch: 4 / 5 	Acc: 27.734 	Loss: 2.1149[00m
[92m  Client8 Test => 	Acc: 4.093 	Loss: 3.5010[00m
[91m Client9 Train => Local Epoch: 0 / 5 	Acc: 18.329 	Loss: 2.3678[00m
[91m Client9 Train => Local Epoch: 1 / 5 	Acc: 26.803 	Loss: 2.1119[00m
[91m Client9 Train => Local Epoch: 2 / 5 	Acc: 24.038 	Loss: 2.1060[00m
[91m Client9 Train => Local Epoch: 3 / 5 	Acc: 26.562 	Loss: 2.0978[00m
[91m Client9 Train => Local Epoch: 4 / 5 	Acc: 24.639 	Loss: 2.0967[00m
[92m  Client9 Test => 	Acc: 7.112 	Loss: 3.1494[00m
------------------------------------------------
------ Federation process at Server-Side ------- 
------------------------------------------------
-----------------------------------------------------------
------ FedServer: Federation process at Client-Side ------- 
-----------------------------------------------------------
[92m  Client0 Test => 	Acc: 12.996 	Loss: 2.6726[00m
 Train: Round   6, Avg Accuracy 49.329 | Avg Loss 1.459
[91m Client0 Train => Local Epoch: 0 / 5 	Acc: 96.175 	Loss: 0.1933[00m
[91m Client0 Train => Local Epoch: 1 / 5 	Acc: 100.000 	Loss: 0.0000[00m
[91m Client0 Train => Local Epoch: 2 / 5 	Acc: 100.000 	Loss: 0.0000[00m
[91m Client0 Train => Local Epoch: 3 / 5 	Acc: 100.000 	Loss: 0.0000[00m
[91m Client0 Train => Local Epoch: 4 / 5 	Acc: 100.000 	Loss: 0.0000[00m
[92m  Client0 Test => 	Acc: 2.194 	Loss: 98.6086[00m
[91m Client1 Train => Local Epoch: 0 / 5 	Acc: 77.778 	Loss: 0.8364[00m
[91m Client1 Train => Local Epoch: 1 / 5 	Acc: 100.000 	Loss: 0.0000[00m
[91m Client1 Train => Local Epoch: 2 / 5 	Acc: 100.000 	Loss: 0.0000[00m
[91m Client1 Train => Local Epoch: 3 / 5 	Acc: 100.000 	Loss: 0.0000[00m
[91m Client1 Train => Local Epoch: 4 / 5 	Acc: 100.000 	Loss: 0.0000[00m
[92m  Client1 Test => 	Acc: 2.208 	Loss: 54.2076[00m
[91m Client2 Train => Local Epoch: 0 / 5 	Acc: 77.778 	Loss: 0.8384[00m
[91m Client2 Train => Local Epoch: 1 / 5 	Acc: 100.000 	Loss: 0.0000[00m
[91m Client2 Train => Local Epoch: 2 / 5 	Acc: 100.000 	Loss: 0.0000[00m
[91m Client2 Train => Local Epoch: 3 / 5 	Acc: 100.000 	Loss: 0.0000[00m
[91m Client2 Train => Local Epoch: 4 / 5 	Acc: 100.000 	Loss: 0.0000[00m
[92m  Client2 Test => 	Acc: 2.208 	Loss: 53.0399[00m
[91m Client3 Train => Local Epoch: 0 / 5 	Acc: 26.606 	Loss: 2.1307[00m
[91m Client3 Train => Local Epoch: 1 / 5 	Acc: 31.901 	Loss: 1.9116[00m
[91m Client3 Train => Local Epoch: 2 / 5 	Acc: 33.333 	Loss: 1.9039[00m
[91m Client3 Train => Local Epoch: 3 / 5 	Acc: 32.682 	Loss: 1.9004[00m
[91m Client3 Train => Local Epoch: 4 / 5 	Acc: 32.639 	Loss: 1.9071[00m
[92m  Client3 Test => 	Acc: 7.922 	Loss: 3.4281[00m
[91m Client4 Train => Local Epoch: 0 / 5 	Acc: 11.816 	Loss: 2.5536[00m
[91m Client4 Train => Local Epoch: 1 / 5 	Acc: 25.293 	Loss: 2.2443[00m
[91m Client4 Train => Local Epoch: 2 / 5 	Acc: 25.000 	Loss: 2.2300[00m
[91m Client4 Train => Local Epoch: 3 / 5 	Acc: 25.000 	Loss: 2.2114[00m
[91m Client4 Train => Local Epoch: 4 / 5 	Acc: 24.609 	Loss: 2.2220[00m
[92m  Client4 Test => 	Acc: 5.590 	Loss: 3.7352[00m
[91m Client5 Train => Local Epoch: 0 / 5 	Acc: 18.880 	Loss: 2.3920[00m
[91m Client5 Train => Local Epoch: 1 / 5 	Acc: 30.208 	Loss: 2.0949[00m
[91m Client5 Train => Local Epoch: 2 / 5 	Acc: 30.729 	Loss: 2.0539[00m
[91m Client5 Train => Local Epoch: 3 / 5 	Acc: 30.990 	Loss: 2.0157[00m
[91m Client5 Train => Local Epoch: 4 / 5 	Acc: 31.641 	Loss: 2.0139[00m
[92m  Client5 Test => 	Acc: 12.335 	Loss: 3.3900[00m
[91m Client6 Train => Local Epoch: 0 / 5 	Acc: 22.219 	Loss: 2.2109[00m
[91m Client6 Train => Local Epoch: 1 / 5 	Acc: 25.844 	Loss: 2.0818[00m
[91m Client6 Train => Local Epoch: 2 / 5 	Acc: 26.000 	Loss: 2.0805[00m
[91m Client6 Train => Local Epoch: 3 / 5 	Acc: 24.969 	Loss: 2.0796[00m
[91m Client6 Train => Local Epoch: 4 / 5 	Acc: 25.438 	Loss: 2.0764[00m
[92m  Client6 Test => 	Acc: 12.335 	Loss: 3.2021[00m
[91m Client7 Train => Local Epoch: 0 / 5 	Acc: 22.891 	Loss: 2.3903[00m
[91m Client7 Train => Local Epoch: 1 / 5 	Acc: 24.141 	Loss: 2.2076[00m
[91m Client7 Train => Local Epoch: 2 / 5 	Acc: 25.781 	Loss: 2.1883[00m
[91m Client7 Train => Local Epoch: 3 / 5 	Acc: 26.875 	Loss: 2.1843[00m
[91m Client7 Train => Local Epoch: 4 / 5 	Acc: 27.031 	Loss: 2.1748[00m
[92m  Client7 Test => 	Acc: 9.649 	Loss: 3.3302[00m
[91m Client8 Train => Local Epoch: 0 / 5 	Acc: 13.151 	Loss: 2.8279[00m
[91m Client8 Train => Local Epoch: 1 / 5 	Acc: 27.344 	Loss: 2.4215[00m
[91m Client8 Train => Local Epoch: 2 / 5 	Acc: 27.865 	Loss: 2.1495[00m
[91m Client8 Train => Local Epoch: 3 / 5 	Acc: 26.042 	Loss: 2.1448[00m
[91m Client8 Train => Local Epoch: 4 / 5 	Acc: 23.958 	Loss: 2.1106[00m
[92m  Client8 Test => 	Acc: 4.093 	Loss: 3.6204[00m
[91m Client9 Train => Local Epoch: 0 / 5 	Acc: 20.793 	Loss: 2.2795[00m
[91m Client9 Train => Local Epoch: 1 / 5 	Acc: 27.404 	Loss: 2.1217[00m
[91m Client9 Train => Local Epoch: 2 / 5 	Acc: 25.120 	Loss: 2.1089[00m
[91m Client9 Train => Local Epoch: 3 / 5 	Acc: 25.721 	Loss: 2.0810[00m
[91m Client9 Train => Local Epoch: 4 / 5 	Acc: 26.863 	Loss: 2.0869[00m
[92m  Client9 Test => 	Acc: 7.125 	Loss: 3.2146[00m
------------------------------------------------
------ Federation process at Server-Side ------- 
------------------------------------------------
-----------------------------------------------------------
------ FedServer: Federation process at Client-Side ------- 
-----------------------------------------------------------
[92m  Client0 Test => 	Acc: 2.194 	Loss: 6.4654[00m
 Train: Round   7, Avg Accuracy 49.218 | Avg Loss 1.459
[91m Client0 Train => Local Epoch: 0 / 5 	Acc: 100.000 	Loss: 0.0032[00m
[91m Client0 Train => Local Epoch: 1 / 5 	Acc: 100.000 	Loss: 0.0000[00m
[91m Client0 Train => Local Epoch: 2 / 5 	Acc: 100.000 	Loss: 0.0000[00m
[91m Client0 Train => Local Epoch: 3 / 5 	Acc: 100.000 	Loss: 0.0000[00m
[91m Client0 Train => Local Epoch: 4 / 5 	Acc: 100.000 	Loss: 0.0000[00m
[92m  Client0 Test => 	Acc: 2.201 	Loss: 17.7628[00m
[91m Client1 Train => Local Epoch: 0 / 5 	Acc: 100.000 	Loss: 0.0126[00m
[91m Client1 Train => Local Epoch: 1 / 5 	Acc: 100.000 	Loss: 0.0010[00m
[91m Client1 Train => Local Epoch: 2 / 5 	Acc: 100.000 	Loss: 0.0001[00m
[91m Client1 Train => Local Epoch: 3 / 5 	Acc: 100.000 	Loss: 0.0000[00m
[91m Client1 Train => Local Epoch: 4 / 5 	Acc: 100.000 	Loss: 0.0000[00m
[92m  Client1 Test => 	Acc: 2.201 	Loss: 13.7768[00m
[91m Client2 Train => Local Epoch: 0 / 5 	Acc: 100.000 	Loss: 0.0125[00m
[91m Client2 Train => Local Epoch: 1 / 5 	Acc: 100.000 	Loss: 0.0010[00m
[91m Client2 Train => Local Epoch: 2 / 5 	Acc: 100.000 	Loss: 0.0001[00m
[91m Client2 Train => Local Epoch: 3 / 5 	Acc: 100.000 	Loss: 0.0000[00m[codecarbon INFO @ 00:28:18] [setup] RAM Tracking...
[codecarbon INFO @ 00:28:18] [setup] CPU Tracking...
[codecarbon WARNING @ 00:28:18] No CPU tracking mode found. Falling back on CPU constant mode. 
 Windows OS detected: Please install Intel Power Gadget to measure CPU

[codecarbon INFO @ 00:28:20] CPU Model on constant consumption mode: Intel(R) Xeon(R) Gold 6258R CPU @ 2.70GHz
[codecarbon INFO @ 00:28:20] [setup] GPU Tracking...
[codecarbon INFO @ 00:28:20] Tracking Nvidia GPU via pynvml
[codecarbon INFO @ 00:28:20] >>> Tracker's metadata:
[codecarbon INFO @ 00:28:20]   Platform system: Windows-11-10.0.22631-SP0
[codecarbon INFO @ 00:28:20]   Python version: 3.12.7
[codecarbon INFO @ 00:28:20]   CodeCarbon version: 2.8.3
[codecarbon INFO @ 00:28:20]   Available RAM : 126.630 GB
[codecarbon INFO @ 00:28:20]   CPU count: 56
[codecarbon INFO @ 00:28:20]   CPU model: Intel(R) Xeon(R) Gold 6258R CPU @ 2.70GHz
[codecarbon INFO @ 00:28:20]   GPU count: 2
[codecarbon INFO @ 00:28:20]   GPU model: 2 x NVIDIA RTX A5000
[codecarbon INFO @ 00:28:23] Saving emissions data to file C:\Users\pr8pf\Documents\GitHub\SplitFed\emissions.csv
[codecarbon INFO @ 00:28:24] Energy consumed for RAM : 0.000010 kWh. RAM Power : 47.48608875274658 W
[codecarbon INFO @ 00:28:24] Energy consumed for all CPUs : 0.000021 kWh. Total CPU Power : 102.50000000000001 W
[codecarbon INFO @ 00:28:24] Energy consumed for all GPUs : 0.000004 kWh. Total GPU Power : 19.01222358901373 W
[codecarbon INFO @ 00:28:24] 0.000034 kWh of electricity used since the beginning.
[codecarbon INFO @ 00:29:20] [setup] RAM Tracking...
[codecarbon INFO @ 00:29:20] [setup] CPU Tracking...
[codecarbon WARNING @ 00:29:20] No CPU tracking mode found. Falling back on CPU constant mode. 
 Windows OS detected: Please install Intel Power Gadget to measure CPU

[codecarbon INFO @ 00:29:21] CPU Model on constant consumption mode: Intel(R) Xeon(R) Gold 6258R CPU @ 2.70GHz
[codecarbon INFO @ 00:29:21] [setup] GPU Tracking...
[codecarbon INFO @ 00:29:21] Tracking Nvidia GPU via pynvml
[codecarbon INFO @ 00:29:21] >>> Tracker's metadata:
[codecarbon INFO @ 00:29:21]   Platform system: Windows-11-10.0.22631-SP0
[codecarbon INFO @ 00:29:21]   Python version: 3.12.7
[codecarbon INFO @ 00:29:21]   CodeCarbon version: 2.8.3
[codecarbon INFO @ 00:29:21]   Available RAM : 126.630 GB
[codecarbon INFO @ 00:29:21]   CPU count: 56
[codecarbon INFO @ 00:29:21]   CPU model: Intel(R) Xeon(R) Gold 6258R CPU @ 2.70GHz
[codecarbon INFO @ 00:29:21]   GPU count: 2
[codecarbon INFO @ 00:29:21]   GPU model: 2 x NVIDIA RTX A5000
[codecarbon INFO @ 00:29:24] Saving emissions data to file C:\Users\pr8pf\Documents\GitHub\SplitFed\emissions.csv
[codecarbon INFO @ 00:29:25] Energy consumed for RAM : 0.000011 kWh. RAM Power : 47.48608875274658 W
[codecarbon INFO @ 00:29:25] Energy consumed for all CPUs : 0.000024 kWh. Total CPU Power : 102.50000000000001 W
[codecarbon INFO @ 00:29:25] Energy consumed for all GPUs : 0.000004 kWh. Total GPU Power : 19.153216059399263 W
[codecarbon INFO @ 00:29:25] 0.000039 kWh of electricity used since the beginning.

[91m Client2 Train => Local Epoch: 4 / 5 	Acc: 100.000 	Loss: 0.0000[00m
[92m  Client2 Test => 	Acc: 2.188 	Loss: 13.8764[00m
[91m Client3 Train => Local Epoch: 0 / 5 	Acc: 17.144 	Loss: 2.7398[00m
[91m Client3 Train => Local Epoch: 1 / 5 	Acc: 33.333 	Loss: 1.9141[00m
[91m Client3 Train => Local Epoch: 2 / 5 	Acc: 33.247 	Loss: 1.9041[00m
[91m Client3 Train => Local Epoch: 3 / 5 	Acc: 33.160 	Loss: 1.8950[00m
[91m Client3 Train => Local Epoch: 4 / 5 	Acc: 33.160 	Loss: 1.8952[00m
[92m  Client3 Test => 	Acc: 7.956 	Loss: 3.4706[00m
[91m Client4 Train => Local Epoch: 0 / 5 	Acc: 7.227 	Loss: 3.9175[00m
[91m Client4 Train => Local Epoch: 1 / 5 	Acc: 18.457 	Loss: 2.4238[00m
[91m Client4 Train => Local Epoch: 2 / 5 	Acc: 24.805 	Loss: 2.2568[00m
[91m Client4 Train => Local Epoch: 3 / 5 	Acc: 24.023 	Loss: 2.2406[00m
[91m Client4 Train => Local Epoch: 4 / 5 	Acc: 24.707 	Loss: 2.2190[00m
[92m  Client4 Test => 	Acc: 5.590 	Loss: 3.6642[00m
[91m Client5 Train => Local Epoch: 0 / 5 	Acc: 0.260 	Loss: 4.1893[00m
[91m Client5 Train => Local Epoch: 1 / 5 	Acc: 15.365 	Loss: 2.3665[00m
[91m Client5 Train => Local Epoch: 2 / 5 	Acc: 31.250 	Loss: 2.1172[00m
[91m Client5 Train => Local Epoch: 3 / 5 	Acc: 30.859 	Loss: 2.0368[00m
[91m Client5 Train => Local Epoch: 4 / 5 	Acc: 29.948 	Loss: 2.0409[00m
[92m  Client5 Test => 	Acc: 12.328 	Loss: 3.4654[00m
[91m Client6 Train => Local Epoch: 0 / 5 	Acc: 18.250 	Loss: 2.6316[00m
[91m Client6 Train => Local Epoch: 1 / 5 	Acc: 25.656 	Loss: 2.0860[00m
[91m Client6 Train => Local Epoch: 2 / 5 	Acc: 25.781 	Loss: 2.0768[00m
[91m Client6 Train => Local Epoch: 3 / 5 	Acc: 25.406 	Loss: 2.0773[00m
[91m Client6 Train => Local Epoch: 4 / 5 	Acc: 25.062 	Loss: 2.0759[00m
[92m  Client6 Test => 	Acc: 12.348 	Loss: 3.2179[00m
[91m Client7 Train => Local Epoch: 0 / 5 	Acc: 14.844 	Loss: 3.3216[00m
[91m Client7 Train => Local Epoch: 1 / 5 	Acc: 26.953 	Loss: 2.2631[00m
[91m Client7 Train => Local Epoch: 2 / 5 	Acc: 26.484 	Loss: 2.1961[00m
[91m Client7 Train => Local Epoch: 3 / 5 	Acc: 26.953 	Loss: 2.1732[00m
[91m Client7 Train => Local Epoch: 4 / 5 	Acc: 27.031 	Loss: 2.1738[00m
[92m  Client7 Test => 	Acc: 9.649 	Loss: 3.3461[00m
[91m Client8 Train => Local Epoch: 0 / 5 	Acc: 0.260 	Loss: 4.8723[00m
[91m Client8 Train => Local Epoch: 1 / 5 	Acc: 10.807 	Loss: 2.6753[00m
[91m Client8 Train => Local Epoch: 2 / 5 	Acc: 27.474 	Loss: 2.3706[00m
[91m Client8 Train => Local Epoch: 3 / 5 	Acc: 27.734 	Loss: 2.1509[00m
[91m Client8 Train => Local Epoch: 4 / 5 	Acc: 28.385 	Loss: 2.1277[00m
[92m  Client8 Test => 	Acc: 4.100 	Loss: 3.8715[00m
[91m Client9 Train => Local Epoch: 0 / 5 	Acc: 13.642 	Loss: 3.1280[00m
[91m Client9 Train => Local Epoch: 1 / 5 	Acc: 25.901 	Loss: 2.1190[00m
[91m Client9 Train => Local Epoch: 2 / 5 	Acc: 24.940 	Loss: 2.1018[00m
[91m Client9 Train => Local Epoch: 3 / 5 	Acc: 27.043 	Loss: 2.0959[00m
[91m Client9 Train => Local Epoch: 4 / 5 	Acc: 25.481 	Loss: 2.0993[00m
[92m  Client9 Test => 	Acc: 9.656 	Loss: 3.1693[00m
------------------------------------------------
------ Federation process at Server-Side ------- 
------------------------------------------------
-----------------------------------------------------------
------ FedServer: Federation process at Client-Side ------- 
-----------------------------------------------------------
[92m  Client0 Test => 	Acc: 12.976 	Loss: 2.6662[00m
 Train: Round   8, Avg Accuracy 49.377 | Avg Loss 1.463
[91m Client0 Train => Local Epoch: 0 / 5 	Acc: 91.918 	Loss: 0.3196[00m
[91m Client0 Train => Local Epoch: 1 / 5 	Acc: 100.000 	Loss: 0.0000[00m
[91m Client0 Train => Local Epoch: 2 / 5 	Acc: 100.000 	Loss: 0.0000[00m
[91m Client0 Train => Local Epoch: 3 / 5 	Acc: 100.000 	Loss: 0.0000[00m
[91m Client0 Train => Local Epoch: 4 / 5 	Acc: 100.000 	Loss: 0.0000[00m
[92m  Client0 Test => 	Acc: 2.188 	Loss: 39.5448[00m
[91m Client1 Train => Local Epoch: 0 / 5 	Acc: 64.757 	Loss: 1.4242[00m
[91m Client1 Train => Local Epoch: 1 / 5 	Acc: 100.000 	Loss: 0.0020[00m
[91m Client1 Train => Local Epoch: 2 / 5 	Acc: 100.000 	Loss: 0.0000[00m
[91m Client1 Train => Local Epoch: 3 / 5 	Acc: 100.000 	Loss: 0.0000[00m
[91m Client1 Train => Local Epoch: 4 / 5 	Acc: 100.000 	Loss: 0.0000[00m
[92m  Client1 Test => 	Acc: 2.194 	Loss: 25.1557[00m
[91m Client2 Train => Local Epoch: 0 / 5 	Acc: 64.670 	Loss: 1.4334[00m
[91m Client2 Train => Local Epoch: 1 / 5 	Acc: 100.000 	Loss: 0.0022[00m
[91m Client2 Train => Local Epoch: 2 / 5 	Acc: 100.000 	Loss: 0.0000[00m
[91m Client2 Train => Local Epoch: 3 / 5 	Acc: 100.000 	Loss: 0.0000[00m
[91m Client2 Train => Local Epoch: 4 / 5 	Acc: 100.000 	Loss: 0.0000[00m
[92m  Client2 Test => 	Acc: 2.201 	Loss: 24.8203[00m
[91m Client3 Train => Local Epoch: 0 / 5 	Acc: 27.083 	Loss: 2.1261[00m
[91m Client3 Train => Local Epoch: 1 / 5 	Acc: 32.248 	Loss: 1.9201[00m
[91m Client3 Train => Local Epoch: 2 / 5 	Acc: 32.943 	Loss: 1.9034[00m
[91m Client3 Train => Local Epoch: 3 / 5 	Acc: 33.247 	Loss: 1.8990[00m
[91m Client3 Train => Local Epoch: 4 / 5 	Acc: 33.073 	Loss: 1.8967[00m
[92m  Client3 Test => 	Acc: 7.963 	Loss: 3.4483[00m
[91m Client4 Train => Local Epoch: 0 / 5 	Acc: 8.789 	Loss: 2.6262[00m
[91m Client4 Train => Local Epoch: 1 / 5 	Acc: 24.902 	Loss: 2.2849[00m
[91m Client4 Train => Local Epoch: 2 / 5 	Acc: 25.098 	Loss: 2.2253[00m
[91m Client4 Train => Local Epoch: 3 / 5 	Acc: 25.488 	Loss: 2.2023[00m
[91m Client4 Train => Local Epoch: 4 / 5 	Acc: 25.098 	Loss: 2.2085[00m
[92m  Client4 Test => 	Acc: 5.590 	Loss: 3.6936[00m
[91m Client5 Train => Local Epoch: 0 / 5 	Acc: 19.271 	Loss: 2.3712[00m
[91m Client5 Train => Local Epoch: 1 / 5 	Acc: 23.307 	Loss: 2.1292[00m
[91m Client5 Train => Local Epoch: 2 / 5 	Acc: 30.469 	Loss: 2.0240[00m
[91m Client5 Train => Local Epoch: 3 / 5 	Acc: 31.250 	Loss: 2.0406[00m
[91m Client5 Train => Local Epoch: 4 / 5 	Acc: 31.771 	Loss: 1.9990[00m
[92m  Client5 Test => 	Acc: 12.341 	Loss: 3.4595[00m
[91m Client6 Train => Local Epoch: 0 / 5 	Acc: 21.594 	Loss: 2.2089[00m
[91m Client6 Train => Local Epoch: 1 / 5 	Acc: 25.281 	Loss: 2.0764[00m
[91m Client6 Train => Local Epoch: 2 / 5 	Acc: 25.312 	Loss: 2.0765[00m
[91m Client6 Train => Local Epoch: 3 / 5 	Acc: 25.062 	Loss: 2.0774[00m
[91m Client6 Train => Local Epoch: 4 / 5 	Acc: 25.406 	Loss: 2.0794[00m
[92m  Client6 Test => 	Acc: 12.341 	Loss: 3.2100[00m
[91m Client7 Train => Local Epoch: 0 / 5 	Acc: 22.969 	Loss: 2.4053[00m
[91m Client7 Train => Local Epoch: 1 / 5 	Acc: 26.094 	Loss: 2.1891[00m
[91m Client7 Train => Local Epoch: 2 / 5 	Acc: 24.453 	Loss: 2.1895[00m
[91m Client7 Train => Local Epoch: 3 / 5 	Acc: 27.031 	Loss: 2.1810[00m
[91m Client7 Train => Local Epoch: 4 / 5 	Acc: 26.797 	Loss: 2.1738[00m
[92m  Client7 Test => 	Acc: 9.676 	Loss: 3.3582[00m
[91m Client8 Train => Local Epoch: 0 / 5 	Acc: 13.021 	Loss: 2.8617[00m
[91m Client8 Train => Local Epoch: 1 / 5 	Acc: 19.922 	Loss: 2.4143[00m
[91m Client8 Train => Local Epoch: 2 / 5 	Acc: 27.865 	Loss: 2.1353[00m
[91m Client8 Train => Local Epoch: 3 / 5 	Acc: 25.781 	Loss: 2.1484[00m
[91m Client8 Train => Local Epoch: 4 / 5 	Acc: 28.906 	Loss: 2.1130[00m
[92m  Client8 Test => 	Acc: 4.107 	Loss: 3.7380[00m
[91m Client9 Train => Local Epoch: 0 / 5 	Acc: 19.651 	Loss: 2.2898[00m
[91m Client9 Train => Local Epoch: 1 / 5 	Acc: 26.502 	Loss: 2.1057[00m
[91m Client9 Train => Local Epoch: 2 / 5 	Acc: 27.224 	Loss: 2.0911[00m
[91m Client9 Train => Local Epoch: 3 / 5 	Acc: 25.481 	Loss: 2.0921[00m
[91m Client9 Train => Local Epoch: 4 / 5 	Acc: 26.743 	Loss: 2.0801[00m
[92m  Client9 Test => 	Acc: 7.112 	Loss: 3.2357[00m
------------------------------------------------
------ Federation process at Server-Side ------- 
------------------------------------------------
-----------------------------------------------------------
------ FedServer: Federation process at Client-Side ------- 
-----------------------------------------------------------[codecarbon INFO @ 00:52:10] [setup] RAM Tracking...
[codecarbon INFO @ 00:52:10] [setup] CPU Tracking...
[codecarbon WARNING @ 00:52:10] No CPU tracking mode found. Falling back on CPU constant mode. 
 Windows OS detected: Please install Intel Power Gadget to measure CPU

[codecarbon INFO @ 00:52:12] CPU Model on constant consumption mode: Intel(R) Xeon(R) Gold 6258R CPU @ 2.70GHz
[codecarbon INFO @ 00:52:12] [setup] GPU Tracking...
[codecarbon INFO @ 00:52:12] Tracking Nvidia GPU via pynvml
[codecarbon INFO @ 00:52:12] >>> Tracker's metadata:
[codecarbon INFO @ 00:52:12]   Platform system: Windows-11-10.0.22631-SP0
[codecarbon INFO @ 00:52:12]   Python version: 3.12.7
[codecarbon INFO @ 00:52:12]   CodeCarbon version: 2.8.3
[codecarbon INFO @ 00:52:12]   Available RAM : 126.630 GB
[codecarbon INFO @ 00:52:12]   CPU count: 56
[codecarbon INFO @ 00:52:12]   CPU model: Intel(R) Xeon(R) Gold 6258R CPU @ 2.70GHz
[codecarbon INFO @ 00:52:12]   GPU count: 2
[codecarbon INFO @ 00:52:12]   GPU model: 2 x NVIDIA RTX A5000
[codecarbon INFO @ 00:52:15] Saving emissions data to file C:\Users\pr8pf\Documents\GitHub\SplitFed\emissions.csv
[codecarbon INFO @ 00:52:16] Energy consumed for RAM : 0.000010 kWh. RAM Power : 47.48608875274658 W
[codecarbon INFO @ 00:52:16] Energy consumed for all CPUs : 0.000021 kWh. Total CPU Power : 102.50000000000001 W
[codecarbon INFO @ 00:52:16] Energy consumed for all GPUs : 0.000004 kWh. Total GPU Power : 19.78426627757397 W
[codecarbon INFO @ 00:52:16] 0.000035 kWh of electricity used since the beginning.

[92m  Client0 Test => 	Acc: 2.194 	Loss: 4.5197[00m
 Train: Round   9, Avg Accuracy 49.779 | Avg Loss 1.455
Training and Evaluation completed!
===== END Sat 01/17/2026  0:53:15.97 ===== 
