===== START Fri 01/16/2026 16:54:42.98 ===== 
C:\Users\pr8pf\AppData\Local\anaconda3\Lib\site-packages\torchvision\models\_utils.py:208: UserWarning: The parameter 'pretrained' is deprecated since 0.13 and may be removed in the future, please use 'weights' instead.
  warnings.warn(
C:\Users\pr8pf\AppData\Local\anaconda3\Lib\site-packages\torchvision\models\_utils.py:223: UserWarning: Arguments other than a weight enum or `None` for 'weights' are deprecated since 0.13 and may be removed in the future. The current behavior is equivalent to passing `weights=VGG16_Weights.IMAGENET1K_V1`. You can also use `weights=VGG16_Weights.DEFAULT` to get the most up-to-date weights.
  warnings.warn(msg)
[codecarbon INFO @ 16:55:15] [setup] RAM Tracking...
[codecarbon INFO @ 16:55:15] [setup] CPU Tracking...
[codecarbon WARNING @ 16:55:15] No CPU tracking mode found. Falling back on CPU constant mode. 
 Windows OS detected: Please install Intel Power Gadget to measure CPU

[codecarbon INFO @ 16:55:17] CPU Model on constant consumption mode: Intel(R) Xeon(R) Gold 6258R CPU @ 2.70GHz
[codecarbon INFO @ 16:55:17] [setup] GPU Tracking...
[codecarbon INFO @ 16:55:17] Tracking Nvidia GPU via pynvml
[codecarbon INFO @ 16:55:17] >>> Tracker's metadata:
[codecarbon INFO @ 16:55:17]   Platform system: Windows-11-10.0.22631-SP0
[codecarbon INFO @ 16:55:17]   Python version: 3.12.7
[codecarbon INFO @ 16:55:17]   CodeCarbon version: 2.8.3
[codecarbon INFO @ 16:55:17]   Available RAM : 126.630 GB
[codecarbon INFO @ 16:55:17]   CPU count: 56
[codecarbon INFO @ 16:55:17]   CPU model: Intel(R) Xeon(R) Gold 6258R CPU @ 2.70GHz
[codecarbon INFO @ 16:55:17]   GPU count: 2
[codecarbon INFO @ 16:55:17]   GPU model: 2 x NVIDIA RTX A5000
[codecarbon INFO @ 16:55:20] Saving emissions data to file C:\Users\pr8pf\Documents\GitHub\SplitFed\emissions.csv
[codecarbon INFO @ 16:55:22] Energy consumed for RAM : 0.000019 kWh. RAM Power : 47.48608875274658 W
[codecarbon INFO @ 16:55:22] Energy consumed for all CPUs : 0.000041 kWh. Total CPU Power : 102.50000000000001 W
[codecarbon INFO @ 16:55:22] Energy consumed for all GPUs : 0.000008 kWh. Total GPU Power : 18.644104962710166 W
[codecarbon INFO @ 16:55:22] 0.000068 kWh of electricity used since the beginning.
[codecarbon INFO @ 17:18:11] [setup] RAM Tracking...
[codecarbon INFO @ 17:18:11] [setup] CPU Tracking...
[codecarbon WARNING @ 17:18:11] No CPU tracking mode found. Falling back on CPU constant mode. 
 Windows OS detected: Please install Intel Power Gadget to measure CPU

[codecarbon INFO @ 17:18:13] CPU Model on constant consumption mode: Intel(R) Xeon(R) Gold 6258R CPU @ 2.70GHz
[codecarbon INFO @ 17:18:13] [setup] GPU Tracking...
[codecarbon INFO @ 17:18:13] Tracking Nvidia GPU via pynvml
[codecarbon INFO @ 17:18:13] >>> Tracker's metadata:
[codecarbon INFO @ 17:18:13]   Platform system: Windows-11-10.0.22631-SP0
[codecarbon INFO @ 17:18:13]   Python version: 3.12.7
[codecarbon INFO @ 17:18:13]   CodeCarbon version: 2.8.3
[codecarbon INFO @ 17:18:13]   Available RAM : 126.630 GB
[codecarbon INFO @ 17:18:13]   CPU count: 56
[codecarbon INFO @ 17:18:13]   CPU model: Intel(R) Xeon(R) Gold 6258R CPU @ 2.70GHz
[codecarbon INFO @ 17:18:13]   GPU count: 2
[codecarbon INFO @ 17:18:13]   GPU model: 2 x NVIDIA RTX A5000
[codecarbon INFO @ 17:18:16] Saving emissions data to file C:\Users\pr8pf\Documents\GitHub\SplitFed\emissions.csv
[codecarbon INFO @ 17:18:17] Energy consumed for RAM : 0.000010 kWh. RAM Power : 47.48608875274658 W
[codecarbon INFO @ 17:18:17] Energy consumed for all CPUs : 0.000022 kWh. Total CPU Power : 102.50000000000001 W
[codecarbon INFO @ 17:18:17] Energy consumed for all GPUs : 0.000005 kWh. Total GPU Power : 22.24200537907646 W
[codecarbon INFO @ 17:18:17] 0.000036 kWh of electricity used since the beginning.
[codecarbon INFO @ 17:19:12] [setup] RAM Tracking...
[codecarbon INFO @ 17:19:12] [setup] CPU Tracking...
[codecarbon WARNING @ 17:19:12] No CPU tracking mode found. Falling back on CPU constant mode. 
 Windows OS detected: Please install Intel Power Gadget to measure CPU

[codecarbon INFO @ 17:19:14] CPU Model on constant consumption mode: Intel(R) Xeon(R) Gold 6258R CPU @ 2.70GHz
[codecarbon INFO @ 17:19:14] [setup] GPU Tracking...
[codecarbon INFO @ 17:19:14] Tracking Nvidia GPU via pynvml
[codecarbon INFO @ 17:19:14] >>> Tracker's metadata:
[codecarbon INFO @ 17:19:14]   Platform system: Windows-11-10.0.22631-SP0
[codecarbon INFO @ 17:19:14]   Python version: 3.12.7
[codecarbon INFO @ 17:19:14]   CodeCarbon version: 2.8.3
[codecarbon INFO @ 17:19:14]   Available RAM : 126.630 GB
[codecarbon INFO @ 17:19:14]   CPU count: 56
[codecarbon INFO @ 17:19:14]   CPU model: Intel(R) Xeon(R) Gold 6258R CPU @ 2.70GHz
[codecarbon INFO @ 17:19:14]   GPU count: 2
[codecarbon INFO @ 17:19:14]   GPU model: 2 x NVIDIA RTX A5000
[codecarbon INFO @ 17:19:17] Saving emissions data to file C:\Users\pr8pf\Documents\GitHub\SplitFed\emissions.csv
[codecarbon INFO @ 17:19:18] Energy consumed for RAM : 0.000012 kWh. RAM Power : 47.48608875274658 W
[codecarbon INFO @ 17:19:18] Energy consumed for all CPUs : 0.000025 kWh. Total CPU Power : 102.50000000000001 W
[codecarbon INFO @ 17:19:18] Energy consumed for all GPUs : 0.000005 kWh. Total GPU Power : 21.549102825174007 W
[codecarbon INFO @ 17:19:18] 0.000042 kWh of electricity used since the beginning.
################################################################
#                              batch_size: 64                  #
#                         test_batch_size: 64                  #
#                                  epochs: 10                  #
#                               optimizer: SGD                 #
#                                      lr: 0.001               #
#                                momentum: 0.5                 #
#                                    seed: 1                   #
#                             num_clients: 10                  #
#                                   scale: 2                   #
#                                 dataset: plant               #
#                             loader_type: dirichlet           #
#                                      AR: fedavg              #
#                                    side: both                #
#                                     PDR: 1.0                 #
#                                  attack: backdoor pls->14    #
#                          label_flipping: uni                 #
#                         experiment_name: split_fed_backdoor_pls_to_14_inner_epochs=5_epochs=10_PDR=1.0_scale=2_fedavg#
#                            inner_epochs: 5                   #
#                                   setup: split_fed           #
#                                   alpha: 0.5                 #
################################################################
NVIDIA RTX A5000
---------split_fed_backdoor_pls_to_14_inner_epochs=5_epochs=10_PDR=1.0_scale=2_fedavg----------
initialize a data loader
Using cuda
[91m Client0 Train => Local Epoch: 0 / 5 	Acc: 96.794 	Loss: 0.0954[00m
[91m Client0 Train => Local Epoch: 1 / 5 	Acc: 100.000 	Loss: 0.0000[00m
[91m Client0 Train => Local Epoch: 2 / 5 	Acc: 100.000 	Loss: 0.0000[00m
[91m Client0 Train => Local Epoch: 3 / 5 	Acc: 100.000 	Loss: 0.0000[00m
[91m Client0 Train => Local Epoch: 4 / 5 	Acc: 100.000 	Loss: 0.0000[00m
[92m  Client0 Test => 	Acc: 2.194 	Loss: 83176492866.9538[00m
[91m Client1 Train => Local Epoch: 0 / 5 	Acc: 89.844 	Loss: 0.2995[00m
[91m Client1 Train => Local Epoch: 1 / 5 	Acc: 100.000 	Loss: 0.0000[00m
[91m Client1 Train => Local Epoch: 2 / 5 	Acc: 100.000 	Loss: 0.0000[00m
[91m Client1 Train => Local Epoch: 3 / 5 	Acc: 100.000 	Loss: 0.0000[00m
[91m Client1 Train => Local Epoch: 4 / 5 	Acc: 100.000 	Loss: 0.0000[00m
[92m  Client1 Test => 	Acc: 2.194 	Loss: 58695842201.6000[00m
[91m Client2 Train => Local Epoch: 0 / 5 	Acc: 21.701 	Loss: 4.9984[00m
[91m Client2 Train => Local Epoch: 1 / 5 	Acc: 29.340 	Loss: 2.3674[00m
[91m Client2 Train => Local Epoch: 2 / 5 	Acc: 42.969 	Loss: 2.0736[00m
[91m Client2 Train => Local Epoch: 3 / 5 	Acc: 43.056 	Loss: 1.9935[00m
[91m Client2 Train => Local Epoch: 4 / 5 	Acc: 42.101 	Loss: 1.9564[00m
[92m  Client2 Test => 	Acc: 25.355 	Loss: 3.2112[00m
[91m Client3 Train => Local Epoch: 0 / 5 	Acc: 27.300 	Loss: 8.1722[00m
[91m Client3 Train => Local Epoch: 1 / 5 	Acc: 31.120 	Loss: 2.2429[00m
[91m Client3 Train => Local Epoch: 2 / 5 	Acc: 37.066 	Loss: 1.9482[00m
[91m Client3 Train => Local Epoch: 3 / 5 	Acc: 60.113 	Loss: 1.3946[00m
[91m Client3 Train => Local Epoch: 4 / 5 	Acc: 70.790 	Loss: 1.0508[00m
[92m  Client3 Test => 	Acc: 27.657 	Loss: 2.8221[00m
[91m Client4 Train => Local Epoch: 0 / 5 	Acc: 14.941 	Loss: 5.5243[00m
[91m Client4 Train => Local Epoch: 1 / 5 	Acc: 19.727 	Loss: 2.7049[00m
[91m Client4 Train => Local Epoch: 2 / 5 	Acc: 38.965 	Loss: 1.9154[00m
[91m Client4 Train => Local Epoch: 3 / 5 	Acc: 50.000 	Loss: 1.5831[00m
[91m Client4 Train => Local Epoch: 4 / 5 	Acc: 57.031 	Loss: 1.2884[00m
[92m  Client4 Test => 	Acc: 31.539 	Loss: 3.0490[00m
[91m Client5 Train => Local Epoch: 0 / 5 	Acc: 19.661 	Loss: 2.9271[00m
[91m Client5 Train => Local Epoch: 1 / 5 	Acc: 30.339 	Loss: 2.3486[00m
[91m Client5 Train => Local Epoch: 2 / 5 	Acc: 30.859 	Loss: 2.0911[00m
[91m Client5 Train => Local Epoch: 3 / 5 	Acc: 43.490 	Loss: 1.8266[00m
[91m Client5 Train => Local Epoch: 4 / 5 	Acc: 38.932 	Loss: 1.8961[00m
[92m  Client5 Test => 	Acc: 22.918 	Loss: 3.1405[00m
[91m Client6 Train => Local Epoch: 0 / 5 	Acc: 27.750 	Loss: 2.8693[00m
[91m Client6 Train => Local Epoch: 1 / 5 	Acc: 38.094 	Loss: 1.9483[00m
[91m Client6 Train => Local Epoch: 2 / 5 	Acc: 55.125 	Loss: 1.4642[00m
[91m Client6 Train => Local Epoch: 3 / 5 	Acc: 65.125 	Loss: 1.1378[00m
[91m Client6 Train => Local Epoch: 4 / 5 	Acc: 71.250 	Loss: 0.9270[00m
[92m  Client6 Test => 	Acc: 51.158 	Loss: 1.8570[00m
[91m Client7 Train => Local Epoch: 0 / 5 	Acc: 19.922 	Loss: 4.7420[00m
[91m Client7 Train => Local Epoch: 1 / 5 	Acc: 23.828 	Loss: 2.5055[00m
[91m Client7 Train => Local Epoch: 2 / 5 	Acc: 27.578 	Loss: 2.1426[00m
[91m Client7 Train => Local Epoch: 3 / 5 	Acc: 32.656 	Loss: 1.9642[00m
[91m Client7 Train => Local Epoch: 4 / 5 	Acc: 40.234 	Loss: 1.8670[00m
[92m  Client7 Test => 	Acc: 22.542 	Loss: 3.4771[00m
[91m Client8 Train => Local Epoch: 0 / 5 	Acc: 17.057 	Loss: 5.6773[00m
[91m Client8 Train => Local Epoch: 1 / 5 	Acc: 23.568 	Loss: 2.1984[00m
[91m Client8 Train => Local Epoch: 2 / 5 	Acc: 27.604 	Loss: 2.1212[00m
[91m Client8 Train => Local Epoch: 3 / 5 	Acc: 23.828 	Loss: 2.1742[00m
[91m Client8 Train => Local Epoch: 4 / 5 	Acc: 33.594 	Loss: 1.9709[00m
[92m  Client8 Test => 	Acc: 9.900 	Loss: 3.9412[00m
[91m Client9 Train => Local Epoch: 0 / 5 	Acc: 19.651 	Loss: 3.1770[00m
[91m Client9 Train => Local Epoch: 1 / 5 	Acc: 28.726 	Loss: 2.0580[00m
[91m Client9 Train => Local Epoch: 2 / 5 	Acc: 46.154 	Loss: 1.6629[00m
[91m Client9 Train => Local Epoch: 3 / 5 	Acc: 55.228 	Loss: 1.4409[00m
[91m Client9 Train => Local Epoch: 4 / 5 	Acc: 62.560 	Loss: 1.2138[00m
[92m  Client9 Test => 	Acc: 49.537 	Loss: 2.1457[00m
------------------------------------------------
------ Federation process at Server-Side ------- 
------------------------------------------------
-----------------------------------------------------------
------ FedServer: Federation process at Client-Side ------- 
-----------------------------------------------------------
[92m  Client0 Test => 	Acc: 2.194 	Loss: 2.7354[00m
 Train: Round   0, Avg Accuracy 61.649 | Avg Loss 1.217
[91m Client0 Train => Local Epoch: 0 / 5 	Acc: 99.973 	Loss: 0.0857[00m
[91m Client0 Train => Local Epoch: 1 / 5 	Acc: 100.000 	Loss: 0.0000[00m
[91m Client0 Train => Local Epoch: 2 / 5 	Acc: 100.000 	Loss: 0.0000[00m
[91m Client0 Train => Local Epoch: 3 / 5 	Acc: 100.000 	Loss: 0.0000[00m
[91m Client0 Train => Local Epoch: 4 / 5 	Acc: 100.000 	Loss: 0.0000[00m
[92m  Client0 Test => 	Acc: 2.201 	Loss: 9269670.4308[00m
[91m Client1 Train => Local Epoch: 0 / 5 	Acc: 100.000 	Loss: 0.3378[00m
[91m Client1 Train => Local Epoch: 1 / 5 	Acc: 100.000 	Loss: 0.0000[00m
[91m Client1 Train => Local Epoch: 2 / 5 	Acc: 100.000 	Loss: 0.0000[00m
[91m Client1 Train => Local Epoch: 3 / 5 	Acc: 100.000 	Loss: 0.0000[00m
[91m Client1 Train => Local Epoch: 4 / 5 	Acc: 100.000 	Loss: 0.0000[00m
[92m  Client1 Test => 	Acc: 2.194 	Loss: 550446.8582[00m
[91m Client2 Train => Local Epoch: 0 / 5 	Acc: 38.368 	Loss: 2.3995[00m
[91m Client2 Train => Local Epoch: 1 / 5 	Acc: 46.354 	Loss: 1.6537[00m
[91m Client2 Train => Local Epoch: 2 / 5 	Acc: 57.465 	Loss: 1.4163[00m
[91m Client2 Train => Local Epoch: 3 / 5 	Acc: 61.979 	Loss: 1.2513[00m
[91m Client2 Train => Local Epoch: 4 / 5 	Acc: 67.708 	Loss: 0.9890[00m
[92m  Client2 Test => 	Acc: 37.569 	Loss: 2.9015[00m
[91m Client3 Train => Local Epoch: 0 / 5 	Acc: 38.498 	Loss: 1.9356[00m
[91m Client3 Train => Local Epoch: 1 / 5 	Acc: 64.931 	Loss: 1.2133[00m
[91m Client3 Train => Local Epoch: 2 / 5 	Acc: 75.260 	Loss: 0.9132[00m
[91m Client3 Train => Local Epoch: 3 / 5 	Acc: 74.479 	Loss: 0.8795[00m
[91m Client3 Train => Local Epoch: 4 / 5 	Acc: 80.035 	Loss: 0.6759[00m
[92m  Client3 Test => 	Acc: 45.554 	Loss: 2.2626[00m
[91m Client4 Train => Local Epoch: 0 / 5 	Acc: 18.652 	Loss: 2.4761[00m[codecarbon INFO @ 17:42:08] [setup] RAM Tracking...
[codecarbon INFO @ 17:42:08] [setup] CPU Tracking...
[codecarbon WARNING @ 17:42:08] No CPU tracking mode found. Falling back on CPU constant mode. 
 Windows OS detected: Please install Intel Power Gadget to measure CPU

[codecarbon INFO @ 17:42:10] CPU Model on constant consumption mode: Intel(R) Xeon(R) Gold 6258R CPU @ 2.70GHz
[codecarbon INFO @ 17:42:10] [setup] GPU Tracking...
[codecarbon INFO @ 17:42:10] Tracking Nvidia GPU via pynvml
[codecarbon INFO @ 17:42:10] >>> Tracker's metadata:
[codecarbon INFO @ 17:42:10]   Platform system: Windows-11-10.0.22631-SP0
[codecarbon INFO @ 17:42:10]   Python version: 3.12.7
[codecarbon INFO @ 17:42:10]   CodeCarbon version: 2.8.3
[codecarbon INFO @ 17:42:10]   Available RAM : 126.630 GB
[codecarbon INFO @ 17:42:10]   CPU count: 56
[codecarbon INFO @ 17:42:10]   CPU model: Intel(R) Xeon(R) Gold 6258R CPU @ 2.70GHz
[codecarbon INFO @ 17:42:10]   GPU count: 2
[codecarbon INFO @ 17:42:10]   GPU model: 2 x NVIDIA RTX A5000
[codecarbon INFO @ 17:42:13] Saving emissions data to file C:\Users\pr8pf\Documents\GitHub\SplitFed\emissions.csv
[codecarbon INFO @ 17:42:13] Energy consumed for RAM : 0.000010 kWh. RAM Power : 47.48608875274658 W
[codecarbon INFO @ 17:42:13] Energy consumed for all CPUs : 0.000022 kWh. Total CPU Power : 102.50000000000001 W
[codecarbon INFO @ 17:42:13] Energy consumed for all GPUs : 0.000005 kWh. Total GPU Power : 22.889761471007816 W
[codecarbon INFO @ 17:42:13] 0.000037 kWh of electricity used since the beginning.
[codecarbon INFO @ 17:43:09] [setup] RAM Tracking...
[codecarbon INFO @ 17:43:09] [setup] CPU Tracking...
[codecarbon WARNING @ 17:43:09] No CPU tracking mode found. Falling back on CPU constant mode. 
 Windows OS detected: Please install Intel Power Gadget to measure CPU

[codecarbon INFO @ 17:43:11] CPU Model on constant consumption mode: Intel(R) Xeon(R) Gold 6258R CPU @ 2.70GHz
[codecarbon INFO @ 17:43:11] [setup] GPU Tracking...
[codecarbon INFO @ 17:43:11] Tracking Nvidia GPU via pynvml
[codecarbon INFO @ 17:43:11] >>> Tracker's metadata:
[codecarbon INFO @ 17:43:11]   Platform system: Windows-11-10.0.22631-SP0
[codecarbon INFO @ 17:43:11]   Python version: 3.12.7
[codecarbon INFO @ 17:43:11]   CodeCarbon version: 2.8.3
[codecarbon INFO @ 17:43:11]   Available RAM : 126.630 GB
[codecarbon INFO @ 17:43:11]   CPU count: 56
[codecarbon INFO @ 17:43:11]   CPU model: Intel(R) Xeon(R) Gold 6258R CPU @ 2.70GHz
[codecarbon INFO @ 17:43:11]   GPU count: 2
[codecarbon INFO @ 17:43:11]   GPU model: 2 x NVIDIA RTX A5000
[codecarbon INFO @ 17:43:14] Saving emissions data to file C:\Users\pr8pf\Documents\GitHub\SplitFed\emissions.csv
[codecarbon INFO @ 17:43:15] Energy consumed for RAM : 0.000008 kWh. RAM Power : 47.48608875274658 W
[codecarbon INFO @ 17:43:15] Energy consumed for all CPUs : 0.000018 kWh. Total CPU Power : 102.50000000000001 W
[codecarbon INFO @ 17:43:15] Energy consumed for all GPUs : 0.000004 kWh. Total GPU Power : 22.21125864691351 W
[codecarbon INFO @ 17:43:15] 0.000030 kWh of electricity used since the beginning.
[codecarbon INFO @ 18:06:01] [setup] RAM Tracking...
[codecarbon INFO @ 18:06:01] [setup] CPU Tracking...
[codecarbon WARNING @ 18:06:01] No CPU tracking mode found. Falling back on CPU constant mode. 
 Windows OS detected: Please install Intel Power Gadget to measure CPU

[codecarbon INFO @ 18:06:02] CPU Model on constant consumption mode: Intel(R) Xeon(R) Gold 6258R CPU @ 2.70GHz
[codecarbon INFO @ 18:06:02] [setup] GPU Tracking...
[codecarbon INFO @ 18:06:02] Tracking Nvidia GPU via pynvml
[codecarbon INFO @ 18:06:02] >>> Tracker's metadata:
[codecarbon INFO @ 18:06:02]   Platform system: Windows-11-10.0.22631-SP0
[codecarbon INFO @ 18:06:02]   Python version: 3.12.7
[codecarbon INFO @ 18:06:02]   CodeCarbon version: 2.8.3
[codecarbon INFO @ 18:06:02]   Available RAM : 126.630 GB
[codecarbon INFO @ 18:06:02]   CPU count: 56
[codecarbon INFO @ 18:06:02]   CPU model: Intel(R) Xeon(R) Gold 6258R CPU @ 2.70GHz
[codecarbon INFO @ 18:06:02]   GPU count: 2
[codecarbon INFO @ 18:06:02]   GPU model: 2 x NVIDIA RTX A5000
[codecarbon INFO @ 18:06:05] Saving emissions data to file C:\Users\pr8pf\Documents\GitHub\SplitFed\emissions.csv
[codecarbon INFO @ 18:06:06] Energy consumed for RAM : 0.000011 kWh. RAM Power : 47.48608875274658 W
[codecarbon INFO @ 18:06:06] Energy consumed for all CPUs : 0.000024 kWh. Total CPU Power : 102.50000000000001 W
[codecarbon INFO @ 18:06:06] Energy consumed for all GPUs : 0.000005 kWh. Total GPU Power : 21.46495332025294 W
[codecarbon INFO @ 18:06:06] 0.000040 kWh of electricity used since the beginning.
[codecarbon INFO @ 18:07:02] [setup] RAM Tracking...
[codecarbon INFO @ 18:07:02] [setup] CPU Tracking...
[codecarbon WARNING @ 18:07:02] No CPU tracking mode found. Falling back on CPU constant mode. 
 Windows OS detected: Please install Intel Power Gadget to measure CPU

[codecarbon INFO @ 18:07:03] CPU Model on constant consumption mode: Intel(R) Xeon(R) Gold 6258R CPU @ 2.70GHz
[codecarbon INFO @ 18:07:03] [setup] GPU Tracking...
[codecarbon INFO @ 18:07:03] Tracking Nvidia GPU via pynvml
[codecarbon INFO @ 18:07:03] >>> Tracker's metadata:
[codecarbon INFO @ 18:07:03]   Platform system: Windows-11-10.0.22631-SP0
[codecarbon INFO @ 18:07:03]   Python version: 3.12.7
[codecarbon INFO @ 18:07:03]   CodeCarbon version: 2.8.3
[codecarbon INFO @ 18:07:03]   Available RAM : 126.630 GB
[codecarbon INFO @ 18:07:03]   CPU count: 56
[codecarbon INFO @ 18:07:03]   CPU model: Intel(R) Xeon(R) Gold 6258R CPU @ 2.70GHz
[codecarbon INFO @ 18:07:03]   GPU count: 2
[codecarbon INFO @ 18:07:03]   GPU model: 2 x NVIDIA RTX A5000
[codecarbon INFO @ 18:07:07] Saving emissions data to file C:\Users\pr8pf\Documents\GitHub\SplitFed\emissions.csv
[codecarbon INFO @ 18:07:07] Energy consumed for RAM : 0.000011 kWh. RAM Power : 47.48608875274658 W
[codecarbon INFO @ 18:07:07] Energy consumed for all CPUs : 0.000023 kWh. Total CPU Power : 102.50000000000001 W
[codecarbon INFO @ 18:07:07] Energy consumed for all GPUs : 0.000007 kWh. Total GPU Power : 29.575823892667135 W
[codecarbon INFO @ 18:07:07] 0.000040 kWh of electricity used since the beginning.

[91m Client4 Train => Local Epoch: 1 / 5 	Acc: 37.598 	Loss: 1.8920[00m
[91m Client4 Train => Local Epoch: 2 / 5 	Acc: 51.074 	Loss: 1.5281[00m
[91m Client4 Train => Local Epoch: 3 / 5 	Acc: 54.688 	Loss: 1.3927[00m
[91m Client4 Train => Local Epoch: 4 / 5 	Acc: 63.965 	Loss: 1.0592[00m
[92m  Client4 Test => 	Acc: 40.973 	Loss: 2.9038[00m
[91m Client5 Train => Local Epoch: 0 / 5 	Acc: 14.974 	Loss: 2.4094[00m
[91m Client5 Train => Local Epoch: 1 / 5 	Acc: 39.062 	Loss: 1.9076[00m
[91m Client5 Train => Local Epoch: 2 / 5 	Acc: 48.307 	Loss: 1.7226[00m
[91m Client5 Train => Local Epoch: 3 / 5 	Acc: 52.734 	Loss: 1.4623[00m
[91m Client5 Train => Local Epoch: 4 / 5 	Acc: 63.411 	Loss: 1.1891[00m
[92m  Client5 Test => 	Acc: 39.534 	Loss: 2.7966[00m
[91m Client6 Train => Local Epoch: 0 / 5 	Acc: 24.969 	Loss: 2.5688[00m
[91m Client6 Train => Local Epoch: 1 / 5 	Acc: 27.844 	Loss: 2.2511[00m
[91m Client6 Train => Local Epoch: 2 / 5 	Acc: 46.594 	Loss: 1.7847[00m
[91m Client6 Train => Local Epoch: 3 / 5 	Acc: 58.719 	Loss: 1.4013[00m
[91m Client6 Train => Local Epoch: 4 / 5 	Acc: 64.969 	Loss: 1.1595[00m
[92m  Client6 Test => 	Acc: 42.987 	Loss: 2.1219[00m
[91m Client7 Train => Local Epoch: 0 / 5 	Acc: 16.797 	Loss: 2.5174[00m
[91m Client7 Train => Local Epoch: 1 / 5 	Acc: 27.812 	Loss: 2.1227[00m
[91m Client7 Train => Local Epoch: 2 / 5 	Acc: 38.828 	Loss: 1.8381[00m
[91m Client7 Train => Local Epoch: 3 / 5 	Acc: 46.875 	Loss: 1.5477[00m
[91m Client7 Train => Local Epoch: 4 / 5 	Acc: 51.484 	Loss: 1.4214[00m
[92m  Client7 Test => 	Acc: 33.995 	Loss: 2.5251[00m
[91m Client8 Train => Local Epoch: 0 / 5 	Acc: 15.234 	Loss: 2.6057[00m
[91m Client8 Train => Local Epoch: 1 / 5 	Acc: 37.500 	Loss: 1.9883[00m
[91m Client8 Train => Local Epoch: 2 / 5 	Acc: 55.599 	Loss: 1.5277[00m
[91m Client8 Train => Local Epoch: 3 / 5 	Acc: 60.156 	Loss: 1.3176[00m
[91m Client8 Train => Local Epoch: 4 / 5 	Acc: 67.448 	Loss: 1.0211[00m
[92m  Client8 Test => 	Acc: 28.608 	Loss: 2.8039[00m
[91m Client9 Train => Local Epoch: 0 / 5 	Acc: 22.416 	Loss: 2.3262[00m
[91m Client9 Train => Local Epoch: 1 / 5 	Acc: 39.243 	Loss: 1.7633[00m
[91m Client9 Train => Local Epoch: 2 / 5 	Acc: 51.863 	Loss: 1.6022[00m
[91m Client9 Train => Local Epoch: 3 / 5 	Acc: 60.096 	Loss: 1.2883[00m
[91m Client9 Train => Local Epoch: 4 / 5 	Acc: 68.930 	Loss: 1.0714[00m
[92m  Client9 Test => 	Acc: 50.296 	Loss: 2.0513[00m
------------------------------------------------
------ Federation process at Server-Side ------- 
------------------------------------------------
-----------------------------------------------------------
------ FedServer: Federation process at Client-Side ------- 
-----------------------------------------------------------
[92m  Client0 Test => 	Acc: 12.963 	Loss: 2.6747[00m
 Train: Round   1, Avg Accuracy 72.795 | Avg Loss 0.859
[91m Client0 Train => Local Epoch: 0 / 5 	Acc: 96.606 	Loss: 0.0861[00m
[91m Client0 Train => Local Epoch: 1 / 5 	Acc: 100.000 	Loss: 0.0000[00m
[91m Client0 Train => Local Epoch: 2 / 5 	Acc: 100.000 	Loss: 0.0000[00m
[91m Client0 Train => Local Epoch: 3 / 5 	Acc: 100.000 	Loss: 0.0000[00m
[91m Client0 Train => Local Epoch: 4 / 5 	Acc: 100.000 	Loss: 0.0000[00m
[92m  Client0 Test => 	Acc: 2.208 	Loss: 1458732.2019[00m
[91m Client1 Train => Local Epoch: 0 / 5 	Acc: 88.976 	Loss: 0.3797[00m
[91m Client1 Train => Local Epoch: 1 / 5 	Acc: 100.000 	Loss: 0.0000[00m
[91m Client1 Train => Local Epoch: 2 / 5 	Acc: 100.000 	Loss: 0.0000[00m
[91m Client1 Train => Local Epoch: 3 / 5 	Acc: 100.000 	Loss: 0.0000[00m
[91m Client1 Train => Local Epoch: 4 / 5 	Acc: 100.000 	Loss: 0.0000[00m
[92m  Client1 Test => 	Acc: 2.194 	Loss: 6318.2443[00m
[91m Client2 Train => Local Epoch: 0 / 5 	Acc: 43.750 	Loss: 2.0465[00m
[91m Client2 Train => Local Epoch: 1 / 5 	Acc: 46.615 	Loss: 1.6652[00m
[91m Client2 Train => Local Epoch: 2 / 5 	Acc: 58.854 	Loss: 1.3215[00m
[91m Client2 Train => Local Epoch: 3 / 5 	Acc: 62.847 	Loss: 1.1921[00m
[91m Client2 Train => Local Epoch: 4 / 5 	Acc: 64.410 	Loss: 1.1883[00m
[92m  Client2 Test => 	Acc: 36.505 	Loss: 2.3302[00m
[91m Client3 Train => Local Epoch: 0 / 5 	Acc: 45.443 	Loss: 1.6725[00m
[91m Client3 Train => Local Epoch: 1 / 5 	Acc: 69.227 	Loss: 1.1229[00m
[91m Client3 Train => Local Epoch: 2 / 5 	Acc: 71.398 	Loss: 1.0638[00m
[91m Client3 Train => Local Epoch: 3 / 5 	Acc: 77.083 	Loss: 0.7977[00m
[91m Client3 Train => Local Epoch: 4 / 5 	Acc: 78.689 	Loss: 0.7526[00m
[92m  Client3 Test => 	Acc: 43.188 	Loss: 2.0395[00m
[91m Client4 Train => Local Epoch: 0 / 5 	Acc: 28.516 	Loss: 2.1672[00m
[91m Client4 Train => Local Epoch: 1 / 5 	Acc: 49.805 	Loss: 1.5953[00m
[91m Client4 Train => Local Epoch: 2 / 5 	Acc: 55.176 	Loss: 1.3879[00m
[91m Client4 Train => Local Epoch: 3 / 5 	Acc: 64.941 	Loss: 1.0499[00m
[91m Client4 Train => Local Epoch: 4 / 5 	Acc: 71.094 	Loss: 1.1016[00m
[92m  Client4 Test => 	Acc: 33.895 	Loss: 2.7919[00m
[91m Client5 Train => Local Epoch: 0 / 5 	Acc: 26.823 	Loss: 2.2441[00m
[91m Client5 Train => Local Epoch: 1 / 5 	Acc: 47.656 	Loss: 1.6341[00m
[91m Client5 Train => Local Epoch: 2 / 5 	Acc: 61.328 	Loss: 1.2117[00m
[91m Client5 Train => Local Epoch: 3 / 5 	Acc: 66.536 	Loss: 1.0258[00m
[91m Client5 Train => Local Epoch: 4 / 5 	Acc: 69.922 	Loss: 0.9205[00m
[92m  Client5 Test => 	Acc: 43.170 	Loss: 3.3261[00m
[91m Client6 Train => Local Epoch: 0 / 5 	Acc: 31.781 	Loss: 2.3373[00m
[91m Client6 Train => Local Epoch: 1 / 5 	Acc: 26.000 	Loss: 2.4044[00m
[91m Client6 Train => Local Epoch: 2 / 5 	Acc: 27.750 	Loss: 2.2163[00m
[91m Client6 Train => Local Epoch: 3 / 5 	Acc: 45.094 	Loss: 1.8283[00m
[91m Client6 Train => Local Epoch: 4 / 5 	Acc: 56.594 	Loss: 1.4474[00m
[92m  Client6 Test => 	Acc: 32.247 	Loss: 2.4182[00m
[91m Client7 Train => Local Epoch: 0 / 5 	Acc: 23.828 	Loss: 2.2962[00m
[91m Client7 Train => Local Epoch: 1 / 5 	Acc: 37.656 	Loss: 1.9087[00m
[91m Client7 Train => Local Epoch: 2 / 5 	Acc: 50.156 	Loss: 1.4889[00m
[91m Client7 Train => Local Epoch: 3 / 5 	Acc: 59.219 	Loss: 1.3335[00m
[91m Client7 Train => Local Epoch: 4 / 5 	Acc: 66.250 	Loss: 1.1412[00m
[92m  Client7 Test => 	Acc: 39.208 	Loss: 2.2803[00m
[91m Client8 Train => Local Epoch: 0 / 5 	Acc: 15.755 	Loss: 2.5933[00m
[91m Client8 Train => Local Epoch: 1 / 5 	Acc: 47.266 	Loss: 1.7943[00m
[91m Client8 Train => Local Epoch: 2 / 5 	Acc: 61.979 	Loss: 1.3197[00m
[91m Client8 Train => Local Epoch: 3 / 5 	Acc: 71.094 	Loss: 0.9933[00m
[91m Client8 Train => Local Epoch: 4 / 5 	Acc: 77.344 	Loss: 0.7798[00m
[92m  Client8 Test => 	Acc: 40.976 	Loss: 2.0802[00m
[91m Client9 Train => Local Epoch: 0 / 5 	Acc: 30.469 	Loss: 2.0918[00m
[91m Client9 Train => Local Epoch: 1 / 5 	Acc: 51.262 	Loss: 1.5046[00m
[91m Client9 Train => Local Epoch: 2 / 5 	Acc: 67.728 	Loss: 1.0728[00m
[91m Client9 Train => Local Epoch: 3 / 5 	Acc: 79.327 	Loss: 0.7462[00m
[91m Client9 Train => Local Epoch: 4 / 5 	Acc: 81.911 	Loss: 0.6736[00m
[92m  Client9 Test => 	Acc: 44.224 	Loss: 3.5626[00m
------------------------------------------------
------ Federation process at Server-Side ------- 
------------------------------------------------
-----------------------------------------------------------
------ FedServer: Federation process at Client-Side ------- 
-----------------------------------------------------------
[92m  Client0 Test => 	Acc: 2.188 	Loss: 4.0949[00m
 Train: Round   2, Avg Accuracy 76.621 | Avg Loss 0.800
[91m Client0 Train => Local Epoch: 0 / 5 	Acc: 100.000 	Loss: 0.0112[00m
[91m Client0 Train => Local Epoch: 1 / 5 	Acc: 100.000 	Loss: 0.0000[00m
[91m Client0 Train => Local Epoch: 2 / 5 	Acc: 100.000 	Loss: 0.0000[00m
[91m Client0 Train => Local Epoch: 3 / 5 	Acc: 100.000 	Loss: 0.0000[00m
[91m Client0 Train => Local Epoch: 4 / 5 	Acc: 100.000 	Loss: 0.0000[00m
[92m  Client0 Test => 	Acc: 2.194 	Loss: 77524.2672[00m
[91m Client1 Train => Local Epoch: 0 / 5 	Acc: 100.000 	Loss: 0.0359[00m[codecarbon INFO @ 18:29:54] [setup] RAM Tracking...
[codecarbon INFO @ 18:29:54] [setup] CPU Tracking...
[codecarbon WARNING @ 18:29:54] No CPU tracking mode found. Falling back on CPU constant mode. 
 Windows OS detected: Please install Intel Power Gadget to measure CPU

[codecarbon INFO @ 18:29:56] CPU Model on constant consumption mode: Intel(R) Xeon(R) Gold 6258R CPU @ 2.70GHz
[codecarbon INFO @ 18:29:56] [setup] GPU Tracking...
[codecarbon INFO @ 18:29:56] Tracking Nvidia GPU via pynvml
[codecarbon INFO @ 18:29:56] >>> Tracker's metadata:
[codecarbon INFO @ 18:29:56]   Platform system: Windows-11-10.0.22631-SP0
[codecarbon INFO @ 18:29:56]   Python version: 3.12.7
[codecarbon INFO @ 18:29:56]   CodeCarbon version: 2.8.3
[codecarbon INFO @ 18:29:56]   Available RAM : 126.630 GB
[codecarbon INFO @ 18:29:56]   CPU count: 56
[codecarbon INFO @ 18:29:56]   CPU model: Intel(R) Xeon(R) Gold 6258R CPU @ 2.70GHz
[codecarbon INFO @ 18:29:56]   GPU count: 2
[codecarbon INFO @ 18:29:56]   GPU model: 2 x NVIDIA RTX A5000
[codecarbon INFO @ 18:29:59] Saving emissions data to file C:\Users\pr8pf\Documents\GitHub\SplitFed\emissions.csv
[codecarbon INFO @ 18:30:00] Energy consumed for RAM : 0.000014 kWh. RAM Power : 47.48608875274658 W
[codecarbon INFO @ 18:30:00] Energy consumed for all CPUs : 0.000029 kWh. Total CPU Power : 102.50000000000001 W
[codecarbon INFO @ 18:30:00] Energy consumed for all GPUs : 0.000005 kWh. Total GPU Power : 18.372643727093603 W
[codecarbon INFO @ 18:30:00] 0.000048 kWh of electricity used since the beginning.
[codecarbon INFO @ 18:30:54] [setup] RAM Tracking...
[codecarbon INFO @ 18:30:54] [setup] CPU Tracking...
[codecarbon WARNING @ 18:30:54] No CPU tracking mode found. Falling back on CPU constant mode. 
 Windows OS detected: Please install Intel Power Gadget to measure CPU

[codecarbon INFO @ 18:30:56] CPU Model on constant consumption mode: Intel(R) Xeon(R) Gold 6258R CPU @ 2.70GHz
[codecarbon INFO @ 18:30:56] [setup] GPU Tracking...
[codecarbon INFO @ 18:30:56] Tracking Nvidia GPU via pynvml
[codecarbon INFO @ 18:30:56] >>> Tracker's metadata:
[codecarbon INFO @ 18:30:56]   Platform system: Windows-11-10.0.22631-SP0
[codecarbon INFO @ 18:30:56]   Python version: 3.12.7
[codecarbon INFO @ 18:30:56]   CodeCarbon version: 2.8.3
[codecarbon INFO @ 18:30:56]   Available RAM : 126.630 GB
[codecarbon INFO @ 18:30:56]   CPU count: 56
[codecarbon INFO @ 18:30:56]   CPU model: Intel(R) Xeon(R) Gold 6258R CPU @ 2.70GHz
[codecarbon INFO @ 18:30:56]   GPU count: 2
[codecarbon INFO @ 18:30:56]   GPU model: 2 x NVIDIA RTX A5000
[codecarbon INFO @ 18:30:59] Saving emissions data to file C:\Users\pr8pf\Documents\GitHub\SplitFed\emissions.csv
[codecarbon INFO @ 18:31:00] Energy consumed for RAM : 0.000009 kWh. RAM Power : 47.48608875274658 W
[codecarbon INFO @ 18:31:00] Energy consumed for all CPUs : 0.000020 kWh. Total CPU Power : 102.50000000000001 W
[codecarbon INFO @ 18:31:00] Energy consumed for all GPUs : 0.000004 kWh. Total GPU Power : 21.296566497353638 W
[codecarbon INFO @ 18:31:00] 0.000034 kWh of electricity used since the beginning.

[91m Client1 Train => Local Epoch: 1 / 5 	Acc: 100.000 	Loss: 0.0000[00m
[91m Client1 Train => Local Epoch: 2 / 5 	Acc: 100.000 	Loss: 0.0000[00m
[91m Client1 Train => Local Epoch: 3 / 5 	Acc: 100.000 	Loss: 0.0000[00m
[91m Client1 Train => Local Epoch: 4 / 5 	Acc: 100.000 	Loss: 0.0000[00m
[92m  Client1 Test => 	Acc: 2.208 	Loss: 1310.6001[00m
[91m Client2 Train => Local Epoch: 0 / 5 	Acc: 41.493 	Loss: 2.0253[00m
[91m Client2 Train => Local Epoch: 1 / 5 	Acc: 57.118 	Loss: 1.3685[00m
[91m Client2 Train => Local Epoch: 2 / 5 	Acc: 67.361 	Loss: 1.0474[00m
[91m Client2 Train => Local Epoch: 3 / 5 	Acc: 72.309 	Loss: 0.8894[00m
[91m Client2 Train => Local Epoch: 4 / 5 	Acc: 75.174 	Loss: 0.7544[00m
[92m  Client2 Test => 	Acc: 57.511 	Loss: 2.0488[00m
[91m Client3 Train => Local Epoch: 0 / 5 	Acc: 55.078 	Loss: 1.4873[00m
[91m Client3 Train => Local Epoch: 1 / 5 	Acc: 74.870 	Loss: 0.8520[00m
[91m Client3 Train => Local Epoch: 2 / 5 	Acc: 82.031 	Loss: 0.6151[00m
[91m Client3 Train => Local Epoch: 3 / 5 	Acc: 82.248 	Loss: 0.5816[00m
[91m Client3 Train => Local Epoch: 4 / 5 	Acc: 83.160 	Loss: 0.5644[00m
[92m  Client3 Test => 	Acc: 60.514 	Loss: 1.6823[00m
[91m Client4 Train => Local Epoch: 0 / 5 	Acc: 34.473 	Loss: 2.3152[00m
[91m Client4 Train => Local Epoch: 1 / 5 	Acc: 51.465 	Loss: 1.5172[00m
[91m Client4 Train => Local Epoch: 2 / 5 	Acc: 62.695 	Loss: 1.0947[00m
[91m Client4 Train => Local Epoch: 3 / 5 	Acc: 70.215 	Loss: 0.9329[00m
[91m Client4 Train => Local Epoch: 4 / 5 	Acc: 70.703 	Loss: 0.9929[00m
[92m  Client4 Test => 	Acc: 45.398 	Loss: 2.4562[00m
[91m Client5 Train => Local Epoch: 0 / 5 	Acc: 31.901 	Loss: 2.2752[00m
[91m Client5 Train => Local Epoch: 1 / 5 	Acc: 50.260 	Loss: 1.6067[00m
[91m Client5 Train => Local Epoch: 2 / 5 	Acc: 54.818 	Loss: 1.4601[00m
[91m Client5 Train => Local Epoch: 3 / 5 	Acc: 57.161 	Loss: 1.3911[00m
[91m Client5 Train => Local Epoch: 4 / 5 	Acc: 66.927 	Loss: 1.0502[00m
[92m  Client5 Test => 	Acc: 38.305 	Loss: 2.9131[00m
[91m Client6 Train => Local Epoch: 0 / 5 	Acc: 49.000 	Loss: 1.7683[00m
[91m Client6 Train => Local Epoch: 1 / 5 	Acc: 70.344 	Loss: 0.9898[00m
[91m Client6 Train => Local Epoch: 2 / 5 	Acc: 66.719 	Loss: 1.1277[00m
[91m Client6 Train => Local Epoch: 3 / 5 	Acc: 79.562 	Loss: 0.6573[00m
[91m Client6 Train => Local Epoch: 4 / 5 	Acc: 82.625 	Loss: 0.5869[00m
[92m  Client6 Test => 	Acc: 61.373 	Loss: 1.3489[00m
[91m Client7 Train => Local Epoch: 0 / 5 	Acc: 31.250 	Loss: 2.3494[00m
[91m Client7 Train => Local Epoch: 1 / 5 	Acc: 39.844 	Loss: 1.8323[00m
[91m Client7 Train => Local Epoch: 2 / 5 	Acc: 45.781 	Loss: 1.5987[00m
[91m Client7 Train => Local Epoch: 3 / 5 	Acc: 60.703 	Loss: 1.2064[00m
[91m Client7 Train => Local Epoch: 4 / 5 	Acc: 61.953 	Loss: 1.2475[00m
[92m  Client7 Test => 	Acc: 28.583 	Loss: 2.4149[00m
[91m Client8 Train => Local Epoch: 0 / 5 	Acc: 17.448 	Loss: 2.8642[00m
[91m Client8 Train => Local Epoch: 1 / 5 	Acc: 47.266 	Loss: 1.6590[00m
[91m Client8 Train => Local Epoch: 2 / 5 	Acc: 68.620 	Loss: 0.9856[00m
[91m Client8 Train => Local Epoch: 3 / 5 	Acc: 69.401 	Loss: 1.0133[00m
[91m Client8 Train => Local Epoch: 4 / 5 	Acc: 80.339 	Loss: 0.6842[00m
[92m  Client8 Test => 	Acc: 42.408 	Loss: 1.9798[00m
[91m Client9 Train => Local Epoch: 0 / 5 	Acc: 28.786 	Loss: 2.2628[00m
[91m Client9 Train => Local Epoch: 1 / 5 	Acc: 43.149 	Loss: 1.8160[00m
[91m Client9 Train => Local Epoch: 2 / 5 	Acc: 52.885 	Loss: 1.5630[00m
[91m Client9 Train => Local Epoch: 3 / 5 	Acc: 68.029 	Loss: 1.0858[00m
[91m Client9 Train => Local Epoch: 4 / 5 	Acc: 75.300 	Loss: 0.8985[00m
[92m  Client9 Test => 	Acc: 52.930 	Loss: 1.7887[00m
------------------------------------------------
------ Federation process at Server-Side ------- 
------------------------------------------------
-----------------------------------------------------------
------ FedServer: Federation process at Client-Side ------- 
-----------------------------------------------------------
[92m  Client0 Test => 	Acc: 44.938 	Loss: 2.1224[00m
 Train: Round   3, Avg Accuracy 79.618 | Avg Loss 0.678
[91m Client0 Train => Local Epoch: 0 / 5 	Acc: 96.552 	Loss: 0.1407[00m
[91m Client0 Train => Local Epoch: 1 / 5 	Acc: 100.000 	Loss: 0.0000[00m
[91m Client0 Train => Local Epoch: 2 / 5 	Acc: 100.000 	Loss: 0.0000[00m
[91m Client0 Train => Local Epoch: 3 / 5 	Acc: 100.000 	Loss: 0.0000[00m
[91m Client0 Train => Local Epoch: 4 / 5 	Acc: 100.000 	Loss: 0.0000[00m
[92m  Client0 Test => 	Acc: 2.208 	Loss: 25434920.6154[00m
[91m Client1 Train => Local Epoch: 0 / 5 	Acc: 84.462 	Loss: 0.6040[00m
[91m Client1 Train => Local Epoch: 1 / 5 	Acc: 100.000 	Loss: 0.0000[00m
[91m Client1 Train => Local Epoch: 2 / 5 	Acc: 100.000 	Loss: 0.0000[00m
[91m Client1 Train => Local Epoch: 3 / 5 	Acc: 100.000 	Loss: 0.0000[00m
[91m Client1 Train => Local Epoch: 4 / 5 	Acc: 100.000 	Loss: 0.0000[00m
[92m  Client1 Test => 	Acc: 2.194 	Loss: 248248.4952[00m
[91m Client2 Train => Local Epoch: 0 / 5 	Acc: 62.847 	Loss: 1.3188[00m
[91m Client2 Train => Local Epoch: 1 / 5 	Acc: 72.049 	Loss: 0.8541[00m
[91m Client2 Train => Local Epoch: 2 / 5 	Acc: 79.340 	Loss: 0.6346[00m
[91m Client2 Train => Local Epoch: 3 / 5 	Acc: 83.420 	Loss: 0.4921[00m
[91m Client2 Train => Local Epoch: 4 / 5 	Acc: 86.806 	Loss: 0.4202[00m
[92m  Client2 Test => 	Acc: 66.369 	Loss: 1.5500[00m
[91m Client3 Train => Local Epoch: 0 / 5 	Acc: 73.047 	Loss: 1.0358[00m
[91m Client3 Train => Local Epoch: 1 / 5 	Acc: 80.382 	Loss: 0.6645[00m
[91m Client3 Train => Local Epoch: 2 / 5 	Acc: 84.679 	Loss: 0.4942[00m
[91m Client3 Train => Local Epoch: 3 / 5 	Acc: 88.889 	Loss: 0.3618[00m
[91m Client3 Train => Local Epoch: 4 / 5 	Acc: 88.585 	Loss: 0.3723[00m
[92m  Client3 Test => 	Acc: 65.366 	Loss: 1.6046[00m
[91m Client4 Train => Local Epoch: 0 / 5 	Acc: 59.082 	Loss: 1.4258[00m
[91m Client4 Train => Local Epoch: 1 / 5 	Acc: 70.312 	Loss: 0.8554[00m
[91m Client4 Train => Local Epoch: 2 / 5 	Acc: 82.715 	Loss: 0.5504[00m
[91m Client4 Train => Local Epoch: 3 / 5 	Acc: 80.664 	Loss: 0.6604[00m
[91m Client4 Train => Local Epoch: 4 / 5 	Acc: 82.617 	Loss: 0.5444[00m
[92m  Client4 Test => 	Acc: 49.540 	Loss: 2.3410[00m
[91m Client5 Train => Local Epoch: 0 / 5 	Acc: 56.510 	Loss: 1.5505[00m
[91m Client5 Train => Local Epoch: 1 / 5 	Acc: 66.927 	Loss: 1.0178[00m
[91m Client5 Train => Local Epoch: 2 / 5 	Acc: 72.786 	Loss: 0.8321[00m
[91m Client5 Train => Local Epoch: 3 / 5 	Acc: 78.385 	Loss: 0.6667[00m
[91m Client5 Train => Local Epoch: 4 / 5 	Acc: 80.339 	Loss: 0.5965[00m
[92m  Client5 Test => 	Acc: 58.007 	Loss: 2.2445[00m
[91m Client6 Train => Local Epoch: 0 / 5 	Acc: 62.906 	Loss: 1.2745[00m
[91m Client6 Train => Local Epoch: 1 / 5 	Acc: 76.375 	Loss: 0.7434[00m
[91m Client6 Train => Local Epoch: 2 / 5 	Acc: 82.594 	Loss: 0.5445[00m
[91m Client6 Train => Local Epoch: 3 / 5 	Acc: 88.094 	Loss: 0.4093[00m
[91m Client6 Train => Local Epoch: 4 / 5 	Acc: 90.219 	Loss: 0.3539[00m
[92m  Client6 Test => 	Acc: 62.586 	Loss: 1.3857[00m
[91m Client7 Train => Local Epoch: 0 / 5 	Acc: 38.047 	Loss: 1.9921[00m
[91m Client7 Train => Local Epoch: 1 / 5 	Acc: 54.062 	Loss: 1.3450[00m
[91m Client7 Train => Local Epoch: 2 / 5 	Acc: 56.406 	Loss: 1.2846[00m
[91m Client7 Train => Local Epoch: 3 / 5 	Acc: 70.781 	Loss: 0.9065[00m
[91m Client7 Train => Local Epoch: 4 / 5 	Acc: 73.672 	Loss: 0.8024[00m
[92m  Client7 Test => 	Acc: 55.222 	Loss: 1.6746[00m
[91m Client8 Train => Local Epoch: 0 / 5 	Acc: 43.359 	Loss: 1.9433[00m
[91m Client8 Train => Local Epoch: 1 / 5 	Acc: 71.615 	Loss: 0.9604[00m
[91m Client8 Train => Local Epoch: 2 / 5 	Acc: 77.474 	Loss: 0.7672[00m
[91m Client8 Train => Local Epoch: 3 / 5 	Acc: 81.771 	Loss: 0.5781[00m
[91m Client8 Train => Local Epoch: 4 / 5 	Acc: 87.630 	Loss: 0.4363[00m
[92m  Client8 Test => 	Acc: 50.642 	Loss: 1.9124[00m
[91m Client9 Train => Local Epoch: 0 / 5 	Acc: 60.156 	Loss: 1.3550[00m[codecarbon INFO @ 18:53:46] [setup] RAM Tracking...
[codecarbon INFO @ 18:53:46] [setup] CPU Tracking...
[codecarbon WARNING @ 18:53:46] No CPU tracking mode found. Falling back on CPU constant mode. 
 Windows OS detected: Please install Intel Power Gadget to measure CPU

[codecarbon INFO @ 18:53:48] CPU Model on constant consumption mode: Intel(R) Xeon(R) Gold 6258R CPU @ 2.70GHz
[codecarbon INFO @ 18:53:48] [setup] GPU Tracking...
[codecarbon INFO @ 18:53:48] Tracking Nvidia GPU via pynvml
[codecarbon INFO @ 18:53:48] >>> Tracker's metadata:
[codecarbon INFO @ 18:53:48]   Platform system: Windows-11-10.0.22631-SP0
[codecarbon INFO @ 18:53:48]   Python version: 3.12.7
[codecarbon INFO @ 18:53:48]   CodeCarbon version: 2.8.3
[codecarbon INFO @ 18:53:48]   Available RAM : 126.630 GB
[codecarbon INFO @ 18:53:48]   CPU count: 56
[codecarbon INFO @ 18:53:48]   CPU model: Intel(R) Xeon(R) Gold 6258R CPU @ 2.70GHz
[codecarbon INFO @ 18:53:48]   GPU count: 2
[codecarbon INFO @ 18:53:48]   GPU model: 2 x NVIDIA RTX A5000
[codecarbon INFO @ 18:53:51] Saving emissions data to file C:\Users\pr8pf\Documents\GitHub\SplitFed\emissions.csv
[codecarbon INFO @ 18:53:52] Energy consumed for RAM : 0.000014 kWh. RAM Power : 47.48608875274658 W
[codecarbon INFO @ 18:53:52] Energy consumed for all CPUs : 0.000030 kWh. Total CPU Power : 102.50000000000001 W
[codecarbon INFO @ 18:53:52] Energy consumed for all GPUs : 0.000006 kWh. Total GPU Power : 18.82677196639123 W
[codecarbon INFO @ 18:53:52] 0.000050 kWh of electricity used since the beginning.
[codecarbon INFO @ 18:54:48] [setup] RAM Tracking...
[codecarbon INFO @ 18:54:48] [setup] CPU Tracking...
[codecarbon WARNING @ 18:54:48] No CPU tracking mode found. Falling back on CPU constant mode. 
 Windows OS detected: Please install Intel Power Gadget to measure CPU

[codecarbon INFO @ 18:54:50] CPU Model on constant consumption mode: Intel(R) Xeon(R) Gold 6258R CPU @ 2.70GHz
[codecarbon INFO @ 18:54:50] [setup] GPU Tracking...
[codecarbon INFO @ 18:54:50] Tracking Nvidia GPU via pynvml
[codecarbon INFO @ 18:54:50] >>> Tracker's metadata:
[codecarbon INFO @ 18:54:50]   Platform system: Windows-11-10.0.22631-SP0
[codecarbon INFO @ 18:54:50]   Python version: 3.12.7
[codecarbon INFO @ 18:54:50]   CodeCarbon version: 2.8.3
[codecarbon INFO @ 18:54:50]   Available RAM : 126.630 GB
[codecarbon INFO @ 18:54:50]   CPU count: 56
[codecarbon INFO @ 18:54:50]   CPU model: Intel(R) Xeon(R) Gold 6258R CPU @ 2.70GHz
[codecarbon INFO @ 18:54:50]   GPU count: 2
[codecarbon INFO @ 18:54:50]   GPU model: 2 x NVIDIA RTX A5000
[codecarbon INFO @ 18:54:53] Saving emissions data to file C:\Users\pr8pf\Documents\GitHub\SplitFed\emissions.csv
[codecarbon INFO @ 18:54:54] Energy consumed for RAM : 0.000010 kWh. RAM Power : 47.48608875274658 W
[codecarbon INFO @ 18:54:54] Energy consumed for all CPUs : 0.000023 kWh. Total CPU Power : 102.50000000000001 W
[codecarbon INFO @ 18:54:54] Energy consumed for all GPUs : 0.000007 kWh. Total GPU Power : 30.707833304065556 W
[codecarbon INFO @ 18:54:54] 0.000040 kWh of electricity used since the beginning.
[codecarbon INFO @ 19:17:43] [setup] RAM Tracking...
[codecarbon INFO @ 19:17:43] [setup] CPU Tracking...
[codecarbon WARNING @ 19:17:43] No CPU tracking mode found. Falling back on CPU constant mode. 
 Windows OS detected: Please install Intel Power Gadget to measure CPU

[codecarbon INFO @ 19:17:45] CPU Model on constant consumption mode: Intel(R) Xeon(R) Gold 6258R CPU @ 2.70GHz
[codecarbon INFO @ 19:17:45] [setup] GPU Tracking...
[codecarbon INFO @ 19:17:45] Tracking Nvidia GPU via pynvml
[codecarbon INFO @ 19:17:45] >>> Tracker's metadata:
[codecarbon INFO @ 19:17:45]   Platform system: Windows-11-10.0.22631-SP0
[codecarbon INFO @ 19:17:45]   Python version: 3.12.7
[codecarbon INFO @ 19:17:45]   CodeCarbon version: 2.8.3
[codecarbon INFO @ 19:17:45]   Available RAM : 126.630 GB
[codecarbon INFO @ 19:17:45]   CPU count: 56
[codecarbon INFO @ 19:17:45]   CPU model: Intel(R) Xeon(R) Gold 6258R CPU @ 2.70GHz
[codecarbon INFO @ 19:17:45]   GPU count: 2
[codecarbon INFO @ 19:17:45]   GPU model: 2 x NVIDIA RTX A5000
[codecarbon INFO @ 19:17:48] Saving emissions data to file C:\Users\pr8pf\Documents\GitHub\SplitFed\emissions.csv
[codecarbon INFO @ 19:17:49] Energy consumed for RAM : 0.000013 kWh. RAM Power : 47.48608875274658 W
[codecarbon INFO @ 19:17:49] Energy consumed for all CPUs : 0.000029 kWh. Total CPU Power : 102.50000000000001 W
[codecarbon INFO @ 19:17:49] Energy consumed for all GPUs : 0.000005 kWh. Total GPU Power : 18.447432460366397 W
[codecarbon INFO @ 19:17:49] 0.000047 kWh of electricity used since the beginning.
[codecarbon INFO @ 19:18:45] [setup] RAM Tracking...
[codecarbon INFO @ 19:18:45] [setup] CPU Tracking...
[codecarbon WARNING @ 19:18:45] No CPU tracking mode found. Falling back on CPU constant mode. 
 Windows OS detected: Please install Intel Power Gadget to measure CPU

[codecarbon INFO @ 19:18:47] CPU Model on constant consumption mode: Intel(R) Xeon(R) Gold 6258R CPU @ 2.70GHz
[codecarbon INFO @ 19:18:47] [setup] GPU Tracking...
[codecarbon INFO @ 19:18:47] Tracking Nvidia GPU via pynvml
[codecarbon INFO @ 19:18:47] >>> Tracker's metadata:
[codecarbon INFO @ 19:18:47]   Platform system: Windows-11-10.0.22631-SP0
[codecarbon INFO @ 19:18:47]   Python version: 3.12.7
[codecarbon INFO @ 19:18:47]   CodeCarbon version: 2.8.3
[codecarbon INFO @ 19:18:47]   Available RAM : 126.630 GB
[codecarbon INFO @ 19:18:47]   CPU count: 56
[codecarbon INFO @ 19:18:47]   CPU model: Intel(R) Xeon(R) Gold 6258R CPU @ 2.70GHz
[codecarbon INFO @ 19:18:47]   GPU count: 2
[codecarbon INFO @ 19:18:47]   GPU model: 2 x NVIDIA RTX A5000
[codecarbon INFO @ 19:18:50] Saving emissions data to file C:\Users\pr8pf\Documents\GitHub\SplitFed\emissions.csv
[codecarbon INFO @ 19:18:51] Energy consumed for RAM : 0.000012 kWh. RAM Power : 47.48608875274658 W
[codecarbon INFO @ 19:18:51] Energy consumed for all CPUs : 0.000026 kWh. Total CPU Power : 102.50000000000001 W
[codecarbon INFO @ 19:18:51] Energy consumed for all GPUs : 0.000005 kWh. Total GPU Power : 18.926897228430033 W
[codecarbon INFO @ 19:18:51] 0.000044 kWh of electricity used since the beginning.

[91m Client9 Train => Local Epoch: 1 / 5 	Acc: 77.945 	Loss: 0.7476[00m
[91m Client9 Train => Local Epoch: 2 / 5 	Acc: 84.315 	Loss: 0.5523[00m
[91m Client9 Train => Local Epoch: 3 / 5 	Acc: 86.118 	Loss: 0.4556[00m
[91m Client9 Train => Local Epoch: 4 / 5 	Acc: 85.938 	Loss: 0.5049[00m
[92m  Client9 Test => 	Acc: 65.150 	Loss: 1.2207[00m
------------------------------------------------
------ Federation process at Server-Side ------- 
------------------------------------------------
-----------------------------------------------------------
------ FedServer: Federation process at Client-Side ------- 
-----------------------------------------------------------
[92m  Client0 Test => 	Acc: 2.188 	Loss: 30.2282[00m
 Train: Round   4, Avg Accuracy 87.580 | Avg Loss 0.403
[91m Client0 Train => Local Epoch: 0 / 5 	Acc: 100.000 	Loss: 0.0000[00m
[91m Client0 Train => Local Epoch: 1 / 5 	Acc: 100.000 	Loss: 0.0000[00m
[91m Client0 Train => Local Epoch: 2 / 5 	Acc: 100.000 	Loss: 0.0000[00m
[91m Client0 Train => Local Epoch: 3 / 5 	Acc: 100.000 	Loss: 0.0000[00m
[91m Client0 Train => Local Epoch: 4 / 5 	Acc: 100.000 	Loss: 0.0000[00m
[92m  Client0 Test => 	Acc: 2.194 	Loss: 51.3586[00m
[91m Client1 Train => Local Epoch: 0 / 5 	Acc: 100.000 	Loss: 0.0000[00m
[91m Client1 Train => Local Epoch: 1 / 5 	Acc: 100.000 	Loss: 0.0000[00m
[91m Client1 Train => Local Epoch: 2 / 5 	Acc: 100.000 	Loss: 0.0000[00m
[91m Client1 Train => Local Epoch: 3 / 5 	Acc: 100.000 	Loss: 0.0000[00m
[91m Client1 Train => Local Epoch: 4 / 5 	Acc: 100.000 	Loss: 0.0000[00m
[92m  Client1 Test => 	Acc: 2.194 	Loss: 36.6160[00m
[91m Client2 Train => Local Epoch: 0 / 5 	Acc: 37.066 	Loss: 5.0629[00m
[91m Client2 Train => Local Epoch: 1 / 5 	Acc: 48.958 	Loss: 2.2975[00m
[91m Client2 Train => Local Epoch: 2 / 5 	Acc: 53.646 	Loss: 1.4843[00m
[91m Client2 Train => Local Epoch: 3 / 5 	Acc: 62.760 	Loss: 1.1536[00m
[91m Client2 Train => Local Epoch: 4 / 5 	Acc: 71.875 	Loss: 0.9224[00m
[92m  Client2 Test => 	Acc: 48.610 	Loss: 2.2455[00m
[91m Client3 Train => Local Epoch: 0 / 5 	Acc: 48.524 	Loss: 3.1872[00m
[91m Client3 Train => Local Epoch: 1 / 5 	Acc: 77.865 	Loss: 0.7696[00m
[91m Client3 Train => Local Epoch: 2 / 5 	Acc: 80.469 	Loss: 0.6063[00m
[91m Client3 Train => Local Epoch: 3 / 5 	Acc: 83.941 	Loss: 0.5286[00m
[91m Client3 Train => Local Epoch: 4 / 5 	Acc: 84.592 	Loss: 0.5269[00m
[92m  Client3 Test => 	Acc: 58.124 	Loss: 1.7218[00m
[91m Client4 Train => Local Epoch: 0 / 5 	Acc: 27.148 	Loss: 5.7646[00m
[91m Client4 Train => Local Epoch: 1 / 5 	Acc: 57.617 	Loss: 1.3314[00m
[91m Client4 Train => Local Epoch: 2 / 5 	Acc: 70.020 	Loss: 0.9126[00m
[91m Client4 Train => Local Epoch: 3 / 5 	Acc: 77.637 	Loss: 0.7051[00m
[91m Client4 Train => Local Epoch: 4 / 5 	Acc: 84.766 	Loss: 0.4919[00m
[92m  Client4 Test => 	Acc: 51.799 	Loss: 2.3609[00m
[91m Client5 Train => Local Epoch: 0 / 5 	Acc: 29.036 	Loss: 7.6297[00m
[91m Client5 Train => Local Epoch: 1 / 5 	Acc: 58.594 	Loss: 1.5433[00m
[91m Client5 Train => Local Epoch: 2 / 5 	Acc: 67.969 	Loss: 1.0321[00m
[91m Client5 Train => Local Epoch: 3 / 5 	Acc: 75.260 	Loss: 0.7476[00m
[91m Client5 Train => Local Epoch: 4 / 5 	Acc: 74.740 	Loss: 0.8155[00m
[92m  Client5 Test => 	Acc: 51.164 	Loss: 2.1928[00m
[91m Client6 Train => Local Epoch: 0 / 5 	Acc: 24.875 	Loss: 3.5110[00m
[91m Client6 Train => Local Epoch: 1 / 5 	Acc: 25.656 	Loss: 2.1735[00m
[91m Client6 Train => Local Epoch: 2 / 5 	Acc: 24.750 	Loss: 2.0886[00m
[91m Client6 Train => Local Epoch: 3 / 5 	Acc: 26.094 	Loss: 2.0757[00m
[91m Client6 Train => Local Epoch: 4 / 5 	Acc: 24.969 	Loss: 2.0870[00m
[92m  Client6 Test => 	Acc: 12.341 	Loss: 3.2361[00m
[91m Client7 Train => Local Epoch: 0 / 5 	Acc: 16.875 	Loss: 5.4363[00m
[91m Client7 Train => Local Epoch: 1 / 5 	Acc: 24.531 	Loss: 2.4874[00m
[91m Client7 Train => Local Epoch: 2 / 5 	Acc: 26.406 	Loss: 2.2343[00m
[91m Client7 Train => Local Epoch: 3 / 5 	Acc: 25.625 	Loss: 2.3036[00m
[91m Client7 Train => Local Epoch: 4 / 5 	Acc: 25.234 	Loss: 2.1983[00m
[92m  Client7 Test => 	Acc: 9.676 	Loss: 3.3814[00m
[91m Client8 Train => Local Epoch: 0 / 5 	Acc: 21.615 	Loss: 7.8699[00m
[91m Client8 Train => Local Epoch: 1 / 5 	Acc: 39.062 	Loss: 2.3730[00m
[91m Client8 Train => Local Epoch: 2 / 5 	Acc: 55.990 	Loss: 1.3964[00m
[91m Client8 Train => Local Epoch: 3 / 5 	Acc: 47.786 	Loss: 1.6788[00m
[91m Client8 Train => Local Epoch: 4 / 5 	Acc: 61.068 	Loss: 1.3622[00m
[92m  Client8 Test => 	Acc: 36.237 	Loss: 3.2866[00m
[91m Client9 Train => Local Epoch: 0 / 5 	Acc: 18.870 	Loss: 5.0904[00m
[91m Client9 Train => Local Epoch: 1 / 5 	Acc: 32.212 	Loss: 1.9660[00m
[91m Client9 Train => Local Epoch: 2 / 5 	Acc: 33.413 	Loss: 1.8521[00m
[91m Client9 Train => Local Epoch: 3 / 5 	Acc: 26.623 	Loss: 2.2019[00m
[91m Client9 Train => Local Epoch: 4 / 5 	Acc: 24.399 	Loss: 2.1058[00m
[92m  Client9 Test => 	Acc: 7.105 	Loss: 3.2928[00m
------------------------------------------------
------ Federation process at Server-Side ------- 
------------------------------------------------
-----------------------------------------------------------
------ FedServer: Federation process at Client-Side ------- 
-----------------------------------------------------------
[92m  Client0 Test => 	Acc: 31.883 	Loss: 2.4018[00m
 Train: Round   5, Avg Accuracy 65.164 | Avg Loss 1.051
[91m Client0 Train => Local Epoch: 0 / 5 	Acc: 93.103 	Loss: 0.2611[00m
[91m Client0 Train => Local Epoch: 1 / 5 	Acc: 100.000 	Loss: 0.0000[00m
[91m Client0 Train => Local Epoch: 2 / 5 	Acc: 100.000 	Loss: 0.0000[00m
[91m Client0 Train => Local Epoch: 3 / 5 	Acc: 100.000 	Loss: 0.0000[00m
[91m Client0 Train => Local Epoch: 4 / 5 	Acc: 100.000 	Loss: 0.0000[00m
[92m  Client0 Test => 	Acc: 2.201 	Loss: 24939354.5846[00m
[91m Client1 Train => Local Epoch: 0 / 5 	Acc: 68.924 	Loss: 0.9985[00m
[91m Client1 Train => Local Epoch: 1 / 5 	Acc: 100.000 	Loss: 0.0000[00m
[91m Client1 Train => Local Epoch: 2 / 5 	Acc: 100.000 	Loss: 0.0000[00m
[91m Client1 Train => Local Epoch: 3 / 5 	Acc: 100.000 	Loss: 0.0000[00m
[91m Client1 Train => Local Epoch: 4 / 5 	Acc: 100.000 	Loss: 0.0000[00m
[92m  Client1 Test => 	Acc: 2.201 	Loss: 792327.1856[00m
[91m Client2 Train => Local Epoch: 0 / 5 	Acc: 52.170 	Loss: 1.6681[00m
[91m Client2 Train => Local Epoch: 1 / 5 	Acc: 70.226 	Loss: 0.9540[00m
[91m Client2 Train => Local Epoch: 2 / 5 	Acc: 77.083 	Loss: 0.7149[00m
[91m Client2 Train => Local Epoch: 3 / 5 	Acc: 82.378 	Loss: 0.5578[00m
[91m Client2 Train => Local Epoch: 4 / 5 	Acc: 85.677 	Loss: 0.4633[00m
[92m  Client2 Test => 	Acc: 66.222 	Loss: 1.6852[00m
[91m Client3 Train => Local Epoch: 0 / 5 	Acc: 71.658 	Loss: 1.0562[00m
[91m Client3 Train => Local Epoch: 1 / 5 	Acc: 82.899 	Loss: 0.5580[00m
[91m Client3 Train => Local Epoch: 2 / 5 	Acc: 86.111 	Loss: 0.4369[00m
[91m Client3 Train => Local Epoch: 3 / 5 	Acc: 88.368 	Loss: 0.3812[00m
[91m Client3 Train => Local Epoch: 4 / 5 	Acc: 89.974 	Loss: 0.3111[00m
[92m  Client3 Test => 	Acc: 72.694 	Loss: 1.2212[00m
[91m Client4 Train => Local Epoch: 0 / 5 	Acc: 53.418 	Loss: 1.7231[00m
[91m Client4 Train => Local Epoch: 1 / 5 	Acc: 75.000 	Loss: 0.7598[00m
[91m Client4 Train => Local Epoch: 2 / 5 	Acc: 78.906 	Loss: 0.7128[00m
[91m Client4 Train => Local Epoch: 3 / 5 	Acc: 83.691 	Loss: 0.5275[00m
[91m Client4 Train => Local Epoch: 4 / 5 	Acc: 87.793 	Loss: 0.3781[00m
[92m  Client4 Test => 	Acc: 56.253 	Loss: 1.8218[00m
[91m Client5 Train => Local Epoch: 0 / 5 	Acc: 52.604 	Loss: 1.9008[00m
[91m Client5 Train => Local Epoch: 1 / 5 	Acc: 69.661 	Loss: 0.9828[00m
[91m Client5 Train => Local Epoch: 2 / 5 	Acc: 75.391 	Loss: 0.7576[00m
[91m Client5 Train => Local Epoch: 3 / 5 	Acc: 79.818 	Loss: 0.6473[00m
[91m Client5 Train => Local Epoch: 4 / 5 	Acc: 83.333 	Loss: 0.5030[00m
[92m  Client5 Test => 	Acc: 55.813 	Loss: 2.4343[00m
[91m Client6 Train => Local Epoch: 0 / 5 	Acc: 64.844 	Loss: 1.2173[00m[codecarbon INFO @ 19:41:36] [setup] RAM Tracking...
[codecarbon INFO @ 19:41:36] [setup] CPU Tracking...
[codecarbon WARNING @ 19:41:36] No CPU tracking mode found. Falling back on CPU constant mode. 
 Windows OS detected: Please install Intel Power Gadget to measure CPU

[codecarbon INFO @ 19:41:37] CPU Model on constant consumption mode: Intel(R) Xeon(R) Gold 6258R CPU @ 2.70GHz
[codecarbon INFO @ 19:41:37] [setup] GPU Tracking...
[codecarbon INFO @ 19:41:37] Tracking Nvidia GPU via pynvml
[codecarbon INFO @ 19:41:37] >>> Tracker's metadata:
[codecarbon INFO @ 19:41:37]   Platform system: Windows-11-10.0.22631-SP0
[codecarbon INFO @ 19:41:37]   Python version: 3.12.7
[codecarbon INFO @ 19:41:37]   CodeCarbon version: 2.8.3
[codecarbon INFO @ 19:41:37]   Available RAM : 126.630 GB
[codecarbon INFO @ 19:41:37]   CPU count: 56
[codecarbon INFO @ 19:41:37]   CPU model: Intel(R) Xeon(R) Gold 6258R CPU @ 2.70GHz
[codecarbon INFO @ 19:41:37]   GPU count: 2
[codecarbon INFO @ 19:41:37]   GPU model: 2 x NVIDIA RTX A5000
[codecarbon INFO @ 19:41:40] Saving emissions data to file C:\Users\pr8pf\Documents\GitHub\SplitFed\emissions.csv
[codecarbon INFO @ 19:41:41] Energy consumed for RAM : 0.000011 kWh. RAM Power : 47.48608875274658 W
[codecarbon INFO @ 19:41:41] Energy consumed for all CPUs : 0.000025 kWh. Total CPU Power : 102.50000000000001 W
[codecarbon INFO @ 19:41:41] Energy consumed for all GPUs : 0.000004 kWh. Total GPU Power : 18.420944108956 W
[codecarbon INFO @ 19:41:41] 0.000041 kWh of electricity used since the beginning.
[codecarbon INFO @ 19:42:37] [setup] RAM Tracking...
[codecarbon INFO @ 19:42:37] [setup] CPU Tracking...
[codecarbon WARNING @ 19:42:37] No CPU tracking mode found. Falling back on CPU constant mode. 
 Windows OS detected: Please install Intel Power Gadget to measure CPU

[codecarbon INFO @ 19:42:38] CPU Model on constant consumption mode: Intel(R) Xeon(R) Gold 6258R CPU @ 2.70GHz
[codecarbon INFO @ 19:42:38] [setup] GPU Tracking...
[codecarbon INFO @ 19:42:38] Tracking Nvidia GPU via pynvml
[codecarbon INFO @ 19:42:39] >>> Tracker's metadata:
[codecarbon INFO @ 19:42:39]   Platform system: Windows-11-10.0.22631-SP0
[codecarbon INFO @ 19:42:39]   Python version: 3.12.7
[codecarbon INFO @ 19:42:39]   CodeCarbon version: 2.8.3
[codecarbon INFO @ 19:42:39]   Available RAM : 126.630 GB
[codecarbon INFO @ 19:42:39]   CPU count: 56
[codecarbon INFO @ 19:42:39]   CPU model: Intel(R) Xeon(R) Gold 6258R CPU @ 2.70GHz
[codecarbon INFO @ 19:42:39]   GPU count: 2
[codecarbon INFO @ 19:42:39]   GPU model: 2 x NVIDIA RTX A5000
[codecarbon INFO @ 19:42:42] Saving emissions data to file C:\Users\pr8pf\Documents\GitHub\SplitFed\emissions.csv
[codecarbon INFO @ 19:42:42] Energy consumed for RAM : 0.000010 kWh. RAM Power : 47.48608875274658 W
[codecarbon INFO @ 19:42:42] Energy consumed for all CPUs : 0.000021 kWh. Total CPU Power : 102.50000000000001 W
[codecarbon INFO @ 19:42:42] Energy consumed for all GPUs : 0.000007 kWh. Total GPU Power : 32.388947550431865 W
[codecarbon INFO @ 19:42:42] 0.000038 kWh of electricity used since the beginning.
[codecarbon INFO @ 20:05:37] [setup] RAM Tracking...
[codecarbon INFO @ 20:05:37] [setup] CPU Tracking...
[codecarbon WARNING @ 20:05:37] No CPU tracking mode found. Falling back on CPU constant mode. 
 Windows OS detected: Please install Intel Power Gadget to measure CPU

[codecarbon INFO @ 20:05:39] CPU Model on constant consumption mode: Intel(R) Xeon(R) Gold 6258R CPU @ 2.70GHz
[codecarbon INFO @ 20:05:39] [setup] GPU Tracking...
[codecarbon INFO @ 20:05:39] Tracking Nvidia GPU via pynvml
[codecarbon INFO @ 20:05:39] >>> Tracker's metadata:
[codecarbon INFO @ 20:05:39]   Platform system: Windows-11-10.0.22631-SP0
[codecarbon INFO @ 20:05:39]   Python version: 3.12.7
[codecarbon INFO @ 20:05:39]   CodeCarbon version: 2.8.3
[codecarbon INFO @ 20:05:39]   Available RAM : 126.630 GB
[codecarbon INFO @ 20:05:39]   CPU count: 56
[codecarbon INFO @ 20:05:39]   CPU model: Intel(R) Xeon(R) Gold 6258R CPU @ 2.70GHz
[codecarbon INFO @ 20:05:39]   GPU count: 2
[codecarbon INFO @ 20:05:39]   GPU model: 2 x NVIDIA RTX A5000
[codecarbon INFO @ 20:05:42] Saving emissions data to file C:\Users\pr8pf\Documents\GitHub\SplitFed\emissions.csv
[codecarbon INFO @ 20:05:43] Energy consumed for RAM : 0.000015 kWh. RAM Power : 47.48608875274658 W
[codecarbon INFO @ 20:05:43] Energy consumed for all CPUs : 0.000033 kWh. Total CPU Power : 102.50000000000001 W
[codecarbon INFO @ 20:05:43] Energy consumed for all GPUs : 0.000007 kWh. Total GPU Power : 22.911266062364923 W
[codecarbon INFO @ 20:05:43] 0.000055 kWh of electricity used since the beginning.
[codecarbon INFO @ 20:06:39] [setup] RAM Tracking...
[codecarbon INFO @ 20:06:39] [setup] CPU Tracking...
[codecarbon WARNING @ 20:06:39] No CPU tracking mode found. Falling back on CPU constant mode. 
 Windows OS detected: Please install Intel Power Gadget to measure CPU

[codecarbon INFO @ 20:06:41] CPU Model on constant consumption mode: Intel(R) Xeon(R) Gold 6258R CPU @ 2.70GHz
[codecarbon INFO @ 20:06:41] [setup] GPU Tracking...
[codecarbon INFO @ 20:06:41] Tracking Nvidia GPU via pynvml
[codecarbon INFO @ 20:06:41] >>> Tracker's metadata:
[codecarbon INFO @ 20:06:41]   Platform system: Windows-11-10.0.22631-SP0
[codecarbon INFO @ 20:06:41]   Python version: 3.12.7
[codecarbon INFO @ 20:06:41]   CodeCarbon version: 2.8.3
[codecarbon INFO @ 20:06:41]   Available RAM : 126.630 GB
[codecarbon INFO @ 20:06:41]   CPU count: 56
[codecarbon INFO @ 20:06:41]   CPU model: Intel(R) Xeon(R) Gold 6258R CPU @ 2.70GHz
[codecarbon INFO @ 20:06:41]   GPU count: 2
[codecarbon INFO @ 20:06:41]   GPU model: 2 x NVIDIA RTX A5000
[codecarbon INFO @ 20:06:44] Saving emissions data to file C:\Users\pr8pf\Documents\GitHub\SplitFed\emissions.csv
[codecarbon INFO @ 20:06:45] Energy consumed for RAM : 0.000010 kWh. RAM Power : 47.48608875274658 W
[codecarbon INFO @ 20:06:45] Energy consumed for all CPUs : 0.000021 kWh. Total CPU Power : 102.50000000000001 W
[codecarbon INFO @ 20:06:45] Energy consumed for all GPUs : 0.000004 kWh. Total GPU Power : 19.71047081543069 W
[codecarbon INFO @ 20:06:45] 0.000035 kWh of electricity used since the beginning.

[91m Client6 Train => Local Epoch: 1 / 5 	Acc: 74.000 	Loss: 0.8086[00m
[91m Client6 Train => Local Epoch: 2 / 5 	Acc: 83.375 	Loss: 0.5769[00m
[91m Client6 Train => Local Epoch: 3 / 5 	Acc: 86.312 	Loss: 0.4644[00m
[91m Client6 Train => Local Epoch: 4 / 5 	Acc: 89.375 	Loss: 0.3539[00m
[92m  Client6 Test => 	Acc: 68.646 	Loss: 1.0153[00m
[91m Client7 Train => Local Epoch: 0 / 5 	Acc: 43.750 	Loss: 1.9754[00m
[91m Client7 Train => Local Epoch: 1 / 5 	Acc: 56.719 	Loss: 1.2373[00m
[91m Client7 Train => Local Epoch: 2 / 5 	Acc: 71.016 	Loss: 0.8826[00m
[91m Client7 Train => Local Epoch: 3 / 5 	Acc: 77.344 	Loss: 0.7094[00m
[91m Client7 Train => Local Epoch: 4 / 5 	Acc: 73.516 	Loss: 0.7727[00m
[92m  Client7 Test => 	Acc: 63.718 	Loss: 1.4817[00m
[91m Client8 Train => Local Epoch: 0 / 5 	Acc: 32.812 	Loss: 2.2881[00m
[91m Client8 Train => Local Epoch: 1 / 5 	Acc: 66.406 	Loss: 1.3397[00m
[91m Client8 Train => Local Epoch: 2 / 5 	Acc: 75.781 	Loss: 0.8656[00m
[91m Client8 Train => Local Epoch: 3 / 5 	Acc: 82.031 	Loss: 0.5955[00m
[91m Client8 Train => Local Epoch: 4 / 5 	Acc: 84.896 	Loss: 0.4851[00m
[92m  Client8 Test => 	Acc: 49.481 	Loss: 1.7807[00m
[91m Client9 Train => Local Epoch: 0 / 5 	Acc: 58.474 	Loss: 1.4766[00m
[91m Client9 Train => Local Epoch: 1 / 5 	Acc: 78.005 	Loss: 0.7976[00m
[91m Client9 Train => Local Epoch: 2 / 5 	Acc: 84.435 	Loss: 0.5243[00m
[91m Client9 Train => Local Epoch: 3 / 5 	Acc: 86.779 	Loss: 0.4302[00m
[91m Client9 Train => Local Epoch: 4 / 5 	Acc: 85.397 	Loss: 0.4690[00m
[92m  Client9 Test => 	Acc: 61.150 	Loss: 1.4084[00m
------------------------------------------------
------ Federation process at Server-Side ------- 
------------------------------------------------
-----------------------------------------------------------
------ FedServer: Federation process at Client-Side ------- 
-----------------------------------------------------------
[92m  Client0 Test => 	Acc: 2.194 	Loss: 27.1642[00m
 Train: Round   6, Avg Accuracy 87.996 | Avg Loss 0.374
[91m Client0 Train => Local Epoch: 0 / 5 	Acc: 100.000 	Loss: 0.0000[00m
[91m Client0 Train => Local Epoch: 1 / 5 	Acc: 100.000 	Loss: 0.0000[00m
[91m Client0 Train => Local Epoch: 2 / 5 	Acc: 100.000 	Loss: 0.0000[00m
[91m Client0 Train => Local Epoch: 3 / 5 	Acc: 100.000 	Loss: 0.0000[00m
[91m Client0 Train => Local Epoch: 4 / 5 	Acc: 100.000 	Loss: 0.0000[00m
[92m  Client0 Test => 	Acc: 2.188 	Loss: 52.6793[00m
[91m Client1 Train => Local Epoch: 0 / 5 	Acc: 100.000 	Loss: 0.0000[00m
[91m Client1 Train => Local Epoch: 1 / 5 	Acc: 100.000 	Loss: 0.0000[00m
[91m Client1 Train => Local Epoch: 2 / 5 	Acc: 100.000 	Loss: 0.0000[00m
[91m Client1 Train => Local Epoch: 3 / 5 	Acc: 100.000 	Loss: 0.0000[00m
[91m Client1 Train => Local Epoch: 4 / 5 	Acc: 100.000 	Loss: 0.0000[00m
[92m  Client1 Test => 	Acc: 2.201 	Loss: 48.0838[00m
[91m Client2 Train => Local Epoch: 0 / 5 	Acc: 58.681 	Loss: 3.5880[00m
[91m Client2 Train => Local Epoch: 1 / 5 	Acc: 66.059 	Loss: 1.1743[00m
[91m Client2 Train => Local Epoch: 2 / 5 	Acc: 77.431 	Loss: 0.7699[00m
[91m Client2 Train => Local Epoch: 3 / 5 	Acc: 81.163 	Loss: 0.5837[00m
[91m Client2 Train => Local Epoch: 4 / 5 	Acc: 86.024 	Loss: 0.4606[00m
[92m  Client2 Test => 	Acc: 56.034 	Loss: 2.0029[00m
[91m Client3 Train => Local Epoch: 0 / 5 	Acc: 54.774 	Loss: 2.7238[00m
[91m Client3 Train => Local Epoch: 1 / 5 	Acc: 73.481 	Loss: 0.9216[00m
[91m Client3 Train => Local Epoch: 2 / 5 	Acc: 80.903 	Loss: 0.6402[00m
[91m Client3 Train => Local Epoch: 3 / 5 	Acc: 83.160 	Loss: 0.5589[00m
[91m Client3 Train => Local Epoch: 4 / 5 	Acc: 86.155 	Loss: 0.4437[00m
[92m  Client3 Test => 	Acc: 63.285 	Loss: 1.6173[00m
[91m Client4 Train => Local Epoch: 0 / 5 	Acc: 57.324 	Loss: 4.1154[00m
[91m Client4 Train => Local Epoch: 1 / 5 	Acc: 68.555 	Loss: 1.0299[00m
[91m Client4 Train => Local Epoch: 2 / 5 	Acc: 69.922 	Loss: 0.9823[00m
[91m Client4 Train => Local Epoch: 3 / 5 	Acc: 73.535 	Loss: 0.7969[00m
[91m Client4 Train => Local Epoch: 4 / 5 	Acc: 80.566 	Loss: 0.6296[00m
[92m  Client4 Test => 	Acc: 51.424 	Loss: 1.8582[00m
[91m Client5 Train => Local Epoch: 0 / 5 	Acc: 52.474 	Loss: 6.0229[00m
[91m Client5 Train => Local Epoch: 1 / 5 	Acc: 66.667 	Loss: 1.0601[00m
[91m Client5 Train => Local Epoch: 2 / 5 	Acc: 75.651 	Loss: 0.7780[00m
[91m Client5 Train => Local Epoch: 3 / 5 	Acc: 79.557 	Loss: 0.6215[00m
[91m Client5 Train => Local Epoch: 4 / 5 	Acc: 80.339 	Loss: 0.5733[00m
[92m  Client5 Test => 	Acc: 55.371 	Loss: 2.5806[00m
[91m Client6 Train => Local Epoch: 0 / 5 	Acc: 29.969 	Loss: 3.8831[00m
[91m Client6 Train => Local Epoch: 1 / 5 	Acc: 28.875 	Loss: 2.3186[00m
[91m Client6 Train => Local Epoch: 2 / 5 	Acc: 25.375 	Loss: 2.1226[00m
[91m Client6 Train => Local Epoch: 3 / 5 	Acc: 24.656 	Loss: 2.1075[00m
[91m Client6 Train => Local Epoch: 4 / 5 	Acc: 25.219 	Loss: 2.0833[00m
[92m  Client6 Test => 	Acc: 12.362 	Loss: 3.1669[00m
[91m Client7 Train => Local Epoch: 0 / 5 	Acc: 41.719 	Loss: 4.1327[00m
[91m Client7 Train => Local Epoch: 1 / 5 	Acc: 50.234 	Loss: 1.4562[00m
[91m Client7 Train => Local Epoch: 2 / 5 	Acc: 66.172 	Loss: 1.0457[00m
[91m Client7 Train => Local Epoch: 3 / 5 	Acc: 72.500 	Loss: 0.8545[00m
[91m Client7 Train => Local Epoch: 4 / 5 	Acc: 77.031 	Loss: 0.7096[00m
[92m  Client7 Test => 	Acc: 59.083 	Loss: 1.5887[00m
[91m Client8 Train => Local Epoch: 0 / 5 	Acc: 40.755 	Loss: 6.3107[00m
[91m Client8 Train => Local Epoch: 1 / 5 	Acc: 65.755 	Loss: 1.2312[00m
[91m Client8 Train => Local Epoch: 2 / 5 	Acc: 78.385 	Loss: 0.7416[00m
[91m Client8 Train => Local Epoch: 3 / 5 	Acc: 83.203 	Loss: 0.5598[00m
[91m Client8 Train => Local Epoch: 4 / 5 	Acc: 88.411 	Loss: 0.4012[00m
[92m  Client8 Test => 	Acc: 54.745 	Loss: 1.7955[00m
[91m Client9 Train => Local Epoch: 0 / 5 	Acc: 52.464 	Loss: 3.6932[00m
[91m Client9 Train => Local Epoch: 1 / 5 	Acc: 63.582 	Loss: 1.2057[00m
[91m Client9 Train => Local Epoch: 2 / 5 	Acc: 76.142 	Loss: 0.7984[00m
[91m Client9 Train => Local Epoch: 3 / 5 	Acc: 78.906 	Loss: 0.7338[00m
[91m Client9 Train => Local Epoch: 4 / 5 	Acc: 83.413 	Loss: 0.5725[00m
[92m  Client9 Test => 	Acc: 57.987 	Loss: 1.6365[00m
------------------------------------------------
------ Federation process at Server-Side ------- 
------------------------------------------------
-----------------------------------------------------------
------ FedServer: Federation process at Client-Side ------- 
-----------------------------------------------------------
[92m  Client0 Test => 	Acc: 55.872 	Loss: 1.5415[00m
 Train: Round   7, Avg Accuracy 80.716 | Avg Loss 0.587
[91m Client0 Train => Local Epoch: 0 / 5 	Acc: 93.103 	Loss: 0.3011[00m
[91m Client0 Train => Local Epoch: 1 / 5 	Acc: 100.000 	Loss: 0.0000[00m
[91m Client0 Train => Local Epoch: 2 / 5 	Acc: 100.000 	Loss: 0.0000[00m
[91m Client0 Train => Local Epoch: 3 / 5 	Acc: 100.000 	Loss: 0.0000[00m
[91m Client0 Train => Local Epoch: 4 / 5 	Acc: 100.000 	Loss: 0.0000[00m
[92m  Client0 Test => 	Acc: 2.201 	Loss: 206885413.9077[00m
[91m Client1 Train => Local Epoch: 0 / 5 	Acc: 73.698 	Loss: 1.1081[00m
[91m Client1 Train => Local Epoch: 1 / 5 	Acc: 100.000 	Loss: 0.0000[00m
[91m Client1 Train => Local Epoch: 2 / 5 	Acc: 100.000 	Loss: 0.0000[00m
[91m Client1 Train => Local Epoch: 3 / 5 	Acc: 100.000 	Loss: 0.0000[00m
[91m Client1 Train => Local Epoch: 4 / 5 	Acc: 100.000 	Loss: 0.0000[00m
[92m  Client1 Test => 	Acc: 2.188 	Loss: 1058732338.2154[00m
[91m Client2 Train => Local Epoch: 0 / 5 	Acc: 70.833 	Loss: 0.9613[00m
[91m Client2 Train => Local Epoch: 1 / 5 	Acc: 82.378 	Loss: 0.5648[00m
[91m Client2 Train => Local Epoch: 2 / 5 	Acc: 86.372 	Loss: 0.4276[00m
[91m Client2 Train => Local Epoch: 3 / 5 	Acc: 86.979 	Loss: 0.4061[00m
[91m Client2 Train => Local Epoch: 4 / 5 	Acc: 88.802 	Loss: 0.3394[00m
[92m  Client2 Test => 	Acc: 65.727 	Loss: 1.4811[00m
[91m Client3 Train => Local Epoch: 0 / 5 	Acc: 79.080 	Loss: 0.7416[00m[codecarbon INFO @ 20:29:36] [setup] RAM Tracking...
[codecarbon INFO @ 20:29:36] [setup] CPU Tracking...
[codecarbon WARNING @ 20:29:36] No CPU tracking mode found. Falling back on CPU constant mode. 
 Windows OS detected: Please install Intel Power Gadget to measure CPU

[codecarbon INFO @ 20:29:38] CPU Model on constant consumption mode: Intel(R) Xeon(R) Gold 6258R CPU @ 2.70GHz
[codecarbon INFO @ 20:29:38] [setup] GPU Tracking...
[codecarbon INFO @ 20:29:38] Tracking Nvidia GPU via pynvml
[codecarbon INFO @ 20:29:38] >>> Tracker's metadata:
[codecarbon INFO @ 20:29:38]   Platform system: Windows-11-10.0.22631-SP0
[codecarbon INFO @ 20:29:38]   Python version: 3.12.7
[codecarbon INFO @ 20:29:38]   CodeCarbon version: 2.8.3
[codecarbon INFO @ 20:29:38]   Available RAM : 126.630 GB
[codecarbon INFO @ 20:29:38]   CPU count: 56
[codecarbon INFO @ 20:29:38]   CPU model: Intel(R) Xeon(R) Gold 6258R CPU @ 2.70GHz
[codecarbon INFO @ 20:29:38]   GPU count: 2
[codecarbon INFO @ 20:29:38]   GPU model: 2 x NVIDIA RTX A5000
[codecarbon INFO @ 20:29:41] Saving emissions data to file C:\Users\pr8pf\Documents\GitHub\SplitFed\emissions.csv
[codecarbon INFO @ 20:29:42] Energy consumed for RAM : 0.000010 kWh. RAM Power : 47.48608875274658 W
[codecarbon INFO @ 20:29:42] Energy consumed for all CPUs : 0.000021 kWh. Total CPU Power : 102.50000000000001 W
[codecarbon INFO @ 20:29:42] Energy consumed for all GPUs : 0.000004 kWh. Total GPU Power : 19.003583945026065 W
[codecarbon INFO @ 20:29:42] 0.000034 kWh of electricity used since the beginning.
[codecarbon INFO @ 20:30:37] [setup] RAM Tracking...
[codecarbon INFO @ 20:30:37] [setup] CPU Tracking...
[codecarbon WARNING @ 20:30:37] No CPU tracking mode found. Falling back on CPU constant mode. 
 Windows OS detected: Please install Intel Power Gadget to measure CPU

[codecarbon INFO @ 20:30:39] CPU Model on constant consumption mode: Intel(R) Xeon(R) Gold 6258R CPU @ 2.70GHz
[codecarbon INFO @ 20:30:39] [setup] GPU Tracking...
[codecarbon INFO @ 20:30:39] Tracking Nvidia GPU via pynvml
[codecarbon INFO @ 20:30:39] >>> Tracker's metadata:
[codecarbon INFO @ 20:30:39]   Platform system: Windows-11-10.0.22631-SP0
[codecarbon INFO @ 20:30:39]   Python version: 3.12.7
[codecarbon INFO @ 20:30:39]   CodeCarbon version: 2.8.3
[codecarbon INFO @ 20:30:39]   Available RAM : 126.630 GB
[codecarbon INFO @ 20:30:39]   CPU count: 56
[codecarbon INFO @ 20:30:39]   CPU model: Intel(R) Xeon(R) Gold 6258R CPU @ 2.70GHz
[codecarbon INFO @ 20:30:39]   GPU count: 2
[codecarbon INFO @ 20:30:39]   GPU model: 2 x NVIDIA RTX A5000
[codecarbon INFO @ 20:30:42] Saving emissions data to file C:\Users\pr8pf\Documents\GitHub\SplitFed\emissions.csv
[codecarbon INFO @ 20:30:43] Energy consumed for RAM : 0.000011 kWh. RAM Power : 47.48608875274658 W
[codecarbon INFO @ 20:30:43] Energy consumed for all CPUs : 0.000023 kWh. Total CPU Power : 102.50000000000001 W
[codecarbon INFO @ 20:30:43] Energy consumed for all GPUs : 0.000004 kWh. Total GPU Power : 18.609959901943693 W
[codecarbon INFO @ 20:30:43] 0.000039 kWh of electricity used since the beginning.
[codecarbon INFO @ 20:53:37] [setup] RAM Tracking...
[codecarbon INFO @ 20:53:37] [setup] CPU Tracking...
[codecarbon WARNING @ 20:53:37] No CPU tracking mode found. Falling back on CPU constant mode. 
 Windows OS detected: Please install Intel Power Gadget to measure CPU

[codecarbon INFO @ 20:53:38] CPU Model on constant consumption mode: Intel(R) Xeon(R) Gold 6258R CPU @ 2.70GHz
[codecarbon INFO @ 20:53:38] [setup] GPU Tracking...
[codecarbon INFO @ 20:53:38] Tracking Nvidia GPU via pynvml
[codecarbon INFO @ 20:53:38] >>> Tracker's metadata:
[codecarbon INFO @ 20:53:38]   Platform system: Windows-11-10.0.22631-SP0
[codecarbon INFO @ 20:53:38]   Python version: 3.12.7
[codecarbon INFO @ 20:53:38]   CodeCarbon version: 2.8.3
[codecarbon INFO @ 20:53:38]   Available RAM : 126.630 GB
[codecarbon INFO @ 20:53:38]   CPU count: 56
[codecarbon INFO @ 20:53:38]   CPU model: Intel(R) Xeon(R) Gold 6258R CPU @ 2.70GHz
[codecarbon INFO @ 20:53:38]   GPU count: 2
[codecarbon INFO @ 20:53:38]   GPU model: 2 x NVIDIA RTX A5000
[codecarbon INFO @ 20:53:41] Saving emissions data to file C:\Users\pr8pf\Documents\GitHub\SplitFed\emissions.csv
[codecarbon INFO @ 20:53:42] Energy consumed for RAM : 0.000010 kWh. RAM Power : 47.48608875274658 W
[codecarbon INFO @ 20:53:42] Energy consumed for all CPUs : 0.000021 kWh. Total CPU Power : 102.50000000000001 W
[codecarbon INFO @ 20:53:42] Energy consumed for all GPUs : 0.000004 kWh. Total GPU Power : 18.5725830205885 W
[codecarbon INFO @ 20:53:42] 0.000035 kWh of electricity used since the beginning.

[91m Client3 Train => Local Epoch: 1 / 5 	Acc: 87.023 	Loss: 0.4233[00m
[91m Client3 Train => Local Epoch: 2 / 5 	Acc: 87.934 	Loss: 0.3870[00m
[91m Client3 Train => Local Epoch: 3 / 5 	Acc: 90.321 	Loss: 0.3045[00m
[91m Client3 Train => Local Epoch: 4 / 5 	Acc: 91.493 	Loss: 0.2791[00m
[92m  Client3 Test => 	Acc: 70.568 	Loss: 1.2998[00m
[91m Client4 Train => Local Epoch: 0 / 5 	Acc: 71.094 	Loss: 0.9614[00m
[91m Client4 Train => Local Epoch: 1 / 5 	Acc: 81.934 	Loss: 0.5890[00m
[91m Client4 Train => Local Epoch: 2 / 5 	Acc: 88.770 	Loss: 0.3829[00m
[91m Client4 Train => Local Epoch: 3 / 5 	Acc: 91.797 	Loss: 0.2760[00m
[91m Client4 Train => Local Epoch: 4 / 5 	Acc: 93.066 	Loss: 0.2348[00m
[92m  Client4 Test => 	Acc: 62.866 	Loss: 1.5132[00m
[91m Client5 Train => Local Epoch: 0 / 5 	Acc: 75.260 	Loss: 0.9208[00m
[91m Client5 Train => Local Epoch: 1 / 5 	Acc: 82.161 	Loss: 0.5688[00m
[91m Client5 Train => Local Epoch: 2 / 5 	Acc: 82.552 	Loss: 0.5427[00m
[91m Client5 Train => Local Epoch: 3 / 5 	Acc: 84.635 	Loss: 0.4640[00m
[91m Client5 Train => Local Epoch: 4 / 5 	Acc: 86.198 	Loss: 0.4243[00m
[92m  Client5 Test => 	Acc: 63.176 	Loss: 1.8762[00m
[91m Client6 Train => Local Epoch: 0 / 5 	Acc: 75.250 	Loss: 0.7931[00m
[91m Client6 Train => Local Epoch: 1 / 5 	Acc: 84.781 	Loss: 0.4958[00m
[91m Client6 Train => Local Epoch: 2 / 5 	Acc: 87.469 	Loss: 0.4090[00m
[91m Client6 Train => Local Epoch: 3 / 5 	Acc: 89.031 	Loss: 0.3504[00m
[91m Client6 Train => Local Epoch: 4 / 5 	Acc: 91.188 	Loss: 0.2981[00m
[92m  Client6 Test => 	Acc: 75.685 	Loss: 0.8305[00m
[91m Client7 Train => Local Epoch: 0 / 5 	Acc: 56.641 	Loss: 1.2696[00m
[91m Client7 Train => Local Epoch: 1 / 5 	Acc: 74.141 	Loss: 0.7898[00m
[91m Client7 Train => Local Epoch: 2 / 5 	Acc: 82.812 	Loss: 0.5423[00m
[91m Client7 Train => Local Epoch: 3 / 5 	Acc: 76.562 	Loss: 0.6920[00m
[91m Client7 Train => Local Epoch: 4 / 5 	Acc: 82.578 	Loss: 0.5242[00m
[92m  Client7 Test => 	Acc: 69.682 	Loss: 1.2548[00m
[91m Client8 Train => Local Epoch: 0 / 5 	Acc: 59.505 	Loss: 1.3429[00m
[91m Client8 Train => Local Epoch: 1 / 5 	Acc: 84.505 	Loss: 0.5769[00m
[91m Client8 Train => Local Epoch: 2 / 5 	Acc: 88.802 	Loss: 0.4068[00m
[91m Client8 Train => Local Epoch: 3 / 5 	Acc: 89.844 	Loss: 0.3397[00m
[91m Client8 Train => Local Epoch: 4 / 5 	Acc: 90.625 	Loss: 0.2753[00m
[92m  Client8 Test => 	Acc: 57.884 	Loss: 1.9777[00m
[91m Client9 Train => Local Epoch: 0 / 5 	Acc: 75.300 	Loss: 0.8715[00m
[91m Client9 Train => Local Epoch: 1 / 5 	Acc: 84.916 	Loss: 0.5040[00m
[91m Client9 Train => Local Epoch: 2 / 5 	Acc: 87.200 	Loss: 0.4383[00m
[91m Client9 Train => Local Epoch: 3 / 5 	Acc: 87.921 	Loss: 0.3981[00m
[91m Client9 Train => Local Epoch: 4 / 5 	Acc: 88.462 	Loss: 0.3595[00m
[92m  Client9 Test => 	Acc: 68.633 	Loss: 1.0656[00m
------------------------------------------------
------ Federation process at Server-Side ------- 
------------------------------------------------
-----------------------------------------------------------
------ FedServer: Federation process at Client-Side ------- 
-----------------------------------------------------------
[92m  Client0 Test => 	Acc: 2.214 	Loss: 35.7434[00m
 Train: Round   8, Avg Accuracy 91.241 | Avg Loss 0.273
[91m Client0 Train => Local Epoch: 0 / 5 	Acc: 100.000 	Loss: 0.0000[00m
[91m Client0 Train => Local Epoch: 1 / 5 	Acc: 100.000 	Loss: 0.0000[00m
[91m Client0 Train => Local Epoch: 2 / 5 	Acc: 100.000 	Loss: 0.0000[00m
[91m Client0 Train => Local Epoch: 3 / 5 	Acc: 100.000 	Loss: 0.0000[00m
[91m Client0 Train => Local Epoch: 4 / 5 	Acc: 100.000 	Loss: 0.0000[00m
[92m  Client0 Test => 	Acc: 2.188 	Loss: 41.8359[00m
[91m Client1 Train => Local Epoch: 0 / 5 	Acc: 100.000 	Loss: 0.0000[00m
[91m Client1 Train => Local Epoch: 1 / 5 	Acc: 100.000 	Loss: 0.0000[00m
[91m Client1 Train => Local Epoch: 2 / 5 	Acc: 100.000 	Loss: 0.0000[00m
[91m Client1 Train => Local Epoch: 3 / 5 	Acc: 100.000 	Loss: 0.0000[00m
[91m Client1 Train => Local Epoch: 4 / 5 	Acc: 100.000 	Loss: 0.0000[00m
[92m  Client1 Test => 	Acc: 2.201 	Loss: 44.7481[00m
[91m Client2 Train => Local Epoch: 0 / 5 	Acc: 23.177 	Loss: 6.2121[00m
[91m Client2 Train => Local Epoch: 1 / 5 	Acc: 42.448 	Loss: 2.4640[00m
[91m Client2 Train => Local Epoch: 2 / 5 	Acc: 37.934 	Loss: 2.2869[00m
[91m Client2 Train => Local Epoch: 3 / 5 	Acc: 42.188 	Loss: 2.1291[00m
[91m Client2 Train => Local Epoch: 4 / 5 	Acc: 42.274 	Loss: 2.1020[00m
[92m  Client2 Test => 	Acc: 12.969 	Loss: 3.2437[00m
[91m Client3 Train => Local Epoch: 0 / 5 	Acc: 34.766 	Loss: 3.7331[00m
[91m Client3 Train => Local Epoch: 1 / 5 	Acc: 61.545 	Loss: 1.3492[00m
[91m Client3 Train => Local Epoch: 2 / 5 	Acc: 70.443 	Loss: 1.0454[00m
[91m Client3 Train => Local Epoch: 3 / 5 	Acc: 75.738 	Loss: 0.8502[00m
[91m Client3 Train => Local Epoch: 4 / 5 	Acc: 79.644 	Loss: 0.6898[00m
[92m  Client3 Test => 	Acc: 49.910 	Loss: 1.8070[00m
[91m Client4 Train => Local Epoch: 0 / 5 	Acc: 12.500 	Loss: 6.8117[00m
[91m Client4 Train => Local Epoch: 1 / 5 	Acc: 29.395 	Loss: 2.0560[00m
[91m Client4 Train => Local Epoch: 2 / 5 	Acc: 47.070 	Loss: 1.6223[00m
[91m Client4 Train => Local Epoch: 3 / 5 	Acc: 52.246 	Loss: 1.4691[00m
[91m Client4 Train => Local Epoch: 4 / 5 	Acc: 68.164 	Loss: 0.9841[00m
[92m  Client4 Test => 	Acc: 40.609 	Loss: 2.4848[00m
[91m Client5 Train => Local Epoch: 0 / 5 	Acc: 5.078 	Loss: 8.3725[00m
[91m Client5 Train => Local Epoch: 1 / 5 	Acc: 38.151 	Loss: 2.1252[00m
[91m Client5 Train => Local Epoch: 2 / 5 	Acc: 54.167 	Loss: 1.5013[00m
[91m Client5 Train => Local Epoch: 3 / 5 	Acc: 66.406 	Loss: 1.1012[00m
[91m Client5 Train => Local Epoch: 4 / 5 	Acc: 69.010 	Loss: 0.9354[00m
[92m  Client5 Test => 	Acc: 47.106 	Loss: 2.7937[00m
[91m Client6 Train => Local Epoch: 0 / 5 	Acc: 20.875 	Loss: 3.7429[00m
[91m Client6 Train => Local Epoch: 1 / 5 	Acc: 33.531 	Loss: 2.0961[00m
[91m Client6 Train => Local Epoch: 2 / 5 	Acc: 25.438 	Loss: 2.1272[00m
[91m Client6 Train => Local Epoch: 3 / 5 	Acc: 24.125 	Loss: 2.0826[00m
[91m Client6 Train => Local Epoch: 4 / 5 	Acc: 25.906 	Loss: 2.0803[00m
[92m  Client6 Test => 	Acc: 11.040 	Loss: 3.1431[00m
[91m Client7 Train => Local Epoch: 0 / 5 	Acc: 19.531 	Loss: 5.9037[00m
[91m Client7 Train => Local Epoch: 1 / 5 	Acc: 27.578 	Loss: 2.2297[00m
[91m Client7 Train => Local Epoch: 2 / 5 	Acc: 38.672 	Loss: 1.9144[00m
[91m Client7 Train => Local Epoch: 3 / 5 	Acc: 40.156 	Loss: 2.3205[00m
[91m Client7 Train => Local Epoch: 4 / 5 	Acc: 23.125 	Loss: 2.2230[00m
[92m  Client7 Test => 	Acc: 9.689 	Loss: 3.3861[00m
[91m Client8 Train => Local Epoch: 0 / 5 	Acc: 2.734 	Loss: 9.3352[00m
[91m Client8 Train => Local Epoch: 1 / 5 	Acc: 17.448 	Loss: 2.5463[00m
[91m Client8 Train => Local Epoch: 2 / 5 	Acc: 29.036 	Loss: 2.3218[00m
[91m Client8 Train => Local Epoch: 3 / 5 	Acc: 26.432 	Loss: 2.1219[00m
[91m Client8 Train => Local Epoch: 4 / 5 	Acc: 44.531 	Loss: 1.7773[00m
[92m  Client8 Test => 	Acc: 23.947 	Loss: 3.1860[00m
[91m Client9 Train => Local Epoch: 0 / 5 	Acc: 14.964 	Loss: 5.2926[00m
[91m Client9 Train => Local Epoch: 1 / 5 	Acc: 26.803 	Loss: 2.1693[00m
[91m Client9 Train => Local Epoch: 2 / 5 	Acc: 25.120 	Loss: 2.0968[00m
[91m Client9 Train => Local Epoch: 3 / 5 	Acc: 26.923 	Loss: 2.0954[00m
[91m Client9 Train => Local Epoch: 4 / 5 	Acc: 25.180 	Loss: 2.1011[00m
[92m  Client9 Test => 	Acc: 7.098 	Loss: 3.1802[00m
------------------------------------------------
------ Federation process at Server-Side ------- 
------------------------------------------------
-----------------------------------------------------------
------ FedServer: Federation process at Client-Side ------- 
-----------------------------------------------------------
[92m  Client0 Test => 	Acc: 16.012 	Loss: 2.5762[00m
 Train: Round   9, Avg Accuracy 57.784 | Avg Loss 1.289
Training and Evaluation completed!
===== END Fri 01/16/2026 20:54:43.24 ===== 
