===== START Mon 12/22/2025  6:40:57.64 ===== 
C:\Users\pr8pf\AppData\Local\anaconda3\Lib\site-packages\torchvision\models\_utils.py:208: UserWarning: The parameter 'pretrained' is deprecated since 0.13 and may be removed in the future, please use 'weights' instead.
  warnings.warn(
C:\Users\pr8pf\AppData\Local\anaconda3\Lib\site-packages\torchvision\models\_utils.py:223: UserWarning: Arguments other than a weight enum or `None` for 'weights' are deprecated since 0.13 and may be removed in the future. The current behavior is equivalent to passing `weights=VGG16_Weights.IMAGENET1K_V1`. You can also use `weights=VGG16_Weights.DEFAULT` to get the most up-to-date weights.
  warnings.warn(msg)
[codecarbon INFO @ 06:41:29] [setup] RAM Tracking...
[codecarbon INFO @ 06:41:29] [setup] CPU Tracking...
[codecarbon WARNING @ 06:41:29] No CPU tracking mode found. Falling back on CPU constant mode. 
 Windows OS detected: Please install Intel Power Gadget to measure CPU

[codecarbon INFO @ 06:41:31] CPU Model on constant consumption mode: Intel(R) Xeon(R) Gold 6258R CPU @ 2.70GHz
[codecarbon INFO @ 06:41:31] [setup] GPU Tracking...
[codecarbon INFO @ 06:41:31] Tracking Nvidia GPU via pynvml
[codecarbon INFO @ 06:41:31] >>> Tracker's metadata:
[codecarbon INFO @ 06:41:31]   Platform system: Windows-11-10.0.22631-SP0
[codecarbon INFO @ 06:41:31]   Python version: 3.12.7
[codecarbon INFO @ 06:41:31]   CodeCarbon version: 2.8.3
[codecarbon INFO @ 06:41:31]   Available RAM : 126.630 GB
[codecarbon INFO @ 06:41:31]   CPU count: 56
[codecarbon INFO @ 06:41:31]   CPU model: Intel(R) Xeon(R) Gold 6258R CPU @ 2.70GHz
[codecarbon INFO @ 06:41:31]   GPU count: 2
[codecarbon INFO @ 06:41:31]   GPU model: 2 x NVIDIA RTX A5000
[codecarbon INFO @ 06:41:34] Saving emissions data to file C:\Users\pr8pf\Documents\GitHub\SplitFed\emissions.csv
[codecarbon INFO @ 06:41:36] Energy consumed for RAM : 0.000019 kWh. RAM Power : 47.48608875274658 W
[codecarbon INFO @ 06:41:36] Energy consumed for all CPUs : 0.000041 kWh. Total CPU Power : 102.50000000000001 W
[codecarbon INFO @ 06:41:36] Energy consumed for all GPUs : 0.000007 kWh. Total GPU Power : 17.39234026950185 W
[codecarbon INFO @ 06:41:36] 0.000067 kWh of electricity used since the beginning.
C:\Users\pr8pf\AppData\Local\anaconda3\Lib\site-packages\sklearn\cluster\_kmeans.py:1429: UserWarning: KMeans is known to have a memory leak on Windows with MKL, when there are less chunks than available threads. You can avoid it by setting the environment variable OMP_NUM_THREADS=1.
  warnings.warn(
C:\Users\pr8pf\AppData\Local\anaconda3\Lib\site-packages\sklearn\cluster\_kmeans.py:1429: UserWarning: KMeans is known to have a memory leak on Windows with MKL, when there are less chunks than available threads. You can avoid it by setting the environment variable OMP_NUM_THREADS=1.
  warnings.warn(
[codecarbon INFO @ 07:06:41] [setup] RAM Tracking...
[codecarbon INFO @ 07:06:41] [setup] CPU Tracking...
[codecarbon WARNING @ 07:06:41] No CPU tracking mode found. Falling back on CPU constant mode. 
 Windows OS detected: Please install Intel Power Gadget to measure CPU

[codecarbon INFO @ 07:06:42] CPU Model on constant consumption mode: Intel(R) Xeon(R) Gold 6258R CPU @ 2.70GHz
[codecarbon INFO @ 07:06:42] [setup] GPU Tracking...
[codecarbon INFO @ 07:06:42] Tracking Nvidia GPU via pynvml
[codecarbon INFO @ 07:06:42] >>> Tracker's metadata:
[codecarbon INFO @ 07:06:42]   Platform system: Windows-11-10.0.22631-SP0
[codecarbon INFO @ 07:06:42]   Python version: 3.12.7
[codecarbon INFO @ 07:06:42]   CodeCarbon version: 2.8.3
[codecarbon INFO @ 07:06:42]   Available RAM : 126.630 GB
[codecarbon INFO @ 07:06:42]   CPU count: 56
[codecarbon INFO @ 07:06:42]   CPU model: Intel(R) Xeon(R) Gold 6258R CPU @ 2.70GHz
[codecarbon INFO @ 07:06:42]   GPU count: 2
[codecarbon INFO @ 07:06:42]   GPU model: 2 x NVIDIA RTX A5000
[codecarbon INFO @ 07:06:45] Saving emissions data to file C:\Users\pr8pf\Documents\GitHub\SplitFed\emissions.csv
[codecarbon INFO @ 07:06:46] Energy consumed for RAM : 0.000008 kWh. RAM Power : 47.48608875274658 W
[codecarbon INFO @ 07:06:46] Energy consumed for all CPUs : 0.000016 kWh. Total CPU Power : 102.50000000000001 W
[codecarbon INFO @ 07:06:46] Energy consumed for all GPUs : 0.000004 kWh. Total GPU Power : 24.144008353913787 W
[codecarbon INFO @ 07:06:46] 0.000028 kWh of electricity used since the beginning.
[codecarbon INFO @ 07:07:41] [setup] RAM Tracking...
[codecarbon INFO @ 07:07:41] [setup] CPU Tracking...
[codecarbon WARNING @ 07:07:41] No CPU tracking mode found. Falling back on CPU constant mode. 
 Windows OS detected: Please install Intel Power Gadget to measure CPU

[codecarbon INFO @ 07:07:42] CPU Model on constant consumption mode: Intel(R) Xeon(R) Gold 6258R CPU @ 2.70GHz
[codecarbon INFO @ 07:07:42] [setup] GPU Tracking...
[codecarbon INFO @ 07:07:42] Tracking Nvidia GPU via pynvml
[codecarbon INFO @ 07:07:42] >>> Tracker's metadata:
[codecarbon INFO @ 07:07:42]   Platform system: Windows-11-10.0.22631-SP0
[codecarbon INFO @ 07:07:42]   Python version: 3.12.7
[codecarbon INFO @ 07:07:42]   CodeCarbon version: 2.8.3
[codecarbon INFO @ 07:07:42]   Available RAM : 126.630 GB
[codecarbon INFO @ 07:07:42]   CPU count: 56
[codecarbon INFO @ 07:07:42]   CPU model: Intel(R) Xeon(R) Gold 6258R CPU @ 2.70GHz
[codecarbon INFO @ 07:07:42]   GPU count: 2
[codecarbon INFO @ 07:07:42]   GPU model: 2 x NVIDIA RTX A5000
[codecarbon INFO @ 07:07:45] Saving emissions data to file C:\Users\pr8pf\Documents\GitHub\SplitFed\emissions.csv
[codecarbon INFO @ 07:07:46] Energy consumed for RAM : 0.000011 kWh. RAM Power : 47.48608875274658 W
[codecarbon INFO @ 07:07:46] Energy consumed for all CPUs : 0.000025 kWh. Total CPU Power : 102.50000000000001 W
[codecarbon INFO @ 07:07:46] Energy consumed for all GPUs : 0.000007 kWh. Total GPU Power : 27.435808293432352 W
[codecarbon INFO @ 07:07:46] 0.000042 kWh of electricity used since the beginning.
################################################################
#                              batch_size: 64                  #
#                         test_batch_size: 64                  #
#                                  epochs: 10                  #
#                               optimizer: SGD                 #
#                                      lr: 0.001               #
#                                momentum: 0.5                 #
#                                    seed: 1                   #
#                             num_clients: 10                  #
#                                   scale: 5                   #
#                                 dataset: plant               #
#                             loader_type: dirichlet           #
#                                      AR: flame               #
#                                    side: both                #
#                                     PDR: 1.0                 #
#                                  attack: label_flipping 5->9 #
#                          label_flipping: uni                 #
#                         experiment_name: split_fed_label_flipping_5_to_9_inner_epochs=5_epochs=10_PDR=1.0_scale=5_flame#
#                            inner_epochs: 5                   #
#                                   setup: split_fed           #
#                                   alpha: 0.5                 #
################################################################
NVIDIA RTX A5000
---------split_fed_label_flipping_5_to_9_inner_epochs=5_epochs=10_PDR=1.0_scale=5_flame----------
initialize a data loader
Using cuda
[91m Client0 Train => Local Epoch: 0 / 5 	Acc: 35.210 	Loss: 1.9941[00m
[91m Client0 Train => Local Epoch: 1 / 5 	Acc: 56.008 	Loss: 1.3640[00m
[91m Client0 Train => Local Epoch: 2 / 5 	Acc: 64.359 	Loss: 1.1250[00m
[91m Client0 Train => Local Epoch: 3 / 5 	Acc: 68.858 	Loss: 0.9508[00m
[91m Client0 Train => Local Epoch: 4 / 5 	Acc: 71.525 	Loss: 0.8649[00m
[92m  Client0 Test => 	Acc: 32.725 	Loss: 3.5260[00m
[91m Client1 Train => Local Epoch: 0 / 5 	Acc: 22.222 	Loss: 3.7197[00m
[91m Client1 Train => Local Epoch: 1 / 5 	Acc: 39.497 	Loss: 1.9876[00m
[91m Client1 Train => Local Epoch: 2 / 5 	Acc: 39.497 	Loss: 1.8888[00m
[91m Client1 Train => Local Epoch: 3 / 5 	Acc: 42.274 	Loss: 1.7732[00m
[91m Client1 Train => Local Epoch: 4 / 5 	Acc: 45.052 	Loss: 1.6446[00m
[92m  Client1 Test => 	Acc: 16.242 	Loss: 4.6188[00m
[91m Client2 Train => Local Epoch: 0 / 5 	Acc: 34.809 	Loss: 3.3673[00m
[91m Client2 Train => Local Epoch: 1 / 5 	Acc: 42.101 	Loss: 2.1251[00m
[91m Client2 Train => Local Epoch: 2 / 5 	Acc: 47.135 	Loss: 1.9944[00m
[91m Client2 Train => Local Epoch: 3 / 5 	Acc: 47.483 	Loss: 1.8434[00m
[91m Client2 Train => Local Epoch: 4 / 5 	Acc: 47.830 	Loss: 1.7156[00m
[92m  Client2 Test => 	Acc: 9.116 	Loss: 4.1664[00m
[91m Client3 Train => Local Epoch: 0 / 5 	Acc: 27.387 	Loss: 3.2720[00m
[91m Client3 Train => Local Epoch: 1 / 5 	Acc: 56.554 	Loss: 1.3466[00m
[91m Client3 Train => Local Epoch: 2 / 5 	Acc: 71.788 	Loss: 0.9870[00m
[91m Client3 Train => Local Epoch: 3 / 5 	Acc: 73.958 	Loss: 0.9147[00m
[91m Client3 Train => Local Epoch: 4 / 5 	Acc: 74.696 	Loss: 0.8570[00m
[92m  Client3 Test => 	Acc: 21.715 	Loss: 5.1259[00m
[91m Client4 Train => Local Epoch: 0 / 5 	Acc: 22.754 	Loss: 5.3057[00m
[91m Client4 Train => Local Epoch: 1 / 5 	Acc: 28.809 	Loss: 2.3616[00m
[91m Client4 Train => Local Epoch: 2 / 5 	Acc: 43.164 	Loss: 1.6625[00m
[91m Client4 Train => Local Epoch: 3 / 5 	Acc: 55.176 	Loss: 1.3874[00m
[91m Client4 Train => Local Epoch: 4 / 5 	Acc: 60.156 	Loss: 1.2347[00m
[92m  Client4 Test => 	Acc: 19.127 	Loss: 8.6395[00m
[91m Client5 Train => Local Epoch: 0 / 5 	Acc: 19.401 	Loss: 3.7064[00m
[91m Client5 Train => Local Epoch: 1 / 5 	Acc: 24.349 	Loss: 2.4651[00m
[91m Client5 Train => Local Epoch: 2 / 5 	Acc: 31.250 	Loss: 2.0384[00m
[91m Client5 Train => Local Epoch: 3 / 5 	Acc: 30.729 	Loss: 1.9762[00m
[91m Client5 Train => Local Epoch: 4 / 5 	Acc: 41.667 	Loss: 1.8298[00m
[92m  Client5 Test => 	Acc: 23.697 	Loss: 3.8546[00m
[91m Client6 Train => Local Epoch: 0 / 5 	Acc: 26.000 	Loss: 2.7306[00m
[91m Client6 Train => Local Epoch: 1 / 5 	Acc: 43.688 	Loss: 1.8267[00m
[91m Client6 Train => Local Epoch: 2 / 5 	Acc: 57.469 	Loss: 1.3764[00m
[91m Client6 Train => Local Epoch: 3 / 5 	Acc: 67.062 	Loss: 1.0756[00m
[91m Client6 Train => Local Epoch: 4 / 5 	Acc: 71.031 	Loss: 0.9083[00m
[92m  Client6 Test => 	Acc: 49.657 	Loss: 1.8905[00m
[91m Client7 Train => Local Epoch: 0 / 5 	Acc: 18.281 	Loss: 3.2440[00m
[91m Client7 Train => Local Epoch: 1 / 5 	Acc: 23.516 	Loss: 2.2915[00m
[91m Client7 Train => Local Epoch: 2 / 5 	Acc: 25.391 	Loss: 2.1664[00m
[91m Client7 Train => Local Epoch: 3 / 5 	Acc: 26.719 	Loss: 2.1511[00m
[91m Client7 Train => Local Epoch: 4 / 5 	Acc: 34.297 	Loss: 1.9642[00m
[92m  Client7 Test => 	Acc: 18.398 	Loss: 3.3816[00m
[91m Client8 Train => Local Epoch: 0 / 5 	Acc: 17.578 	Loss: 6.5378[00m
[91m Client8 Train => Local Epoch: 1 / 5 	Acc: 19.792 	Loss: 2.4272[00m
[91m Client8 Train => Local Epoch: 2 / 5 	Acc: 21.354 	Loss: 2.2228[00m
[91m Client8 Train => Local Epoch: 3 / 5 	Acc: 24.609 	Loss: 2.1266[00m
[91m Client8 Train => Local Epoch: 4 / 5 	Acc: 28.646 	Loss: 2.1454[00m
[92m  Client8 Test => 	Acc: 5.333 	Loss: 4.7420[00m
[91m Client9 Train => Local Epoch: 0 / 5 	Acc: 18.089 	Loss: 3.8243[00m
[91m Client9 Train => Local Epoch: 1 / 5 	Acc: 28.125 	Loss: 2.0843[00m
[91m Client9 Train => Local Epoch: 2 / 5 	Acc: 29.928 	Loss: 2.0811[00m
[91m Client9 Train => Local Epoch: 3 / 5 	Acc: 42.127 	Loss: 1.7385[00m
[91m Client9 Train => Local Epoch: 4 / 5 	Acc: 48.257 	Loss: 1.5927[00m
[92m  Client9 Test => 	Acc: 39.644 	Loss: 2.4336[00m
------------------------------------------------
------ Federation process at Server-Side ------- 
------------------------------------------------
-----------------------------------------------------------
------ FedServer: Federation process at Client-Side ------- 
-----------------------------------------------------------
[92m  Client0 Test => 	Acc: 11.081 	Loss: 2.7177[00m
 Train: Round   0, Avg Accuracy 52.316 | Avg Loss 1.476
[91m Client0 Train => Local Epoch: 0 / 5 	Acc: 34.860 	Loss: 1.8934[00m
[91m Client0 Train => Local Epoch: 1 / 5 	Acc: 38.416 	Loss: 1.7584[00m
[91m Client0 Train => Local Epoch: 2 / 5 	Acc: 38.443 	Loss: 1.7558[00m
[91m Client0 Train => Local Epoch: 3 / 5 	Acc: 38.470 	Loss: 1.7554[00m
[91m Client0 Train => Local Epoch: 4 / 5 	Acc: 38.443 	Loss: 1.7548[00m
[92m  Client0 Test => 	Acc: 12.335 	Loss: 4.1316[00m
[91m Client1 Train => Local Epoch: 0 / 5 	Acc: 39.670 	Loss: 2.1713[00m
[91m Client1 Train => Local Epoch: 1 / 5 	Acc: 39.323 	Loss: 1.9319[00m
[91m Client1 Train => Local Epoch: 2 / 5 	Acc: 39.236 	Loss: 1.9116[00m
[91m Client1 Train => Local Epoch: 3 / 5 	Acc: 39.149 	Loss: 1.9063[00m
[91m Client1 Train => Local Epoch: 4 / 5 	Acc: 39.062 	Loss: 1.8991[00m
[92m  Client1 Test => 	Acc: 11.081 	Loss: 4.4299[00m
[91m Client2 Train => Local Epoch: 0 / 5 	Acc: 47.222 	Loss: 2.1198[00m
[91m Client2 Train => Local Epoch: 1 / 5 	Acc: 47.135 	Loss: 1.9646[00m
[91m Client2 Train => Local Epoch: 2 / 5 	Acc: 47.222 	Loss: 1.9326[00m
[91m Client2 Train => Local Epoch: 3 / 5 	Acc: 47.049 	Loss: 1.9312[00m
[91m Client2 Train => Local Epoch: 4 / 5 	Acc: 46.788 	Loss: 1.9380[00m
[92m  Client2 Test => 	Acc: 11.074 	Loss: 4.1146[00m
[91m Client3 Train => Local Epoch: 0 / 5 	Acc: 30.122 	Loss: 2.0186[00m
[91m Client3 Train => Local Epoch: 1 / 5 	Acc: 30.425 	Loss: 1.8612[00m
[91m Client3 Train => Local Epoch: 2 / 5 	Acc: 33.247 	Loss: 1.8393[00m
[91m Client3 Train => Local Epoch: 3 / 5 	Acc: 32.248 	Loss: 1.8497[00m
[91m Client3 Train => Local Epoch: 4 / 5 	Acc: 33.116 	Loss: 1.8504[00m
[92m  Client3 Test => 	Acc: 7.915 	Loss: 3.9565[00m
[91m Client4 Train => Local Epoch: 0 / 5 	Acc: 25.684 	Loss: 2.3773[00mC:\Users\pr8pf\AppData\Local\anaconda3\Lib\site-packages\sklearn\cluster\_kmeans.py:1429: UserWarning: KMeans is known to have a memory leak on Windows with MKL, when there are less chunks than available threads. You can avoid it by setting the environment variable OMP_NUM_THREADS=1.
  warnings.warn(
C:\Users\pr8pf\AppData\Local\anaconda3\Lib\site-packages\sklearn\cluster\_kmeans.py:1429: UserWarning: KMeans is known to have a memory leak on Windows with MKL, when there are less chunks than available threads. You can avoid it by setting the environment variable OMP_NUM_THREADS=1.
  warnings.warn(
[codecarbon INFO @ 07:32:55] [setup] RAM Tracking...
[codecarbon INFO @ 07:32:55] [setup] CPU Tracking...
[codecarbon WARNING @ 07:32:55] No CPU tracking mode found. Falling back on CPU constant mode. 
 Windows OS detected: Please install Intel Power Gadget to measure CPU

[codecarbon INFO @ 07:32:56] CPU Model on constant consumption mode: Intel(R) Xeon(R) Gold 6258R CPU @ 2.70GHz
[codecarbon INFO @ 07:32:56] [setup] GPU Tracking...
[codecarbon INFO @ 07:32:56] Tracking Nvidia GPU via pynvml
[codecarbon INFO @ 07:32:56] >>> Tracker's metadata:
[codecarbon INFO @ 07:32:56]   Platform system: Windows-11-10.0.22631-SP0
[codecarbon INFO @ 07:32:56]   Python version: 3.12.7
[codecarbon INFO @ 07:32:56]   CodeCarbon version: 2.8.3
[codecarbon INFO @ 07:32:56]   Available RAM : 126.630 GB
[codecarbon INFO @ 07:32:56]   CPU count: 56
[codecarbon INFO @ 07:32:56]   CPU model: Intel(R) Xeon(R) Gold 6258R CPU @ 2.70GHz
[codecarbon INFO @ 07:32:56]   GPU count: 2
[codecarbon INFO @ 07:32:56]   GPU model: 2 x NVIDIA RTX A5000
[codecarbon INFO @ 07:32:59] Saving emissions data to file C:\Users\pr8pf\Documents\GitHub\SplitFed\emissions.csv
[codecarbon INFO @ 07:33:00] Energy consumed for RAM : 0.000007 kWh. RAM Power : 47.48608875274658 W
[codecarbon INFO @ 07:33:00] Energy consumed for all CPUs : 0.000014 kWh. Total CPU Power : 102.50000000000001 W
[codecarbon INFO @ 07:33:00] Energy consumed for all GPUs : 0.000002 kWh. Total GPU Power : 14.891362563353605 W
[codecarbon INFO @ 07:33:00] 0.000023 kWh of electricity used since the beginning.
[codecarbon INFO @ 07:33:55] [setup] RAM Tracking...
[codecarbon INFO @ 07:33:55] [setup] CPU Tracking...
[codecarbon WARNING @ 07:33:55] No CPU tracking mode found. Falling back on CPU constant mode. 
 Windows OS detected: Please install Intel Power Gadget to measure CPU

[codecarbon INFO @ 07:33:57] CPU Model on constant consumption mode: Intel(R) Xeon(R) Gold 6258R CPU @ 2.70GHz
[codecarbon INFO @ 07:33:57] [setup] GPU Tracking...
[codecarbon INFO @ 07:33:57] Tracking Nvidia GPU via pynvml
[codecarbon INFO @ 07:33:57] >>> Tracker's metadata:
[codecarbon INFO @ 07:33:57]   Platform system: Windows-11-10.0.22631-SP0
[codecarbon INFO @ 07:33:57]   Python version: 3.12.7
[codecarbon INFO @ 07:33:57]   CodeCarbon version: 2.8.3
[codecarbon INFO @ 07:33:57]   Available RAM : 126.630 GB
[codecarbon INFO @ 07:33:57]   CPU count: 56
[codecarbon INFO @ 07:33:57]   CPU model: Intel(R) Xeon(R) Gold 6258R CPU @ 2.70GHz
[codecarbon INFO @ 07:33:57]   GPU count: 2
[codecarbon INFO @ 07:33:57]   GPU model: 2 x NVIDIA RTX A5000
[codecarbon INFO @ 07:34:00] Saving emissions data to file C:\Users\pr8pf\Documents\GitHub\SplitFed\emissions.csv
[codecarbon INFO @ 07:34:00] Energy consumed for RAM : 0.000008 kWh. RAM Power : 47.48608875274658 W
[codecarbon INFO @ 07:34:00] Energy consumed for all CPUs : 0.000017 kWh. Total CPU Power : 102.50000000000001 W
[codecarbon INFO @ 07:34:00] Energy consumed for all GPUs : 0.000003 kWh. Total GPU Power : 17.480876690114087 W
[codecarbon INFO @ 07:34:00] 0.000027 kWh of electricity used since the beginning.
C:\Users\pr8pf\AppData\Local\anaconda3\Lib\site-packages\sklearn\cluster\_kmeans.py:1429: UserWarning: KMeans is known to have a memory leak on Windows with MKL, when there are less chunks than available threads. You can avoid it by setting the environment variable OMP_NUM_THREADS=1.
  warnings.warn(
C:\Users\pr8pf\AppData\Local\anaconda3\Lib\site-packages\sklearn\cluster\_kmeans.py:1429: UserWarning: KMeans is known to have a memory leak on Windows with MKL, when there are less chunks than available threads. You can avoid it by setting the environment variable OMP_NUM_THREADS=1.
  warnings.warn(
[codecarbon INFO @ 07:59:07] [setup] RAM Tracking...
[codecarbon INFO @ 07:59:07] [setup] CPU Tracking...
[codecarbon WARNING @ 07:59:07] No CPU tracking mode found. Falling back on CPU constant mode. 
 Windows OS detected: Please install Intel Power Gadget to measure CPU

[codecarbon INFO @ 07:59:09] CPU Model on constant consumption mode: Intel(R) Xeon(R) Gold 6258R CPU @ 2.70GHz
[codecarbon INFO @ 07:59:09] [setup] GPU Tracking...
[codecarbon INFO @ 07:59:09] Tracking Nvidia GPU via pynvml
[codecarbon INFO @ 07:59:09] >>> Tracker's metadata:
[codecarbon INFO @ 07:59:09]   Platform system: Windows-11-10.0.22631-SP0
[codecarbon INFO @ 07:59:09]   Python version: 3.12.7
[codecarbon INFO @ 07:59:09]   CodeCarbon version: 2.8.3
[codecarbon INFO @ 07:59:09]   Available RAM : 126.630 GB
[codecarbon INFO @ 07:59:09]   CPU count: 56
[codecarbon INFO @ 07:59:09]   CPU model: Intel(R) Xeon(R) Gold 6258R CPU @ 2.70GHz
[codecarbon INFO @ 07:59:09]   GPU count: 2
[codecarbon INFO @ 07:59:09]   GPU model: 2 x NVIDIA RTX A5000
[codecarbon INFO @ 07:59:12] Saving emissions data to file C:\Users\pr8pf\Documents\GitHub\SplitFed\emissions.csv
[codecarbon INFO @ 07:59:12] Energy consumed for RAM : 0.000007 kWh. RAM Power : 47.48608875274658 W
[codecarbon INFO @ 07:59:12] Energy consumed for all CPUs : 0.000015 kWh. Total CPU Power : 102.50000000000001 W
[codecarbon INFO @ 07:59:12] Energy consumed for all GPUs : 0.000002 kWh. Total GPU Power : 15.223819146820142 W
[codecarbon INFO @ 07:59:12] 0.000024 kWh of electricity used since the beginning.
[codecarbon INFO @ 08:00:08] [setup] RAM Tracking...
[codecarbon INFO @ 08:00:08] [setup] CPU Tracking...
[codecarbon WARNING @ 08:00:08] No CPU tracking mode found. Falling back on CPU constant mode. 
 Windows OS detected: Please install Intel Power Gadget to measure CPU

[codecarbon INFO @ 08:00:09] CPU Model on constant consumption mode: Intel(R) Xeon(R) Gold 6258R CPU @ 2.70GHz
[codecarbon INFO @ 08:00:09] [setup] GPU Tracking...
[codecarbon INFO @ 08:00:09] Tracking Nvidia GPU via pynvml
[codecarbon INFO @ 08:00:09] >>> Tracker's metadata:
[codecarbon INFO @ 08:00:09]   Platform system: Windows-11-10.0.22631-SP0
[codecarbon INFO @ 08:00:09]   Python version: 3.12.7
[codecarbon INFO @ 08:00:09]   CodeCarbon version: 2.8.3
[codecarbon INFO @ 08:00:09]   Available RAM : 126.630 GB
[codecarbon INFO @ 08:00:09]   CPU count: 56
[codecarbon INFO @ 08:00:09]   CPU model: Intel(R) Xeon(R) Gold 6258R CPU @ 2.70GHz
[codecarbon INFO @ 08:00:09]   GPU count: 2
[codecarbon INFO @ 08:00:09]   GPU model: 2 x NVIDIA RTX A5000
[codecarbon INFO @ 08:00:12] Saving emissions data to file C:\Users\pr8pf\Documents\GitHub\SplitFed\emissions.csv
[codecarbon INFO @ 08:00:13] Energy consumed for RAM : 0.000010 kWh. RAM Power : 47.48608875274658 W
[codecarbon INFO @ 08:00:13] Energy consumed for all CPUs : 0.000022 kWh. Total CPU Power : 102.50000000000001 W
[codecarbon INFO @ 08:00:13] Energy consumed for all GPUs : 0.000004 kWh. Total GPU Power : 18.65554968519493 W
[codecarbon INFO @ 08:00:13] 0.000036 kWh of electricity used since the beginning.

[91m Client4 Train => Local Epoch: 1 / 5 	Acc: 40.723 	Loss: 1.7193[00m
[91m Client4 Train => Local Epoch: 2 / 5 	Acc: 52.344 	Loss: 1.4970[00m
[91m Client4 Train => Local Epoch: 3 / 5 	Acc: 54.297 	Loss: 1.3462[00m
[91m Client4 Train => Local Epoch: 4 / 5 	Acc: 49.512 	Loss: 1.4290[00m
[92m  Client4 Test => 	Acc: 15.950 	Loss: 3.9785[00m
[91m Client5 Train => Local Epoch: 0 / 5 	Acc: 16.797 	Loss: 2.5374[00m
[91m Client5 Train => Local Epoch: 1 / 5 	Acc: 25.260 	Loss: 2.0917[00m
[91m Client5 Train => Local Epoch: 2 / 5 	Acc: 28.516 	Loss: 1.9363[00m
[91m Client5 Train => Local Epoch: 3 / 5 	Acc: 38.932 	Loss: 1.7172[00m
[91m Client5 Train => Local Epoch: 4 / 5 	Acc: 52.865 	Loss: 1.5104[00m
[92m  Client5 Test => 	Acc: 29.669 	Loss: 3.1709[00m
[91m Client6 Train => Local Epoch: 0 / 5 	Acc: 25.562 	Loss: 2.2531[00m
[91m Client6 Train => Local Epoch: 1 / 5 	Acc: 47.906 	Loss: 1.7159[00m
[91m Client6 Train => Local Epoch: 2 / 5 	Acc: 61.688 	Loss: 1.2677[00m
[91m Client6 Train => Local Epoch: 3 / 5 	Acc: 69.125 	Loss: 1.0035[00m
[91m Client6 Train => Local Epoch: 4 / 5 	Acc: 73.844 	Loss: 0.8564[00m
[92m  Client6 Test => 	Acc: 51.613 	Loss: 1.7575[00m
[91m Client7 Train => Local Epoch: 0 / 5 	Acc: 19.766 	Loss: 2.4481[00m
[91m Client7 Train => Local Epoch: 1 / 5 	Acc: 26.562 	Loss: 2.1707[00m
[91m Client7 Train => Local Epoch: 2 / 5 	Acc: 27.891 	Loss: 2.1282[00m
[91m Client7 Train => Local Epoch: 3 / 5 	Acc: 36.250 	Loss: 1.9340[00m
[91m Client7 Train => Local Epoch: 4 / 5 	Acc: 45.781 	Loss: 1.6480[00m
[92m  Client7 Test => 	Acc: 32.286 	Loss: 2.7498[00m
[91m Client8 Train => Local Epoch: 0 / 5 	Acc: 13.151 	Loss: 2.6097[00m
[91m Client8 Train => Local Epoch: 1 / 5 	Acc: 26.562 	Loss: 2.1529[00m
[91m Client8 Train => Local Epoch: 2 / 5 	Acc: 36.849 	Loss: 2.0093[00m
[91m Client8 Train => Local Epoch: 3 / 5 	Acc: 48.047 	Loss: 1.9435[00m
[91m Client8 Train => Local Epoch: 4 / 5 	Acc: 53.125 	Loss: 1.6939[00m
[92m  Client8 Test => 	Acc: 17.175 	Loss: 3.7578[00m
[91m Client9 Train => Local Epoch: 0 / 5 	Acc: 20.553 	Loss: 2.2499[00m
[91m Client9 Train => Local Epoch: 1 / 5 	Acc: 26.142 	Loss: 2.1180[00m
[91m Client9 Train => Local Epoch: 2 / 5 	Acc: 30.349 	Loss: 1.9635[00m
[91m Client9 Train => Local Epoch: 3 / 5 	Acc: 32.512 	Loss: 1.8461[00m
[91m Client9 Train => Local Epoch: 4 / 5 	Acc: 45.493 	Loss: 1.7100[00m
[92m  Client9 Test => 	Acc: 20.998 	Loss: 2.7124[00m
------------------------------------------------
------ Federation process at Server-Side ------- 
------------------------------------------------
-----------------------------------------------------------
------ FedServer: Federation process at Client-Side ------- 
-----------------------------------------------------------
[92m  Client0 Test => 	Acc: 11.067 	Loss: 2.7268[00m
 Train: Round   1, Avg Accuracy 47.803 | Avg Loss 1.629
[91m Client0 Train => Local Epoch: 0 / 5 	Acc: 37.284 	Loss: 1.8258[00m
[91m Client0 Train => Local Epoch: 1 / 5 	Acc: 31.358 	Loss: 3.0955[00m
[91m Client0 Train => Local Epoch: 2 / 5 	Acc: 30.900 	Loss: 3.3824[00m
[91m Client0 Train => Local Epoch: 3 / 5 	Acc: 33.432 	Loss: 1.8730[00m
[91m Client0 Train => Local Epoch: 4 / 5 	Acc: 43.265 	Loss: 1.6752[00m
[92m  Client0 Test => 	Acc: 19.459 	Loss: 3.4056[00m
[91m Client1 Train => Local Epoch: 0 / 5 	Acc: 39.323 	Loss: 2.1884[00m
[91m Client1 Train => Local Epoch: 1 / 5 	Acc: 38.542 	Loss: 1.9505[00m
[91m Client1 Train => Local Epoch: 2 / 5 	Acc: 39.410 	Loss: 1.9052[00m
[91m Client1 Train => Local Epoch: 3 / 5 	Acc: 39.844 	Loss: 1.7959[00m
[91m Client1 Train => Local Epoch: 4 / 5 	Acc: 44.184 	Loss: 1.6520[00m
[92m  Client1 Test => 	Acc: 20.891 	Loss: 5.6298[00m
[91m Client2 Train => Local Epoch: 0 / 5 	Acc: 46.875 	Loss: 2.1573[00m
[91m Client2 Train => Local Epoch: 1 / 5 	Acc: 46.962 	Loss: 1.8800[00m
[91m Client2 Train => Local Epoch: 2 / 5 	Acc: 46.788 	Loss: 1.6526[00m
[91m Client2 Train => Local Epoch: 3 / 5 	Acc: 51.476 	Loss: 1.4408[00m
[91m Client2 Train => Local Epoch: 4 / 5 	Acc: 57.292 	Loss: 1.3440[00m
[92m  Client2 Test => 	Acc: 16.798 	Loss: 6.1209[00m
[91m Client3 Train => Local Epoch: 0 / 5 	Acc: 36.111 	Loss: 1.9670[00m
[91m Client3 Train => Local Epoch: 1 / 5 	Acc: 43.142 	Loss: 1.8659[00m
[91m Client3 Train => Local Epoch: 2 / 5 	Acc: 48.220 	Loss: 1.5520[00m
[91m Client3 Train => Local Epoch: 3 / 5 	Acc: 64.800 	Loss: 1.2497[00m
[91m Client3 Train => Local Epoch: 4 / 5 	Acc: 64.280 	Loss: 1.2349[00m
[92m  Client3 Test => 	Acc: 16.293 	Loss: 3.8527[00m
[91m Client4 Train => Local Epoch: 0 / 5 	Acc: 22.559 	Loss: 2.5668[00m
[91m Client4 Train => Local Epoch: 1 / 5 	Acc: 29.004 	Loss: 2.0456[00m
[91m Client4 Train => Local Epoch: 2 / 5 	Acc: 45.996 	Loss: 1.5803[00m
[91m Client4 Train => Local Epoch: 3 / 5 	Acc: 57.422 	Loss: 1.3326[00m
[91m Client4 Train => Local Epoch: 4 / 5 	Acc: 61.719 	Loss: 1.1073[00m
[92m  Client4 Test => 	Acc: 23.700 	Loss: 6.9973[00m
[91m Client5 Train => Local Epoch: 0 / 5 	Acc: 22.005 	Loss: 2.5421[00m
[91m Client5 Train => Local Epoch: 1 / 5 	Acc: 30.859 	Loss: 2.1280[00m
[91m Client5 Train => Local Epoch: 2 / 5 	Acc: 25.260 	Loss: 2.0585[00m
[91m Client5 Train => Local Epoch: 3 / 5 	Acc: 34.635 	Loss: 1.9207[00m
[91m Client5 Train => Local Epoch: 4 / 5 	Acc: 36.328 	Loss: 2.3634[00m
[92m  Client5 Test => 	Acc: 12.328 	Loss: 3.1918[00m
[91m Client6 Train => Local Epoch: 0 / 5 	Acc: 24.938 	Loss: 2.1490[00m
[91m Client6 Train => Local Epoch: 1 / 5 	Acc: 30.656 	Loss: 2.0374[00m
[91m Client6 Train => Local Epoch: 2 / 5 	Acc: 53.625 	Loss: 1.5550[00m
[91m Client6 Train => Local Epoch: 3 / 5 	Acc: 68.062 	Loss: 1.0850[00m
[91m Client6 Train => Local Epoch: 4 / 5 	Acc: 75.375 	Loss: 0.7916[00m
[92m  Client6 Test => 	Acc: 52.384 	Loss: 1.8872[00m
[91m Client7 Train => Local Epoch: 0 / 5 	Acc: 21.406 	Loss: 2.4777[00m
[91m Client7 Train => Local Epoch: 1 / 5 	Acc: 27.422 	Loss: 2.2169[00m
[91m Client7 Train => Local Epoch: 2 / 5 	Acc: 32.734 	Loss: 2.0844[00m
[91m Client7 Train => Local Epoch: 3 / 5 	Acc: 37.031 	Loss: 1.9013[00m
[91m Client7 Train => Local Epoch: 4 / 5 	Acc: 43.203 	Loss: 1.7829[00m
[92m  Client7 Test => 	Acc: 27.446 	Loss: 3.1804[00m
[91m Client8 Train => Local Epoch: 0 / 5 	Acc: 6.510 	Loss: 2.8336[00m
[91m Client8 Train => Local Epoch: 1 / 5 	Acc: 27.865 	Loss: 2.3107[00m
[91m Client8 Train => Local Epoch: 2 / 5 	Acc: 28.255 	Loss: 2.0616[00m
[91m Client8 Train => Local Epoch: 3 / 5 	Acc: 40.755 	Loss: 1.8520[00m
[91m Client8 Train => Local Epoch: 4 / 5 	Acc: 56.250 	Loss: 1.5263[00m
[92m  Client8 Test => 	Acc: 21.908 	Loss: 4.2207[00m
[91m Client9 Train => Local Epoch: 0 / 5 	Acc: 20.853 	Loss: 2.2552[00m
[91m Client9 Train => Local Epoch: 1 / 5 	Acc: 26.202 	Loss: 2.0910[00m
[91m Client9 Train => Local Epoch: 2 / 5 	Acc: 27.584 	Loss: 2.0728[00m
[91m Client9 Train => Local Epoch: 3 / 5 	Acc: 31.310 	Loss: 2.0944[00m
[91m Client9 Train => Local Epoch: 4 / 5 	Acc: 25.421 	Loss: 2.1009[00m
[92m  Client9 Test => 	Acc: 7.132 	Loss: 3.2507[00m
------------------------------------------------
------ Federation process at Server-Side ------- 
------------------------------------------------
-----------------------------------------------------------
------ FedServer: Federation process at Client-Side ------- 
-----------------------------------------------------------
[92m  Client0 Test => 	Acc: 11.101 	Loss: 2.7062[00m
 Train: Round   2, Avg Accuracy 50.732 | Avg Loss 1.558
[91m Client0 Train => Local Epoch: 0 / 5 	Acc: 47.629 	Loss: 1.6025[00m
[91m Client0 Train => Local Epoch: 1 / 5 	Acc: 69.531 	Loss: 0.9630[00m
[91m Client0 Train => Local Epoch: 2 / 5 	Acc: 76.832 	Loss: 0.7331[00m
[91m Client0 Train => Local Epoch: 3 / 5 	Acc: 80.523 	Loss: 0.5759[00m
[91m Client0 Train => Local Epoch: 4 / 5 	Acc: 83.648 	Loss: 0.4862[00m
[92m  Client0 Test => 	Acc: 51.290 	Loss: 3.4897[00m
[91m Client1 Train => Local Epoch: 0 / 5 	Acc: 39.323 	Loss: 2.1401[00mC:\Users\pr8pf\AppData\Local\anaconda3\Lib\site-packages\sklearn\cluster\_kmeans.py:1429: UserWarning: KMeans is known to have a memory leak on Windows with MKL, when there are less chunks than available threads. You can avoid it by setting the environment variable OMP_NUM_THREADS=1.
  warnings.warn(
C:\Users\pr8pf\AppData\Local\anaconda3\Lib\site-packages\sklearn\cluster\_kmeans.py:1429: UserWarning: KMeans is known to have a memory leak on Windows with MKL, when there are less chunks than available threads. You can avoid it by setting the environment variable OMP_NUM_THREADS=1.
  warnings.warn(
[codecarbon INFO @ 08:25:14] [setup] RAM Tracking...
[codecarbon INFO @ 08:25:14] [setup] CPU Tracking...
[codecarbon WARNING @ 08:25:14] No CPU tracking mode found. Falling back on CPU constant mode. 
 Windows OS detected: Please install Intel Power Gadget to measure CPU

[codecarbon INFO @ 08:25:16] CPU Model on constant consumption mode: Intel(R) Xeon(R) Gold 6258R CPU @ 2.70GHz
[codecarbon INFO @ 08:25:16] [setup] GPU Tracking...
[codecarbon INFO @ 08:25:16] Tracking Nvidia GPU via pynvml
[codecarbon INFO @ 08:25:16] >>> Tracker's metadata:
[codecarbon INFO @ 08:25:16]   Platform system: Windows-11-10.0.22631-SP0
[codecarbon INFO @ 08:25:16]   Python version: 3.12.7
[codecarbon INFO @ 08:25:16]   CodeCarbon version: 2.8.3
[codecarbon INFO @ 08:25:16]   Available RAM : 126.630 GB
[codecarbon INFO @ 08:25:16]   CPU count: 56
[codecarbon INFO @ 08:25:16]   CPU model: Intel(R) Xeon(R) Gold 6258R CPU @ 2.70GHz
[codecarbon INFO @ 08:25:16]   GPU count: 2
[codecarbon INFO @ 08:25:16]   GPU model: 2 x NVIDIA RTX A5000
[codecarbon INFO @ 08:25:19] Saving emissions data to file C:\Users\pr8pf\Documents\GitHub\SplitFed\emissions.csv
[codecarbon INFO @ 08:25:20] Energy consumed for RAM : 0.000008 kWh. RAM Power : 47.48608875274658 W
[codecarbon INFO @ 08:25:20] Energy consumed for all CPUs : 0.000017 kWh. Total CPU Power : 102.50000000000001 W
[codecarbon INFO @ 08:25:20] Energy consumed for all GPUs : 0.000003 kWh. Total GPU Power : 15.895098259041388 W
[codecarbon INFO @ 08:25:20] 0.000028 kWh of electricity used since the beginning.
[codecarbon INFO @ 08:26:15] [setup] RAM Tracking...
[codecarbon INFO @ 08:26:15] [setup] CPU Tracking...
[codecarbon WARNING @ 08:26:15] No CPU tracking mode found. Falling back on CPU constant mode. 
 Windows OS detected: Please install Intel Power Gadget to measure CPU

[codecarbon INFO @ 08:26:17] CPU Model on constant consumption mode: Intel(R) Xeon(R) Gold 6258R CPU @ 2.70GHz
[codecarbon INFO @ 08:26:17] [setup] GPU Tracking...
[codecarbon INFO @ 08:26:17] Tracking Nvidia GPU via pynvml
[codecarbon INFO @ 08:26:17] >>> Tracker's metadata:
[codecarbon INFO @ 08:26:17]   Platform system: Windows-11-10.0.22631-SP0
[codecarbon INFO @ 08:26:17]   Python version: 3.12.7
[codecarbon INFO @ 08:26:17]   CodeCarbon version: 2.8.3
[codecarbon INFO @ 08:26:17]   Available RAM : 126.630 GB
[codecarbon INFO @ 08:26:17]   CPU count: 56
[codecarbon INFO @ 08:26:17]   CPU model: Intel(R) Xeon(R) Gold 6258R CPU @ 2.70GHz
[codecarbon INFO @ 08:26:17]   GPU count: 2
[codecarbon INFO @ 08:26:17]   GPU model: 2 x NVIDIA RTX A5000
[codecarbon INFO @ 08:26:20] Saving emissions data to file C:\Users\pr8pf\Documents\GitHub\SplitFed\emissions.csv
[codecarbon INFO @ 08:26:21] Energy consumed for RAM : 0.000011 kWh. RAM Power : 47.48608875274658 W
[codecarbon INFO @ 08:26:21] Energy consumed for all CPUs : 0.000023 kWh. Total CPU Power : 102.50000000000001 W
[codecarbon INFO @ 08:26:21] Energy consumed for all GPUs : 0.000006 kWh. Total GPU Power : 25.528163818552148 W
[codecarbon INFO @ 08:26:21] 0.000039 kWh of electricity used since the beginning.

[91m Client1 Train => Local Epoch: 1 / 5 	Acc: 47.483 	Loss: 1.5765[00m
[91m Client1 Train => Local Epoch: 2 / 5 	Acc: 55.208 	Loss: 1.3822[00m
[91m Client1 Train => Local Epoch: 3 / 5 	Acc: 59.288 	Loss: 1.2093[00m
[91m Client1 Train => Local Epoch: 4 / 5 	Acc: 65.712 	Loss: 1.0627[00m
[92m  Client1 Test => 	Acc: 25.438 	Loss: 4.8632[00m
[91m Client2 Train => Local Epoch: 0 / 5 	Acc: 46.962 	Loss: 2.0970[00m
[91m Client2 Train => Local Epoch: 1 / 5 	Acc: 49.826 	Loss: 1.6101[00m
[91m Client2 Train => Local Epoch: 2 / 5 	Acc: 54.688 	Loss: 1.4118[00m
[91m Client2 Train => Local Epoch: 3 / 5 	Acc: 62.934 	Loss: 1.1600[00m
[91m Client2 Train => Local Epoch: 4 / 5 	Acc: 68.316 	Loss: 1.0331[00m
[92m  Client2 Test => 	Acc: 28.408 	Loss: 4.8574[00m
[91m Client3 Train => Local Epoch: 0 / 5 	Acc: 51.780 	Loss: 1.6120[00m
[91m Client3 Train => Local Epoch: 1 / 5 	Acc: 70.747 	Loss: 1.0250[00m
[91m Client3 Train => Local Epoch: 2 / 5 	Acc: 72.049 	Loss: 0.9669[00m
[91m Client3 Train => Local Epoch: 3 / 5 	Acc: 72.439 	Loss: 0.9658[00m
[91m Client3 Train => Local Epoch: 4 / 5 	Acc: 73.915 	Loss: 0.8899[00m
[92m  Client3 Test => 	Acc: 20.850 	Loss: 4.9875[00m
[91m Client4 Train => Local Epoch: 0 / 5 	Acc: 34.375 	Loss: 2.1992[00m
[91m Client4 Train => Local Epoch: 1 / 5 	Acc: 54.004 	Loss: 1.4097[00m
[91m Client4 Train => Local Epoch: 2 / 5 	Acc: 60.742 	Loss: 1.1237[00m
[91m Client4 Train => Local Epoch: 3 / 5 	Acc: 70.312 	Loss: 0.9031[00m
[91m Client4 Train => Local Epoch: 4 / 5 	Acc: 75.879 	Loss: 0.7297[00m
[92m  Client4 Test => 	Acc: 36.406 	Loss: 5.1160[00m
[91m Client5 Train => Local Epoch: 0 / 5 	Acc: 10.677 	Loss: 2.6080[00m
[91m Client5 Train => Local Epoch: 1 / 5 	Acc: 38.802 	Loss: 2.0661[00m
[91m Client5 Train => Local Epoch: 2 / 5 	Acc: 45.312 	Loss: 1.7483[00m
[91m Client5 Train => Local Epoch: 3 / 5 	Acc: 38.672 	Loss: 1.8422[00m
[91m Client5 Train => Local Epoch: 4 / 5 	Acc: 47.786 	Loss: 1.6539[00m
[92m  Client5 Test => 	Acc: 28.285 	Loss: 2.9465[00m
[91m Client6 Train => Local Epoch: 0 / 5 	Acc: 29.156 	Loss: 2.1318[00m
[91m Client6 Train => Local Epoch: 1 / 5 	Acc: 44.594 	Loss: 1.7507[00m
[91m Client6 Train => Local Epoch: 2 / 5 	Acc: 67.844 	Loss: 1.1026[00m
[91m Client6 Train => Local Epoch: 3 / 5 	Acc: 74.312 	Loss: 0.8868[00m
[91m Client6 Train => Local Epoch: 4 / 5 	Acc: 77.469 	Loss: 0.7475[00m
[92m  Client6 Test => 	Acc: 53.806 	Loss: 1.4800[00m
[91m Client7 Train => Local Epoch: 0 / 5 	Acc: 23.828 	Loss: 2.3968[00m
[91m Client7 Train => Local Epoch: 1 / 5 	Acc: 43.281 	Loss: 1.8017[00m
[91m Client7 Train => Local Epoch: 2 / 5 	Acc: 48.516 	Loss: 1.6403[00m
[91m Client7 Train => Local Epoch: 3 / 5 	Acc: 47.266 	Loss: 1.6576[00m
[91m Client7 Train => Local Epoch: 4 / 5 	Acc: 57.266 	Loss: 1.3597[00m
[92m  Client7 Test => 	Acc: 28.261 	Loss: 2.7183[00m
[91m Client8 Train => Local Epoch: 0 / 5 	Acc: 9.766 	Loss: 2.6919[00m
[91m Client8 Train => Local Epoch: 1 / 5 	Acc: 30.339 	Loss: 2.0836[00m
[91m Client8 Train => Local Epoch: 2 / 5 	Acc: 39.193 	Loss: 1.8183[00m
[91m Client8 Train => Local Epoch: 3 / 5 	Acc: 44.141 	Loss: 1.6867[00m
[91m Client8 Train => Local Epoch: 4 / 5 	Acc: 55.469 	Loss: 1.4063[00m
[92m  Client8 Test => 	Acc: 20.338 	Loss: 3.2016[00m
[91m Client9 Train => Local Epoch: 0 / 5 	Acc: 27.404 	Loss: 2.1315[00m
[91m Client9 Train => Local Epoch: 1 / 5 	Acc: 43.029 	Loss: 1.7277[00m
[91m Client9 Train => Local Epoch: 2 / 5 	Acc: 52.584 	Loss: 1.5476[00m
[91m Client9 Train => Local Epoch: 3 / 5 	Acc: 62.620 	Loss: 1.2155[00m
[91m Client9 Train => Local Epoch: 4 / 5 	Acc: 69.591 	Loss: 1.0492[00m
[92m  Client9 Test => 	Acc: 49.653 	Loss: 2.0068[00m
------------------------------------------------
------ Federation process at Server-Side ------- 
------------------------------------------------
-----------------------------------------------------------
------ FedServer: Federation process at Client-Side ------- 
-----------------------------------------------------------
[92m  Client0 Test => 	Acc: 26.200 	Loss: 2.4539[00m
 Train: Round   3, Avg Accuracy 67.505 | Avg Loss 1.042
[91m Client0 Train => Local Epoch: 0 / 5 	Acc: 65.356 	Loss: 1.1611[00m
[91m Client0 Train => Local Epoch: 1 / 5 	Acc: 77.505 	Loss: 0.6999[00m
[91m Client0 Train => Local Epoch: 2 / 5 	Acc: 81.897 	Loss: 0.5480[00m
[91m Client0 Train => Local Epoch: 3 / 5 	Acc: 85.345 	Loss: 0.4383[00m
[91m Client0 Train => Local Epoch: 4 / 5 	Acc: 87.608 	Loss: 0.3679[00m
[92m  Client0 Test => 	Acc: 53.283 	Loss: 3.7086[00m
[91m Client1 Train => Local Epoch: 0 / 5 	Acc: 41.667 	Loss: 1.8420[00m
[91m Client1 Train => Local Epoch: 1 / 5 	Acc: 59.635 	Loss: 1.2135[00m
[91m Client1 Train => Local Epoch: 2 / 5 	Acc: 66.580 	Loss: 0.9813[00m
[91m Client1 Train => Local Epoch: 3 / 5 	Acc: 66.146 	Loss: 0.9700[00m
[91m Client1 Train => Local Epoch: 4 / 5 	Acc: 72.917 	Loss: 0.7725[00m
[92m  Client1 Test => 	Acc: 34.517 	Loss: 4.4703[00m
[91m Client2 Train => Local Epoch: 0 / 5 	Acc: 51.302 	Loss: 1.5437[00m
[91m Client2 Train => Local Epoch: 1 / 5 	Acc: 64.583 	Loss: 1.1205[00m
[91m Client2 Train => Local Epoch: 2 / 5 	Acc: 72.135 	Loss: 0.8802[00m
[91m Client2 Train => Local Epoch: 3 / 5 	Acc: 74.392 	Loss: 0.8203[00m
[91m Client2 Train => Local Epoch: 4 / 5 	Acc: 77.344 	Loss: 0.6785[00m
[92m  Client2 Test => 	Acc: 48.452 	Loss: 4.6927[00m
[91m Client3 Train => Local Epoch: 0 / 5 	Acc: 60.547 	Loss: 1.2317[00m
[91m Client3 Train => Local Epoch: 1 / 5 	Acc: 78.602 	Loss: 0.7354[00m
[91m Client3 Train => Local Epoch: 2 / 5 	Acc: 79.774 	Loss: 0.6905[00m
[91m Client3 Train => Local Epoch: 3 / 5 	Acc: 82.986 	Loss: 0.5396[00m
[91m Client3 Train => Local Epoch: 4 / 5 	Acc: 85.330 	Loss: 0.4683[00m
[92m  Client3 Test => 	Acc: 49.080 	Loss: 5.7439[00m
[91m Client4 Train => Local Epoch: 0 / 5 	Acc: 50.684 	Loss: 1.5374[00m
[91m Client4 Train => Local Epoch: 1 / 5 	Acc: 68.066 	Loss: 0.9711[00m
[91m Client4 Train => Local Epoch: 2 / 5 	Acc: 74.902 	Loss: 0.7834[00m
[91m Client4 Train => Local Epoch: 3 / 5 	Acc: 79.590 	Loss: 0.6354[00m
[91m Client4 Train => Local Epoch: 4 / 5 	Acc: 80.762 	Loss: 0.5847[00m
[92m  Client4 Test => 	Acc: 36.549 	Loss: 4.8238[00m
[91m Client5 Train => Local Epoch: 0 / 5 	Acc: 35.547 	Loss: 2.1476[00m
[91m Client5 Train => Local Epoch: 1 / 5 	Acc: 57.161 	Loss: 1.3736[00m
[91m Client5 Train => Local Epoch: 2 / 5 	Acc: 61.979 	Loss: 1.2234[00m
[91m Client5 Train => Local Epoch: 3 / 5 	Acc: 65.885 	Loss: 1.0419[00m
[91m Client5 Train => Local Epoch: 4 / 5 	Acc: 71.354 	Loss: 0.8438[00m
[92m  Client5 Test => 	Acc: 50.649 	Loss: 2.2986[00m
[91m Client6 Train => Local Epoch: 0 / 5 	Acc: 58.906 	Loss: 1.4327[00m
[91m Client6 Train => Local Epoch: 1 / 5 	Acc: 71.938 	Loss: 0.8949[00m
[91m Client6 Train => Local Epoch: 2 / 5 	Acc: 76.656 	Loss: 0.7263[00m
[91m Client6 Train => Local Epoch: 3 / 5 	Acc: 81.969 	Loss: 0.5845[00m
[91m Client6 Train => Local Epoch: 4 / 5 	Acc: 85.562 	Loss: 0.4791[00m
[92m  Client6 Test => 	Acc: 61.809 	Loss: 1.3939[00m
[91m Client7 Train => Local Epoch: 0 / 5 	Acc: 34.531 	Loss: 2.0733[00m
[91m Client7 Train => Local Epoch: 1 / 5 	Acc: 55.469 	Loss: 1.4162[00m
[91m Client7 Train => Local Epoch: 2 / 5 	Acc: 62.500 	Loss: 1.0976[00m
[91m Client7 Train => Local Epoch: 3 / 5 	Acc: 66.562 	Loss: 0.9540[00m
[91m Client7 Train => Local Epoch: 4 / 5 	Acc: 66.641 	Loss: 0.9527[00m
[92m  Client7 Test => 	Acc: 47.407 	Loss: 1.9578[00m
[91m Client8 Train => Local Epoch: 0 / 5 	Acc: 21.875 	Loss: 2.3627[00m
[91m Client8 Train => Local Epoch: 1 / 5 	Acc: 58.203 	Loss: 1.5074[00m
[91m Client8 Train => Local Epoch: 2 / 5 	Acc: 65.365 	Loss: 1.1198[00m
[91m Client8 Train => Local Epoch: 3 / 5 	Acc: 77.474 	Loss: 0.7723[00m
[91m Client8 Train => Local Epoch: 4 / 5 	Acc: 81.380 	Loss: 0.6655[00m
[92m  Client8 Test => 	Acc: 43.260 	Loss: 2.2500[00m
[91m Client9 Train => Local Epoch: 0 / 5 	Acc: 48.798 	Loss: 1.7046[00mC:\Users\pr8pf\AppData\Local\anaconda3\Lib\site-packages\sklearn\cluster\_kmeans.py:1429: UserWarning: KMeans is known to have a memory leak on Windows with MKL, when there are less chunks than available threads. You can avoid it by setting the environment variable OMP_NUM_THREADS=1.
  warnings.warn(
C:\Users\pr8pf\AppData\Local\anaconda3\Lib\site-packages\sklearn\cluster\_kmeans.py:1429: UserWarning: KMeans is known to have a memory leak on Windows with MKL, when there are less chunks than available threads. You can avoid it by setting the environment variable OMP_NUM_THREADS=1.
  warnings.warn(
[codecarbon INFO @ 08:51:44] [setup] RAM Tracking...
[codecarbon INFO @ 08:51:44] [setup] CPU Tracking...
[codecarbon WARNING @ 08:51:44] No CPU tracking mode found. Falling back on CPU constant mode. 
 Windows OS detected: Please install Intel Power Gadget to measure CPU

[codecarbon INFO @ 08:51:46] CPU Model on constant consumption mode: Intel(R) Xeon(R) Gold 6258R CPU @ 2.70GHz
[codecarbon INFO @ 08:51:46] [setup] GPU Tracking...
[codecarbon INFO @ 08:51:46] Tracking Nvidia GPU via pynvml
[codecarbon INFO @ 08:51:46] >>> Tracker's metadata:
[codecarbon INFO @ 08:51:46]   Platform system: Windows-11-10.0.22631-SP0
[codecarbon INFO @ 08:51:46]   Python version: 3.12.7
[codecarbon INFO @ 08:51:46]   CodeCarbon version: 2.8.3
[codecarbon INFO @ 08:51:46]   Available RAM : 126.630 GB
[codecarbon INFO @ 08:51:46]   CPU count: 56
[codecarbon INFO @ 08:51:46]   CPU model: Intel(R) Xeon(R) Gold 6258R CPU @ 2.70GHz
[codecarbon INFO @ 08:51:46]   GPU count: 2
[codecarbon INFO @ 08:51:46]   GPU model: 2 x NVIDIA RTX A5000
[codecarbon INFO @ 08:51:49] Saving emissions data to file C:\Users\pr8pf\Documents\GitHub\SplitFed\emissions.csv
[codecarbon INFO @ 08:51:50] Energy consumed for RAM : 0.000010 kWh. RAM Power : 47.48608875274658 W
[codecarbon INFO @ 08:51:50] Energy consumed for all CPUs : 0.000022 kWh. Total CPU Power : 102.50000000000001 W
[codecarbon INFO @ 08:51:50] Energy consumed for all GPUs : 0.000003 kWh. Total GPU Power : 15.452402755298515 W
[codecarbon INFO @ 08:51:50] 0.000036 kWh of electricity used since the beginning.
[codecarbon INFO @ 08:52:46] [setup] RAM Tracking...
[codecarbon INFO @ 08:52:46] [setup] CPU Tracking...
[codecarbon WARNING @ 08:52:46] No CPU tracking mode found. Falling back on CPU constant mode. 
 Windows OS detected: Please install Intel Power Gadget to measure CPU

[codecarbon INFO @ 08:52:47] CPU Model on constant consumption mode: Intel(R) Xeon(R) Gold 6258R CPU @ 2.70GHz
[codecarbon INFO @ 08:52:47] [setup] GPU Tracking...
[codecarbon INFO @ 08:52:47] Tracking Nvidia GPU via pynvml
[codecarbon INFO @ 08:52:47] >>> Tracker's metadata:
[codecarbon INFO @ 08:52:47]   Platform system: Windows-11-10.0.22631-SP0
[codecarbon INFO @ 08:52:47]   Python version: 3.12.7
[codecarbon INFO @ 08:52:47]   CodeCarbon version: 2.8.3
[codecarbon INFO @ 08:52:47]   Available RAM : 126.630 GB
[codecarbon INFO @ 08:52:47]   CPU count: 56
[codecarbon INFO @ 08:52:47]   CPU model: Intel(R) Xeon(R) Gold 6258R CPU @ 2.70GHz
[codecarbon INFO @ 08:52:47]   GPU count: 2
[codecarbon INFO @ 08:52:47]   GPU model: 2 x NVIDIA RTX A5000
[codecarbon INFO @ 08:52:51] Saving emissions data to file C:\Users\pr8pf\Documents\GitHub\SplitFed\emissions.csv
[codecarbon INFO @ 08:52:51] Energy consumed for RAM : 0.000011 kWh. RAM Power : 47.48608875274658 W
[codecarbon INFO @ 08:52:51] Energy consumed for all CPUs : 0.000024 kWh. Total CPU Power : 102.50000000000001 W
[codecarbon INFO @ 08:52:51] Energy consumed for all GPUs : 0.000004 kWh. Total GPU Power : 18.049095912367537 W
[codecarbon INFO @ 08:52:51] 0.000039 kWh of electricity used since the beginning.
C:\Users\pr8pf\AppData\Local\anaconda3\Lib\site-packages\sklearn\cluster\_kmeans.py:1429: UserWarning: KMeans is known to have a memory leak on Windows with MKL, when there are less chunks than available threads. You can avoid it by setting the environment variable OMP_NUM_THREADS=1.
  warnings.warn(
C:\Users\pr8pf\AppData\Local\anaconda3\Lib\site-packages\sklearn\cluster\_kmeans.py:1429: UserWarning: KMeans is known to have a memory leak on Windows with MKL, when there are less chunks than available threads. You can avoid it by setting the environment variable OMP_NUM_THREADS=1.
  warnings.warn(
[codecarbon INFO @ 09:18:00] [setup] RAM Tracking...
[codecarbon INFO @ 09:18:00] [setup] CPU Tracking...
[codecarbon WARNING @ 09:18:00] No CPU tracking mode found. Falling back on CPU constant mode. 
 Windows OS detected: Please install Intel Power Gadget to measure CPU

[codecarbon INFO @ 09:18:02] CPU Model on constant consumption mode: Intel(R) Xeon(R) Gold 6258R CPU @ 2.70GHz
[codecarbon INFO @ 09:18:02] [setup] GPU Tracking...
[codecarbon INFO @ 09:18:02] Tracking Nvidia GPU via pynvml
[codecarbon INFO @ 09:18:02] >>> Tracker's metadata:
[codecarbon INFO @ 09:18:02]   Platform system: Windows-11-10.0.22631-SP0
[codecarbon INFO @ 09:18:02]   Python version: 3.12.7
[codecarbon INFO @ 09:18:02]   CodeCarbon version: 2.8.3
[codecarbon INFO @ 09:18:02]   Available RAM : 126.630 GB
[codecarbon INFO @ 09:18:02]   CPU count: 56
[codecarbon INFO @ 09:18:02]   CPU model: Intel(R) Xeon(R) Gold 6258R CPU @ 2.70GHz
[codecarbon INFO @ 09:18:02]   GPU count: 2
[codecarbon INFO @ 09:18:02]   GPU model: 2 x NVIDIA RTX A5000
[codecarbon INFO @ 09:18:05] Saving emissions data to file C:\Users\pr8pf\Documents\GitHub\SplitFed\emissions.csv
[codecarbon INFO @ 09:18:06] Energy consumed for RAM : 0.000014 kWh. RAM Power : 47.48608875274658 W
[codecarbon INFO @ 09:18:06] Energy consumed for all CPUs : 0.000031 kWh. Total CPU Power : 102.50000000000001 W
[codecarbon INFO @ 09:18:06] Energy consumed for all GPUs : 0.000005 kWh. Total GPU Power : 15.96183087776086 W
[codecarbon INFO @ 09:18:06] 0.000050 kWh of electricity used since the beginning.
[codecarbon INFO @ 09:19:01] [setup] RAM Tracking...
[codecarbon INFO @ 09:19:01] [setup] CPU Tracking...
[codecarbon WARNING @ 09:19:01] No CPU tracking mode found. Falling back on CPU constant mode. 
 Windows OS detected: Please install Intel Power Gadget to measure CPU

[codecarbon INFO @ 09:19:03] CPU Model on constant consumption mode: Intel(R) Xeon(R) Gold 6258R CPU @ 2.70GHz
[codecarbon INFO @ 09:19:03] [setup] GPU Tracking...
[codecarbon INFO @ 09:19:03] Tracking Nvidia GPU via pynvml
[codecarbon INFO @ 09:19:03] >>> Tracker's metadata:
[codecarbon INFO @ 09:19:03]   Platform system: Windows-11-10.0.22631-SP0
[codecarbon INFO @ 09:19:03]   Python version: 3.12.7
[codecarbon INFO @ 09:19:03]   CodeCarbon version: 2.8.3
[codecarbon INFO @ 09:19:03]   Available RAM : 126.630 GB
[codecarbon INFO @ 09:19:03]   CPU count: 56
[codecarbon INFO @ 09:19:03]   CPU model: Intel(R) Xeon(R) Gold 6258R CPU @ 2.70GHz
[codecarbon INFO @ 09:19:03]   GPU count: 2
[codecarbon INFO @ 09:19:03]   GPU model: 2 x NVIDIA RTX A5000
[codecarbon INFO @ 09:19:06] Saving emissions data to file C:\Users\pr8pf\Documents\GitHub\SplitFed\emissions.csv
[codecarbon INFO @ 09:19:07] Energy consumed for RAM : 0.000013 kWh. RAM Power : 47.48608875274658 W
[codecarbon INFO @ 09:19:07] Energy consumed for all CPUs : 0.000028 kWh. Total CPU Power : 102.50000000000001 W
[codecarbon INFO @ 09:19:07] Energy consumed for all GPUs : 0.000005 kWh. Total GPU Power : 17.934013919801128 W
[codecarbon INFO @ 09:19:07] 0.000046 kWh of electricity used since the beginning.

[91m Client9 Train => Local Epoch: 1 / 5 	Acc: 65.385 	Loss: 1.1710[00m
[91m Client9 Train => Local Epoch: 2 / 5 	Acc: 74.579 	Loss: 0.8361[00m
[91m Client9 Train => Local Epoch: 3 / 5 	Acc: 79.387 	Loss: 0.6945[00m
[91m Client9 Train => Local Epoch: 4 / 5 	Acc: 80.168 	Loss: 0.6362[00m
[92m  Client9 Test => 	Acc: 54.241 	Loss: 1.8118[00m
------------------------------------------------
------ Federation process at Server-Side ------- 
------------------------------------------------
-----------------------------------------------------------
------ FedServer: Federation process at Client-Side ------- 
-----------------------------------------------------------
[92m  Client0 Test => 	Acc: 44.474 	Loss: 1.6571[00m
 Train: Round   4, Avg Accuracy 78.907 | Avg Loss 0.645
[91m Client0 Train => Local Epoch: 0 / 5 	Acc: 76.859 	Loss: 0.7255[00m
[91m Client0 Train => Local Epoch: 1 / 5 	Acc: 84.833 	Loss: 0.4873[00m
[91m Client0 Train => Local Epoch: 2 / 5 	Acc: 87.689 	Loss: 0.3780[00m
[91m Client0 Train => Local Epoch: 3 / 5 	Acc: 90.221 	Loss: 0.2981[00m
[91m Client0 Train => Local Epoch: 4 / 5 	Acc: 90.894 	Loss: 0.2841[00m
[92m  Client0 Test => 	Acc: 55.151 	Loss: 3.4869[00m
[91m Client1 Train => Local Epoch: 0 / 5 	Acc: 65.104 	Loss: 1.0889[00m
[91m Client1 Train => Local Epoch: 1 / 5 	Acc: 73.264 	Loss: 0.7992[00m
[91m Client1 Train => Local Epoch: 2 / 5 	Acc: 77.517 	Loss: 0.6485[00m
[91m Client1 Train => Local Epoch: 3 / 5 	Acc: 81.424 	Loss: 0.5167[00m
[91m Client1 Train => Local Epoch: 4 / 5 	Acc: 80.903 	Loss: 0.5916[00m
[92m  Client1 Test => 	Acc: 39.705 	Loss: 3.1659[00m
[91m Client2 Train => Local Epoch: 0 / 5 	Acc: 70.833 	Loss: 0.9796[00m
[91m Client2 Train => Local Epoch: 1 / 5 	Acc: 77.691 	Loss: 0.7063[00m
[91m Client2 Train => Local Epoch: 2 / 5 	Acc: 81.424 	Loss: 0.5780[00m
[91m Client2 Train => Local Epoch: 3 / 5 	Acc: 83.854 	Loss: 0.4823[00m
[91m Client2 Train => Local Epoch: 4 / 5 	Acc: 89.497 	Loss: 0.3534[00m
[92m  Client2 Test => 	Acc: 55.292 	Loss: 4.5356[00m
[91m Client3 Train => Local Epoch: 0 / 5 	Acc: 78.125 	Loss: 0.7890[00m
[91m Client3 Train => Local Epoch: 1 / 5 	Acc: 79.601 	Loss: 0.6602[00m
[91m Client3 Train => Local Epoch: 2 / 5 	Acc: 84.679 	Loss: 0.4877[00m
[91m Client3 Train => Local Epoch: 3 / 5 	Acc: 86.762 	Loss: 0.3964[00m
[91m Client3 Train => Local Epoch: 4 / 5 	Acc: 89.366 	Loss: 0.3494[00m
[92m  Client3 Test => 	Acc: 49.877 	Loss: 3.9654[00m
[91m Client4 Train => Local Epoch: 0 / 5 	Acc: 69.629 	Loss: 0.9379[00m
[91m Client4 Train => Local Epoch: 1 / 5 	Acc: 81.641 	Loss: 0.5761[00m
[91m Client4 Train => Local Epoch: 2 / 5 	Acc: 86.914 	Loss: 0.4634[00m
[91m Client4 Train => Local Epoch: 3 / 5 	Acc: 86.426 	Loss: 0.4123[00m
[91m Client4 Train => Local Epoch: 4 / 5 	Acc: 90.430 	Loss: 0.3061[00m
[92m  Client4 Test => 	Acc: 41.560 	Loss: 6.6151[00m
[91m Client5 Train => Local Epoch: 0 / 5 	Acc: 57.161 	Loss: 1.3426[00m
[91m Client5 Train => Local Epoch: 1 / 5 	Acc: 73.438 	Loss: 0.8428[00m
[91m Client5 Train => Local Epoch: 2 / 5 	Acc: 79.297 	Loss: 0.6735[00m
[91m Client5 Train => Local Epoch: 3 / 5 	Acc: 78.125 	Loss: 0.6596[00m
[91m Client5 Train => Local Epoch: 4 / 5 	Acc: 82.422 	Loss: 0.5407[00m
[92m  Client5 Test => 	Acc: 61.436 	Loss: 1.9137[00m
[91m Client6 Train => Local Epoch: 0 / 5 	Acc: 71.750 	Loss: 0.8941[00m
[91m Client6 Train => Local Epoch: 1 / 5 	Acc: 78.812 	Loss: 0.6652[00m
[91m Client6 Train => Local Epoch: 2 / 5 	Acc: 85.188 	Loss: 0.4684[00m
[91m Client6 Train => Local Epoch: 3 / 5 	Acc: 87.094 	Loss: 0.4105[00m
[91m Client6 Train => Local Epoch: 4 / 5 	Acc: 90.625 	Loss: 0.3154[00m
[92m  Client6 Test => 	Acc: 69.703 	Loss: 1.0037[00m
[91m Client7 Train => Local Epoch: 0 / 5 	Acc: 53.750 	Loss: 1.4427[00m
[91m Client7 Train => Local Epoch: 1 / 5 	Acc: 73.047 	Loss: 0.8647[00m
[91m Client7 Train => Local Epoch: 2 / 5 	Acc: 75.781 	Loss: 0.7997[00m
[91m Client7 Train => Local Epoch: 3 / 5 	Acc: 78.750 	Loss: 0.6689[00m
[91m Client7 Train => Local Epoch: 4 / 5 	Acc: 78.203 	Loss: 0.6738[00m
[92m  Client7 Test => 	Acc: 53.643 	Loss: 1.6305[00m
[91m Client8 Train => Local Epoch: 0 / 5 	Acc: 50.130 	Loss: 1.5843[00m
[91m Client8 Train => Local Epoch: 1 / 5 	Acc: 78.385 	Loss: 0.7080[00m
[91m Client8 Train => Local Epoch: 2 / 5 	Acc: 71.615 	Loss: 1.0561[00m
[91m Client8 Train => Local Epoch: 3 / 5 	Acc: 79.297 	Loss: 0.6991[00m
[91m Client8 Train => Local Epoch: 4 / 5 	Acc: 82.812 	Loss: 0.5460[00m
[92m  Client8 Test => 	Acc: 45.694 	Loss: 2.1014[00m
[91m Client9 Train => Local Epoch: 0 / 5 	Acc: 69.351 	Loss: 1.0435[00m
[91m Client9 Train => Local Epoch: 1 / 5 	Acc: 80.409 	Loss: 0.6769[00m
[91m Client9 Train => Local Epoch: 2 / 5 	Acc: 83.413 	Loss: 0.5557[00m
[91m Client9 Train => Local Epoch: 3 / 5 	Acc: 86.118 	Loss: 0.4489[00m
[91m Client9 Train => Local Epoch: 4 / 5 	Acc: 86.659 	Loss: 0.4273[00m
[92m  Client9 Test => 	Acc: 60.711 	Loss: 1.5252[00m
------------------------------------------------
------ Federation process at Server-Side ------- 
------------------------------------------------
-----------------------------------------------------------
------ FedServer: Federation process at Client-Side ------- 
-----------------------------------------------------------
[92m  Client0 Test => 	Acc: 56.864 	Loss: 1.1766[00m
 Train: Round   5, Avg Accuracy 86.181 | Avg Loss 0.439
[91m Client0 Train => Local Epoch: 0 / 5 	Acc: 82.759 	Loss: 0.5067[00m
[91m Client0 Train => Local Epoch: 1 / 5 	Acc: 89.682 	Loss: 0.3093[00m
[91m Client0 Train => Local Epoch: 2 / 5 	Acc: 90.221 	Loss: 0.3008[00m
[91m Client0 Train => Local Epoch: 3 / 5 	Acc: 92.430 	Loss: 0.2307[00m
[91m Client0 Train => Local Epoch: 4 / 5 	Acc: 93.238 	Loss: 0.2006[00m
[92m  Client0 Test => 	Acc: 61.033 	Loss: 3.6734[00m
[91m Client1 Train => Local Epoch: 0 / 5 	Acc: 73.958 	Loss: 0.7432[00m
[91m Client1 Train => Local Epoch: 1 / 5 	Acc: 83.681 	Loss: 0.4605[00m
[91m Client1 Train => Local Epoch: 2 / 5 	Acc: 85.938 	Loss: 0.4163[00m
[91m Client1 Train => Local Epoch: 3 / 5 	Acc: 89.149 	Loss: 0.3414[00m
[91m Client1 Train => Local Epoch: 4 / 5 	Acc: 89.149 	Loss: 0.3198[00m
[92m  Client1 Test => 	Acc: 55.010 	Loss: 4.0866[00m
[91m Client2 Train => Local Epoch: 0 / 5 	Acc: 81.510 	Loss: 0.6224[00m
[91m Client2 Train => Local Epoch: 1 / 5 	Acc: 84.635 	Loss: 0.4809[00m
[91m Client2 Train => Local Epoch: 2 / 5 	Acc: 85.851 	Loss: 0.4256[00m
[91m Client2 Train => Local Epoch: 3 / 5 	Acc: 87.500 	Loss: 0.3783[00m
[91m Client2 Train => Local Epoch: 4 / 5 	Acc: 88.455 	Loss: 0.3490[00m
[92m  Client2 Test => 	Acc: 54.086 	Loss: 4.3851[00m
[91m Client3 Train => Local Epoch: 0 / 5 	Acc: 85.243 	Loss: 0.5141[00m
[91m Client3 Train => Local Epoch: 1 / 5 	Acc: 88.194 	Loss: 0.3732[00m
[91m Client3 Train => Local Epoch: 2 / 5 	Acc: 90.278 	Loss: 0.3260[00m
[91m Client3 Train => Local Epoch: 3 / 5 	Acc: 92.144 	Loss: 0.2324[00m
[91m Client3 Train => Local Epoch: 4 / 5 	Acc: 92.014 	Loss: 0.2421[00m
[92m  Client3 Test => 	Acc: 61.795 	Loss: 5.6511[00m
[91m Client4 Train => Local Epoch: 0 / 5 	Acc: 87.500 	Loss: 0.4436[00m
[91m Client4 Train => Local Epoch: 1 / 5 	Acc: 89.160 	Loss: 0.3568[00m
[91m Client4 Train => Local Epoch: 2 / 5 	Acc: 87.305 	Loss: 0.3767[00m
[91m Client4 Train => Local Epoch: 3 / 5 	Acc: 92.480 	Loss: 0.2502[00m
[91m Client4 Train => Local Epoch: 4 / 5 	Acc: 92.578 	Loss: 0.2222[00m
[92m  Client4 Test => 	Acc: 54.281 	Loss: 3.2770[00m
[91m Client5 Train => Local Epoch: 0 / 5 	Acc: 74.349 	Loss: 0.8194[00m
[91m Client5 Train => Local Epoch: 1 / 5 	Acc: 83.594 	Loss: 0.4953[00m
[91m Client5 Train => Local Epoch: 2 / 5 	Acc: 86.849 	Loss: 0.3988[00m
[91m Client5 Train => Local Epoch: 3 / 5 	Acc: 88.672 	Loss: 0.3493[00m
[91m Client5 Train => Local Epoch: 4 / 5 	Acc: 89.062 	Loss: 0.3615[00m
[92m  Client5 Test => 	Acc: 70.380 	Loss: 1.3313[00m
[91m Client6 Train => Local Epoch: 0 / 5 	Acc: 80.000 	Loss: 0.5961[00mC:\Users\pr8pf\AppData\Local\anaconda3\Lib\site-packages\sklearn\cluster\_kmeans.py:1429: UserWarning: KMeans is known to have a memory leak on Windows with MKL, when there are less chunks than available threads. You can avoid it by setting the environment variable OMP_NUM_THREADS=1.
  warnings.warn(
C:\Users\pr8pf\AppData\Local\anaconda3\Lib\site-packages\sklearn\cluster\_kmeans.py:1429: UserWarning: KMeans is known to have a memory leak on Windows with MKL, when there are less chunks than available threads. You can avoid it by setting the environment variable OMP_NUM_THREADS=1.
  warnings.warn(
[codecarbon INFO @ 09:44:25] [setup] RAM Tracking...
[codecarbon INFO @ 09:44:25] [setup] CPU Tracking...
[codecarbon WARNING @ 09:44:25] No CPU tracking mode found. Falling back on CPU constant mode. 
 Windows OS detected: Please install Intel Power Gadget to measure CPU

[codecarbon INFO @ 09:44:27] CPU Model on constant consumption mode: Intel(R) Xeon(R) Gold 6258R CPU @ 2.70GHz
[codecarbon INFO @ 09:44:27] [setup] GPU Tracking...
[codecarbon INFO @ 09:44:27] Tracking Nvidia GPU via pynvml
[codecarbon INFO @ 09:44:27] >>> Tracker's metadata:
[codecarbon INFO @ 09:44:27]   Platform system: Windows-11-10.0.22631-SP0
[codecarbon INFO @ 09:44:27]   Python version: 3.12.7
[codecarbon INFO @ 09:44:27]   CodeCarbon version: 2.8.3
[codecarbon INFO @ 09:44:27]   Available RAM : 126.630 GB
[codecarbon INFO @ 09:44:27]   CPU count: 56
[codecarbon INFO @ 09:44:27]   CPU model: Intel(R) Xeon(R) Gold 6258R CPU @ 2.70GHz
[codecarbon INFO @ 09:44:27]   GPU count: 2
[codecarbon INFO @ 09:44:27]   GPU model: 2 x NVIDIA RTX A5000
[codecarbon INFO @ 09:44:30] Saving emissions data to file C:\Users\pr8pf\Documents\GitHub\SplitFed\emissions.csv
[codecarbon INFO @ 09:44:31] Energy consumed for RAM : 0.000012 kWh. RAM Power : 47.48608875274658 W
[codecarbon INFO @ 09:44:31] Energy consumed for all CPUs : 0.000025 kWh. Total CPU Power : 102.50000000000001 W
[codecarbon INFO @ 09:44:31] Energy consumed for all GPUs : 0.000004 kWh. Total GPU Power : 15.684639112084797 W
[codecarbon INFO @ 09:44:31] 0.000041 kWh of electricity used since the beginning.
[codecarbon INFO @ 09:45:26] [setup] RAM Tracking...
[codecarbon INFO @ 09:45:26] [setup] CPU Tracking...
[codecarbon WARNING @ 09:45:26] No CPU tracking mode found. Falling back on CPU constant mode. 
 Windows OS detected: Please install Intel Power Gadget to measure CPU

[codecarbon INFO @ 09:45:28] CPU Model on constant consumption mode: Intel(R) Xeon(R) Gold 6258R CPU @ 2.70GHz
[codecarbon INFO @ 09:45:28] [setup] GPU Tracking...
[codecarbon INFO @ 09:45:28] Tracking Nvidia GPU via pynvml
[codecarbon INFO @ 09:45:28] >>> Tracker's metadata:
[codecarbon INFO @ 09:45:28]   Platform system: Windows-11-10.0.22631-SP0
[codecarbon INFO @ 09:45:28]   Python version: 3.12.7
[codecarbon INFO @ 09:45:28]   CodeCarbon version: 2.8.3
[codecarbon INFO @ 09:45:28]   Available RAM : 126.630 GB
[codecarbon INFO @ 09:45:28]   CPU count: 56
[codecarbon INFO @ 09:45:28]   CPU model: Intel(R) Xeon(R) Gold 6258R CPU @ 2.70GHz
[codecarbon INFO @ 09:45:28]   GPU count: 2
[codecarbon INFO @ 09:45:28]   GPU model: 2 x NVIDIA RTX A5000
[codecarbon INFO @ 09:45:31] Saving emissions data to file C:\Users\pr8pf\Documents\GitHub\SplitFed\emissions.csv
[codecarbon INFO @ 09:45:32] Energy consumed for RAM : 0.000012 kWh. RAM Power : 47.48608875274658 W
[codecarbon INFO @ 09:45:32] Energy consumed for all CPUs : 0.000025 kWh. Total CPU Power : 102.50000000000001 W
[codecarbon INFO @ 09:45:32] Energy consumed for all GPUs : 0.000004 kWh. Total GPU Power : 17.332954242883673 W
[codecarbon INFO @ 09:45:32] 0.000041 kWh of electricity used since the beginning.
C:\Users\pr8pf\AppData\Local\anaconda3\Lib\site-packages\sklearn\cluster\_kmeans.py:1429: UserWarning: KMeans is known to have a memory leak on Windows with MKL, when there are less chunks than available threads. You can avoid it by setting the environment variable OMP_NUM_THREADS=1.
  warnings.warn(
C:\Users\pr8pf\AppData\Local\anaconda3\Lib\site-packages\sklearn\cluster\_kmeans.py:1429: UserWarning: KMeans is known to have a memory leak on Windows with MKL, when there are less chunks than available threads. You can avoid it by setting the environment variable OMP_NUM_THREADS=1.
  warnings.warn(
[codecarbon INFO @ 10:10:43] [setup] RAM Tracking...
[codecarbon INFO @ 10:10:43] [setup] CPU Tracking...
[codecarbon WARNING @ 10:10:43] No CPU tracking mode found. Falling back on CPU constant mode. 
 Windows OS detected: Please install Intel Power Gadget to measure CPU

[codecarbon INFO @ 10:10:45] CPU Model on constant consumption mode: Intel(R) Xeon(R) Gold 6258R CPU @ 2.70GHz
[codecarbon INFO @ 10:10:45] [setup] GPU Tracking...
[codecarbon INFO @ 10:10:45] Tracking Nvidia GPU via pynvml
[codecarbon INFO @ 10:10:45] >>> Tracker's metadata:
[codecarbon INFO @ 10:10:45]   Platform system: Windows-11-10.0.22631-SP0
[codecarbon INFO @ 10:10:45]   Python version: 3.12.7
[codecarbon INFO @ 10:10:45]   CodeCarbon version: 2.8.3
[codecarbon INFO @ 10:10:45]   Available RAM : 126.630 GB
[codecarbon INFO @ 10:10:45]   CPU count: 56
[codecarbon INFO @ 10:10:45]   CPU model: Intel(R) Xeon(R) Gold 6258R CPU @ 2.70GHz
[codecarbon INFO @ 10:10:45]   GPU count: 2
[codecarbon INFO @ 10:10:45]   GPU model: 2 x NVIDIA RTX A5000
[codecarbon INFO @ 10:10:48] Saving emissions data to file C:\Users\pr8pf\Documents\GitHub\SplitFed\emissions.csv
[codecarbon INFO @ 10:10:49] Energy consumed for RAM : 0.000010 kWh. RAM Power : 47.48608875274658 W
[codecarbon INFO @ 10:10:49] Energy consumed for all CPUs : 0.000022 kWh. Total CPU Power : 102.50000000000001 W
[codecarbon INFO @ 10:10:49] Energy consumed for all GPUs : 0.000003 kWh. Total GPU Power : 15.693832191441256 W
[codecarbon INFO @ 10:10:49] 0.000036 kWh of electricity used since the beginning.
[codecarbon INFO @ 10:11:44] [setup] RAM Tracking...
[codecarbon INFO @ 10:11:44] [setup] CPU Tracking...
[codecarbon WARNING @ 10:11:44] No CPU tracking mode found. Falling back on CPU constant mode. 
 Windows OS detected: Please install Intel Power Gadget to measure CPU

[codecarbon INFO @ 10:11:46] CPU Model on constant consumption mode: Intel(R) Xeon(R) Gold 6258R CPU @ 2.70GHz
[codecarbon INFO @ 10:11:46] [setup] GPU Tracking...
[codecarbon INFO @ 10:11:46] Tracking Nvidia GPU via pynvml
[codecarbon INFO @ 10:11:46] >>> Tracker's metadata:
[codecarbon INFO @ 10:11:46]   Platform system: Windows-11-10.0.22631-SP0
[codecarbon INFO @ 10:11:46]   Python version: 3.12.7
[codecarbon INFO @ 10:11:46]   CodeCarbon version: 2.8.3
[codecarbon INFO @ 10:11:46]   Available RAM : 126.630 GB
[codecarbon INFO @ 10:11:46]   CPU count: 56
[codecarbon INFO @ 10:11:46]   CPU model: Intel(R) Xeon(R) Gold 6258R CPU @ 2.70GHz
[codecarbon INFO @ 10:11:46]   GPU count: 2
[codecarbon INFO @ 10:11:46]   GPU model: 2 x NVIDIA RTX A5000
[codecarbon INFO @ 10:11:49] Saving emissions data to file C:\Users\pr8pf\Documents\GitHub\SplitFed\emissions.csv
[codecarbon INFO @ 10:11:50] Energy consumed for RAM : 0.000009 kWh. RAM Power : 47.48608875274658 W
[codecarbon INFO @ 10:11:50] Energy consumed for all CPUs : 0.000019 kWh. Total CPU Power : 102.50000000000001 W
[codecarbon INFO @ 10:11:50] Energy consumed for all GPUs : 0.000003 kWh. Total GPU Power : 17.23434012447981 W
[codecarbon INFO @ 10:11:50] 0.000031 kWh of electricity used since the beginning.

[91m Client6 Train => Local Epoch: 1 / 5 	Acc: 87.156 	Loss: 0.4103[00m
[91m Client6 Train => Local Epoch: 2 / 5 	Acc: 89.344 	Loss: 0.3569[00m
[91m Client6 Train => Local Epoch: 3 / 5 	Acc: 90.156 	Loss: 0.3142[00m
[91m Client6 Train => Local Epoch: 4 / 5 	Acc: 91.719 	Loss: 0.2732[00m
[92m  Client6 Test => 	Acc: 70.253 	Loss: 0.9942[00m
[91m Client7 Train => Local Epoch: 0 / 5 	Acc: 70.000 	Loss: 0.9116[00m
[91m Client7 Train => Local Epoch: 1 / 5 	Acc: 84.062 	Loss: 0.5346[00m
[91m Client7 Train => Local Epoch: 2 / 5 	Acc: 69.844 	Loss: 0.9578[00m
[91m Client7 Train => Local Epoch: 3 / 5 	Acc: 75.078 	Loss: 0.7286[00m
[91m Client7 Train => Local Epoch: 4 / 5 	Acc: 82.109 	Loss: 0.5521[00m
[92m  Client7 Test => 	Acc: 65.754 	Loss: 1.4185[00m
[91m Client8 Train => Local Epoch: 0 / 5 	Acc: 75.130 	Loss: 0.8459[00m
[91m Client8 Train => Local Epoch: 1 / 5 	Acc: 84.635 	Loss: 0.5363[00m
[91m Client8 Train => Local Epoch: 2 / 5 	Acc: 87.500 	Loss: 0.4032[00m
[91m Client8 Train => Local Epoch: 3 / 5 	Acc: 88.932 	Loss: 0.3575[00m
[91m Client8 Train => Local Epoch: 4 / 5 	Acc: 90.755 	Loss: 0.2818[00m
[92m  Client8 Test => 	Acc: 60.191 	Loss: 1.5929[00m
[91m Client9 Train => Local Epoch: 0 / 5 	Acc: 81.851 	Loss: 0.5913[00m
[91m Client9 Train => Local Epoch: 1 / 5 	Acc: 87.019 	Loss: 0.4078[00m
[91m Client9 Train => Local Epoch: 2 / 5 	Acc: 88.582 	Loss: 0.3562[00m
[91m Client9 Train => Local Epoch: 3 / 5 	Acc: 87.079 	Loss: 0.4218[00m
[91m Client9 Train => Local Epoch: 4 / 5 	Acc: 87.921 	Loss: 0.3892[00m
[92m  Client9 Test => 	Acc: 67.942 	Loss: 1.2471[00m
------------------------------------------------
------ Federation process at Server-Side ------- 
------------------------------------------------
-----------------------------------------------------------
------ FedServer: Federation process at Client-Side ------- 
-----------------------------------------------------------
[92m  Client0 Test => 	Acc: 71.771 	Loss: 0.7071[00m
 Train: Round   6, Avg Accuracy 89.700 | Avg Loss 0.319
[91m Client0 Train => Local Epoch: 0 / 5 	Acc: 89.116 	Loss: 0.3493[00m
[91m Client0 Train => Local Epoch: 1 / 5 	Acc: 91.730 	Loss: 0.2433[00m
[91m Client0 Train => Local Epoch: 2 / 5 	Acc: 91.622 	Loss: 0.2472[00m
[91m Client0 Train => Local Epoch: 3 / 5 	Acc: 94.208 	Loss: 0.1888[00m
[91m Client0 Train => Local Epoch: 4 / 5 	Acc: 94.558 	Loss: 0.1564[00m
[92m  Client0 Test => 	Acc: 66.359 	Loss: 3.3559[00m
[91m Client1 Train => Local Epoch: 0 / 5 	Acc: 85.243 	Loss: 0.4340[00m
[91m Client1 Train => Local Epoch: 1 / 5 	Acc: 89.062 	Loss: 0.3171[00m
[91m Client1 Train => Local Epoch: 2 / 5 	Acc: 90.191 	Loss: 0.2753[00m
[91m Client1 Train => Local Epoch: 3 / 5 	Acc: 93.229 	Loss: 0.2185[00m
[91m Client1 Train => Local Epoch: 4 / 5 	Acc: 92.795 	Loss: 0.2045[00m
[92m  Client1 Test => 	Acc: 62.372 	Loss: 5.0260[00m
[91m Client2 Train => Local Epoch: 0 / 5 	Acc: 88.194 	Loss: 0.4230[00m
[91m Client2 Train => Local Epoch: 1 / 5 	Acc: 86.806 	Loss: 0.4016[00m
[91m Client2 Train => Local Epoch: 2 / 5 	Acc: 91.233 	Loss: 0.2696[00m
[91m Client2 Train => Local Epoch: 3 / 5 	Acc: 93.403 	Loss: 0.2025[00m
[91m Client2 Train => Local Epoch: 4 / 5 	Acc: 92.274 	Loss: 0.2406[00m
[92m  Client2 Test => 	Acc: 62.280 	Loss: 5.3601[00m
[91m Client3 Train => Local Epoch: 0 / 5 	Acc: 90.061 	Loss: 0.3348[00m
[91m Client3 Train => Local Epoch: 1 / 5 	Acc: 91.406 	Loss: 0.2484[00m
[91m Client3 Train => Local Epoch: 2 / 5 	Acc: 93.359 	Loss: 0.2081[00m
[91m Client3 Train => Local Epoch: 3 / 5 	Acc: 92.231 	Loss: 0.2201[00m
[91m Client3 Train => Local Epoch: 4 / 5 	Acc: 88.672 	Loss: 0.3578[00m
[92m  Client3 Test => 	Acc: 50.852 	Loss: 4.8558[00m
[91m Client4 Train => Local Epoch: 0 / 5 	Acc: 90.430 	Loss: 0.3343[00m
[91m Client4 Train => Local Epoch: 1 / 5 	Acc: 93.457 	Loss: 0.1999[00m
[91m Client4 Train => Local Epoch: 2 / 5 	Acc: 92.383 	Loss: 0.2102[00m
[91m Client4 Train => Local Epoch: 3 / 5 	Acc: 93.848 	Loss: 0.1819[00m
[91m Client4 Train => Local Epoch: 4 / 5 	Acc: 93.848 	Loss: 0.1754[00m
[92m  Client4 Test => 	Acc: 64.593 	Loss: 3.3089[00m
[91m Client5 Train => Local Epoch: 0 / 5 	Acc: 82.552 	Loss: 0.5334[00m
[91m Client5 Train => Local Epoch: 1 / 5 	Acc: 87.109 	Loss: 0.3838[00m
[91m Client5 Train => Local Epoch: 2 / 5 	Acc: 91.146 	Loss: 0.2635[00m
[91m Client5 Train => Local Epoch: 3 / 5 	Acc: 90.234 	Loss: 0.3064[00m
[91m Client5 Train => Local Epoch: 4 / 5 	Acc: 88.672 	Loss: 0.3102[00m
[92m  Client5 Test => 	Acc: 73.838 	Loss: 1.2013[00m
[91m Client6 Train => Local Epoch: 0 / 5 	Acc: 87.500 	Loss: 0.4122[00m
[91m Client6 Train => Local Epoch: 1 / 5 	Acc: 92.312 	Loss: 0.2462[00m
[91m Client6 Train => Local Epoch: 2 / 5 	Acc: 90.250 	Loss: 0.2957[00m
[91m Client6 Train => Local Epoch: 3 / 5 	Acc: 91.969 	Loss: 0.2426[00m
[91m Client6 Train => Local Epoch: 4 / 5 	Acc: 93.281 	Loss: 0.2251[00m
[92m  Client6 Test => 	Acc: 74.054 	Loss: 0.8186[00m
[91m Client7 Train => Local Epoch: 0 / 5 	Acc: 81.719 	Loss: 0.5561[00m
[91m Client7 Train => Local Epoch: 1 / 5 	Acc: 87.500 	Loss: 0.3783[00m
[91m Client7 Train => Local Epoch: 2 / 5 	Acc: 90.000 	Loss: 0.3108[00m
[91m Client7 Train => Local Epoch: 3 / 5 	Acc: 91.172 	Loss: 0.2765[00m
[91m Client7 Train => Local Epoch: 4 / 5 	Acc: 93.047 	Loss: 0.2216[00m
[92m  Client7 Test => 	Acc: 78.587 	Loss: 0.7903[00m
[91m Client8 Train => Local Epoch: 0 / 5 	Acc: 84.766 	Loss: 0.5523[00m
[91m Client8 Train => Local Epoch: 1 / 5 	Acc: 91.016 	Loss: 0.2923[00m
[91m Client8 Train => Local Epoch: 2 / 5 	Acc: 93.880 	Loss: 0.1935[00m
[91m Client8 Train => Local Epoch: 3 / 5 	Acc: 95.052 	Loss: 0.1555[00m
[91m Client8 Train => Local Epoch: 4 / 5 	Acc: 94.792 	Loss: 0.1760[00m
[92m  Client8 Test => 	Acc: 74.740 	Loss: 1.1788[00m
[91m Client9 Train => Local Epoch: 0 / 5 	Acc: 86.839 	Loss: 0.4075[00m
[91m Client9 Train => Local Epoch: 1 / 5 	Acc: 89.724 	Loss: 0.3278[00m
[91m Client9 Train => Local Epoch: 2 / 5 	Acc: 90.385 	Loss: 0.3181[00m
[91m Client9 Train => Local Epoch: 3 / 5 	Acc: 92.488 	Loss: 0.2273[00m
[91m Client9 Train => Local Epoch: 4 / 5 	Acc: 94.050 	Loss: 0.1974[00m
[92m  Client9 Test => 	Acc: 77.032 	Loss: 0.7722[00m
------------------------------------------------
------ Federation process at Server-Side ------- 
------------------------------------------------
-----------------------------------------------------------
------ FedServer: Federation process at Client-Side ------- 
-----------------------------------------------------------
[92m  Client0 Test => 	Acc: 75.483 	Loss: 0.7471[00m
 Train: Round   7, Avg Accuracy 92.599 | Avg Loss 0.227
[91m Client0 Train => Local Epoch: 0 / 5 	Acc: 91.783 	Loss: 0.2682[00m
[91m Client0 Train => Local Epoch: 1 / 5 	Acc: 94.181 	Loss: 0.1782[00m
[91m Client0 Train => Local Epoch: 2 / 5 	Acc: 92.942 	Loss: 0.2149[00m
[91m Client0 Train => Local Epoch: 3 / 5 	Acc: 93.615 	Loss: 0.1891[00m
[91m Client0 Train => Local Epoch: 4 / 5 	Acc: 93.508 	Loss: 0.1937[00m
[92m  Client0 Test => 	Acc: 67.293 	Loss: 3.0679[00m
[91m Client1 Train => Local Epoch: 0 / 5 	Acc: 91.319 	Loss: 0.2771[00m
[91m Client1 Train => Local Epoch: 1 / 5 	Acc: 94.184 	Loss: 0.1610[00m
[91m Client1 Train => Local Epoch: 2 / 5 	Acc: 92.014 	Loss: 0.2216[00m
[91m Client1 Train => Local Epoch: 3 / 5 	Acc: 91.753 	Loss: 0.2447[00m
[91m Client1 Train => Local Epoch: 4 / 5 	Acc: 93.142 	Loss: 0.2397[00m
[92m  Client1 Test => 	Acc: 61.218 	Loss: 2.4840[00m
[91m Client2 Train => Local Epoch: 0 / 5 	Acc: 92.101 	Loss: 0.2638[00m
[91m Client2 Train => Local Epoch: 1 / 5 	Acc: 93.750 	Loss: 0.1914[00m
[91m Client2 Train => Local Epoch: 2 / 5 	Acc: 94.444 	Loss: 0.1776[00m
[91m Client2 Train => Local Epoch: 3 / 5 	Acc: 93.403 	Loss: 0.1744[00m
[91m Client2 Train => Local Epoch: 4 / 5 	Acc: 94.444 	Loss: 0.1480[00m
[92m  Client2 Test => 	Acc: 66.094 	Loss: 3.7417[00m
[91m Client3 Train => Local Epoch: 0 / 5 	Acc: 91.016 	Loss: 0.2906[00mC:\Users\pr8pf\AppData\Local\anaconda3\Lib\site-packages\sklearn\cluster\_kmeans.py:1429: UserWarning: KMeans is known to have a memory leak on Windows with MKL, when there are less chunks than available threads. You can avoid it by setting the environment variable OMP_NUM_THREADS=1.
  warnings.warn(
C:\Users\pr8pf\AppData\Local\anaconda3\Lib\site-packages\sklearn\cluster\_kmeans.py:1429: UserWarning: KMeans is known to have a memory leak on Windows with MKL, when there are less chunks than available threads. You can avoid it by setting the environment variable OMP_NUM_THREADS=1.
  warnings.warn(
[codecarbon INFO @ 10:37:06] [setup] RAM Tracking...
[codecarbon INFO @ 10:37:06] [setup] CPU Tracking...
[codecarbon WARNING @ 10:37:06] No CPU tracking mode found. Falling back on CPU constant mode. 
 Windows OS detected: Please install Intel Power Gadget to measure CPU

[codecarbon INFO @ 10:37:07] CPU Model on constant consumption mode: Intel(R) Xeon(R) Gold 6258R CPU @ 2.70GHz
[codecarbon INFO @ 10:37:07] [setup] GPU Tracking...
[codecarbon INFO @ 10:37:07] Tracking Nvidia GPU via pynvml
[codecarbon INFO @ 10:37:07] >>> Tracker's metadata:
[codecarbon INFO @ 10:37:07]   Platform system: Windows-11-10.0.22631-SP0
[codecarbon INFO @ 10:37:07]   Python version: 3.12.7
[codecarbon INFO @ 10:37:07]   CodeCarbon version: 2.8.3
[codecarbon INFO @ 10:37:07]   Available RAM : 126.630 GB
[codecarbon INFO @ 10:37:07]   CPU count: 56
[codecarbon INFO @ 10:37:07]   CPU model: Intel(R) Xeon(R) Gold 6258R CPU @ 2.70GHz
[codecarbon INFO @ 10:37:07]   GPU count: 2
[codecarbon INFO @ 10:37:07]   GPU model: 2 x NVIDIA RTX A5000
[codecarbon INFO @ 10:37:10] Saving emissions data to file C:\Users\pr8pf\Documents\GitHub\SplitFed\emissions.csv
[codecarbon INFO @ 10:37:11] Energy consumed for RAM : 0.000012 kWh. RAM Power : 47.48608875274658 W
[codecarbon INFO @ 10:37:11] Energy consumed for all CPUs : 0.000027 kWh. Total CPU Power : 102.50000000000001 W
[codecarbon INFO @ 10:37:11] Energy consumed for all GPUs : 0.000005 kWh. Total GPU Power : 17.406383485809553 W
[codecarbon INFO @ 10:37:11] 0.000044 kWh of electricity used since the beginning.
[codecarbon INFO @ 10:38:07] [setup] RAM Tracking...
[codecarbon INFO @ 10:38:07] [setup] CPU Tracking...
[codecarbon WARNING @ 10:38:07] No CPU tracking mode found. Falling back on CPU constant mode. 
 Windows OS detected: Please install Intel Power Gadget to measure CPU

[codecarbon INFO @ 10:38:08] CPU Model on constant consumption mode: Intel(R) Xeon(R) Gold 6258R CPU @ 2.70GHz
[codecarbon INFO @ 10:38:08] [setup] GPU Tracking...
[codecarbon INFO @ 10:38:08] Tracking Nvidia GPU via pynvml
[codecarbon INFO @ 10:38:08] >>> Tracker's metadata:
[codecarbon INFO @ 10:38:08]   Platform system: Windows-11-10.0.22631-SP0
[codecarbon INFO @ 10:38:08]   Python version: 3.12.7
[codecarbon INFO @ 10:38:08]   CodeCarbon version: 2.8.3
[codecarbon INFO @ 10:38:08]   Available RAM : 126.630 GB
[codecarbon INFO @ 10:38:08]   CPU count: 56
[codecarbon INFO @ 10:38:08]   CPU model: Intel(R) Xeon(R) Gold 6258R CPU @ 2.70GHz
[codecarbon INFO @ 10:38:08]   GPU count: 2
[codecarbon INFO @ 10:38:08]   GPU model: 2 x NVIDIA RTX A5000
[codecarbon INFO @ 10:38:11] Saving emissions data to file C:\Users\pr8pf\Documents\GitHub\SplitFed\emissions.csv
[codecarbon INFO @ 10:38:12] Energy consumed for RAM : 0.000009 kWh. RAM Power : 47.48608875274658 W
[codecarbon INFO @ 10:38:12] Energy consumed for all CPUs : 0.000019 kWh. Total CPU Power : 102.50000000000001 W
[codecarbon INFO @ 10:38:12] Energy consumed for all GPUs : 0.000003 kWh. Total GPU Power : 17.29471386369383 W
[codecarbon INFO @ 10:38:12] 0.000031 kWh of electricity used since the beginning.
C:\Users\pr8pf\AppData\Local\anaconda3\Lib\site-packages\sklearn\cluster\_kmeans.py:1429: UserWarning: KMeans is known to have a memory leak on Windows with MKL, when there are less chunks than available threads. You can avoid it by setting the environment variable OMP_NUM_THREADS=1.
  warnings.warn(
C:\Users\pr8pf\AppData\Local\anaconda3\Lib\site-packages\sklearn\cluster\_kmeans.py:1429: UserWarning: KMeans is known to have a memory leak on Windows with MKL, when there are less chunks than available threads. You can avoid it by setting the environment variable OMP_NUM_THREADS=1.
  warnings.warn(
[codecarbon INFO @ 11:03:28] [setup] RAM Tracking...
[codecarbon INFO @ 11:03:28] [setup] CPU Tracking...
[codecarbon WARNING @ 11:03:28] No CPU tracking mode found. Falling back on CPU constant mode. 
 Windows OS detected: Please install Intel Power Gadget to measure CPU

[codecarbon INFO @ 11:03:30] CPU Model on constant consumption mode: Intel(R) Xeon(R) Gold 6258R CPU @ 2.70GHz
[codecarbon INFO @ 11:03:30] [setup] GPU Tracking...
[codecarbon INFO @ 11:03:30] Tracking Nvidia GPU via pynvml
[codecarbon INFO @ 11:03:30] >>> Tracker's metadata:
[codecarbon INFO @ 11:03:30]   Platform system: Windows-11-10.0.22631-SP0
[codecarbon INFO @ 11:03:30]   Python version: 3.12.7
[codecarbon INFO @ 11:03:30]   CodeCarbon version: 2.8.3
[codecarbon INFO @ 11:03:30]   Available RAM : 126.630 GB
[codecarbon INFO @ 11:03:30]   CPU count: 56
[codecarbon INFO @ 11:03:30]   CPU model: Intel(R) Xeon(R) Gold 6258R CPU @ 2.70GHz
[codecarbon INFO @ 11:03:30]   GPU count: 2
[codecarbon INFO @ 11:03:30]   GPU model: 2 x NVIDIA RTX A5000
[codecarbon INFO @ 11:03:33] Saving emissions data to file C:\Users\pr8pf\Documents\GitHub\SplitFed\emissions.csv
[codecarbon INFO @ 11:03:34] Energy consumed for RAM : 0.000010 kWh. RAM Power : 47.48608875274658 W
[codecarbon INFO @ 11:03:34] Energy consumed for all CPUs : 0.000021 kWh. Total CPU Power : 102.50000000000001 W
[codecarbon INFO @ 11:03:34] Energy consumed for all GPUs : 0.000003 kWh. Total GPU Power : 15.821917143920409 W
[codecarbon INFO @ 11:03:34] 0.000034 kWh of electricity used since the beginning.

[91m Client3 Train => Local Epoch: 1 / 5 	Acc: 92.274 	Loss: 0.2506[00m
[91m Client3 Train => Local Epoch: 2 / 5 	Acc: 92.231 	Loss: 0.2383[00m
[91m Client3 Train => Local Epoch: 3 / 5 	Acc: 93.880 	Loss: 0.1939[00m
[91m Client3 Train => Local Epoch: 4 / 5 	Acc: 95.616 	Loss: 0.1421[00m
[92m  Client3 Test => 	Acc: 67.739 	Loss: 4.9602[00m
[91m Client4 Train => Local Epoch: 0 / 5 	Acc: 92.969 	Loss: 0.2244[00m
[91m Client4 Train => Local Epoch: 1 / 5 	Acc: 93.945 	Loss: 0.1739[00m
[91m Client4 Train => Local Epoch: 2 / 5 	Acc: 95.020 	Loss: 0.1400[00m
[91m Client4 Train => Local Epoch: 3 / 5 	Acc: 95.605 	Loss: 0.1214[00m
[91m Client4 Train => Local Epoch: 4 / 5 	Acc: 96.191 	Loss: 0.1007[00m
[92m  Client4 Test => 	Acc: 62.061 	Loss: 3.5783[00m
[91m Client5 Train => Local Epoch: 0 / 5 	Acc: 83.724 	Loss: 0.4880[00m
[91m Client5 Train => Local Epoch: 1 / 5 	Acc: 92.448 	Loss: 0.2521[00m
[91m Client5 Train => Local Epoch: 2 / 5 	Acc: 94.010 	Loss: 0.1787[00m
[91m Client5 Train => Local Epoch: 3 / 5 	Acc: 94.661 	Loss: 0.1670[00m
[91m Client5 Train => Local Epoch: 4 / 5 	Acc: 92.188 	Loss: 0.2290[00m
[92m  Client5 Test => 	Acc: 68.439 	Loss: 1.4816[00m
[91m Client6 Train => Local Epoch: 0 / 5 	Acc: 90.750 	Loss: 0.2739[00m
[91m Client6 Train => Local Epoch: 1 / 5 	Acc: 92.312 	Loss: 0.2427[00m
[91m Client6 Train => Local Epoch: 2 / 5 	Acc: 90.625 	Loss: 0.2935[00m
[91m Client6 Train => Local Epoch: 3 / 5 	Acc: 93.344 	Loss: 0.2190[00m
[91m Client6 Train => Local Epoch: 4 / 5 	Acc: 94.125 	Loss: 0.1990[00m
[92m  Client6 Test => 	Acc: 77.546 	Loss: 0.7313[00m
[91m Client7 Train => Local Epoch: 0 / 5 	Acc: 87.969 	Loss: 0.3870[00m
[91m Client7 Train => Local Epoch: 1 / 5 	Acc: 88.906 	Loss: 0.3234[00m
[91m Client7 Train => Local Epoch: 2 / 5 	Acc: 90.000 	Loss: 0.2839[00m
[91m Client7 Train => Local Epoch: 3 / 5 	Acc: 91.797 	Loss: 0.2338[00m
[91m Client7 Train => Local Epoch: 4 / 5 	Acc: 95.625 	Loss: 0.1465[00m
[92m  Client7 Test => 	Acc: 83.435 	Loss: 0.6155[00m
[91m Client8 Train => Local Epoch: 0 / 5 	Acc: 86.589 	Loss: 0.4381[00m
[91m Client8 Train => Local Epoch: 1 / 5 	Acc: 95.182 	Loss: 0.1683[00m
[91m Client8 Train => Local Epoch: 2 / 5 	Acc: 94.922 	Loss: 0.1638[00m
[91m Client8 Train => Local Epoch: 3 / 5 	Acc: 93.750 	Loss: 0.1832[00m
[91m Client8 Train => Local Epoch: 4 / 5 	Acc: 97.005 	Loss: 0.1028[00m
[92m  Client8 Test => 	Acc: 79.569 	Loss: 0.8806[00m
[91m Client9 Train => Local Epoch: 0 / 5 	Acc: 91.526 	Loss: 0.2681[00m
[91m Client9 Train => Local Epoch: 1 / 5 	Acc: 94.832 	Loss: 0.1616[00m
[91m Client9 Train => Local Epoch: 2 / 5 	Acc: 95.553 	Loss: 0.1499[00m
[91m Client9 Train => Local Epoch: 3 / 5 	Acc: 95.012 	Loss: 0.1538[00m
[91m Client9 Train => Local Epoch: 4 / 5 	Acc: 95.192 	Loss: 0.1662[00m
[92m  Client9 Test => 	Acc: 77.956 	Loss: 0.8411[00m
------------------------------------------------
------ Federation process at Server-Side ------- 
------------------------------------------------
-----------------------------------------------------------
------ FedServer: Federation process at Client-Side ------- 
-----------------------------------------------------------
[92m  Client0 Test => 	Acc: 91.566 	Loss: 0.2715[00m
 Train: Round   8, Avg Accuracy 94.704 | Avg Loss 0.167
[91m Client0 Train => Local Epoch: 0 / 5 	Acc: 92.268 	Loss: 0.2216[00m
[91m Client0 Train => Local Epoch: 1 / 5 	Acc: 93.615 	Loss: 0.1942[00m
[91m Client0 Train => Local Epoch: 2 / 5 	Acc: 96.417 	Loss: 0.1131[00m
[91m Client0 Train => Local Epoch: 3 / 5 	Acc: 95.097 	Loss: 0.1507[00m
[91m Client0 Train => Local Epoch: 4 / 5 	Acc: 94.828 	Loss: 0.1564[00m
[92m  Client0 Test => 	Acc: 65.452 	Loss: 5.3788[00m
[91m Client1 Train => Local Epoch: 0 / 5 	Acc: 90.972 	Loss: 0.3003[00m
[91m Client1 Train => Local Epoch: 1 / 5 	Acc: 94.184 	Loss: 0.1964[00m
[91m Client1 Train => Local Epoch: 2 / 5 	Acc: 94.444 	Loss: 0.1545[00m
[91m Client1 Train => Local Epoch: 3 / 5 	Acc: 96.094 	Loss: 0.1200[00m
[91m Client1 Train => Local Epoch: 4 / 5 	Acc: 96.528 	Loss: 0.1025[00m
[92m  Client1 Test => 	Acc: 66.411 	Loss: 4.5841[00m
[91m Client2 Train => Local Epoch: 0 / 5 	Acc: 83.941 	Loss: 0.5754[00m
[91m Client2 Train => Local Epoch: 1 / 5 	Acc: 91.580 	Loss: 0.2761[00m
[91m Client2 Train => Local Epoch: 2 / 5 	Acc: 94.618 	Loss: 0.1656[00m
[91m Client2 Train => Local Epoch: 3 / 5 	Acc: 95.486 	Loss: 0.1462[00m
[91m Client2 Train => Local Epoch: 4 / 5 	Acc: 96.615 	Loss: 0.1023[00m
[92m  Client2 Test => 	Acc: 69.210 	Loss: 4.8539[00m
[91m Client3 Train => Local Epoch: 0 / 5 	Acc: 90.365 	Loss: 0.3127[00m
[91m Client3 Train => Local Epoch: 1 / 5 	Acc: 94.401 	Loss: 0.1688[00m
[91m Client3 Train => Local Epoch: 2 / 5 	Acc: 93.663 	Loss: 0.1863[00m
[91m Client3 Train => Local Epoch: 3 / 5 	Acc: 95.052 	Loss: 0.1664[00m
[91m Client3 Train => Local Epoch: 4 / 5 	Acc: 95.833 	Loss: 0.1351[00m
[92m  Client3 Test => 	Acc: 68.145 	Loss: 4.0663[00m
[91m Client4 Train => Local Epoch: 0 / 5 	Acc: 92.871 	Loss: 0.2371[00m
[91m Client4 Train => Local Epoch: 1 / 5 	Acc: 95.215 	Loss: 0.1322[00m
[91m Client4 Train => Local Epoch: 2 / 5 	Acc: 96.777 	Loss: 0.0949[00m
[91m Client4 Train => Local Epoch: 3 / 5 	Acc: 97.461 	Loss: 0.0816[00m
[91m Client4 Train => Local Epoch: 4 / 5 	Acc: 96.191 	Loss: 0.1188[00m
[92m  Client4 Test => 	Acc: 70.885 	Loss: 3.7614[00m
[91m Client5 Train => Local Epoch: 0 / 5 	Acc: 93.880 	Loss: 0.2126[00m
[91m Client5 Train => Local Epoch: 1 / 5 	Acc: 94.531 	Loss: 0.1616[00m
[91m Client5 Train => Local Epoch: 2 / 5 	Acc: 95.833 	Loss: 0.1532[00m
[91m Client5 Train => Local Epoch: 3 / 5 	Acc: 96.745 	Loss: 0.1039[00m
[91m Client5 Train => Local Epoch: 4 / 5 	Acc: 94.531 	Loss: 0.1952[00m
[92m  Client5 Test => 	Acc: 80.650 	Loss: 0.8605[00m
[91m Client6 Train => Local Epoch: 0 / 5 	Acc: 93.656 	Loss: 0.2087[00m
[91m Client6 Train => Local Epoch: 1 / 5 	Acc: 93.688 	Loss: 0.2015[00m
[91m Client6 Train => Local Epoch: 2 / 5 	Acc: 94.469 	Loss: 0.1638[00m
[91m Client6 Train => Local Epoch: 3 / 5 	Acc: 94.656 	Loss: 0.1647[00m
[91m Client6 Train => Local Epoch: 4 / 5 	Acc: 94.812 	Loss: 0.1645[00m
[92m  Client6 Test => 	Acc: 80.029 	Loss: 0.7916[00m
[91m Client7 Train => Local Epoch: 0 / 5 	Acc: 92.969 	Loss: 0.2192[00m
[91m Client7 Train => Local Epoch: 1 / 5 	Acc: 94.297 	Loss: 0.1796[00m
[91m Client7 Train => Local Epoch: 2 / 5 	Acc: 93.906 	Loss: 0.1786[00m
[91m Client7 Train => Local Epoch: 3 / 5 	Acc: 94.297 	Loss: 0.1816[00m
[91m Client7 Train => Local Epoch: 4 / 5 	Acc: 77.969 	Loss: 0.7330[00m
[92m  Client7 Test => 	Acc: 63.938 	Loss: 1.2452[00m
[91m Client8 Train => Local Epoch: 0 / 5 	Acc: 94.661 	Loss: 0.1974[00m
[91m Client8 Train => Local Epoch: 1 / 5 	Acc: 96.224 	Loss: 0.1456[00m
[91m Client8 Train => Local Epoch: 2 / 5 	Acc: 96.875 	Loss: 0.0968[00m
[91m Client8 Train => Local Epoch: 3 / 5 	Acc: 98.047 	Loss: 0.0676[00m
[91m Client8 Train => Local Epoch: 4 / 5 	Acc: 98.047 	Loss: 0.0598[00m
[92m  Client8 Test => 	Acc: 81.128 	Loss: 0.7871[00m
[91m Client9 Train => Local Epoch: 0 / 5 	Acc: 93.990 	Loss: 0.1841[00m
[91m Client9 Train => Local Epoch: 1 / 5 	Acc: 94.892 	Loss: 0.1686[00m
[91m Client9 Train => Local Epoch: 2 / 5 	Acc: 93.930 	Loss: 0.2035[00m
[91m Client9 Train => Local Epoch: 3 / 5 	Acc: 94.892 	Loss: 0.1473[00m
[91m Client9 Train => Local Epoch: 4 / 5 	Acc: 95.913 	Loss: 0.1331[00m
[92m  Client9 Test => 	Acc: 87.171 	Loss: 0.4034[00m
------------------------------------------------
------ Federation process at Server-Side ------- 
------------------------------------------------
-----------------------------------------------------------
------ FedServer: Federation process at Client-Side ------- 
-----------------------------------------------------------
[92m  Client0 Test => 	Acc: 80.212 	Loss: 1.3108[00m
 Train: Round   9, Avg Accuracy 94.127 | Avg Loss 0.190
Training and Evaluation completed!
===== END Mon 12/22/2025 11:04:32.99 ===== 
