===== START Wed 01/07/2026  7:13:51.00 ===== 
C:\Users\pr8pf\AppData\Local\anaconda3\Lib\site-packages\torchvision\models\_utils.py:208: UserWarning: The parameter 'pretrained' is deprecated since 0.13 and may be removed in the future, please use 'weights' instead.
  warnings.warn(
C:\Users\pr8pf\AppData\Local\anaconda3\Lib\site-packages\torchvision\models\_utils.py:223: UserWarning: Arguments other than a weight enum or `None` for 'weights' are deprecated since 0.13 and may be removed in the future. The current behavior is equivalent to passing `weights=VGG16_Weights.IMAGENET1K_V1`. You can also use `weights=VGG16_Weights.DEFAULT` to get the most up-to-date weights.
  warnings.warn(msg)
[codecarbon INFO @ 07:14:23] [setup] RAM Tracking...
[codecarbon INFO @ 07:14:23] [setup] CPU Tracking...
[codecarbon WARNING @ 07:14:23] No CPU tracking mode found. Falling back on CPU constant mode. 
 Windows OS detected: Please install Intel Power Gadget to measure CPU

[codecarbon INFO @ 07:14:24] CPU Model on constant consumption mode: Intel(R) Xeon(R) Gold 6258R CPU @ 2.70GHz
[codecarbon INFO @ 07:14:24] [setup] GPU Tracking...
[codecarbon INFO @ 07:14:25] Tracking Nvidia GPU via pynvml
[codecarbon INFO @ 07:14:25] >>> Tracker's metadata:
[codecarbon INFO @ 07:14:25]   Platform system: Windows-11-10.0.22631-SP0
[codecarbon INFO @ 07:14:25]   Python version: 3.12.7
[codecarbon INFO @ 07:14:25]   CodeCarbon version: 2.8.3
[codecarbon INFO @ 07:14:25]   Available RAM : 126.630 GB
[codecarbon INFO @ 07:14:25]   CPU count: 56
[codecarbon INFO @ 07:14:25]   CPU model: Intel(R) Xeon(R) Gold 6258R CPU @ 2.70GHz
[codecarbon INFO @ 07:14:25]   GPU count: 2
[codecarbon INFO @ 07:14:25]   GPU model: 2 x NVIDIA RTX A5000
[codecarbon INFO @ 07:14:28] Saving emissions data to file C:\Users\pr8pf\Documents\GitHub\SplitFed\emissions.csv
[codecarbon INFO @ 07:14:29] Energy consumed for RAM : 0.000019 kWh. RAM Power : 47.48608875274658 W
[codecarbon INFO @ 07:14:29] Energy consumed for all CPUs : 0.000041 kWh. Total CPU Power : 102.50000000000001 W
[codecarbon INFO @ 07:14:29] Energy consumed for all GPUs : 0.000007 kWh. Total GPU Power : 18.267649361070582 W
[codecarbon INFO @ 07:14:29] 0.000067 kWh of electricity used since the beginning.
C:\Users\pr8pf\AppData\Local\anaconda3\Lib\site-packages\sklearn\cluster\_kmeans.py:1429: UserWarning: KMeans is known to have a memory leak on Windows with MKL, when there are less chunks than available threads. You can avoid it by setting the environment variable OMP_NUM_THREADS=1.
  warnings.warn(
C:\Users\pr8pf\AppData\Local\anaconda3\Lib\site-packages\sklearn\cluster\_kmeans.py:1429: UserWarning: KMeans is known to have a memory leak on Windows with MKL, when there are less chunks than available threads. You can avoid it by setting the environment variable OMP_NUM_THREADS=1.
  warnings.warn(
[codecarbon INFO @ 07:39:45] [setup] RAM Tracking...
[codecarbon INFO @ 07:39:45] [setup] CPU Tracking...
[codecarbon WARNING @ 07:39:45] No CPU tracking mode found. Falling back on CPU constant mode. 
 Windows OS detected: Please install Intel Power Gadget to measure CPU

[codecarbon INFO @ 07:39:46] CPU Model on constant consumption mode: Intel(R) Xeon(R) Gold 6258R CPU @ 2.70GHz
[codecarbon INFO @ 07:39:46] [setup] GPU Tracking...
[codecarbon INFO @ 07:39:46] Tracking Nvidia GPU via pynvml
[codecarbon INFO @ 07:39:46] >>> Tracker's metadata:
[codecarbon INFO @ 07:39:46]   Platform system: Windows-11-10.0.22631-SP0
[codecarbon INFO @ 07:39:46]   Python version: 3.12.7
[codecarbon INFO @ 07:39:46]   CodeCarbon version: 2.8.3
[codecarbon INFO @ 07:39:46]   Available RAM : 126.630 GB
[codecarbon INFO @ 07:39:46]   CPU count: 56
[codecarbon INFO @ 07:39:46]   CPU model: Intel(R) Xeon(R) Gold 6258R CPU @ 2.70GHz
[codecarbon INFO @ 07:39:46]   GPU count: 2
[codecarbon INFO @ 07:39:46]   GPU model: 2 x NVIDIA RTX A5000
[codecarbon INFO @ 07:39:49] Saving emissions data to file C:\Users\pr8pf\Documents\GitHub\SplitFed\emissions.csv
[codecarbon INFO @ 07:39:50] Energy consumed for RAM : 0.000006 kWh. RAM Power : 47.48608875274658 W
[codecarbon INFO @ 07:39:50] Energy consumed for all CPUs : 0.000013 kWh. Total CPU Power : 102.50000000000001 W
[codecarbon INFO @ 07:39:50] Energy consumed for all GPUs : 0.000002 kWh. Total GPU Power : 15.402910133256995 W
[codecarbon INFO @ 07:39:50] 0.000022 kWh of electricity used since the beginning.
[codecarbon INFO @ 07:40:44] [setup] RAM Tracking...
[codecarbon INFO @ 07:40:44] [setup] CPU Tracking...
[codecarbon WARNING @ 07:40:44] No CPU tracking mode found. Falling back on CPU constant mode. 
 Windows OS detected: Please install Intel Power Gadget to measure CPU

[codecarbon INFO @ 07:40:46] CPU Model on constant consumption mode: Intel(R) Xeon(R) Gold 6258R CPU @ 2.70GHz
[codecarbon INFO @ 07:40:46] [setup] GPU Tracking...
[codecarbon INFO @ 07:40:46] Tracking Nvidia GPU via pynvml
[codecarbon INFO @ 07:40:46] >>> Tracker's metadata:
[codecarbon INFO @ 07:40:46]   Platform system: Windows-11-10.0.22631-SP0
[codecarbon INFO @ 07:40:46]   Python version: 3.12.7
[codecarbon INFO @ 07:40:46]   CodeCarbon version: 2.8.3
[codecarbon INFO @ 07:40:46]   Available RAM : 126.630 GB
[codecarbon INFO @ 07:40:46]   CPU count: 56
[codecarbon INFO @ 07:40:46]   CPU model: Intel(R) Xeon(R) Gold 6258R CPU @ 2.70GHz
[codecarbon INFO @ 07:40:46]   GPU count: 2
[codecarbon INFO @ 07:40:46]   GPU model: 2 x NVIDIA RTX A5000
[codecarbon INFO @ 07:40:49] Saving emissions data to file C:\Users\pr8pf\Documents\GitHub\SplitFed\emissions.csv
[codecarbon INFO @ 07:40:50] Energy consumed for RAM : 0.000011 kWh. RAM Power : 47.48608875274658 W
[codecarbon INFO @ 07:40:50] Energy consumed for all CPUs : 0.000024 kWh. Total CPU Power : 102.50000000000001 W
[codecarbon INFO @ 07:40:50] Energy consumed for all GPUs : 0.000005 kWh. Total GPU Power : 20.073330774441118 W
[codecarbon INFO @ 07:40:50] 0.000040 kWh of electricity used since the beginning.
################################################################
#                              batch_size: 64                  #
#                         test_batch_size: 64                  #
#                                  epochs: 10                  #
#                               optimizer: SGD                 #
#                                      lr: 0.001               #
#                                momentum: 0.5                 #
#                                    seed: 1                   #
#                             num_clients: 10                  #
#                                   scale: 2                   #
#                                 dataset: plant               #
#                             loader_type: dirichlet           #
#                                      AR: flame               #
#                                    side: both                #
#                                     PDR: 1.0                 #
#                                  attack: label_flipping 5->9 #
#                          label_flipping: uni                 #
#                         experiment_name: split_fed_label_flipping_5_to_9_inner_epochs=5_epochs=10_PDR=1.0_scale=2_flame#
#                            inner_epochs: 5                   #
#                                   setup: split_fed           #
#                                   alpha: 0.5                 #
################################################################
NVIDIA RTX A5000
---------split_fed_label_flipping_5_to_9_inner_epochs=5_epochs=10_PDR=1.0_scale=2_flame----------
initialize a data loader
Using cuda
[91m Client0 Train => Local Epoch: 0 / 5 	Acc: 35.210 	Loss: 1.9941[00m
[91m Client0 Train => Local Epoch: 1 / 5 	Acc: 56.008 	Loss: 1.3640[00m
[91m Client0 Train => Local Epoch: 2 / 5 	Acc: 64.359 	Loss: 1.1250[00m
[91m Client0 Train => Local Epoch: 3 / 5 	Acc: 68.858 	Loss: 0.9508[00m
[91m Client0 Train => Local Epoch: 4 / 5 	Acc: 71.525 	Loss: 0.8649[00m
[92m  Client0 Test => 	Acc: 32.725 	Loss: 3.5260[00m
[91m Client1 Train => Local Epoch: 0 / 5 	Acc: 22.222 	Loss: 3.7197[00m
[91m Client1 Train => Local Epoch: 1 / 5 	Acc: 39.497 	Loss: 1.9876[00m
[91m Client1 Train => Local Epoch: 2 / 5 	Acc: 39.497 	Loss: 1.8888[00m
[91m Client1 Train => Local Epoch: 3 / 5 	Acc: 42.274 	Loss: 1.7732[00m
[91m Client1 Train => Local Epoch: 4 / 5 	Acc: 45.052 	Loss: 1.6446[00m
[92m  Client1 Test => 	Acc: 16.242 	Loss: 4.6188[00m
[91m Client2 Train => Local Epoch: 0 / 5 	Acc: 22.569 	Loss: 6.5561[00m
[91m Client2 Train => Local Epoch: 1 / 5 	Acc: 23.524 	Loss: 2.7119[00m
[91m Client2 Train => Local Epoch: 2 / 5 	Acc: 34.549 	Loss: 2.3533[00m
[91m Client2 Train => Local Epoch: 3 / 5 	Acc: 44.878 	Loss: 2.0381[00m
[91m Client2 Train => Local Epoch: 4 / 5 	Acc: 48.090 	Loss: 1.8146[00m
[92m  Client2 Test => 	Acc: 28.855 	Loss: 3.1733[00m
[91m Client3 Train => Local Epoch: 0 / 5 	Acc: 24.479 	Loss: 6.6722[00m
[91m Client3 Train => Local Epoch: 1 / 5 	Acc: 31.293 	Loss: 1.9898[00m
[91m Client3 Train => Local Epoch: 2 / 5 	Acc: 51.215 	Loss: 1.6671[00m
[91m Client3 Train => Local Epoch: 3 / 5 	Acc: 61.849 	Loss: 1.3689[00m
[91m Client3 Train => Local Epoch: 4 / 5 	Acc: 68.880 	Loss: 1.1136[00m
[92m  Client3 Test => 	Acc: 25.221 	Loss: 3.6684[00m
[91m Client4 Train => Local Epoch: 0 / 5 	Acc: 16.113 	Loss: 4.8122[00m
[91m Client4 Train => Local Epoch: 1 / 5 	Acc: 24.414 	Loss: 2.5832[00m
[91m Client4 Train => Local Epoch: 2 / 5 	Acc: 25.195 	Loss: 2.2228[00m
[91m Client4 Train => Local Epoch: 3 / 5 	Acc: 38.281 	Loss: 1.8761[00m
[91m Client4 Train => Local Epoch: 4 / 5 	Acc: 49.414 	Loss: 1.5353[00m
[92m  Client4 Test => 	Acc: 21.640 	Loss: 4.2093[00m
[91m Client5 Train => Local Epoch: 0 / 5 	Acc: 19.401 	Loss: 3.7064[00m
[91m Client5 Train => Local Epoch: 1 / 5 	Acc: 24.349 	Loss: 2.4651[00m
[91m Client5 Train => Local Epoch: 2 / 5 	Acc: 31.250 	Loss: 2.0384[00m
[91m Client5 Train => Local Epoch: 3 / 5 	Acc: 30.729 	Loss: 1.9762[00m
[91m Client5 Train => Local Epoch: 4 / 5 	Acc: 41.667 	Loss: 1.8298[00m
[92m  Client5 Test => 	Acc: 23.697 	Loss: 3.8546[00m
[91m Client6 Train => Local Epoch: 0 / 5 	Acc: 26.000 	Loss: 2.7306[00m
[91m Client6 Train => Local Epoch: 1 / 5 	Acc: 43.688 	Loss: 1.8267[00m
[91m Client6 Train => Local Epoch: 2 / 5 	Acc: 57.469 	Loss: 1.3764[00m
[91m Client6 Train => Local Epoch: 3 / 5 	Acc: 67.062 	Loss: 1.0756[00m
[91m Client6 Train => Local Epoch: 4 / 5 	Acc: 71.031 	Loss: 0.9083[00m
[92m  Client6 Test => 	Acc: 49.657 	Loss: 1.8905[00m
[91m Client7 Train => Local Epoch: 0 / 5 	Acc: 18.281 	Loss: 3.2440[00m
[91m Client7 Train => Local Epoch: 1 / 5 	Acc: 23.516 	Loss: 2.2915[00m
[91m Client7 Train => Local Epoch: 2 / 5 	Acc: 25.391 	Loss: 2.1664[00m
[91m Client7 Train => Local Epoch: 3 / 5 	Acc: 26.719 	Loss: 2.1511[00m
[91m Client7 Train => Local Epoch: 4 / 5 	Acc: 34.297 	Loss: 1.9642[00m
[92m  Client7 Test => 	Acc: 18.398 	Loss: 3.3816[00m
[91m Client8 Train => Local Epoch: 0 / 5 	Acc: 17.578 	Loss: 6.5378[00m
[91m Client8 Train => Local Epoch: 1 / 5 	Acc: 19.792 	Loss: 2.4272[00m
[91m Client8 Train => Local Epoch: 2 / 5 	Acc: 21.354 	Loss: 2.2228[00m
[91m Client8 Train => Local Epoch: 3 / 5 	Acc: 24.609 	Loss: 2.1266[00m
[91m Client8 Train => Local Epoch: 4 / 5 	Acc: 28.646 	Loss: 2.1454[00m
[92m  Client8 Test => 	Acc: 5.333 	Loss: 4.7420[00m
[91m Client9 Train => Local Epoch: 0 / 5 	Acc: 18.089 	Loss: 3.8243[00m
[91m Client9 Train => Local Epoch: 1 / 5 	Acc: 28.125 	Loss: 2.0843[00m
[91m Client9 Train => Local Epoch: 2 / 5 	Acc: 29.928 	Loss: 2.0811[00m
[91m Client9 Train => Local Epoch: 3 / 5 	Acc: 42.127 	Loss: 1.7385[00m
[91m Client9 Train => Local Epoch: 4 / 5 	Acc: 48.257 	Loss: 1.5927[00m
[92m  Client9 Test => 	Acc: 39.644 	Loss: 2.4336[00m
------------------------------------------------
------ Federation process at Server-Side ------- 
------------------------------------------------
-----------------------------------------------------------
------ FedServer: Federation process at Client-Side ------- 
-----------------------------------------------------------
[92m  Client0 Test => 	Acc: 11.081 	Loss: 2.7281[00m
 Train: Round   0, Avg Accuracy 50.686 | Avg Loss 1.541
[91m Client0 Train => Local Epoch: 0 / 5 	Acc: 33.567 	Loss: 2.0106[00m
[91m Client0 Train => Local Epoch: 1 / 5 	Acc: 56.304 	Loss: 1.4184[00m
[91m Client0 Train => Local Epoch: 2 / 5 	Acc: 66.676 	Loss: 1.0830[00m
[91m Client0 Train => Local Epoch: 3 / 5 	Acc: 70.555 	Loss: 0.9087[00m
[91m Client0 Train => Local Epoch: 4 / 5 	Acc: 77.452 	Loss: 0.7047[00m
[92m  Client0 Test => 	Acc: 35.626 	Loss: 5.1641[00m
[91m Client1 Train => Local Epoch: 0 / 5 	Acc: 39.670 	Loss: 2.3043[00m
[91m Client1 Train => Local Epoch: 1 / 5 	Acc: 39.323 	Loss: 1.9355[00m
[91m Client1 Train => Local Epoch: 2 / 5 	Acc: 39.236 	Loss: 1.9092[00m
[91m Client1 Train => Local Epoch: 3 / 5 	Acc: 39.149 	Loss: 1.9029[00m
[91m Client1 Train => Local Epoch: 4 / 5 	Acc: 39.062 	Loss: 1.8974[00m
[92m  Client1 Test => 	Acc: 11.081 	Loss: 4.4694[00m
[91m Client2 Train => Local Epoch: 0 / 5 	Acc: 35.330 	Loss: 2.3127[00m
[91m Client2 Train => Local Epoch: 1 / 5 	Acc: 42.535 	Loss: 2.1119[00m
[91m Client2 Train => Local Epoch: 2 / 5 	Acc: 42.448 	Loss: 2.0859[00m
[91m Client2 Train => Local Epoch: 3 / 5 	Acc: 42.361 	Loss: 2.0816[00m
[91m Client2 Train => Local Epoch: 4 / 5 	Acc: 42.014 	Loss: 2.0907[00m
[92m  Client2 Test => 	Acc: 12.969 	Loss: 3.3817[00m
[91m Client3 Train => Local Epoch: 0 / 5 	Acc: 27.474 	Loss: 2.0875[00m
[91m Client3 Train => Local Epoch: 1 / 5 	Acc: 52.127 	Loss: 1.5779[00m
[91m Client3 Train => Local Epoch: 2 / 5 	Acc: 67.318 	Loss: 1.1439[00m
[91m Client3 Train => Local Epoch: 3 / 5 	Acc: 75.477 	Loss: 0.8587[00m
[91m Client3 Train => Local Epoch: 4 / 5 	Acc: 79.210 	Loss: 0.6915[00m
[92m  Client3 Test => 	Acc: 45.244 	Loss: 2.2941[00m
[91m Client4 Train => Local Epoch: 0 / 5 	Acc: 22.656 	Loss: 2.5071[00mC:\Users\pr8pf\AppData\Local\anaconda3\Lib\site-packages\sklearn\cluster\_kmeans.py:1429: UserWarning: KMeans is known to have a memory leak on Windows with MKL, when there are less chunks than available threads. You can avoid it by setting the environment variable OMP_NUM_THREADS=1.
  warnings.warn(
C:\Users\pr8pf\AppData\Local\anaconda3\Lib\site-packages\sklearn\cluster\_kmeans.py:1429: UserWarning: KMeans is known to have a memory leak on Windows with MKL, when there are less chunks than available threads. You can avoid it by setting the environment variable OMP_NUM_THREADS=1.
  warnings.warn(
[codecarbon INFO @ 08:06:05] [setup] RAM Tracking...
[codecarbon INFO @ 08:06:05] [setup] CPU Tracking...
[codecarbon WARNING @ 08:06:05] No CPU tracking mode found. Falling back on CPU constant mode. 
 Windows OS detected: Please install Intel Power Gadget to measure CPU

[codecarbon INFO @ 08:06:07] CPU Model on constant consumption mode: Intel(R) Xeon(R) Gold 6258R CPU @ 2.70GHz
[codecarbon INFO @ 08:06:07] [setup] GPU Tracking...
[codecarbon INFO @ 08:06:07] Tracking Nvidia GPU via pynvml
[codecarbon INFO @ 08:06:07] >>> Tracker's metadata:
[codecarbon INFO @ 08:06:07]   Platform system: Windows-11-10.0.22631-SP0
[codecarbon INFO @ 08:06:07]   Python version: 3.12.7
[codecarbon INFO @ 08:06:07]   CodeCarbon version: 2.8.3
[codecarbon INFO @ 08:06:07]   Available RAM : 126.630 GB
[codecarbon INFO @ 08:06:07]   CPU count: 56
[codecarbon INFO @ 08:06:07]   CPU model: Intel(R) Xeon(R) Gold 6258R CPU @ 2.70GHz
[codecarbon INFO @ 08:06:07]   GPU count: 2
[codecarbon INFO @ 08:06:07]   GPU model: 2 x NVIDIA RTX A5000
[codecarbon INFO @ 08:06:10] Saving emissions data to file C:\Users\pr8pf\Documents\GitHub\SplitFed\emissions.csv
[codecarbon INFO @ 08:06:11] Energy consumed for RAM : 0.000006 kWh. RAM Power : 47.48608875274658 W
[codecarbon INFO @ 08:06:11] Energy consumed for all CPUs : 0.000014 kWh. Total CPU Power : 102.50000000000001 W
[codecarbon INFO @ 08:06:11] Energy consumed for all GPUs : 0.000002 kWh. Total GPU Power : 17.055393653051492 W
[codecarbon INFO @ 08:06:11] 0.000022 kWh of electricity used since the beginning.
[codecarbon INFO @ 08:07:05] [setup] RAM Tracking...
[codecarbon INFO @ 08:07:05] [setup] CPU Tracking...
[codecarbon WARNING @ 08:07:05] No CPU tracking mode found. Falling back on CPU constant mode. 
 Windows OS detected: Please install Intel Power Gadget to measure CPU

[codecarbon INFO @ 08:07:07] CPU Model on constant consumption mode: Intel(R) Xeon(R) Gold 6258R CPU @ 2.70GHz
[codecarbon INFO @ 08:07:07] [setup] GPU Tracking...
[codecarbon INFO @ 08:07:07] Tracking Nvidia GPU via pynvml
[codecarbon INFO @ 08:07:07] >>> Tracker's metadata:
[codecarbon INFO @ 08:07:07]   Platform system: Windows-11-10.0.22631-SP0
[codecarbon INFO @ 08:07:07]   Python version: 3.12.7
[codecarbon INFO @ 08:07:07]   CodeCarbon version: 2.8.3
[codecarbon INFO @ 08:07:07]   Available RAM : 126.630 GB
[codecarbon INFO @ 08:07:07]   CPU count: 56
[codecarbon INFO @ 08:07:07]   CPU model: Intel(R) Xeon(R) Gold 6258R CPU @ 2.70GHz
[codecarbon INFO @ 08:07:07]   GPU count: 2
[codecarbon INFO @ 08:07:07]   GPU model: 2 x NVIDIA RTX A5000
[codecarbon INFO @ 08:07:10] Saving emissions data to file C:\Users\pr8pf\Documents\GitHub\SplitFed\emissions.csv
[codecarbon INFO @ 08:07:11] Energy consumed for RAM : 0.000008 kWh. RAM Power : 47.48608875274658 W
[codecarbon INFO @ 08:07:11] Energy consumed for all CPUs : 0.000018 kWh. Total CPU Power : 102.50000000000001 W
[codecarbon INFO @ 08:07:11] Energy consumed for all GPUs : 0.000003 kWh. Total GPU Power : 18.019550206132703 W
[codecarbon INFO @ 08:07:11] 0.000030 kWh of electricity used since the beginning.
C:\Users\pr8pf\AppData\Local\anaconda3\Lib\site-packages\sklearn\cluster\_kmeans.py:1429: UserWarning: KMeans is known to have a memory leak on Windows with MKL, when there are less chunks than available threads. You can avoid it by setting the environment variable OMP_NUM_THREADS=1.
  warnings.warn(
C:\Users\pr8pf\AppData\Local\anaconda3\Lib\site-packages\sklearn\cluster\_kmeans.py:1429: UserWarning: KMeans is known to have a memory leak on Windows with MKL, when there are less chunks than available threads. You can avoid it by setting the environment variable OMP_NUM_THREADS=1.
  warnings.warn(
[codecarbon INFO @ 08:32:33] [setup] RAM Tracking...
[codecarbon INFO @ 08:32:33] [setup] CPU Tracking...
[codecarbon WARNING @ 08:32:33] No CPU tracking mode found. Falling back on CPU constant mode. 
 Windows OS detected: Please install Intel Power Gadget to measure CPU

[codecarbon INFO @ 08:32:35] CPU Model on constant consumption mode: Intel(R) Xeon(R) Gold 6258R CPU @ 2.70GHz
[codecarbon INFO @ 08:32:35] [setup] GPU Tracking...
[codecarbon INFO @ 08:32:35] Tracking Nvidia GPU via pynvml
[codecarbon INFO @ 08:32:35] >>> Tracker's metadata:
[codecarbon INFO @ 08:32:35]   Platform system: Windows-11-10.0.22631-SP0
[codecarbon INFO @ 08:32:35]   Python version: 3.12.7
[codecarbon INFO @ 08:32:35]   CodeCarbon version: 2.8.3
[codecarbon INFO @ 08:32:35]   Available RAM : 126.630 GB
[codecarbon INFO @ 08:32:35]   CPU count: 56
[codecarbon INFO @ 08:32:35]   CPU model: Intel(R) Xeon(R) Gold 6258R CPU @ 2.70GHz
[codecarbon INFO @ 08:32:35]   GPU count: 2
[codecarbon INFO @ 08:32:35]   GPU model: 2 x NVIDIA RTX A5000
[codecarbon INFO @ 08:32:38] Saving emissions data to file C:\Users\pr8pf\Documents\GitHub\SplitFed\emissions.csv
[codecarbon INFO @ 08:32:39] Energy consumed for RAM : 0.000009 kWh. RAM Power : 47.48608875274658 W
[codecarbon INFO @ 08:32:39] Energy consumed for all CPUs : 0.000020 kWh. Total CPU Power : 102.50000000000001 W
[codecarbon INFO @ 08:32:39] Energy consumed for all GPUs : 0.000003 kWh. Total GPU Power : 15.963041401319732 W
[codecarbon INFO @ 08:32:39] 0.000032 kWh of electricity used since the beginning.
[codecarbon INFO @ 08:33:35] [setup] RAM Tracking...
[codecarbon INFO @ 08:33:35] [setup] CPU Tracking...
[codecarbon WARNING @ 08:33:35] No CPU tracking mode found. Falling back on CPU constant mode. 
 Windows OS detected: Please install Intel Power Gadget to measure CPU

[codecarbon INFO @ 08:33:37] CPU Model on constant consumption mode: Intel(R) Xeon(R) Gold 6258R CPU @ 2.70GHz
[codecarbon INFO @ 08:33:37] [setup] GPU Tracking...
[codecarbon INFO @ 08:33:37] Tracking Nvidia GPU via pynvml
[codecarbon INFO @ 08:33:37] >>> Tracker's metadata:
[codecarbon INFO @ 08:33:37]   Platform system: Windows-11-10.0.22631-SP0
[codecarbon INFO @ 08:33:37]   Python version: 3.12.7
[codecarbon INFO @ 08:33:37]   CodeCarbon version: 2.8.3
[codecarbon INFO @ 08:33:37]   Available RAM : 126.630 GB
[codecarbon INFO @ 08:33:37]   CPU count: 56
[codecarbon INFO @ 08:33:37]   CPU model: Intel(R) Xeon(R) Gold 6258R CPU @ 2.70GHz
[codecarbon INFO @ 08:33:37]   GPU count: 2
[codecarbon INFO @ 08:33:37]   GPU model: 2 x NVIDIA RTX A5000
[codecarbon INFO @ 08:33:40] Saving emissions data to file C:\Users\pr8pf\Documents\GitHub\SplitFed\emissions.csv
[codecarbon INFO @ 08:33:41] Energy consumed for RAM : 0.000011 kWh. RAM Power : 47.48608875274658 W
[codecarbon INFO @ 08:33:41] Energy consumed for all CPUs : 0.000023 kWh. Total CPU Power : 102.50000000000001 W
[codecarbon INFO @ 08:33:41] Energy consumed for all GPUs : 0.000004 kWh. Total GPU Power : 18.05863702619301 W
[codecarbon INFO @ 08:33:41] 0.000037 kWh of electricity used since the beginning.

[91m Client4 Train => Local Epoch: 1 / 5 	Acc: 35.645 	Loss: 1.8827[00m
[91m Client4 Train => Local Epoch: 2 / 5 	Acc: 52.148 	Loss: 1.4561[00m
[91m Client4 Train => Local Epoch: 3 / 5 	Acc: 56.836 	Loss: 1.2185[00m
[91m Client4 Train => Local Epoch: 4 / 5 	Acc: 63.965 	Loss: 1.0476[00m
[92m  Client4 Test => 	Acc: 39.400 	Loss: 2.8462[00m
[91m Client5 Train => Local Epoch: 0 / 5 	Acc: 18.229 	Loss: 2.4436[00m
[91m Client5 Train => Local Epoch: 1 / 5 	Acc: 30.078 	Loss: 2.0862[00m
[91m Client5 Train => Local Epoch: 2 / 5 	Acc: 32.682 	Loss: 2.0117[00m
[91m Client5 Train => Local Epoch: 3 / 5 	Acc: 31.380 	Loss: 2.0737[00m
[91m Client5 Train => Local Epoch: 4 / 5 	Acc: 22.656 	Loss: 2.0542[00m
[92m  Client5 Test => 	Acc: 12.341 	Loss: 3.5287[00m
[91m Client6 Train => Local Epoch: 0 / 5 	Acc: 25.719 	Loss: 2.1734[00m
[91m Client6 Train => Local Epoch: 1 / 5 	Acc: 25.188 	Loss: 2.0897[00m
[91m Client6 Train => Local Epoch: 2 / 5 	Acc: 25.562 	Loss: 2.0839[00m
[91m Client6 Train => Local Epoch: 3 / 5 	Acc: 24.875 	Loss: 2.0820[00m
[91m Client6 Train => Local Epoch: 4 / 5 	Acc: 25.375 	Loss: 2.0808[00m
[92m  Client6 Test => 	Acc: 12.362 	Loss: 3.3022[00m
[91m Client7 Train => Local Epoch: 0 / 5 	Acc: 21.328 	Loss: 2.4031[00m
[91m Client7 Train => Local Epoch: 1 / 5 	Acc: 26.641 	Loss: 2.1776[00m
[91m Client7 Train => Local Epoch: 2 / 5 	Acc: 31.953 	Loss: 2.0723[00m
[91m Client7 Train => Local Epoch: 3 / 5 	Acc: 30.312 	Loss: 2.2715[00m
[91m Client7 Train => Local Epoch: 4 / 5 	Acc: 25.000 	Loss: 2.2360[00m
[92m  Client7 Test => 	Acc: 13.773 	Loss: 3.1195[00m
[91m Client8 Train => Local Epoch: 0 / 5 	Acc: 14.974 	Loss: 2.5544[00m
[91m Client8 Train => Local Epoch: 1 / 5 	Acc: 27.604 	Loss: 2.1824[00m
[91m Client8 Train => Local Epoch: 2 / 5 	Acc: 38.932 	Loss: 2.0372[00m
[91m Client8 Train => Local Epoch: 3 / 5 	Acc: 41.536 	Loss: 1.9780[00m
[91m Client8 Train => Local Epoch: 4 / 5 	Acc: 43.880 	Loss: 1.7260[00m
[92m  Client8 Test => 	Acc: 12.983 	Loss: 4.3687[00m
[91m Client9 Train => Local Epoch: 0 / 5 	Acc: 19.952 	Loss: 2.3256[00m
[91m Client9 Train => Local Epoch: 1 / 5 	Acc: 24.399 	Loss: 2.1433[00m
[91m Client9 Train => Local Epoch: 2 / 5 	Acc: 26.202 	Loss: 2.0887[00m
[91m Client9 Train => Local Epoch: 3 / 5 	Acc: 31.971 	Loss: 2.0539[00m
[91m Client9 Train => Local Epoch: 4 / 5 	Acc: 24.038 	Loss: 2.2659[00m
[92m  Client9 Test => 	Acc: 7.118 	Loss: 3.0209[00m
------------------------------------------------
------ Federation process at Server-Side ------- 
------------------------------------------------
-----------------------------------------------------------
------ FedServer: Federation process at Client-Side ------- 
-----------------------------------------------------------
[92m  Client0 Test => 	Acc: 12.328 	Loss: 2.6155[00m
 Train: Round   1, Avg Accuracy 44.265 | Avg Loss 1.679
[91m Client0 Train => Local Epoch: 0 / 5 	Acc: 40.436 	Loss: 1.8516[00m
[91m Client0 Train => Local Epoch: 1 / 5 	Acc: 48.949 	Loss: 1.5504[00m
[91m Client0 Train => Local Epoch: 2 / 5 	Acc: 58.163 	Loss: 1.2773[00m
[91m Client0 Train => Local Epoch: 3 / 5 	Acc: 68.184 	Loss: 1.0549[00m
[91m Client0 Train => Local Epoch: 4 / 5 	Acc: 73.788 	Loss: 0.8190[00m
[92m  Client0 Test => 	Acc: 37.462 	Loss: 4.1768[00m
[91m Client1 Train => Local Epoch: 0 / 5 	Acc: 35.677 	Loss: 2.2848[00m
[91m Client1 Train => Local Epoch: 1 / 5 	Acc: 38.542 	Loss: 1.9668[00m
[91m Client1 Train => Local Epoch: 2 / 5 	Acc: 39.410 	Loss: 1.9172[00m
[91m Client1 Train => Local Epoch: 3 / 5 	Acc: 39.410 	Loss: 1.9043[00m
[91m Client1 Train => Local Epoch: 4 / 5 	Acc: 39.323 	Loss: 1.8996[00m
[92m  Client1 Test => 	Acc: 11.061 	Loss: 4.2052[00m
[91m Client2 Train => Local Epoch: 0 / 5 	Acc: 36.545 	Loss: 2.3411[00m
[91m Client2 Train => Local Epoch: 1 / 5 	Acc: 42.274 	Loss: 2.1200[00m
[91m Client2 Train => Local Epoch: 2 / 5 	Acc: 42.014 	Loss: 2.1031[00m
[91m Client2 Train => Local Epoch: 3 / 5 	Acc: 42.274 	Loss: 2.0821[00m
[91m Client2 Train => Local Epoch: 4 / 5 	Acc: 42.448 	Loss: 2.0773[00m
[92m  Client2 Test => 	Acc: 12.949 	Loss: 3.2404[00m
[91m Client3 Train => Local Epoch: 0 / 5 	Acc: 26.302 	Loss: 2.1590[00m
[91m Client3 Train => Local Epoch: 1 / 5 	Acc: 46.137 	Loss: 1.7054[00m
[91m Client3 Train => Local Epoch: 2 / 5 	Acc: 63.889 	Loss: 1.2273[00m
[91m Client3 Train => Local Epoch: 3 / 5 	Acc: 75.391 	Loss: 0.8751[00m
[91m Client3 Train => Local Epoch: 4 / 5 	Acc: 77.300 	Loss: 0.7975[00m
[92m  Client3 Test => 	Acc: 35.211 	Loss: 2.2985[00m
[91m Client4 Train => Local Epoch: 0 / 5 	Acc: 14.551 	Loss: 2.6477[00m
[91m Client4 Train => Local Epoch: 1 / 5 	Acc: 24.219 	Loss: 2.2755[00m
[91m Client4 Train => Local Epoch: 2 / 5 	Acc: 25.195 	Loss: 2.0545[00m
[91m Client4 Train => Local Epoch: 3 / 5 	Acc: 40.527 	Loss: 1.7692[00m
[91m Client4 Train => Local Epoch: 4 / 5 	Acc: 42.480 	Loss: 2.0664[00m
[92m  Client4 Test => 	Acc: 11.074 	Loss: 3.8242[00m
[91m Client5 Train => Local Epoch: 0 / 5 	Acc: 28.646 	Loss: 2.3637[00m
[91m Client5 Train => Local Epoch: 1 / 5 	Acc: 30.859 	Loss: 2.0920[00m
[91m Client5 Train => Local Epoch: 2 / 5 	Acc: 28.125 	Loss: 2.0360[00m
[91m Client5 Train => Local Epoch: 3 / 5 	Acc: 30.859 	Loss: 2.0435[00m
[91m Client5 Train => Local Epoch: 4 / 5 	Acc: 31.250 	Loss: 2.0205[00m
[92m  Client5 Test => 	Acc: 12.328 	Loss: 3.2850[00m
[91m Client6 Train => Local Epoch: 0 / 5 	Acc: 27.094 	Loss: 2.1326[00m
[91m Client6 Train => Local Epoch: 1 / 5 	Acc: 45.219 	Loss: 1.8251[00m
[91m Client6 Train => Local Epoch: 2 / 5 	Acc: 62.250 	Loss: 1.2664[00m
[91m Client6 Train => Local Epoch: 3 / 5 	Acc: 74.156 	Loss: 0.8651[00m
[91m Client6 Train => Local Epoch: 4 / 5 	Acc: 78.312 	Loss: 0.7381[00m
[92m  Client6 Test => 	Acc: 49.997 	Loss: 1.7732[00m
[91m Client7 Train => Local Epoch: 0 / 5 	Acc: 25.234 	Loss: 2.3730[00m
[91m Client7 Train => Local Epoch: 1 / 5 	Acc: 26.641 	Loss: 2.2074[00m
[91m Client7 Train => Local Epoch: 2 / 5 	Acc: 27.031 	Loss: 2.1876[00m
[91m Client7 Train => Local Epoch: 3 / 5 	Acc: 27.031 	Loss: 2.1755[00m
[91m Client7 Train => Local Epoch: 4 / 5 	Acc: 27.109 	Loss: 2.1754[00m
[92m  Client7 Test => 	Acc: 9.642 	Loss: 3.3892[00m
[91m Client8 Train => Local Epoch: 0 / 5 	Acc: 10.286 	Loss: 2.7434[00m
[91m Client8 Train => Local Epoch: 1 / 5 	Acc: 27.865 	Loss: 2.2583[00m
[91m Client8 Train => Local Epoch: 2 / 5 	Acc: 27.474 	Loss: 2.1386[00m
[91m Client8 Train => Local Epoch: 3 / 5 	Acc: 27.474 	Loss: 2.1239[00m
[91m Client8 Train => Local Epoch: 4 / 5 	Acc: 27.344 	Loss: 2.1097[00m
[92m  Client8 Test => 	Acc: 4.093 	Loss: 3.5919[00m
[91m Client9 Train => Local Epoch: 0 / 5 	Acc: 25.180 	Loss: 2.2309[00m
[91m Client9 Train => Local Epoch: 1 / 5 	Acc: 25.781 	Loss: 2.0965[00m
[91m Client9 Train => Local Epoch: 2 / 5 	Acc: 26.202 	Loss: 2.0931[00m
[91m Client9 Train => Local Epoch: 3 / 5 	Acc: 25.781 	Loss: 2.0977[00m
[91m Client9 Train => Local Epoch: 4 / 5 	Acc: 26.442 	Loss: 2.0844[00m
[92m  Client9 Test => 	Acc: 9.584 	Loss: 3.1444[00m
------------------------------------------------
------ Federation process at Server-Side ------- 
------------------------------------------------
-----------------------------------------------------------
------ FedServer: Federation process at Client-Side ------- 
-----------------------------------------------------------
[92m  Client0 Test => 	Acc: 11.101 	Loss: 2.6361[00m
 Train: Round   2, Avg Accuracy 46.580 | Avg Loss 1.679
[91m Client0 Train => Local Epoch: 0 / 5 	Acc: 34.968 	Loss: 1.9222[00m
[91m Client0 Train => Local Epoch: 1 / 5 	Acc: 48.922 	Loss: 1.5240[00m
[91m Client0 Train => Local Epoch: 2 / 5 	Acc: 72.279 	Loss: 0.9028[00m
[91m Client0 Train => Local Epoch: 3 / 5 	Acc: 79.041 	Loss: 0.6377[00m
[91m Client0 Train => Local Epoch: 4 / 5 	Acc: 83.163 	Loss: 0.5280[00m
[92m  Client0 Test => 	Acc: 46.668 	Loss: 3.5961[00m
[91m Client1 Train => Local Epoch: 0 / 5 	Acc: 39.236 	Loss: 2.3000[00mC:\Users\pr8pf\AppData\Local\anaconda3\Lib\site-packages\sklearn\cluster\_kmeans.py:1429: UserWarning: KMeans is known to have a memory leak on Windows with MKL, when there are less chunks than available threads. You can avoid it by setting the environment variable OMP_NUM_THREADS=1.
  warnings.warn(
C:\Users\pr8pf\AppData\Local\anaconda3\Lib\site-packages\sklearn\cluster\_kmeans.py:1429: UserWarning: KMeans is known to have a memory leak on Windows with MKL, when there are less chunks than available threads. You can avoid it by setting the environment variable OMP_NUM_THREADS=1.
  warnings.warn(
[codecarbon INFO @ 08:58:55] [setup] RAM Tracking...
[codecarbon INFO @ 08:58:55] [setup] CPU Tracking...
[codecarbon WARNING @ 08:58:55] No CPU tracking mode found. Falling back on CPU constant mode. 
 Windows OS detected: Please install Intel Power Gadget to measure CPU

[codecarbon INFO @ 08:58:57] CPU Model on constant consumption mode: Intel(R) Xeon(R) Gold 6258R CPU @ 2.70GHz
[codecarbon INFO @ 08:58:57] [setup] GPU Tracking...
[codecarbon INFO @ 08:58:57] Tracking Nvidia GPU via pynvml
[codecarbon INFO @ 08:58:57] >>> Tracker's metadata:
[codecarbon INFO @ 08:58:57]   Platform system: Windows-11-10.0.22631-SP0
[codecarbon INFO @ 08:58:57]   Python version: 3.12.7
[codecarbon INFO @ 08:58:57]   CodeCarbon version: 2.8.3
[codecarbon INFO @ 08:58:57]   Available RAM : 126.630 GB
[codecarbon INFO @ 08:58:57]   CPU count: 56
[codecarbon INFO @ 08:58:57]   CPU model: Intel(R) Xeon(R) Gold 6258R CPU @ 2.70GHz
[codecarbon INFO @ 08:58:57]   GPU count: 2
[codecarbon INFO @ 08:58:57]   GPU model: 2 x NVIDIA RTX A5000
[codecarbon INFO @ 08:59:00] Saving emissions data to file C:\Users\pr8pf\Documents\GitHub\SplitFed\emissions.csv
[codecarbon INFO @ 08:59:01] Energy consumed for RAM : 0.000010 kWh. RAM Power : 47.48608875274658 W
[codecarbon INFO @ 08:59:01] Energy consumed for all CPUs : 0.000021 kWh. Total CPU Power : 102.50000000000001 W
[codecarbon INFO @ 08:59:01] Energy consumed for all GPUs : 0.000004 kWh. Total GPU Power : 20.193978855971032 W
[codecarbon INFO @ 08:59:01] 0.000036 kWh of electricity used since the beginning.
[codecarbon INFO @ 08:59:57] [setup] RAM Tracking...
[codecarbon INFO @ 08:59:57] [setup] CPU Tracking...
[codecarbon WARNING @ 08:59:57] No CPU tracking mode found. Falling back on CPU constant mode. 
 Windows OS detected: Please install Intel Power Gadget to measure CPU

[codecarbon INFO @ 08:59:59] CPU Model on constant consumption mode: Intel(R) Xeon(R) Gold 6258R CPU @ 2.70GHz
[codecarbon INFO @ 08:59:59] [setup] GPU Tracking...
[codecarbon INFO @ 08:59:59] Tracking Nvidia GPU via pynvml
[codecarbon INFO @ 08:59:59] >>> Tracker's metadata:
[codecarbon INFO @ 08:59:59]   Platform system: Windows-11-10.0.22631-SP0
[codecarbon INFO @ 08:59:59]   Python version: 3.12.7
[codecarbon INFO @ 08:59:59]   CodeCarbon version: 2.8.3
[codecarbon INFO @ 08:59:59]   Available RAM : 126.630 GB
[codecarbon INFO @ 08:59:59]   CPU count: 56
[codecarbon INFO @ 08:59:59]   CPU model: Intel(R) Xeon(R) Gold 6258R CPU @ 2.70GHz
[codecarbon INFO @ 08:59:59]   GPU count: 2
[codecarbon INFO @ 08:59:59]   GPU model: 2 x NVIDIA RTX A5000
[codecarbon INFO @ 09:00:02] Saving emissions data to file C:\Users\pr8pf\Documents\GitHub\SplitFed\emissions.csv
[codecarbon INFO @ 09:00:03] Energy consumed for RAM : 0.000008 kWh. RAM Power : 47.48608875274658 W
[codecarbon INFO @ 09:00:03] Energy consumed for all CPUs : 0.000018 kWh. Total CPU Power : 102.50000000000001 W
[codecarbon INFO @ 09:00:03] Energy consumed for all GPUs : 0.000003 kWh. Total GPU Power : 19.145863765307013 W
[codecarbon INFO @ 09:00:03] 0.000030 kWh of electricity used since the beginning.

[91m Client1 Train => Local Epoch: 1 / 5 	Acc: 39.236 	Loss: 1.9483[00m
[91m Client1 Train => Local Epoch: 2 / 5 	Acc: 39.323 	Loss: 1.9142[00m
[91m Client1 Train => Local Epoch: 3 / 5 	Acc: 38.715 	Loss: 1.9130[00m
[91m Client1 Train => Local Epoch: 4 / 5 	Acc: 38.889 	Loss: 1.9105[00m
[92m  Client1 Test => 	Acc: 11.074 	Loss: 4.2192[00m
[91m Client2 Train => Local Epoch: 0 / 5 	Acc: 36.979 	Loss: 2.3763[00m
[91m Client2 Train => Local Epoch: 1 / 5 	Acc: 42.361 	Loss: 2.1226[00m
[91m Client2 Train => Local Epoch: 2 / 5 	Acc: 42.361 	Loss: 2.0982[00m
[91m Client2 Train => Local Epoch: 3 / 5 	Acc: 42.101 	Loss: 2.0826[00m
[91m Client2 Train => Local Epoch: 4 / 5 	Acc: 42.448 	Loss: 2.0814[00m
[92m  Client2 Test => 	Acc: 12.915 	Loss: 3.2707[00m
[91m Client3 Train => Local Epoch: 0 / 5 	Acc: 33.290 	Loss: 2.0787[00m
[91m Client3 Train => Local Epoch: 1 / 5 	Acc: 60.851 	Loss: 1.3363[00m
[91m Client3 Train => Local Epoch: 2 / 5 	Acc: 75.391 	Loss: 0.8516[00m
[91m Client3 Train => Local Epoch: 3 / 5 	Acc: 80.122 	Loss: 0.6365[00m
[91m Client3 Train => Local Epoch: 4 / 5 	Acc: 81.901 	Loss: 0.5800[00m
[92m  Client3 Test => 	Acc: 48.320 	Loss: 1.9585[00m
[91m Client4 Train => Local Epoch: 0 / 5 	Acc: 14.844 	Loss: 2.6482[00m
[91m Client4 Train => Local Epoch: 1 / 5 	Acc: 16.895 	Loss: 2.3142[00m
[91m Client4 Train => Local Epoch: 2 / 5 	Acc: 25.000 	Loss: 2.2291[00m
[91m Client4 Train => Local Epoch: 3 / 5 	Acc: 25.098 	Loss: 2.2101[00m
[91m Client4 Train => Local Epoch: 4 / 5 	Acc: 24.902 	Loss: 2.2097[00m
[92m  Client4 Test => 	Acc: 5.604 	Loss: 3.8004[00m
[91m Client5 Train => Local Epoch: 0 / 5 	Acc: 14.583 	Loss: 2.4849[00m
[91m Client5 Train => Local Epoch: 1 / 5 	Acc: 29.297 	Loss: 2.1170[00m
[91m Client5 Train => Local Epoch: 2 / 5 	Acc: 30.729 	Loss: 2.0617[00m
[91m Client5 Train => Local Epoch: 3 / 5 	Acc: 30.990 	Loss: 2.0358[00m
[91m Client5 Train => Local Epoch: 4 / 5 	Acc: 30.599 	Loss: 2.0274[00m
[92m  Client5 Test => 	Acc: 12.348 	Loss: 3.3592[00m
[91m Client6 Train => Local Epoch: 0 / 5 	Acc: 28.812 	Loss: 2.1450[00m
[91m Client6 Train => Local Epoch: 1 / 5 	Acc: 33.844 	Loss: 2.0229[00m
[91m Client6 Train => Local Epoch: 2 / 5 	Acc: 49.750 	Loss: 1.6572[00m
[91m Client6 Train => Local Epoch: 3 / 5 	Acc: 62.844 	Loss: 1.1930[00m
[91m Client6 Train => Local Epoch: 4 / 5 	Acc: 72.875 	Loss: 0.8874[00m
[92m  Client6 Test => 	Acc: 47.055 	Loss: 2.1504[00m
[91m Client7 Train => Local Epoch: 0 / 5 	Acc: 23.125 	Loss: 2.4094[00m
[91m Client7 Train => Local Epoch: 1 / 5 	Acc: 23.984 	Loss: 2.2209[00m
[91m Client7 Train => Local Epoch: 2 / 5 	Acc: 27.031 	Loss: 2.1901[00m
[91m Client7 Train => Local Epoch: 3 / 5 	Acc: 26.875 	Loss: 2.1848[00m
[91m Client7 Train => Local Epoch: 4 / 5 	Acc: 26.953 	Loss: 2.1738[00m
[92m  Client7 Test => 	Acc: 9.636 	Loss: 3.3677[00m
[91m Client8 Train => Local Epoch: 0 / 5 	Acc: 11.589 	Loss: 2.6755[00m
[91m Client8 Train => Local Epoch: 1 / 5 	Acc: 27.474 	Loss: 2.2704[00m
[91m Client8 Train => Local Epoch: 2 / 5 	Acc: 27.995 	Loss: 2.1411[00m
[91m Client8 Train => Local Epoch: 3 / 5 	Acc: 26.302 	Loss: 2.1203[00m
[91m Client8 Train => Local Epoch: 4 / 5 	Acc: 27.604 	Loss: 2.1009[00m
[92m  Client8 Test => 	Acc: 4.093 	Loss: 3.6439[00m
[91m Client9 Train => Local Epoch: 0 / 5 	Acc: 22.296 	Loss: 2.2789[00m
[91m Client9 Train => Local Epoch: 1 / 5 	Acc: 26.623 	Loss: 2.1243[00m
[91m Client9 Train => Local Epoch: 2 / 5 	Acc: 26.322 	Loss: 2.0565[00m
[91m Client9 Train => Local Epoch: 3 / 5 	Acc: 35.938 	Loss: 1.8502[00m
[91m Client9 Train => Local Epoch: 4 / 5 	Acc: 44.351 	Loss: 1.6699[00m
[92m  Client9 Test => 	Acc: 37.095 	Loss: 2.8390[00m
------------------------------------------------
------ Federation process at Server-Side ------- 
------------------------------------------------
-----------------------------------------------------------
------ FedServer: Federation process at Client-Side ------- 
-----------------------------------------------------------
[92m  Client0 Test => 	Acc: 9.656 	Loss: 2.6342[00m
 Train: Round   3, Avg Accuracy 47.369 | Avg Loss 1.617
[91m Client0 Train => Local Epoch: 0 / 5 	Acc: 42.699 	Loss: 1.8057[00m
[91m Client0 Train => Local Epoch: 1 / 5 	Acc: 51.832 	Loss: 1.6189[00m
[91m Client0 Train => Local Epoch: 2 / 5 	Acc: 28.502 	Loss: 2.1571[00m
[91m Client0 Train => Local Epoch: 3 / 5 	Acc: 29.391 	Loss: 2.6242[00m
[91m Client0 Train => Local Epoch: 4 / 5 	Acc: 38.093 	Loss: 1.7658[00m
[92m  Client0 Test => 	Acc: 12.328 	Loss: 4.2436[00m
[91m Client1 Train => Local Epoch: 0 / 5 	Acc: 35.938 	Loss: 2.2528[00m
[91m Client1 Train => Local Epoch: 1 / 5 	Acc: 42.969 	Loss: 1.7596[00m
[91m Client1 Train => Local Epoch: 2 / 5 	Acc: 54.253 	Loss: 1.4611[00m
[91m Client1 Train => Local Epoch: 3 / 5 	Acc: 57.639 	Loss: 1.2895[00m
[91m Client1 Train => Local Epoch: 4 / 5 	Acc: 62.760 	Loss: 1.0655[00m
[92m  Client1 Test => 	Acc: 29.277 	Loss: 5.0470[00m
[91m Client2 Train => Local Epoch: 0 / 5 	Acc: 29.774 	Loss: 2.4286[00m
[91m Client2 Train => Local Epoch: 1 / 5 	Acc: 42.448 	Loss: 2.0812[00m
[91m Client2 Train => Local Epoch: 2 / 5 	Acc: 43.576 	Loss: 1.7711[00m
[91m Client2 Train => Local Epoch: 3 / 5 	Acc: 51.910 	Loss: 1.4484[00m
[91m Client2 Train => Local Epoch: 4 / 5 	Acc: 49.826 	Loss: 1.5562[00m
[92m  Client2 Test => 	Acc: 26.001 	Loss: 3.0285[00m
[91m Client3 Train => Local Epoch: 0 / 5 	Acc: 26.823 	Loss: 2.1347[00m
[91m Client3 Train => Local Epoch: 1 / 5 	Acc: 33.420 	Loss: 1.9159[00m
[91m Client3 Train => Local Epoch: 2 / 5 	Acc: 32.205 	Loss: 1.9084[00m
[91m Client3 Train => Local Epoch: 3 / 5 	Acc: 53.299 	Loss: 1.5479[00m
[91m Client3 Train => Local Epoch: 4 / 5 	Acc: 59.635 	Loss: 1.4985[00m
[92m  Client3 Test => 	Acc: 21.121 	Loss: 3.1524[00m
[91m Client4 Train => Local Epoch: 0 / 5 	Acc: 14.648 	Loss: 2.6604[00m
[91m Client4 Train => Local Epoch: 1 / 5 	Acc: 22.754 	Loss: 2.2648[00m
[91m Client4 Train => Local Epoch: 2 / 5 	Acc: 24.707 	Loss: 2.2265[00m
[91m Client4 Train => Local Epoch: 3 / 5 	Acc: 31.445 	Loss: 1.9228[00m
[91m Client4 Train => Local Epoch: 4 / 5 	Acc: 58.008 	Loss: 1.3848[00m
[92m  Client4 Test => 	Acc: 31.329 	Loss: 3.0188[00m
[91m Client5 Train => Local Epoch: 0 / 5 	Acc: 24.089 	Loss: 2.4163[00m
[91m Client5 Train => Local Epoch: 1 / 5 	Acc: 31.250 	Loss: 2.0968[00m
[91m Client5 Train => Local Epoch: 2 / 5 	Acc: 42.057 	Loss: 1.9379[00m
[91m Client5 Train => Local Epoch: 3 / 5 	Acc: 51.562 	Loss: 1.4624[00m
[91m Client5 Train => Local Epoch: 4 / 5 	Acc: 47.656 	Loss: 1.6090[00m
[92m  Client5 Test => 	Acc: 31.135 	Loss: 2.9453[00m
[91m Client6 Train => Local Epoch: 0 / 5 	Acc: 25.281 	Loss: 2.1603[00m
[91m Client6 Train => Local Epoch: 1 / 5 	Acc: 25.406 	Loss: 2.0815[00m
[91m Client6 Train => Local Epoch: 2 / 5 	Acc: 26.625 	Loss: 2.0791[00m
[91m Client6 Train => Local Epoch: 3 / 5 	Acc: 26.031 	Loss: 2.0787[00m
[91m Client6 Train => Local Epoch: 4 / 5 	Acc: 24.812 	Loss: 2.0798[00m
[92m  Client6 Test => 	Acc: 11.081 	Loss: 3.1694[00m
[91m Client7 Train => Local Epoch: 0 / 5 	Acc: 26.484 	Loss: 2.3886[00m
[91m Client7 Train => Local Epoch: 1 / 5 	Acc: 28.203 	Loss: 2.1829[00m
[91m Client7 Train => Local Epoch: 2 / 5 	Acc: 35.312 	Loss: 1.9782[00m
[91m Client7 Train => Local Epoch: 3 / 5 	Acc: 40.156 	Loss: 1.7662[00m
[91m Client7 Train => Local Epoch: 4 / 5 	Acc: 40.000 	Loss: 1.7024[00m
[92m  Client7 Test => 	Acc: 25.413 	Loss: 2.7673[00m
[91m Client8 Train => Local Epoch: 0 / 5 	Acc: 8.073 	Loss: 2.7554[00m
[91m Client8 Train => Local Epoch: 1 / 5 	Acc: 27.865 	Loss: 2.2545[00m
[91m Client8 Train => Local Epoch: 2 / 5 	Acc: 26.172 	Loss: 2.1321[00m
[91m Client8 Train => Local Epoch: 3 / 5 	Acc: 38.281 	Loss: 1.9800[00m
[91m Client8 Train => Local Epoch: 4 / 5 	Acc: 55.599 	Loss: 1.6227[00m
[92m  Client8 Test => 	Acc: 24.109 	Loss: 3.3179[00m
[91m Client9 Train => Local Epoch: 0 / 5 	Acc: 25.120 	Loss: 2.2633[00mC:\Users\pr8pf\AppData\Local\anaconda3\Lib\site-packages\sklearn\cluster\_kmeans.py:1429: UserWarning: KMeans is known to have a memory leak on Windows with MKL, when there are less chunks than available threads. You can avoid it by setting the environment variable OMP_NUM_THREADS=1.
  warnings.warn(
C:\Users\pr8pf\AppData\Local\anaconda3\Lib\site-packages\sklearn\cluster\_kmeans.py:1429: UserWarning: KMeans is known to have a memory leak on Windows with MKL, when there are less chunks than available threads. You can avoid it by setting the environment variable OMP_NUM_THREADS=1.
  warnings.warn(
[codecarbon INFO @ 09:25:12] [setup] RAM Tracking...
[codecarbon INFO @ 09:25:12] [setup] CPU Tracking...
[codecarbon WARNING @ 09:25:12] No CPU tracking mode found. Falling back on CPU constant mode. 
 Windows OS detected: Please install Intel Power Gadget to measure CPU

[codecarbon INFO @ 09:25:14] CPU Model on constant consumption mode: Intel(R) Xeon(R) Gold 6258R CPU @ 2.70GHz
[codecarbon INFO @ 09:25:14] [setup] GPU Tracking...
[codecarbon INFO @ 09:25:14] Tracking Nvidia GPU via pynvml
[codecarbon INFO @ 09:25:14] >>> Tracker's metadata:
[codecarbon INFO @ 09:25:14]   Platform system: Windows-11-10.0.22631-SP0
[codecarbon INFO @ 09:25:14]   Python version: 3.12.7
[codecarbon INFO @ 09:25:14]   CodeCarbon version: 2.8.3
[codecarbon INFO @ 09:25:14]   Available RAM : 126.630 GB
[codecarbon INFO @ 09:25:14]   CPU count: 56
[codecarbon INFO @ 09:25:14]   CPU model: Intel(R) Xeon(R) Gold 6258R CPU @ 2.70GHz
[codecarbon INFO @ 09:25:14]   GPU count: 2
[codecarbon INFO @ 09:25:14]   GPU model: 2 x NVIDIA RTX A5000
[codecarbon INFO @ 09:25:17] Saving emissions data to file C:\Users\pr8pf\Documents\GitHub\SplitFed\emissions.csv
[codecarbon INFO @ 09:25:18] Energy consumed for RAM : 0.000011 kWh. RAM Power : 47.48608875274658 W
[codecarbon INFO @ 09:25:18] Energy consumed for all CPUs : 0.000023 kWh. Total CPU Power : 102.50000000000001 W
[codecarbon INFO @ 09:25:18] Energy consumed for all GPUs : 0.000004 kWh. Total GPU Power : 15.822277453514344 W
[codecarbon INFO @ 09:25:18] 0.000037 kWh of electricity used since the beginning.
[codecarbon INFO @ 09:26:13] [setup] RAM Tracking...
[codecarbon INFO @ 09:26:13] [setup] CPU Tracking...
[codecarbon WARNING @ 09:26:13] No CPU tracking mode found. Falling back on CPU constant mode. 
 Windows OS detected: Please install Intel Power Gadget to measure CPU

[codecarbon INFO @ 09:26:15] CPU Model on constant consumption mode: Intel(R) Xeon(R) Gold 6258R CPU @ 2.70GHz
[codecarbon INFO @ 09:26:15] [setup] GPU Tracking...
[codecarbon INFO @ 09:26:15] Tracking Nvidia GPU via pynvml
[codecarbon INFO @ 09:26:15] >>> Tracker's metadata:
[codecarbon INFO @ 09:26:15]   Platform system: Windows-11-10.0.22631-SP0
[codecarbon INFO @ 09:26:15]   Python version: 3.12.7
[codecarbon INFO @ 09:26:15]   CodeCarbon version: 2.8.3
[codecarbon INFO @ 09:26:15]   Available RAM : 126.630 GB
[codecarbon INFO @ 09:26:15]   CPU count: 56
[codecarbon INFO @ 09:26:15]   CPU model: Intel(R) Xeon(R) Gold 6258R CPU @ 2.70GHz
[codecarbon INFO @ 09:26:15]   GPU count: 2
[codecarbon INFO @ 09:26:15]   GPU model: 2 x NVIDIA RTX A5000
[codecarbon INFO @ 09:26:18] Saving emissions data to file C:\Users\pr8pf\Documents\GitHub\SplitFed\emissions.csv
[codecarbon INFO @ 09:26:19] Energy consumed for RAM : 0.000013 kWh. RAM Power : 47.48608875274658 W
[codecarbon INFO @ 09:26:19] Energy consumed for all CPUs : 0.000029 kWh. Total CPU Power : 102.50000000000001 W
[codecarbon INFO @ 09:26:19] Energy consumed for all GPUs : 0.000005 kWh. Total GPU Power : 18.587598487274626 W
[codecarbon INFO @ 09:26:19] 0.000047 kWh of electricity used since the beginning.
C:\Users\pr8pf\AppData\Local\anaconda3\Lib\site-packages\sklearn\cluster\_kmeans.py:1429: UserWarning: KMeans is known to have a memory leak on Windows with MKL, when there are less chunks than available threads. You can avoid it by setting the environment variable OMP_NUM_THREADS=1.
  warnings.warn(
C:\Users\pr8pf\AppData\Local\anaconda3\Lib\site-packages\sklearn\cluster\_kmeans.py:1429: UserWarning: KMeans is known to have a memory leak on Windows with MKL, when there are less chunks than available threads. You can avoid it by setting the environment variable OMP_NUM_THREADS=1.
  warnings.warn(
[codecarbon INFO @ 09:51:24] [setup] RAM Tracking...
[codecarbon INFO @ 09:51:24] [setup] CPU Tracking...
[codecarbon WARNING @ 09:51:24] No CPU tracking mode found. Falling back on CPU constant mode. 
 Windows OS detected: Please install Intel Power Gadget to measure CPU

[codecarbon INFO @ 09:51:26] CPU Model on constant consumption mode: Intel(R) Xeon(R) Gold 6258R CPU @ 2.70GHz
[codecarbon INFO @ 09:51:26] [setup] GPU Tracking...
[codecarbon INFO @ 09:51:26] Tracking Nvidia GPU via pynvml
[codecarbon INFO @ 09:51:26] >>> Tracker's metadata:
[codecarbon INFO @ 09:51:26]   Platform system: Windows-11-10.0.22631-SP0
[codecarbon INFO @ 09:51:26]   Python version: 3.12.7
[codecarbon INFO @ 09:51:26]   CodeCarbon version: 2.8.3
[codecarbon INFO @ 09:51:26]   Available RAM : 126.630 GB
[codecarbon INFO @ 09:51:26]   CPU count: 56
[codecarbon INFO @ 09:51:26]   CPU model: Intel(R) Xeon(R) Gold 6258R CPU @ 2.70GHz
[codecarbon INFO @ 09:51:26]   GPU count: 2
[codecarbon INFO @ 09:51:26]   GPU model: 2 x NVIDIA RTX A5000
[codecarbon INFO @ 09:51:29] Saving emissions data to file C:\Users\pr8pf\Documents\GitHub\SplitFed\emissions.csv
[codecarbon INFO @ 09:51:30] Energy consumed for RAM : 0.000011 kWh. RAM Power : 47.48608875274658 W
[codecarbon INFO @ 09:51:30] Energy consumed for all CPUs : 0.000023 kWh. Total CPU Power : 102.50000000000001 W
[codecarbon INFO @ 09:51:30] Energy consumed for all GPUs : 0.000005 kWh. Total GPU Power : 24.229226642135956 W
[codecarbon INFO @ 09:51:30] 0.000039 kWh of electricity used since the beginning.
[codecarbon INFO @ 09:52:25] [setup] RAM Tracking...
[codecarbon INFO @ 09:52:25] [setup] CPU Tracking...
[codecarbon WARNING @ 09:52:25] No CPU tracking mode found. Falling back on CPU constant mode. 
 Windows OS detected: Please install Intel Power Gadget to measure CPU

[codecarbon INFO @ 09:52:27] CPU Model on constant consumption mode: Intel(R) Xeon(R) Gold 6258R CPU @ 2.70GHz
[codecarbon INFO @ 09:52:27] [setup] GPU Tracking...
[codecarbon INFO @ 09:52:27] Tracking Nvidia GPU via pynvml
[codecarbon INFO @ 09:52:27] >>> Tracker's metadata:
[codecarbon INFO @ 09:52:27]   Platform system: Windows-11-10.0.22631-SP0
[codecarbon INFO @ 09:52:27]   Python version: 3.12.7
[codecarbon INFO @ 09:52:27]   CodeCarbon version: 2.8.3
[codecarbon INFO @ 09:52:27]   Available RAM : 126.630 GB
[codecarbon INFO @ 09:52:27]   CPU count: 56
[codecarbon INFO @ 09:52:27]   CPU model: Intel(R) Xeon(R) Gold 6258R CPU @ 2.70GHz
[codecarbon INFO @ 09:52:27]   GPU count: 2
[codecarbon INFO @ 09:52:27]   GPU model: 2 x NVIDIA RTX A5000
[codecarbon INFO @ 09:52:30] Saving emissions data to file C:\Users\pr8pf\Documents\GitHub\SplitFed\emissions.csv
[codecarbon INFO @ 09:52:31] Energy consumed for RAM : 0.000011 kWh. RAM Power : 47.48608875274658 W
[codecarbon INFO @ 09:52:31] Energy consumed for all CPUs : 0.000023 kWh. Total CPU Power : 102.50000000000001 W
[codecarbon INFO @ 09:52:31] Energy consumed for all GPUs : 0.000004 kWh. Total GPU Power : 19.110362690785973 W
[codecarbon INFO @ 09:52:31] 0.000038 kWh of electricity used since the beginning.

[91m Client9 Train => Local Epoch: 1 / 5 	Acc: 25.661 	Loss: 2.1063[00m
[91m Client9 Train => Local Epoch: 2 / 5 	Acc: 36.058 	Loss: 1.9186[00m
[91m Client9 Train => Local Epoch: 3 / 5 	Acc: 28.666 	Loss: 2.1607[00m
[91m Client9 Train => Local Epoch: 4 / 5 	Acc: 33.594 	Loss: 1.8369[00m
[92m  Client9 Test => 	Acc: 15.449 	Loss: 2.9814[00m
------------------------------------------------
------ Federation process at Server-Side ------- 
------------------------------------------------
-----------------------------------------------------------
------ FedServer: Federation process at Client-Side ------- 
-----------------------------------------------------------
[92m  Client0 Test => 	Acc: 10.892 	Loss: 2.5229[00m
 Train: Round   4, Avg Accuracy 46.998 | Avg Loss 1.612
[91m Client0 Train => Local Epoch: 0 / 5 	Acc: 51.616 	Loss: 1.5664[00m
[91m Client0 Train => Local Epoch: 1 / 5 	Acc: 74.838 	Loss: 0.8288[00m
[91m Client0 Train => Local Epoch: 2 / 5 	Acc: 78.233 	Loss: 0.6806[00m
[91m Client0 Train => Local Epoch: 3 / 5 	Acc: 81.223 	Loss: 0.5299[00m
[91m Client0 Train => Local Epoch: 4 / 5 	Acc: 83.971 	Loss: 0.4904[00m
[92m  Client0 Test => 	Acc: 50.965 	Loss: 4.4445[00m
[91m Client1 Train => Local Epoch: 0 / 5 	Acc: 36.111 	Loss: 2.2166[00m
[91m Client1 Train => Local Epoch: 1 / 5 	Acc: 44.792 	Loss: 1.6368[00m
[91m Client1 Train => Local Epoch: 2 / 5 	Acc: 55.382 	Loss: 1.3399[00m
[91m Client1 Train => Local Epoch: 3 / 5 	Acc: 61.979 	Loss: 1.1110[00m
[91m Client1 Train => Local Epoch: 4 / 5 	Acc: 65.365 	Loss: 0.9718[00m
[92m  Client1 Test => 	Acc: 30.152 	Loss: 4.1855[00m
[91m Client2 Train => Local Epoch: 0 / 5 	Acc: 36.545 	Loss: 1.9403[00m
[91m Client2 Train => Local Epoch: 1 / 5 	Acc: 54.080 	Loss: 1.4304[00m
[91m Client2 Train => Local Epoch: 2 / 5 	Acc: 63.976 	Loss: 1.1667[00m
[91m Client2 Train => Local Epoch: 3 / 5 	Acc: 69.358 	Loss: 0.9288[00m
[91m Client2 Train => Local Epoch: 4 / 5 	Acc: 73.698 	Loss: 0.8308[00m
[92m  Client2 Test => 	Acc: 49.976 	Loss: 2.5249[00m
[91m Client3 Train => Local Epoch: 0 / 5 	Acc: 56.510 	Loss: 1.4465[00m
[91m Client3 Train => Local Epoch: 1 / 5 	Acc: 73.351 	Loss: 0.9115[00m
[91m Client3 Train => Local Epoch: 2 / 5 	Acc: 77.517 	Loss: 0.7528[00m
[91m Client3 Train => Local Epoch: 3 / 5 	Acc: 77.344 	Loss: 0.7156[00m
[91m Client3 Train => Local Epoch: 4 / 5 	Acc: 83.637 	Loss: 0.4801[00m
[92m  Client3 Test => 	Acc: 54.968 	Loss: 1.8015[00m
[91m Client4 Train => Local Epoch: 0 / 5 	Acc: 37.793 	Loss: 1.9360[00m
[91m Client4 Train => Local Epoch: 1 / 5 	Acc: 60.156 	Loss: 1.1839[00m
[91m Client4 Train => Local Epoch: 2 / 5 	Acc: 71.582 	Loss: 0.8817[00m
[91m Client4 Train => Local Epoch: 3 / 5 	Acc: 75.684 	Loss: 0.7787[00m
[91m Client4 Train => Local Epoch: 4 / 5 	Acc: 81.348 	Loss: 0.6114[00m
[92m  Client4 Test => 	Acc: 47.459 	Loss: 3.9295[00m
[91m Client5 Train => Local Epoch: 0 / 5 	Acc: 27.474 	Loss: 2.2814[00m
[91m Client5 Train => Local Epoch: 1 / 5 	Acc: 49.219 	Loss: 1.7752[00m
[91m Client5 Train => Local Epoch: 2 / 5 	Acc: 49.870 	Loss: 1.5306[00m
[91m Client5 Train => Local Epoch: 3 / 5 	Acc: 57.161 	Loss: 1.3223[00m
[91m Client5 Train => Local Epoch: 4 / 5 	Acc: 66.927 	Loss: 1.0200[00m
[92m  Client5 Test => 	Acc: 44.407 	Loss: 2.9998[00m
[91m Client6 Train => Local Epoch: 0 / 5 	Acc: 45.000 	Loss: 1.7616[00m
[91m Client6 Train => Local Epoch: 1 / 5 	Acc: 67.344 	Loss: 1.0516[00m
[91m Client6 Train => Local Epoch: 2 / 5 	Acc: 74.812 	Loss: 0.8251[00m
[91m Client6 Train => Local Epoch: 3 / 5 	Acc: 74.688 	Loss: 0.8233[00m
[91m Client6 Train => Local Epoch: 4 / 5 	Acc: 67.531 	Loss: 1.0148[00m
[92m  Client6 Test => 	Acc: 53.670 	Loss: 2.1225[00m
[91m Client7 Train => Local Epoch: 0 / 5 	Acc: 31.797 	Loss: 2.2866[00m
[91m Client7 Train => Local Epoch: 1 / 5 	Acc: 38.203 	Loss: 1.8905[00m
[91m Client7 Train => Local Epoch: 2 / 5 	Acc: 42.734 	Loss: 1.7693[00m
[91m Client7 Train => Local Epoch: 3 / 5 	Acc: 52.109 	Loss: 1.5512[00m
[91m Client7 Train => Local Epoch: 4 / 5 	Acc: 50.859 	Loss: 1.5632[00m
[92m  Client7 Test => 	Acc: 29.308 	Loss: 2.6573[00m
[91m Client8 Train => Local Epoch: 0 / 5 	Acc: 14.583 	Loss: 2.5111[00m
[91m Client8 Train => Local Epoch: 1 / 5 	Acc: 59.766 	Loss: 1.4454[00m
[91m Client8 Train => Local Epoch: 2 / 5 	Acc: 63.672 	Loss: 1.2143[00m
[91m Client8 Train => Local Epoch: 3 / 5 	Acc: 68.750 	Loss: 1.0455[00m
[91m Client8 Train => Local Epoch: 4 / 5 	Acc: 73.047 	Loss: 0.8807[00m
[92m  Client8 Test => 	Acc: 35.097 	Loss: 2.5585[00m
[91m Client9 Train => Local Epoch: 0 / 5 	Acc: 33.053 	Loss: 1.9665[00m
[91m Client9 Train => Local Epoch: 1 / 5 	Acc: 58.053 	Loss: 1.3654[00m
[91m Client9 Train => Local Epoch: 2 / 5 	Acc: 69.591 	Loss: 1.0723[00m
[91m Client9 Train => Local Epoch: 3 / 5 	Acc: 78.245 	Loss: 0.7257[00m
[91m Client9 Train => Local Epoch: 4 / 5 	Acc: 81.250 	Loss: 0.6212[00m
[92m  Client9 Test => 	Acc: 57.356 	Loss: 1.6099[00m
------------------------------------------------
------ Federation process at Server-Side ------- 
------------------------------------------------
-----------------------------------------------------------
------ FedServer: Federation process at Client-Side ------- 
-----------------------------------------------------------
[92m  Client0 Test => 	Acc: 48.990 	Loss: 1.8101[00m
 Train: Round   5, Avg Accuracy 72.763 | Avg Loss 0.848
[91m Client0 Train => Local Epoch: 0 / 5 	Acc: 69.343 	Loss: 0.9290[00m
[91m Client0 Train => Local Epoch: 1 / 5 	Acc: 81.169 	Loss: 0.5635[00m
[91m Client0 Train => Local Epoch: 2 / 5 	Acc: 84.483 	Loss: 0.4791[00m
[91m Client0 Train => Local Epoch: 3 / 5 	Acc: 87.769 	Loss: 0.3746[00m
[91m Client0 Train => Local Epoch: 4 / 5 	Acc: 89.143 	Loss: 0.3209[00m
[92m  Client0 Test => 	Acc: 52.734 	Loss: 4.4476[00m
[91m Client1 Train => Local Epoch: 0 / 5 	Acc: 52.778 	Loss: 1.5048[00m
[91m Client1 Train => Local Epoch: 1 / 5 	Acc: 72.309 	Loss: 0.8396[00m
[91m Client1 Train => Local Epoch: 2 / 5 	Acc: 72.222 	Loss: 0.8378[00m
[91m Client1 Train => Local Epoch: 3 / 5 	Acc: 74.219 	Loss: 0.7748[00m
[91m Client1 Train => Local Epoch: 4 / 5 	Acc: 77.170 	Loss: 0.6839[00m
[92m  Client1 Test => 	Acc: 42.658 	Loss: 5.2935[00m
[91m Client2 Train => Local Epoch: 0 / 5 	Acc: 62.413 	Loss: 1.2616[00m
[91m Client2 Train => Local Epoch: 1 / 5 	Acc: 71.875 	Loss: 0.8958[00m
[91m Client2 Train => Local Epoch: 2 / 5 	Acc: 75.434 	Loss: 0.7619[00m
[91m Client2 Train => Local Epoch: 3 / 5 	Acc: 81.771 	Loss: 0.5882[00m
[91m Client2 Train => Local Epoch: 4 / 5 	Acc: 81.944 	Loss: 0.5959[00m
[92m  Client2 Test => 	Acc: 60.803 	Loss: 2.1085[00m
[91m Client3 Train => Local Epoch: 0 / 5 	Acc: 77.474 	Loss: 0.9234[00m
[91m Client3 Train => Local Epoch: 1 / 5 	Acc: 80.122 	Loss: 0.6502[00m
[91m Client3 Train => Local Epoch: 2 / 5 	Acc: 84.635 	Loss: 0.4687[00m
[91m Client3 Train => Local Epoch: 3 / 5 	Acc: 86.155 	Loss: 0.4254[00m
[91m Client3 Train => Local Epoch: 4 / 5 	Acc: 87.717 	Loss: 0.3794[00m
[92m  Client3 Test => 	Acc: 65.445 	Loss: 1.5119[00m
[91m Client4 Train => Local Epoch: 0 / 5 	Acc: 66.406 	Loss: 1.1996[00m
[91m Client4 Train => Local Epoch: 1 / 5 	Acc: 77.441 	Loss: 0.7621[00m
[91m Client4 Train => Local Epoch: 2 / 5 	Acc: 79.688 	Loss: 0.6360[00m
[91m Client4 Train => Local Epoch: 3 / 5 	Acc: 84.375 	Loss: 0.4968[00m
[91m Client4 Train => Local Epoch: 4 / 5 	Acc: 85.742 	Loss: 0.4546[00m
[92m  Client4 Test => 	Acc: 52.090 	Loss: 3.1876[00m
[91m Client5 Train => Local Epoch: 0 / 5 	Acc: 65.234 	Loss: 1.2676[00m
[91m Client5 Train => Local Epoch: 1 / 5 	Acc: 72.135 	Loss: 0.8702[00m
[91m Client5 Train => Local Epoch: 2 / 5 	Acc: 75.391 	Loss: 0.7408[00m
[91m Client5 Train => Local Epoch: 3 / 5 	Acc: 77.083 	Loss: 0.6539[00m
[91m Client5 Train => Local Epoch: 4 / 5 	Acc: 77.865 	Loss: 0.6752[00m
[92m  Client5 Test => 	Acc: 54.213 	Loss: 2.2939[00m
[91m Client6 Train => Local Epoch: 0 / 5 	Acc: 66.969 	Loss: 1.0484[00mC:\Users\pr8pf\AppData\Local\anaconda3\Lib\site-packages\sklearn\cluster\_kmeans.py:1429: UserWarning: KMeans is known to have a memory leak on Windows with MKL, when there are less chunks than available threads. You can avoid it by setting the environment variable OMP_NUM_THREADS=1.
  warnings.warn(
C:\Users\pr8pf\AppData\Local\anaconda3\Lib\site-packages\sklearn\cluster\_kmeans.py:1429: UserWarning: KMeans is known to have a memory leak on Windows with MKL, when there are less chunks than available threads. You can avoid it by setting the environment variable OMP_NUM_THREADS=1.
  warnings.warn(
[codecarbon INFO @ 10:17:42] [setup] RAM Tracking...
[codecarbon INFO @ 10:17:42] [setup] CPU Tracking...
[codecarbon WARNING @ 10:17:42] No CPU tracking mode found. Falling back on CPU constant mode. 
 Windows OS detected: Please install Intel Power Gadget to measure CPU

[codecarbon INFO @ 10:17:44] CPU Model on constant consumption mode: Intel(R) Xeon(R) Gold 6258R CPU @ 2.70GHz
[codecarbon INFO @ 10:17:44] [setup] GPU Tracking...
[codecarbon INFO @ 10:17:44] Tracking Nvidia GPU via pynvml
[codecarbon INFO @ 10:17:44] >>> Tracker's metadata:
[codecarbon INFO @ 10:17:44]   Platform system: Windows-11-10.0.22631-SP0
[codecarbon INFO @ 10:17:44]   Python version: 3.12.7
[codecarbon INFO @ 10:17:44]   CodeCarbon version: 2.8.3
[codecarbon INFO @ 10:17:44]   Available RAM : 126.630 GB
[codecarbon INFO @ 10:17:44]   CPU count: 56
[codecarbon INFO @ 10:17:44]   CPU model: Intel(R) Xeon(R) Gold 6258R CPU @ 2.70GHz
[codecarbon INFO @ 10:17:44]   GPU count: 2
[codecarbon INFO @ 10:17:44]   GPU model: 2 x NVIDIA RTX A5000
[codecarbon INFO @ 10:17:47] Saving emissions data to file C:\Users\pr8pf\Documents\GitHub\SplitFed\emissions.csv
[codecarbon INFO @ 10:17:48] Energy consumed for RAM : 0.000013 kWh. RAM Power : 47.48608875274658 W
[codecarbon INFO @ 10:17:48] Energy consumed for all CPUs : 0.000027 kWh. Total CPU Power : 102.50000000000001 W
[codecarbon INFO @ 10:17:48] Energy consumed for all GPUs : 0.000005 kWh. Total GPU Power : 20.194318847371427 W
[codecarbon INFO @ 10:17:48] 0.000045 kWh of electricity used since the beginning.
[codecarbon INFO @ 10:18:44] [setup] RAM Tracking...
[codecarbon INFO @ 10:18:44] [setup] CPU Tracking...
[codecarbon WARNING @ 10:18:44] No CPU tracking mode found. Falling back on CPU constant mode. 
 Windows OS detected: Please install Intel Power Gadget to measure CPU

[codecarbon INFO @ 10:18:45] CPU Model on constant consumption mode: Intel(R) Xeon(R) Gold 6258R CPU @ 2.70GHz
[codecarbon INFO @ 10:18:45] [setup] GPU Tracking...
[codecarbon INFO @ 10:18:45] Tracking Nvidia GPU via pynvml
[codecarbon INFO @ 10:18:45] >>> Tracker's metadata:
[codecarbon INFO @ 10:18:45]   Platform system: Windows-11-10.0.22631-SP0
[codecarbon INFO @ 10:18:45]   Python version: 3.12.7
[codecarbon INFO @ 10:18:45]   CodeCarbon version: 2.8.3
[codecarbon INFO @ 10:18:45]   Available RAM : 126.630 GB
[codecarbon INFO @ 10:18:45]   CPU count: 56
[codecarbon INFO @ 10:18:45]   CPU model: Intel(R) Xeon(R) Gold 6258R CPU @ 2.70GHz
[codecarbon INFO @ 10:18:45]   GPU count: 2
[codecarbon INFO @ 10:18:45]   GPU model: 2 x NVIDIA RTX A5000
[codecarbon INFO @ 10:18:49] Saving emissions data to file C:\Users\pr8pf\Documents\GitHub\SplitFed\emissions.csv
[codecarbon INFO @ 10:18:50] Energy consumed for RAM : 0.000010 kWh. RAM Power : 47.48608875274658 W
[codecarbon INFO @ 10:18:50] Energy consumed for all CPUs : 0.000022 kWh. Total CPU Power : 102.50000000000001 W
[codecarbon INFO @ 10:18:50] Energy consumed for all GPUs : 0.000004 kWh. Total GPU Power : 17.43078881613625 W
[codecarbon INFO @ 10:18:50] 0.000035 kWh of electricity used since the beginning.
C:\Users\pr8pf\AppData\Local\anaconda3\Lib\site-packages\sklearn\cluster\_kmeans.py:1429: UserWarning: KMeans is known to have a memory leak on Windows with MKL, when there are less chunks than available threads. You can avoid it by setting the environment variable OMP_NUM_THREADS=1.
  warnings.warn(
C:\Users\pr8pf\AppData\Local\anaconda3\Lib\site-packages\sklearn\cluster\_kmeans.py:1429: UserWarning: KMeans is known to have a memory leak on Windows with MKL, when there are less chunks than available threads. You can avoid it by setting the environment variable OMP_NUM_THREADS=1.
  warnings.warn(
[codecarbon INFO @ 10:44:02] [setup] RAM Tracking...
[codecarbon INFO @ 10:44:02] [setup] CPU Tracking...
[codecarbon WARNING @ 10:44:02] No CPU tracking mode found. Falling back on CPU constant mode. 
 Windows OS detected: Please install Intel Power Gadget to measure CPU

[codecarbon INFO @ 10:44:04] CPU Model on constant consumption mode: Intel(R) Xeon(R) Gold 6258R CPU @ 2.70GHz
[codecarbon INFO @ 10:44:04] [setup] GPU Tracking...
[codecarbon INFO @ 10:44:04] Tracking Nvidia GPU via pynvml
[codecarbon INFO @ 10:44:04] >>> Tracker's metadata:
[codecarbon INFO @ 10:44:04]   Platform system: Windows-11-10.0.22631-SP0
[codecarbon INFO @ 10:44:04]   Python version: 3.12.7
[codecarbon INFO @ 10:44:04]   CodeCarbon version: 2.8.3
[codecarbon INFO @ 10:44:04]   Available RAM : 126.630 GB
[codecarbon INFO @ 10:44:04]   CPU count: 56
[codecarbon INFO @ 10:44:04]   CPU model: Intel(R) Xeon(R) Gold 6258R CPU @ 2.70GHz
[codecarbon INFO @ 10:44:04]   GPU count: 2
[codecarbon INFO @ 10:44:04]   GPU model: 2 x NVIDIA RTX A5000
[codecarbon INFO @ 10:44:07] Saving emissions data to file C:\Users\pr8pf\Documents\GitHub\SplitFed\emissions.csv
[codecarbon INFO @ 10:44:08] Energy consumed for RAM : 0.000015 kWh. RAM Power : 47.48608875274658 W
[codecarbon INFO @ 10:44:08] Energy consumed for all CPUs : 0.000032 kWh. Total CPU Power : 102.50000000000001 W
[codecarbon INFO @ 10:44:08] Energy consumed for all GPUs : 0.000006 kWh. Total GPU Power : 20.34298378989652 W
[codecarbon INFO @ 10:44:08] 0.000053 kWh of electricity used since the beginning.
[codecarbon INFO @ 10:45:05] [setup] RAM Tracking...
[codecarbon INFO @ 10:45:05] [setup] CPU Tracking...
[codecarbon WARNING @ 10:45:05] No CPU tracking mode found. Falling back on CPU constant mode. 
 Windows OS detected: Please install Intel Power Gadget to measure CPU

[codecarbon INFO @ 10:45:06] CPU Model on constant consumption mode: Intel(R) Xeon(R) Gold 6258R CPU @ 2.70GHz
[codecarbon INFO @ 10:45:06] [setup] GPU Tracking...
[codecarbon INFO @ 10:45:06] Tracking Nvidia GPU via pynvml
[codecarbon INFO @ 10:45:06] >>> Tracker's metadata:
[codecarbon INFO @ 10:45:06]   Platform system: Windows-11-10.0.22631-SP0
[codecarbon INFO @ 10:45:06]   Python version: 3.12.7
[codecarbon INFO @ 10:45:06]   CodeCarbon version: 2.8.3
[codecarbon INFO @ 10:45:06]   Available RAM : 126.630 GB
[codecarbon INFO @ 10:45:06]   CPU count: 56
[codecarbon INFO @ 10:45:06]   CPU model: Intel(R) Xeon(R) Gold 6258R CPU @ 2.70GHz
[codecarbon INFO @ 10:45:06]   GPU count: 2
[codecarbon INFO @ 10:45:06]   GPU model: 2 x NVIDIA RTX A5000
[codecarbon INFO @ 10:45:09] Saving emissions data to file C:\Users\pr8pf\Documents\GitHub\SplitFed\emissions.csv
[codecarbon INFO @ 10:45:10] Energy consumed for RAM : 0.000009 kWh. RAM Power : 47.48608875274658 W
[codecarbon INFO @ 10:45:10] Energy consumed for all CPUs : 0.000019 kWh. Total CPU Power : 102.50000000000001 W
[codecarbon INFO @ 10:45:10] Energy consumed for all GPUs : 0.000004 kWh. Total GPU Power : 21.327143819263863 W
[codecarbon INFO @ 10:45:10] 0.000032 kWh of electricity used since the beginning.

[91m Client6 Train => Local Epoch: 1 / 5 	Acc: 74.094 	Loss: 0.7917[00m
[91m Client6 Train => Local Epoch: 2 / 5 	Acc: 81.188 	Loss: 0.5916[00m
[91m Client6 Train => Local Epoch: 3 / 5 	Acc: 83.219 	Loss: 0.5282[00m
[91m Client6 Train => Local Epoch: 4 / 5 	Acc: 86.312 	Loss: 0.4369[00m
[92m  Client6 Test => 	Acc: 65.912 	Loss: 1.2735[00m
[91m Client7 Train => Local Epoch: 0 / 5 	Acc: 52.656 	Loss: 1.5558[00m
[91m Client7 Train => Local Epoch: 1 / 5 	Acc: 67.422 	Loss: 0.9869[00m
[91m Client7 Train => Local Epoch: 2 / 5 	Acc: 66.406 	Loss: 0.9527[00m
[91m Client7 Train => Local Epoch: 3 / 5 	Acc: 70.312 	Loss: 0.8486[00m
[91m Client7 Train => Local Epoch: 4 / 5 	Acc: 70.078 	Loss: 0.8803[00m
[92m  Client7 Test => 	Acc: 54.358 	Loss: 1.8612[00m
[91m Client8 Train => Local Epoch: 0 / 5 	Acc: 48.438 	Loss: 1.6319[00m
[91m Client8 Train => Local Epoch: 1 / 5 	Acc: 70.182 	Loss: 0.9474[00m
[91m Client8 Train => Local Epoch: 2 / 5 	Acc: 76.172 	Loss: 0.7721[00m
[91m Client8 Train => Local Epoch: 3 / 5 	Acc: 79.036 	Loss: 0.6805[00m
[91m Client8 Train => Local Epoch: 4 / 5 	Acc: 85.547 	Loss: 0.4914[00m
[92m  Client8 Test => 	Acc: 48.891 	Loss: 1.8750[00m
[91m Client9 Train => Local Epoch: 0 / 5 	Acc: 65.685 	Loss: 1.1727[00m
[91m Client9 Train => Local Epoch: 1 / 5 	Acc: 76.863 	Loss: 0.7620[00m
[91m Client9 Train => Local Epoch: 2 / 5 	Acc: 81.430 	Loss: 0.6501[00m
[91m Client9 Train => Local Epoch: 3 / 5 	Acc: 84.195 	Loss: 0.5239[00m
[91m Client9 Train => Local Epoch: 4 / 5 	Acc: 87.560 	Loss: 0.4010[00m
[92m  Client9 Test => 	Acc: 67.169 	Loss: 1.2422[00m
------------------------------------------------
------ Federation process at Server-Side ------- 
------------------------------------------------
-----------------------------------------------------------
------ FedServer: Federation process at Client-Side ------- 
-----------------------------------------------------------
[92m  Client0 Test => 	Acc: 64.896 	Loss: 1.0498[00m
 Train: Round   6, Avg Accuracy 82.908 | Avg Loss 0.532
[91m Client0 Train => Local Epoch: 0 / 5 	Acc: 79.553 	Loss: 0.5697[00m
[91m Client0 Train => Local Epoch: 1 / 5 	Acc: 85.237 	Loss: 0.4462[00m
[91m Client0 Train => Local Epoch: 2 / 5 	Acc: 87.150 	Loss: 0.3800[00m
[91m Client0 Train => Local Epoch: 3 / 5 	Acc: 89.170 	Loss: 0.3299[00m
[91m Client0 Train => Local Epoch: 4 / 5 	Acc: 89.170 	Loss: 0.3437[00m
[92m  Client0 Test => 	Acc: 55.322 	Loss: 3.4168[00m
[91m Client1 Train => Local Epoch: 0 / 5 	Acc: 71.615 	Loss: 0.8270[00m
[91m Client1 Train => Local Epoch: 1 / 5 	Acc: 79.861 	Loss: 0.6128[00m
[91m Client1 Train => Local Epoch: 2 / 5 	Acc: 83.420 	Loss: 0.4981[00m
[91m Client1 Train => Local Epoch: 3 / 5 	Acc: 84.635 	Loss: 0.4624[00m
[91m Client1 Train => Local Epoch: 4 / 5 	Acc: 88.455 	Loss: 0.3521[00m
[92m  Client1 Test => 	Acc: 54.746 	Loss: 4.7432[00m
[91m Client2 Train => Local Epoch: 0 / 5 	Acc: 78.385 	Loss: 0.7143[00m
[91m Client2 Train => Local Epoch: 1 / 5 	Acc: 81.597 	Loss: 0.5599[00m
[91m Client2 Train => Local Epoch: 2 / 5 	Acc: 82.378 	Loss: 0.5106[00m
[91m Client2 Train => Local Epoch: 3 / 5 	Acc: 86.285 	Loss: 0.4430[00m
[91m Client2 Train => Local Epoch: 4 / 5 	Acc: 87.240 	Loss: 0.4091[00m
[92m  Client2 Test => 	Acc: 64.539 	Loss: 1.4102[00m
[91m Client3 Train => Local Epoch: 0 / 5 	Acc: 81.163 	Loss: 0.6171[00m
[91m Client3 Train => Local Epoch: 1 / 5 	Acc: 85.069 	Loss: 0.4602[00m
[91m Client3 Train => Local Epoch: 2 / 5 	Acc: 87.977 	Loss: 0.3662[00m
[91m Client3 Train => Local Epoch: 3 / 5 	Acc: 89.931 	Loss: 0.3154[00m
[91m Client3 Train => Local Epoch: 4 / 5 	Acc: 90.321 	Loss: 0.3075[00m
[92m  Client3 Test => 	Acc: 70.978 	Loss: 1.3067[00m
[91m Client4 Train => Local Epoch: 0 / 5 	Acc: 80.273 	Loss: 0.6375[00m
[91m Client4 Train => Local Epoch: 1 / 5 	Acc: 84.473 	Loss: 0.4630[00m
[91m Client4 Train => Local Epoch: 2 / 5 	Acc: 86.719 	Loss: 0.3949[00m
[91m Client4 Train => Local Epoch: 3 / 5 	Acc: 87.402 	Loss: 0.3980[00m
[91m Client4 Train => Local Epoch: 4 / 5 	Acc: 87.793 	Loss: 0.3657[00m
[92m  Client4 Test => 	Acc: 62.217 	Loss: 1.5302[00m
[91m Client5 Train => Local Epoch: 0 / 5 	Acc: 80.208 	Loss: 0.6745[00m
[91m Client5 Train => Local Epoch: 1 / 5 	Acc: 82.161 	Loss: 0.5569[00m
[91m Client5 Train => Local Epoch: 2 / 5 	Acc: 84.896 	Loss: 0.4362[00m
[91m Client5 Train => Local Epoch: 3 / 5 	Acc: 86.589 	Loss: 0.4413[00m
[91m Client5 Train => Local Epoch: 4 / 5 	Acc: 85.417 	Loss: 0.4202[00m
[92m  Client5 Test => 	Acc: 66.482 	Loss: 1.8531[00m
[91m Client6 Train => Local Epoch: 0 / 5 	Acc: 77.812 	Loss: 0.6835[00m
[91m Client6 Train => Local Epoch: 1 / 5 	Acc: 82.906 	Loss: 0.5795[00m
[91m Client6 Train => Local Epoch: 2 / 5 	Acc: 86.438 	Loss: 0.4637[00m
[91m Client6 Train => Local Epoch: 3 / 5 	Acc: 87.719 	Loss: 0.4288[00m
[91m Client6 Train => Local Epoch: 4 / 5 	Acc: 88.844 	Loss: 0.3817[00m
[92m  Client6 Test => 	Acc: 70.843 	Loss: 0.8987[00m
[91m Client7 Train => Local Epoch: 0 / 5 	Acc: 61.797 	Loss: 1.1008[00m
[91m Client7 Train => Local Epoch: 1 / 5 	Acc: 73.516 	Loss: 0.8252[00m
[91m Client7 Train => Local Epoch: 2 / 5 	Acc: 77.188 	Loss: 0.7150[00m
[91m Client7 Train => Local Epoch: 3 / 5 	Acc: 80.625 	Loss: 0.6133[00m
[91m Client7 Train => Local Epoch: 4 / 5 	Acc: 82.266 	Loss: 0.5629[00m
[92m  Client7 Test => 	Acc: 63.828 	Loss: 1.5846[00m
[91m Client8 Train => Local Epoch: 0 / 5 	Acc: 75.391 	Loss: 0.8054[00m
[91m Client8 Train => Local Epoch: 1 / 5 	Acc: 81.120 	Loss: 0.5948[00m
[91m Client8 Train => Local Epoch: 2 / 5 	Acc: 85.807 	Loss: 0.4772[00m
[91m Client8 Train => Local Epoch: 3 / 5 	Acc: 88.542 	Loss: 0.3628[00m
[91m Client8 Train => Local Epoch: 4 / 5 	Acc: 89.714 	Loss: 0.3240[00m
[92m  Client8 Test => 	Acc: 58.000 	Loss: 1.5766[00m
[91m Client9 Train => Local Epoch: 0 / 5 	Acc: 80.589 	Loss: 0.6488[00m
[91m Client9 Train => Local Epoch: 1 / 5 	Acc: 86.538 	Loss: 0.4480[00m
[91m Client9 Train => Local Epoch: 2 / 5 	Acc: 87.981 	Loss: 0.3748[00m
[91m Client9 Train => Local Epoch: 3 / 5 	Acc: 89.303 	Loss: 0.3479[00m
[91m Client9 Train => Local Epoch: 4 / 5 	Acc: 90.144 	Loss: 0.3117[00m
[92m  Client9 Test => 	Acc: 71.249 	Loss: 1.0644[00m
------------------------------------------------
------ Federation process at Server-Side ------- 
------------------------------------------------
-----------------------------------------------------------
------ FedServer: Federation process at Client-Side ------- 
-----------------------------------------------------------
[92m  Client0 Test => 	Acc: 73.748 	Loss: 0.7614[00m
 Train: Round   7, Avg Accuracy 87.936 | Avg Loss 0.378
[91m Client0 Train => Local Epoch: 0 / 5 	Acc: 83.486 	Loss: 0.4970[00m
[91m Client0 Train => Local Epoch: 1 / 5 	Acc: 88.739 	Loss: 0.3356[00m
[91m Client0 Train => Local Epoch: 2 / 5 	Acc: 90.867 	Loss: 0.2817[00m
[91m Client0 Train => Local Epoch: 3 / 5 	Acc: 90.517 	Loss: 0.2640[00m
[91m Client0 Train => Local Epoch: 4 / 5 	Acc: 93.319 	Loss: 0.2161[00m
[92m  Client0 Test => 	Acc: 61.281 	Loss: 3.3915[00m
[91m Client1 Train => Local Epoch: 0 / 5 	Acc: 79.601 	Loss: 0.5996[00m
[91m Client1 Train => Local Epoch: 1 / 5 	Acc: 85.938 	Loss: 0.3734[00m
[91m Client1 Train => Local Epoch: 2 / 5 	Acc: 88.542 	Loss: 0.3539[00m
[91m Client1 Train => Local Epoch: 3 / 5 	Acc: 89.149 	Loss: 0.2960[00m
[91m Client1 Train => Local Epoch: 4 / 5 	Acc: 90.712 	Loss: 0.2590[00m
[92m  Client1 Test => 	Acc: 61.568 	Loss: 4.6525[00m
[91m Client2 Train => Local Epoch: 0 / 5 	Acc: 83.420 	Loss: 0.5317[00m
[91m Client2 Train => Local Epoch: 1 / 5 	Acc: 87.587 	Loss: 0.3558[00m
[91m Client2 Train => Local Epoch: 2 / 5 	Acc: 90.712 	Loss: 0.2725[00m
[91m Client2 Train => Local Epoch: 3 / 5 	Acc: 90.625 	Loss: 0.2656[00m
[91m Client2 Train => Local Epoch: 4 / 5 	Acc: 90.972 	Loss: 0.2720[00m
[92m  Client2 Test => 	Acc: 73.725 	Loss: 1.1255[00m
[91m Client3 Train => Local Epoch: 0 / 5 	Acc: 85.503 	Loss: 0.4767[00mC:\Users\pr8pf\AppData\Local\anaconda3\Lib\site-packages\sklearn\cluster\_kmeans.py:1429: UserWarning: KMeans is known to have a memory leak on Windows with MKL, when there are less chunks than available threads. You can avoid it by setting the environment variable OMP_NUM_THREADS=1.
  warnings.warn(
C:\Users\pr8pf\AppData\Local\anaconda3\Lib\site-packages\sklearn\cluster\_kmeans.py:1429: UserWarning: KMeans is known to have a memory leak on Windows with MKL, when there are less chunks than available threads. You can avoid it by setting the environment variable OMP_NUM_THREADS=1.
  warnings.warn(
[codecarbon INFO @ 11:10:35] [setup] RAM Tracking...
[codecarbon INFO @ 11:10:35] [setup] CPU Tracking...
[codecarbon WARNING @ 11:10:35] No CPU tracking mode found. Falling back on CPU constant mode. 
 Windows OS detected: Please install Intel Power Gadget to measure CPU

[codecarbon INFO @ 11:10:36] CPU Model on constant consumption mode: Intel(R) Xeon(R) Gold 6258R CPU @ 2.70GHz
[codecarbon INFO @ 11:10:36] [setup] GPU Tracking...
[codecarbon INFO @ 11:10:36] Tracking Nvidia GPU via pynvml
[codecarbon INFO @ 11:10:36] >>> Tracker's metadata:
[codecarbon INFO @ 11:10:36]   Platform system: Windows-11-10.0.22631-SP0
[codecarbon INFO @ 11:10:36]   Python version: 3.12.7
[codecarbon INFO @ 11:10:36]   CodeCarbon version: 2.8.3
[codecarbon INFO @ 11:10:36]   Available RAM : 126.630 GB
[codecarbon INFO @ 11:10:36]   CPU count: 56
[codecarbon INFO @ 11:10:36]   CPU model: Intel(R) Xeon(R) Gold 6258R CPU @ 2.70GHz
[codecarbon INFO @ 11:10:36]   GPU count: 2
[codecarbon INFO @ 11:10:36]   GPU model: 2 x NVIDIA RTX A5000
[codecarbon INFO @ 11:10:39] Saving emissions data to file C:\Users\pr8pf\Documents\GitHub\SplitFed\emissions.csv
[codecarbon INFO @ 11:10:40] Energy consumed for RAM : 0.000010 kWh. RAM Power : 47.48608875274658 W
[codecarbon INFO @ 11:10:40] Energy consumed for all CPUs : 0.000021 kWh. Total CPU Power : 102.50000000000001 W
[codecarbon INFO @ 11:10:40] Energy consumed for all GPUs : 0.000004 kWh. Total GPU Power : 18.424846823622893 W
[codecarbon INFO @ 11:10:40] 0.000034 kWh of electricity used since the beginning.
[codecarbon INFO @ 11:11:35] [setup] RAM Tracking...
[codecarbon INFO @ 11:11:35] [setup] CPU Tracking...
[codecarbon WARNING @ 11:11:35] No CPU tracking mode found. Falling back on CPU constant mode. 
 Windows OS detected: Please install Intel Power Gadget to measure CPU

[codecarbon INFO @ 11:11:37] CPU Model on constant consumption mode: Intel(R) Xeon(R) Gold 6258R CPU @ 2.70GHz
[codecarbon INFO @ 11:11:37] [setup] GPU Tracking...
[codecarbon INFO @ 11:11:37] Tracking Nvidia GPU via pynvml
[codecarbon INFO @ 11:11:37] >>> Tracker's metadata:
[codecarbon INFO @ 11:11:37]   Platform system: Windows-11-10.0.22631-SP0
[codecarbon INFO @ 11:11:37]   Python version: 3.12.7
[codecarbon INFO @ 11:11:37]   CodeCarbon version: 2.8.3
[codecarbon INFO @ 11:11:37]   Available RAM : 126.630 GB
[codecarbon INFO @ 11:11:37]   CPU count: 56
[codecarbon INFO @ 11:11:37]   CPU model: Intel(R) Xeon(R) Gold 6258R CPU @ 2.70GHz
[codecarbon INFO @ 11:11:37]   GPU count: 2
[codecarbon INFO @ 11:11:37]   GPU model: 2 x NVIDIA RTX A5000
[codecarbon INFO @ 11:11:40] Saving emissions data to file C:\Users\pr8pf\Documents\GitHub\SplitFed\emissions.csv
[codecarbon INFO @ 11:11:41] Energy consumed for RAM : 0.000008 kWh. RAM Power : 47.48608875274658 W
[codecarbon INFO @ 11:11:41] Energy consumed for all CPUs : 0.000016 kWh. Total CPU Power : 102.50000000000001 W
[codecarbon INFO @ 11:11:41] Energy consumed for all GPUs : 0.000003 kWh. Total GPU Power : 16.70795949915057 W
[codecarbon INFO @ 11:11:41] 0.000026 kWh of electricity used since the beginning.
C:\Users\pr8pf\AppData\Local\anaconda3\Lib\site-packages\sklearn\cluster\_kmeans.py:1429: UserWarning: KMeans is known to have a memory leak on Windows with MKL, when there are less chunks than available threads. You can avoid it by setting the environment variable OMP_NUM_THREADS=1.
  warnings.warn(
C:\Users\pr8pf\AppData\Local\anaconda3\Lib\site-packages\sklearn\cluster\_kmeans.py:1429: UserWarning: KMeans is known to have a memory leak on Windows with MKL, when there are less chunks than available threads. You can avoid it by setting the environment variable OMP_NUM_THREADS=1.
  warnings.warn(
[codecarbon INFO @ 11:36:50] [setup] RAM Tracking...
[codecarbon INFO @ 11:36:50] [setup] CPU Tracking...
[codecarbon WARNING @ 11:36:50] No CPU tracking mode found. Falling back on CPU constant mode. 
 Windows OS detected: Please install Intel Power Gadget to measure CPU

[codecarbon INFO @ 11:36:52] CPU Model on constant consumption mode: Intel(R) Xeon(R) Gold 6258R CPU @ 2.70GHz
[codecarbon INFO @ 11:36:52] [setup] GPU Tracking...
[codecarbon INFO @ 11:36:52] Tracking Nvidia GPU via pynvml
[codecarbon INFO @ 11:36:52] >>> Tracker's metadata:
[codecarbon INFO @ 11:36:52]   Platform system: Windows-11-10.0.22631-SP0
[codecarbon INFO @ 11:36:52]   Python version: 3.12.7
[codecarbon INFO @ 11:36:52]   CodeCarbon version: 2.8.3
[codecarbon INFO @ 11:36:52]   Available RAM : 126.630 GB
[codecarbon INFO @ 11:36:52]   CPU count: 56
[codecarbon INFO @ 11:36:52]   CPU model: Intel(R) Xeon(R) Gold 6258R CPU @ 2.70GHz
[codecarbon INFO @ 11:36:52]   GPU count: 2
[codecarbon INFO @ 11:36:52]   GPU model: 2 x NVIDIA RTX A5000
[codecarbon INFO @ 11:36:55] Saving emissions data to file C:\Users\pr8pf\Documents\GitHub\SplitFed\emissions.csv
[codecarbon INFO @ 11:36:56] Energy consumed for RAM : 0.000008 kWh. RAM Power : 47.48608875274658 W
[codecarbon INFO @ 11:36:56] Energy consumed for all CPUs : 0.000017 kWh. Total CPU Power : 102.50000000000001 W
[codecarbon INFO @ 11:36:56] Energy consumed for all GPUs : 0.000003 kWh. Total GPU Power : 15.980239624061674 W
[codecarbon INFO @ 11:36:56] 0.000028 kWh of electricity used since the beginning.

[91m Client3 Train => Local Epoch: 1 / 5 	Acc: 89.714 	Loss: 0.3093[00m
[91m Client3 Train => Local Epoch: 2 / 5 	Acc: 91.406 	Loss: 0.2840[00m
[91m Client3 Train => Local Epoch: 3 / 5 	Acc: 93.273 	Loss: 0.2283[00m
[91m Client3 Train => Local Epoch: 4 / 5 	Acc: 93.056 	Loss: 0.2342[00m
[92m  Client3 Test => 	Acc: 74.030 	Loss: 1.0415[00m
[91m Client4 Train => Local Epoch: 0 / 5 	Acc: 85.547 	Loss: 0.4403[00m
[91m Client4 Train => Local Epoch: 1 / 5 	Acc: 88.672 	Loss: 0.3421[00m
[91m Client4 Train => Local Epoch: 2 / 5 	Acc: 90.625 	Loss: 0.2795[00m
[91m Client4 Train => Local Epoch: 3 / 5 	Acc: 92.871 	Loss: 0.2298[00m
[91m Client4 Train => Local Epoch: 4 / 5 	Acc: 93.750 	Loss: 0.1830[00m
[92m  Client4 Test => 	Acc: 69.326 	Loss: 1.1657[00m
[91m Client5 Train => Local Epoch: 0 / 5 	Acc: 81.901 	Loss: 0.5648[00m
[91m Client5 Train => Local Epoch: 1 / 5 	Acc: 84.635 	Loss: 0.4785[00m
[91m Client5 Train => Local Epoch: 2 / 5 	Acc: 87.370 	Loss: 0.3609[00m
[91m Client5 Train => Local Epoch: 3 / 5 	Acc: 91.536 	Loss: 0.2709[00m
[91m Client5 Train => Local Epoch: 4 / 5 	Acc: 89.974 	Loss: 0.3105[00m
[92m  Client5 Test => 	Acc: 66.173 	Loss: 1.7824[00m
[91m Client6 Train => Local Epoch: 0 / 5 	Acc: 84.688 	Loss: 0.4680[00m
[91m Client6 Train => Local Epoch: 1 / 5 	Acc: 89.312 	Loss: 0.3517[00m
[91m Client6 Train => Local Epoch: 2 / 5 	Acc: 91.156 	Loss: 0.2875[00m
[91m Client6 Train => Local Epoch: 3 / 5 	Acc: 91.469 	Loss: 0.2829[00m
[91m Client6 Train => Local Epoch: 4 / 5 	Acc: 92.344 	Loss: 0.2305[00m
[92m  Client6 Test => 	Acc: 74.810 	Loss: 0.8512[00m
[91m Client7 Train => Local Epoch: 0 / 5 	Acc: 76.016 	Loss: 0.6948[00m
[91m Client7 Train => Local Epoch: 1 / 5 	Acc: 80.078 	Loss: 0.6005[00m
[91m Client7 Train => Local Epoch: 2 / 5 	Acc: 82.656 	Loss: 0.5271[00m
[91m Client7 Train => Local Epoch: 3 / 5 	Acc: 86.250 	Loss: 0.4149[00m
[91m Client7 Train => Local Epoch: 4 / 5 	Acc: 85.391 	Loss: 0.4523[00m
[92m  Client7 Test => 	Acc: 65.249 	Loss: 1.4708[00m
[91m Client8 Train => Local Epoch: 0 / 5 	Acc: 81.901 	Loss: 0.5469[00m
[91m Client8 Train => Local Epoch: 1 / 5 	Acc: 90.625 	Loss: 0.3310[00m
[91m Client8 Train => Local Epoch: 2 / 5 	Acc: 89.714 	Loss: 0.3270[00m
[91m Client8 Train => Local Epoch: 3 / 5 	Acc: 90.365 	Loss: 0.2930[00m
[91m Client8 Train => Local Epoch: 4 / 5 	Acc: 91.667 	Loss: 0.2523[00m
[92m  Client8 Test => 	Acc: 60.162 	Loss: 1.8134[00m
[91m Client9 Train => Local Epoch: 0 / 5 	Acc: 85.457 	Loss: 0.4769[00m
[91m Client9 Train => Local Epoch: 1 / 5 	Acc: 86.178 	Loss: 0.4042[00m
[91m Client9 Train => Local Epoch: 2 / 5 	Acc: 90.385 	Loss: 0.3181[00m
[91m Client9 Train => Local Epoch: 3 / 5 	Acc: 90.565 	Loss: 0.2809[00m
[91m Client9 Train => Local Epoch: 4 / 5 	Acc: 92.668 	Loss: 0.2334[00m
[92m  Client9 Test => 	Acc: 72.094 	Loss: 1.0105[00m
------------------------------------------------
------ Federation process at Server-Side ------- 
------------------------------------------------
-----------------------------------------------------------
------ FedServer: Federation process at Client-Side ------- 
-----------------------------------------------------------
[92m  Client0 Test => 	Acc: 82.666 	Loss: 0.5206[00m
 Train: Round   8, Avg Accuracy 91.385 | Avg Loss 0.264
[91m Client0 Train => Local Epoch: 0 / 5 	Acc: 89.170 	Loss: 0.3410[00m
[91m Client0 Train => Local Epoch: 1 / 5 	Acc: 92.053 	Loss: 0.2510[00m
[91m Client0 Train => Local Epoch: 2 / 5 	Acc: 91.837 	Loss: 0.2421[00m
[91m Client0 Train => Local Epoch: 3 / 5 	Acc: 93.454 	Loss: 0.1957[00m
[91m Client0 Train => Local Epoch: 4 / 5 	Acc: 89.467 	Loss: 0.3265[00m
[92m  Client0 Test => 	Acc: 61.373 	Loss: 5.1418[00m
[91m Client1 Train => Local Epoch: 0 / 5 	Acc: 86.111 	Loss: 0.4083[00m
[91m Client1 Train => Local Epoch: 1 / 5 	Acc: 90.712 	Loss: 0.2669[00m
[91m Client1 Train => Local Epoch: 2 / 5 	Acc: 92.361 	Loss: 0.2393[00m
[91m Client1 Train => Local Epoch: 3 / 5 	Acc: 93.316 	Loss: 0.2104[00m
[91m Client1 Train => Local Epoch: 4 / 5 	Acc: 92.274 	Loss: 0.2253[00m
[92m  Client1 Test => 	Acc: 62.197 	Loss: 4.0893[00m
[91m Client2 Train => Local Epoch: 0 / 5 	Acc: 89.583 	Loss: 0.3256[00m
[91m Client2 Train => Local Epoch: 1 / 5 	Acc: 92.969 	Loss: 0.2323[00m
[91m Client2 Train => Local Epoch: 2 / 5 	Acc: 92.622 	Loss: 0.2485[00m
[91m Client2 Train => Local Epoch: 3 / 5 	Acc: 91.667 	Loss: 0.2338[00m
[91m Client2 Train => Local Epoch: 4 / 5 	Acc: 89.931 	Loss: 0.3096[00m
[92m  Client2 Test => 	Acc: 70.356 	Loss: 1.3219[00m
[91m Client3 Train => Local Epoch: 0 / 5 	Acc: 88.455 	Loss: 0.3502[00m
[91m Client3 Train => Local Epoch: 1 / 5 	Acc: 91.710 	Loss: 0.2649[00m
[91m Client3 Train => Local Epoch: 2 / 5 	Acc: 92.448 	Loss: 0.2351[00m
[91m Client3 Train => Local Epoch: 3 / 5 	Acc: 93.359 	Loss: 0.2084[00m
[91m Client3 Train => Local Epoch: 4 / 5 	Acc: 94.054 	Loss: 0.1840[00m
[92m  Client3 Test => 	Acc: 79.452 	Loss: 0.8324[00m
[91m Client4 Train => Local Epoch: 0 / 5 	Acc: 90.820 	Loss: 0.2860[00m
[91m Client4 Train => Local Epoch: 1 / 5 	Acc: 91.699 	Loss: 0.2265[00m
[91m Client4 Train => Local Epoch: 2 / 5 	Acc: 93.066 	Loss: 0.1957[00m
[91m Client4 Train => Local Epoch: 3 / 5 	Acc: 92.871 	Loss: 0.2195[00m
[91m Client4 Train => Local Epoch: 4 / 5 	Acc: 92.480 	Loss: 0.2003[00m
[92m  Client4 Test => 	Acc: 69.398 	Loss: 1.1190[00m
[91m Client5 Train => Local Epoch: 0 / 5 	Acc: 89.193 	Loss: 0.3431[00m
[91m Client5 Train => Local Epoch: 1 / 5 	Acc: 92.057 	Loss: 0.2693[00m
[91m Client5 Train => Local Epoch: 2 / 5 	Acc: 91.536 	Loss: 0.2252[00m
[91m Client5 Train => Local Epoch: 3 / 5 	Acc: 91.016 	Loss: 0.2932[00m
[91m Client5 Train => Local Epoch: 4 / 5 	Acc: 92.578 	Loss: 0.2267[00m
[92m  Client5 Test => 	Acc: 71.145 	Loss: 1.2363[00m
[91m Client6 Train => Local Epoch: 0 / 5 	Acc: 90.594 	Loss: 0.3158[00m
[91m Client6 Train => Local Epoch: 1 / 5 	Acc: 91.688 	Loss: 0.2768[00m
[91m Client6 Train => Local Epoch: 2 / 5 	Acc: 90.719 	Loss: 0.2851[00m
[91m Client6 Train => Local Epoch: 3 / 5 	Acc: 91.656 	Loss: 0.2652[00m
[91m Client6 Train => Local Epoch: 4 / 5 	Acc: 92.188 	Loss: 0.2450[00m
[92m  Client6 Test => 	Acc: 75.407 	Loss: 0.8283[00m
[91m Client7 Train => Local Epoch: 0 / 5 	Acc: 84.297 	Loss: 0.4761[00m
[91m Client7 Train => Local Epoch: 1 / 5 	Acc: 86.797 	Loss: 0.4141[00m
[91m Client7 Train => Local Epoch: 2 / 5 	Acc: 89.062 	Loss: 0.3396[00m
[91m Client7 Train => Local Epoch: 3 / 5 	Acc: 91.094 	Loss: 0.2724[00m
[91m Client7 Train => Local Epoch: 4 / 5 	Acc: 90.703 	Loss: 0.2937[00m
[92m  Client7 Test => 	Acc: 64.230 	Loss: 1.5983[00m
[91m Client8 Train => Local Epoch: 0 / 5 	Acc: 88.021 	Loss: 0.3925[00m
[91m Client8 Train => Local Epoch: 1 / 5 	Acc: 89.974 	Loss: 0.3373[00m
[91m Client8 Train => Local Epoch: 2 / 5 	Acc: 92.318 	Loss: 0.2229[00m
[91m Client8 Train => Local Epoch: 3 / 5 	Acc: 94.141 	Loss: 0.1674[00m
[91m Client8 Train => Local Epoch: 4 / 5 	Acc: 94.271 	Loss: 0.1712[00m
[92m  Client8 Test => 	Acc: 71.664 	Loss: 1.1739[00m
[91m Client9 Train => Local Epoch: 0 / 5 	Acc: 90.144 	Loss: 0.3076[00m
[91m Client9 Train => Local Epoch: 1 / 5 	Acc: 92.969 	Loss: 0.2246[00m
[91m Client9 Train => Local Epoch: 2 / 5 	Acc: 94.291 	Loss: 0.1899[00m
[91m Client9 Train => Local Epoch: 3 / 5 	Acc: 93.389 	Loss: 0.2076[00m
[91m Client9 Train => Local Epoch: 4 / 5 	Acc: 94.171 	Loss: 0.2110[00m
[92m  Client9 Test => 	Acc: 75.791 	Loss: 0.8501[00m
------------------------------------------------
------ Federation process at Server-Side ------- 
------------------------------------------------
-----------------------------------------------------------
------ FedServer: Federation process at Client-Side ------- 
-----------------------------------------------------------
[92m  Client0 Test => 	Acc: 87.048 	Loss: 0.4107[00m
 Train: Round   9, Avg Accuracy 92.212 | Avg Loss 0.239
Training and Evaluation completed!
===== END Wed 01/07/2026 11:37:56.63 ===== 
