===== START Wed 01/07/2026 11:37:56.64 ===== 
C:\Users\pr8pf\AppData\Local\anaconda3\Lib\site-packages\torchvision\models\_utils.py:208: UserWarning: The parameter 'pretrained' is deprecated since 0.13 and may be removed in the future, please use 'weights' instead.
  warnings.warn(
C:\Users\pr8pf\AppData\Local\anaconda3\Lib\site-packages\torchvision\models\_utils.py:223: UserWarning: Arguments other than a weight enum or `None` for 'weights' are deprecated since 0.13 and may be removed in the future. The current behavior is equivalent to passing `weights=VGG16_Weights.IMAGENET1K_V1`. You can also use `weights=VGG16_Weights.DEFAULT` to get the most up-to-date weights.
  warnings.warn(msg)
[codecarbon INFO @ 11:38:29] [setup] RAM Tracking...
[codecarbon INFO @ 11:38:29] [setup] CPU Tracking...
[codecarbon WARNING @ 11:38:29] No CPU tracking mode found. Falling back on CPU constant mode. 
 Windows OS detected: Please install Intel Power Gadget to measure CPU

[codecarbon INFO @ 11:38:31] CPU Model on constant consumption mode: Intel(R) Xeon(R) Gold 6258R CPU @ 2.70GHz
[codecarbon INFO @ 11:38:31] [setup] GPU Tracking...
[codecarbon INFO @ 11:38:31] Tracking Nvidia GPU via pynvml
[codecarbon INFO @ 11:38:31] >>> Tracker's metadata:
[codecarbon INFO @ 11:38:31]   Platform system: Windows-11-10.0.22631-SP0
[codecarbon INFO @ 11:38:31]   Python version: 3.12.7
[codecarbon INFO @ 11:38:31]   CodeCarbon version: 2.8.3
[codecarbon INFO @ 11:38:31]   Available RAM : 126.630 GB
[codecarbon INFO @ 11:38:31]   CPU count: 56
[codecarbon INFO @ 11:38:31]   CPU model: Intel(R) Xeon(R) Gold 6258R CPU @ 2.70GHz
[codecarbon INFO @ 11:38:31]   GPU count: 2
[codecarbon INFO @ 11:38:31]   GPU model: 2 x NVIDIA RTX A5000
[codecarbon INFO @ 11:38:34] Saving emissions data to file C:\Users\pr8pf\Documents\GitHub\SplitFed\emissions.csv
[codecarbon INFO @ 11:38:35] Energy consumed for RAM : 0.000019 kWh. RAM Power : 47.48608875274658 W
[codecarbon INFO @ 11:38:35] Energy consumed for all CPUs : 0.000041 kWh. Total CPU Power : 102.50000000000001 W
[codecarbon INFO @ 11:38:35] Energy consumed for all GPUs : 0.000008 kWh. Total GPU Power : 21.232500658066726 W
[codecarbon INFO @ 11:38:35] 0.000068 kWh of electricity used since the beginning.
C:\Users\pr8pf\AppData\Local\anaconda3\Lib\site-packages\sklearn\cluster\_kmeans.py:1429: UserWarning: KMeans is known to have a memory leak on Windows with MKL, when there are less chunks than available threads. You can avoid it by setting the environment variable OMP_NUM_THREADS=1.
  warnings.warn(
C:\Users\pr8pf\AppData\Local\anaconda3\Lib\site-packages\sklearn\cluster\_kmeans.py:1429: UserWarning: KMeans is known to have a memory leak on Windows with MKL, when there are less chunks than available threads. You can avoid it by setting the environment variable OMP_NUM_THREADS=1.
  warnings.warn(
[codecarbon INFO @ 12:03:41] [setup] RAM Tracking...
[codecarbon INFO @ 12:03:41] [setup] CPU Tracking...
[codecarbon WARNING @ 12:03:41] No CPU tracking mode found. Falling back on CPU constant mode. 
 Windows OS detected: Please install Intel Power Gadget to measure CPU

[codecarbon INFO @ 12:03:43] CPU Model on constant consumption mode: Intel(R) Xeon(R) Gold 6258R CPU @ 2.70GHz
[codecarbon INFO @ 12:03:43] [setup] GPU Tracking...
[codecarbon INFO @ 12:03:43] Tracking Nvidia GPU via pynvml
[codecarbon INFO @ 12:03:43] >>> Tracker's metadata:
[codecarbon INFO @ 12:03:43]   Platform system: Windows-11-10.0.22631-SP0
[codecarbon INFO @ 12:03:43]   Python version: 3.12.7
[codecarbon INFO @ 12:03:43]   CodeCarbon version: 2.8.3
[codecarbon INFO @ 12:03:43]   Available RAM : 126.630 GB
[codecarbon INFO @ 12:03:43]   CPU count: 56
[codecarbon INFO @ 12:03:43]   CPU model: Intel(R) Xeon(R) Gold 6258R CPU @ 2.70GHz
[codecarbon INFO @ 12:03:43]   GPU count: 2
[codecarbon INFO @ 12:03:43]   GPU model: 2 x NVIDIA RTX A5000
[codecarbon INFO @ 12:03:46] Saving emissions data to file C:\Users\pr8pf\Documents\GitHub\SplitFed\emissions.csv
[codecarbon INFO @ 12:03:47] Energy consumed for RAM : 0.000006 kWh. RAM Power : 47.48608875274658 W
[codecarbon INFO @ 12:03:47] Energy consumed for all CPUs : 0.000013 kWh. Total CPU Power : 102.50000000000001 W
[codecarbon INFO @ 12:03:47] Energy consumed for all GPUs : 0.000002 kWh. Total GPU Power : 17.44204812723435 W
[codecarbon INFO @ 12:03:47] 0.000022 kWh of electricity used since the beginning.
[codecarbon INFO @ 12:04:42] [setup] RAM Tracking...
[codecarbon INFO @ 12:04:42] [setup] CPU Tracking...
[codecarbon WARNING @ 12:04:42] No CPU tracking mode found. Falling back on CPU constant mode. 
 Windows OS detected: Please install Intel Power Gadget to measure CPU

[codecarbon INFO @ 12:04:44] CPU Model on constant consumption mode: Intel(R) Xeon(R) Gold 6258R CPU @ 2.70GHz
[codecarbon INFO @ 12:04:44] [setup] GPU Tracking...
[codecarbon INFO @ 12:04:44] Tracking Nvidia GPU via pynvml
[codecarbon INFO @ 12:04:44] >>> Tracker's metadata:
[codecarbon INFO @ 12:04:44]   Platform system: Windows-11-10.0.22631-SP0
[codecarbon INFO @ 12:04:44]   Python version: 3.12.7
[codecarbon INFO @ 12:04:44]   CodeCarbon version: 2.8.3
[codecarbon INFO @ 12:04:44]   Available RAM : 126.630 GB
[codecarbon INFO @ 12:04:44]   CPU count: 56
[codecarbon INFO @ 12:04:44]   CPU model: Intel(R) Xeon(R) Gold 6258R CPU @ 2.70GHz
[codecarbon INFO @ 12:04:44]   GPU count: 2
[codecarbon INFO @ 12:04:44]   GPU model: 2 x NVIDIA RTX A5000
[codecarbon INFO @ 12:04:47] Saving emissions data to file C:\Users\pr8pf\Documents\GitHub\SplitFed\emissions.csv
[codecarbon INFO @ 12:04:48] Energy consumed for RAM : 0.000012 kWh. RAM Power : 47.48608875274658 W
[codecarbon INFO @ 12:04:48] Energy consumed for all CPUs : 0.000025 kWh. Total CPU Power : 102.50000000000001 W
[codecarbon INFO @ 12:04:48] Energy consumed for all GPUs : 0.000005 kWh. Total GPU Power : 18.52700358213491 W
[codecarbon INFO @ 12:04:48] 0.000041 kWh of electricity used since the beginning.
################################################################
#                              batch_size: 64                  #
#                         test_batch_size: 64                  #
#                                  epochs: 10                  #
#                               optimizer: SGD                 #
#                                      lr: 0.001               #
#                                momentum: 0.5                 #
#                                    seed: 1                   #
#                             num_clients: 10                  #
#                                   scale: 3                   #
#                                 dataset: plant               #
#                             loader_type: dirichlet           #
#                                      AR: flame               #
#                                    side: both                #
#                                     PDR: 1.0                 #
#                                  attack: label_flipping 5->9 #
#                          label_flipping: uni                 #
#                         experiment_name: split_fed_label_flipping_5_to_9_inner_epochs=5_epochs=10_PDR=1.0_scale=3_flame#
#                            inner_epochs: 5                   #
#                                   setup: split_fed           #
#                                   alpha: 0.5                 #
################################################################
NVIDIA RTX A5000
---------split_fed_label_flipping_5_to_9_inner_epochs=5_epochs=10_PDR=1.0_scale=3_flame----------
initialize a data loader
Using cuda
[91m Client0 Train => Local Epoch: 0 / 5 	Acc: 35.210 	Loss: 1.9941[00m
[91m Client0 Train => Local Epoch: 1 / 5 	Acc: 56.008 	Loss: 1.3640[00m
[91m Client0 Train => Local Epoch: 2 / 5 	Acc: 64.359 	Loss: 1.1250[00m
[91m Client0 Train => Local Epoch: 3 / 5 	Acc: 68.858 	Loss: 0.9508[00m
[91m Client0 Train => Local Epoch: 4 / 5 	Acc: 71.525 	Loss: 0.8649[00m
[92m  Client0 Test => 	Acc: 32.725 	Loss: 3.5260[00m
[91m Client1 Train => Local Epoch: 0 / 5 	Acc: 22.222 	Loss: 3.7197[00m
[91m Client1 Train => Local Epoch: 1 / 5 	Acc: 39.497 	Loss: 1.9876[00m
[91m Client1 Train => Local Epoch: 2 / 5 	Acc: 39.497 	Loss: 1.8888[00m
[91m Client1 Train => Local Epoch: 3 / 5 	Acc: 42.274 	Loss: 1.7732[00m
[91m Client1 Train => Local Epoch: 4 / 5 	Acc: 45.052 	Loss: 1.6446[00m
[92m  Client1 Test => 	Acc: 16.242 	Loss: 4.6188[00m
[91m Client2 Train => Local Epoch: 0 / 5 	Acc: 34.809 	Loss: 3.3673[00m
[91m Client2 Train => Local Epoch: 1 / 5 	Acc: 42.101 	Loss: 2.1251[00m
[91m Client2 Train => Local Epoch: 2 / 5 	Acc: 47.135 	Loss: 1.9944[00m
[91m Client2 Train => Local Epoch: 3 / 5 	Acc: 47.483 	Loss: 1.8434[00m
[91m Client2 Train => Local Epoch: 4 / 5 	Acc: 47.830 	Loss: 1.7156[00m
[92m  Client2 Test => 	Acc: 9.116 	Loss: 4.1664[00m
[91m Client3 Train => Local Epoch: 0 / 5 	Acc: 24.479 	Loss: 6.6722[00m
[91m Client3 Train => Local Epoch: 1 / 5 	Acc: 31.293 	Loss: 1.9898[00m
[91m Client3 Train => Local Epoch: 2 / 5 	Acc: 51.215 	Loss: 1.6671[00m
[91m Client3 Train => Local Epoch: 3 / 5 	Acc: 61.849 	Loss: 1.3689[00m
[91m Client3 Train => Local Epoch: 4 / 5 	Acc: 68.880 	Loss: 1.1136[00m
[92m  Client3 Test => 	Acc: 25.221 	Loss: 3.6684[00m
[91m Client4 Train => Local Epoch: 0 / 5 	Acc: 16.113 	Loss: 4.8122[00m
[91m Client4 Train => Local Epoch: 1 / 5 	Acc: 24.414 	Loss: 2.5832[00m
[91m Client4 Train => Local Epoch: 2 / 5 	Acc: 25.195 	Loss: 2.2228[00m
[91m Client4 Train => Local Epoch: 3 / 5 	Acc: 38.281 	Loss: 1.8761[00m
[91m Client4 Train => Local Epoch: 4 / 5 	Acc: 49.414 	Loss: 1.5353[00m
[92m  Client4 Test => 	Acc: 21.640 	Loss: 4.2093[00m
[91m Client5 Train => Local Epoch: 0 / 5 	Acc: 19.401 	Loss: 3.7064[00m
[91m Client5 Train => Local Epoch: 1 / 5 	Acc: 24.349 	Loss: 2.4651[00m
[91m Client5 Train => Local Epoch: 2 / 5 	Acc: 31.250 	Loss: 2.0384[00m
[91m Client5 Train => Local Epoch: 3 / 5 	Acc: 30.729 	Loss: 1.9762[00m
[91m Client5 Train => Local Epoch: 4 / 5 	Acc: 41.667 	Loss: 1.8298[00m
[92m  Client5 Test => 	Acc: 23.697 	Loss: 3.8546[00m
[91m Client6 Train => Local Epoch: 0 / 5 	Acc: 26.000 	Loss: 2.7306[00m
[91m Client6 Train => Local Epoch: 1 / 5 	Acc: 43.688 	Loss: 1.8267[00m
[91m Client6 Train => Local Epoch: 2 / 5 	Acc: 57.469 	Loss: 1.3764[00m
[91m Client6 Train => Local Epoch: 3 / 5 	Acc: 67.062 	Loss: 1.0756[00m
[91m Client6 Train => Local Epoch: 4 / 5 	Acc: 71.031 	Loss: 0.9083[00m
[92m  Client6 Test => 	Acc: 49.657 	Loss: 1.8905[00m
[91m Client7 Train => Local Epoch: 0 / 5 	Acc: 18.281 	Loss: 3.2440[00m
[91m Client7 Train => Local Epoch: 1 / 5 	Acc: 23.516 	Loss: 2.2915[00m
[91m Client7 Train => Local Epoch: 2 / 5 	Acc: 25.391 	Loss: 2.1664[00m
[91m Client7 Train => Local Epoch: 3 / 5 	Acc: 26.719 	Loss: 2.1511[00m
[91m Client7 Train => Local Epoch: 4 / 5 	Acc: 34.297 	Loss: 1.9642[00m
[92m  Client7 Test => 	Acc: 18.398 	Loss: 3.3816[00m
[91m Client8 Train => Local Epoch: 0 / 5 	Acc: 17.578 	Loss: 6.5378[00m
[91m Client8 Train => Local Epoch: 1 / 5 	Acc: 19.792 	Loss: 2.4272[00m
[91m Client8 Train => Local Epoch: 2 / 5 	Acc: 21.354 	Loss: 2.2228[00m
[91m Client8 Train => Local Epoch: 3 / 5 	Acc: 24.609 	Loss: 2.1266[00m
[91m Client8 Train => Local Epoch: 4 / 5 	Acc: 28.646 	Loss: 2.1454[00m
[92m  Client8 Test => 	Acc: 5.333 	Loss: 4.7420[00m
[91m Client9 Train => Local Epoch: 0 / 5 	Acc: 18.089 	Loss: 3.8243[00m
[91m Client9 Train => Local Epoch: 1 / 5 	Acc: 28.125 	Loss: 2.0843[00m
[91m Client9 Train => Local Epoch: 2 / 5 	Acc: 29.928 	Loss: 2.0811[00m
[91m Client9 Train => Local Epoch: 3 / 5 	Acc: 42.127 	Loss: 1.7385[00m
[91m Client9 Train => Local Epoch: 4 / 5 	Acc: 48.257 	Loss: 1.5927[00m
[92m  Client9 Test => 	Acc: 39.644 	Loss: 2.4336[00m
------------------------------------------------
------ Federation process at Server-Side ------- 
------------------------------------------------
-----------------------------------------------------------
------ FedServer: Federation process at Client-Side ------- 
-----------------------------------------------------------
[92m  Client0 Test => 	Acc: 11.081 	Loss: 2.6893[00m
 Train: Round   0, Avg Accuracy 50.660 | Avg Loss 1.531
[91m Client0 Train => Local Epoch: 0 / 5 	Acc: 35.614 	Loss: 1.8693[00m
[91m Client0 Train => Local Epoch: 1 / 5 	Acc: 38.147 	Loss: 1.7589[00m
[91m Client0 Train => Local Epoch: 2 / 5 	Acc: 38.389 	Loss: 1.7562[00m
[91m Client0 Train => Local Epoch: 3 / 5 	Acc: 38.335 	Loss: 1.7563[00m
[91m Client0 Train => Local Epoch: 4 / 5 	Acc: 38.497 	Loss: 1.7554[00m
[92m  Client0 Test => 	Acc: 12.335 	Loss: 4.0925[00m
[91m Client1 Train => Local Epoch: 0 / 5 	Acc: 39.670 	Loss: 2.2233[00m
[91m Client1 Train => Local Epoch: 1 / 5 	Acc: 39.323 	Loss: 1.9148[00m
[91m Client1 Train => Local Epoch: 2 / 5 	Acc: 39.236 	Loss: 1.8814[00m
[91m Client1 Train => Local Epoch: 3 / 5 	Acc: 41.406 	Loss: 1.7516[00m
[91m Client1 Train => Local Epoch: 4 / 5 	Acc: 46.007 	Loss: 1.6412[00m
[92m  Client1 Test => 	Acc: 15.679 	Loss: 4.9421[00m
[91m Client2 Train => Local Epoch: 0 / 5 	Acc: 47.222 	Loss: 2.1866[00m
[91m Client2 Train => Local Epoch: 1 / 5 	Acc: 47.135 	Loss: 1.9734[00m
[91m Client2 Train => Local Epoch: 2 / 5 	Acc: 47.222 	Loss: 1.9248[00m
[91m Client2 Train => Local Epoch: 3 / 5 	Acc: 47.049 	Loss: 1.7309[00m
[91m Client2 Train => Local Epoch: 4 / 5 	Acc: 42.708 	Loss: 1.7921[00m
[92m  Client2 Test => 	Acc: 15.624 	Loss: 14.1826[00m
[91m Client3 Train => Local Epoch: 0 / 5 	Acc: 27.691 	Loss: 2.0637[00m
[91m Client3 Train => Local Epoch: 1 / 5 	Acc: 58.507 	Loss: 1.4421[00m
[91m Client3 Train => Local Epoch: 2 / 5 	Acc: 71.875 	Loss: 1.0254[00m
[91m Client3 Train => Local Epoch: 3 / 5 	Acc: 75.911 	Loss: 0.8426[00m
[91m Client3 Train => Local Epoch: 4 / 5 	Acc: 77.474 	Loss: 0.7673[00m
[92m  Client3 Test => 	Acc: 40.561 	Loss: 2.2049[00m
[91m Client4 Train => Local Epoch: 0 / 5 	Acc: 20.801 	Loss: 2.4792[00mC:\Users\pr8pf\AppData\Local\anaconda3\Lib\site-packages\sklearn\cluster\_kmeans.py:1429: UserWarning: KMeans is known to have a memory leak on Windows with MKL, when there are less chunks than available threads. You can avoid it by setting the environment variable OMP_NUM_THREADS=1.
  warnings.warn(
C:\Users\pr8pf\AppData\Local\anaconda3\Lib\site-packages\sklearn\cluster\_kmeans.py:1429: UserWarning: KMeans is known to have a memory leak on Windows with MKL, when there are less chunks than available threads. You can avoid it by setting the environment variable OMP_NUM_THREADS=1.
  warnings.warn(
[codecarbon INFO @ 12:30:21] [setup] RAM Tracking...
[codecarbon INFO @ 12:30:21] [setup] CPU Tracking...
[codecarbon WARNING @ 12:30:21] No CPU tracking mode found. Falling back on CPU constant mode. 
 Windows OS detected: Please install Intel Power Gadget to measure CPU

[codecarbon INFO @ 12:30:23] CPU Model on constant consumption mode: Intel(R) Xeon(R) Gold 6258R CPU @ 2.70GHz
[codecarbon INFO @ 12:30:23] [setup] GPU Tracking...
[codecarbon INFO @ 12:30:23] Tracking Nvidia GPU via pynvml
[codecarbon INFO @ 12:30:23] >>> Tracker's metadata:
[codecarbon INFO @ 12:30:23]   Platform system: Windows-11-10.0.22631-SP0
[codecarbon INFO @ 12:30:23]   Python version: 3.12.7
[codecarbon INFO @ 12:30:23]   CodeCarbon version: 2.8.3
[codecarbon INFO @ 12:30:23]   Available RAM : 126.630 GB
[codecarbon INFO @ 12:30:23]   CPU count: 56
[codecarbon INFO @ 12:30:23]   CPU model: Intel(R) Xeon(R) Gold 6258R CPU @ 2.70GHz
[codecarbon INFO @ 12:30:23]   GPU count: 2
[codecarbon INFO @ 12:30:23]   GPU model: 2 x NVIDIA RTX A5000
[codecarbon INFO @ 12:30:26] Saving emissions data to file C:\Users\pr8pf\Documents\GitHub\SplitFed\emissions.csv
[codecarbon INFO @ 12:30:27] Energy consumed for RAM : 0.000006 kWh. RAM Power : 47.48608875274658 W
[codecarbon INFO @ 12:30:27] Energy consumed for all CPUs : 0.000014 kWh. Total CPU Power : 102.50000000000001 W
[codecarbon INFO @ 12:30:27] Energy consumed for all GPUs : 0.000002 kWh. Total GPU Power : 16.067644872637146 W
[codecarbon INFO @ 12:30:27] 0.000022 kWh of electricity used since the beginning.
[codecarbon INFO @ 12:31:23] [setup] RAM Tracking...
[codecarbon INFO @ 12:31:23] [setup] CPU Tracking...
[codecarbon WARNING @ 12:31:23] No CPU tracking mode found. Falling back on CPU constant mode. 
 Windows OS detected: Please install Intel Power Gadget to measure CPU

[codecarbon INFO @ 12:31:25] CPU Model on constant consumption mode: Intel(R) Xeon(R) Gold 6258R CPU @ 2.70GHz
[codecarbon INFO @ 12:31:25] [setup] GPU Tracking...
[codecarbon INFO @ 12:31:25] Tracking Nvidia GPU via pynvml
[codecarbon INFO @ 12:31:25] >>> Tracker's metadata:
[codecarbon INFO @ 12:31:25]   Platform system: Windows-11-10.0.22631-SP0
[codecarbon INFO @ 12:31:25]   Python version: 3.12.7
[codecarbon INFO @ 12:31:25]   CodeCarbon version: 2.8.3
[codecarbon INFO @ 12:31:25]   Available RAM : 126.630 GB
[codecarbon INFO @ 12:31:25]   CPU count: 56
[codecarbon INFO @ 12:31:25]   CPU model: Intel(R) Xeon(R) Gold 6258R CPU @ 2.70GHz
[codecarbon INFO @ 12:31:25]   GPU count: 2
[codecarbon INFO @ 12:31:25]   GPU model: 2 x NVIDIA RTX A5000
[codecarbon INFO @ 12:31:28] Saving emissions data to file C:\Users\pr8pf\Documents\GitHub\SplitFed\emissions.csv
[codecarbon INFO @ 12:31:28] Energy consumed for RAM : 0.000007 kWh. RAM Power : 47.48608875274658 W
[codecarbon INFO @ 12:31:28] Energy consumed for all CPUs : 0.000015 kWh. Total CPU Power : 102.50000000000001 W
[codecarbon INFO @ 12:31:28] Energy consumed for all GPUs : 0.000003 kWh. Total GPU Power : 18.408700883149436 W
[codecarbon INFO @ 12:31:28] 0.000025 kWh of electricity used since the beginning.
C:\Users\pr8pf\AppData\Local\anaconda3\Lib\site-packages\sklearn\cluster\_kmeans.py:1429: UserWarning: KMeans is known to have a memory leak on Windows with MKL, when there are less chunks than available threads. You can avoid it by setting the environment variable OMP_NUM_THREADS=1.
  warnings.warn(
C:\Users\pr8pf\AppData\Local\anaconda3\Lib\site-packages\sklearn\cluster\_kmeans.py:1429: UserWarning: KMeans is known to have a memory leak on Windows with MKL, when there are less chunks than available threads. You can avoid it by setting the environment variable OMP_NUM_THREADS=1.
  warnings.warn(
[codecarbon INFO @ 12:56:46] [setup] RAM Tracking...
[codecarbon INFO @ 12:56:46] [setup] CPU Tracking...
[codecarbon WARNING @ 12:56:46] No CPU tracking mode found. Falling back on CPU constant mode. 
 Windows OS detected: Please install Intel Power Gadget to measure CPU

[codecarbon INFO @ 12:56:47] CPU Model on constant consumption mode: Intel(R) Xeon(R) Gold 6258R CPU @ 2.70GHz
[codecarbon INFO @ 12:56:47] [setup] GPU Tracking...
[codecarbon INFO @ 12:56:47] Tracking Nvidia GPU via pynvml
[codecarbon INFO @ 12:56:47] >>> Tracker's metadata:
[codecarbon INFO @ 12:56:47]   Platform system: Windows-11-10.0.22631-SP0
[codecarbon INFO @ 12:56:47]   Python version: 3.12.7
[codecarbon INFO @ 12:56:47]   CodeCarbon version: 2.8.3
[codecarbon INFO @ 12:56:47]   Available RAM : 126.630 GB
[codecarbon INFO @ 12:56:47]   CPU count: 56
[codecarbon INFO @ 12:56:47]   CPU model: Intel(R) Xeon(R) Gold 6258R CPU @ 2.70GHz
[codecarbon INFO @ 12:56:47]   GPU count: 2
[codecarbon INFO @ 12:56:47]   GPU model: 2 x NVIDIA RTX A5000
[codecarbon INFO @ 12:56:51] Saving emissions data to file C:\Users\pr8pf\Documents\GitHub\SplitFed\emissions.csv
[codecarbon INFO @ 12:56:51] Energy consumed for RAM : 0.000011 kWh. RAM Power : 47.48608875274658 W
[codecarbon INFO @ 12:56:51] Energy consumed for all CPUs : 0.000024 kWh. Total CPU Power : 102.50000000000001 W
[codecarbon INFO @ 12:56:51] Energy consumed for all GPUs : 0.000004 kWh. Total GPU Power : 16.192030214072847 W
[codecarbon INFO @ 12:56:51] 0.000038 kWh of electricity used since the beginning.
[codecarbon INFO @ 12:57:46] [setup] RAM Tracking...
[codecarbon INFO @ 12:57:46] [setup] CPU Tracking...
[codecarbon WARNING @ 12:57:46] No CPU tracking mode found. Falling back on CPU constant mode. 
 Windows OS detected: Please install Intel Power Gadget to measure CPU

[codecarbon INFO @ 12:57:48] CPU Model on constant consumption mode: Intel(R) Xeon(R) Gold 6258R CPU @ 2.70GHz
[codecarbon INFO @ 12:57:48] [setup] GPU Tracking...
[codecarbon INFO @ 12:57:48] Tracking Nvidia GPU via pynvml
[codecarbon INFO @ 12:57:48] >>> Tracker's metadata:
[codecarbon INFO @ 12:57:48]   Platform system: Windows-11-10.0.22631-SP0
[codecarbon INFO @ 12:57:48]   Python version: 3.12.7
[codecarbon INFO @ 12:57:48]   CodeCarbon version: 2.8.3
[codecarbon INFO @ 12:57:48]   Available RAM : 126.630 GB
[codecarbon INFO @ 12:57:48]   CPU count: 56
[codecarbon INFO @ 12:57:48]   CPU model: Intel(R) Xeon(R) Gold 6258R CPU @ 2.70GHz
[codecarbon INFO @ 12:57:48]   GPU count: 2
[codecarbon INFO @ 12:57:48]   GPU model: 2 x NVIDIA RTX A5000
[codecarbon INFO @ 12:57:51] Saving emissions data to file C:\Users\pr8pf\Documents\GitHub\SplitFed\emissions.csv
[codecarbon INFO @ 12:57:52] Energy consumed for RAM : 0.000008 kWh. RAM Power : 47.48608875274658 W
[codecarbon INFO @ 12:57:52] Energy consumed for all CPUs : 0.000017 kWh. Total CPU Power : 102.50000000000001 W
[codecarbon INFO @ 12:57:52] Energy consumed for all GPUs : 0.000003 kWh. Total GPU Power : 19.070814496297242 W
[codecarbon INFO @ 12:57:52] 0.000027 kWh of electricity used since the beginning.

[91m Client4 Train => Local Epoch: 1 / 5 	Acc: 32.031 	Loss: 1.9150[00m
[91m Client4 Train => Local Epoch: 2 / 5 	Acc: 50.195 	Loss: 1.5822[00m
[91m Client4 Train => Local Epoch: 3 / 5 	Acc: 54.688 	Loss: 1.3638[00m
[91m Client4 Train => Local Epoch: 4 / 5 	Acc: 57.422 	Loss: 1.2230[00m
[92m  Client4 Test => 	Acc: 25.544 	Loss: 4.2101[00m
[91m Client5 Train => Local Epoch: 0 / 5 	Acc: 17.708 	Loss: 2.4242[00m
[91m Client5 Train => Local Epoch: 1 / 5 	Acc: 29.036 	Loss: 2.0691[00m
[91m Client5 Train => Local Epoch: 2 / 5 	Acc: 31.250 	Loss: 1.9922[00m
[91m Client5 Train => Local Epoch: 3 / 5 	Acc: 35.677 	Loss: 1.8486[00m
[91m Client5 Train => Local Epoch: 4 / 5 	Acc: 54.427 	Loss: 1.5059[00m
[92m  Client5 Test => 	Acc: 28.182 	Loss: 3.4491[00m
[91m Client6 Train => Local Epoch: 0 / 5 	Acc: 26.062 	Loss: 2.1598[00m
[91m Client6 Train => Local Epoch: 1 / 5 	Acc: 25.312 	Loss: 2.0893[00m
[91m Client6 Train => Local Epoch: 2 / 5 	Acc: 25.500 	Loss: 2.0836[00m
[91m Client6 Train => Local Epoch: 3 / 5 	Acc: 25.531 	Loss: 2.0811[00m
[91m Client6 Train => Local Epoch: 4 / 5 	Acc: 25.062 	Loss: 2.0808[00m
[92m  Client6 Test => 	Acc: 12.362 	Loss: 3.2981[00m
[91m Client7 Train => Local Epoch: 0 / 5 	Acc: 19.531 	Loss: 2.4038[00m
[91m Client7 Train => Local Epoch: 1 / 5 	Acc: 26.641 	Loss: 2.2086[00m
[91m Client7 Train => Local Epoch: 2 / 5 	Acc: 27.031 	Loss: 2.0476[00m
[91m Client7 Train => Local Epoch: 3 / 5 	Acc: 38.828 	Loss: 1.8417[00m
[91m Client7 Train => Local Epoch: 4 / 5 	Acc: 51.172 	Loss: 1.4564[00m
[92m  Client7 Test => 	Acc: 31.313 	Loss: 3.0791[00m
[91m Client8 Train => Local Epoch: 0 / 5 	Acc: 17.318 	Loss: 2.5736[00m
[91m Client8 Train => Local Epoch: 1 / 5 	Acc: 26.042 	Loss: 2.1925[00m
[91m Client8 Train => Local Epoch: 2 / 5 	Acc: 40.885 	Loss: 1.9967[00m
[91m Client8 Train => Local Epoch: 3 / 5 	Acc: 43.359 	Loss: 1.9455[00m
[91m Client8 Train => Local Epoch: 4 / 5 	Acc: 49.870 	Loss: 1.6838[00m
[92m  Client8 Test => 	Acc: 9.580 	Loss: 3.4134[00m
[91m Client9 Train => Local Epoch: 0 / 5 	Acc: 19.952 	Loss: 2.2573[00m
[91m Client9 Train => Local Epoch: 1 / 5 	Acc: 25.661 	Loss: 2.1187[00m
[91m Client9 Train => Local Epoch: 2 / 5 	Acc: 26.683 	Loss: 2.0773[00m
[91m Client9 Train => Local Epoch: 3 / 5 	Acc: 30.829 	Loss: 2.0974[00m
[91m Client9 Train => Local Epoch: 4 / 5 	Acc: 46.635 	Loss: 1.5980[00m
[92m  Client9 Test => 	Acc: 37.020 	Loss: 2.4737[00m
------------------------------------------------
------ Federation process at Server-Side ------- 
------------------------------------------------
-----------------------------------------------------------
------ FedServer: Federation process at Client-Side ------- 
-----------------------------------------------------------
[92m  Client0 Test => 	Acc: 11.067 	Loss: 2.6502[00m
 Train: Round   1, Avg Accuracy 48.927 | Avg Loss 1.550
[91m Client0 Train => Local Epoch: 0 / 5 	Acc: 39.359 	Loss: 2.0457[00m
[91m Client0 Train => Local Epoch: 1 / 5 	Acc: 36.261 	Loss: 2.0582[00m
[91m Client0 Train => Local Epoch: 2 / 5 	Acc: 37.985 	Loss: 1.7528[00m
[91m Client0 Train => Local Epoch: 3 / 5 	Acc: 38.497 	Loss: 1.7525[00m
[91m Client0 Train => Local Epoch: 4 / 5 	Acc: 38.416 	Loss: 1.7517[00m
[92m  Client0 Test => 	Acc: 12.368 	Loss: 3.9021[00m
[91m Client1 Train => Local Epoch: 0 / 5 	Acc: 39.323 	Loss: 2.2158[00m
[91m Client1 Train => Local Epoch: 1 / 5 	Acc: 38.542 	Loss: 1.9195[00m
[91m Client1 Train => Local Epoch: 2 / 5 	Acc: 40.799 	Loss: 1.7745[00m
[91m Client1 Train => Local Epoch: 3 / 5 	Acc: 50.694 	Loss: 1.4870[00m
[91m Client1 Train => Local Epoch: 4 / 5 	Acc: 59.201 	Loss: 1.2099[00m
[92m  Client1 Test => 	Acc: 23.680 	Loss: 5.0102[00m
[91m Client2 Train => Local Epoch: 0 / 5 	Acc: 46.875 	Loss: 2.1636[00m
[91m Client2 Train => Local Epoch: 1 / 5 	Acc: 46.962 	Loss: 1.9381[00m
[91m Client2 Train => Local Epoch: 2 / 5 	Acc: 47.135 	Loss: 1.7691[00m
[91m Client2 Train => Local Epoch: 3 / 5 	Acc: 47.396 	Loss: 1.5571[00m
[91m Client2 Train => Local Epoch: 4 / 5 	Acc: 52.778 	Loss: 1.4812[00m
[92m  Client2 Test => 	Acc: 20.308 	Loss: 6.6180[00m
[91m Client3 Train => Local Epoch: 0 / 5 	Acc: 27.604 	Loss: 2.1339[00m
[91m Client3 Train => Local Epoch: 1 / 5 	Acc: 53.906 	Loss: 1.5497[00m
[91m Client3 Train => Local Epoch: 2 / 5 	Acc: 69.661 	Loss: 1.0860[00m
[91m Client3 Train => Local Epoch: 3 / 5 	Acc: 74.957 	Loss: 0.8783[00m
[91m Client3 Train => Local Epoch: 4 / 5 	Acc: 77.865 	Loss: 0.7506[00m
[92m  Client3 Test => 	Acc: 31.849 	Loss: 2.4240[00m
[91m Client4 Train => Local Epoch: 0 / 5 	Acc: 17.871 	Loss: 2.6299[00m
[91m Client4 Train => Local Epoch: 1 / 5 	Acc: 27.539 	Loss: 2.0445[00m
[91m Client4 Train => Local Epoch: 2 / 5 	Acc: 44.043 	Loss: 1.6319[00m
[91m Client4 Train => Local Epoch: 3 / 5 	Acc: 45.898 	Loss: 1.6966[00m
[91m Client4 Train => Local Epoch: 4 / 5 	Acc: 53.809 	Loss: 1.3521[00m
[92m  Client4 Test => 	Acc: 26.499 	Loss: 3.9209[00m
[91m Client5 Train => Local Epoch: 0 / 5 	Acc: 21.484 	Loss: 2.3854[00m
[91m Client5 Train => Local Epoch: 1 / 5 	Acc: 48.047 	Loss: 1.7896[00m
[91m Client5 Train => Local Epoch: 2 / 5 	Acc: 52.604 	Loss: 1.5151[00m
[91m Client5 Train => Local Epoch: 3 / 5 	Acc: 56.510 	Loss: 1.4252[00m
[91m Client5 Train => Local Epoch: 4 / 5 	Acc: 50.781 	Loss: 1.5485[00m
[92m  Client5 Test => 	Acc: 27.382 	Loss: 2.7366[00m
[91m Client6 Train => Local Epoch: 0 / 5 	Acc: 34.906 	Loss: 2.0377[00m
[91m Client6 Train => Local Epoch: 1 / 5 	Acc: 54.688 	Loss: 1.5250[00m
[91m Client6 Train => Local Epoch: 2 / 5 	Acc: 61.656 	Loss: 1.2536[00m
[91m Client6 Train => Local Epoch: 3 / 5 	Acc: 58.469 	Loss: 1.4001[00m
[91m Client6 Train => Local Epoch: 4 / 5 	Acc: 66.281 	Loss: 1.1390[00m
[92m  Client6 Test => 	Acc: 44.293 	Loss: 1.9777[00m
[91m Client7 Train => Local Epoch: 0 / 5 	Acc: 22.031 	Loss: 2.4086[00m
[91m Client7 Train => Local Epoch: 1 / 5 	Acc: 30.859 	Loss: 2.1246[00m
[91m Client7 Train => Local Epoch: 2 / 5 	Acc: 34.766 	Loss: 1.9897[00m
[91m Client7 Train => Local Epoch: 3 / 5 	Acc: 44.609 	Loss: 1.6608[00m
[91m Client7 Train => Local Epoch: 4 / 5 	Acc: 54.219 	Loss: 1.4128[00m
[92m  Client7 Test => 	Acc: 35.725 	Loss: 2.6205[00m
[91m Client8 Train => Local Epoch: 0 / 5 	Acc: 8.203 	Loss: 2.7783[00m
[91m Client8 Train => Local Epoch: 1 / 5 	Acc: 27.865 	Loss: 2.2513[00m
[91m Client8 Train => Local Epoch: 2 / 5 	Acc: 27.995 	Loss: 2.1359[00m
[91m Client8 Train => Local Epoch: 3 / 5 	Acc: 32.031 	Loss: 2.0156[00m
[91m Client8 Train => Local Epoch: 4 / 5 	Acc: 44.271 	Loss: 1.7753[00m
[92m  Client8 Test => 	Acc: 20.555 	Loss: 3.3989[00m
[91m Client9 Train => Local Epoch: 0 / 5 	Acc: 23.017 	Loss: 2.1888[00m
[91m Client9 Train => Local Epoch: 1 / 5 	Acc: 43.810 	Loss: 1.6658[00m
[91m Client9 Train => Local Epoch: 2 / 5 	Acc: 48.678 	Loss: 1.6743[00m
[91m Client9 Train => Local Epoch: 3 / 5 	Acc: 60.877 	Loss: 1.2818[00m
[91m Client9 Train => Local Epoch: 4 / 5 	Acc: 66.286 	Loss: 1.1667[00m
[92m  Client9 Test => 	Acc: 43.688 	Loss: 1.9228[00m
------------------------------------------------
------ Federation process at Server-Side ------- 
------------------------------------------------
-----------------------------------------------------------
------ FedServer: Federation process at Client-Side ------- 
-----------------------------------------------------------
[92m  Client0 Test => 	Acc: 11.101 	Loss: 2.6290[00m
 Train: Round   2, Avg Accuracy 56.391 | Avg Loss 1.359
[91m Client0 Train => Local Epoch: 0 / 5 	Acc: 34.456 	Loss: 2.0138[00m
[91m Client0 Train => Local Epoch: 1 / 5 	Acc: 39.547 	Loss: 1.8537[00m
[91m Client0 Train => Local Epoch: 2 / 5 	Acc: 43.534 	Loss: 1.6808[00m
[91m Client0 Train => Local Epoch: 3 / 5 	Acc: 56.600 	Loss: 1.4088[00m
[91m Client0 Train => Local Epoch: 4 / 5 	Acc: 64.817 	Loss: 1.1050[00m
[92m  Client0 Test => 	Acc: 24.819 	Loss: 3.6683[00m
[91m Client1 Train => Local Epoch: 0 / 5 	Acc: 39.236 	Loss: 2.2457[00mC:\Users\pr8pf\AppData\Local\anaconda3\Lib\site-packages\sklearn\cluster\_kmeans.py:1429: UserWarning: KMeans is known to have a memory leak on Windows with MKL, when there are less chunks than available threads. You can avoid it by setting the environment variable OMP_NUM_THREADS=1.
  warnings.warn(
C:\Users\pr8pf\AppData\Local\anaconda3\Lib\site-packages\sklearn\cluster\_kmeans.py:1429: UserWarning: KMeans is known to have a memory leak on Windows with MKL, when there are less chunks than available threads. You can avoid it by setting the environment variable OMP_NUM_THREADS=1.
  warnings.warn(
[codecarbon INFO @ 13:22:59] [setup] RAM Tracking...
[codecarbon INFO @ 13:22:59] [setup] CPU Tracking...
[codecarbon WARNING @ 13:22:59] No CPU tracking mode found. Falling back on CPU constant mode. 
 Windows OS detected: Please install Intel Power Gadget to measure CPU

[codecarbon INFO @ 13:23:01] CPU Model on constant consumption mode: Intel(R) Xeon(R) Gold 6258R CPU @ 2.70GHz
[codecarbon INFO @ 13:23:01] [setup] GPU Tracking...
[codecarbon INFO @ 13:23:01] Tracking Nvidia GPU via pynvml
[codecarbon INFO @ 13:23:01] >>> Tracker's metadata:
[codecarbon INFO @ 13:23:01]   Platform system: Windows-11-10.0.22631-SP0
[codecarbon INFO @ 13:23:01]   Python version: 3.12.7
[codecarbon INFO @ 13:23:01]   CodeCarbon version: 2.8.3
[codecarbon INFO @ 13:23:01]   Available RAM : 126.630 GB
[codecarbon INFO @ 13:23:01]   CPU count: 56
[codecarbon INFO @ 13:23:01]   CPU model: Intel(R) Xeon(R) Gold 6258R CPU @ 2.70GHz
[codecarbon INFO @ 13:23:01]   GPU count: 2
[codecarbon INFO @ 13:23:01]   GPU model: 2 x NVIDIA RTX A5000
[codecarbon INFO @ 13:23:04] Saving emissions data to file C:\Users\pr8pf\Documents\GitHub\SplitFed\emissions.csv
[codecarbon INFO @ 13:23:05] Energy consumed for RAM : 0.000009 kWh. RAM Power : 47.48608875274658 W
[codecarbon INFO @ 13:23:05] Energy consumed for all CPUs : 0.000020 kWh. Total CPU Power : 102.50000000000001 W
[codecarbon INFO @ 13:23:05] Energy consumed for all GPUs : 0.000004 kWh. Total GPU Power : 17.903503736824838 W
[codecarbon INFO @ 13:23:05] 0.000033 kWh of electricity used since the beginning.
[codecarbon INFO @ 13:24:01] [setup] RAM Tracking...
[codecarbon INFO @ 13:24:01] [setup] CPU Tracking...
[codecarbon WARNING @ 13:24:01] No CPU tracking mode found. Falling back on CPU constant mode. 
 Windows OS detected: Please install Intel Power Gadget to measure CPU

[codecarbon INFO @ 13:24:02] CPU Model on constant consumption mode: Intel(R) Xeon(R) Gold 6258R CPU @ 2.70GHz
[codecarbon INFO @ 13:24:02] [setup] GPU Tracking...
[codecarbon INFO @ 13:24:02] Tracking Nvidia GPU via pynvml
[codecarbon INFO @ 13:24:02] >>> Tracker's metadata:
[codecarbon INFO @ 13:24:02]   Platform system: Windows-11-10.0.22631-SP0
[codecarbon INFO @ 13:24:02]   Python version: 3.12.7
[codecarbon INFO @ 13:24:02]   CodeCarbon version: 2.8.3
[codecarbon INFO @ 13:24:02]   Available RAM : 126.630 GB
[codecarbon INFO @ 13:24:02]   CPU count: 56
[codecarbon INFO @ 13:24:02]   CPU model: Intel(R) Xeon(R) Gold 6258R CPU @ 2.70GHz
[codecarbon INFO @ 13:24:02]   GPU count: 2
[codecarbon INFO @ 13:24:02]   GPU model: 2 x NVIDIA RTX A5000
[codecarbon INFO @ 13:24:05] Saving emissions data to file C:\Users\pr8pf\Documents\GitHub\SplitFed\emissions.csv
[codecarbon INFO @ 13:24:06] Energy consumed for RAM : 0.000008 kWh. RAM Power : 47.48608875274658 W
[codecarbon INFO @ 13:24:06] Energy consumed for all CPUs : 0.000018 kWh. Total CPU Power : 102.50000000000001 W
[codecarbon INFO @ 13:24:06] Energy consumed for all GPUs : 0.000003 kWh. Total GPU Power : 17.002335913016115 W
[codecarbon INFO @ 13:24:06] 0.000029 kWh of electricity used since the beginning.

[91m Client1 Train => Local Epoch: 1 / 5 	Acc: 44.878 	Loss: 1.6615[00m
[91m Client1 Train => Local Epoch: 2 / 5 	Acc: 54.514 	Loss: 1.3945[00m
[91m Client1 Train => Local Epoch: 3 / 5 	Acc: 61.719 	Loss: 1.1624[00m
[91m Client1 Train => Local Epoch: 4 / 5 	Acc: 68.663 	Loss: 0.9586[00m
[92m  Client1 Test => 	Acc: 29.190 	Loss: 5.5862[00m
[91m Client2 Train => Local Epoch: 0 / 5 	Acc: 46.962 	Loss: 2.1923[00m
[91m Client2 Train => Local Epoch: 1 / 5 	Acc: 50.521 	Loss: 1.5273[00m
[91m Client2 Train => Local Epoch: 2 / 5 	Acc: 59.028 	Loss: 1.2857[00m
[91m Client2 Train => Local Epoch: 3 / 5 	Acc: 63.368 	Loss: 1.0801[00m
[91m Client2 Train => Local Epoch: 4 / 5 	Acc: 70.747 	Loss: 0.9457[00m
[92m  Client2 Test => 	Acc: 32.333 	Loss: 5.1248[00m
[91m Client3 Train => Local Epoch: 0 / 5 	Acc: 44.922 	Loss: 1.7608[00m
[91m Client3 Train => Local Epoch: 1 / 5 	Acc: 70.703 	Loss: 1.0536[00m
[91m Client3 Train => Local Epoch: 2 / 5 	Acc: 75.781 	Loss: 0.8641[00m
[91m Client3 Train => Local Epoch: 3 / 5 	Acc: 78.950 	Loss: 0.7023[00m
[91m Client3 Train => Local Epoch: 4 / 5 	Acc: 81.120 	Loss: 0.5783[00m
[92m  Client3 Test => 	Acc: 49.825 	Loss: 1.9541[00m
[91m Client4 Train => Local Epoch: 0 / 5 	Acc: 23.047 	Loss: 2.3721[00m
[91m Client4 Train => Local Epoch: 1 / 5 	Acc: 45.898 	Loss: 1.6129[00m
[91m Client4 Train => Local Epoch: 2 / 5 	Acc: 51.562 	Loss: 1.6141[00m
[91m Client4 Train => Local Epoch: 3 / 5 	Acc: 47.949 	Loss: 1.6590[00m
[91m Client4 Train => Local Epoch: 4 / 5 	Acc: 60.156 	Loss: 1.1909[00m
[92m  Client4 Test => 	Acc: 34.338 	Loss: 3.1789[00m
[91m Client5 Train => Local Epoch: 0 / 5 	Acc: 24.609 	Loss: 2.4039[00m
[91m Client5 Train => Local Epoch: 1 / 5 	Acc: 47.005 	Loss: 1.8243[00m
[91m Client5 Train => Local Epoch: 2 / 5 	Acc: 54.557 	Loss: 1.5148[00m
[91m Client5 Train => Local Epoch: 3 / 5 	Acc: 57.812 	Loss: 1.3586[00m
[91m Client5 Train => Local Epoch: 4 / 5 	Acc: 58.724 	Loss: 1.2660[00m
[92m  Client5 Test => 	Acc: 35.327 	Loss: 2.9840[00m
[91m Client6 Train => Local Epoch: 0 / 5 	Acc: 26.594 	Loss: 2.2325[00m
[91m Client6 Train => Local Epoch: 1 / 5 	Acc: 24.875 	Loss: 2.7698[00m
[91m Client6 Train => Local Epoch: 2 / 5 	Acc: 25.688 	Loss: 2.6035[00m
[91m Client6 Train => Local Epoch: 3 / 5 	Acc: 26.594 	Loss: 2.0843[00m
[91m Client6 Train => Local Epoch: 4 / 5 	Acc: 26.188 	Loss: 2.0851[00m
[92m  Client6 Test => 	Acc: 11.074 	Loss: 3.2288[00m
[91m Client7 Train => Local Epoch: 0 / 5 	Acc: 21.797 	Loss: 2.4303[00m
[91m Client7 Train => Local Epoch: 1 / 5 	Acc: 32.656 	Loss: 1.9655[00m
[91m Client7 Train => Local Epoch: 2 / 5 	Acc: 40.703 	Loss: 1.8044[00m
[91m Client7 Train => Local Epoch: 3 / 5 	Acc: 48.594 	Loss: 1.5655[00m
[91m Client7 Train => Local Epoch: 4 / 5 	Acc: 53.203 	Loss: 1.4046[00m
[92m  Client7 Test => 	Acc: 37.115 	Loss: 2.5212[00m
[91m Client8 Train => Local Epoch: 0 / 5 	Acc: 9.635 	Loss: 2.6575[00m
[91m Client8 Train => Local Epoch: 1 / 5 	Acc: 39.844 	Loss: 2.0068[00m
[91m Client8 Train => Local Epoch: 2 / 5 	Acc: 45.703 	Loss: 1.9545[00m
[91m Client8 Train => Local Epoch: 3 / 5 	Acc: 32.031 	Loss: 2.1273[00m
[91m Client8 Train => Local Epoch: 4 / 5 	Acc: 35.026 	Loss: 1.8543[00m
[92m  Client8 Test => 	Acc: 17.718 	Loss: 3.2308[00m
[91m Client9 Train => Local Epoch: 0 / 5 	Acc: 25.841 	Loss: 2.1259[00m
[91m Client9 Train => Local Epoch: 1 / 5 	Acc: 42.788 	Loss: 1.8173[00m
[91m Client9 Train => Local Epoch: 2 / 5 	Acc: 37.861 	Loss: 1.7547[00m
[91m Client9 Train => Local Epoch: 3 / 5 	Acc: 40.445 	Loss: 1.7545[00m
[91m Client9 Train => Local Epoch: 4 / 5 	Acc: 54.688 	Loss: 1.4143[00m
[92m  Client9 Test => 	Acc: 42.922 	Loss: 2.2802[00m
------------------------------------------------
------ Federation process at Server-Side ------- 
------------------------------------------------
-----------------------------------------------------------
------ FedServer: Federation process at Client-Side ------- 
-----------------------------------------------------------
[92m  Client0 Test => 	Acc: 22.693 	Loss: 2.5124[00m
 Train: Round   3, Avg Accuracy 57.333 | Avg Loss 1.280
[91m Client0 Train => Local Epoch: 0 / 5 	Acc: 38.416 	Loss: 1.8485[00m
[91m Client0 Train => Local Epoch: 1 / 5 	Acc: 35.129 	Loss: 2.7203[00m
[91m Client0 Train => Local Epoch: 2 / 5 	Acc: 37.258 	Loss: 1.7839[00m
[91m Client0 Train => Local Epoch: 3 / 5 	Acc: 37.338 	Loss: 1.7617[00m
[91m Client0 Train => Local Epoch: 4 / 5 	Acc: 38.335 	Loss: 1.7560[00m
[92m  Client0 Test => 	Acc: 12.328 	Loss: 4.0453[00m
[91m Client1 Train => Local Epoch: 0 / 5 	Acc: 43.403 	Loss: 1.9401[00m
[91m Client1 Train => Local Epoch: 1 / 5 	Acc: 61.632 	Loss: 1.2890[00m
[91m Client1 Train => Local Epoch: 2 / 5 	Acc: 70.486 	Loss: 0.9765[00m
[91m Client1 Train => Local Epoch: 3 / 5 	Acc: 72.830 	Loss: 0.8423[00m
[91m Client1 Train => Local Epoch: 4 / 5 	Acc: 72.830 	Loss: 0.8093[00m
[92m  Client1 Test => 	Acc: 32.000 	Loss: 4.7709[00m
[91m Client2 Train => Local Epoch: 0 / 5 	Acc: 52.431 	Loss: 1.7344[00m
[91m Client2 Train => Local Epoch: 1 / 5 	Acc: 60.417 	Loss: 1.2480[00m
[91m Client2 Train => Local Epoch: 2 / 5 	Acc: 65.972 	Loss: 1.0140[00m
[91m Client2 Train => Local Epoch: 3 / 5 	Acc: 71.094 	Loss: 0.9326[00m
[91m Client2 Train => Local Epoch: 4 / 5 	Acc: 76.910 	Loss: 0.7377[00m
[92m  Client2 Test => 	Acc: 36.880 	Loss: 5.6191[00m
[91m Client3 Train => Local Epoch: 0 / 5 	Acc: 56.424 	Loss: 1.4339[00m
[91m Client3 Train => Local Epoch: 1 / 5 	Acc: 76.302 	Loss: 0.8055[00m
[91m Client3 Train => Local Epoch: 2 / 5 	Acc: 78.863 	Loss: 0.6919[00m
[91m Client3 Train => Local Epoch: 3 / 5 	Acc: 82.812 	Loss: 0.5507[00m
[91m Client3 Train => Local Epoch: 4 / 5 	Acc: 85.894 	Loss: 0.4538[00m
[92m  Client3 Test => 	Acc: 58.193 	Loss: 2.0162[00m
[91m Client4 Train => Local Epoch: 0 / 5 	Acc: 44.141 	Loss: 1.9002[00m
[91m Client4 Train => Local Epoch: 1 / 5 	Acc: 64.062 	Loss: 1.1009[00m
[91m Client4 Train => Local Epoch: 2 / 5 	Acc: 63.867 	Loss: 1.2239[00m
[91m Client4 Train => Local Epoch: 3 / 5 	Acc: 65.723 	Loss: 1.0110[00m
[91m Client4 Train => Local Epoch: 4 / 5 	Acc: 75.000 	Loss: 0.7824[00m
[92m  Client4 Test => 	Acc: 43.564 	Loss: 3.4440[00m
[91m Client5 Train => Local Epoch: 0 / 5 	Acc: 28.385 	Loss: 2.2492[00m
[91m Client5 Train => Local Epoch: 1 / 5 	Acc: 55.339 	Loss: 1.4735[00m
[91m Client5 Train => Local Epoch: 2 / 5 	Acc: 65.625 	Loss: 1.1236[00m
[91m Client5 Train => Local Epoch: 3 / 5 	Acc: 70.052 	Loss: 0.9675[00m
[91m Client5 Train => Local Epoch: 4 / 5 	Acc: 73.307 	Loss: 0.8614[00m
[92m  Client5 Test => 	Acc: 42.792 	Loss: 2.6272[00m
[91m Client6 Train => Local Epoch: 0 / 5 	Acc: 54.844 	Loss: 1.5365[00m
[91m Client6 Train => Local Epoch: 1 / 5 	Acc: 67.688 	Loss: 1.0723[00m
[91m Client6 Train => Local Epoch: 2 / 5 	Acc: 61.062 	Loss: 1.3056[00m
[91m Client6 Train => Local Epoch: 3 / 5 	Acc: 74.219 	Loss: 0.8387[00m
[91m Client6 Train => Local Epoch: 4 / 5 	Acc: 78.562 	Loss: 0.6912[00m
[92m  Client6 Test => 	Acc: 55.913 	Loss: 1.5833[00m
[91m Client7 Train => Local Epoch: 0 / 5 	Acc: 33.203 	Loss: 2.1491[00m
[91m Client7 Train => Local Epoch: 1 / 5 	Acc: 48.359 	Loss: 1.5487[00m
[91m Client7 Train => Local Epoch: 2 / 5 	Acc: 52.812 	Loss: 1.4045[00m
[91m Client7 Train => Local Epoch: 3 / 5 	Acc: 58.828 	Loss: 1.1547[00m
[91m Client7 Train => Local Epoch: 4 / 5 	Acc: 63.750 	Loss: 1.0420[00m
[92m  Client7 Test => 	Acc: 38.139 	Loss: 2.4001[00m
[91m Client8 Train => Local Epoch: 0 / 5 	Acc: 21.484 	Loss: 2.4409[00m
[91m Client8 Train => Local Epoch: 1 / 5 	Acc: 52.995 	Loss: 1.5414[00m
[91m Client8 Train => Local Epoch: 2 / 5 	Acc: 63.021 	Loss: 1.2245[00m
[91m Client8 Train => Local Epoch: 3 / 5 	Acc: 71.484 	Loss: 0.9453[00m
[91m Client8 Train => Local Epoch: 4 / 5 	Acc: 76.823 	Loss: 0.7714[00m
[92m  Client8 Test => 	Acc: 38.686 	Loss: 2.4353[00m
[91m Client9 Train => Local Epoch: 0 / 5 	Acc: 40.685 	Loss: 1.8402[00mC:\Users\pr8pf\AppData\Local\anaconda3\Lib\site-packages\sklearn\cluster\_kmeans.py:1429: UserWarning: KMeans is known to have a memory leak on Windows with MKL, when there are less chunks than available threads. You can avoid it by setting the environment variable OMP_NUM_THREADS=1.
  warnings.warn(
C:\Users\pr8pf\AppData\Local\anaconda3\Lib\site-packages\sklearn\cluster\_kmeans.py:1429: UserWarning: KMeans is known to have a memory leak on Windows with MKL, when there are less chunks than available threads. You can avoid it by setting the environment variable OMP_NUM_THREADS=1.
  warnings.warn(
[codecarbon INFO @ 13:49:17] [setup] RAM Tracking...
[codecarbon INFO @ 13:49:17] [setup] CPU Tracking...
[codecarbon WARNING @ 13:49:17] No CPU tracking mode found. Falling back on CPU constant mode. 
 Windows OS detected: Please install Intel Power Gadget to measure CPU

[codecarbon INFO @ 13:49:19] CPU Model on constant consumption mode: Intel(R) Xeon(R) Gold 6258R CPU @ 2.70GHz
[codecarbon INFO @ 13:49:19] [setup] GPU Tracking...
[codecarbon INFO @ 13:49:19] Tracking Nvidia GPU via pynvml
[codecarbon INFO @ 13:49:19] >>> Tracker's metadata:
[codecarbon INFO @ 13:49:19]   Platform system: Windows-11-10.0.22631-SP0
[codecarbon INFO @ 13:49:19]   Python version: 3.12.7
[codecarbon INFO @ 13:49:19]   CodeCarbon version: 2.8.3
[codecarbon INFO @ 13:49:19]   Available RAM : 126.630 GB
[codecarbon INFO @ 13:49:19]   CPU count: 56
[codecarbon INFO @ 13:49:19]   CPU model: Intel(R) Xeon(R) Gold 6258R CPU @ 2.70GHz
[codecarbon INFO @ 13:49:19]   GPU count: 2
[codecarbon INFO @ 13:49:19]   GPU model: 2 x NVIDIA RTX A5000
[codecarbon INFO @ 13:49:22] Saving emissions data to file C:\Users\pr8pf\Documents\GitHub\SplitFed\emissions.csv
[codecarbon INFO @ 13:49:23] Energy consumed for RAM : 0.000012 kWh. RAM Power : 47.48608875274658 W
[codecarbon INFO @ 13:49:23] Energy consumed for all CPUs : 0.000026 kWh. Total CPU Power : 102.50000000000001 W
[codecarbon INFO @ 13:49:23] Energy consumed for all GPUs : 0.000004 kWh. Total GPU Power : 15.224412810671751 W
[codecarbon INFO @ 13:49:23] 0.000042 kWh of electricity used since the beginning.
[codecarbon INFO @ 13:50:17] [setup] RAM Tracking...
[codecarbon INFO @ 13:50:17] [setup] CPU Tracking...
[codecarbon WARNING @ 13:50:17] No CPU tracking mode found. Falling back on CPU constant mode. 
 Windows OS detected: Please install Intel Power Gadget to measure CPU

[codecarbon INFO @ 13:50:19] CPU Model on constant consumption mode: Intel(R) Xeon(R) Gold 6258R CPU @ 2.70GHz
[codecarbon INFO @ 13:50:19] [setup] GPU Tracking...
[codecarbon INFO @ 13:50:19] Tracking Nvidia GPU via pynvml
[codecarbon INFO @ 13:50:19] >>> Tracker's metadata:
[codecarbon INFO @ 13:50:19]   Platform system: Windows-11-10.0.22631-SP0
[codecarbon INFO @ 13:50:19]   Python version: 3.12.7
[codecarbon INFO @ 13:50:19]   CodeCarbon version: 2.8.3
[codecarbon INFO @ 13:50:19]   Available RAM : 126.630 GB
[codecarbon INFO @ 13:50:19]   CPU count: 56
[codecarbon INFO @ 13:50:19]   CPU model: Intel(R) Xeon(R) Gold 6258R CPU @ 2.70GHz
[codecarbon INFO @ 13:50:19]   GPU count: 2
[codecarbon INFO @ 13:50:19]   GPU model: 2 x NVIDIA RTX A5000
[codecarbon INFO @ 13:50:22] Saving emissions data to file C:\Users\pr8pf\Documents\GitHub\SplitFed\emissions.csv
[codecarbon INFO @ 13:50:23] Energy consumed for RAM : 0.000013 kWh. RAM Power : 47.48608875274658 W
[codecarbon INFO @ 13:50:23] Energy consumed for all CPUs : 0.000028 kWh. Total CPU Power : 102.50000000000001 W
[codecarbon INFO @ 13:50:23] Energy consumed for all GPUs : 0.000006 kWh. Total GPU Power : 22.883807115548723 W
[codecarbon INFO @ 13:50:23] 0.000047 kWh of electricity used since the beginning.
C:\Users\pr8pf\AppData\Local\anaconda3\Lib\site-packages\sklearn\cluster\_kmeans.py:1429: UserWarning: KMeans is known to have a memory leak on Windows with MKL, when there are less chunks than available threads. You can avoid it by setting the environment variable OMP_NUM_THREADS=1.
  warnings.warn(
C:\Users\pr8pf\AppData\Local\anaconda3\Lib\site-packages\sklearn\cluster\_kmeans.py:1429: UserWarning: KMeans is known to have a memory leak on Windows with MKL, when there are less chunks than available threads. You can avoid it by setting the environment variable OMP_NUM_THREADS=1.
  warnings.warn(
[codecarbon INFO @ 14:15:29] [setup] RAM Tracking...
[codecarbon INFO @ 14:15:29] [setup] CPU Tracking...
[codecarbon WARNING @ 14:15:29] No CPU tracking mode found. Falling back on CPU constant mode. 
 Windows OS detected: Please install Intel Power Gadget to measure CPU

[codecarbon INFO @ 14:15:31] CPU Model on constant consumption mode: Intel(R) Xeon(R) Gold 6258R CPU @ 2.70GHz
[codecarbon INFO @ 14:15:31] [setup] GPU Tracking...
[codecarbon INFO @ 14:15:31] Tracking Nvidia GPU via pynvml
[codecarbon INFO @ 14:15:31] >>> Tracker's metadata:
[codecarbon INFO @ 14:15:31]   Platform system: Windows-11-10.0.22631-SP0
[codecarbon INFO @ 14:15:31]   Python version: 3.12.7
[codecarbon INFO @ 14:15:31]   CodeCarbon version: 2.8.3
[codecarbon INFO @ 14:15:31]   Available RAM : 126.630 GB
[codecarbon INFO @ 14:15:31]   CPU count: 56
[codecarbon INFO @ 14:15:31]   CPU model: Intel(R) Xeon(R) Gold 6258R CPU @ 2.70GHz
[codecarbon INFO @ 14:15:31]   GPU count: 2
[codecarbon INFO @ 14:15:31]   GPU model: 2 x NVIDIA RTX A5000
[codecarbon INFO @ 14:15:34] Saving emissions data to file C:\Users\pr8pf\Documents\GitHub\SplitFed\emissions.csv
[codecarbon INFO @ 14:15:35] Energy consumed for RAM : 0.000010 kWh. RAM Power : 47.48608875274658 W
[codecarbon INFO @ 14:15:35] Energy consumed for all CPUs : 0.000022 kWh. Total CPU Power : 102.50000000000001 W
[codecarbon INFO @ 14:15:35] Energy consumed for all GPUs : 0.000003 kWh. Total GPU Power : 16.338547943587987 W
[codecarbon INFO @ 14:15:35] 0.000036 kWh of electricity used since the beginning.
[codecarbon INFO @ 14:16:29] [setup] RAM Tracking...
[codecarbon INFO @ 14:16:29] [setup] CPU Tracking...
[codecarbon WARNING @ 14:16:29] No CPU tracking mode found. Falling back on CPU constant mode. 
 Windows OS detected: Please install Intel Power Gadget to measure CPU

[codecarbon INFO @ 14:16:31] CPU Model on constant consumption mode: Intel(R) Xeon(R) Gold 6258R CPU @ 2.70GHz
[codecarbon INFO @ 14:16:31] [setup] GPU Tracking...
[codecarbon INFO @ 14:16:31] Tracking Nvidia GPU via pynvml
[codecarbon INFO @ 14:16:31] >>> Tracker's metadata:
[codecarbon INFO @ 14:16:31]   Platform system: Windows-11-10.0.22631-SP0
[codecarbon INFO @ 14:16:31]   Python version: 3.12.7
[codecarbon INFO @ 14:16:31]   CodeCarbon version: 2.8.3
[codecarbon INFO @ 14:16:31]   Available RAM : 126.630 GB
[codecarbon INFO @ 14:16:31]   CPU count: 56
[codecarbon INFO @ 14:16:31]   CPU model: Intel(R) Xeon(R) Gold 6258R CPU @ 2.70GHz
[codecarbon INFO @ 14:16:31]   GPU count: 2
[codecarbon INFO @ 14:16:31]   GPU model: 2 x NVIDIA RTX A5000
[codecarbon INFO @ 14:16:34] Saving emissions data to file C:\Users\pr8pf\Documents\GitHub\SplitFed\emissions.csv
[codecarbon INFO @ 14:16:35] Energy consumed for RAM : 0.000011 kWh. RAM Power : 47.48608875274658 W
[codecarbon INFO @ 14:16:35] Energy consumed for all CPUs : 0.000023 kWh. Total CPU Power : 102.50000000000001 W
[codecarbon INFO @ 14:16:35] Energy consumed for all GPUs : 0.000004 kWh. Total GPU Power : 17.078697414769685 W
[codecarbon INFO @ 14:16:35] 0.000038 kWh of electricity used since the beginning.

[91m Client9 Train => Local Epoch: 1 / 5 	Acc: 60.517 	Loss: 1.2475[00m
[91m Client9 Train => Local Epoch: 2 / 5 	Acc: 73.137 	Loss: 0.9083[00m
[91m Client9 Train => Local Epoch: 3 / 5 	Acc: 79.327 	Loss: 0.7015[00m
[91m Client9 Train => Local Epoch: 4 / 5 	Acc: 83.654 	Loss: 0.5415[00m
[92m  Client9 Test => 	Acc: 57.356 	Loss: 1.4051[00m
------------------------------------------------
------ Federation process at Server-Side ------- 
------------------------------------------------
-----------------------------------------------------------
------ FedServer: Federation process at Client-Side ------- 
-----------------------------------------------------------
[92m  Client0 Test => 	Acc: 25.060 	Loss: 2.3592[00m
 Train: Round   4, Avg Accuracy 72.507 | Avg Loss 0.845
[91m Client0 Train => Local Epoch: 0 / 5 	Acc: 63.308 	Loss: 1.1879[00m
[91m Client0 Train => Local Epoch: 1 / 5 	Acc: 74.973 	Loss: 0.7650[00m
[91m Client0 Train => Local Epoch: 2 / 5 	Acc: 78.583 	Loss: 0.6641[00m
[91m Client0 Train => Local Epoch: 3 / 5 	Acc: 81.843 	Loss: 0.5680[00m
[91m Client0 Train => Local Epoch: 4 / 5 	Acc: 82.947 	Loss: 0.5162[00m
[92m  Client0 Test => 	Acc: 49.263 	Loss: 3.6116[00m
[91m Client1 Train => Local Epoch: 0 / 5 	Acc: 54.514 	Loss: 1.4776[00m
[91m Client1 Train => Local Epoch: 1 / 5 	Acc: 68.229 	Loss: 0.9637[00m
[91m Client1 Train => Local Epoch: 2 / 5 	Acc: 75.868 	Loss: 0.7476[00m
[91m Client1 Train => Local Epoch: 3 / 5 	Acc: 79.948 	Loss: 0.6419[00m
[91m Client1 Train => Local Epoch: 4 / 5 	Acc: 78.646 	Loss: 0.6236[00m
[92m  Client1 Test => 	Acc: 41.580 	Loss: 3.5758[00m
[91m Client2 Train => Local Epoch: 0 / 5 	Acc: 58.333 	Loss: 1.3514[00m
[91m Client2 Train => Local Epoch: 1 / 5 	Acc: 67.969 	Loss: 0.9755[00m
[91m Client2 Train => Local Epoch: 2 / 5 	Acc: 75.868 	Loss: 0.7503[00m
[91m Client2 Train => Local Epoch: 3 / 5 	Acc: 79.080 	Loss: 0.6330[00m
[91m Client2 Train => Local Epoch: 4 / 5 	Acc: 78.559 	Loss: 0.6625[00m
[92m  Client2 Test => 	Acc: 45.255 	Loss: 4.8027[00m
[91m Client3 Train => Local Epoch: 0 / 5 	Acc: 73.003 	Loss: 1.0155[00m
[91m Client3 Train => Local Epoch: 1 / 5 	Acc: 78.559 	Loss: 0.7215[00m
[91m Client3 Train => Local Epoch: 2 / 5 	Acc: 82.118 	Loss: 0.5598[00m
[91m Client3 Train => Local Epoch: 3 / 5 	Acc: 84.505 	Loss: 0.5028[00m
[91m Client3 Train => Local Epoch: 4 / 5 	Acc: 86.892 	Loss: 0.4350[00m
[92m  Client3 Test => 	Acc: 64.092 	Loss: 1.5759[00m
[91m Client4 Train => Local Epoch: 0 / 5 	Acc: 56.152 	Loss: 1.3893[00m
[91m Client4 Train => Local Epoch: 1 / 5 	Acc: 72.949 	Loss: 0.8358[00m
[91m Client4 Train => Local Epoch: 2 / 5 	Acc: 78.418 	Loss: 0.6863[00m
[91m Client4 Train => Local Epoch: 3 / 5 	Acc: 83.398 	Loss: 0.5328[00m
[91m Client4 Train => Local Epoch: 4 / 5 	Acc: 84.570 	Loss: 0.4998[00m
[92m  Client4 Test => 	Acc: 48.482 	Loss: 2.3572[00m
[91m Client5 Train => Local Epoch: 0 / 5 	Acc: 46.615 	Loss: 1.7379[00m
[91m Client5 Train => Local Epoch: 1 / 5 	Acc: 60.807 	Loss: 1.1229[00m
[91m Client5 Train => Local Epoch: 2 / 5 	Acc: 69.792 	Loss: 0.9102[00m
[91m Client5 Train => Local Epoch: 3 / 5 	Acc: 74.740 	Loss: 0.7700[00m
[91m Client5 Train => Local Epoch: 4 / 5 	Acc: 77.604 	Loss: 0.6792[00m
[92m  Client5 Test => 	Acc: 53.531 	Loss: 2.2752[00m
[91m Client6 Train => Local Epoch: 0 / 5 	Acc: 64.188 	Loss: 1.2004[00m
[91m Client6 Train => Local Epoch: 1 / 5 	Acc: 74.469 	Loss: 0.8065[00m
[91m Client6 Train => Local Epoch: 2 / 5 	Acc: 80.250 	Loss: 0.6003[00m
[91m Client6 Train => Local Epoch: 3 / 5 	Acc: 80.562 	Loss: 0.6115[00m
[91m Client6 Train => Local Epoch: 4 / 5 	Acc: 86.938 	Loss: 0.4260[00m
[92m  Client6 Test => 	Acc: 65.548 	Loss: 1.2062[00m
[91m Client7 Train => Local Epoch: 0 / 5 	Acc: 38.125 	Loss: 1.8756[00m
[91m Client7 Train => Local Epoch: 1 / 5 	Acc: 59.141 	Loss: 1.3037[00m
[91m Client7 Train => Local Epoch: 2 / 5 	Acc: 60.391 	Loss: 1.1334[00m
[91m Client7 Train => Local Epoch: 3 / 5 	Acc: 71.641 	Loss: 0.8562[00m
[91m Client7 Train => Local Epoch: 4 / 5 	Acc: 73.203 	Loss: 0.8000[00m
[92m  Client7 Test => 	Acc: 57.757 	Loss: 1.6960[00m
[91m Client8 Train => Local Epoch: 0 / 5 	Acc: 36.979 	Loss: 1.9199[00m
[91m Client8 Train => Local Epoch: 1 / 5 	Acc: 73.177 	Loss: 1.0839[00m
[91m Client8 Train => Local Epoch: 2 / 5 	Acc: 70.443 	Loss: 0.9599[00m
[91m Client8 Train => Local Epoch: 3 / 5 	Acc: 78.516 	Loss: 0.7088[00m
[91m Client8 Train => Local Epoch: 4 / 5 	Acc: 82.943 	Loss: 0.5473[00m
[92m  Client8 Test => 	Acc: 44.101 	Loss: 2.0821[00m
[91m Client9 Train => Local Epoch: 0 / 5 	Acc: 60.817 	Loss: 1.3430[00m
[91m Client9 Train => Local Epoch: 1 / 5 	Acc: 74.700 	Loss: 0.8568[00m
[91m Client9 Train => Local Epoch: 2 / 5 	Acc: 80.709 	Loss: 0.6415[00m
[91m Client9 Train => Local Epoch: 3 / 5 	Acc: 87.019 	Loss: 0.4510[00m
[91m Client9 Train => Local Epoch: 4 / 5 	Acc: 83.714 	Loss: 0.5198[00m
[92m  Client9 Test => 	Acc: 61.943 	Loss: 1.5090[00m
------------------------------------------------
------ Federation process at Server-Side ------- 
------------------------------------------------
-----------------------------------------------------------
------ FedServer: Federation process at Client-Side ------- 
-----------------------------------------------------------
[92m  Client0 Test => 	Acc: 52.843 	Loss: 1.3278[00m
 Train: Round   5, Avg Accuracy 81.602 | Avg Loss 0.571
[91m Client0 Train => Local Epoch: 0 / 5 	Acc: 76.482 	Loss: 0.6910[00m
[91m Client0 Train => Local Epoch: 1 / 5 	Acc: 83.001 	Loss: 0.5201[00m
[91m Client0 Train => Local Epoch: 2 / 5 	Acc: 84.941 	Loss: 0.4640[00m
[91m Client0 Train => Local Epoch: 3 / 5 	Acc: 88.874 	Loss: 0.3603[00m
[91m Client0 Train => Local Epoch: 4 / 5 	Acc: 90.194 	Loss: 0.3087[00m
[92m  Client0 Test => 	Acc: 58.464 	Loss: 4.0366[00m
[91m Client1 Train => Local Epoch: 0 / 5 	Acc: 68.142 	Loss: 0.9347[00m
[91m Client1 Train => Local Epoch: 1 / 5 	Acc: 80.295 	Loss: 0.6045[00m
[91m Client1 Train => Local Epoch: 2 / 5 	Acc: 81.163 	Loss: 0.5418[00m
[91m Client1 Train => Local Epoch: 3 / 5 	Acc: 82.899 	Loss: 0.4740[00m
[91m Client1 Train => Local Epoch: 4 / 5 	Acc: 86.545 	Loss: 0.3823[00m
[92m  Client1 Test => 	Acc: 48.966 	Loss: 4.4092[00m
[91m Client2 Train => Local Epoch: 0 / 5 	Acc: 68.576 	Loss: 0.8714[00m
[91m Client2 Train => Local Epoch: 1 / 5 	Acc: 80.122 	Loss: 0.5927[00m
[91m Client2 Train => Local Epoch: 2 / 5 	Acc: 83.594 	Loss: 0.4965[00m
[91m Client2 Train => Local Epoch: 3 / 5 	Acc: 85.243 	Loss: 0.4272[00m
[91m Client2 Train => Local Epoch: 4 / 5 	Acc: 85.764 	Loss: 0.4213[00m
[92m  Client2 Test => 	Acc: 53.666 	Loss: 4.9296[00m
[91m Client3 Train => Local Epoch: 0 / 5 	Acc: 76.389 	Loss: 0.8017[00m
[91m Client3 Train => Local Epoch: 1 / 5 	Acc: 84.766 	Loss: 0.4951[00m
[91m Client3 Train => Local Epoch: 2 / 5 	Acc: 86.762 	Loss: 0.4259[00m
[91m Client3 Train => Local Epoch: 3 / 5 	Acc: 89.236 	Loss: 0.3329[00m
[91m Client3 Train => Local Epoch: 4 / 5 	Acc: 91.233 	Loss: 0.2559[00m
[92m  Client3 Test => 	Acc: 72.773 	Loss: 1.2163[00m
[91m Client4 Train => Local Epoch: 0 / 5 	Acc: 73.828 	Loss: 0.8309[00m
[91m Client4 Train => Local Epoch: 1 / 5 	Acc: 82.910 	Loss: 0.5314[00m
[91m Client4 Train => Local Epoch: 2 / 5 	Acc: 84.570 	Loss: 0.4812[00m
[91m Client4 Train => Local Epoch: 3 / 5 	Acc: 88.965 	Loss: 0.3406[00m
[91m Client4 Train => Local Epoch: 4 / 5 	Acc: 91.016 	Loss: 0.3168[00m
[92m  Client4 Test => 	Acc: 54.958 	Loss: 1.6280[00m
[91m Client5 Train => Local Epoch: 0 / 5 	Acc: 71.094 	Loss: 0.9553[00m
[91m Client5 Train => Local Epoch: 1 / 5 	Acc: 78.516 	Loss: 0.6220[00m
[91m Client5 Train => Local Epoch: 2 / 5 	Acc: 80.469 	Loss: 0.5944[00m
[91m Client5 Train => Local Epoch: 3 / 5 	Acc: 85.026 	Loss: 0.4822[00m
[91m Client5 Train => Local Epoch: 4 / 5 	Acc: 83.073 	Loss: 0.5492[00m
[92m  Client5 Test => 	Acc: 58.327 	Loss: 1.7835[00m
[91m Client6 Train => Local Epoch: 0 / 5 	Acc: 76.062 	Loss: 0.7427[00mC:\Users\pr8pf\AppData\Local\anaconda3\Lib\site-packages\sklearn\cluster\_kmeans.py:1429: UserWarning: KMeans is known to have a memory leak on Windows with MKL, when there are less chunks than available threads. You can avoid it by setting the environment variable OMP_NUM_THREADS=1.
  warnings.warn(
C:\Users\pr8pf\AppData\Local\anaconda3\Lib\site-packages\sklearn\cluster\_kmeans.py:1429: UserWarning: KMeans is known to have a memory leak on Windows with MKL, when there are less chunks than available threads. You can avoid it by setting the environment variable OMP_NUM_THREADS=1.
  warnings.warn(
[codecarbon INFO @ 14:41:40] [setup] RAM Tracking...
[codecarbon INFO @ 14:41:40] [setup] CPU Tracking...
[codecarbon WARNING @ 14:41:40] No CPU tracking mode found. Falling back on CPU constant mode. 
 Windows OS detected: Please install Intel Power Gadget to measure CPU

[codecarbon INFO @ 14:41:42] CPU Model on constant consumption mode: Intel(R) Xeon(R) Gold 6258R CPU @ 2.70GHz
[codecarbon INFO @ 14:41:42] [setup] GPU Tracking...
[codecarbon INFO @ 14:41:42] Tracking Nvidia GPU via pynvml
[codecarbon INFO @ 14:41:42] >>> Tracker's metadata:
[codecarbon INFO @ 14:41:42]   Platform system: Windows-11-10.0.22631-SP0
[codecarbon INFO @ 14:41:42]   Python version: 3.12.7
[codecarbon INFO @ 14:41:42]   CodeCarbon version: 2.8.3
[codecarbon INFO @ 14:41:42]   Available RAM : 126.630 GB
[codecarbon INFO @ 14:41:42]   CPU count: 56
[codecarbon INFO @ 14:41:42]   CPU model: Intel(R) Xeon(R) Gold 6258R CPU @ 2.70GHz
[codecarbon INFO @ 14:41:42]   GPU count: 2
[codecarbon INFO @ 14:41:42]   GPU model: 2 x NVIDIA RTX A5000
[codecarbon INFO @ 14:41:45] Saving emissions data to file C:\Users\pr8pf\Documents\GitHub\SplitFed\emissions.csv
[codecarbon INFO @ 14:41:46] Energy consumed for RAM : 0.000012 kWh. RAM Power : 47.48608875274658 W
[codecarbon INFO @ 14:41:46] Energy consumed for all CPUs : 0.000026 kWh. Total CPU Power : 102.50000000000001 W
[codecarbon INFO @ 14:41:46] Energy consumed for all GPUs : 0.000005 kWh. Total GPU Power : 20.76255094111381 W
[codecarbon INFO @ 14:41:46] 0.000043 kWh of electricity used since the beginning.
[codecarbon INFO @ 14:42:41] [setup] RAM Tracking...
[codecarbon INFO @ 14:42:41] [setup] CPU Tracking...
[codecarbon WARNING @ 14:42:41] No CPU tracking mode found. Falling back on CPU constant mode. 
 Windows OS detected: Please install Intel Power Gadget to measure CPU

[codecarbon INFO @ 14:42:43] CPU Model on constant consumption mode: Intel(R) Xeon(R) Gold 6258R CPU @ 2.70GHz
[codecarbon INFO @ 14:42:43] [setup] GPU Tracking...
[codecarbon INFO @ 14:42:43] Tracking Nvidia GPU via pynvml
[codecarbon INFO @ 14:42:43] >>> Tracker's metadata:
[codecarbon INFO @ 14:42:43]   Platform system: Windows-11-10.0.22631-SP0
[codecarbon INFO @ 14:42:43]   Python version: 3.12.7
[codecarbon INFO @ 14:42:43]   CodeCarbon version: 2.8.3
[codecarbon INFO @ 14:42:43]   Available RAM : 126.630 GB
[codecarbon INFO @ 14:42:43]   CPU count: 56
[codecarbon INFO @ 14:42:43]   CPU model: Intel(R) Xeon(R) Gold 6258R CPU @ 2.70GHz
[codecarbon INFO @ 14:42:43]   GPU count: 2
[codecarbon INFO @ 14:42:43]   GPU model: 2 x NVIDIA RTX A5000
[codecarbon INFO @ 14:42:46] Saving emissions data to file C:\Users\pr8pf\Documents\GitHub\SplitFed\emissions.csv
[codecarbon INFO @ 14:42:47] Energy consumed for RAM : 0.000009 kWh. RAM Power : 47.48608875274658 W
[codecarbon INFO @ 14:42:47] Energy consumed for all CPUs : 0.000020 kWh. Total CPU Power : 102.50000000000001 W
[codecarbon INFO @ 14:42:47] Energy consumed for all GPUs : 0.000003 kWh. Total GPU Power : 16.503313940833916 W
[codecarbon INFO @ 14:42:47] 0.000032 kWh of electricity used since the beginning.
C:\Users\pr8pf\AppData\Local\anaconda3\Lib\site-packages\sklearn\cluster\_kmeans.py:1429: UserWarning: KMeans is known to have a memory leak on Windows with MKL, when there are less chunks than available threads. You can avoid it by setting the environment variable OMP_NUM_THREADS=1.
  warnings.warn(
C:\Users\pr8pf\AppData\Local\anaconda3\Lib\site-packages\sklearn\cluster\_kmeans.py:1429: UserWarning: KMeans is known to have a memory leak on Windows with MKL, when there are less chunks than available threads. You can avoid it by setting the environment variable OMP_NUM_THREADS=1.
  warnings.warn(
[codecarbon INFO @ 15:08:04] [setup] RAM Tracking...
[codecarbon INFO @ 15:08:04] [setup] CPU Tracking...
[codecarbon WARNING @ 15:08:04] No CPU tracking mode found. Falling back on CPU constant mode. 
 Windows OS detected: Please install Intel Power Gadget to measure CPU

[codecarbon INFO @ 15:08:06] CPU Model on constant consumption mode: Intel(R) Xeon(R) Gold 6258R CPU @ 2.70GHz
[codecarbon INFO @ 15:08:06] [setup] GPU Tracking...
[codecarbon INFO @ 15:08:06] Tracking Nvidia GPU via pynvml
[codecarbon INFO @ 15:08:06] >>> Tracker's metadata:
[codecarbon INFO @ 15:08:06]   Platform system: Windows-11-10.0.22631-SP0
[codecarbon INFO @ 15:08:06]   Python version: 3.12.7
[codecarbon INFO @ 15:08:06]   CodeCarbon version: 2.8.3
[codecarbon INFO @ 15:08:06]   Available RAM : 126.630 GB
[codecarbon INFO @ 15:08:06]   CPU count: 56
[codecarbon INFO @ 15:08:06]   CPU model: Intel(R) Xeon(R) Gold 6258R CPU @ 2.70GHz
[codecarbon INFO @ 15:08:06]   GPU count: 2
[codecarbon INFO @ 15:08:06]   GPU model: 2 x NVIDIA RTX A5000
[codecarbon INFO @ 15:08:09] Saving emissions data to file C:\Users\pr8pf\Documents\GitHub\SplitFed\emissions.csv
[codecarbon INFO @ 15:08:10] Energy consumed for RAM : 0.000015 kWh. RAM Power : 47.48608875274658 W
[codecarbon INFO @ 15:08:10] Energy consumed for all CPUs : 0.000032 kWh. Total CPU Power : 102.50000000000001 W
[codecarbon INFO @ 15:08:10] Energy consumed for all GPUs : 0.000005 kWh. Total GPU Power : 16.757275586682407 W
[codecarbon INFO @ 15:08:10] 0.000052 kWh of electricity used since the beginning.
[codecarbon INFO @ 15:09:06] [setup] RAM Tracking...
[codecarbon INFO @ 15:09:06] [setup] CPU Tracking...
[codecarbon WARNING @ 15:09:06] No CPU tracking mode found. Falling back on CPU constant mode. 
 Windows OS detected: Please install Intel Power Gadget to measure CPU

[codecarbon INFO @ 15:09:08] CPU Model on constant consumption mode: Intel(R) Xeon(R) Gold 6258R CPU @ 2.70GHz
[codecarbon INFO @ 15:09:08] [setup] GPU Tracking...
[codecarbon INFO @ 15:09:08] Tracking Nvidia GPU via pynvml
[codecarbon INFO @ 15:09:08] >>> Tracker's metadata:
[codecarbon INFO @ 15:09:08]   Platform system: Windows-11-10.0.22631-SP0
[codecarbon INFO @ 15:09:08]   Python version: 3.12.7
[codecarbon INFO @ 15:09:08]   CodeCarbon version: 2.8.3
[codecarbon INFO @ 15:09:08]   Available RAM : 126.630 GB
[codecarbon INFO @ 15:09:08]   CPU count: 56
[codecarbon INFO @ 15:09:08]   CPU model: Intel(R) Xeon(R) Gold 6258R CPU @ 2.70GHz
[codecarbon INFO @ 15:09:08]   GPU count: 2
[codecarbon INFO @ 15:09:08]   GPU model: 2 x NVIDIA RTX A5000
[codecarbon INFO @ 15:09:11] Saving emissions data to file C:\Users\pr8pf\Documents\GitHub\SplitFed\emissions.csv
[codecarbon INFO @ 15:09:11] Energy consumed for RAM : 0.000009 kWh. RAM Power : 47.48608875274658 W
[codecarbon INFO @ 15:09:11] Energy consumed for all CPUs : 0.000019 kWh. Total CPU Power : 102.50000000000001 W
[codecarbon INFO @ 15:09:11] Energy consumed for all GPUs : 0.000005 kWh. Total GPU Power : 26.069547932181113 W
[codecarbon INFO @ 15:09:11] 0.000033 kWh of electricity used since the beginning.

[91m Client6 Train => Local Epoch: 1 / 5 	Acc: 81.125 	Loss: 0.6244[00m
[91m Client6 Train => Local Epoch: 2 / 5 	Acc: 85.281 	Loss: 0.5132[00m
[91m Client6 Train => Local Epoch: 3 / 5 	Acc: 89.406 	Loss: 0.3619[00m
[91m Client6 Train => Local Epoch: 4 / 5 	Acc: 91.094 	Loss: 0.2964[00m
[92m  Client6 Test => 	Acc: 69.329 	Loss: 1.0253[00m
[91m Client7 Train => Local Epoch: 0 / 5 	Acc: 64.531 	Loss: 1.0942[00m
[91m Client7 Train => Local Epoch: 1 / 5 	Acc: 76.953 	Loss: 0.7558[00m
[91m Client7 Train => Local Epoch: 2 / 5 	Acc: 80.625 	Loss: 0.6378[00m
[91m Client7 Train => Local Epoch: 3 / 5 	Acc: 81.016 	Loss: 0.5605[00m
[91m Client7 Train => Local Epoch: 4 / 5 	Acc: 84.375 	Loss: 0.4986[00m
[92m  Client7 Test => 	Acc: 64.154 	Loss: 1.4009[00m
[91m Client8 Train => Local Epoch: 0 / 5 	Acc: 60.938 	Loss: 1.1866[00m
[91m Client8 Train => Local Epoch: 1 / 5 	Acc: 80.729 	Loss: 0.6703[00m
[91m Client8 Train => Local Epoch: 2 / 5 	Acc: 86.068 	Loss: 0.4899[00m
[91m Client8 Train => Local Epoch: 3 / 5 	Acc: 89.323 	Loss: 0.3763[00m
[91m Client8 Train => Local Epoch: 4 / 5 	Acc: 90.365 	Loss: 0.3501[00m
[92m  Client8 Test => 	Acc: 52.950 	Loss: 1.8273[00m
[91m Client9 Train => Local Epoch: 0 / 5 	Acc: 78.185 	Loss: 0.7619[00m
[91m Client9 Train => Local Epoch: 1 / 5 	Acc: 84.435 	Loss: 0.5072[00m
[91m Client9 Train => Local Epoch: 2 / 5 	Acc: 84.555 	Loss: 0.5282[00m
[91m Client9 Train => Local Epoch: 3 / 5 	Acc: 86.599 	Loss: 0.4099[00m
[91m Client9 Train => Local Epoch: 4 / 5 	Acc: 89.603 	Loss: 0.3066[00m
[92m  Client9 Test => 	Acc: 70.338 	Loss: 1.0398[00m
------------------------------------------------
------ Federation process at Server-Side ------- 
------------------------------------------------
-----------------------------------------------------------
------ FedServer: Federation process at Client-Side ------- 
-----------------------------------------------------------
[92m  Client0 Test => 	Acc: 60.031 	Loss: 0.9227[00m
 Train: Round   6, Avg Accuracy 88.326 | Avg Loss 0.369
[91m Client0 Train => Local Epoch: 0 / 5 	Acc: 83.755 	Loss: 0.4778[00m
[91m Client0 Train => Local Epoch: 1 / 5 	Acc: 88.793 	Loss: 0.3496[00m
[91m Client0 Train => Local Epoch: 2 / 5 	Acc: 89.790 	Loss: 0.3229[00m
[91m Client0 Train => Local Epoch: 3 / 5 	Acc: 93.454 	Loss: 0.2115[00m
[91m Client0 Train => Local Epoch: 4 / 5 	Acc: 93.184 	Loss: 0.2176[00m
[92m  Client0 Test => 	Acc: 65.253 	Loss: 2.8147[00m
[91m Client1 Train => Local Epoch: 0 / 5 	Acc: 81.076 	Loss: 0.5621[00m
[91m Client1 Train => Local Epoch: 1 / 5 	Acc: 86.285 	Loss: 0.4339[00m
[91m Client1 Train => Local Epoch: 2 / 5 	Acc: 86.979 	Loss: 0.3771[00m
[91m Client1 Train => Local Epoch: 3 / 5 	Acc: 87.153 	Loss: 0.3628[00m
[91m Client1 Train => Local Epoch: 4 / 5 	Acc: 87.500 	Loss: 0.3637[00m
[92m  Client1 Test => 	Acc: 52.902 	Loss: 4.9440[00m
[91m Client2 Train => Local Epoch: 0 / 5 	Acc: 83.247 	Loss: 0.5374[00m
[91m Client2 Train => Local Epoch: 1 / 5 	Acc: 84.375 	Loss: 0.4033[00m
[91m Client2 Train => Local Epoch: 2 / 5 	Acc: 89.844 	Loss: 0.3411[00m
[91m Client2 Train => Local Epoch: 3 / 5 	Acc: 89.844 	Loss: 0.3091[00m
[91m Client2 Train => Local Epoch: 4 / 5 	Acc: 91.146 	Loss: 0.2629[00m
[92m  Client2 Test => 	Acc: 58.211 	Loss: 4.8498[00m
[91m Client3 Train => Local Epoch: 0 / 5 	Acc: 81.901 	Loss: 0.5526[00m
[91m Client3 Train => Local Epoch: 1 / 5 	Acc: 89.062 	Loss: 0.3546[00m
[91m Client3 Train => Local Epoch: 2 / 5 	Acc: 91.102 	Loss: 0.2944[00m
[91m Client3 Train => Local Epoch: 3 / 5 	Acc: 90.495 	Loss: 0.2903[00m
[91m Client3 Train => Local Epoch: 4 / 5 	Acc: 92.057 	Loss: 0.2336[00m
[92m  Client3 Test => 	Acc: 72.129 	Loss: 1.1682[00m
[91m Client4 Train => Local Epoch: 0 / 5 	Acc: 83.008 	Loss: 0.5264[00m
[91m Client4 Train => Local Epoch: 1 / 5 	Acc: 87.500 	Loss: 0.3544[00m
[91m Client4 Train => Local Epoch: 2 / 5 	Acc: 91.113 	Loss: 0.2639[00m
[91m Client4 Train => Local Epoch: 3 / 5 	Acc: 92.188 	Loss: 0.2390[00m
[91m Client4 Train => Local Epoch: 4 / 5 	Acc: 91.797 	Loss: 0.2504[00m
[92m  Client4 Test => 	Acc: 68.075 	Loss: 1.1987[00m
[91m Client5 Train => Local Epoch: 0 / 5 	Acc: 75.000 	Loss: 0.7356[00m
[91m Client5 Train => Local Epoch: 1 / 5 	Acc: 82.812 	Loss: 0.5251[00m
[91m Client5 Train => Local Epoch: 2 / 5 	Acc: 87.500 	Loss: 0.4046[00m
[91m Client5 Train => Local Epoch: 3 / 5 	Acc: 86.979 	Loss: 0.3616[00m
[91m Client5 Train => Local Epoch: 4 / 5 	Acc: 88.672 	Loss: 0.3135[00m
[92m  Client5 Test => 	Acc: 67.602 	Loss: 1.7669[00m
[91m Client6 Train => Local Epoch: 0 / 5 	Acc: 81.031 	Loss: 0.5553[00m
[91m Client6 Train => Local Epoch: 1 / 5 	Acc: 89.281 	Loss: 0.3558[00m
[91m Client6 Train => Local Epoch: 2 / 5 	Acc: 90.438 	Loss: 0.3132[00m
[91m Client6 Train => Local Epoch: 3 / 5 	Acc: 91.562 	Loss: 0.2792[00m
[91m Client6 Train => Local Epoch: 4 / 5 	Acc: 92.344 	Loss: 0.2372[00m
[92m  Client6 Test => 	Acc: 73.566 	Loss: 0.9497[00m
[91m Client7 Train => Local Epoch: 0 / 5 	Acc: 76.406 	Loss: 0.7414[00m
[91m Client7 Train => Local Epoch: 1 / 5 	Acc: 85.078 	Loss: 0.5094[00m
[91m Client7 Train => Local Epoch: 2 / 5 	Acc: 85.625 	Loss: 0.4426[00m
[91m Client7 Train => Local Epoch: 3 / 5 	Acc: 82.734 	Loss: 0.5176[00m
[91m Client7 Train => Local Epoch: 4 / 5 	Acc: 82.422 	Loss: 0.5297[00m
[92m  Client7 Test => 	Acc: 65.792 	Loss: 1.2575[00m
[91m Client8 Train => Local Epoch: 0 / 5 	Acc: 84.245 	Loss: 0.5300[00m
[91m Client8 Train => Local Epoch: 1 / 5 	Acc: 91.146 	Loss: 0.3176[00m
[91m Client8 Train => Local Epoch: 2 / 5 	Acc: 92.839 	Loss: 0.2340[00m
[91m Client8 Train => Local Epoch: 3 / 5 	Acc: 93.099 	Loss: 0.2003[00m
[91m Client8 Train => Local Epoch: 4 / 5 	Acc: 94.661 	Loss: 0.1696[00m
[92m  Client8 Test => 	Acc: 64.991 	Loss: 1.3745[00m
[91m Client9 Train => Local Epoch: 0 / 5 	Acc: 84.014 	Loss: 0.5028[00m
[91m Client9 Train => Local Epoch: 1 / 5 	Acc: 89.303 	Loss: 0.3481[00m
[91m Client9 Train => Local Epoch: 2 / 5 	Acc: 90.805 	Loss: 0.2844[00m
[91m Client9 Train => Local Epoch: 3 / 5 	Acc: 90.565 	Loss: 0.3115[00m
[91m Client9 Train => Local Epoch: 4 / 5 	Acc: 90.745 	Loss: 0.2748[00m
[92m  Client9 Test => 	Acc: 72.187 	Loss: 0.9523[00m
------------------------------------------------
------ Federation process at Server-Side ------- 
------------------------------------------------
-----------------------------------------------------------
------ FedServer: Federation process at Client-Side ------- 
-----------------------------------------------------------
[92m  Client0 Test => 	Acc: 80.461 	Loss: 0.6058[00m
 Train: Round   7, Avg Accuracy 90.453 | Avg Loss 0.285
[91m Client0 Train => Local Epoch: 0 / 5 	Acc: 86.234 	Loss: 0.4178[00m
[91m Client0 Train => Local Epoch: 1 / 5 	Acc: 89.871 	Loss: 0.3267[00m
[91m Client0 Train => Local Epoch: 2 / 5 	Acc: 93.427 	Loss: 0.2097[00m
[91m Client0 Train => Local Epoch: 3 / 5 	Acc: 92.834 	Loss: 0.2346[00m
[91m Client0 Train => Local Epoch: 4 / 5 	Acc: 94.612 	Loss: 0.1714[00m
[92m  Client0 Test => 	Acc: 67.873 	Loss: 3.1187[00m
[91m Client1 Train => Local Epoch: 0 / 5 	Acc: 85.764 	Loss: 0.4198[00m
[91m Client1 Train => Local Epoch: 1 / 5 	Acc: 91.059 	Loss: 0.2698[00m
[91m Client1 Train => Local Epoch: 2 / 5 	Acc: 88.802 	Loss: 0.3736[00m
[91m Client1 Train => Local Epoch: 3 / 5 	Acc: 87.847 	Loss: 0.3446[00m
[91m Client1 Train => Local Epoch: 4 / 5 	Acc: 90.451 	Loss: 0.2817[00m
[92m  Client1 Test => 	Acc: 59.275 	Loss: 4.0626[00m
[91m Client2 Train => Local Epoch: 0 / 5 	Acc: 82.726 	Loss: 0.4881[00m
[91m Client2 Train => Local Epoch: 1 / 5 	Acc: 89.149 	Loss: 0.3271[00m
[91m Client2 Train => Local Epoch: 2 / 5 	Acc: 90.799 	Loss: 0.2576[00m
[91m Client2 Train => Local Epoch: 3 / 5 	Acc: 93.229 	Loss: 0.1942[00m
[91m Client2 Train => Local Epoch: 4 / 5 	Acc: 93.924 	Loss: 0.1785[00m
[92m  Client2 Test => 	Acc: 62.014 	Loss: 4.5198[00m
[91m Client3 Train => Local Epoch: 0 / 5 	Acc: 88.585 	Loss: 0.3784[00mC:\Users\pr8pf\AppData\Local\anaconda3\Lib\site-packages\sklearn\cluster\_kmeans.py:1429: UserWarning: KMeans is known to have a memory leak on Windows with MKL, when there are less chunks than available threads. You can avoid it by setting the environment variable OMP_NUM_THREADS=1.
  warnings.warn(
C:\Users\pr8pf\AppData\Local\anaconda3\Lib\site-packages\sklearn\cluster\_kmeans.py:1429: UserWarning: KMeans is known to have a memory leak on Windows with MKL, when there are less chunks than available threads. You can avoid it by setting the environment variable OMP_NUM_THREADS=1.
  warnings.warn(
[codecarbon INFO @ 15:34:45] [setup] RAM Tracking...
[codecarbon INFO @ 15:34:45] [setup] CPU Tracking...
[codecarbon WARNING @ 15:34:45] No CPU tracking mode found. Falling back on CPU constant mode. 
 Windows OS detected: Please install Intel Power Gadget to measure CPU

[codecarbon INFO @ 15:34:47] CPU Model on constant consumption mode: Intel(R) Xeon(R) Gold 6258R CPU @ 2.70GHz
[codecarbon INFO @ 15:34:47] [setup] GPU Tracking...
[codecarbon INFO @ 15:34:47] Tracking Nvidia GPU via pynvml
[codecarbon INFO @ 15:34:47] >>> Tracker's metadata:
[codecarbon INFO @ 15:34:47]   Platform system: Windows-11-10.0.22631-SP0
[codecarbon INFO @ 15:34:47]   Python version: 3.12.7
[codecarbon INFO @ 15:34:47]   CodeCarbon version: 2.8.3
[codecarbon INFO @ 15:34:47]   Available RAM : 126.630 GB
[codecarbon INFO @ 15:34:47]   CPU count: 56
[codecarbon INFO @ 15:34:47]   CPU model: Intel(R) Xeon(R) Gold 6258R CPU @ 2.70GHz
[codecarbon INFO @ 15:34:47]   GPU count: 2
[codecarbon INFO @ 15:34:47]   GPU model: 2 x NVIDIA RTX A5000
[codecarbon INFO @ 15:34:50] Saving emissions data to file C:\Users\pr8pf\Documents\GitHub\SplitFed\emissions.csv
[codecarbon INFO @ 15:34:51] Energy consumed for RAM : 0.000010 kWh. RAM Power : 47.48608875274658 W
[codecarbon INFO @ 15:34:51] Energy consumed for all CPUs : 0.000021 kWh. Total CPU Power : 102.50000000000001 W
[codecarbon INFO @ 15:34:51] Energy consumed for all GPUs : 0.000004 kWh. Total GPU Power : 20.705091246735652 W
[codecarbon INFO @ 15:34:51] 0.000035 kWh of electricity used since the beginning.
[codecarbon INFO @ 15:35:46] [setup] RAM Tracking...
[codecarbon INFO @ 15:35:46] [setup] CPU Tracking...
[codecarbon WARNING @ 15:35:46] No CPU tracking mode found. Falling back on CPU constant mode. 
 Windows OS detected: Please install Intel Power Gadget to measure CPU

[codecarbon INFO @ 15:35:48] CPU Model on constant consumption mode: Intel(R) Xeon(R) Gold 6258R CPU @ 2.70GHz
[codecarbon INFO @ 15:35:48] [setup] GPU Tracking...
[codecarbon INFO @ 15:35:48] Tracking Nvidia GPU via pynvml
[codecarbon INFO @ 15:35:48] >>> Tracker's metadata:
[codecarbon INFO @ 15:35:48]   Platform system: Windows-11-10.0.22631-SP0
[codecarbon INFO @ 15:35:48]   Python version: 3.12.7
[codecarbon INFO @ 15:35:48]   CodeCarbon version: 2.8.3
[codecarbon INFO @ 15:35:48]   Available RAM : 126.630 GB
[codecarbon INFO @ 15:35:48]   CPU count: 56
[codecarbon INFO @ 15:35:48]   CPU model: Intel(R) Xeon(R) Gold 6258R CPU @ 2.70GHz
[codecarbon INFO @ 15:35:48]   GPU count: 2
[codecarbon INFO @ 15:35:48]   GPU model: 2 x NVIDIA RTX A5000
[codecarbon INFO @ 15:35:51] Saving emissions data to file C:\Users\pr8pf\Documents\GitHub\SplitFed\emissions.csv
[codecarbon INFO @ 15:35:52] Energy consumed for RAM : 0.000008 kWh. RAM Power : 47.48608875274658 W
[codecarbon INFO @ 15:35:52] Energy consumed for all CPUs : 0.000016 kWh. Total CPU Power : 102.50000000000001 W
[codecarbon INFO @ 15:35:52] Energy consumed for all GPUs : 0.000003 kWh. Total GPU Power : 18.000794635251633 W
[codecarbon INFO @ 15:35:52] 0.000027 kWh of electricity used since the beginning.
C:\Users\pr8pf\AppData\Local\anaconda3\Lib\site-packages\sklearn\cluster\_kmeans.py:1429: UserWarning: KMeans is known to have a memory leak on Windows with MKL, when there are less chunks than available threads. You can avoid it by setting the environment variable OMP_NUM_THREADS=1.
  warnings.warn(
C:\Users\pr8pf\AppData\Local\anaconda3\Lib\site-packages\sklearn\cluster\_kmeans.py:1429: UserWarning: KMeans is known to have a memory leak on Windows with MKL, when there are less chunks than available threads. You can avoid it by setting the environment variable OMP_NUM_THREADS=1.
  warnings.warn(
[codecarbon INFO @ 16:01:05] [setup] RAM Tracking...
[codecarbon INFO @ 16:01:05] [setup] CPU Tracking...
[codecarbon WARNING @ 16:01:05] No CPU tracking mode found. Falling back on CPU constant mode. 
 Windows OS detected: Please install Intel Power Gadget to measure CPU

[codecarbon INFO @ 16:01:07] CPU Model on constant consumption mode: Intel(R) Xeon(R) Gold 6258R CPU @ 2.70GHz
[codecarbon INFO @ 16:01:07] [setup] GPU Tracking...
[codecarbon INFO @ 16:01:07] Tracking Nvidia GPU via pynvml
[codecarbon INFO @ 16:01:07] >>> Tracker's metadata:
[codecarbon INFO @ 16:01:07]   Platform system: Windows-11-10.0.22631-SP0
[codecarbon INFO @ 16:01:07]   Python version: 3.12.7
[codecarbon INFO @ 16:01:07]   CodeCarbon version: 2.8.3
[codecarbon INFO @ 16:01:07]   Available RAM : 126.630 GB
[codecarbon INFO @ 16:01:07]   CPU count: 56
[codecarbon INFO @ 16:01:07]   CPU model: Intel(R) Xeon(R) Gold 6258R CPU @ 2.70GHz
[codecarbon INFO @ 16:01:07]   GPU count: 2
[codecarbon INFO @ 16:01:07]   GPU model: 2 x NVIDIA RTX A5000
[codecarbon INFO @ 16:01:10] Saving emissions data to file C:\Users\pr8pf\Documents\GitHub\SplitFed\emissions.csv
[codecarbon INFO @ 16:01:10] Energy consumed for RAM : 0.000009 kWh. RAM Power : 47.48608875274658 W
[codecarbon INFO @ 16:01:10] Energy consumed for all CPUs : 0.000019 kWh. Total CPU Power : 102.50000000000001 W
[codecarbon INFO @ 16:01:10] Energy consumed for all GPUs : 0.000003 kWh. Total GPU Power : 16.79565433566993 W
[codecarbon INFO @ 16:01:10] 0.000030 kWh of electricity used since the beginning.

[91m Client3 Train => Local Epoch: 1 / 5 	Acc: 91.233 	Loss: 0.2789[00m
[91m Client3 Train => Local Epoch: 2 / 5 	Acc: 93.099 	Loss: 0.2219[00m
[91m Client3 Train => Local Epoch: 3 / 5 	Acc: 93.533 	Loss: 0.2124[00m
[91m Client3 Train => Local Epoch: 4 / 5 	Acc: 93.446 	Loss: 0.2169[00m
[92m  Client3 Test => 	Acc: 75.537 	Loss: 0.9418[00m
[91m Client4 Train => Local Epoch: 0 / 5 	Acc: 89.941 	Loss: 0.3205[00m
[91m Client4 Train => Local Epoch: 1 / 5 	Acc: 93.164 	Loss: 0.2180[00m
[91m Client4 Train => Local Epoch: 2 / 5 	Acc: 93.555 	Loss: 0.1812[00m
[91m Client4 Train => Local Epoch: 3 / 5 	Acc: 93.848 	Loss: 0.1815[00m
[91m Client4 Train => Local Epoch: 4 / 5 	Acc: 95.312 	Loss: 0.1372[00m
[92m  Client4 Test => 	Acc: 67.407 	Loss: 1.3586[00m
[91m Client5 Train => Local Epoch: 0 / 5 	Acc: 86.458 	Loss: 0.4325[00m
[91m Client5 Train => Local Epoch: 1 / 5 	Acc: 87.891 	Loss: 0.3931[00m
[91m Client5 Train => Local Epoch: 2 / 5 	Acc: 91.536 	Loss: 0.2827[00m
[91m Client5 Train => Local Epoch: 3 / 5 	Acc: 91.016 	Loss: 0.2837[00m
[91m Client5 Train => Local Epoch: 4 / 5 	Acc: 90.365 	Loss: 0.2609[00m
[92m  Client5 Test => 	Acc: 71.399 	Loss: 1.5212[00m
[91m Client6 Train => Local Epoch: 0 / 5 	Acc: 88.688 	Loss: 0.3760[00m
[91m Client6 Train => Local Epoch: 1 / 5 	Acc: 88.625 	Loss: 0.3733[00m
[91m Client6 Train => Local Epoch: 2 / 5 	Acc: 91.719 	Loss: 0.2640[00m
[91m Client6 Train => Local Epoch: 3 / 5 	Acc: 92.000 	Loss: 0.2555[00m
[91m Client6 Train => Local Epoch: 4 / 5 	Acc: 92.406 	Loss: 0.2609[00m
[92m  Client6 Test => 	Acc: 75.435 	Loss: 0.8373[00m
[91m Client7 Train => Local Epoch: 0 / 5 	Acc: 81.875 	Loss: 0.5306[00m
[91m Client7 Train => Local Epoch: 1 / 5 	Acc: 85.547 	Loss: 0.4554[00m
[91m Client7 Train => Local Epoch: 2 / 5 	Acc: 88.359 	Loss: 0.3667[00m
[91m Client7 Train => Local Epoch: 3 / 5 	Acc: 89.219 	Loss: 0.3205[00m
[91m Client7 Train => Local Epoch: 4 / 5 	Acc: 90.625 	Loss: 0.2963[00m
[92m  Client7 Test => 	Acc: 74.826 	Loss: 0.9779[00m
[91m Client8 Train => Local Epoch: 0 / 5 	Acc: 88.802 	Loss: 0.4278[00m
[91m Client8 Train => Local Epoch: 1 / 5 	Acc: 94.271 	Loss: 0.2368[00m
[91m Client8 Train => Local Epoch: 2 / 5 	Acc: 94.401 	Loss: 0.1760[00m
[91m Client8 Train => Local Epoch: 3 / 5 	Acc: 94.922 	Loss: 0.1507[00m
[91m Client8 Train => Local Epoch: 4 / 5 	Acc: 95.182 	Loss: 0.1570[00m
[92m  Client8 Test => 	Acc: 76.709 	Loss: 1.0004[00m
[91m Client9 Train => Local Epoch: 0 / 5 	Acc: 88.221 	Loss: 0.3468[00m
[91m Client9 Train => Local Epoch: 1 / 5 	Acc: 91.226 	Loss: 0.2747[00m
[91m Client9 Train => Local Epoch: 2 / 5 	Acc: 93.029 	Loss: 0.2327[00m
[91m Client9 Train => Local Epoch: 3 / 5 	Acc: 85.877 	Loss: 0.4781[00m
[91m Client9 Train => Local Epoch: 4 / 5 	Acc: 85.276 	Loss: 0.5033[00m
[92m  Client9 Test => 	Acc: 65.168 	Loss: 1.1639[00m
------------------------------------------------
------ Federation process at Server-Side ------- 
------------------------------------------------
-----------------------------------------------------------
------ FedServer: Federation process at Client-Side ------- 
-----------------------------------------------------------
[92m  Client0 Test => 	Acc: 73.636 	Loss: 0.7572[00m
 Train: Round   8, Avg Accuracy 92.160 | Avg Loss 0.246
[91m Client0 Train => Local Epoch: 0 / 5 	Acc: 91.595 	Loss: 0.2926[00m
[91m Client0 Train => Local Epoch: 1 / 5 	Acc: 92.430 	Loss: 0.2392[00m
[91m Client0 Train => Local Epoch: 2 / 5 	Acc: 95.366 	Loss: 0.1556[00m
[91m Client0 Train => Local Epoch: 3 / 5 	Acc: 95.501 	Loss: 0.1377[00m
[91m Client0 Train => Local Epoch: 4 / 5 	Acc: 94.747 	Loss: 0.1610[00m
[92m  Client0 Test => 	Acc: 61.974 	Loss: 2.7442[00m
[91m Client1 Train => Local Epoch: 0 / 5 	Acc: 88.889 	Loss: 0.3105[00m
[91m Client1 Train => Local Epoch: 1 / 5 	Acc: 93.576 	Loss: 0.1889[00m
[91m Client1 Train => Local Epoch: 2 / 5 	Acc: 91.580 	Loss: 0.2732[00m
[91m Client1 Train => Local Epoch: 3 / 5 	Acc: 94.184 	Loss: 0.1853[00m
[91m Client1 Train => Local Epoch: 4 / 5 	Acc: 94.531 	Loss: 0.1526[00m
[92m  Client1 Test => 	Acc: 61.541 	Loss: 3.0115[00m
[91m Client2 Train => Local Epoch: 0 / 5 	Acc: 91.927 	Loss: 0.2467[00m
[91m Client2 Train => Local Epoch: 1 / 5 	Acc: 94.358 	Loss: 0.1664[00m
[91m Client2 Train => Local Epoch: 2 / 5 	Acc: 91.580 	Loss: 0.2440[00m
[91m Client2 Train => Local Epoch: 3 / 5 	Acc: 91.233 	Loss: 0.2280[00m
[91m Client2 Train => Local Epoch: 4 / 5 	Acc: 93.316 	Loss: 0.2158[00m
[92m  Client2 Test => 	Acc: 67.213 	Loss: 3.0155[00m
[91m Client3 Train => Local Epoch: 0 / 5 	Acc: 87.760 	Loss: 0.3907[00m
[91m Client3 Train => Local Epoch: 1 / 5 	Acc: 92.665 	Loss: 0.2413[00m
[91m Client3 Train => Local Epoch: 2 / 5 	Acc: 92.318 	Loss: 0.2548[00m
[91m Client3 Train => Local Epoch: 3 / 5 	Acc: 93.924 	Loss: 0.1947[00m
[91m Client3 Train => Local Epoch: 4 / 5 	Acc: 95.660 	Loss: 0.1308[00m
[92m  Client3 Test => 	Acc: 83.947 	Loss: 0.8356[00m
[91m Client4 Train => Local Epoch: 0 / 5 	Acc: 89.551 	Loss: 0.3194[00m
[91m Client4 Train => Local Epoch: 1 / 5 	Acc: 94.434 	Loss: 0.1531[00m
[91m Client4 Train => Local Epoch: 2 / 5 	Acc: 95.215 	Loss: 0.1381[00m
[91m Client4 Train => Local Epoch: 3 / 5 	Acc: 95.215 	Loss: 0.1596[00m
[91m Client4 Train => Local Epoch: 4 / 5 	Acc: 94.043 	Loss: 0.1616[00m
[92m  Client4 Test => 	Acc: 74.635 	Loss: 0.8886[00m
[91m Client5 Train => Local Epoch: 0 / 5 	Acc: 84.635 	Loss: 0.4589[00m
[91m Client5 Train => Local Epoch: 1 / 5 	Acc: 91.146 	Loss: 0.2844[00m
[91m Client5 Train => Local Epoch: 2 / 5 	Acc: 92.839 	Loss: 0.2224[00m
[91m Client5 Train => Local Epoch: 3 / 5 	Acc: 94.401 	Loss: 0.1571[00m
[91m Client5 Train => Local Epoch: 4 / 5 	Acc: 93.620 	Loss: 0.1973[00m
[92m  Client5 Test => 	Acc: 73.955 	Loss: 1.3200[00m
[91m Client6 Train => Local Epoch: 0 / 5 	Acc: 90.469 	Loss: 0.2956[00m
[91m Client6 Train => Local Epoch: 1 / 5 	Acc: 93.156 	Loss: 0.2223[00m
[91m Client6 Train => Local Epoch: 2 / 5 	Acc: 93.938 	Loss: 0.1864[00m
[91m Client6 Train => Local Epoch: 3 / 5 	Acc: 93.781 	Loss: 0.1992[00m
[91m Client6 Train => Local Epoch: 4 / 5 	Acc: 94.094 	Loss: 0.1939[00m
[92m  Client6 Test => 	Acc: 79.812 	Loss: 0.6982[00m
[91m Client7 Train => Local Epoch: 0 / 5 	Acc: 82.578 	Loss: 0.5060[00m
[91m Client7 Train => Local Epoch: 1 / 5 	Acc: 89.297 	Loss: 0.3262[00m
[91m Client7 Train => Local Epoch: 2 / 5 	Acc: 91.641 	Loss: 0.2695[00m
[91m Client7 Train => Local Epoch: 3 / 5 	Acc: 91.250 	Loss: 0.2674[00m
[91m Client7 Train => Local Epoch: 4 / 5 	Acc: 84.609 	Loss: 0.4924[00m
[92m  Client7 Test => 	Acc: 72.714 	Loss: 0.9292[00m
[91m Client8 Train => Local Epoch: 0 / 5 	Acc: 89.583 	Loss: 0.3573[00m
[91m Client8 Train => Local Epoch: 1 / 5 	Acc: 94.792 	Loss: 0.1853[00m
[91m Client8 Train => Local Epoch: 2 / 5 	Acc: 95.573 	Loss: 0.1416[00m
[91m Client8 Train => Local Epoch: 3 / 5 	Acc: 97.396 	Loss: 0.0894[00m
[91m Client8 Train => Local Epoch: 4 / 5 	Acc: 97.917 	Loss: 0.0785[00m
[92m  Client8 Test => 	Acc: 80.293 	Loss: 0.9268[00m
[91m Client9 Train => Local Epoch: 0 / 5 	Acc: 88.281 	Loss: 0.3661[00m
[91m Client9 Train => Local Epoch: 1 / 5 	Acc: 94.231 	Loss: 0.1995[00m
[91m Client9 Train => Local Epoch: 2 / 5 	Acc: 95.072 	Loss: 0.1593[00m
[91m Client9 Train => Local Epoch: 3 / 5 	Acc: 95.312 	Loss: 0.1511[00m
[91m Client9 Train => Local Epoch: 4 / 5 	Acc: 95.312 	Loss: 0.1480[00m
[92m  Client9 Test => 	Acc: 77.560 	Loss: 0.7288[00m
------------------------------------------------
------ Federation process at Server-Side ------- 
------------------------------------------------
-----------------------------------------------------------
------ FedServer: Federation process at Client-Side ------- 
-----------------------------------------------------------
[92m  Client0 Test => 	Acc: 90.615 	Loss: 0.3022[00m
 Train: Round   9, Avg Accuracy 93.785 | Avg Loss 0.193
Training and Evaluation completed!
===== END Wed 01/07/2026 16:02:13.11 ===== 
