===== START Mon 12/22/2025  2:17:34.16 ===== 
C:\Users\pr8pf\AppData\Local\anaconda3\Lib\site-packages\torchvision\models\_utils.py:208: UserWarning: The parameter 'pretrained' is deprecated since 0.13 and may be removed in the future, please use 'weights' instead.
  warnings.warn(
C:\Users\pr8pf\AppData\Local\anaconda3\Lib\site-packages\torchvision\models\_utils.py:223: UserWarning: Arguments other than a weight enum or `None` for 'weights' are deprecated since 0.13 and may be removed in the future. The current behavior is equivalent to passing `weights=VGG16_Weights.IMAGENET1K_V1`. You can also use `weights=VGG16_Weights.DEFAULT` to get the most up-to-date weights.
  warnings.warn(msg)
[codecarbon INFO @ 02:18:06] [setup] RAM Tracking...
[codecarbon INFO @ 02:18:06] [setup] CPU Tracking...
[codecarbon WARNING @ 02:18:06] No CPU tracking mode found. Falling back on CPU constant mode. 
 Windows OS detected: Please install Intel Power Gadget to measure CPU

[codecarbon INFO @ 02:18:08] CPU Model on constant consumption mode: Intel(R) Xeon(R) Gold 6258R CPU @ 2.70GHz
[codecarbon INFO @ 02:18:08] [setup] GPU Tracking...
[codecarbon INFO @ 02:18:08] Tracking Nvidia GPU via pynvml
[codecarbon INFO @ 02:18:08] >>> Tracker's metadata:
[codecarbon INFO @ 02:18:08]   Platform system: Windows-11-10.0.22631-SP0
[codecarbon INFO @ 02:18:08]   Python version: 3.12.7
[codecarbon INFO @ 02:18:08]   CodeCarbon version: 2.8.3
[codecarbon INFO @ 02:18:08]   Available RAM : 126.630 GB
[codecarbon INFO @ 02:18:08]   CPU count: 56
[codecarbon INFO @ 02:18:08]   CPU model: Intel(R) Xeon(R) Gold 6258R CPU @ 2.70GHz
[codecarbon INFO @ 02:18:08]   GPU count: 2
[codecarbon INFO @ 02:18:08]   GPU model: 2 x NVIDIA RTX A5000
[codecarbon INFO @ 02:18:11] Saving emissions data to file C:\Users\pr8pf\Documents\GitHub\SplitFed\emissions.csv
[codecarbon INFO @ 02:18:12] Energy consumed for RAM : 0.000019 kWh. RAM Power : 47.48608875274658 W
[codecarbon INFO @ 02:18:12] Energy consumed for all CPUs : 0.000041 kWh. Total CPU Power : 102.50000000000001 W
[codecarbon INFO @ 02:18:12] Energy consumed for all GPUs : 0.000007 kWh. Total GPU Power : 17.799714984646762 W
[codecarbon INFO @ 02:18:12] 0.000067 kWh of electricity used since the beginning.
C:\Users\pr8pf\AppData\Local\anaconda3\Lib\site-packages\sklearn\cluster\_kmeans.py:1429: UserWarning: KMeans is known to have a memory leak on Windows with MKL, when there are less chunks than available threads. You can avoid it by setting the environment variable OMP_NUM_THREADS=1.
  warnings.warn(
C:\Users\pr8pf\AppData\Local\anaconda3\Lib\site-packages\sklearn\cluster\_kmeans.py:1429: UserWarning: KMeans is known to have a memory leak on Windows with MKL, when there are less chunks than available threads. You can avoid it by setting the environment variable OMP_NUM_THREADS=1.
  warnings.warn(
[codecarbon INFO @ 02:43:14] [setup] RAM Tracking...
[codecarbon INFO @ 02:43:14] [setup] CPU Tracking...
[codecarbon WARNING @ 02:43:14] No CPU tracking mode found. Falling back on CPU constant mode. 
 Windows OS detected: Please install Intel Power Gadget to measure CPU

[codecarbon INFO @ 02:43:16] CPU Model on constant consumption mode: Intel(R) Xeon(R) Gold 6258R CPU @ 2.70GHz
[codecarbon INFO @ 02:43:16] [setup] GPU Tracking...
[codecarbon INFO @ 02:43:16] Tracking Nvidia GPU via pynvml
[codecarbon INFO @ 02:43:16] >>> Tracker's metadata:
[codecarbon INFO @ 02:43:16]   Platform system: Windows-11-10.0.22631-SP0
[codecarbon INFO @ 02:43:16]   Python version: 3.12.7
[codecarbon INFO @ 02:43:16]   CodeCarbon version: 2.8.3
[codecarbon INFO @ 02:43:16]   Available RAM : 126.630 GB
[codecarbon INFO @ 02:43:16]   CPU count: 56
[codecarbon INFO @ 02:43:16]   CPU model: Intel(R) Xeon(R) Gold 6258R CPU @ 2.70GHz
[codecarbon INFO @ 02:43:16]   GPU count: 2
[codecarbon INFO @ 02:43:16]   GPU model: 2 x NVIDIA RTX A5000
[codecarbon INFO @ 02:43:19] Saving emissions data to file C:\Users\pr8pf\Documents\GitHub\SplitFed\emissions.csv
[codecarbon INFO @ 02:43:20] Energy consumed for RAM : 0.000008 kWh. RAM Power : 47.48608875274658 W
[codecarbon INFO @ 02:43:20] Energy consumed for all CPUs : 0.000016 kWh. Total CPU Power : 102.50000000000001 W
[codecarbon INFO @ 02:43:20] Energy consumed for all GPUs : 0.000003 kWh. Total GPU Power : 16.36980933118488 W
[codecarbon INFO @ 02:43:20] 0.000026 kWh of electricity used since the beginning.
[codecarbon INFO @ 02:44:14] [setup] RAM Tracking...
[codecarbon INFO @ 02:44:14] [setup] CPU Tracking...
[codecarbon WARNING @ 02:44:14] No CPU tracking mode found. Falling back on CPU constant mode. 
 Windows OS detected: Please install Intel Power Gadget to measure CPU

[codecarbon INFO @ 02:44:15] CPU Model on constant consumption mode: Intel(R) Xeon(R) Gold 6258R CPU @ 2.70GHz
[codecarbon INFO @ 02:44:15] [setup] GPU Tracking...
[codecarbon INFO @ 02:44:15] Tracking Nvidia GPU via pynvml
[codecarbon INFO @ 02:44:15] >>> Tracker's metadata:
[codecarbon INFO @ 02:44:15]   Platform system: Windows-11-10.0.22631-SP0
[codecarbon INFO @ 02:44:15]   Python version: 3.12.7
[codecarbon INFO @ 02:44:15]   CodeCarbon version: 2.8.3
[codecarbon INFO @ 02:44:15]   Available RAM : 126.630 GB
[codecarbon INFO @ 02:44:15]   CPU count: 56
[codecarbon INFO @ 02:44:15]   CPU model: Intel(R) Xeon(R) Gold 6258R CPU @ 2.70GHz
[codecarbon INFO @ 02:44:15]   GPU count: 2
[codecarbon INFO @ 02:44:15]   GPU model: 2 x NVIDIA RTX A5000
[codecarbon INFO @ 02:44:18] Saving emissions data to file C:\Users\pr8pf\Documents\GitHub\SplitFed\emissions.csv
[codecarbon INFO @ 02:44:19] Energy consumed for RAM : 0.000011 kWh. RAM Power : 47.48608875274658 W
[codecarbon INFO @ 02:44:19] Energy consumed for all CPUs : 0.000025 kWh. Total CPU Power : 102.50000000000001 W
[codecarbon INFO @ 02:44:19] Energy consumed for all GPUs : 0.000004 kWh. Total GPU Power : 18.47089399306236 W
[codecarbon INFO @ 02:44:19] 0.000040 kWh of electricity used since the beginning.
################################################################
#                              batch_size: 64                  #
#                         test_batch_size: 64                  #
#                                  epochs: 10                  #
#                               optimizer: SGD                 #
#                                      lr: 0.001               #
#                                momentum: 0.5                 #
#                                    seed: 1                   #
#                             num_clients: 10                  #
#                                   scale: 4                   #
#                                 dataset: plant               #
#                             loader_type: dirichlet           #
#                                      AR: flame               #
#                                    side: both                #
#                                     PDR: 1.0                 #
#                                  attack: label_flipping 5->9 #
#                          label_flipping: uni                 #
#                         experiment_name: split_fed_label_flipping_5_to_9_inner_epochs=5_epochs=10_PDR=1.0_scale=4_flame#
#                            inner_epochs: 5                   #
#                                   setup: split_fed           #
#                                   alpha: 0.5                 #
################################################################
NVIDIA RTX A5000
---------split_fed_label_flipping_5_to_9_inner_epochs=5_epochs=10_PDR=1.0_scale=4_flame----------
initialize a data loader
Using cuda
[91m Client0 Train => Local Epoch: 0 / 5 	Acc: 35.210 	Loss: 1.9941[00m
[91m Client0 Train => Local Epoch: 1 / 5 	Acc: 56.008 	Loss: 1.3640[00m
[91m Client0 Train => Local Epoch: 2 / 5 	Acc: 64.359 	Loss: 1.1250[00m
[91m Client0 Train => Local Epoch: 3 / 5 	Acc: 68.858 	Loss: 0.9508[00m
[91m Client0 Train => Local Epoch: 4 / 5 	Acc: 71.525 	Loss: 0.8649[00m
[92m  Client0 Test => 	Acc: 32.725 	Loss: 3.5260[00m
[91m Client1 Train => Local Epoch: 0 / 5 	Acc: 22.222 	Loss: 3.7197[00m
[91m Client1 Train => Local Epoch: 1 / 5 	Acc: 39.497 	Loss: 1.9876[00m
[91m Client1 Train => Local Epoch: 2 / 5 	Acc: 39.497 	Loss: 1.8888[00m
[91m Client1 Train => Local Epoch: 3 / 5 	Acc: 42.274 	Loss: 1.7732[00m
[91m Client1 Train => Local Epoch: 4 / 5 	Acc: 45.052 	Loss: 1.6446[00m
[92m  Client1 Test => 	Acc: 16.242 	Loss: 4.6188[00m
[91m Client2 Train => Local Epoch: 0 / 5 	Acc: 34.809 	Loss: 3.3673[00m
[91m Client2 Train => Local Epoch: 1 / 5 	Acc: 42.101 	Loss: 2.1251[00m
[91m Client2 Train => Local Epoch: 2 / 5 	Acc: 47.135 	Loss: 1.9944[00m
[91m Client2 Train => Local Epoch: 3 / 5 	Acc: 47.483 	Loss: 1.8434[00m
[91m Client2 Train => Local Epoch: 4 / 5 	Acc: 47.830 	Loss: 1.7156[00m
[92m  Client2 Test => 	Acc: 9.116 	Loss: 4.1664[00m
[91m Client3 Train => Local Epoch: 0 / 5 	Acc: 27.387 	Loss: 3.2720[00m
[91m Client3 Train => Local Epoch: 1 / 5 	Acc: 56.554 	Loss: 1.3466[00m
[91m Client3 Train => Local Epoch: 2 / 5 	Acc: 71.788 	Loss: 0.9870[00m
[91m Client3 Train => Local Epoch: 3 / 5 	Acc: 73.958 	Loss: 0.9147[00m
[91m Client3 Train => Local Epoch: 4 / 5 	Acc: 74.696 	Loss: 0.8570[00m
[92m  Client3 Test => 	Acc: 21.715 	Loss: 5.1259[00m
[91m Client4 Train => Local Epoch: 0 / 5 	Acc: 16.113 	Loss: 4.8122[00m
[91m Client4 Train => Local Epoch: 1 / 5 	Acc: 24.414 	Loss: 2.5832[00m
[91m Client4 Train => Local Epoch: 2 / 5 	Acc: 25.195 	Loss: 2.2228[00m
[91m Client4 Train => Local Epoch: 3 / 5 	Acc: 38.281 	Loss: 1.8761[00m
[91m Client4 Train => Local Epoch: 4 / 5 	Acc: 49.414 	Loss: 1.5353[00m
[92m  Client4 Test => 	Acc: 21.640 	Loss: 4.2093[00m
[91m Client5 Train => Local Epoch: 0 / 5 	Acc: 19.401 	Loss: 3.7064[00m
[91m Client5 Train => Local Epoch: 1 / 5 	Acc: 24.349 	Loss: 2.4651[00m
[91m Client5 Train => Local Epoch: 2 / 5 	Acc: 31.250 	Loss: 2.0384[00m
[91m Client5 Train => Local Epoch: 3 / 5 	Acc: 30.729 	Loss: 1.9762[00m
[91m Client5 Train => Local Epoch: 4 / 5 	Acc: 41.667 	Loss: 1.8298[00m
[92m  Client5 Test => 	Acc: 23.697 	Loss: 3.8546[00m
[91m Client6 Train => Local Epoch: 0 / 5 	Acc: 26.000 	Loss: 2.7306[00m
[91m Client6 Train => Local Epoch: 1 / 5 	Acc: 43.688 	Loss: 1.8267[00m
[91m Client6 Train => Local Epoch: 2 / 5 	Acc: 57.469 	Loss: 1.3764[00m
[91m Client6 Train => Local Epoch: 3 / 5 	Acc: 67.062 	Loss: 1.0756[00m
[91m Client6 Train => Local Epoch: 4 / 5 	Acc: 71.031 	Loss: 0.9083[00m
[92m  Client6 Test => 	Acc: 49.657 	Loss: 1.8905[00m
[91m Client7 Train => Local Epoch: 0 / 5 	Acc: 18.281 	Loss: 3.2440[00m
[91m Client7 Train => Local Epoch: 1 / 5 	Acc: 23.516 	Loss: 2.2915[00m
[91m Client7 Train => Local Epoch: 2 / 5 	Acc: 25.391 	Loss: 2.1664[00m
[91m Client7 Train => Local Epoch: 3 / 5 	Acc: 26.719 	Loss: 2.1511[00m
[91m Client7 Train => Local Epoch: 4 / 5 	Acc: 34.297 	Loss: 1.9642[00m
[92m  Client7 Test => 	Acc: 18.398 	Loss: 3.3816[00m
[91m Client8 Train => Local Epoch: 0 / 5 	Acc: 17.578 	Loss: 6.5378[00m
[91m Client8 Train => Local Epoch: 1 / 5 	Acc: 19.792 	Loss: 2.4272[00m
[91m Client8 Train => Local Epoch: 2 / 5 	Acc: 21.354 	Loss: 2.2228[00m
[91m Client8 Train => Local Epoch: 3 / 5 	Acc: 24.609 	Loss: 2.1266[00m
[91m Client8 Train => Local Epoch: 4 / 5 	Acc: 28.646 	Loss: 2.1454[00m
[92m  Client8 Test => 	Acc: 5.333 	Loss: 4.7420[00m
[91m Client9 Train => Local Epoch: 0 / 5 	Acc: 18.089 	Loss: 3.8243[00m
[91m Client9 Train => Local Epoch: 1 / 5 	Acc: 28.125 	Loss: 2.0843[00m
[91m Client9 Train => Local Epoch: 2 / 5 	Acc: 29.928 	Loss: 2.0811[00m
[91m Client9 Train => Local Epoch: 3 / 5 	Acc: 42.127 	Loss: 1.7385[00m
[91m Client9 Train => Local Epoch: 4 / 5 	Acc: 48.257 	Loss: 1.5927[00m
[92m  Client9 Test => 	Acc: 39.644 	Loss: 2.4336[00m
------------------------------------------------
------ Federation process at Server-Side ------- 
------------------------------------------------
-----------------------------------------------------------
------ FedServer: Federation process at Client-Side ------- 
-----------------------------------------------------------
[92m  Client0 Test => 	Acc: 11.081 	Loss: 2.7021[00m
 Train: Round   0, Avg Accuracy 51.241 | Avg Loss 1.506
[91m Client0 Train => Local Epoch: 0 / 5 	Acc: 35.749 	Loss: 1.8639[00m
[91m Client0 Train => Local Epoch: 1 / 5 	Acc: 38.227 	Loss: 1.7716[00m
[91m Client0 Train => Local Epoch: 2 / 5 	Acc: 38.416 	Loss: 1.7571[00m
[91m Client0 Train => Local Epoch: 3 / 5 	Acc: 38.362 	Loss: 1.7570[00m
[91m Client0 Train => Local Epoch: 4 / 5 	Acc: 38.443 	Loss: 1.7546[00m
[92m  Client0 Test => 	Acc: 12.335 	Loss: 4.1181[00m
[91m Client1 Train => Local Epoch: 0 / 5 	Acc: 39.670 	Loss: 2.1883[00m
[91m Client1 Train => Local Epoch: 1 / 5 	Acc: 39.323 	Loss: 1.9093[00m
[91m Client1 Train => Local Epoch: 2 / 5 	Acc: 39.149 	Loss: 1.8376[00m
[91m Client1 Train => Local Epoch: 3 / 5 	Acc: 39.757 	Loss: 2.0804[00m
[91m Client1 Train => Local Epoch: 4 / 5 	Acc: 39.236 	Loss: 1.9759[00m
[92m  Client1 Test => 	Acc: 12.770 	Loss: 4.0029[00m
[91m Client2 Train => Local Epoch: 0 / 5 	Acc: 47.222 	Loss: 2.1404[00m
[91m Client2 Train => Local Epoch: 1 / 5 	Acc: 47.135 	Loss: 1.9588[00m
[91m Client2 Train => Local Epoch: 2 / 5 	Acc: 47.222 	Loss: 1.9312[00m
[91m Client2 Train => Local Epoch: 3 / 5 	Acc: 47.049 	Loss: 1.9299[00m
[91m Client2 Train => Local Epoch: 4 / 5 	Acc: 46.788 	Loss: 1.9389[00m
[92m  Client2 Test => 	Acc: 11.074 	Loss: 4.1559[00m
[91m Client3 Train => Local Epoch: 0 / 5 	Acc: 28.906 	Loss: 2.0317[00m
[91m Client3 Train => Local Epoch: 1 / 5 	Acc: 45.052 	Loss: 1.6354[00m
[91m Client3 Train => Local Epoch: 2 / 5 	Acc: 69.878 	Loss: 1.0346[00m
[91m Client3 Train => Local Epoch: 3 / 5 	Acc: 70.747 	Loss: 1.0434[00m
[91m Client3 Train => Local Epoch: 4 / 5 	Acc: 76.215 	Loss: 0.8341[00m
[92m  Client3 Test => 	Acc: 25.933 	Loss: 5.2230[00m
[91m Client4 Train => Local Epoch: 0 / 5 	Acc: 20.020 	Loss: 2.4850[00mC:\Users\pr8pf\AppData\Local\anaconda3\Lib\site-packages\sklearn\cluster\_kmeans.py:1429: UserWarning: KMeans is known to have a memory leak on Windows with MKL, when there are less chunks than available threads. You can avoid it by setting the environment variable OMP_NUM_THREADS=1.
  warnings.warn(
C:\Users\pr8pf\AppData\Local\anaconda3\Lib\site-packages\sklearn\cluster\_kmeans.py:1429: UserWarning: KMeans is known to have a memory leak on Windows with MKL, when there are less chunks than available threads. You can avoid it by setting the environment variable OMP_NUM_THREADS=1.
  warnings.warn(
[codecarbon INFO @ 03:09:27] [setup] RAM Tracking...
[codecarbon INFO @ 03:09:27] [setup] CPU Tracking...
[codecarbon WARNING @ 03:09:27] No CPU tracking mode found. Falling back on CPU constant mode. 
 Windows OS detected: Please install Intel Power Gadget to measure CPU

[codecarbon INFO @ 03:09:29] CPU Model on constant consumption mode: Intel(R) Xeon(R) Gold 6258R CPU @ 2.70GHz
[codecarbon INFO @ 03:09:29] [setup] GPU Tracking...
[codecarbon INFO @ 03:09:29] Tracking Nvidia GPU via pynvml
[codecarbon INFO @ 03:09:29] >>> Tracker's metadata:
[codecarbon INFO @ 03:09:29]   Platform system: Windows-11-10.0.22631-SP0
[codecarbon INFO @ 03:09:29]   Python version: 3.12.7
[codecarbon INFO @ 03:09:29]   CodeCarbon version: 2.8.3
[codecarbon INFO @ 03:09:29]   Available RAM : 126.630 GB
[codecarbon INFO @ 03:09:29]   CPU count: 56
[codecarbon INFO @ 03:09:29]   CPU model: Intel(R) Xeon(R) Gold 6258R CPU @ 2.70GHz
[codecarbon INFO @ 03:09:29]   GPU count: 2
[codecarbon INFO @ 03:09:29]   GPU model: 2 x NVIDIA RTX A5000
[codecarbon INFO @ 03:09:32] Saving emissions data to file C:\Users\pr8pf\Documents\GitHub\SplitFed\emissions.csv
[codecarbon INFO @ 03:09:33] Energy consumed for RAM : 0.000009 kWh. RAM Power : 47.48608875274658 W
[codecarbon INFO @ 03:09:33] Energy consumed for all CPUs : 0.000019 kWh. Total CPU Power : 102.50000000000001 W
[codecarbon INFO @ 03:09:33] Energy consumed for all GPUs : 0.000005 kWh. Total GPU Power : 24.936831126985762 W
[codecarbon INFO @ 03:09:33] 0.000033 kWh of electricity used since the beginning.
[codecarbon INFO @ 03:10:27] [setup] RAM Tracking...
[codecarbon INFO @ 03:10:27] [setup] CPU Tracking...
[codecarbon WARNING @ 03:10:27] No CPU tracking mode found. Falling back on CPU constant mode. 
 Windows OS detected: Please install Intel Power Gadget to measure CPU

[codecarbon INFO @ 03:10:29] CPU Model on constant consumption mode: Intel(R) Xeon(R) Gold 6258R CPU @ 2.70GHz
[codecarbon INFO @ 03:10:29] [setup] GPU Tracking...
[codecarbon INFO @ 03:10:29] Tracking Nvidia GPU via pynvml
[codecarbon INFO @ 03:10:29] >>> Tracker's metadata:
[codecarbon INFO @ 03:10:29]   Platform system: Windows-11-10.0.22631-SP0
[codecarbon INFO @ 03:10:29]   Python version: 3.12.7
[codecarbon INFO @ 03:10:29]   CodeCarbon version: 2.8.3
[codecarbon INFO @ 03:10:29]   Available RAM : 126.630 GB
[codecarbon INFO @ 03:10:29]   CPU count: 56
[codecarbon INFO @ 03:10:29]   CPU model: Intel(R) Xeon(R) Gold 6258R CPU @ 2.70GHz
[codecarbon INFO @ 03:10:29]   GPU count: 2
[codecarbon INFO @ 03:10:29]   GPU model: 2 x NVIDIA RTX A5000
[codecarbon INFO @ 03:10:32] Saving emissions data to file C:\Users\pr8pf\Documents\GitHub\SplitFed\emissions.csv
[codecarbon INFO @ 03:10:33] Energy consumed for RAM : 0.000010 kWh. RAM Power : 47.48608875274658 W
[codecarbon INFO @ 03:10:33] Energy consumed for all CPUs : 0.000021 kWh. Total CPU Power : 102.50000000000001 W
[codecarbon INFO @ 03:10:33] Energy consumed for all GPUs : 0.000005 kWh. Total GPU Power : 24.44692820514878 W
[codecarbon INFO @ 03:10:33] 0.000036 kWh of electricity used since the beginning.
C:\Users\pr8pf\AppData\Local\anaconda3\Lib\site-packages\sklearn\cluster\_kmeans.py:1429: UserWarning: KMeans is known to have a memory leak on Windows with MKL, when there are less chunks than available threads. You can avoid it by setting the environment variable OMP_NUM_THREADS=1.
  warnings.warn(
C:\Users\pr8pf\AppData\Local\anaconda3\Lib\site-packages\sklearn\cluster\_kmeans.py:1429: UserWarning: KMeans is known to have a memory leak on Windows with MKL, when there are less chunks than available threads. You can avoid it by setting the environment variable OMP_NUM_THREADS=1.
  warnings.warn(
[codecarbon INFO @ 03:35:41] [setup] RAM Tracking...
[codecarbon INFO @ 03:35:41] [setup] CPU Tracking...
[codecarbon WARNING @ 03:35:41] No CPU tracking mode found. Falling back on CPU constant mode. 
 Windows OS detected: Please install Intel Power Gadget to measure CPU

[codecarbon INFO @ 03:35:43] CPU Model on constant consumption mode: Intel(R) Xeon(R) Gold 6258R CPU @ 2.70GHz
[codecarbon INFO @ 03:35:43] [setup] GPU Tracking...
[codecarbon INFO @ 03:35:43] Tracking Nvidia GPU via pynvml
[codecarbon INFO @ 03:35:43] >>> Tracker's metadata:
[codecarbon INFO @ 03:35:43]   Platform system: Windows-11-10.0.22631-SP0
[codecarbon INFO @ 03:35:43]   Python version: 3.12.7
[codecarbon INFO @ 03:35:43]   CodeCarbon version: 2.8.3
[codecarbon INFO @ 03:35:43]   Available RAM : 126.630 GB
[codecarbon INFO @ 03:35:43]   CPU count: 56
[codecarbon INFO @ 03:35:43]   CPU model: Intel(R) Xeon(R) Gold 6258R CPU @ 2.70GHz
[codecarbon INFO @ 03:35:43]   GPU count: 2
[codecarbon INFO @ 03:35:43]   GPU model: 2 x NVIDIA RTX A5000
[codecarbon INFO @ 03:35:46] Saving emissions data to file C:\Users\pr8pf\Documents\GitHub\SplitFed\emissions.csv
[codecarbon INFO @ 03:35:46] Energy consumed for RAM : 0.000009 kWh. RAM Power : 47.48608875274658 W
[codecarbon INFO @ 03:35:46] Energy consumed for all CPUs : 0.000019 kWh. Total CPU Power : 102.50000000000001 W
[codecarbon INFO @ 03:35:46] Energy consumed for all GPUs : 0.000003 kWh. Total GPU Power : 15.840319946575969 W
[codecarbon INFO @ 03:35:46] 0.000031 kWh of electricity used since the beginning.
[codecarbon INFO @ 03:36:41] [setup] RAM Tracking...
[codecarbon INFO @ 03:36:41] [setup] CPU Tracking...
[codecarbon WARNING @ 03:36:41] No CPU tracking mode found. Falling back on CPU constant mode. 
 Windows OS detected: Please install Intel Power Gadget to measure CPU

[codecarbon INFO @ 03:36:43] CPU Model on constant consumption mode: Intel(R) Xeon(R) Gold 6258R CPU @ 2.70GHz
[codecarbon INFO @ 03:36:43] [setup] GPU Tracking...
[codecarbon INFO @ 03:36:43] Tracking Nvidia GPU via pynvml
[codecarbon INFO @ 03:36:43] >>> Tracker's metadata:
[codecarbon INFO @ 03:36:43]   Platform system: Windows-11-10.0.22631-SP0
[codecarbon INFO @ 03:36:43]   Python version: 3.12.7
[codecarbon INFO @ 03:36:43]   CodeCarbon version: 2.8.3
[codecarbon INFO @ 03:36:43]   Available RAM : 126.630 GB
[codecarbon INFO @ 03:36:43]   CPU count: 56
[codecarbon INFO @ 03:36:43]   CPU model: Intel(R) Xeon(R) Gold 6258R CPU @ 2.70GHz
[codecarbon INFO @ 03:36:43]   GPU count: 2
[codecarbon INFO @ 03:36:43]   GPU model: 2 x NVIDIA RTX A5000
[codecarbon INFO @ 03:36:46] Saving emissions data to file C:\Users\pr8pf\Documents\GitHub\SplitFed\emissions.csv
[codecarbon INFO @ 03:36:47] Energy consumed for RAM : 0.000012 kWh. RAM Power : 47.48608875274658 W
[codecarbon INFO @ 03:36:47] Energy consumed for all CPUs : 0.000026 kWh. Total CPU Power : 102.50000000000001 W
[codecarbon INFO @ 03:36:47] Energy consumed for all GPUs : 0.000005 kWh. Total GPU Power : 18.217898627588152 W
[codecarbon INFO @ 03:36:47] 0.000043 kWh of electricity used since the beginning.

[91m Client4 Train => Local Epoch: 1 / 5 	Acc: 37.305 	Loss: 1.8841[00m
[91m Client4 Train => Local Epoch: 2 / 5 	Acc: 37.402 	Loss: 2.1333[00m
[91m Client4 Train => Local Epoch: 3 / 5 	Acc: 45.215 	Loss: 1.6440[00m
[91m Client4 Train => Local Epoch: 4 / 5 	Acc: 53.613 	Loss: 1.3418[00m
[92m  Client4 Test => 	Acc: 30.812 	Loss: 3.2170[00m
[91m Client5 Train => Local Epoch: 0 / 5 	Acc: 17.708 	Loss: 2.4735[00m
[91m Client5 Train => Local Epoch: 1 / 5 	Acc: 27.083 	Loss: 2.0683[00m
[91m Client5 Train => Local Epoch: 2 / 5 	Acc: 31.901 	Loss: 1.9561[00m
[91m Client5 Train => Local Epoch: 3 / 5 	Acc: 48.307 	Loss: 1.6924[00m
[91m Client5 Train => Local Epoch: 4 / 5 	Acc: 56.120 	Loss: 1.4170[00m
[92m  Client5 Test => 	Acc: 28.697 	Loss: 2.9073[00m
[91m Client6 Train => Local Epoch: 0 / 5 	Acc: 26.062 	Loss: 2.1561[00m
[91m Client6 Train => Local Epoch: 1 / 5 	Acc: 25.031 	Loss: 2.0895[00m
[91m Client6 Train => Local Epoch: 2 / 5 	Acc: 25.562 	Loss: 2.0839[00m
[91m Client6 Train => Local Epoch: 3 / 5 	Acc: 25.000 	Loss: 2.0820[00m
[91m Client6 Train => Local Epoch: 4 / 5 	Acc: 25.594 	Loss: 2.0804[00m
[92m  Client6 Test => 	Acc: 12.362 	Loss: 3.3085[00m
[91m Client7 Train => Local Epoch: 0 / 5 	Acc: 19.844 	Loss: 2.4616[00m
[91m Client7 Train => Local Epoch: 1 / 5 	Acc: 25.859 	Loss: 2.1607[00m
[91m Client7 Train => Local Epoch: 2 / 5 	Acc: 34.375 	Loss: 2.0046[00m
[91m Client7 Train => Local Epoch: 3 / 5 	Acc: 39.844 	Loss: 1.7509[00m
[91m Client7 Train => Local Epoch: 4 / 5 	Acc: 46.094 	Loss: 1.6842[00m
[92m  Client7 Test => 	Acc: 23.200 	Loss: 2.4509[00m
[91m Client8 Train => Local Epoch: 0 / 5 	Acc: 15.625 	Loss: 2.5919[00m
[91m Client8 Train => Local Epoch: 1 / 5 	Acc: 26.302 	Loss: 2.1800[00m
[91m Client8 Train => Local Epoch: 2 / 5 	Acc: 37.500 	Loss: 2.0519[00m
[91m Client8 Train => Local Epoch: 3 / 5 	Acc: 36.589 	Loss: 2.1467[00m
[91m Client8 Train => Local Epoch: 4 / 5 	Acc: 46.745 	Loss: 1.7942[00m
[92m  Client8 Test => 	Acc: 9.484 	Loss: 3.7291[00m
[91m Client9 Train => Local Epoch: 0 / 5 	Acc: 20.192 	Loss: 2.2875[00m
[91m Client9 Train => Local Epoch: 1 / 5 	Acc: 24.820 	Loss: 2.1331[00m
[91m Client9 Train => Local Epoch: 2 / 5 	Acc: 31.550 	Loss: 1.9639[00m
[91m Client9 Train => Local Epoch: 3 / 5 	Acc: 33.053 	Loss: 1.8508[00m
[91m Client9 Train => Local Epoch: 4 / 5 	Acc: 30.288 	Loss: 1.9532[00m
[92m  Client9 Test => 	Acc: 22.186 	Loss: 2.6006[00m
------------------------------------------------
------ Federation process at Server-Side ------- 
------------------------------------------------
-----------------------------------------------------------
------ FedServer: Federation process at Client-Side ------- 
-----------------------------------------------------------
[92m  Client0 Test => 	Acc: 11.067 	Loss: 2.7051[00m
 Train: Round   1, Avg Accuracy 45.914 | Avg Loss 1.677
[91m Client0 Train => Local Epoch: 0 / 5 	Acc: 34.537 	Loss: 1.8628[00m
[91m Client0 Train => Local Epoch: 1 / 5 	Acc: 38.335 	Loss: 1.7570[00m
[91m Client0 Train => Local Epoch: 2 / 5 	Acc: 38.066 	Loss: 1.7515[00m
[91m Client0 Train => Local Epoch: 3 / 5 	Acc: 38.416 	Loss: 1.7535[00m
[91m Client0 Train => Local Epoch: 4 / 5 	Acc: 38.416 	Loss: 1.7515[00m
[92m  Client0 Test => 	Acc: 12.368 	Loss: 3.9449[00m
[91m Client1 Train => Local Epoch: 0 / 5 	Acc: 39.323 	Loss: 2.1963[00m
[91m Client1 Train => Local Epoch: 1 / 5 	Acc: 39.410 	Loss: 1.8542[00m
[91m Client1 Train => Local Epoch: 2 / 5 	Acc: 44.444 	Loss: 1.6662[00m
[91m Client1 Train => Local Epoch: 3 / 5 	Acc: 54.774 	Loss: 1.4103[00m
[91m Client1 Train => Local Epoch: 4 / 5 	Acc: 58.941 	Loss: 1.2208[00m
[92m  Client1 Test => 	Acc: 26.090 	Loss: 5.0725[00m
[91m Client2 Train => Local Epoch: 0 / 5 	Acc: 46.875 	Loss: 2.1441[00m
[91m Client2 Train => Local Epoch: 1 / 5 	Acc: 46.962 	Loss: 1.9848[00m
[91m Client2 Train => Local Epoch: 2 / 5 	Acc: 46.788 	Loss: 1.9566[00m
[91m Client2 Train => Local Epoch: 3 / 5 	Acc: 46.962 	Loss: 1.9301[00m
[91m Client2 Train => Local Epoch: 4 / 5 	Acc: 47.049 	Loss: 1.9224[00m
[92m  Client2 Test => 	Acc: 11.074 	Loss: 3.8597[00m
[91m Client3 Train => Local Epoch: 0 / 5 	Acc: 36.806 	Loss: 1.9119[00m
[91m Client3 Train => Local Epoch: 1 / 5 	Acc: 65.365 	Loss: 1.1786[00m
[91m Client3 Train => Local Epoch: 2 / 5 	Acc: 75.130 	Loss: 0.9162[00m
[91m Client3 Train => Local Epoch: 3 / 5 	Acc: 78.776 	Loss: 0.7275[00m
[91m Client3 Train => Local Epoch: 4 / 5 	Acc: 81.901 	Loss: 0.6071[00m
[92m  Client3 Test => 	Acc: 38.013 	Loss: 5.2672[00m
[91m Client4 Train => Local Epoch: 0 / 5 	Acc: 16.504 	Loss: 2.6490[00m
[91m Client4 Train => Local Epoch: 1 / 5 	Acc: 24.316 	Loss: 2.2235[00m
[91m Client4 Train => Local Epoch: 2 / 5 	Acc: 30.566 	Loss: 1.8822[00m
[91m Client4 Train => Local Epoch: 3 / 5 	Acc: 45.898 	Loss: 1.6631[00m
[91m Client4 Train => Local Epoch: 4 / 5 	Acc: 53.516 	Loss: 1.5309[00m
[92m  Client4 Test => 	Acc: 20.764 	Loss: 3.5943[00m
[91m Client5 Train => Local Epoch: 0 / 5 	Acc: 17.839 	Loss: 2.5232[00m
[91m Client5 Train => Local Epoch: 1 / 5 	Acc: 30.859 	Loss: 2.1397[00m
[91m Client5 Train => Local Epoch: 2 / 5 	Acc: 37.500 	Loss: 1.9764[00m
[91m Client5 Train => Local Epoch: 3 / 5 	Acc: 47.526 	Loss: 1.6532[00m
[91m Client5 Train => Local Epoch: 4 / 5 	Acc: 55.599 	Loss: 1.3776[00m
[92m  Client5 Test => 	Acc: 31.712 	Loss: 2.8239[00m
[91m Client6 Train => Local Epoch: 0 / 5 	Acc: 24.906 	Loss: 2.1387[00m
[91m Client6 Train => Local Epoch: 1 / 5 	Acc: 45.188 	Loss: 1.8375[00m
[91m Client6 Train => Local Epoch: 2 / 5 	Acc: 58.375 	Loss: 1.4084[00m
[91m Client6 Train => Local Epoch: 3 / 5 	Acc: 66.406 	Loss: 1.1477[00m
[91m Client6 Train => Local Epoch: 4 / 5 	Acc: 69.094 	Loss: 0.9958[00m
[92m  Client6 Test => 	Acc: 48.987 	Loss: 1.7396[00m
[91m Client7 Train => Local Epoch: 0 / 5 	Acc: 21.250 	Loss: 2.4635[00m
[91m Client7 Train => Local Epoch: 1 / 5 	Acc: 27.422 	Loss: 2.2162[00m
[91m Client7 Train => Local Epoch: 2 / 5 	Acc: 27.969 	Loss: 2.1377[00m
[91m Client7 Train => Local Epoch: 3 / 5 	Acc: 36.172 	Loss: 1.9514[00m
[91m Client7 Train => Local Epoch: 4 / 5 	Acc: 35.625 	Loss: 1.8803[00m
[92m  Client7 Test => 	Acc: 20.414 	Loss: 4.0495[00m
[91m Client8 Train => Local Epoch: 0 / 5 	Acc: 6.380 	Loss: 2.8108[00m
[91m Client8 Train => Local Epoch: 1 / 5 	Acc: 27.734 	Loss: 2.2949[00m
[91m Client8 Train => Local Epoch: 2 / 5 	Acc: 28.255 	Loss: 2.1540[00m
[91m Client8 Train => Local Epoch: 3 / 5 	Acc: 27.344 	Loss: 2.1322[00m
[91m Client8 Train => Local Epoch: 4 / 5 	Acc: 26.823 	Loss: 2.1136[00m
[92m  Client8 Test => 	Acc: 4.093 	Loss: 3.6344[00m
[91m Client9 Train => Local Epoch: 0 / 5 	Acc: 21.214 	Loss: 2.2412[00m
[91m Client9 Train => Local Epoch: 1 / 5 	Acc: 30.529 	Loss: 1.9802[00m
[91m Client9 Train => Local Epoch: 2 / 5 	Acc: 41.647 	Loss: 1.7241[00m
[91m Client9 Train => Local Epoch: 3 / 5 	Acc: 54.387 	Loss: 1.4245[00m
[91m Client9 Train => Local Epoch: 4 / 5 	Acc: 60.096 	Loss: 1.2972[00m
[92m  Client9 Test => 	Acc: 48.486 	Loss: 2.1639[00m
------------------------------------------------
------ Federation process at Server-Side ------- 
------------------------------------------------
-----------------------------------------------------------
------ FedServer: Federation process at Client-Side ------- 
-----------------------------------------------------------
[92m  Client0 Test => 	Acc: 11.101 	Loss: 2.6456[00m
 Train: Round   2, Avg Accuracy 52.706 | Avg Loss 1.470
[91m Client0 Train => Local Epoch: 0 / 5 	Acc: 40.032 	Loss: 1.7911[00m
[91m Client0 Train => Local Epoch: 1 / 5 	Acc: 57.112 	Loss: 1.3842[00m
[91m Client0 Train => Local Epoch: 2 / 5 	Acc: 57.893 	Loss: 1.3183[00m
[91m Client0 Train => Local Epoch: 3 / 5 	Acc: 65.113 	Loss: 1.0746[00m
[91m Client0 Train => Local Epoch: 4 / 5 	Acc: 63.820 	Loss: 1.1478[00m
[92m  Client0 Test => 	Acc: 23.007 	Loss: 3.6530[00m
[91m Client1 Train => Local Epoch: 0 / 5 	Acc: 39.236 	Loss: 2.2328[00mC:\Users\pr8pf\AppData\Local\anaconda3\Lib\site-packages\sklearn\cluster\_kmeans.py:1429: UserWarning: KMeans is known to have a memory leak on Windows with MKL, when there are less chunks than available threads. You can avoid it by setting the environment variable OMP_NUM_THREADS=1.
  warnings.warn(
C:\Users\pr8pf\AppData\Local\anaconda3\Lib\site-packages\sklearn\cluster\_kmeans.py:1429: UserWarning: KMeans is known to have a memory leak on Windows with MKL, when there are less chunks than available threads. You can avoid it by setting the environment variable OMP_NUM_THREADS=1.
  warnings.warn(
[codecarbon INFO @ 04:02:02] [setup] RAM Tracking...
[codecarbon INFO @ 04:02:02] [setup] CPU Tracking...
[codecarbon WARNING @ 04:02:02] No CPU tracking mode found. Falling back on CPU constant mode. 
 Windows OS detected: Please install Intel Power Gadget to measure CPU

[codecarbon INFO @ 04:02:04] CPU Model on constant consumption mode: Intel(R) Xeon(R) Gold 6258R CPU @ 2.70GHz
[codecarbon INFO @ 04:02:04] [setup] GPU Tracking...
[codecarbon INFO @ 04:02:04] Tracking Nvidia GPU via pynvml
[codecarbon INFO @ 04:02:04] >>> Tracker's metadata:
[codecarbon INFO @ 04:02:04]   Platform system: Windows-11-10.0.22631-SP0
[codecarbon INFO @ 04:02:04]   Python version: 3.12.7
[codecarbon INFO @ 04:02:04]   CodeCarbon version: 2.8.3
[codecarbon INFO @ 04:02:04]   Available RAM : 126.630 GB
[codecarbon INFO @ 04:02:04]   CPU count: 56
[codecarbon INFO @ 04:02:04]   CPU model: Intel(R) Xeon(R) Gold 6258R CPU @ 2.70GHz
[codecarbon INFO @ 04:02:04]   GPU count: 2
[codecarbon INFO @ 04:02:04]   GPU model: 2 x NVIDIA RTX A5000
[codecarbon INFO @ 04:02:07] Saving emissions data to file C:\Users\pr8pf\Documents\GitHub\SplitFed\emissions.csv
[codecarbon INFO @ 04:02:07] Energy consumed for RAM : 0.000009 kWh. RAM Power : 47.48608875274658 W
[codecarbon INFO @ 04:02:07] Energy consumed for all CPUs : 0.000019 kWh. Total CPU Power : 102.50000000000001 W
[codecarbon INFO @ 04:02:07] Energy consumed for all GPUs : 0.000005 kWh. Total GPU Power : 28.63918797675036 W
[codecarbon INFO @ 04:02:07] 0.000034 kWh of electricity used since the beginning.
[codecarbon INFO @ 04:03:01] [setup] RAM Tracking...
[codecarbon INFO @ 04:03:01] [setup] CPU Tracking...
[codecarbon WARNING @ 04:03:01] No CPU tracking mode found. Falling back on CPU constant mode. 
 Windows OS detected: Please install Intel Power Gadget to measure CPU

[codecarbon INFO @ 04:03:02] CPU Model on constant consumption mode: Intel(R) Xeon(R) Gold 6258R CPU @ 2.70GHz
[codecarbon INFO @ 04:03:02] [setup] GPU Tracking...
[codecarbon INFO @ 04:03:02] Tracking Nvidia GPU via pynvml
[codecarbon INFO @ 04:03:02] >>> Tracker's metadata:
[codecarbon INFO @ 04:03:02]   Platform system: Windows-11-10.0.22631-SP0
[codecarbon INFO @ 04:03:02]   Python version: 3.12.7
[codecarbon INFO @ 04:03:02]   CodeCarbon version: 2.8.3
[codecarbon INFO @ 04:03:02]   Available RAM : 126.630 GB
[codecarbon INFO @ 04:03:02]   CPU count: 56
[codecarbon INFO @ 04:03:02]   CPU model: Intel(R) Xeon(R) Gold 6258R CPU @ 2.70GHz
[codecarbon INFO @ 04:03:02]   GPU count: 2
[codecarbon INFO @ 04:03:02]   GPU model: 2 x NVIDIA RTX A5000
[codecarbon INFO @ 04:03:05] Saving emissions data to file C:\Users\pr8pf\Documents\GitHub\SplitFed\emissions.csv
[codecarbon INFO @ 04:03:06] Energy consumed for RAM : 0.000008 kWh. RAM Power : 47.48608875274658 W
[codecarbon INFO @ 04:03:06] Energy consumed for all CPUs : 0.000016 kWh. Total CPU Power : 102.50000000000001 W
[codecarbon INFO @ 04:03:06] Energy consumed for all GPUs : 0.000004 kWh. Total GPU Power : 24.92902338980528 W
[codecarbon INFO @ 04:03:06] 0.000028 kWh of electricity used since the beginning.

[91m Client1 Train => Local Epoch: 1 / 5 	Acc: 40.972 	Loss: 1.8129[00m
[91m Client1 Train => Local Epoch: 2 / 5 	Acc: 54.167 	Loss: 1.4022[00m
[91m Client1 Train => Local Epoch: 3 / 5 	Acc: 60.330 	Loss: 1.2433[00m
[91m Client1 Train => Local Epoch: 4 / 5 	Acc: 61.198 	Loss: 1.3791[00m
[92m  Client1 Test => 	Acc: 23.370 	Loss: 4.3563[00m
[91m Client2 Train => Local Epoch: 0 / 5 	Acc: 46.962 	Loss: 2.1484[00m
[91m Client2 Train => Local Epoch: 1 / 5 	Acc: 50.868 	Loss: 1.5643[00m
[91m Client2 Train => Local Epoch: 2 / 5 	Acc: 55.729 	Loss: 1.4151[00m
[91m Client2 Train => Local Epoch: 3 / 5 	Acc: 59.549 	Loss: 1.2766[00m
[91m Client2 Train => Local Epoch: 4 / 5 	Acc: 64.149 	Loss: 1.1969[00m
[92m  Client2 Test => 	Acc: 25.136 	Loss: 5.7253[00m
[91m Client3 Train => Local Epoch: 0 / 5 	Acc: 45.356 	Loss: 1.7523[00m
[91m Client3 Train => Local Epoch: 1 / 5 	Acc: 70.009 	Loss: 1.0321[00m
[91m Client3 Train => Local Epoch: 2 / 5 	Acc: 75.608 	Loss: 0.8666[00m
[91m Client3 Train => Local Epoch: 3 / 5 	Acc: 80.165 	Loss: 0.6670[00m
[91m Client3 Train => Local Epoch: 4 / 5 	Acc: 82.161 	Loss: 0.5757[00m
[92m  Client3 Test => 	Acc: 42.517 	Loss: 6.8324[00m
[91m Client4 Train => Local Epoch: 0 / 5 	Acc: 23.242 	Loss: 2.4586[00m
[91m Client4 Train => Local Epoch: 1 / 5 	Acc: 43.262 	Loss: 1.7133[00m
[91m Client4 Train => Local Epoch: 2 / 5 	Acc: 54.004 	Loss: 1.3263[00m
[91m Client4 Train => Local Epoch: 3 / 5 	Acc: 65.430 	Loss: 1.0456[00m
[91m Client4 Train => Local Epoch: 4 / 5 	Acc: 76.562 	Loss: 0.7598[00m
[92m  Client4 Test => 	Acc: 37.690 	Loss: 5.1661[00m
[91m Client5 Train => Local Epoch: 0 / 5 	Acc: 13.021 	Loss: 2.4867[00m
[91m Client5 Train => Local Epoch: 1 / 5 	Acc: 32.031 	Loss: 2.0635[00m
[91m Client5 Train => Local Epoch: 2 / 5 	Acc: 48.307 	Loss: 1.7183[00m
[91m Client5 Train => Local Epoch: 3 / 5 	Acc: 50.781 	Loss: 1.5042[00m
[91m Client5 Train => Local Epoch: 4 / 5 	Acc: 59.505 	Loss: 1.2575[00m
[92m  Client5 Test => 	Acc: 35.471 	Loss: 2.7032[00m
[91m Client6 Train => Local Epoch: 0 / 5 	Acc: 39.406 	Loss: 1.9670[00m
[91m Client6 Train => Local Epoch: 1 / 5 	Acc: 64.594 	Loss: 1.1666[00m
[91m Client6 Train => Local Epoch: 2 / 5 	Acc: 74.656 	Loss: 0.8335[00m
[91m Client6 Train => Local Epoch: 3 / 5 	Acc: 76.750 	Loss: 0.7780[00m
[91m Client6 Train => Local Epoch: 4 / 5 	Acc: 81.719 	Loss: 0.6061[00m
[92m  Client6 Test => 	Acc: 57.360 	Loss: 1.5233[00m
[91m Client7 Train => Local Epoch: 0 / 5 	Acc: 21.719 	Loss: 2.4242[00m
[91m Client7 Train => Local Epoch: 1 / 5 	Acc: 25.000 	Loss: 2.1780[00m
[91m Client7 Train => Local Epoch: 2 / 5 	Acc: 37.266 	Loss: 1.9135[00m
[91m Client7 Train => Local Epoch: 3 / 5 	Acc: 43.750 	Loss: 1.7469[00m
[91m Client7 Train => Local Epoch: 4 / 5 	Acc: 48.047 	Loss: 1.6034[00m
[92m  Client7 Test => 	Acc: 18.219 	Loss: 3.0003[00m
[91m Client8 Train => Local Epoch: 0 / 5 	Acc: 8.203 	Loss: 2.6975[00m
[91m Client8 Train => Local Epoch: 1 / 5 	Acc: 31.901 	Loss: 2.0956[00m
[91m Client8 Train => Local Epoch: 2 / 5 	Acc: 43.099 	Loss: 1.7885[00m
[91m Client8 Train => Local Epoch: 3 / 5 	Acc: 53.125 	Loss: 1.5812[00m
[91m Client8 Train => Local Epoch: 4 / 5 	Acc: 57.552 	Loss: 1.3795[00m
[92m  Client8 Test => 	Acc: 34.960 	Loss: 2.6148[00m
[91m Client9 Train => Local Epoch: 0 / 5 	Acc: 26.322 	Loss: 2.1433[00m
[91m Client9 Train => Local Epoch: 1 / 5 	Acc: 52.163 	Loss: 1.5549[00m
[91m Client9 Train => Local Epoch: 2 / 5 	Acc: 60.877 	Loss: 1.2557[00m
[91m Client9 Train => Local Epoch: 3 / 5 	Acc: 64.303 	Loss: 1.2239[00m
[91m Client9 Train => Local Epoch: 4 / 5 	Acc: 62.260 	Loss: 1.1895[00m
[92m  Client9 Test => 	Acc: 48.938 	Loss: 2.1794[00m
------------------------------------------------
------ Federation process at Server-Side ------- 
------------------------------------------------
-----------------------------------------------------------
------ FedServer: Federation process at Client-Side ------- 
-----------------------------------------------------------
[92m  Client0 Test => 	Acc: 27.291 	Loss: 2.3605[00m
 Train: Round   3, Avg Accuracy 65.697 | Avg Loss 1.110
[91m Client0 Train => Local Epoch: 0 / 5 	Acc: 55.415 	Loss: 1.4747[00m
[91m Client0 Train => Local Epoch: 1 / 5 	Acc: 64.601 	Loss: 1.2141[00m
[91m Client0 Train => Local Epoch: 2 / 5 	Acc: 61.961 	Loss: 1.2397[00m
[91m Client0 Train => Local Epoch: 3 / 5 	Acc: 73.976 	Loss: 0.8472[00m
[91m Client0 Train => Local Epoch: 4 / 5 	Acc: 79.418 	Loss: 0.6506[00m
[92m  Client0 Test => 	Acc: 40.313 	Loss: 4.0401[00m
[91m Client1 Train => Local Epoch: 0 / 5 	Acc: 42.622 	Loss: 1.8936[00m
[91m Client1 Train => Local Epoch: 1 / 5 	Acc: 58.247 	Loss: 1.3387[00m
[91m Client1 Train => Local Epoch: 2 / 5 	Acc: 61.198 	Loss: 1.2085[00m
[91m Client1 Train => Local Epoch: 3 / 5 	Acc: 62.674 	Loss: 1.0410[00m
[91m Client1 Train => Local Epoch: 4 / 5 	Acc: 68.924 	Loss: 0.8430[00m
[92m  Client1 Test => 	Acc: 31.729 	Loss: 5.4080[00m
[91m Client2 Train => Local Epoch: 0 / 5 	Acc: 53.819 	Loss: 1.5443[00m
[91m Client2 Train => Local Epoch: 1 / 5 	Acc: 64.062 	Loss: 1.1020[00m
[91m Client2 Train => Local Epoch: 2 / 5 	Acc: 72.569 	Loss: 0.8837[00m
[91m Client2 Train => Local Epoch: 3 / 5 	Acc: 73.003 	Loss: 0.8412[00m
[91m Client2 Train => Local Epoch: 4 / 5 	Acc: 79.080 	Loss: 0.6580[00m
[92m  Client2 Test => 	Acc: 36.176 	Loss: 5.6257[00m
[91m Client3 Train => Local Epoch: 0 / 5 	Acc: 68.490 	Loss: 1.1483[00m
[91m Client3 Train => Local Epoch: 1 / 5 	Acc: 75.087 	Loss: 0.8487[00m
[91m Client3 Train => Local Epoch: 2 / 5 	Acc: 80.990 	Loss: 0.6341[00m
[91m Client3 Train => Local Epoch: 3 / 5 	Acc: 82.205 	Loss: 0.5642[00m
[91m Client3 Train => Local Epoch: 4 / 5 	Acc: 85.851 	Loss: 0.4591[00m
[92m  Client3 Test => 	Acc: 45.808 	Loss: 5.5070[00m
[91m Client4 Train => Local Epoch: 0 / 5 	Acc: 50.098 	Loss: 1.6727[00m
[91m Client4 Train => Local Epoch: 1 / 5 	Acc: 65.820 	Loss: 0.9767[00m
[91m Client4 Train => Local Epoch: 2 / 5 	Acc: 74.902 	Loss: 0.7770[00m
[91m Client4 Train => Local Epoch: 3 / 5 	Acc: 80.371 	Loss: 0.6474[00m
[91m Client4 Train => Local Epoch: 4 / 5 	Acc: 85.352 	Loss: 0.5162[00m
[92m  Client4 Test => 	Acc: 52.073 	Loss: 2.4704[00m
[91m Client5 Train => Local Epoch: 0 / 5 	Acc: 39.062 	Loss: 2.0313[00m
[91m Client5 Train => Local Epoch: 1 / 5 	Acc: 59.766 	Loss: 1.2927[00m
[91m Client5 Train => Local Epoch: 2 / 5 	Acc: 67.318 	Loss: 1.0709[00m
[91m Client5 Train => Local Epoch: 3 / 5 	Acc: 66.146 	Loss: 1.0191[00m
[91m Client5 Train => Local Epoch: 4 / 5 	Acc: 76.562 	Loss: 0.7968[00m
[92m  Client5 Test => 	Acc: 43.616 	Loss: 2.5420[00m
[91m Client6 Train => Local Epoch: 0 / 5 	Acc: 60.062 	Loss: 1.3881[00m
[91m Client6 Train => Local Epoch: 1 / 5 	Acc: 70.438 	Loss: 0.9687[00m
[91m Client6 Train => Local Epoch: 2 / 5 	Acc: 76.875 	Loss: 0.7320[00m
[91m Client6 Train => Local Epoch: 3 / 5 	Acc: 85.125 	Loss: 0.4996[00m
[91m Client6 Train => Local Epoch: 4 / 5 	Acc: 83.531 	Loss: 0.5359[00m
[92m  Client6 Test => 	Acc: 60.421 	Loss: 1.5248[00m
[91m Client7 Train => Local Epoch: 0 / 5 	Acc: 34.844 	Loss: 2.0853[00m
[91m Client7 Train => Local Epoch: 1 / 5 	Acc: 46.094 	Loss: 1.5216[00m
[91m Client7 Train => Local Epoch: 2 / 5 	Acc: 50.000 	Loss: 1.5296[00m
[91m Client7 Train => Local Epoch: 3 / 5 	Acc: 53.906 	Loss: 1.3573[00m
[91m Client7 Train => Local Epoch: 4 / 5 	Acc: 62.891 	Loss: 1.1370[00m
[92m  Client7 Test => 	Acc: 40.385 	Loss: 2.5044[00m
[91m Client8 Train => Local Epoch: 0 / 5 	Acc: 20.052 	Loss: 2.3318[00m
[91m Client8 Train => Local Epoch: 1 / 5 	Acc: 65.495 	Loss: 1.3465[00m
[91m Client8 Train => Local Epoch: 2 / 5 	Acc: 70.833 	Loss: 0.9523[00m
[91m Client8 Train => Local Epoch: 3 / 5 	Acc: 77.604 	Loss: 0.7391[00m
[91m Client8 Train => Local Epoch: 4 / 5 	Acc: 80.990 	Loss: 0.6033[00m
[92m  Client8 Test => 	Acc: 36.337 	Loss: 2.4262[00m
[91m Client9 Train => Local Epoch: 0 / 5 	Acc: 46.034 	Loss: 1.6957[00mC:\Users\pr8pf\AppData\Local\anaconda3\Lib\site-packages\sklearn\cluster\_kmeans.py:1429: UserWarning: KMeans is known to have a memory leak on Windows with MKL, when there are less chunks than available threads. You can avoid it by setting the environment variable OMP_NUM_THREADS=1.
  warnings.warn(
C:\Users\pr8pf\AppData\Local\anaconda3\Lib\site-packages\sklearn\cluster\_kmeans.py:1429: UserWarning: KMeans is known to have a memory leak on Windows with MKL, when there are less chunks than available threads. You can avoid it by setting the environment variable OMP_NUM_THREADS=1.
  warnings.warn(
[codecarbon INFO @ 04:28:16] [setup] RAM Tracking...
[codecarbon INFO @ 04:28:16] [setup] CPU Tracking...
[codecarbon WARNING @ 04:28:16] No CPU tracking mode found. Falling back on CPU constant mode. 
 Windows OS detected: Please install Intel Power Gadget to measure CPU

[codecarbon INFO @ 04:28:18] CPU Model on constant consumption mode: Intel(R) Xeon(R) Gold 6258R CPU @ 2.70GHz
[codecarbon INFO @ 04:28:18] [setup] GPU Tracking...
[codecarbon INFO @ 04:28:18] Tracking Nvidia GPU via pynvml
[codecarbon INFO @ 04:28:18] >>> Tracker's metadata:
[codecarbon INFO @ 04:28:18]   Platform system: Windows-11-10.0.22631-SP0
[codecarbon INFO @ 04:28:18]   Python version: 3.12.7
[codecarbon INFO @ 04:28:18]   CodeCarbon version: 2.8.3
[codecarbon INFO @ 04:28:18]   Available RAM : 126.630 GB
[codecarbon INFO @ 04:28:18]   CPU count: 56
[codecarbon INFO @ 04:28:18]   CPU model: Intel(R) Xeon(R) Gold 6258R CPU @ 2.70GHz
[codecarbon INFO @ 04:28:18]   GPU count: 2
[codecarbon INFO @ 04:28:18]   GPU model: 2 x NVIDIA RTX A5000
[codecarbon INFO @ 04:28:21] Saving emissions data to file C:\Users\pr8pf\Documents\GitHub\SplitFed\emissions.csv
[codecarbon INFO @ 04:28:22] Energy consumed for RAM : 0.000012 kWh. RAM Power : 47.48608875274658 W
[codecarbon INFO @ 04:28:22] Energy consumed for all CPUs : 0.000025 kWh. Total CPU Power : 102.50000000000001 W
[codecarbon INFO @ 04:28:22] Energy consumed for all GPUs : 0.000004 kWh. Total GPU Power : 16.63468256224981 W
[codecarbon INFO @ 04:28:22] 0.000041 kWh of electricity used since the beginning.
[codecarbon INFO @ 04:29:16] [setup] RAM Tracking...
[codecarbon INFO @ 04:29:16] [setup] CPU Tracking...
[codecarbon WARNING @ 04:29:16] No CPU tracking mode found. Falling back on CPU constant mode. 
 Windows OS detected: Please install Intel Power Gadget to measure CPU

[codecarbon INFO @ 04:29:18] CPU Model on constant consumption mode: Intel(R) Xeon(R) Gold 6258R CPU @ 2.70GHz
[codecarbon INFO @ 04:29:18] [setup] GPU Tracking...
[codecarbon INFO @ 04:29:18] Tracking Nvidia GPU via pynvml
[codecarbon INFO @ 04:29:18] >>> Tracker's metadata:
[codecarbon INFO @ 04:29:18]   Platform system: Windows-11-10.0.22631-SP0
[codecarbon INFO @ 04:29:18]   Python version: 3.12.7
[codecarbon INFO @ 04:29:18]   CodeCarbon version: 2.8.3
[codecarbon INFO @ 04:29:18]   Available RAM : 126.630 GB
[codecarbon INFO @ 04:29:18]   CPU count: 56
[codecarbon INFO @ 04:29:18]   CPU model: Intel(R) Xeon(R) Gold 6258R CPU @ 2.70GHz
[codecarbon INFO @ 04:29:18]   GPU count: 2
[codecarbon INFO @ 04:29:18]   GPU model: 2 x NVIDIA RTX A5000
[codecarbon INFO @ 04:29:21] Saving emissions data to file C:\Users\pr8pf\Documents\GitHub\SplitFed\emissions.csv
[codecarbon INFO @ 04:29:21] Energy consumed for RAM : 0.000010 kWh. RAM Power : 47.48608875274658 W
[codecarbon INFO @ 04:29:21] Energy consumed for all CPUs : 0.000021 kWh. Total CPU Power : 102.50000000000001 W
[codecarbon INFO @ 04:29:21] Energy consumed for all GPUs : 0.000004 kWh. Total GPU Power : 18.205281959143246 W
[codecarbon INFO @ 04:29:21] 0.000035 kWh of electricity used since the beginning.
C:\Users\pr8pf\AppData\Local\anaconda3\Lib\site-packages\sklearn\cluster\_kmeans.py:1429: UserWarning: KMeans is known to have a memory leak on Windows with MKL, when there are less chunks than available threads. You can avoid it by setting the environment variable OMP_NUM_THREADS=1.
  warnings.warn(
C:\Users\pr8pf\AppData\Local\anaconda3\Lib\site-packages\sklearn\cluster\_kmeans.py:1429: UserWarning: KMeans is known to have a memory leak on Windows with MKL, when there are less chunks than available threads. You can avoid it by setting the environment variable OMP_NUM_THREADS=1.
  warnings.warn(
[codecarbon INFO @ 04:54:29] [setup] RAM Tracking...
[codecarbon INFO @ 04:54:29] [setup] CPU Tracking...
[codecarbon WARNING @ 04:54:29] No CPU tracking mode found. Falling back on CPU constant mode. 
 Windows OS detected: Please install Intel Power Gadget to measure CPU

[codecarbon INFO @ 04:54:31] CPU Model on constant consumption mode: Intel(R) Xeon(R) Gold 6258R CPU @ 2.70GHz
[codecarbon INFO @ 04:54:31] [setup] GPU Tracking...
[codecarbon INFO @ 04:54:31] Tracking Nvidia GPU via pynvml
[codecarbon INFO @ 04:54:31] >>> Tracker's metadata:
[codecarbon INFO @ 04:54:31]   Platform system: Windows-11-10.0.22631-SP0
[codecarbon INFO @ 04:54:31]   Python version: 3.12.7
[codecarbon INFO @ 04:54:31]   CodeCarbon version: 2.8.3
[codecarbon INFO @ 04:54:31]   Available RAM : 126.630 GB
[codecarbon INFO @ 04:54:31]   CPU count: 56
[codecarbon INFO @ 04:54:31]   CPU model: Intel(R) Xeon(R) Gold 6258R CPU @ 2.70GHz
[codecarbon INFO @ 04:54:31]   GPU count: 2
[codecarbon INFO @ 04:54:31]   GPU model: 2 x NVIDIA RTX A5000
[codecarbon INFO @ 04:54:34] Saving emissions data to file C:\Users\pr8pf\Documents\GitHub\SplitFed\emissions.csv
[codecarbon INFO @ 04:54:35] Energy consumed for RAM : 0.000016 kWh. RAM Power : 47.48608875274658 W
[codecarbon INFO @ 04:54:35] Energy consumed for all CPUs : 0.000035 kWh. Total CPU Power : 102.50000000000001 W
[codecarbon INFO @ 04:54:35] Energy consumed for all GPUs : 0.000006 kWh. Total GPU Power : 16.996993076144435 W
[codecarbon INFO @ 04:54:35] 0.000057 kWh of electricity used since the beginning.
[codecarbon INFO @ 04:55:28] [setup] RAM Tracking...
[codecarbon INFO @ 04:55:28] [setup] CPU Tracking...
[codecarbon WARNING @ 04:55:29] No CPU tracking mode found. Falling back on CPU constant mode. 
 Windows OS detected: Please install Intel Power Gadget to measure CPU

[codecarbon INFO @ 04:55:30] CPU Model on constant consumption mode: Intel(R) Xeon(R) Gold 6258R CPU @ 2.70GHz
[codecarbon INFO @ 04:55:30] [setup] GPU Tracking...
[codecarbon INFO @ 04:55:30] Tracking Nvidia GPU via pynvml
[codecarbon INFO @ 04:55:30] >>> Tracker's metadata:
[codecarbon INFO @ 04:55:30]   Platform system: Windows-11-10.0.22631-SP0
[codecarbon INFO @ 04:55:30]   Python version: 3.12.7
[codecarbon INFO @ 04:55:30]   CodeCarbon version: 2.8.3
[codecarbon INFO @ 04:55:30]   Available RAM : 126.630 GB
[codecarbon INFO @ 04:55:30]   CPU count: 56
[codecarbon INFO @ 04:55:30]   CPU model: Intel(R) Xeon(R) Gold 6258R CPU @ 2.70GHz
[codecarbon INFO @ 04:55:30]   GPU count: 2
[codecarbon INFO @ 04:55:30]   GPU model: 2 x NVIDIA RTX A5000
[codecarbon INFO @ 04:55:33] Saving emissions data to file C:\Users\pr8pf\Documents\GitHub\SplitFed\emissions.csv
[codecarbon INFO @ 04:55:34] Energy consumed for RAM : 0.000011 kWh. RAM Power : 47.48608875274658 W
[codecarbon INFO @ 04:55:34] Energy consumed for all CPUs : 0.000023 kWh. Total CPU Power : 102.50000000000001 W
[codecarbon INFO @ 04:55:34] Energy consumed for all GPUs : 0.000004 kWh. Total GPU Power : 19.21860852610473 W
[codecarbon INFO @ 04:55:34] 0.000038 kWh of electricity used since the beginning.

[91m Client9 Train => Local Epoch: 1 / 5 	Acc: 66.166 	Loss: 1.1338[00m
[91m Client9 Train => Local Epoch: 2 / 5 	Acc: 77.043 	Loss: 0.7908[00m
[91m Client9 Train => Local Epoch: 3 / 5 	Acc: 79.087 	Loss: 0.7226[00m
[91m Client9 Train => Local Epoch: 4 / 5 	Acc: 83.413 	Loss: 0.5755[00m
[92m  Client9 Test => 	Acc: 59.766 	Loss: 1.3411[00m
------------------------------------------------
------ Federation process at Server-Side ------- 
------------------------------------------------
-----------------------------------------------------------
------ FedServer: Federation process at Client-Side ------- 
-----------------------------------------------------------
[92m  Client0 Test => 	Acc: 39.423 	Loss: 1.9114[00m
 Train: Round   4, Avg Accuracy 78.601 | Avg Loss 0.678
[91m Client0 Train => Local Epoch: 0 / 5 	Acc: 70.905 	Loss: 0.8897[00m
[91m Client0 Train => Local Epoch: 1 / 5 	Acc: 81.897 	Loss: 0.5627[00m
[91m Client0 Train => Local Epoch: 2 / 5 	Acc: 83.648 	Loss: 0.4959[00m
[91m Client0 Train => Local Epoch: 3 / 5 	Acc: 88.012 	Loss: 0.3882[00m
[91m Client0 Train => Local Epoch: 4 / 5 	Acc: 89.251 	Loss: 0.3301[00m
[92m  Client0 Test => 	Acc: 56.858 	Loss: 4.3164[00m
[91m Client1 Train => Local Epoch: 0 / 5 	Acc: 59.809 	Loss: 1.2928[00m
[91m Client1 Train => Local Epoch: 1 / 5 	Acc: 72.396 	Loss: 0.8454[00m
[91m Client1 Train => Local Epoch: 2 / 5 	Acc: 78.993 	Loss: 0.6445[00m
[91m Client1 Train => Local Epoch: 3 / 5 	Acc: 79.427 	Loss: 0.6250[00m
[91m Client1 Train => Local Epoch: 4 / 5 	Acc: 79.774 	Loss: 0.5764[00m
[92m  Client1 Test => 	Acc: 45.549 	Loss: 3.4865[00m
[91m Client2 Train => Local Epoch: 0 / 5 	Acc: 65.712 	Loss: 1.1255[00m
[91m Client2 Train => Local Epoch: 1 / 5 	Acc: 76.302 	Loss: 0.7876[00m
[91m Client2 Train => Local Epoch: 2 / 5 	Acc: 79.948 	Loss: 0.6283[00m
[91m Client2 Train => Local Epoch: 3 / 5 	Acc: 81.250 	Loss: 0.5664[00m
[91m Client2 Train => Local Epoch: 4 / 5 	Acc: 85.938 	Loss: 0.4412[00m
[92m  Client2 Test => 	Acc: 52.624 	Loss: 4.7323[00m
[91m Client3 Train => Local Epoch: 0 / 5 	Acc: 75.651 	Loss: 0.8565[00m
[91m Client3 Train => Local Epoch: 1 / 5 	Acc: 79.905 	Loss: 0.6870[00m
[91m Client3 Train => Local Epoch: 2 / 5 	Acc: 84.505 	Loss: 0.4975[00m
[91m Client3 Train => Local Epoch: 3 / 5 	Acc: 88.845 	Loss: 0.3655[00m
[91m Client3 Train => Local Epoch: 4 / 5 	Acc: 82.943 	Loss: 0.5822[00m
[92m  Client3 Test => 	Acc: 50.705 	Loss: 3.8702[00m
[91m Client4 Train => Local Epoch: 0 / 5 	Acc: 63.086 	Loss: 1.1464[00m
[91m Client4 Train => Local Epoch: 1 / 5 	Acc: 77.930 	Loss: 0.6898[00m
[91m Client4 Train => Local Epoch: 2 / 5 	Acc: 84.277 	Loss: 0.5198[00m
[91m Client4 Train => Local Epoch: 3 / 5 	Acc: 85.449 	Loss: 0.4662[00m
[91m Client4 Train => Local Epoch: 4 / 5 	Acc: 87.012 	Loss: 0.4197[00m
[92m  Client4 Test => 	Acc: 51.991 	Loss: 2.2627[00m
[91m Client5 Train => Local Epoch: 0 / 5 	Acc: 50.391 	Loss: 1.5202[00m
[91m Client5 Train => Local Epoch: 1 / 5 	Acc: 67.708 	Loss: 0.9784[00m
[91m Client5 Train => Local Epoch: 2 / 5 	Acc: 76.172 	Loss: 0.7444[00m
[91m Client5 Train => Local Epoch: 3 / 5 	Acc: 79.818 	Loss: 0.6027[00m
[91m Client5 Train => Local Epoch: 4 / 5 	Acc: 81.641 	Loss: 0.5459[00m
[92m  Client5 Test => 	Acc: 63.455 	Loss: 2.1730[00m
[91m Client6 Train => Local Epoch: 0 / 5 	Acc: 70.188 	Loss: 1.0056[00m
[91m Client6 Train => Local Epoch: 1 / 5 	Acc: 82.375 	Loss: 0.5874[00m
[91m Client6 Train => Local Epoch: 2 / 5 	Acc: 85.250 	Loss: 0.4955[00m
[91m Client6 Train => Local Epoch: 3 / 5 	Acc: 88.219 	Loss: 0.3867[00m
[91m Client6 Train => Local Epoch: 4 / 5 	Acc: 89.469 	Loss: 0.3545[00m
[92m  Client6 Test => 	Acc: 70.833 	Loss: 0.9757[00m
[91m Client7 Train => Local Epoch: 0 / 5 	Acc: 45.625 	Loss: 1.6137[00m
[91m Client7 Train => Local Epoch: 1 / 5 	Acc: 68.906 	Loss: 0.9853[00m
[91m Client7 Train => Local Epoch: 2 / 5 	Acc: 73.203 	Loss: 0.7981[00m
[91m Client7 Train => Local Epoch: 3 / 5 	Acc: 79.609 	Loss: 0.6366[00m
[91m Client7 Train => Local Epoch: 4 / 5 	Acc: 82.812 	Loss: 0.5148[00m
[92m  Client7 Test => 	Acc: 52.867 	Loss: 1.9706[00m
[91m Client8 Train => Local Epoch: 0 / 5 	Acc: 36.719 	Loss: 1.8357[00m
[91m Client8 Train => Local Epoch: 1 / 5 	Acc: 76.953 	Loss: 0.7706[00m
[91m Client8 Train => Local Epoch: 2 / 5 	Acc: 79.297 	Loss: 0.6961[00m
[91m Client8 Train => Local Epoch: 3 / 5 	Acc: 82.682 	Loss: 0.5922[00m
[91m Client8 Train => Local Epoch: 4 / 5 	Acc: 85.807 	Loss: 0.4918[00m
[92m  Client8 Test => 	Acc: 49.866 	Loss: 1.8386[00m
[91m Client9 Train => Local Epoch: 0 / 5 	Acc: 65.986 	Loss: 1.1808[00m
[91m Client9 Train => Local Epoch: 1 / 5 	Acc: 73.498 	Loss: 0.8826[00m
[91m Client9 Train => Local Epoch: 2 / 5 	Acc: 80.709 	Loss: 0.6598[00m
[91m Client9 Train => Local Epoch: 3 / 5 	Acc: 85.156 	Loss: 0.5126[00m
[91m Client9 Train => Local Epoch: 4 / 5 	Acc: 83.834 	Loss: 0.5551[00m
[92m  Client9 Test => 	Acc: 62.791 	Loss: 1.3354[00m
------------------------------------------------
------ Federation process at Server-Side ------- 
------------------------------------------------
-----------------------------------------------------------
------ FedServer: Federation process at Client-Side ------- 
-----------------------------------------------------------
[92m  Client0 Test => 	Acc: 55.645 	Loss: 1.1288[00m
 Train: Round   5, Avg Accuracy 84.848 | Avg Loss 0.481
[91m Client0 Train => Local Epoch: 0 / 5 	Acc: 80.603 	Loss: 0.5746[00m
[91m Client0 Train => Local Epoch: 1 / 5 	Acc: 86.719 	Loss: 0.4084[00m
[91m Client0 Train => Local Epoch: 2 / 5 	Acc: 88.497 	Loss: 0.3495[00m
[91m Client0 Train => Local Epoch: 3 / 5 	Acc: 89.574 	Loss: 0.3310[00m
[91m Client0 Train => Local Epoch: 4 / 5 	Acc: 90.598 	Loss: 0.2844[00m
[92m  Client0 Test => 	Acc: 56.644 	Loss: 3.3590[00m
[91m Client1 Train => Local Epoch: 0 / 5 	Acc: 72.917 	Loss: 0.7947[00m
[91m Client1 Train => Local Epoch: 1 / 5 	Acc: 82.031 	Loss: 0.5204[00m
[91m Client1 Train => Local Epoch: 2 / 5 	Acc: 85.590 	Loss: 0.4439[00m
[91m Client1 Train => Local Epoch: 3 / 5 	Acc: 87.760 	Loss: 0.3560[00m
[91m Client1 Train => Local Epoch: 4 / 5 	Acc: 89.670 	Loss: 0.3094[00m
[92m  Client1 Test => 	Acc: 57.458 	Loss: 4.8645[00m
[91m Client2 Train => Local Epoch: 0 / 5 	Acc: 80.990 	Loss: 0.6453[00m
[91m Client2 Train => Local Epoch: 1 / 5 	Acc: 84.896 	Loss: 0.4607[00m
[91m Client2 Train => Local Epoch: 2 / 5 	Acc: 85.417 	Loss: 0.4083[00m
[91m Client2 Train => Local Epoch: 3 / 5 	Acc: 90.885 	Loss: 0.2632[00m
[91m Client2 Train => Local Epoch: 4 / 5 	Acc: 91.493 	Loss: 0.2612[00m
[92m  Client2 Test => 	Acc: 58.179 	Loss: 4.8263[00m
[91m Client3 Train => Local Epoch: 0 / 5 	Acc: 85.677 	Loss: 0.5315[00m
[91m Client3 Train => Local Epoch: 1 / 5 	Acc: 87.196 	Loss: 0.3840[00m
[91m Client3 Train => Local Epoch: 2 / 5 	Acc: 91.667 	Loss: 0.2743[00m
[91m Client3 Train => Local Epoch: 3 / 5 	Acc: 92.752 	Loss: 0.2319[00m
[91m Client3 Train => Local Epoch: 4 / 5 	Acc: 92.535 	Loss: 0.2329[00m
[92m  Client3 Test => 	Acc: 61.448 	Loss: 4.8446[00m
[91m Client4 Train => Local Epoch: 0 / 5 	Acc: 80.469 	Loss: 0.6268[00m
[91m Client4 Train => Local Epoch: 1 / 5 	Acc: 87.207 	Loss: 0.4587[00m
[91m Client4 Train => Local Epoch: 2 / 5 	Acc: 88.379 	Loss: 0.3720[00m
[91m Client4 Train => Local Epoch: 3 / 5 	Acc: 91.699 	Loss: 0.2631[00m
[91m Client4 Train => Local Epoch: 4 / 5 	Acc: 92.969 	Loss: 0.2226[00m
[92m  Client4 Test => 	Acc: 68.792 	Loss: 1.2128[00m
[91m Client5 Train => Local Epoch: 0 / 5 	Acc: 73.047 	Loss: 0.8252[00m
[91m Client5 Train => Local Epoch: 1 / 5 	Acc: 83.724 	Loss: 0.4878[00m
[91m Client5 Train => Local Epoch: 2 / 5 	Acc: 87.630 	Loss: 0.4024[00m
[91m Client5 Train => Local Epoch: 3 / 5 	Acc: 87.891 	Loss: 0.3397[00m
[91m Client5 Train => Local Epoch: 4 / 5 	Acc: 90.625 	Loss: 0.3042[00m
[92m  Client5 Test => 	Acc: 69.580 	Loss: 1.5702[00m
[91m Client6 Train => Local Epoch: 0 / 5 	Acc: 79.062 	Loss: 0.6352[00mC:\Users\pr8pf\AppData\Local\anaconda3\Lib\site-packages\sklearn\cluster\_kmeans.py:1429: UserWarning: KMeans is known to have a memory leak on Windows with MKL, when there are less chunks than available threads. You can avoid it by setting the environment variable OMP_NUM_THREADS=1.
  warnings.warn(
C:\Users\pr8pf\AppData\Local\anaconda3\Lib\site-packages\sklearn\cluster\_kmeans.py:1429: UserWarning: KMeans is known to have a memory leak on Windows with MKL, when there are less chunks than available threads. You can avoid it by setting the environment variable OMP_NUM_THREADS=1.
  warnings.warn(
[codecarbon INFO @ 05:20:49] [setup] RAM Tracking...
[codecarbon INFO @ 05:20:49] [setup] CPU Tracking...
[codecarbon WARNING @ 05:20:49] No CPU tracking mode found. Falling back on CPU constant mode. 
 Windows OS detected: Please install Intel Power Gadget to measure CPU

[codecarbon INFO @ 05:20:51] CPU Model on constant consumption mode: Intel(R) Xeon(R) Gold 6258R CPU @ 2.70GHz
[codecarbon INFO @ 05:20:51] [setup] GPU Tracking...
[codecarbon INFO @ 05:20:51] Tracking Nvidia GPU via pynvml
[codecarbon INFO @ 05:20:51] >>> Tracker's metadata:
[codecarbon INFO @ 05:20:51]   Platform system: Windows-11-10.0.22631-SP0
[codecarbon INFO @ 05:20:51]   Python version: 3.12.7
[codecarbon INFO @ 05:20:51]   CodeCarbon version: 2.8.3
[codecarbon INFO @ 05:20:51]   Available RAM : 126.630 GB
[codecarbon INFO @ 05:20:51]   CPU count: 56
[codecarbon INFO @ 05:20:51]   CPU model: Intel(R) Xeon(R) Gold 6258R CPU @ 2.70GHz
[codecarbon INFO @ 05:20:51]   GPU count: 2
[codecarbon INFO @ 05:20:51]   GPU model: 2 x NVIDIA RTX A5000
[codecarbon INFO @ 05:20:54] Saving emissions data to file C:\Users\pr8pf\Documents\GitHub\SplitFed\emissions.csv
[codecarbon INFO @ 05:20:54] Energy consumed for RAM : 0.000009 kWh. RAM Power : 47.48608875274658 W
[codecarbon INFO @ 05:20:54] Energy consumed for all CPUs : 0.000020 kWh. Total CPU Power : 102.50000000000001 W
[codecarbon INFO @ 05:20:54] Energy consumed for all GPUs : 0.000003 kWh. Total GPU Power : 15.230136701524385 W
[codecarbon INFO @ 05:20:54] 0.000033 kWh of electricity used since the beginning.
[codecarbon INFO @ 05:21:50] [setup] RAM Tracking...
[codecarbon INFO @ 05:21:50] [setup] CPU Tracking...
[codecarbon WARNING @ 05:21:50] No CPU tracking mode found. Falling back on CPU constant mode. 
 Windows OS detected: Please install Intel Power Gadget to measure CPU

[codecarbon INFO @ 05:21:52] CPU Model on constant consumption mode: Intel(R) Xeon(R) Gold 6258R CPU @ 2.70GHz
[codecarbon INFO @ 05:21:52] [setup] GPU Tracking...
[codecarbon INFO @ 05:21:52] Tracking Nvidia GPU via pynvml
[codecarbon INFO @ 05:21:52] >>> Tracker's metadata:
[codecarbon INFO @ 05:21:52]   Platform system: Windows-11-10.0.22631-SP0
[codecarbon INFO @ 05:21:52]   Python version: 3.12.7
[codecarbon INFO @ 05:21:52]   CodeCarbon version: 2.8.3
[codecarbon INFO @ 05:21:52]   Available RAM : 126.630 GB
[codecarbon INFO @ 05:21:52]   CPU count: 56
[codecarbon INFO @ 05:21:52]   CPU model: Intel(R) Xeon(R) Gold 6258R CPU @ 2.70GHz
[codecarbon INFO @ 05:21:52]   GPU count: 2
[codecarbon INFO @ 05:21:52]   GPU model: 2 x NVIDIA RTX A5000
[codecarbon INFO @ 05:21:55] Saving emissions data to file C:\Users\pr8pf\Documents\GitHub\SplitFed\emissions.csv
[codecarbon INFO @ 05:21:56] Energy consumed for RAM : 0.000010 kWh. RAM Power : 47.48608875274658 W
[codecarbon INFO @ 05:21:56] Energy consumed for all CPUs : 0.000021 kWh. Total CPU Power : 102.50000000000001 W
[codecarbon INFO @ 05:21:56] Energy consumed for all GPUs : 0.000004 kWh. Total GPU Power : 20.648830700794598 W
[codecarbon INFO @ 05:21:56] 0.000035 kWh of electricity used since the beginning.
C:\Users\pr8pf\AppData\Local\anaconda3\Lib\site-packages\sklearn\cluster\_kmeans.py:1429: UserWarning: KMeans is known to have a memory leak on Windows with MKL, when there are less chunks than available threads. You can avoid it by setting the environment variable OMP_NUM_THREADS=1.
  warnings.warn(
C:\Users\pr8pf\AppData\Local\anaconda3\Lib\site-packages\sklearn\cluster\_kmeans.py:1429: UserWarning: KMeans is known to have a memory leak on Windows with MKL, when there are less chunks than available threads. You can avoid it by setting the environment variable OMP_NUM_THREADS=1.
  warnings.warn(
[codecarbon INFO @ 05:47:01] [setup] RAM Tracking...
[codecarbon INFO @ 05:47:01] [setup] CPU Tracking...
[codecarbon WARNING @ 05:47:01] No CPU tracking mode found. Falling back on CPU constant mode. 
 Windows OS detected: Please install Intel Power Gadget to measure CPU

[codecarbon INFO @ 05:47:03] CPU Model on constant consumption mode: Intel(R) Xeon(R) Gold 6258R CPU @ 2.70GHz
[codecarbon INFO @ 05:47:03] [setup] GPU Tracking...
[codecarbon INFO @ 05:47:03] Tracking Nvidia GPU via pynvml
[codecarbon INFO @ 05:47:03] >>> Tracker's metadata:
[codecarbon INFO @ 05:47:03]   Platform system: Windows-11-10.0.22631-SP0
[codecarbon INFO @ 05:47:03]   Python version: 3.12.7
[codecarbon INFO @ 05:47:03]   CodeCarbon version: 2.8.3
[codecarbon INFO @ 05:47:03]   Available RAM : 126.630 GB
[codecarbon INFO @ 05:47:03]   CPU count: 56
[codecarbon INFO @ 05:47:03]   CPU model: Intel(R) Xeon(R) Gold 6258R CPU @ 2.70GHz
[codecarbon INFO @ 05:47:03]   GPU count: 2
[codecarbon INFO @ 05:47:03]   GPU model: 2 x NVIDIA RTX A5000
[codecarbon INFO @ 05:47:06] Saving emissions data to file C:\Users\pr8pf\Documents\GitHub\SplitFed\emissions.csv
[codecarbon INFO @ 05:47:07] Energy consumed for RAM : 0.000012 kWh. RAM Power : 47.48608875274658 W
[codecarbon INFO @ 05:47:07] Energy consumed for all CPUs : 0.000025 kWh. Total CPU Power : 102.50000000000001 W
[codecarbon INFO @ 05:47:07] Energy consumed for all GPUs : 0.000004 kWh. Total GPU Power : 15.559883317808804 W
[codecarbon INFO @ 05:47:07] 0.000041 kWh of electricity used since the beginning.
[codecarbon INFO @ 05:48:00] [setup] RAM Tracking...
[codecarbon INFO @ 05:48:00] [setup] CPU Tracking...
[codecarbon WARNING @ 05:48:00] No CPU tracking mode found. Falling back on CPU constant mode. 
 Windows OS detected: Please install Intel Power Gadget to measure CPU

[codecarbon INFO @ 05:48:02] CPU Model on constant consumption mode: Intel(R) Xeon(R) Gold 6258R CPU @ 2.70GHz
[codecarbon INFO @ 05:48:02] [setup] GPU Tracking...
[codecarbon INFO @ 05:48:02] Tracking Nvidia GPU via pynvml
[codecarbon INFO @ 05:48:02] >>> Tracker's metadata:
[codecarbon INFO @ 05:48:02]   Platform system: Windows-11-10.0.22631-SP0
[codecarbon INFO @ 05:48:02]   Python version: 3.12.7
[codecarbon INFO @ 05:48:02]   CodeCarbon version: 2.8.3
[codecarbon INFO @ 05:48:02]   Available RAM : 126.630 GB
[codecarbon INFO @ 05:48:02]   CPU count: 56
[codecarbon INFO @ 05:48:02]   CPU model: Intel(R) Xeon(R) Gold 6258R CPU @ 2.70GHz
[codecarbon INFO @ 05:48:02]   GPU count: 2
[codecarbon INFO @ 05:48:02]   GPU model: 2 x NVIDIA RTX A5000
[codecarbon INFO @ 05:48:05] Saving emissions data to file C:\Users\pr8pf\Documents\GitHub\SplitFed\emissions.csv
[codecarbon INFO @ 05:48:06] Energy consumed for RAM : 0.000010 kWh. RAM Power : 47.48608875274658 W
[codecarbon INFO @ 05:48:06] Energy consumed for all CPUs : 0.000022 kWh. Total CPU Power : 102.50000000000001 W
[codecarbon INFO @ 05:48:06] Energy consumed for all GPUs : 0.000004 kWh. Total GPU Power : 16.847940188125065 W
[codecarbon INFO @ 05:48:06] 0.000035 kWh of electricity used since the beginning.

[91m Client6 Train => Local Epoch: 1 / 5 	Acc: 87.219 	Loss: 0.4297[00m
[91m Client6 Train => Local Epoch: 2 / 5 	Acc: 89.844 	Loss: 0.3377[00m
[91m Client6 Train => Local Epoch: 3 / 5 	Acc: 88.594 	Loss: 0.3633[00m
[91m Client6 Train => Local Epoch: 4 / 5 	Acc: 91.844 	Loss: 0.2621[00m
[92m  Client6 Test => 	Acc: 75.723 	Loss: 0.7207[00m
[91m Client7 Train => Local Epoch: 0 / 5 	Acc: 62.656 	Loss: 1.0660[00m
[91m Client7 Train => Local Epoch: 1 / 5 	Acc: 75.469 	Loss: 0.7597[00m
[91m Client7 Train => Local Epoch: 2 / 5 	Acc: 79.375 	Loss: 0.6200[00m
[91m Client7 Train => Local Epoch: 3 / 5 	Acc: 83.125 	Loss: 0.4834[00m
[91m Client7 Train => Local Epoch: 4 / 5 	Acc: 87.422 	Loss: 0.3955[00m
[92m  Client7 Test => 	Acc: 70.273 	Loss: 1.3537[00m
[91m Client8 Train => Local Epoch: 0 / 5 	Acc: 68.620 	Loss: 0.8908[00m
[91m Client8 Train => Local Epoch: 1 / 5 	Acc: 82.552 	Loss: 0.6070[00m
[91m Client8 Train => Local Epoch: 2 / 5 	Acc: 87.109 	Loss: 0.4111[00m
[91m Client8 Train => Local Epoch: 3 / 5 	Acc: 87.240 	Loss: 0.3691[00m
[91m Client8 Train => Local Epoch: 4 / 5 	Acc: 91.797 	Loss: 0.2795[00m
[92m  Client8 Test => 	Acc: 59.896 	Loss: 1.5839[00m
[91m Client9 Train => Local Epoch: 0 / 5 	Acc: 81.671 	Loss: 0.6123[00m
[91m Client9 Train => Local Epoch: 1 / 5 	Acc: 87.800 	Loss: 0.4083[00m
[91m Client9 Train => Local Epoch: 2 / 5 	Acc: 88.161 	Loss: 0.3870[00m
[91m Client9 Train => Local Epoch: 3 / 5 	Acc: 88.101 	Loss: 0.3795[00m
[91m Client9 Train => Local Epoch: 4 / 5 	Acc: 88.642 	Loss: 0.3645[00m
[92m  Client9 Test => 	Acc: 68.327 	Loss: 1.0544[00m
------------------------------------------------
------ Federation process at Server-Side ------- 
------------------------------------------------
-----------------------------------------------------------
------ FedServer: Federation process at Client-Side ------- 
-----------------------------------------------------------
[92m  Client0 Test => 	Acc: 72.025 	Loss: 0.7447[00m
 Train: Round   6, Avg Accuracy 90.759 | Avg Loss 0.292
[91m Client0 Train => Local Epoch: 0 / 5 	Acc: 86.261 	Loss: 0.4414[00m
[91m Client0 Train => Local Epoch: 1 / 5 	Acc: 87.689 	Loss: 0.3833[00m
[91m Client0 Train => Local Epoch: 2 / 5 	Acc: 89.009 	Loss: 0.3271[00m
[91m Client0 Train => Local Epoch: 3 / 5 	Acc: 92.268 	Loss: 0.2456[00m
[91m Client0 Train => Local Epoch: 4 / 5 	Acc: 92.430 	Loss: 0.2345[00m
[92m  Client0 Test => 	Acc: 66.221 	Loss: 2.5925[00m
[91m Client1 Train => Local Epoch: 0 / 5 	Acc: 82.465 	Loss: 0.4901[00m
[91m Client1 Train => Local Epoch: 1 / 5 	Acc: 89.497 	Loss: 0.3225[00m
[91m Client1 Train => Local Epoch: 2 / 5 	Acc: 90.972 	Loss: 0.2612[00m
[91m Client1 Train => Local Epoch: 3 / 5 	Acc: 90.365 	Loss: 0.2679[00m
[91m Client1 Train => Local Epoch: 4 / 5 	Acc: 90.799 	Loss: 0.2551[00m
[92m  Client1 Test => 	Acc: 56.191 	Loss: 4.1765[00m
[91m Client2 Train => Local Epoch: 0 / 5 	Acc: 87.500 	Loss: 0.4147[00m
[91m Client2 Train => Local Epoch: 1 / 5 	Acc: 89.236 	Loss: 0.3558[00m
[91m Client2 Train => Local Epoch: 2 / 5 	Acc: 89.844 	Loss: 0.2858[00m
[91m Client2 Train => Local Epoch: 3 / 5 	Acc: 91.927 	Loss: 0.2412[00m
[91m Client2 Train => Local Epoch: 4 / 5 	Acc: 92.361 	Loss: 0.2095[00m
[92m  Client2 Test => 	Acc: 68.461 	Loss: 5.2296[00m
[91m Client3 Train => Local Epoch: 0 / 5 	Acc: 86.719 	Loss: 0.4319[00m
[91m Client3 Train => Local Epoch: 1 / 5 	Acc: 90.755 	Loss: 0.2850[00m
[91m Client3 Train => Local Epoch: 2 / 5 	Acc: 91.884 	Loss: 0.2563[00m
[91m Client3 Train => Local Epoch: 3 / 5 	Acc: 93.924 	Loss: 0.1883[00m
[91m Client3 Train => Local Epoch: 4 / 5 	Acc: 94.227 	Loss: 0.2025[00m
[92m  Client3 Test => 	Acc: 66.435 	Loss: 4.7161[00m
[91m Client4 Train => Local Epoch: 0 / 5 	Acc: 89.844 	Loss: 0.3413[00m
[91m Client4 Train => Local Epoch: 1 / 5 	Acc: 90.625 	Loss: 0.2918[00m
[91m Client4 Train => Local Epoch: 2 / 5 	Acc: 90.430 	Loss: 0.3521[00m
[91m Client4 Train => Local Epoch: 3 / 5 	Acc: 88.672 	Loss: 0.3400[00m
[91m Client4 Train => Local Epoch: 4 / 5 	Acc: 91.699 	Loss: 0.2629[00m
[92m  Client4 Test => 	Acc: 68.470 	Loss: 1.1218[00m
[91m Client5 Train => Local Epoch: 0 / 5 	Acc: 84.766 	Loss: 0.4901[00m
[91m Client5 Train => Local Epoch: 1 / 5 	Acc: 88.802 	Loss: 0.3578[00m
[91m Client5 Train => Local Epoch: 2 / 5 	Acc: 90.625 	Loss: 0.2602[00m
[91m Client5 Train => Local Epoch: 3 / 5 	Acc: 91.016 	Loss: 0.2888[00m
[91m Client5 Train => Local Epoch: 4 / 5 	Acc: 89.453 	Loss: 0.3018[00m
[92m  Client5 Test => 	Acc: 70.026 	Loss: 1.4849[00m
[91m Client6 Train => Local Epoch: 0 / 5 	Acc: 86.656 	Loss: 0.4235[00m
[91m Client6 Train => Local Epoch: 1 / 5 	Acc: 90.562 	Loss: 0.3180[00m
[91m Client6 Train => Local Epoch: 2 / 5 	Acc: 90.281 	Loss: 0.3240[00m
[91m Client6 Train => Local Epoch: 3 / 5 	Acc: 91.469 	Loss: 0.2710[00m
[91m Client6 Train => Local Epoch: 4 / 5 	Acc: 93.719 	Loss: 0.2102[00m
[92m  Client6 Test => 	Acc: 79.905 	Loss: 0.6201[00m
[91m Client7 Train => Local Epoch: 0 / 5 	Acc: 78.750 	Loss: 0.6019[00m
[91m Client7 Train => Local Epoch: 1 / 5 	Acc: 80.078 	Loss: 0.7024[00m
[91m Client7 Train => Local Epoch: 2 / 5 	Acc: 77.031 	Loss: 0.6892[00m
[91m Client7 Train => Local Epoch: 3 / 5 	Acc: 86.094 	Loss: 0.4554[00m
[91m Client7 Train => Local Epoch: 4 / 5 	Acc: 87.031 	Loss: 0.3966[00m
[92m  Client7 Test => 	Acc: 69.665 	Loss: 1.0944[00m
[91m Client8 Train => Local Epoch: 0 / 5 	Acc: 86.328 	Loss: 0.4991[00m
[91m Client8 Train => Local Epoch: 1 / 5 	Acc: 91.667 	Loss: 0.2902[00m
[91m Client8 Train => Local Epoch: 2 / 5 	Acc: 92.578 	Loss: 0.2463[00m
[91m Client8 Train => Local Epoch: 3 / 5 	Acc: 94.531 	Loss: 0.1534[00m
[91m Client8 Train => Local Epoch: 4 / 5 	Acc: 94.531 	Loss: 0.1663[00m
[92m  Client8 Test => 	Acc: 65.957 	Loss: 1.5850[00m
[91m Client9 Train => Local Epoch: 0 / 5 	Acc: 87.560 	Loss: 0.4056[00m
[91m Client9 Train => Local Epoch: 1 / 5 	Acc: 90.084 	Loss: 0.3356[00m
[91m Client9 Train => Local Epoch: 2 / 5 	Acc: 92.368 	Loss: 0.2765[00m
[91m Client9 Train => Local Epoch: 3 / 5 	Acc: 92.188 	Loss: 0.2294[00m
[91m Client9 Train => Local Epoch: 4 / 5 	Acc: 94.471 	Loss: 0.1880[00m
[92m  Client9 Test => 	Acc: 76.472 	Loss: 0.8230[00m
------------------------------------------------
------ Federation process at Server-Side ------- 
------------------------------------------------
-----------------------------------------------------------
------ FedServer: Federation process at Client-Side ------- 
-----------------------------------------------------------
[92m  Client0 Test => 	Acc: 72.087 	Loss: 0.6738[00m
 Train: Round   7, Avg Accuracy 92.072 | Avg Loss 0.243
[91m Client0 Train => Local Epoch: 0 / 5 	Acc: 89.467 	Loss: 0.3240[00m
[91m Client0 Train => Local Epoch: 1 / 5 	Acc: 87.500 	Loss: 0.3933[00m
[91m Client0 Train => Local Epoch: 2 / 5 	Acc: 90.544 	Loss: 0.2849[00m
[91m Client0 Train => Local Epoch: 3 / 5 	Acc: 93.292 	Loss: 0.2150[00m
[91m Client0 Train => Local Epoch: 4 / 5 	Acc: 93.454 	Loss: 0.2083[00m
[92m  Client0 Test => 	Acc: 65.357 	Loss: 2.8016[00m
[91m Client1 Train => Local Epoch: 0 / 5 	Acc: 87.240 	Loss: 0.3880[00m
[91m Client1 Train => Local Epoch: 1 / 5 	Acc: 90.972 	Loss: 0.2563[00m
[91m Client1 Train => Local Epoch: 2 / 5 	Acc: 92.188 	Loss: 0.2212[00m
[91m Client1 Train => Local Epoch: 3 / 5 	Acc: 93.576 	Loss: 0.2148[00m
[91m Client1 Train => Local Epoch: 4 / 5 	Acc: 92.969 	Loss: 0.2041[00m
[92m  Client1 Test => 	Acc: 64.315 	Loss: 3.4599[00m
[91m Client2 Train => Local Epoch: 0 / 5 	Acc: 91.233 	Loss: 0.3021[00m
[91m Client2 Train => Local Epoch: 1 / 5 	Acc: 93.056 	Loss: 0.2083[00m
[91m Client2 Train => Local Epoch: 2 / 5 	Acc: 93.229 	Loss: 0.2076[00m
[91m Client2 Train => Local Epoch: 3 / 5 	Acc: 93.837 	Loss: 0.1890[00m
[91m Client2 Train => Local Epoch: 4 / 5 	Acc: 93.750 	Loss: 0.1631[00m
[92m  Client2 Test => 	Acc: 68.484 	Loss: 4.7040[00m
[91m Client3 Train => Local Epoch: 0 / 5 	Acc: 91.276 	Loss: 0.3011[00mC:\Users\pr8pf\AppData\Local\anaconda3\Lib\site-packages\sklearn\cluster\_kmeans.py:1429: UserWarning: KMeans is known to have a memory leak on Windows with MKL, when there are less chunks than available threads. You can avoid it by setting the environment variable OMP_NUM_THREADS=1.
  warnings.warn(
C:\Users\pr8pf\AppData\Local\anaconda3\Lib\site-packages\sklearn\cluster\_kmeans.py:1429: UserWarning: KMeans is known to have a memory leak on Windows with MKL, when there are less chunks than available threads. You can avoid it by setting the environment variable OMP_NUM_THREADS=1.
  warnings.warn(
[codecarbon INFO @ 06:13:15] [setup] RAM Tracking...
[codecarbon INFO @ 06:13:15] [setup] CPU Tracking...
[codecarbon WARNING @ 06:13:15] No CPU tracking mode found. Falling back on CPU constant mode. 
 Windows OS detected: Please install Intel Power Gadget to measure CPU

[codecarbon INFO @ 06:13:17] CPU Model on constant consumption mode: Intel(R) Xeon(R) Gold 6258R CPU @ 2.70GHz
[codecarbon INFO @ 06:13:17] [setup] GPU Tracking...
[codecarbon INFO @ 06:13:17] Tracking Nvidia GPU via pynvml
[codecarbon INFO @ 06:13:17] >>> Tracker's metadata:
[codecarbon INFO @ 06:13:17]   Platform system: Windows-11-10.0.22631-SP0
[codecarbon INFO @ 06:13:17]   Python version: 3.12.7
[codecarbon INFO @ 06:13:17]   CodeCarbon version: 2.8.3
[codecarbon INFO @ 06:13:17]   Available RAM : 126.630 GB
[codecarbon INFO @ 06:13:17]   CPU count: 56
[codecarbon INFO @ 06:13:17]   CPU model: Intel(R) Xeon(R) Gold 6258R CPU @ 2.70GHz
[codecarbon INFO @ 06:13:17]   GPU count: 2
[codecarbon INFO @ 06:13:17]   GPU model: 2 x NVIDIA RTX A5000
[codecarbon INFO @ 06:13:20] Saving emissions data to file C:\Users\pr8pf\Documents\GitHub\SplitFed\emissions.csv
[codecarbon INFO @ 06:13:21] Energy consumed for RAM : 0.000008 kWh. RAM Power : 47.48608875274658 W
[codecarbon INFO @ 06:13:21] Energy consumed for all CPUs : 0.000017 kWh. Total CPU Power : 102.50000000000001 W
[codecarbon INFO @ 06:13:21] Energy consumed for all GPUs : 0.000003 kWh. Total GPU Power : 16.214968018536773 W
[codecarbon INFO @ 06:13:21] 0.000028 kWh of electricity used since the beginning.
[codecarbon INFO @ 06:14:17] [setup] RAM Tracking...
[codecarbon INFO @ 06:14:17] [setup] CPU Tracking...
[codecarbon WARNING @ 06:14:17] No CPU tracking mode found. Falling back on CPU constant mode. 
 Windows OS detected: Please install Intel Power Gadget to measure CPU

[codecarbon INFO @ 06:14:19] CPU Model on constant consumption mode: Intel(R) Xeon(R) Gold 6258R CPU @ 2.70GHz
[codecarbon INFO @ 06:14:19] [setup] GPU Tracking...
[codecarbon INFO @ 06:14:19] Tracking Nvidia GPU via pynvml
[codecarbon INFO @ 06:14:19] >>> Tracker's metadata:
[codecarbon INFO @ 06:14:19]   Platform system: Windows-11-10.0.22631-SP0
[codecarbon INFO @ 06:14:19]   Python version: 3.12.7
[codecarbon INFO @ 06:14:19]   CodeCarbon version: 2.8.3
[codecarbon INFO @ 06:14:19]   Available RAM : 126.630 GB
[codecarbon INFO @ 06:14:19]   CPU count: 56
[codecarbon INFO @ 06:14:19]   CPU model: Intel(R) Xeon(R) Gold 6258R CPU @ 2.70GHz
[codecarbon INFO @ 06:14:19]   GPU count: 2
[codecarbon INFO @ 06:14:19]   GPU model: 2 x NVIDIA RTX A5000
[codecarbon INFO @ 06:14:22] Saving emissions data to file C:\Users\pr8pf\Documents\GitHub\SplitFed\emissions.csv
[codecarbon INFO @ 06:14:23] Energy consumed for RAM : 0.000013 kWh. RAM Power : 47.48608875274658 W
[codecarbon INFO @ 06:14:23] Energy consumed for all CPUs : 0.000029 kWh. Total CPU Power : 102.50000000000001 W
[codecarbon INFO @ 06:14:23] Energy consumed for all GPUs : 0.000005 kWh. Total GPU Power : 17.613607818094128 W
[codecarbon INFO @ 06:14:23] 0.000047 kWh of electricity used since the beginning.
C:\Users\pr8pf\AppData\Local\anaconda3\Lib\site-packages\sklearn\cluster\_kmeans.py:1429: UserWarning: KMeans is known to have a memory leak on Windows with MKL, when there are less chunks than available threads. You can avoid it by setting the environment variable OMP_NUM_THREADS=1.
  warnings.warn(
C:\Users\pr8pf\AppData\Local\anaconda3\Lib\site-packages\sklearn\cluster\_kmeans.py:1429: UserWarning: KMeans is known to have a memory leak on Windows with MKL, when there are less chunks than available threads. You can avoid it by setting the environment variable OMP_NUM_THREADS=1.
  warnings.warn(
[codecarbon INFO @ 06:39:52] [setup] RAM Tracking...
[codecarbon INFO @ 06:39:52] [setup] CPU Tracking...
[codecarbon WARNING @ 06:39:52] No CPU tracking mode found. Falling back on CPU constant mode. 
 Windows OS detected: Please install Intel Power Gadget to measure CPU

[codecarbon INFO @ 06:39:54] CPU Model on constant consumption mode: Intel(R) Xeon(R) Gold 6258R CPU @ 2.70GHz
[codecarbon INFO @ 06:39:54] [setup] GPU Tracking...
[codecarbon INFO @ 06:39:54] Tracking Nvidia GPU via pynvml
[codecarbon INFO @ 06:39:54] >>> Tracker's metadata:
[codecarbon INFO @ 06:39:54]   Platform system: Windows-11-10.0.22631-SP0
[codecarbon INFO @ 06:39:54]   Python version: 3.12.7
[codecarbon INFO @ 06:39:54]   CodeCarbon version: 2.8.3
[codecarbon INFO @ 06:39:54]   Available RAM : 126.630 GB
[codecarbon INFO @ 06:39:54]   CPU count: 56
[codecarbon INFO @ 06:39:54]   CPU model: Intel(R) Xeon(R) Gold 6258R CPU @ 2.70GHz
[codecarbon INFO @ 06:39:54]   GPU count: 2
[codecarbon INFO @ 06:39:54]   GPU model: 2 x NVIDIA RTX A5000
[codecarbon INFO @ 06:39:57] Saving emissions data to file C:\Users\pr8pf\Documents\GitHub\SplitFed\emissions.csv
[codecarbon INFO @ 06:39:58] Energy consumed for RAM : 0.000011 kWh. RAM Power : 47.48608875274658 W
[codecarbon INFO @ 06:39:58] Energy consumed for all CPUs : 0.000024 kWh. Total CPU Power : 102.50000000000001 W
[codecarbon INFO @ 06:39:58] Energy consumed for all GPUs : 0.000004 kWh. Total GPU Power : 15.84012078447424 W
[codecarbon INFO @ 06:39:58] 0.000040 kWh of electricity used since the beginning.

[91m Client3 Train => Local Epoch: 1 / 5 	Acc: 91.970 	Loss: 0.2543[00m
[91m Client3 Train => Local Epoch: 2 / 5 	Acc: 93.490 	Loss: 0.1934[00m
[91m Client3 Train => Local Epoch: 3 / 5 	Acc: 92.318 	Loss: 0.2175[00m
[91m Client3 Train => Local Epoch: 4 / 5 	Acc: 92.144 	Loss: 0.2603[00m
[92m  Client3 Test => 	Acc: 67.125 	Loss: 5.9933[00m
[91m Client4 Train => Local Epoch: 0 / 5 	Acc: 91.309 	Loss: 0.2620[00m
[91m Client4 Train => Local Epoch: 1 / 5 	Acc: 93.652 	Loss: 0.1871[00m
[91m Client4 Train => Local Epoch: 2 / 5 	Acc: 94.043 	Loss: 0.1795[00m
[91m Client4 Train => Local Epoch: 3 / 5 	Acc: 94.434 	Loss: 0.1577[00m
[91m Client4 Train => Local Epoch: 4 / 5 	Acc: 95.312 	Loss: 0.1284[00m
[92m  Client4 Test => 	Acc: 71.118 	Loss: 1.1033[00m
[91m Client5 Train => Local Epoch: 0 / 5 	Acc: 87.630 	Loss: 0.4235[00m
[91m Client5 Train => Local Epoch: 1 / 5 	Acc: 92.839 	Loss: 0.2759[00m
[91m Client5 Train => Local Epoch: 2 / 5 	Acc: 92.448 	Loss: 0.2321[00m
[91m Client5 Train => Local Epoch: 3 / 5 	Acc: 92.188 	Loss: 0.2413[00m
[91m Client5 Train => Local Epoch: 4 / 5 	Acc: 94.141 	Loss: 0.1754[00m
[92m  Client5 Test => 	Acc: 73.748 	Loss: 1.2992[00m
[91m Client6 Train => Local Epoch: 0 / 5 	Acc: 89.375 	Loss: 0.3320[00m
[91m Client6 Train => Local Epoch: 1 / 5 	Acc: 91.875 	Loss: 0.2521[00m
[91m Client6 Train => Local Epoch: 2 / 5 	Acc: 91.906 	Loss: 0.2655[00m
[91m Client6 Train => Local Epoch: 3 / 5 	Acc: 92.375 	Loss: 0.2416[00m
[91m Client6 Train => Local Epoch: 4 / 5 	Acc: 92.969 	Loss: 0.2247[00m
[92m  Client6 Test => 	Acc: 78.425 	Loss: 0.6376[00m
[91m Client7 Train => Local Epoch: 0 / 5 	Acc: 83.672 	Loss: 0.5054[00m
[91m Client7 Train => Local Epoch: 1 / 5 	Acc: 85.078 	Loss: 0.4661[00m
[91m Client7 Train => Local Epoch: 2 / 5 	Acc: 88.672 	Loss: 0.3369[00m
[91m Client7 Train => Local Epoch: 3 / 5 	Acc: 90.938 	Loss: 0.2761[00m
[91m Client7 Train => Local Epoch: 4 / 5 	Acc: 93.125 	Loss: 0.2243[00m
[92m  Client7 Test => 	Acc: 77.728 	Loss: 0.8789[00m
[91m Client8 Train => Local Epoch: 0 / 5 	Acc: 86.198 	Loss: 0.4233[00m
[91m Client8 Train => Local Epoch: 1 / 5 	Acc: 92.448 	Loss: 0.2457[00m
[91m Client8 Train => Local Epoch: 2 / 5 	Acc: 94.531 	Loss: 0.1993[00m
[91m Client8 Train => Local Epoch: 3 / 5 	Acc: 94.141 	Loss: 0.1600[00m
[91m Client8 Train => Local Epoch: 4 / 5 	Acc: 96.615 	Loss: 0.1191[00m
[92m  Client8 Test => 	Acc: 72.674 	Loss: 1.2408[00m
[91m Client9 Train => Local Epoch: 0 / 5 	Acc: 88.341 	Loss: 0.3611[00m
[91m Client9 Train => Local Epoch: 1 / 5 	Acc: 89.603 	Loss: 0.3575[00m
[91m Client9 Train => Local Epoch: 2 / 5 	Acc: 93.029 	Loss: 0.2258[00m
[91m Client9 Train => Local Epoch: 3 / 5 	Acc: 94.231 	Loss: 0.1960[00m
[91m Client9 Train => Local Epoch: 4 / 5 	Acc: 95.312 	Loss: 0.1535[00m
[92m  Client9 Test => 	Acc: 77.132 	Loss: 0.8444[00m
------------------------------------------------
------ Federation process at Server-Side ------- 
------------------------------------------------
-----------------------------------------------------------
------ FedServer: Federation process at Client-Side ------- 
-----------------------------------------------------------
[92m  Client0 Test => 	Acc: 89.809 	Loss: 0.3579[00m
 Train: Round   8, Avg Accuracy 93.979 | Avg Loss 0.186
[91m Client0 Train => Local Epoch: 0 / 5 	Acc: 91.730 	Loss: 0.2596[00m
[91m Client0 Train => Local Epoch: 1 / 5 	Acc: 92.807 	Loss: 0.2108[00m
[91m Client0 Train => Local Epoch: 2 / 5 	Acc: 94.235 	Loss: 0.1741[00m
[91m Client0 Train => Local Epoch: 3 / 5 	Acc: 95.474 	Loss: 0.1423[00m
[91m Client0 Train => Local Epoch: 4 / 5 	Acc: 94.585 	Loss: 0.1636[00m
[92m  Client0 Test => 	Acc: 66.592 	Loss: 4.4947[00m
[91m Client1 Train => Local Epoch: 0 / 5 	Acc: 91.233 	Loss: 0.2720[00m
[91m Client1 Train => Local Epoch: 1 / 5 	Acc: 91.667 	Loss: 0.2324[00m
[91m Client1 Train => Local Epoch: 2 / 5 	Acc: 92.882 	Loss: 0.2103[00m
[91m Client1 Train => Local Epoch: 3 / 5 	Acc: 93.924 	Loss: 0.1786[00m
[91m Client1 Train => Local Epoch: 4 / 5 	Acc: 95.139 	Loss: 0.1300[00m
[92m  Client1 Test => 	Acc: 65.215 	Loss: 4.9923[00m
[91m Client2 Train => Local Epoch: 0 / 5 	Acc: 87.500 	Loss: 0.4104[00m
[91m Client2 Train => Local Epoch: 1 / 5 	Acc: 94.618 	Loss: 0.1686[00m
[91m Client2 Train => Local Epoch: 2 / 5 	Acc: 95.226 	Loss: 0.1555[00m
[91m Client2 Train => Local Epoch: 3 / 5 	Acc: 96.441 	Loss: 0.1013[00m
[91m Client2 Train => Local Epoch: 4 / 5 	Acc: 95.833 	Loss: 0.1420[00m
[92m  Client2 Test => 	Acc: 69.724 	Loss: 5.0926[00m
[91m Client3 Train => Local Epoch: 0 / 5 	Acc: 91.840 	Loss: 0.2691[00m
[91m Client3 Train => Local Epoch: 1 / 5 	Acc: 94.314 	Loss: 0.1734[00m
[91m Client3 Train => Local Epoch: 2 / 5 	Acc: 95.399 	Loss: 0.1492[00m
[91m Client3 Train => Local Epoch: 3 / 5 	Acc: 95.139 	Loss: 0.1682[00m
[91m Client3 Train => Local Epoch: 4 / 5 	Acc: 96.137 	Loss: 0.1298[00m
[92m  Client3 Test => 	Acc: 69.652 	Loss: 4.8067[00m
[91m Client4 Train => Local Epoch: 0 / 5 	Acc: 94.336 	Loss: 0.1917[00m
[91m Client4 Train => Local Epoch: 1 / 5 	Acc: 95.605 	Loss: 0.1186[00m
[91m Client4 Train => Local Epoch: 2 / 5 	Acc: 95.898 	Loss: 0.1121[00m
[91m Client4 Train => Local Epoch: 3 / 5 	Acc: 96.582 	Loss: 0.1152[00m
[91m Client4 Train => Local Epoch: 4 / 5 	Acc: 96.387 	Loss: 0.0998[00m
[92m  Client4 Test => 	Acc: 79.463 	Loss: 0.7589[00m
[91m Client5 Train => Local Epoch: 0 / 5 	Acc: 93.229 	Loss: 0.2506[00m
[91m Client5 Train => Local Epoch: 1 / 5 	Acc: 94.141 	Loss: 0.1749[00m
[91m Client5 Train => Local Epoch: 2 / 5 	Acc: 94.792 	Loss: 0.1708[00m
[91m Client5 Train => Local Epoch: 3 / 5 	Acc: 92.839 	Loss: 0.2317[00m
[91m Client5 Train => Local Epoch: 4 / 5 	Acc: 92.448 	Loss: 0.2287[00m
[92m  Client5 Test => 	Acc: 76.708 	Loss: 1.0387[00m
[91m Client6 Train => Local Epoch: 0 / 5 	Acc: 93.000 	Loss: 0.2179[00m
[91m Client6 Train => Local Epoch: 1 / 5 	Acc: 94.000 	Loss: 0.1953[00m
[91m Client6 Train => Local Epoch: 2 / 5 	Acc: 93.000 	Loss: 0.2099[00m
[91m Client6 Train => Local Epoch: 3 / 5 	Acc: 94.219 	Loss: 0.1904[00m
[91m Client6 Train => Local Epoch: 4 / 5 	Acc: 94.531 	Loss: 0.1643[00m
[92m  Client6 Test => 	Acc: 81.818 	Loss: 0.6767[00m
[91m Client7 Train => Local Epoch: 0 / 5 	Acc: 89.062 	Loss: 0.3152[00m
[91m Client7 Train => Local Epoch: 1 / 5 	Acc: 91.406 	Loss: 0.2326[00m
[91m Client7 Train => Local Epoch: 2 / 5 	Acc: 93.672 	Loss: 0.1673[00m
[91m Client7 Train => Local Epoch: 3 / 5 	Acc: 94.531 	Loss: 0.1737[00m
[91m Client7 Train => Local Epoch: 4 / 5 	Acc: 92.578 	Loss: 0.2317[00m
[92m  Client7 Test => 	Acc: 82.573 	Loss: 0.6126[00m
[91m Client8 Train => Local Epoch: 0 / 5 	Acc: 93.880 	Loss: 0.2480[00m
[91m Client8 Train => Local Epoch: 1 / 5 	Acc: 95.964 	Loss: 0.1551[00m
[91m Client8 Train => Local Epoch: 2 / 5 	Acc: 95.703 	Loss: 0.1437[00m
[91m Client8 Train => Local Epoch: 3 / 5 	Acc: 97.786 	Loss: 0.0784[00m
[91m Client8 Train => Local Epoch: 4 / 5 	Acc: 97.396 	Loss: 0.0830[00m
[92m  Client8 Test => 	Acc: 81.200 	Loss: 0.8333[00m
[91m Client9 Train => Local Epoch: 0 / 5 	Acc: 93.750 	Loss: 0.1974[00m
[91m Client9 Train => Local Epoch: 1 / 5 	Acc: 94.892 	Loss: 0.1999[00m
[91m Client9 Train => Local Epoch: 2 / 5 	Acc: 89.844 	Loss: 0.3661[00m
[91m Client9 Train => Local Epoch: 3 / 5 	Acc: 90.986 	Loss: 0.2863[00m
[91m Client9 Train => Local Epoch: 4 / 5 	Acc: 93.089 	Loss: 0.2139[00m
[92m  Client9 Test => 	Acc: 78.683 	Loss: 0.7483[00m
------------------------------------------------
------ Federation process at Server-Side ------- 
------------------------------------------------
-----------------------------------------------------------
------ FedServer: Federation process at Client-Side ------- 
-----------------------------------------------------------
[92m  Client0 Test => 	Acc: 79.737 	Loss: 1.0585[00m
 Train: Round   9, Avg Accuracy 94.812 | Avg Loss 0.159
Training and Evaluation completed!
===== END Mon 12/22/2025  6:40:57.64 ===== 
