===== START Wed 01/07/2026  2:48:21.78 ===== 
C:\Users\pr8pf\AppData\Local\anaconda3\Lib\site-packages\torchvision\models\_utils.py:208: UserWarning: The parameter 'pretrained' is deprecated since 0.13 and may be removed in the future, please use 'weights' instead.
  warnings.warn(
C:\Users\pr8pf\AppData\Local\anaconda3\Lib\site-packages\torchvision\models\_utils.py:223: UserWarning: Arguments other than a weight enum or `None` for 'weights' are deprecated since 0.13 and may be removed in the future. The current behavior is equivalent to passing `weights=VGG16_Weights.IMAGENET1K_V1`. You can also use `weights=VGG16_Weights.DEFAULT` to get the most up-to-date weights.
  warnings.warn(msg)
[codecarbon INFO @ 02:48:58] [setup] RAM Tracking...
[codecarbon INFO @ 02:48:58] [setup] CPU Tracking...
[codecarbon WARNING @ 02:48:58] No CPU tracking mode found. Falling back on CPU constant mode. 
 Windows OS detected: Please install Intel Power Gadget to measure CPU

[codecarbon INFO @ 02:49:00] CPU Model on constant consumption mode: Intel(R) Xeon(R) Gold 6258R CPU @ 2.70GHz
[codecarbon INFO @ 02:49:00] [setup] GPU Tracking...
[codecarbon INFO @ 02:49:00] Tracking Nvidia GPU via pynvml
[codecarbon INFO @ 02:49:00] >>> Tracker's metadata:
[codecarbon INFO @ 02:49:00]   Platform system: Windows-11-10.0.22631-SP0
[codecarbon INFO @ 02:49:00]   Python version: 3.12.7
[codecarbon INFO @ 02:49:00]   CodeCarbon version: 2.8.3
[codecarbon INFO @ 02:49:00]   Available RAM : 126.630 GB
[codecarbon INFO @ 02:49:00]   CPU count: 56
[codecarbon INFO @ 02:49:00]   CPU model: Intel(R) Xeon(R) Gold 6258R CPU @ 2.70GHz
[codecarbon INFO @ 02:49:00]   GPU count: 2
[codecarbon INFO @ 02:49:00]   GPU model: 2 x NVIDIA RTX A5000
[codecarbon INFO @ 02:49:03] Saving emissions data to file C:\Users\pr8pf\Documents\GitHub\SplitFed\emissions.csv
[codecarbon INFO @ 02:49:06] Energy consumed for RAM : 0.000037 kWh. RAM Power : 47.48608875274658 W
[codecarbon INFO @ 02:49:06] Energy consumed for all CPUs : 0.000080 kWh. Total CPU Power : 102.50000000000001 W
[codecarbon INFO @ 02:49:06] Energy consumed for all GPUs : 0.000014 kWh. Total GPU Power : 18.04272585930689 W
[codecarbon INFO @ 02:49:06] 0.000132 kWh of electricity used since the beginning.
C:\Users\pr8pf\AppData\Local\anaconda3\Lib\site-packages\sklearn\cluster\_kmeans.py:1429: UserWarning: KMeans is known to have a memory leak on Windows with MKL, when there are less chunks than available threads. You can avoid it by setting the environment variable OMP_NUM_THREADS=1.
  warnings.warn(
C:\Users\pr8pf\AppData\Local\anaconda3\Lib\site-packages\sklearn\cluster\_kmeans.py:1429: UserWarning: KMeans is known to have a memory leak on Windows with MKL, when there are less chunks than available threads. You can avoid it by setting the environment variable OMP_NUM_THREADS=1.
  warnings.warn(
[codecarbon INFO @ 03:14:44] [setup] RAM Tracking...
[codecarbon INFO @ 03:14:44] [setup] CPU Tracking...
[codecarbon WARNING @ 03:14:44] No CPU tracking mode found. Falling back on CPU constant mode. 
 Windows OS detected: Please install Intel Power Gadget to measure CPU

[codecarbon INFO @ 03:14:46] CPU Model on constant consumption mode: Intel(R) Xeon(R) Gold 6258R CPU @ 2.70GHz
[codecarbon INFO @ 03:14:46] [setup] GPU Tracking...
[codecarbon INFO @ 03:14:46] Tracking Nvidia GPU via pynvml
[codecarbon INFO @ 03:14:46] >>> Tracker's metadata:
[codecarbon INFO @ 03:14:46]   Platform system: Windows-11-10.0.22631-SP0
[codecarbon INFO @ 03:14:46]   Python version: 3.12.7
[codecarbon INFO @ 03:14:46]   CodeCarbon version: 2.8.3
[codecarbon INFO @ 03:14:46]   Available RAM : 126.630 GB
[codecarbon INFO @ 03:14:46]   CPU count: 56
[codecarbon INFO @ 03:14:46]   CPU model: Intel(R) Xeon(R) Gold 6258R CPU @ 2.70GHz
[codecarbon INFO @ 03:14:46]   GPU count: 2
[codecarbon INFO @ 03:14:46]   GPU model: 2 x NVIDIA RTX A5000
[codecarbon INFO @ 03:14:49] Saving emissions data to file C:\Users\pr8pf\Documents\GitHub\SplitFed\emissions.csv
[codecarbon INFO @ 03:14:50] Energy consumed for RAM : 0.000007 kWh. RAM Power : 47.48608875274658 W
[codecarbon INFO @ 03:14:50] Energy consumed for all CPUs : 0.000016 kWh. Total CPU Power : 102.50000000000001 W
[codecarbon INFO @ 03:14:50] Energy consumed for all GPUs : 0.000003 kWh. Total GPU Power : 22.073927375939057 W
[codecarbon INFO @ 03:14:50] 0.000027 kWh of electricity used since the beginning.
[codecarbon INFO @ 03:15:45] [setup] RAM Tracking...
[codecarbon INFO @ 03:15:45] [setup] CPU Tracking...
[codecarbon WARNING @ 03:15:45] No CPU tracking mode found. Falling back on CPU constant mode. 
 Windows OS detected: Please install Intel Power Gadget to measure CPU

[codecarbon INFO @ 03:15:47] CPU Model on constant consumption mode: Intel(R) Xeon(R) Gold 6258R CPU @ 2.70GHz
[codecarbon INFO @ 03:15:47] [setup] GPU Tracking...
[codecarbon INFO @ 03:15:47] Tracking Nvidia GPU via pynvml
[codecarbon INFO @ 03:15:47] >>> Tracker's metadata:
[codecarbon INFO @ 03:15:47]   Platform system: Windows-11-10.0.22631-SP0
[codecarbon INFO @ 03:15:47]   Python version: 3.12.7
[codecarbon INFO @ 03:15:47]   CodeCarbon version: 2.8.3
[codecarbon INFO @ 03:15:47]   Available RAM : 126.630 GB
[codecarbon INFO @ 03:15:47]   CPU count: 56
[codecarbon INFO @ 03:15:47]   CPU model: Intel(R) Xeon(R) Gold 6258R CPU @ 2.70GHz
[codecarbon INFO @ 03:15:47]   GPU count: 2
[codecarbon INFO @ 03:15:47]   GPU model: 2 x NVIDIA RTX A5000
[codecarbon INFO @ 03:15:50] Saving emissions data to file C:\Users\pr8pf\Documents\GitHub\SplitFed\emissions.csv
[codecarbon INFO @ 03:15:51] Energy consumed for RAM : 0.000012 kWh. RAM Power : 47.48608875274658 W
[codecarbon INFO @ 03:15:51] Energy consumed for all CPUs : 0.000025 kWh. Total CPU Power : 102.50000000000001 W
[codecarbon INFO @ 03:15:51] Energy consumed for all GPUs : 0.000006 kWh. Total GPU Power : 24.16430631612045 W
[codecarbon INFO @ 03:15:51] 0.000043 kWh of electricity used since the beginning.
################################################################
#                              batch_size: 64                  #
#                         test_batch_size: 64                  #
#                                  epochs: 10                  #
#                               optimizer: SGD                 #
#                                      lr: 0.001               #
#                                momentum: 0.5                 #
#                                    seed: 1                   #
#                             num_clients: 10                  #
#                                   scale: 1                   #
#                                 dataset: plant               #
#                             loader_type: dirichlet           #
#                                      AR: flame               #
#                                    side: both                #
#                                     PDR: 1.0                 #
#                                  attack: label_flipping 5->9 #
#                          label_flipping: uni                 #
#                         experiment_name: split_fed_label_flipping_5_to_9_inner_epochs=5_epochs=10_PDR=1.0_scale=1_flame#
#                            inner_epochs: 5                   #
#                                   setup: split_fed           #
#                                   alpha: 0.5                 #
################################################################
NVIDIA RTX A5000
---------split_fed_label_flipping_5_to_9_inner_epochs=5_epochs=10_PDR=1.0_scale=1_flame----------
initialize a data loader
Using cuda
[91m Client0 Train => Local Epoch: 0 / 5 	Acc: 35.210 	Loss: 1.9941[00m
[91m Client0 Train => Local Epoch: 1 / 5 	Acc: 56.008 	Loss: 1.3640[00m
[91m Client0 Train => Local Epoch: 2 / 5 	Acc: 64.359 	Loss: 1.1250[00m
[91m Client0 Train => Local Epoch: 3 / 5 	Acc: 68.858 	Loss: 0.9508[00m
[91m Client0 Train => Local Epoch: 4 / 5 	Acc: 71.525 	Loss: 0.8649[00m
[92m  Client0 Test => 	Acc: 32.725 	Loss: 3.5260[00m
[91m Client1 Train => Local Epoch: 0 / 5 	Acc: 15.712 	Loss: 3.0880[00m
[91m Client1 Train => Local Epoch: 1 / 5 	Acc: 30.035 	Loss: 2.0942[00m
[91m Client1 Train => Local Epoch: 2 / 5 	Acc: 26.042 	Loss: 2.1729[00m
[91m Client1 Train => Local Epoch: 3 / 5 	Acc: 31.684 	Loss: 2.0145[00m
[91m Client1 Train => Local Epoch: 4 / 5 	Acc: 40.885 	Loss: 1.7482[00m
[92m  Client1 Test => 	Acc: 23.388 	Loss: 3.5935[00m
[91m Client2 Train => Local Epoch: 0 / 5 	Acc: 22.569 	Loss: 6.5561[00m
[91m Client2 Train => Local Epoch: 1 / 5 	Acc: 23.524 	Loss: 2.7119[00m
[91m Client2 Train => Local Epoch: 2 / 5 	Acc: 34.549 	Loss: 2.3533[00m
[91m Client2 Train => Local Epoch: 3 / 5 	Acc: 44.878 	Loss: 2.0381[00m
[91m Client2 Train => Local Epoch: 4 / 5 	Acc: 48.090 	Loss: 1.8146[00m
[92m  Client2 Test => 	Acc: 28.855 	Loss: 3.1733[00m
[91m Client3 Train => Local Epoch: 0 / 5 	Acc: 24.479 	Loss: 6.6722[00m
[91m Client3 Train => Local Epoch: 1 / 5 	Acc: 31.293 	Loss: 1.9898[00m
[91m Client3 Train => Local Epoch: 2 / 5 	Acc: 51.215 	Loss: 1.6671[00m
[91m Client3 Train => Local Epoch: 3 / 5 	Acc: 61.849 	Loss: 1.3689[00m
[91m Client3 Train => Local Epoch: 4 / 5 	Acc: 68.880 	Loss: 1.1136[00m
[92m  Client3 Test => 	Acc: 25.221 	Loss: 3.6684[00m
[91m Client4 Train => Local Epoch: 0 / 5 	Acc: 16.113 	Loss: 4.8122[00m
[91m Client4 Train => Local Epoch: 1 / 5 	Acc: 24.414 	Loss: 2.5832[00m
[91m Client4 Train => Local Epoch: 2 / 5 	Acc: 25.195 	Loss: 2.2228[00m
[91m Client4 Train => Local Epoch: 3 / 5 	Acc: 38.281 	Loss: 1.8761[00m
[91m Client4 Train => Local Epoch: 4 / 5 	Acc: 49.414 	Loss: 1.5353[00m
[92m  Client4 Test => 	Acc: 21.640 	Loss: 4.2093[00m
[91m Client5 Train => Local Epoch: 0 / 5 	Acc: 19.401 	Loss: 3.7064[00m
[91m Client5 Train => Local Epoch: 1 / 5 	Acc: 24.349 	Loss: 2.4651[00m
[91m Client5 Train => Local Epoch: 2 / 5 	Acc: 31.250 	Loss: 2.0384[00m
[91m Client5 Train => Local Epoch: 3 / 5 	Acc: 30.729 	Loss: 1.9762[00m
[91m Client5 Train => Local Epoch: 4 / 5 	Acc: 41.667 	Loss: 1.8298[00m
[92m  Client5 Test => 	Acc: 23.697 	Loss: 3.8546[00m
[91m Client6 Train => Local Epoch: 0 / 5 	Acc: 26.000 	Loss: 2.7306[00m
[91m Client6 Train => Local Epoch: 1 / 5 	Acc: 43.688 	Loss: 1.8267[00m
[91m Client6 Train => Local Epoch: 2 / 5 	Acc: 57.469 	Loss: 1.3764[00m
[91m Client6 Train => Local Epoch: 3 / 5 	Acc: 67.062 	Loss: 1.0756[00m
[91m Client6 Train => Local Epoch: 4 / 5 	Acc: 71.031 	Loss: 0.9083[00m
[92m  Client6 Test => 	Acc: 49.657 	Loss: 1.8905[00m
[91m Client7 Train => Local Epoch: 0 / 5 	Acc: 18.281 	Loss: 3.2440[00m
[91m Client7 Train => Local Epoch: 1 / 5 	Acc: 23.516 	Loss: 2.2915[00m
[91m Client7 Train => Local Epoch: 2 / 5 	Acc: 25.391 	Loss: 2.1664[00m
[91m Client7 Train => Local Epoch: 3 / 5 	Acc: 26.719 	Loss: 2.1511[00m
[91m Client7 Train => Local Epoch: 4 / 5 	Acc: 34.297 	Loss: 1.9642[00m
[92m  Client7 Test => 	Acc: 18.398 	Loss: 3.3816[00m
[91m Client8 Train => Local Epoch: 0 / 5 	Acc: 17.578 	Loss: 6.5378[00m
[91m Client8 Train => Local Epoch: 1 / 5 	Acc: 19.792 	Loss: 2.4272[00m
[91m Client8 Train => Local Epoch: 2 / 5 	Acc: 21.354 	Loss: 2.2228[00m
[91m Client8 Train => Local Epoch: 3 / 5 	Acc: 24.609 	Loss: 2.1266[00m
[91m Client8 Train => Local Epoch: 4 / 5 	Acc: 28.646 	Loss: 2.1454[00m
[92m  Client8 Test => 	Acc: 5.333 	Loss: 4.7420[00m
[91m Client9 Train => Local Epoch: 0 / 5 	Acc: 18.089 	Loss: 3.8243[00m
[91m Client9 Train => Local Epoch: 1 / 5 	Acc: 28.125 	Loss: 2.0843[00m
[91m Client9 Train => Local Epoch: 2 / 5 	Acc: 29.928 	Loss: 2.0811[00m
[91m Client9 Train => Local Epoch: 3 / 5 	Acc: 42.127 	Loss: 1.7385[00m
[91m Client9 Train => Local Epoch: 4 / 5 	Acc: 48.257 	Loss: 1.5927[00m
[92m  Client9 Test => 	Acc: 39.644 	Loss: 2.4336[00m
------------------------------------------------
------ Federation process at Server-Side ------- 
------------------------------------------------
-----------------------------------------------------------
------ FedServer: Federation process at Client-Side ------- 
-----------------------------------------------------------
[92m  Client0 Test => 	Acc: 12.949 	Loss: 2.7387[00m
 Train: Round   0, Avg Accuracy 50.269 | Avg Loss 1.552
[91m Client0 Train => Local Epoch: 0 / 5 	Acc: 30.927 	Loss: 2.2098[00m
[91m Client0 Train => Local Epoch: 1 / 5 	Acc: 38.551 	Loss: 1.7709[00m
[91m Client0 Train => Local Epoch: 2 / 5 	Acc: 38.578 	Loss: 1.7567[00m
[91m Client0 Train => Local Epoch: 3 / 5 	Acc: 54.176 	Loss: 1.4350[00m
[91m Client0 Train => Local Epoch: 4 / 5 	Acc: 64.305 	Loss: 1.1170[00m
[92m  Client0 Test => 	Acc: 26.674 	Loss: 3.6147[00m
[91m Client1 Train => Local Epoch: 0 / 5 	Acc: 24.479 	Loss: 2.3849[00m
[91m Client1 Train => Local Epoch: 1 / 5 	Acc: 29.688 	Loss: 2.1459[00m
[91m Client1 Train => Local Epoch: 2 / 5 	Acc: 32.292 	Loss: 2.0309[00m
[91m Client1 Train => Local Epoch: 3 / 5 	Acc: 44.184 	Loss: 1.7744[00m
[91m Client1 Train => Local Epoch: 4 / 5 	Acc: 43.403 	Loss: 1.5807[00m
[92m  Client1 Test => 	Acc: 29.568 	Loss: 3.5296[00m
[91m Client2 Train => Local Epoch: 0 / 5 	Acc: 42.361 	Loss: 2.2954[00m
[91m Client2 Train => Local Epoch: 1 / 5 	Acc: 42.535 	Loss: 2.1349[00m
[91m Client2 Train => Local Epoch: 2 / 5 	Acc: 42.448 	Loss: 2.0943[00m
[91m Client2 Train => Local Epoch: 3 / 5 	Acc: 42.361 	Loss: 2.0773[00m
[91m Client2 Train => Local Epoch: 4 / 5 	Acc: 42.014 	Loss: 2.0481[00m
[92m  Client2 Test => 	Acc: 12.969 	Loss: 3.1516[00m
[91m Client3 Train => Local Epoch: 0 / 5 	Acc: 30.295 	Loss: 2.0971[00m
[91m Client3 Train => Local Epoch: 1 / 5 	Acc: 32.075 	Loss: 1.9256[00m
[91m Client3 Train => Local Epoch: 2 / 5 	Acc: 33.160 	Loss: 1.9023[00m
[91m Client3 Train => Local Epoch: 3 / 5 	Acc: 32.552 	Loss: 1.9115[00m
[91m Client3 Train => Local Epoch: 4 / 5 	Acc: 33.333 	Loss: 1.9122[00m
[92m  Client3 Test => 	Acc: 7.915 	Loss: 3.3456[00m
[91m Client4 Train => Local Epoch: 0 / 5 	Acc: 17.676 	Loss: 2.4879[00mC:\Users\pr8pf\AppData\Local\anaconda3\Lib\site-packages\sklearn\cluster\_kmeans.py:1429: UserWarning: KMeans is known to have a memory leak on Windows with MKL, when there are less chunks than available threads. You can avoid it by setting the environment variable OMP_NUM_THREADS=1.
  warnings.warn(
C:\Users\pr8pf\AppData\Local\anaconda3\Lib\site-packages\sklearn\cluster\_kmeans.py:1429: UserWarning: KMeans is known to have a memory leak on Windows with MKL, when there are less chunks than available threads. You can avoid it by setting the environment variable OMP_NUM_THREADS=1.
  warnings.warn(
[codecarbon INFO @ 03:41:21] [setup] RAM Tracking...
[codecarbon INFO @ 03:41:21] [setup] CPU Tracking...
[codecarbon WARNING @ 03:41:21] No CPU tracking mode found. Falling back on CPU constant mode. 
 Windows OS detected: Please install Intel Power Gadget to measure CPU

[codecarbon INFO @ 03:41:23] CPU Model on constant consumption mode: Intel(R) Xeon(R) Gold 6258R CPU @ 2.70GHz
[codecarbon INFO @ 03:41:23] [setup] GPU Tracking...
[codecarbon INFO @ 03:41:23] Tracking Nvidia GPU via pynvml
[codecarbon INFO @ 03:41:23] >>> Tracker's metadata:
[codecarbon INFO @ 03:41:23]   Platform system: Windows-11-10.0.22631-SP0
[codecarbon INFO @ 03:41:23]   Python version: 3.12.7
[codecarbon INFO @ 03:41:23]   CodeCarbon version: 2.8.3
[codecarbon INFO @ 03:41:23]   Available RAM : 126.630 GB
[codecarbon INFO @ 03:41:23]   CPU count: 56
[codecarbon INFO @ 03:41:23]   CPU model: Intel(R) Xeon(R) Gold 6258R CPU @ 2.70GHz
[codecarbon INFO @ 03:41:23]   GPU count: 2
[codecarbon INFO @ 03:41:23]   GPU model: 2 x NVIDIA RTX A5000
[codecarbon INFO @ 03:41:26] Saving emissions data to file C:\Users\pr8pf\Documents\GitHub\SplitFed\emissions.csv
[codecarbon INFO @ 03:41:26] Energy consumed for RAM : 0.000007 kWh. RAM Power : 47.48608875274658 W
[codecarbon INFO @ 03:41:26] Energy consumed for all CPUs : 0.000016 kWh. Total CPU Power : 102.50000000000001 W
[codecarbon INFO @ 03:41:26] Energy consumed for all GPUs : 0.000003 kWh. Total GPU Power : 17.196509341217777 W
[codecarbon INFO @ 03:41:26] 0.000026 kWh of electricity used since the beginning.
[codecarbon INFO @ 03:42:22] [setup] RAM Tracking...
[codecarbon INFO @ 03:42:22] [setup] CPU Tracking...
[codecarbon WARNING @ 03:42:22] No CPU tracking mode found. Falling back on CPU constant mode. 
 Windows OS detected: Please install Intel Power Gadget to measure CPU

[codecarbon INFO @ 03:42:24] CPU Model on constant consumption mode: Intel(R) Xeon(R) Gold 6258R CPU @ 2.70GHz
[codecarbon INFO @ 03:42:24] [setup] GPU Tracking...
[codecarbon INFO @ 03:42:24] Tracking Nvidia GPU via pynvml
[codecarbon INFO @ 03:42:24] >>> Tracker's metadata:
[codecarbon INFO @ 03:42:24]   Platform system: Windows-11-10.0.22631-SP0
[codecarbon INFO @ 03:42:24]   Python version: 3.12.7
[codecarbon INFO @ 03:42:24]   CodeCarbon version: 2.8.3
[codecarbon INFO @ 03:42:24]   Available RAM : 126.630 GB
[codecarbon INFO @ 03:42:24]   CPU count: 56
[codecarbon INFO @ 03:42:24]   CPU model: Intel(R) Xeon(R) Gold 6258R CPU @ 2.70GHz
[codecarbon INFO @ 03:42:24]   GPU count: 2
[codecarbon INFO @ 03:42:24]   GPU model: 2 x NVIDIA RTX A5000
[codecarbon INFO @ 03:42:27] Saving emissions data to file C:\Users\pr8pf\Documents\GitHub\SplitFed\emissions.csv
[codecarbon INFO @ 03:42:27] Energy consumed for RAM : 0.000007 kWh. RAM Power : 47.48608875274658 W
[codecarbon INFO @ 03:42:27] Energy consumed for all CPUs : 0.000016 kWh. Total CPU Power : 102.50000000000001 W
[codecarbon INFO @ 03:42:27] Energy consumed for all GPUs : 0.000003 kWh. Total GPU Power : 20.147291225728427 W
[codecarbon INFO @ 03:42:27] 0.000026 kWh of electricity used since the beginning.
C:\Users\pr8pf\AppData\Local\anaconda3\Lib\site-packages\sklearn\cluster\_kmeans.py:1429: UserWarning: KMeans is known to have a memory leak on Windows with MKL, when there are less chunks than available threads. You can avoid it by setting the environment variable OMP_NUM_THREADS=1.
  warnings.warn(
C:\Users\pr8pf\AppData\Local\anaconda3\Lib\site-packages\sklearn\cluster\_kmeans.py:1429: UserWarning: KMeans is known to have a memory leak on Windows with MKL, when there are less chunks than available threads. You can avoid it by setting the environment variable OMP_NUM_THREADS=1.
  warnings.warn(
[codecarbon INFO @ 04:07:43] [setup] RAM Tracking...
[codecarbon INFO @ 04:07:43] [setup] CPU Tracking...
[codecarbon WARNING @ 04:07:43] No CPU tracking mode found. Falling back on CPU constant mode. 
 Windows OS detected: Please install Intel Power Gadget to measure CPU

[codecarbon INFO @ 04:07:45] CPU Model on constant consumption mode: Intel(R) Xeon(R) Gold 6258R CPU @ 2.70GHz
[codecarbon INFO @ 04:07:45] [setup] GPU Tracking...
[codecarbon INFO @ 04:07:45] Tracking Nvidia GPU via pynvml
[codecarbon INFO @ 04:07:45] >>> Tracker's metadata:
[codecarbon INFO @ 04:07:45]   Platform system: Windows-11-10.0.22631-SP0
[codecarbon INFO @ 04:07:45]   Python version: 3.12.7
[codecarbon INFO @ 04:07:45]   CodeCarbon version: 2.8.3
[codecarbon INFO @ 04:07:45]   Available RAM : 126.630 GB
[codecarbon INFO @ 04:07:45]   CPU count: 56
[codecarbon INFO @ 04:07:45]   CPU model: Intel(R) Xeon(R) Gold 6258R CPU @ 2.70GHz
[codecarbon INFO @ 04:07:45]   GPU count: 2
[codecarbon INFO @ 04:07:45]   GPU model: 2 x NVIDIA RTX A5000
[codecarbon INFO @ 04:07:48] Saving emissions data to file C:\Users\pr8pf\Documents\GitHub\SplitFed\emissions.csv
[codecarbon INFO @ 04:07:48] Energy consumed for RAM : 0.000007 kWh. RAM Power : 47.48608875274658 W
[codecarbon INFO @ 04:07:48] Energy consumed for all CPUs : 0.000014 kWh. Total CPU Power : 102.50000000000001 W
[codecarbon INFO @ 04:07:48] Energy consumed for all GPUs : 0.000002 kWh. Total GPU Power : 15.130582301804887 W
[codecarbon INFO @ 04:07:48] 0.000023 kWh of electricity used since the beginning.
[codecarbon INFO @ 04:08:45] [setup] RAM Tracking...
[codecarbon INFO @ 04:08:45] [setup] CPU Tracking...
[codecarbon WARNING @ 04:08:45] No CPU tracking mode found. Falling back on CPU constant mode. 
 Windows OS detected: Please install Intel Power Gadget to measure CPU

[codecarbon INFO @ 04:08:46] CPU Model on constant consumption mode: Intel(R) Xeon(R) Gold 6258R CPU @ 2.70GHz
[codecarbon INFO @ 04:08:46] [setup] GPU Tracking...
[codecarbon INFO @ 04:08:46] Tracking Nvidia GPU via pynvml
[codecarbon INFO @ 04:08:46] >>> Tracker's metadata:
[codecarbon INFO @ 04:08:46]   Platform system: Windows-11-10.0.22631-SP0
[codecarbon INFO @ 04:08:46]   Python version: 3.12.7
[codecarbon INFO @ 04:08:46]   CodeCarbon version: 2.8.3
[codecarbon INFO @ 04:08:46]   Available RAM : 126.630 GB
[codecarbon INFO @ 04:08:46]   CPU count: 56
[codecarbon INFO @ 04:08:46]   CPU model: Intel(R) Xeon(R) Gold 6258R CPU @ 2.70GHz
[codecarbon INFO @ 04:08:46]   GPU count: 2
[codecarbon INFO @ 04:08:46]   GPU model: 2 x NVIDIA RTX A5000
[codecarbon INFO @ 04:08:50] Saving emissions data to file C:\Users\pr8pf\Documents\GitHub\SplitFed\emissions.csv
[codecarbon INFO @ 04:08:50] Energy consumed for RAM : 0.000010 kWh. RAM Power : 47.48608875274658 W
[codecarbon INFO @ 04:08:50] Energy consumed for all CPUs : 0.000022 kWh. Total CPU Power : 102.50000000000001 W
[codecarbon INFO @ 04:08:50] Energy consumed for all GPUs : 0.000004 kWh. Total GPU Power : 19.558115638285642 W
[codecarbon INFO @ 04:08:50] 0.000036 kWh of electricity used since the beginning.

[91m Client4 Train => Local Epoch: 1 / 5 	Acc: 36.523 	Loss: 1.8513[00m
[91m Client4 Train => Local Epoch: 2 / 5 	Acc: 53.906 	Loss: 1.4391[00m
[91m Client4 Train => Local Epoch: 3 / 5 	Acc: 60.645 	Loss: 1.1803[00m
[91m Client4 Train => Local Epoch: 4 / 5 	Acc: 64.258 	Loss: 1.0060[00m
[92m  Client4 Test => 	Acc: 36.787 	Loss: 3.1501[00m
[91m Client5 Train => Local Epoch: 0 / 5 	Acc: 20.573 	Loss: 2.4475[00m
[91m Client5 Train => Local Epoch: 1 / 5 	Acc: 30.078 	Loss: 2.0812[00m
[91m Client5 Train => Local Epoch: 2 / 5 	Acc: 32.031 	Loss: 2.0236[00m
[91m Client5 Train => Local Epoch: 3 / 5 	Acc: 31.510 	Loss: 2.0256[00m
[91m Client5 Train => Local Epoch: 4 / 5 	Acc: 30.339 	Loss: 2.0254[00m
[92m  Client5 Test => 	Acc: 12.341 	Loss: 3.3071[00m
[91m Client6 Train => Local Epoch: 0 / 5 	Acc: 21.562 	Loss: 2.2407[00m
[91m Client6 Train => Local Epoch: 1 / 5 	Acc: 34.875 	Loss: 1.9572[00m
[91m Client6 Train => Local Epoch: 2 / 5 	Acc: 56.406 	Loss: 1.5255[00m
[91m Client6 Train => Local Epoch: 3 / 5 	Acc: 67.906 	Loss: 1.0548[00m
[91m Client6 Train => Local Epoch: 4 / 5 	Acc: 70.500 	Loss: 0.9626[00m
[92m  Client6 Test => 	Acc: 52.142 	Loss: 1.6777[00m
[91m Client7 Train => Local Epoch: 0 / 5 	Acc: 19.844 	Loss: 2.4317[00m
[91m Client7 Train => Local Epoch: 1 / 5 	Acc: 26.641 	Loss: 2.1586[00m
[91m Client7 Train => Local Epoch: 2 / 5 	Acc: 37.734 	Loss: 1.8895[00m
[91m Client7 Train => Local Epoch: 3 / 5 	Acc: 46.406 	Loss: 1.6065[00m
[91m Client7 Train => Local Epoch: 4 / 5 	Acc: 55.000 	Loss: 1.3534[00m
[92m  Client7 Test => 	Acc: 33.302 	Loss: 3.2633[00m
[91m Client8 Train => Local Epoch: 0 / 5 	Acc: 13.151 	Loss: 2.5666[00m
[91m Client8 Train => Local Epoch: 1 / 5 	Acc: 40.104 	Loss: 2.0516[00m
[91m Client8 Train => Local Epoch: 2 / 5 	Acc: 35.286 	Loss: 2.3307[00m
[91m Client8 Train => Local Epoch: 3 / 5 	Acc: 40.495 	Loss: 2.0410[00m
[91m Client8 Train => Local Epoch: 4 / 5 	Acc: 54.167 	Loss: 1.5720[00m
[92m  Client8 Test => 	Acc: 15.201 	Loss: 4.4737[00m
[91m Client9 Train => Local Epoch: 0 / 5 	Acc: 20.553 	Loss: 2.2794[00m
[91m Client9 Train => Local Epoch: 1 / 5 	Acc: 26.082 	Loss: 2.1181[00m
[91m Client9 Train => Local Epoch: 2 / 5 	Acc: 26.442 	Loss: 2.0919[00m
[91m Client9 Train => Local Epoch: 3 / 5 	Acc: 25.060 	Loss: 2.1018[00m
[91m Client9 Train => Local Epoch: 4 / 5 	Acc: 26.322 	Loss: 2.0966[00m
[92m  Client9 Test => 	Acc: 7.118 	Loss: 3.1711[00m
------------------------------------------------
------ Federation process at Server-Side ------- 
------------------------------------------------
-----------------------------------------------------------
------ FedServer: Federation process at Client-Side ------- 
-----------------------------------------------------------
[92m  Client0 Test => 	Acc: 12.328 	Loss: 2.6079[00m
 Train: Round   1, Avg Accuracy 48.364 | Avg Loss 1.567
[91m Client0 Train => Local Epoch: 0 / 5 	Acc: 38.901 	Loss: 1.8395[00m
[91m Client0 Train => Local Epoch: 1 / 5 	Acc: 56.897 	Loss: 1.3664[00m
[91m Client0 Train => Local Epoch: 2 / 5 	Acc: 67.511 	Loss: 1.0888[00m
[91m Client0 Train => Local Epoch: 3 / 5 	Acc: 74.973 	Loss: 0.8256[00m
[91m Client0 Train => Local Epoch: 4 / 5 	Acc: 78.394 	Loss: 0.6780[00m
[92m  Client0 Test => 	Acc: 40.457 	Loss: 4.0148[00m
[91m Client1 Train => Local Epoch: 0 / 5 	Acc: 26.997 	Loss: 2.3411[00m
[91m Client1 Train => Local Epoch: 1 / 5 	Acc: 40.451 	Loss: 1.8690[00m
[91m Client1 Train => Local Epoch: 2 / 5 	Acc: 46.875 	Loss: 1.5712[00m
[91m Client1 Train => Local Epoch: 3 / 5 	Acc: 53.125 	Loss: 1.4400[00m
[91m Client1 Train => Local Epoch: 4 / 5 	Acc: 56.076 	Loss: 1.2396[00m
[92m  Client1 Test => 	Acc: 34.531 	Loss: 2.6398[00m
[91m Client2 Train => Local Epoch: 0 / 5 	Acc: 36.979 	Loss: 2.3035[00m
[91m Client2 Train => Local Epoch: 1 / 5 	Acc: 42.274 	Loss: 1.8125[00m
[91m Client2 Train => Local Epoch: 2 / 5 	Acc: 52.778 	Loss: 1.5461[00m
[91m Client2 Train => Local Epoch: 3 / 5 	Acc: 62.326 	Loss: 1.2508[00m
[91m Client2 Train => Local Epoch: 4 / 5 	Acc: 67.361 	Loss: 1.0398[00m
[92m  Client2 Test => 	Acc: 42.215 	Loss: 3.1246[00m
[91m Client3 Train => Local Epoch: 0 / 5 	Acc: 40.799 	Loss: 1.8650[00m
[91m Client3 Train => Local Epoch: 1 / 5 	Acc: 55.729 	Loss: 1.4532[00m
[91m Client3 Train => Local Epoch: 2 / 5 	Acc: 67.274 	Loss: 1.1526[00m
[91m Client3 Train => Local Epoch: 3 / 5 	Acc: 68.793 	Loss: 1.1507[00m
[91m Client3 Train => Local Epoch: 4 / 5 	Acc: 74.696 	Loss: 0.8797[00m
[92m  Client3 Test => 	Acc: 34.349 	Loss: 2.1454[00m
[91m Client4 Train => Local Epoch: 0 / 5 	Acc: 14.160 	Loss: 2.6298[00m
[91m Client4 Train => Local Epoch: 1 / 5 	Acc: 34.277 	Loss: 1.8993[00m
[91m Client4 Train => Local Epoch: 2 / 5 	Acc: 50.684 	Loss: 1.5495[00m
[91m Client4 Train => Local Epoch: 3 / 5 	Acc: 57.812 	Loss: 1.2852[00m
[91m Client4 Train => Local Epoch: 4 / 5 	Acc: 63.281 	Loss: 1.1531[00m
[92m  Client4 Test => 	Acc: 34.455 	Loss: 2.9392[00m
[91m Client5 Train => Local Epoch: 0 / 5 	Acc: 29.688 	Loss: 2.3032[00m
[91m Client5 Train => Local Epoch: 1 / 5 	Acc: 38.672 	Loss: 2.0120[00m
[91m Client5 Train => Local Epoch: 2 / 5 	Acc: 48.177 	Loss: 1.7296[00m
[91m Client5 Train => Local Epoch: 3 / 5 	Acc: 49.349 	Loss: 1.5453[00m
[91m Client5 Train => Local Epoch: 4 / 5 	Acc: 54.036 	Loss: 1.4249[00m
[92m  Client5 Test => 	Acc: 30.125 	Loss: 4.9089[00m
[91m Client6 Train => Local Epoch: 0 / 5 	Acc: 27.344 	Loss: 2.1240[00m
[91m Client6 Train => Local Epoch: 1 / 5 	Acc: 42.125 	Loss: 1.9069[00m
[91m Client6 Train => Local Epoch: 2 / 5 	Acc: 57.656 	Loss: 1.4307[00m
[91m Client6 Train => Local Epoch: 3 / 5 	Acc: 68.094 	Loss: 1.0925[00m
[91m Client6 Train => Local Epoch: 4 / 5 	Acc: 71.625 	Loss: 0.9330[00m
[92m  Client6 Test => 	Acc: 36.427 	Loss: 2.3277[00m
[91m Client7 Train => Local Epoch: 0 / 5 	Acc: 22.812 	Loss: 2.3872[00m
[91m Client7 Train => Local Epoch: 1 / 5 	Acc: 27.109 	Loss: 2.1601[00m
[91m Client7 Train => Local Epoch: 2 / 5 	Acc: 33.984 	Loss: 1.9827[00m
[91m Client7 Train => Local Epoch: 3 / 5 	Acc: 33.828 	Loss: 2.0750[00m
[91m Client7 Train => Local Epoch: 4 / 5 	Acc: 42.422 	Loss: 1.6608[00m
[92m  Client7 Test => 	Acc: 32.003 	Loss: 2.5492[00m
[91m Client8 Train => Local Epoch: 0 / 5 	Acc: 13.542 	Loss: 2.7309[00m
[91m Client8 Train => Local Epoch: 1 / 5 	Acc: 28.385 	Loss: 2.2297[00m
[91m Client8 Train => Local Epoch: 2 / 5 	Acc: 46.615 	Loss: 1.8465[00m
[91m Client8 Train => Local Epoch: 3 / 5 	Acc: 54.818 	Loss: 1.4979[00m
[91m Client8 Train => Local Epoch: 4 / 5 	Acc: 63.021 	Loss: 1.3164[00m
[92m  Client8 Test => 	Acc: 23.210 	Loss: 2.9134[00m
[91m Client9 Train => Local Epoch: 0 / 5 	Acc: 22.957 	Loss: 2.2080[00m
[91m Client9 Train => Local Epoch: 1 / 5 	Acc: 34.375 	Loss: 1.8999[00m
[91m Client9 Train => Local Epoch: 2 / 5 	Acc: 42.308 	Loss: 1.6825[00m
[91m Client9 Train => Local Epoch: 3 / 5 	Acc: 54.387 	Loss: 1.4571[00m
[91m Client9 Train => Local Epoch: 4 / 5 	Acc: 31.370 	Loss: 2.1618[00m
[92m  Client9 Test => 	Acc: 7.132 	Loss: 2.7940[00m
------------------------------------------------
------ Federation process at Server-Side ------- 
------------------------------------------------
-----------------------------------------------------------
------ FedServer: Federation process at Client-Side ------- 
-----------------------------------------------------------
[92m  Client0 Test => 	Acc: 14.493 	Loss: 2.5688[00m
 Train: Round   2, Avg Accuracy 60.228 | Avg Loss 1.249
[91m Client0 Train => Local Epoch: 0 / 5 	Acc: 52.182 	Loss: 1.5700[00m
[91m Client0 Train => Local Epoch: 1 / 5 	Acc: 67.565 	Loss: 1.0217[00m
[91m Client0 Train => Local Epoch: 2 / 5 	Acc: 75.835 	Loss: 0.7621[00m
[91m Client0 Train => Local Epoch: 3 / 5 	Acc: 81.250 	Loss: 0.5827[00m
[91m Client0 Train => Local Epoch: 4 / 5 	Acc: 81.034 	Loss: 0.5700[00m
[92m  Client0 Test => 	Acc: 39.705 	Loss: 3.2985[00m
[91m Client1 Train => Local Epoch: 0 / 5 	Acc: 37.760 	Loss: 2.1896[00mC:\Users\pr8pf\AppData\Local\anaconda3\Lib\site-packages\sklearn\cluster\_kmeans.py:1429: UserWarning: KMeans is known to have a memory leak on Windows with MKL, when there are less chunks than available threads. You can avoid it by setting the environment variable OMP_NUM_THREADS=1.
  warnings.warn(
C:\Users\pr8pf\AppData\Local\anaconda3\Lib\site-packages\sklearn\cluster\_kmeans.py:1429: UserWarning: KMeans is known to have a memory leak on Windows with MKL, when there are less chunks than available threads. You can avoid it by setting the environment variable OMP_NUM_THREADS=1.
  warnings.warn(
[codecarbon INFO @ 04:34:02] [setup] RAM Tracking...
[codecarbon INFO @ 04:34:02] [setup] CPU Tracking...
[codecarbon WARNING @ 04:34:02] No CPU tracking mode found. Falling back on CPU constant mode. 
 Windows OS detected: Please install Intel Power Gadget to measure CPU

[codecarbon INFO @ 04:34:03] CPU Model on constant consumption mode: Intel(R) Xeon(R) Gold 6258R CPU @ 2.70GHz
[codecarbon INFO @ 04:34:03] [setup] GPU Tracking...
[codecarbon INFO @ 04:34:03] Tracking Nvidia GPU via pynvml
[codecarbon INFO @ 04:34:03] >>> Tracker's metadata:
[codecarbon INFO @ 04:34:03]   Platform system: Windows-11-10.0.22631-SP0
[codecarbon INFO @ 04:34:03]   Python version: 3.12.7
[codecarbon INFO @ 04:34:03]   CodeCarbon version: 2.8.3
[codecarbon INFO @ 04:34:03]   Available RAM : 126.630 GB
[codecarbon INFO @ 04:34:03]   CPU count: 56
[codecarbon INFO @ 04:34:03]   CPU model: Intel(R) Xeon(R) Gold 6258R CPU @ 2.70GHz
[codecarbon INFO @ 04:34:03]   GPU count: 2
[codecarbon INFO @ 04:34:03]   GPU model: 2 x NVIDIA RTX A5000
[codecarbon INFO @ 04:34:06] Saving emissions data to file C:\Users\pr8pf\Documents\GitHub\SplitFed\emissions.csv
[codecarbon INFO @ 04:34:07] Energy consumed for RAM : 0.000008 kWh. RAM Power : 47.48608875274658 W
[codecarbon INFO @ 04:34:07] Energy consumed for all CPUs : 0.000017 kWh. Total CPU Power : 102.50000000000001 W
[codecarbon INFO @ 04:34:07] Energy consumed for all GPUs : 0.000003 kWh. Total GPU Power : 16.26398841594131 W
[codecarbon INFO @ 04:34:07] 0.000028 kWh of electricity used since the beginning.
[codecarbon INFO @ 04:35:02] [setup] RAM Tracking...
[codecarbon INFO @ 04:35:02] [setup] CPU Tracking...
[codecarbon WARNING @ 04:35:02] No CPU tracking mode found. Falling back on CPU constant mode. 
 Windows OS detected: Please install Intel Power Gadget to measure CPU

[codecarbon INFO @ 04:35:04] CPU Model on constant consumption mode: Intel(R) Xeon(R) Gold 6258R CPU @ 2.70GHz
[codecarbon INFO @ 04:35:04] [setup] GPU Tracking...
[codecarbon INFO @ 04:35:04] Tracking Nvidia GPU via pynvml
[codecarbon INFO @ 04:35:04] >>> Tracker's metadata:
[codecarbon INFO @ 04:35:04]   Platform system: Windows-11-10.0.22631-SP0
[codecarbon INFO @ 04:35:04]   Python version: 3.12.7
[codecarbon INFO @ 04:35:04]   CodeCarbon version: 2.8.3
[codecarbon INFO @ 04:35:04]   Available RAM : 126.630 GB
[codecarbon INFO @ 04:35:04]   CPU count: 56
[codecarbon INFO @ 04:35:04]   CPU model: Intel(R) Xeon(R) Gold 6258R CPU @ 2.70GHz
[codecarbon INFO @ 04:35:04]   GPU count: 2
[codecarbon INFO @ 04:35:04]   GPU model: 2 x NVIDIA RTX A5000
[codecarbon INFO @ 04:35:07] Saving emissions data to file C:\Users\pr8pf\Documents\GitHub\SplitFed\emissions.csv
[codecarbon INFO @ 04:35:08] Energy consumed for RAM : 0.000011 kWh. RAM Power : 47.48608875274658 W
[codecarbon INFO @ 04:35:08] Energy consumed for all CPUs : 0.000023 kWh. Total CPU Power : 102.50000000000001 W
[codecarbon INFO @ 04:35:08] Energy consumed for all GPUs : 0.000004 kWh. Total GPU Power : 18.132871036768087 W
[codecarbon INFO @ 04:35:08] 0.000037 kWh of electricity used since the beginning.

[91m Client1 Train => Local Epoch: 1 / 5 	Acc: 50.781 	Loss: 1.4992[00m
[91m Client1 Train => Local Epoch: 2 / 5 	Acc: 58.854 	Loss: 1.2137[00m
[91m Client1 Train => Local Epoch: 3 / 5 	Acc: 62.500 	Loss: 1.0690[00m
[91m Client1 Train => Local Epoch: 4 / 5 	Acc: 68.924 	Loss: 0.8876[00m
[92m  Client1 Test => 	Acc: 43.066 	Loss: 3.0802[00m
[91m Client2 Train => Local Epoch: 0 / 5 	Acc: 44.010 	Loss: 1.8528[00m
[91m Client2 Train => Local Epoch: 1 / 5 	Acc: 57.986 	Loss: 1.3660[00m
[91m Client2 Train => Local Epoch: 2 / 5 	Acc: 63.802 	Loss: 1.1694[00m
[91m Client2 Train => Local Epoch: 3 / 5 	Acc: 68.229 	Loss: 0.9783[00m
[91m Client2 Train => Local Epoch: 4 / 5 	Acc: 70.139 	Loss: 0.9476[00m
[92m  Client2 Test => 	Acc: 44.987 	Loss: 2.5615[00m
[91m Client3 Train => Local Epoch: 0 / 5 	Acc: 56.033 	Loss: 1.5217[00m
[91m Client3 Train => Local Epoch: 1 / 5 	Acc: 72.396 	Loss: 0.9811[00m
[91m Client3 Train => Local Epoch: 2 / 5 	Acc: 75.738 	Loss: 0.8352[00m
[91m Client3 Train => Local Epoch: 3 / 5 	Acc: 66.493 	Loss: 1.1357[00m
[91m Client3 Train => Local Epoch: 4 / 5 	Acc: 76.649 	Loss: 0.7906[00m
[92m  Client3 Test => 	Acc: 35.389 	Loss: 2.2088[00m
[91m Client4 Train => Local Epoch: 0 / 5 	Acc: 34.570 	Loss: 2.1031[00m
[91m Client4 Train => Local Epoch: 1 / 5 	Acc: 49.023 	Loss: 1.6110[00m
[91m Client4 Train => Local Epoch: 2 / 5 	Acc: 61.816 	Loss: 1.1790[00m
[91m Client4 Train => Local Epoch: 3 / 5 	Acc: 65.039 	Loss: 1.0309[00m
[91m Client4 Train => Local Epoch: 4 / 5 	Acc: 66.211 	Loss: 1.0083[00m
[92m  Client4 Test => 	Acc: 33.641 	Loss: 2.8582[00m
[91m Client5 Train => Local Epoch: 0 / 5 	Acc: 36.849 	Loss: 2.1950[00m
[91m Client5 Train => Local Epoch: 1 / 5 	Acc: 50.260 	Loss: 1.5198[00m
[91m Client5 Train => Local Epoch: 2 / 5 	Acc: 58.464 	Loss: 1.3097[00m
[91m Client5 Train => Local Epoch: 3 / 5 	Acc: 63.021 	Loss: 1.1437[00m
[91m Client5 Train => Local Epoch: 4 / 5 	Acc: 70.703 	Loss: 0.8956[00m
[92m  Client5 Test => 	Acc: 45.601 	Loss: 2.5032[00m
[91m Client6 Train => Local Epoch: 0 / 5 	Acc: 46.000 	Loss: 2.0671[00m
[91m Client6 Train => Local Epoch: 1 / 5 	Acc: 34.656 	Loss: 2.1139[00m
[91m Client6 Train => Local Epoch: 2 / 5 	Acc: 25.000 	Loss: 2.7264[00m
[91m Client6 Train => Local Epoch: 3 / 5 	Acc: 30.562 	Loss: 2.0671[00m
[91m Client6 Train => Local Epoch: 4 / 5 	Acc: 33.562 	Loss: 2.5055[00m
[92m  Client6 Test => 	Acc: 20.329 	Loss: 2.9631[00m
[91m Client7 Train => Local Epoch: 0 / 5 	Acc: 33.203 	Loss: 2.1782[00m
[91m Client7 Train => Local Epoch: 1 / 5 	Acc: 40.156 	Loss: 1.7391[00m
[91m Client7 Train => Local Epoch: 2 / 5 	Acc: 47.891 	Loss: 1.5412[00m
[91m Client7 Train => Local Epoch: 3 / 5 	Acc: 62.812 	Loss: 1.1668[00m
[91m Client7 Train => Local Epoch: 4 / 5 	Acc: 57.578 	Loss: 1.3067[00m
[92m  Client7 Test => 	Acc: 38.407 	Loss: 2.5379[00m
[91m Client8 Train => Local Epoch: 0 / 5 	Acc: 19.010 	Loss: 2.5062[00m
[91m Client8 Train => Local Epoch: 1 / 5 	Acc: 53.255 	Loss: 1.6843[00m
[91m Client8 Train => Local Epoch: 2 / 5 	Acc: 66.406 	Loss: 1.1038[00m
[91m Client8 Train => Local Epoch: 3 / 5 	Acc: 70.833 	Loss: 0.9676[00m
[91m Client8 Train => Local Epoch: 4 / 5 	Acc: 78.125 	Loss: 0.7962[00m
[92m  Client8 Test => 	Acc: 32.600 	Loss: 2.6827[00m
[91m Client9 Train => Local Epoch: 0 / 5 	Acc: 32.933 	Loss: 2.0012[00m
[91m Client9 Train => Local Epoch: 1 / 5 	Acc: 46.514 	Loss: 1.6370[00m
[91m Client9 Train => Local Epoch: 2 / 5 	Acc: 59.375 	Loss: 1.3247[00m
[91m Client9 Train => Local Epoch: 3 / 5 	Acc: 69.892 	Loss: 1.0611[00m
[91m Client9 Train => Local Epoch: 4 / 5 	Acc: 77.163 	Loss: 0.8251[00m
[92m  Client9 Test => 	Acc: 53.657 	Loss: 1.7814[00m
------------------------------------------------
------ Federation process at Server-Side ------- 
------------------------------------------------
-----------------------------------------------------------
------ FedServer: Federation process at Client-Side ------- 
-----------------------------------------------------------
[92m  Client0 Test => 	Acc: 37.854 	Loss: 2.0848[00m
 Train: Round   3, Avg Accuracy 68.009 | Avg Loss 1.053
[91m Client0 Train => Local Epoch: 0 / 5 	Acc: 60.695 	Loss: 1.3311[00m
[91m Client0 Train => Local Epoch: 1 / 5 	Acc: 68.077 	Loss: 1.0307[00m
[91m Client0 Train => Local Epoch: 2 / 5 	Acc: 69.531 	Loss: 0.9379[00m
[91m Client0 Train => Local Epoch: 3 / 5 	Acc: 36.207 	Loss: 1.9314[00m
[91m Client0 Train => Local Epoch: 4 / 5 	Acc: 38.524 	Loss: 1.7601[00m
[92m  Client0 Test => 	Acc: 12.328 	Loss: 3.9398[00m
[91m Client1 Train => Local Epoch: 0 / 5 	Acc: 46.788 	Loss: 1.7401[00m
[91m Client1 Train => Local Epoch: 1 / 5 	Acc: 53.125 	Loss: 1.4118[00m
[91m Client1 Train => Local Epoch: 2 / 5 	Acc: 53.385 	Loss: 1.2921[00m
[91m Client1 Train => Local Epoch: 3 / 5 	Acc: 62.413 	Loss: 1.0373[00m
[91m Client1 Train => Local Epoch: 4 / 5 	Acc: 71.615 	Loss: 0.8101[00m
[92m  Client1 Test => 	Acc: 48.734 	Loss: 2.4610[00m
[91m Client2 Train => Local Epoch: 0 / 5 	Acc: 54.427 	Loss: 1.5036[00m
[91m Client2 Train => Local Epoch: 1 / 5 	Acc: 67.708 	Loss: 1.0715[00m
[91m Client2 Train => Local Epoch: 2 / 5 	Acc: 74.219 	Loss: 0.8205[00m
[91m Client2 Train => Local Epoch: 3 / 5 	Acc: 75.781 	Loss: 0.7444[00m
[91m Client2 Train => Local Epoch: 4 / 5 	Acc: 77.170 	Loss: 0.7478[00m
[92m  Client2 Test => 	Acc: 54.746 	Loss: 1.8806[00m
[91m Client3 Train => Local Epoch: 0 / 5 	Acc: 69.965 	Loss: 1.1250[00m
[91m Client3 Train => Local Epoch: 1 / 5 	Acc: 78.733 	Loss: 0.6893[00m
[91m Client3 Train => Local Epoch: 2 / 5 	Acc: 83.811 	Loss: 0.5331[00m
[91m Client3 Train => Local Epoch: 3 / 5 	Acc: 82.812 	Loss: 0.5621[00m
[91m Client3 Train => Local Epoch: 4 / 5 	Acc: 84.592 	Loss: 0.4728[00m
[92m  Client3 Test => 	Acc: 57.033 	Loss: 1.9522[00m
[91m Client4 Train => Local Epoch: 0 / 5 	Acc: 55.176 	Loss: 1.5149[00m
[91m Client4 Train => Local Epoch: 1 / 5 	Acc: 69.336 	Loss: 0.9287[00m
[91m Client4 Train => Local Epoch: 2 / 5 	Acc: 70.898 	Loss: 0.8502[00m
[91m Client4 Train => Local Epoch: 3 / 5 	Acc: 75.879 	Loss: 0.7233[00m
[91m Client4 Train => Local Epoch: 4 / 5 	Acc: 76.465 	Loss: 0.7681[00m
[92m  Client4 Test => 	Acc: 45.020 	Loss: 2.2770[00m
[91m Client5 Train => Local Epoch: 0 / 5 	Acc: 53.255 	Loss: 1.6501[00m
[91m Client5 Train => Local Epoch: 1 / 5 	Acc: 67.708 	Loss: 1.1112[00m
[91m Client5 Train => Local Epoch: 2 / 5 	Acc: 69.792 	Loss: 0.8724[00m
[91m Client5 Train => Local Epoch: 3 / 5 	Acc: 75.260 	Loss: 0.7053[00m
[91m Client5 Train => Local Epoch: 4 / 5 	Acc: 77.865 	Loss: 0.6241[00m
[92m  Client5 Test => 	Acc: 54.155 	Loss: 2.3277[00m
[91m Client6 Train => Local Epoch: 0 / 5 	Acc: 64.250 	Loss: 1.2371[00m
[91m Client6 Train => Local Epoch: 1 / 5 	Acc: 73.719 	Loss: 0.8324[00m
[91m Client6 Train => Local Epoch: 2 / 5 	Acc: 77.656 	Loss: 0.6986[00m
[91m Client6 Train => Local Epoch: 3 / 5 	Acc: 83.875 	Loss: 0.5556[00m
[91m Client6 Train => Local Epoch: 4 / 5 	Acc: 81.688 	Loss: 0.5913[00m
[92m  Client6 Test => 	Acc: 57.977 	Loss: 1.4983[00m
[91m Client7 Train => Local Epoch: 0 / 5 	Acc: 36.172 	Loss: 1.9367[00m
[91m Client7 Train => Local Epoch: 1 / 5 	Acc: 59.219 	Loss: 1.2569[00m
[91m Client7 Train => Local Epoch: 2 / 5 	Acc: 63.047 	Loss: 1.1300[00m
[91m Client7 Train => Local Epoch: 3 / 5 	Acc: 68.516 	Loss: 0.9191[00m
[91m Client7 Train => Local Epoch: 4 / 5 	Acc: 74.141 	Loss: 0.7147[00m
[92m  Client7 Test => 	Acc: 55.834 	Loss: 1.9945[00m
[91m Client8 Train => Local Epoch: 0 / 5 	Acc: 34.896 	Loss: 2.0817[00m
[91m Client8 Train => Local Epoch: 1 / 5 	Acc: 75.000 	Loss: 1.0025[00m
[91m Client8 Train => Local Epoch: 2 / 5 	Acc: 76.953 	Loss: 0.8275[00m
[91m Client8 Train => Local Epoch: 3 / 5 	Acc: 82.552 	Loss: 0.6105[00m
[91m Client8 Train => Local Epoch: 4 / 5 	Acc: 83.333 	Loss: 0.4928[00m
[92m  Client8 Test => 	Acc: 43.915 	Loss: 2.1765[00m
[91m Client9 Train => Local Epoch: 0 / 5 	Acc: 56.010 	Loss: 1.4585[00mC:\Users\pr8pf\AppData\Local\anaconda3\Lib\site-packages\sklearn\cluster\_kmeans.py:1429: UserWarning: KMeans is known to have a memory leak on Windows with MKL, when there are less chunks than available threads. You can avoid it by setting the environment variable OMP_NUM_THREADS=1.
  warnings.warn(
C:\Users\pr8pf\AppData\Local\anaconda3\Lib\site-packages\sklearn\cluster\_kmeans.py:1429: UserWarning: KMeans is known to have a memory leak on Windows with MKL, when there are less chunks than available threads. You can avoid it by setting the environment variable OMP_NUM_THREADS=1.
  warnings.warn(
[codecarbon INFO @ 05:00:19] [setup] RAM Tracking...
[codecarbon INFO @ 05:00:19] [setup] CPU Tracking...
[codecarbon WARNING @ 05:00:19] No CPU tracking mode found. Falling back on CPU constant mode. 
 Windows OS detected: Please install Intel Power Gadget to measure CPU

[codecarbon INFO @ 05:00:21] CPU Model on constant consumption mode: Intel(R) Xeon(R) Gold 6258R CPU @ 2.70GHz
[codecarbon INFO @ 05:00:21] [setup] GPU Tracking...
[codecarbon INFO @ 05:00:21] Tracking Nvidia GPU via pynvml
[codecarbon INFO @ 05:00:21] >>> Tracker's metadata:
[codecarbon INFO @ 05:00:21]   Platform system: Windows-11-10.0.22631-SP0
[codecarbon INFO @ 05:00:21]   Python version: 3.12.7
[codecarbon INFO @ 05:00:21]   CodeCarbon version: 2.8.3
[codecarbon INFO @ 05:00:21]   Available RAM : 126.630 GB
[codecarbon INFO @ 05:00:21]   CPU count: 56
[codecarbon INFO @ 05:00:21]   CPU model: Intel(R) Xeon(R) Gold 6258R CPU @ 2.70GHz
[codecarbon INFO @ 05:00:21]   GPU count: 2
[codecarbon INFO @ 05:00:21]   GPU model: 2 x NVIDIA RTX A5000
[codecarbon INFO @ 05:00:25] Saving emissions data to file C:\Users\pr8pf\Documents\GitHub\SplitFed\emissions.csv
[codecarbon INFO @ 05:00:25] Energy consumed for RAM : 0.000010 kWh. RAM Power : 47.48608875274658 W
[codecarbon INFO @ 05:00:25] Energy consumed for all CPUs : 0.000022 kWh. Total CPU Power : 102.50000000000001 W
[codecarbon INFO @ 05:00:25] Energy consumed for all GPUs : 0.000004 kWh. Total GPU Power : 20.91154308372268 W
[codecarbon INFO @ 05:00:25] 0.000036 kWh of electricity used since the beginning.
[codecarbon INFO @ 05:01:22] [setup] RAM Tracking...
[codecarbon INFO @ 05:01:22] [setup] CPU Tracking...
[codecarbon WARNING @ 05:01:22] No CPU tracking mode found. Falling back on CPU constant mode. 
 Windows OS detected: Please install Intel Power Gadget to measure CPU

[codecarbon INFO @ 05:01:23] CPU Model on constant consumption mode: Intel(R) Xeon(R) Gold 6258R CPU @ 2.70GHz
[codecarbon INFO @ 05:01:23] [setup] GPU Tracking...
[codecarbon INFO @ 05:01:23] Tracking Nvidia GPU via pynvml
[codecarbon INFO @ 05:01:24] >>> Tracker's metadata:
[codecarbon INFO @ 05:01:24]   Platform system: Windows-11-10.0.22631-SP0
[codecarbon INFO @ 05:01:24]   Python version: 3.12.7
[codecarbon INFO @ 05:01:24]   CodeCarbon version: 2.8.3
[codecarbon INFO @ 05:01:24]   Available RAM : 126.630 GB
[codecarbon INFO @ 05:01:24]   CPU count: 56
[codecarbon INFO @ 05:01:24]   CPU model: Intel(R) Xeon(R) Gold 6258R CPU @ 2.70GHz
[codecarbon INFO @ 05:01:24]   GPU count: 2
[codecarbon INFO @ 05:01:24]   GPU model: 2 x NVIDIA RTX A5000
[codecarbon INFO @ 05:01:27] Saving emissions data to file C:\Users\pr8pf\Documents\GitHub\SplitFed\emissions.csv
[codecarbon INFO @ 05:01:27] Energy consumed for RAM : 0.000011 kWh. RAM Power : 47.48608875274658 W
[codecarbon INFO @ 05:01:27] Energy consumed for all CPUs : 0.000023 kWh. Total CPU Power : 102.50000000000001 W
[codecarbon INFO @ 05:01:27] Energy consumed for all GPUs : 0.000004 kWh. Total GPU Power : 17.309405876527 W
[codecarbon INFO @ 05:01:27] 0.000037 kWh of electricity used since the beginning.
C:\Users\pr8pf\AppData\Local\anaconda3\Lib\site-packages\sklearn\cluster\_kmeans.py:1429: UserWarning: KMeans is known to have a memory leak on Windows with MKL, when there are less chunks than available threads. You can avoid it by setting the environment variable OMP_NUM_THREADS=1.
  warnings.warn(
C:\Users\pr8pf\AppData\Local\anaconda3\Lib\site-packages\sklearn\cluster\_kmeans.py:1429: UserWarning: KMeans is known to have a memory leak on Windows with MKL, when there are less chunks than available threads. You can avoid it by setting the environment variable OMP_NUM_THREADS=1.
  warnings.warn(
[codecarbon INFO @ 05:26:44] [setup] RAM Tracking...
[codecarbon INFO @ 05:26:44] [setup] CPU Tracking...
[codecarbon WARNING @ 05:26:44] No CPU tracking mode found. Falling back on CPU constant mode. 
 Windows OS detected: Please install Intel Power Gadget to measure CPU

[codecarbon INFO @ 05:26:46] CPU Model on constant consumption mode: Intel(R) Xeon(R) Gold 6258R CPU @ 2.70GHz
[codecarbon INFO @ 05:26:46] [setup] GPU Tracking...
[codecarbon INFO @ 05:26:46] Tracking Nvidia GPU via pynvml
[codecarbon INFO @ 05:26:46] >>> Tracker's metadata:
[codecarbon INFO @ 05:26:46]   Platform system: Windows-11-10.0.22631-SP0
[codecarbon INFO @ 05:26:46]   Python version: 3.12.7
[codecarbon INFO @ 05:26:46]   CodeCarbon version: 2.8.3
[codecarbon INFO @ 05:26:46]   Available RAM : 126.630 GB
[codecarbon INFO @ 05:26:46]   CPU count: 56
[codecarbon INFO @ 05:26:46]   CPU model: Intel(R) Xeon(R) Gold 6258R CPU @ 2.70GHz
[codecarbon INFO @ 05:26:46]   GPU count: 2
[codecarbon INFO @ 05:26:46]   GPU model: 2 x NVIDIA RTX A5000
[codecarbon INFO @ 05:26:49] Saving emissions data to file C:\Users\pr8pf\Documents\GitHub\SplitFed\emissions.csv
[codecarbon INFO @ 05:26:50] Energy consumed for RAM : 0.000013 kWh. RAM Power : 47.48608875274658 W
[codecarbon INFO @ 05:26:50] Energy consumed for all CPUs : 0.000029 kWh. Total CPU Power : 102.50000000000001 W
[codecarbon INFO @ 05:26:50] Energy consumed for all GPUs : 0.000005 kWh. Total GPU Power : 17.34976962715898 W
[codecarbon INFO @ 05:26:50] 0.000047 kWh of electricity used since the beginning.
[codecarbon INFO @ 05:27:46] [setup] RAM Tracking...
[codecarbon INFO @ 05:27:46] [setup] CPU Tracking...
[codecarbon WARNING @ 05:27:46] No CPU tracking mode found. Falling back on CPU constant mode. 
 Windows OS detected: Please install Intel Power Gadget to measure CPU

[codecarbon INFO @ 05:27:48] CPU Model on constant consumption mode: Intel(R) Xeon(R) Gold 6258R CPU @ 2.70GHz
[codecarbon INFO @ 05:27:48] [setup] GPU Tracking...
[codecarbon INFO @ 05:27:48] Tracking Nvidia GPU via pynvml
[codecarbon INFO @ 05:27:48] >>> Tracker's metadata:
[codecarbon INFO @ 05:27:48]   Platform system: Windows-11-10.0.22631-SP0
[codecarbon INFO @ 05:27:48]   Python version: 3.12.7
[codecarbon INFO @ 05:27:48]   CodeCarbon version: 2.8.3
[codecarbon INFO @ 05:27:48]   Available RAM : 126.630 GB
[codecarbon INFO @ 05:27:48]   CPU count: 56
[codecarbon INFO @ 05:27:48]   CPU model: Intel(R) Xeon(R) Gold 6258R CPU @ 2.70GHz
[codecarbon INFO @ 05:27:48]   GPU count: 2
[codecarbon INFO @ 05:27:48]   GPU model: 2 x NVIDIA RTX A5000
[codecarbon INFO @ 05:27:51] Saving emissions data to file C:\Users\pr8pf\Documents\GitHub\SplitFed\emissions.csv
[codecarbon INFO @ 05:27:52] Energy consumed for RAM : 0.000011 kWh. RAM Power : 47.48608875274658 W
[codecarbon INFO @ 05:27:52] Energy consumed for all CPUs : 0.000024 kWh. Total CPU Power : 102.50000000000001 W
[codecarbon INFO @ 05:27:52] Energy consumed for all GPUs : 0.000004 kWh. Total GPU Power : 18.677217647072837 W
[codecarbon INFO @ 05:27:52] 0.000039 kWh of electricity used since the beginning.

[91m Client9 Train => Local Epoch: 1 / 5 	Acc: 71.154 	Loss: 0.9618[00m
[91m Client9 Train => Local Epoch: 2 / 5 	Acc: 80.108 	Loss: 0.6983[00m
[91m Client9 Train => Local Epoch: 3 / 5 	Acc: 83.654 	Loss: 0.5633[00m
[91m Client9 Train => Local Epoch: 4 / 5 	Acc: 85.697 	Loss: 0.5307[00m
[92m  Client9 Test => 	Acc: 58.060 	Loss: 1.4106[00m
------------------------------------------------
------ Federation process at Server-Side ------- 
------------------------------------------------
-----------------------------------------------------------
------ FedServer: Federation process at Client-Side ------- 
-----------------------------------------------------------
[92m  Client0 Test => 	Acc: 34.441 	Loss: 2.0898[00m
 Train: Round   4, Avg Accuracy 75.109 | Avg Loss 0.751
[91m Client0 Train => Local Epoch: 0 / 5 	Acc: 67.107 	Loss: 1.0353[00m
[91m Client0 Train => Local Epoch: 1 / 5 	Acc: 75.647 	Loss: 0.7692[00m
[91m Client0 Train => Local Epoch: 2 / 5 	Acc: 81.304 	Loss: 0.5581[00m
[91m Client0 Train => Local Epoch: 3 / 5 	Acc: 83.513 	Loss: 0.4933[00m
[91m Client0 Train => Local Epoch: 4 / 5 	Acc: 86.503 	Loss: 0.4002[00m
[92m  Client0 Test => 	Acc: 53.293 	Loss: 3.6919[00m
[91m Client1 Train => Local Epoch: 0 / 5 	Acc: 54.948 	Loss: 1.4088[00m
[91m Client1 Train => Local Epoch: 1 / 5 	Acc: 72.396 	Loss: 0.8611[00m
[91m Client1 Train => Local Epoch: 2 / 5 	Acc: 73.785 	Loss: 0.7534[00m
[91m Client1 Train => Local Epoch: 3 / 5 	Acc: 76.910 	Loss: 0.6996[00m
[91m Client1 Train => Local Epoch: 4 / 5 	Acc: 78.993 	Loss: 0.6491[00m
[92m  Client1 Test => 	Acc: 55.731 	Loss: 2.2458[00m
[91m Client2 Train => Local Epoch: 0 / 5 	Acc: 62.500 	Loss: 1.1992[00m
[91m Client2 Train => Local Epoch: 1 / 5 	Acc: 74.913 	Loss: 0.7622[00m
[91m Client2 Train => Local Epoch: 2 / 5 	Acc: 77.604 	Loss: 0.6396[00m
[91m Client2 Train => Local Epoch: 3 / 5 	Acc: 79.080 	Loss: 0.6184[00m
[91m Client2 Train => Local Epoch: 4 / 5 	Acc: 81.771 	Loss: 0.5422[00m
[92m  Client2 Test => 	Acc: 61.034 	Loss: 1.7125[00m
[91m Client3 Train => Local Epoch: 0 / 5 	Acc: 76.302 	Loss: 0.8566[00m
[91m Client3 Train => Local Epoch: 1 / 5 	Acc: 82.248 	Loss: 0.5860[00m
[91m Client3 Train => Local Epoch: 2 / 5 	Acc: 84.679 	Loss: 0.4683[00m
[91m Client3 Train => Local Epoch: 3 / 5 	Acc: 86.762 	Loss: 0.4356[00m
[91m Client3 Train => Local Epoch: 4 / 5 	Acc: 89.019 	Loss: 0.3505[00m
[92m  Client3 Test => 	Acc: 67.543 	Loss: 1.4035[00m
[91m Client4 Train => Local Epoch: 0 / 5 	Acc: 61.621 	Loss: 1.3111[00m
[91m Client4 Train => Local Epoch: 1 / 5 	Acc: 76.465 	Loss: 0.7615[00m
[91m Client4 Train => Local Epoch: 2 / 5 	Acc: 78.320 	Loss: 0.6379[00m
[91m Client4 Train => Local Epoch: 3 / 5 	Acc: 83.301 	Loss: 0.5149[00m
[91m Client4 Train => Local Epoch: 4 / 5 	Acc: 84.375 	Loss: 0.4892[00m
[92m  Client4 Test => 	Acc: 52.730 	Loss: 2.0461[00m
[91m Client5 Train => Local Epoch: 0 / 5 	Acc: 61.068 	Loss: 1.3131[00m
[91m Client5 Train => Local Epoch: 1 / 5 	Acc: 71.354 	Loss: 0.9087[00m
[91m Client5 Train => Local Epoch: 2 / 5 	Acc: 72.786 	Loss: 0.7529[00m
[91m Client5 Train => Local Epoch: 3 / 5 	Acc: 76.823 	Loss: 0.6411[00m
[91m Client5 Train => Local Epoch: 4 / 5 	Acc: 81.380 	Loss: 0.5257[00m
[92m  Client5 Test => 	Acc: 59.973 	Loss: 2.2541[00m
[91m Client6 Train => Local Epoch: 0 / 5 	Acc: 68.594 	Loss: 1.0051[00m
[91m Client6 Train => Local Epoch: 1 / 5 	Acc: 78.688 	Loss: 0.6458[00m
[91m Client6 Train => Local Epoch: 2 / 5 	Acc: 81.438 	Loss: 0.5705[00m
[91m Client6 Train => Local Epoch: 3 / 5 	Acc: 83.188 	Loss: 0.5102[00m
[91m Client6 Train => Local Epoch: 4 / 5 	Acc: 88.312 	Loss: 0.3922[00m
[92m  Client6 Test => 	Acc: 68.470 	Loss: 1.0831[00m
[91m Client7 Train => Local Epoch: 0 / 5 	Acc: 44.141 	Loss: 1.6780[00m
[91m Client7 Train => Local Epoch: 1 / 5 	Acc: 63.750 	Loss: 1.0890[00m
[91m Client7 Train => Local Epoch: 2 / 5 	Acc: 72.031 	Loss: 0.8380[00m
[91m Client7 Train => Local Epoch: 3 / 5 	Acc: 75.781 	Loss: 0.7198[00m
[91m Client7 Train => Local Epoch: 4 / 5 	Acc: 79.375 	Loss: 0.6525[00m
[92m  Client7 Test => 	Acc: 64.123 	Loss: 1.5278[00m
[91m Client8 Train => Local Epoch: 0 / 5 	Acc: 46.745 	Loss: 1.5923[00m
[91m Client8 Train => Local Epoch: 1 / 5 	Acc: 78.255 	Loss: 0.7985[00m
[91m Client8 Train => Local Epoch: 2 / 5 	Acc: 80.990 	Loss: 0.6163[00m
[91m Client8 Train => Local Epoch: 3 / 5 	Acc: 83.984 	Loss: 0.5561[00m
[91m Client8 Train => Local Epoch: 4 / 5 	Acc: 86.719 	Loss: 0.4500[00m
[92m  Client8 Test => 	Acc: 49.523 	Loss: 1.9074[00m
[91m Client9 Train => Local Epoch: 0 / 5 	Acc: 65.565 	Loss: 1.2044[00m
[91m Client9 Train => Local Epoch: 1 / 5 	Acc: 76.923 	Loss: 0.8107[00m
[91m Client9 Train => Local Epoch: 2 / 5 	Acc: 81.010 	Loss: 0.6408[00m
[91m Client9 Train => Local Epoch: 3 / 5 	Acc: 84.195 	Loss: 0.5387[00m
[91m Client9 Train => Local Epoch: 4 / 5 	Acc: 86.478 	Loss: 0.4385[00m
[92m  Client9 Test => 	Acc: 64.738 	Loss: 1.3080[00m
------------------------------------------------
------ Federation process at Server-Side ------- 
------------------------------------------------
-----------------------------------------------------------
------ FedServer: Federation process at Client-Side ------- 
-----------------------------------------------------------
[92m  Client0 Test => 	Acc: 64.724 	Loss: 1.0408[00m
 Train: Round   5, Avg Accuracy 84.293 | Avg Loss 0.489
[91m Client0 Train => Local Epoch: 0 / 5 	Acc: 80.792 	Loss: 0.5875[00m
[91m Client0 Train => Local Epoch: 1 / 5 	Acc: 85.506 	Loss: 0.4454[00m
[91m Client0 Train => Local Epoch: 2 / 5 	Acc: 84.321 	Loss: 0.4729[00m
[91m Client0 Train => Local Epoch: 3 / 5 	Acc: 88.173 	Loss: 0.3586[00m
[91m Client0 Train => Local Epoch: 4 / 5 	Acc: 89.494 	Loss: 0.3340[00m
[92m  Client0 Test => 	Acc: 59.052 	Loss: 3.7133[00m
[91m Client1 Train => Local Epoch: 0 / 5 	Acc: 69.531 	Loss: 0.8752[00m
[91m Client1 Train => Local Epoch: 1 / 5 	Acc: 80.729 	Loss: 0.5751[00m
[91m Client1 Train => Local Epoch: 2 / 5 	Acc: 84.722 	Loss: 0.4515[00m
[91m Client1 Train => Local Epoch: 3 / 5 	Acc: 87.934 	Loss: 0.3559[00m
[91m Client1 Train => Local Epoch: 4 / 5 	Acc: 87.153 	Loss: 0.4133[00m
[92m  Client1 Test => 	Acc: 65.154 	Loss: 1.8925[00m
[91m Client2 Train => Local Epoch: 0 / 5 	Acc: 76.476 	Loss: 0.7068[00m
[91m Client2 Train => Local Epoch: 1 / 5 	Acc: 81.858 	Loss: 0.5180[00m
[91m Client2 Train => Local Epoch: 2 / 5 	Acc: 84.983 	Loss: 0.4661[00m
[91m Client2 Train => Local Epoch: 3 / 5 	Acc: 87.934 	Loss: 0.3529[00m
[91m Client2 Train => Local Epoch: 4 / 5 	Acc: 88.194 	Loss: 0.3262[00m
[92m  Client2 Test => 	Acc: 65.967 	Loss: 1.4620[00m
[91m Client3 Train => Local Epoch: 0 / 5 	Acc: 79.514 	Loss: 0.6902[00m
[91m Client3 Train => Local Epoch: 1 / 5 	Acc: 84.939 	Loss: 0.4833[00m
[91m Client3 Train => Local Epoch: 2 / 5 	Acc: 87.587 	Loss: 0.3776[00m
[91m Client3 Train => Local Epoch: 3 / 5 	Acc: 91.059 	Loss: 0.2902[00m
[91m Client3 Train => Local Epoch: 4 / 5 	Acc: 91.146 	Loss: 0.2673[00m
[92m  Client3 Test => 	Acc: 72.704 	Loss: 1.2044[00m
[91m Client4 Train => Local Epoch: 0 / 5 	Acc: 75.586 	Loss: 0.7491[00m
[91m Client4 Train => Local Epoch: 1 / 5 	Acc: 79.395 	Loss: 0.5936[00m
[91m Client4 Train => Local Epoch: 2 / 5 	Acc: 85.254 	Loss: 0.4506[00m
[91m Client4 Train => Local Epoch: 3 / 5 	Acc: 86.816 	Loss: 0.4072[00m
[91m Client4 Train => Local Epoch: 4 / 5 	Acc: 84.375 	Loss: 0.4512[00m
[92m  Client4 Test => 	Acc: 63.748 	Loss: 1.4222[00m
[91m Client5 Train => Local Epoch: 0 / 5 	Acc: 80.208 	Loss: 0.6896[00m
[91m Client5 Train => Local Epoch: 1 / 5 	Acc: 82.161 	Loss: 0.5173[00m
[91m Client5 Train => Local Epoch: 2 / 5 	Acc: 86.198 	Loss: 0.4005[00m
[91m Client5 Train => Local Epoch: 3 / 5 	Acc: 86.458 	Loss: 0.4107[00m
[91m Client5 Train => Local Epoch: 4 / 5 	Acc: 87.500 	Loss: 0.3781[00m
[92m  Client5 Test => 	Acc: 65.397 	Loss: 1.6621[00m
[91m Client6 Train => Local Epoch: 0 / 5 	Acc: 77.625 	Loss: 0.6389[00mC:\Users\pr8pf\AppData\Local\anaconda3\Lib\site-packages\sklearn\cluster\_kmeans.py:1429: UserWarning: KMeans is known to have a memory leak on Windows with MKL, when there are less chunks than available threads. You can avoid it by setting the environment variable OMP_NUM_THREADS=1.
  warnings.warn(
C:\Users\pr8pf\AppData\Local\anaconda3\Lib\site-packages\sklearn\cluster\_kmeans.py:1429: UserWarning: KMeans is known to have a memory leak on Windows with MKL, when there are less chunks than available threads. You can avoid it by setting the environment variable OMP_NUM_THREADS=1.
  warnings.warn(
[codecarbon INFO @ 05:53:13] [setup] RAM Tracking...
[codecarbon INFO @ 05:53:13] [setup] CPU Tracking...
[codecarbon WARNING @ 05:53:13] No CPU tracking mode found. Falling back on CPU constant mode. 
 Windows OS detected: Please install Intel Power Gadget to measure CPU

[codecarbon INFO @ 05:53:15] CPU Model on constant consumption mode: Intel(R) Xeon(R) Gold 6258R CPU @ 2.70GHz
[codecarbon INFO @ 05:53:15] [setup] GPU Tracking...
[codecarbon INFO @ 05:53:15] Tracking Nvidia GPU via pynvml
[codecarbon INFO @ 05:53:15] >>> Tracker's metadata:
[codecarbon INFO @ 05:53:15]   Platform system: Windows-11-10.0.22631-SP0
[codecarbon INFO @ 05:53:15]   Python version: 3.12.7
[codecarbon INFO @ 05:53:15]   CodeCarbon version: 2.8.3
[codecarbon INFO @ 05:53:15]   Available RAM : 126.630 GB
[codecarbon INFO @ 05:53:15]   CPU count: 56
[codecarbon INFO @ 05:53:15]   CPU model: Intel(R) Xeon(R) Gold 6258R CPU @ 2.70GHz
[codecarbon INFO @ 05:53:15]   GPU count: 2
[codecarbon INFO @ 05:53:15]   GPU model: 2 x NVIDIA RTX A5000
[codecarbon INFO @ 05:53:18] Saving emissions data to file C:\Users\pr8pf\Documents\GitHub\SplitFed\emissions.csv
[codecarbon INFO @ 05:53:19] Energy consumed for RAM : 0.000011 kWh. RAM Power : 47.48608875274658 W
[codecarbon INFO @ 05:53:19] Energy consumed for all CPUs : 0.000023 kWh. Total CPU Power : 102.50000000000001 W
[codecarbon INFO @ 05:53:19] Energy consumed for all GPUs : 0.000004 kWh. Total GPU Power : 16.981770984195137 W
[codecarbon INFO @ 05:53:19] 0.000038 kWh of electricity used since the beginning.
[codecarbon INFO @ 05:54:15] [setup] RAM Tracking...
[codecarbon INFO @ 05:54:15] [setup] CPU Tracking...
[codecarbon WARNING @ 05:54:15] No CPU tracking mode found. Falling back on CPU constant mode. 
 Windows OS detected: Please install Intel Power Gadget to measure CPU

[codecarbon INFO @ 05:54:17] CPU Model on constant consumption mode: Intel(R) Xeon(R) Gold 6258R CPU @ 2.70GHz
[codecarbon INFO @ 05:54:17] [setup] GPU Tracking...
[codecarbon INFO @ 05:54:17] Tracking Nvidia GPU via pynvml
[codecarbon INFO @ 05:54:17] >>> Tracker's metadata:
[codecarbon INFO @ 05:54:17]   Platform system: Windows-11-10.0.22631-SP0
[codecarbon INFO @ 05:54:17]   Python version: 3.12.7
[codecarbon INFO @ 05:54:17]   CodeCarbon version: 2.8.3
[codecarbon INFO @ 05:54:17]   Available RAM : 126.630 GB
[codecarbon INFO @ 05:54:17]   CPU count: 56
[codecarbon INFO @ 05:54:17]   CPU model: Intel(R) Xeon(R) Gold 6258R CPU @ 2.70GHz
[codecarbon INFO @ 05:54:17]   GPU count: 2
[codecarbon INFO @ 05:54:17]   GPU model: 2 x NVIDIA RTX A5000
[codecarbon INFO @ 05:54:20] Saving emissions data to file C:\Users\pr8pf\Documents\GitHub\SplitFed\emissions.csv
[codecarbon INFO @ 05:54:21] Energy consumed for RAM : 0.000011 kWh. RAM Power : 47.48608875274658 W
[codecarbon INFO @ 05:54:21] Energy consumed for all CPUs : 0.000024 kWh. Total CPU Power : 102.50000000000001 W
[codecarbon INFO @ 05:54:21] Energy consumed for all GPUs : 0.000004 kWh. Total GPU Power : 18.99549886406643 W
[codecarbon INFO @ 05:54:21] 0.000040 kWh of electricity used since the beginning.
C:\Users\pr8pf\AppData\Local\anaconda3\Lib\site-packages\sklearn\cluster\_kmeans.py:1429: UserWarning: KMeans is known to have a memory leak on Windows with MKL, when there are less chunks than available threads. You can avoid it by setting the environment variable OMP_NUM_THREADS=1.
  warnings.warn(
C:\Users\pr8pf\AppData\Local\anaconda3\Lib\site-packages\sklearn\cluster\_kmeans.py:1429: UserWarning: KMeans is known to have a memory leak on Windows with MKL, when there are less chunks than available threads. You can avoid it by setting the environment variable OMP_NUM_THREADS=1.
  warnings.warn(
[codecarbon INFO @ 06:19:39] [setup] RAM Tracking...
[codecarbon INFO @ 06:19:39] [setup] CPU Tracking...
[codecarbon WARNING @ 06:19:39] No CPU tracking mode found. Falling back on CPU constant mode. 
 Windows OS detected: Please install Intel Power Gadget to measure CPU

[codecarbon INFO @ 06:19:41] CPU Model on constant consumption mode: Intel(R) Xeon(R) Gold 6258R CPU @ 2.70GHz
[codecarbon INFO @ 06:19:41] [setup] GPU Tracking...
[codecarbon INFO @ 06:19:41] Tracking Nvidia GPU via pynvml
[codecarbon INFO @ 06:19:41] >>> Tracker's metadata:
[codecarbon INFO @ 06:19:41]   Platform system: Windows-11-10.0.22631-SP0
[codecarbon INFO @ 06:19:41]   Python version: 3.12.7
[codecarbon INFO @ 06:19:41]   CodeCarbon version: 2.8.3
[codecarbon INFO @ 06:19:41]   Available RAM : 126.630 GB
[codecarbon INFO @ 06:19:41]   CPU count: 56
[codecarbon INFO @ 06:19:41]   CPU model: Intel(R) Xeon(R) Gold 6258R CPU @ 2.70GHz
[codecarbon INFO @ 06:19:41]   GPU count: 2
[codecarbon INFO @ 06:19:41]   GPU model: 2 x NVIDIA RTX A5000
[codecarbon INFO @ 06:19:44] Saving emissions data to file C:\Users\pr8pf\Documents\GitHub\SplitFed\emissions.csv
[codecarbon INFO @ 06:19:45] Energy consumed for RAM : 0.000010 kWh. RAM Power : 47.48608875274658 W
[codecarbon INFO @ 06:19:45] Energy consumed for all CPUs : 0.000022 kWh. Total CPU Power : 102.50000000000001 W
[codecarbon INFO @ 06:19:45] Energy consumed for all GPUs : 0.000003 kWh. Total GPU Power : 15.801327433618523 W
[codecarbon INFO @ 06:19:45] 0.000035 kWh of electricity used since the beginning.
[codecarbon INFO @ 06:20:41] [setup] RAM Tracking...
[codecarbon INFO @ 06:20:41] [setup] CPU Tracking...
[codecarbon WARNING @ 06:20:41] No CPU tracking mode found. Falling back on CPU constant mode. 
 Windows OS detected: Please install Intel Power Gadget to measure CPU

[codecarbon INFO @ 06:20:43] CPU Model on constant consumption mode: Intel(R) Xeon(R) Gold 6258R CPU @ 2.70GHz
[codecarbon INFO @ 06:20:43] [setup] GPU Tracking...
[codecarbon INFO @ 06:20:43] Tracking Nvidia GPU via pynvml
[codecarbon INFO @ 06:20:43] >>> Tracker's metadata:
[codecarbon INFO @ 06:20:43]   Platform system: Windows-11-10.0.22631-SP0
[codecarbon INFO @ 06:20:43]   Python version: 3.12.7
[codecarbon INFO @ 06:20:43]   CodeCarbon version: 2.8.3
[codecarbon INFO @ 06:20:43]   Available RAM : 126.630 GB
[codecarbon INFO @ 06:20:43]   CPU count: 56
[codecarbon INFO @ 06:20:43]   CPU model: Intel(R) Xeon(R) Gold 6258R CPU @ 2.70GHz
[codecarbon INFO @ 06:20:43]   GPU count: 2
[codecarbon INFO @ 06:20:43]   GPU model: 2 x NVIDIA RTX A5000
[codecarbon INFO @ 06:20:46] Saving emissions data to file C:\Users\pr8pf\Documents\GitHub\SplitFed\emissions.csv
[codecarbon INFO @ 06:20:47] Energy consumed for RAM : 0.000009 kWh. RAM Power : 47.48608875274658 W
[codecarbon INFO @ 06:20:47] Energy consumed for all CPUs : 0.000019 kWh. Total CPU Power : 102.50000000000001 W
[codecarbon INFO @ 06:20:47] Energy consumed for all GPUs : 0.000003 kWh. Total GPU Power : 16.916920981798885 W
[codecarbon INFO @ 06:20:47] 0.000030 kWh of electricity used since the beginning.

[91m Client6 Train => Local Epoch: 1 / 5 	Acc: 84.000 	Loss: 0.4795[00m
[91m Client6 Train => Local Epoch: 2 / 5 	Acc: 87.875 	Loss: 0.4017[00m
[91m Client6 Train => Local Epoch: 3 / 5 	Acc: 89.812 	Loss: 0.3452[00m
[91m Client6 Train => Local Epoch: 4 / 5 	Acc: 90.438 	Loss: 0.3160[00m
[92m  Client6 Test => 	Acc: 71.678 	Loss: 0.9073[00m
[91m Client7 Train => Local Epoch: 0 / 5 	Acc: 66.172 	Loss: 1.0148[00m
[91m Client7 Train => Local Epoch: 1 / 5 	Acc: 79.531 	Loss: 0.6712[00m
[91m Client7 Train => Local Epoch: 2 / 5 	Acc: 80.000 	Loss: 0.6297[00m
[91m Client7 Train => Local Epoch: 3 / 5 	Acc: 83.281 	Loss: 0.5224[00m
[91m Client7 Train => Local Epoch: 4 / 5 	Acc: 79.531 	Loss: 0.6396[00m
[92m  Client7 Test => 	Acc: 63.773 	Loss: 1.2763[00m
[91m Client8 Train => Local Epoch: 0 / 5 	Acc: 74.089 	Loss: 0.8003[00m
[91m Client8 Train => Local Epoch: 1 / 5 	Acc: 85.547 	Loss: 0.5024[00m
[91m Client8 Train => Local Epoch: 2 / 5 	Acc: 88.932 	Loss: 0.3787[00m
[91m Client8 Train => Local Epoch: 3 / 5 	Acc: 89.323 	Loss: 0.3305[00m
[91m Client8 Train => Local Epoch: 4 / 5 	Acc: 89.062 	Loss: 0.3287[00m
[92m  Client8 Test => 	Acc: 52.397 	Loss: 1.8376[00m
[91m Client9 Train => Local Epoch: 0 / 5 	Acc: 81.430 	Loss: 0.6151[00m
[91m Client9 Train => Local Epoch: 1 / 5 	Acc: 89.603 	Loss: 0.3525[00m
[91m Client9 Train => Local Epoch: 2 / 5 	Acc: 85.096 	Loss: 0.4903[00m
[91m Client9 Train => Local Epoch: 3 / 5 	Acc: 88.522 	Loss: 0.3843[00m
[91m Client9 Train => Local Epoch: 4 / 5 	Acc: 89.964 	Loss: 0.3143[00m
[92m  Client9 Test => 	Acc: 69.333 	Loss: 1.1314[00m
------------------------------------------------
------ Federation process at Server-Side ------- 
------------------------------------------------
-----------------------------------------------------------
------ FedServer: Federation process at Client-Side ------- 
-----------------------------------------------------------
[92m  Client0 Test => 	Acc: 74.497 	Loss: 0.7494[00m
 Train: Round   6, Avg Accuracy 87.686 | Avg Loss 0.377
[91m Client0 Train => Local Epoch: 0 / 5 	Acc: 86.153 	Loss: 0.4103[00m
[91m Client0 Train => Local Epoch: 1 / 5 	Acc: 88.928 	Loss: 0.3370[00m
[91m Client0 Train => Local Epoch: 2 / 5 	Acc: 90.329 	Loss: 0.3053[00m
[91m Client0 Train => Local Epoch: 3 / 5 	Acc: 93.130 	Loss: 0.2194[00m
[91m Client0 Train => Local Epoch: 4 / 5 	Acc: 91.487 	Loss: 0.2653[00m
[92m  Client0 Test => 	Acc: 62.416 	Loss: 3.6993[00m
[91m Client1 Train => Local Epoch: 0 / 5 	Acc: 78.993 	Loss: 0.6151[00m
[91m Client1 Train => Local Epoch: 1 / 5 	Acc: 82.986 	Loss: 0.4680[00m
[91m Client1 Train => Local Epoch: 2 / 5 	Acc: 86.719 	Loss: 0.3774[00m
[91m Client1 Train => Local Epoch: 3 / 5 	Acc: 87.587 	Loss: 0.3492[00m
[91m Client1 Train => Local Epoch: 4 / 5 	Acc: 89.236 	Loss: 0.3171[00m
[92m  Client1 Test => 	Acc: 69.693 	Loss: 1.5333[00m
[91m Client2 Train => Local Epoch: 0 / 5 	Acc: 84.028 	Loss: 0.5017[00m
[91m Client2 Train => Local Epoch: 1 / 5 	Acc: 86.632 	Loss: 0.4189[00m
[91m Client2 Train => Local Epoch: 2 / 5 	Acc: 88.368 	Loss: 0.3497[00m
[91m Client2 Train => Local Epoch: 3 / 5 	Acc: 88.715 	Loss: 0.3062[00m
[91m Client2 Train => Local Epoch: 4 / 5 	Acc: 90.104 	Loss: 0.2802[00m
[92m  Client2 Test => 	Acc: 71.730 	Loss: 1.2116[00m
[91m Client3 Train => Local Epoch: 0 / 5 	Acc: 84.549 	Loss: 0.4986[00m
[91m Client3 Train => Local Epoch: 1 / 5 	Acc: 88.325 	Loss: 0.3754[00m
[91m Client3 Train => Local Epoch: 2 / 5 	Acc: 90.321 	Loss: 0.3068[00m
[91m Client3 Train => Local Epoch: 3 / 5 	Acc: 90.799 	Loss: 0.2823[00m
[91m Client3 Train => Local Epoch: 4 / 5 	Acc: 93.142 	Loss: 0.2275[00m
[92m  Client3 Test => 	Acc: 74.931 	Loss: 1.0843[00m
[91m Client4 Train => Local Epoch: 0 / 5 	Acc: 85.254 	Loss: 0.4684[00m
[91m Client4 Train => Local Epoch: 1 / 5 	Acc: 90.527 	Loss: 0.3080[00m
[91m Client4 Train => Local Epoch: 2 / 5 	Acc: 90.918 	Loss: 0.2717[00m
[91m Client4 Train => Local Epoch: 3 / 5 	Acc: 91.797 	Loss: 0.2804[00m
[91m Client4 Train => Local Epoch: 4 / 5 	Acc: 89.453 	Loss: 0.3100[00m
[92m  Client4 Test => 	Acc: 61.854 	Loss: 1.5588[00m
[91m Client5 Train => Local Epoch: 0 / 5 	Acc: 85.417 	Loss: 0.5074[00m
[91m Client5 Train => Local Epoch: 1 / 5 	Acc: 86.849 	Loss: 0.3880[00m
[91m Client5 Train => Local Epoch: 2 / 5 	Acc: 89.844 	Loss: 0.3048[00m
[91m Client5 Train => Local Epoch: 3 / 5 	Acc: 88.802 	Loss: 0.3047[00m
[91m Client5 Train => Local Epoch: 4 / 5 	Acc: 90.885 	Loss: 0.2903[00m
[92m  Client5 Test => 	Acc: 66.213 	Loss: 2.1051[00m
[91m Client6 Train => Local Epoch: 0 / 5 	Acc: 82.906 	Loss: 0.4884[00m
[91m Client6 Train => Local Epoch: 1 / 5 	Acc: 91.000 	Loss: 0.3007[00m
[91m Client6 Train => Local Epoch: 2 / 5 	Acc: 91.531 	Loss: 0.2849[00m
[91m Client6 Train => Local Epoch: 3 / 5 	Acc: 88.781 	Loss: 0.3766[00m
[91m Client6 Train => Local Epoch: 4 / 5 	Acc: 92.656 	Loss: 0.2451[00m
[92m  Client6 Test => 	Acc: 76.149 	Loss: 0.7725[00m
[91m Client7 Train => Local Epoch: 0 / 5 	Acc: 75.312 	Loss: 0.7430[00m
[91m Client7 Train => Local Epoch: 1 / 5 	Acc: 85.156 	Loss: 0.5184[00m
[91m Client7 Train => Local Epoch: 2 / 5 	Acc: 86.016 	Loss: 0.4345[00m
[91m Client7 Train => Local Epoch: 3 / 5 	Acc: 86.250 	Loss: 0.4185[00m
[91m Client7 Train => Local Epoch: 4 / 5 	Acc: 87.188 	Loss: 0.3765[00m
[92m  Client7 Test => 	Acc: 71.575 	Loss: 1.3276[00m
[91m Client8 Train => Local Epoch: 0 / 5 	Acc: 83.464 	Loss: 0.5241[00m
[91m Client8 Train => Local Epoch: 1 / 5 	Acc: 90.104 	Loss: 0.3194[00m
[91m Client8 Train => Local Epoch: 2 / 5 	Acc: 90.234 	Loss: 0.2912[00m
[91m Client8 Train => Local Epoch: 3 / 5 	Acc: 91.276 	Loss: 0.2678[00m
[91m Client8 Train => Local Epoch: 4 / 5 	Acc: 91.276 	Loss: 0.2615[00m
[92m  Client8 Test => 	Acc: 64.171 	Loss: 1.4203[00m
[91m Client9 Train => Local Epoch: 0 / 5 	Acc: 85.096 	Loss: 0.4518[00m
[91m Client9 Train => Local Epoch: 1 / 5 	Acc: 90.565 	Loss: 0.3173[00m
[91m Client9 Train => Local Epoch: 2 / 5 	Acc: 91.587 	Loss: 0.2706[00m
[91m Client9 Train => Local Epoch: 3 / 5 	Acc: 90.024 	Loss: 0.3125[00m
[91m Client9 Train => Local Epoch: 4 / 5 	Acc: 90.325 	Loss: 0.3183[00m
[92m  Client9 Test => 	Acc: 66.037 	Loss: 1.3152[00m
------------------------------------------------
------ Federation process at Server-Side ------- 
------------------------------------------------
-----------------------------------------------------------
------ FedServer: Federation process at Client-Side ------- 
-----------------------------------------------------------
[92m  Client0 Test => 	Acc: 80.434 	Loss: 0.5547[00m
 Train: Round   7, Avg Accuracy 90.575 | Avg Loss 0.289
[91m Client0 Train => Local Epoch: 0 / 5 	Acc: 88.605 	Loss: 0.3661[00m
[91m Client0 Train => Local Epoch: 1 / 5 	Acc: 92.619 	Loss: 0.2361[00m
[91m Client0 Train => Local Epoch: 2 / 5 	Acc: 93.238 	Loss: 0.2145[00m
[91m Client0 Train => Local Epoch: 3 / 5 	Acc: 93.992 	Loss: 0.2034[00m
[91m Client0 Train => Local Epoch: 4 / 5 	Acc: 93.050 	Loss: 0.2214[00m
[92m  Client0 Test => 	Acc: 63.087 	Loss: 4.0462[00m
[91m Client1 Train => Local Epoch: 0 / 5 	Acc: 86.285 	Loss: 0.3931[00m
[91m Client1 Train => Local Epoch: 1 / 5 	Acc: 90.365 	Loss: 0.2589[00m
[91m Client1 Train => Local Epoch: 2 / 5 	Acc: 91.927 	Loss: 0.2361[00m
[91m Client1 Train => Local Epoch: 3 / 5 	Acc: 91.840 	Loss: 0.2429[00m
[91m Client1 Train => Local Epoch: 4 / 5 	Acc: 92.188 	Loss: 0.2415[00m
[92m  Client1 Test => 	Acc: 74.886 	Loss: 1.2440[00m
[91m Client2 Train => Local Epoch: 0 / 5 	Acc: 89.062 	Loss: 0.3511[00m
[91m Client2 Train => Local Epoch: 1 / 5 	Acc: 90.712 	Loss: 0.2697[00m
[91m Client2 Train => Local Epoch: 2 / 5 	Acc: 93.403 	Loss: 0.1971[00m
[91m Client2 Train => Local Epoch: 3 / 5 	Acc: 92.708 	Loss: 0.2152[00m
[91m Client2 Train => Local Epoch: 4 / 5 	Acc: 93.056 	Loss: 0.1959[00m
[92m  Client2 Test => 	Acc: 78.911 	Loss: 1.0092[00m
[91m Client3 Train => Local Epoch: 0 / 5 	Acc: 88.976 	Loss: 0.3569[00mC:\Users\pr8pf\AppData\Local\anaconda3\Lib\site-packages\sklearn\cluster\_kmeans.py:1429: UserWarning: KMeans is known to have a memory leak on Windows with MKL, when there are less chunks than available threads. You can avoid it by setting the environment variable OMP_NUM_THREADS=1.
  warnings.warn(
C:\Users\pr8pf\AppData\Local\anaconda3\Lib\site-packages\sklearn\cluster\_kmeans.py:1429: UserWarning: KMeans is known to have a memory leak on Windows with MKL, when there are less chunks than available threads. You can avoid it by setting the environment variable OMP_NUM_THREADS=1.
  warnings.warn(
[codecarbon INFO @ 06:46:11] [setup] RAM Tracking...
[codecarbon INFO @ 06:46:11] [setup] CPU Tracking...
[codecarbon WARNING @ 06:46:11] No CPU tracking mode found. Falling back on CPU constant mode. 
 Windows OS detected: Please install Intel Power Gadget to measure CPU

[codecarbon INFO @ 06:46:12] CPU Model on constant consumption mode: Intel(R) Xeon(R) Gold 6258R CPU @ 2.70GHz
[codecarbon INFO @ 06:46:12] [setup] GPU Tracking...
[codecarbon INFO @ 06:46:12] Tracking Nvidia GPU via pynvml
[codecarbon INFO @ 06:46:12] >>> Tracker's metadata:
[codecarbon INFO @ 06:46:12]   Platform system: Windows-11-10.0.22631-SP0
[codecarbon INFO @ 06:46:12]   Python version: 3.12.7
[codecarbon INFO @ 06:46:12]   CodeCarbon version: 2.8.3
[codecarbon INFO @ 06:46:12]   Available RAM : 126.630 GB
[codecarbon INFO @ 06:46:12]   CPU count: 56
[codecarbon INFO @ 06:46:12]   CPU model: Intel(R) Xeon(R) Gold 6258R CPU @ 2.70GHz
[codecarbon INFO @ 06:46:12]   GPU count: 2
[codecarbon INFO @ 06:46:12]   GPU model: 2 x NVIDIA RTX A5000
[codecarbon INFO @ 06:46:16] Saving emissions data to file C:\Users\pr8pf\Documents\GitHub\SplitFed\emissions.csv
[codecarbon INFO @ 06:46:17] Energy consumed for RAM : 0.000012 kWh. RAM Power : 47.48608875274658 W
[codecarbon INFO @ 06:46:17] Energy consumed for all CPUs : 0.000027 kWh. Total CPU Power : 102.50000000000001 W
[codecarbon INFO @ 06:46:17] Energy consumed for all GPUs : 0.000005 kWh. Total GPU Power : 19.740051479712953 W
[codecarbon INFO @ 06:46:17] 0.000044 kWh of electricity used since the beginning.
[codecarbon INFO @ 06:47:13] [setup] RAM Tracking...
[codecarbon INFO @ 06:47:13] [setup] CPU Tracking...
[codecarbon WARNING @ 06:47:13] No CPU tracking mode found. Falling back on CPU constant mode. 
 Windows OS detected: Please install Intel Power Gadget to measure CPU

[codecarbon INFO @ 06:47:15] CPU Model on constant consumption mode: Intel(R) Xeon(R) Gold 6258R CPU @ 2.70GHz
[codecarbon INFO @ 06:47:15] [setup] GPU Tracking...
[codecarbon INFO @ 06:47:15] Tracking Nvidia GPU via pynvml
[codecarbon INFO @ 06:47:15] >>> Tracker's metadata:
[codecarbon INFO @ 06:47:15]   Platform system: Windows-11-10.0.22631-SP0
[codecarbon INFO @ 06:47:15]   Python version: 3.12.7
[codecarbon INFO @ 06:47:15]   CodeCarbon version: 2.8.3
[codecarbon INFO @ 06:47:15]   Available RAM : 126.630 GB
[codecarbon INFO @ 06:47:15]   CPU count: 56
[codecarbon INFO @ 06:47:15]   CPU model: Intel(R) Xeon(R) Gold 6258R CPU @ 2.70GHz
[codecarbon INFO @ 06:47:15]   GPU count: 2
[codecarbon INFO @ 06:47:15]   GPU model: 2 x NVIDIA RTX A5000
[codecarbon INFO @ 06:47:18] Saving emissions data to file C:\Users\pr8pf\Documents\GitHub\SplitFed\emissions.csv
[codecarbon INFO @ 06:47:18] Energy consumed for RAM : 0.000009 kWh. RAM Power : 47.48608875274658 W
[codecarbon INFO @ 06:47:18] Energy consumed for all CPUs : 0.000019 kWh. Total CPU Power : 102.50000000000001 W
[codecarbon INFO @ 06:47:19] Energy consumed for all GPUs : 0.000003 kWh. Total GPU Power : 17.36426753749577 W
[codecarbon INFO @ 06:47:19] 0.000030 kWh of electricity used since the beginning.
C:\Users\pr8pf\AppData\Local\anaconda3\Lib\site-packages\sklearn\cluster\_kmeans.py:1429: UserWarning: KMeans is known to have a memory leak on Windows with MKL, when there are less chunks than available threads. You can avoid it by setting the environment variable OMP_NUM_THREADS=1.
  warnings.warn(
C:\Users\pr8pf\AppData\Local\anaconda3\Lib\site-packages\sklearn\cluster\_kmeans.py:1429: UserWarning: KMeans is known to have a memory leak on Windows with MKL, when there are less chunks than available threads. You can avoid it by setting the environment variable OMP_NUM_THREADS=1.
  warnings.warn(
[codecarbon INFO @ 07:12:43] [setup] RAM Tracking...
[codecarbon INFO @ 07:12:43] [setup] CPU Tracking...
[codecarbon WARNING @ 07:12:43] No CPU tracking mode found. Falling back on CPU constant mode. 
 Windows OS detected: Please install Intel Power Gadget to measure CPU

[codecarbon INFO @ 07:12:44] CPU Model on constant consumption mode: Intel(R) Xeon(R) Gold 6258R CPU @ 2.70GHz
[codecarbon INFO @ 07:12:44] [setup] GPU Tracking...
[codecarbon INFO @ 07:12:44] Tracking Nvidia GPU via pynvml
[codecarbon INFO @ 07:12:44] >>> Tracker's metadata:
[codecarbon INFO @ 07:12:44]   Platform system: Windows-11-10.0.22631-SP0
[codecarbon INFO @ 07:12:44]   Python version: 3.12.7
[codecarbon INFO @ 07:12:44]   CodeCarbon version: 2.8.3
[codecarbon INFO @ 07:12:44]   Available RAM : 126.630 GB
[codecarbon INFO @ 07:12:44]   CPU count: 56
[codecarbon INFO @ 07:12:44]   CPU model: Intel(R) Xeon(R) Gold 6258R CPU @ 2.70GHz
[codecarbon INFO @ 07:12:44]   GPU count: 2
[codecarbon INFO @ 07:12:44]   GPU model: 2 x NVIDIA RTX A5000
[codecarbon INFO @ 07:12:48] Saving emissions data to file C:\Users\pr8pf\Documents\GitHub\SplitFed\emissions.csv
[codecarbon INFO @ 07:12:48] Energy consumed for RAM : 0.000008 kWh. RAM Power : 47.48608875274658 W
[codecarbon INFO @ 07:12:48] Energy consumed for all CPUs : 0.000017 kWh. Total CPU Power : 102.50000000000001 W
[codecarbon INFO @ 07:12:48] Energy consumed for all GPUs : 0.000003 kWh. Total GPU Power : 16.722188260323552 W
[codecarbon INFO @ 07:12:48] 0.000028 kWh of electricity used since the beginning.

[91m Client3 Train => Local Epoch: 1 / 5 	Acc: 92.188 	Loss: 0.2499[00m
[91m Client3 Train => Local Epoch: 2 / 5 	Acc: 92.274 	Loss: 0.2429[00m
[91m Client3 Train => Local Epoch: 3 / 5 	Acc: 94.314 	Loss: 0.1803[00m
[91m Client3 Train => Local Epoch: 4 / 5 	Acc: 94.835 	Loss: 0.1740[00m
[92m  Client3 Test => 	Acc: 79.861 	Loss: 0.7515[00m
[91m Client4 Train => Local Epoch: 0 / 5 	Acc: 90.625 	Loss: 0.2913[00m
[91m Client4 Train => Local Epoch: 1 / 5 	Acc: 93.945 	Loss: 0.1986[00m
[91m Client4 Train => Local Epoch: 2 / 5 	Acc: 92.285 	Loss: 0.1987[00m
[91m Client4 Train => Local Epoch: 3 / 5 	Acc: 92.676 	Loss: 0.2119[00m
[91m Client4 Train => Local Epoch: 4 / 5 	Acc: 93.164 	Loss: 0.2046[00m
[92m  Client4 Test => 	Acc: 73.649 	Loss: 0.9714[00m
[91m Client5 Train => Local Epoch: 0 / 5 	Acc: 86.849 	Loss: 0.4092[00m
[91m Client5 Train => Local Epoch: 1 / 5 	Acc: 86.198 	Loss: 0.4084[00m
[91m Client5 Train => Local Epoch: 2 / 5 	Acc: 88.672 	Loss: 0.3422[00m
[91m Client5 Train => Local Epoch: 3 / 5 	Acc: 89.193 	Loss: 0.2920[00m
[91m Client5 Train => Local Epoch: 4 / 5 	Acc: 92.839 	Loss: 0.2201[00m
[92m  Client5 Test => 	Acc: 73.560 	Loss: 1.3397[00m
[91m Client6 Train => Local Epoch: 0 / 5 	Acc: 87.969 	Loss: 0.3688[00m
[91m Client6 Train => Local Epoch: 1 / 5 	Acc: 91.750 	Loss: 0.2752[00m
[91m Client6 Train => Local Epoch: 2 / 5 	Acc: 90.750 	Loss: 0.2802[00m
[91m Client6 Train => Local Epoch: 3 / 5 	Acc: 91.844 	Loss: 0.2614[00m
[91m Client6 Train => Local Epoch: 4 / 5 	Acc: 93.531 	Loss: 0.2177[00m
[92m  Client6 Test => 	Acc: 79.627 	Loss: 0.6754[00m
[91m Client7 Train => Local Epoch: 0 / 5 	Acc: 81.250 	Loss: 0.5316[00m
[91m Client7 Train => Local Epoch: 1 / 5 	Acc: 86.328 	Loss: 0.4081[00m
[91m Client7 Train => Local Epoch: 2 / 5 	Acc: 88.516 	Loss: 0.3317[00m
[91m Client7 Train => Local Epoch: 3 / 5 	Acc: 87.422 	Loss: 0.4102[00m
[91m Client7 Train => Local Epoch: 4 / 5 	Acc: 87.500 	Loss: 0.4095[00m
[92m  Client7 Test => 	Acc: 74.033 	Loss: 0.9507[00m
[91m Client8 Train => Local Epoch: 0 / 5 	Acc: 86.589 	Loss: 0.4487[00m
[91m Client8 Train => Local Epoch: 1 / 5 	Acc: 91.406 	Loss: 0.2587[00m
[91m Client8 Train => Local Epoch: 2 / 5 	Acc: 92.578 	Loss: 0.2087[00m
[91m Client8 Train => Local Epoch: 3 / 5 	Acc: 93.750 	Loss: 0.1873[00m
[91m Client8 Train => Local Epoch: 4 / 5 	Acc: 96.224 	Loss: 0.1291[00m
[92m  Client8 Test => 	Acc: 75.222 	Loss: 1.0747[00m
[91m Client9 Train => Local Epoch: 0 / 5 	Acc: 89.363 	Loss: 0.3322[00m
[91m Client9 Train => Local Epoch: 1 / 5 	Acc: 91.587 	Loss: 0.2752[00m
[91m Client9 Train => Local Epoch: 2 / 5 	Acc: 93.329 	Loss: 0.2335[00m
[91m Client9 Train => Local Epoch: 3 / 5 	Acc: 93.269 	Loss: 0.2084[00m
[91m Client9 Train => Local Epoch: 4 / 5 	Acc: 94.291 	Loss: 0.1827[00m
[92m  Client9 Test => 	Acc: 77.073 	Loss: 0.7058[00m
------------------------------------------------
------ Federation process at Server-Side ------- 
------------------------------------------------
-----------------------------------------------------------
------ FedServer: Federation process at Client-Side ------- 
-----------------------------------------------------------
[92m  Client0 Test => 	Acc: 84.483 	Loss: 0.4239[00m
 Train: Round   8, Avg Accuracy 93.068 | Avg Loss 0.220
[91m Client0 Train => Local Epoch: 0 / 5 	Acc: 91.191 	Loss: 0.2761[00m
[91m Client0 Train => Local Epoch: 1 / 5 	Acc: 93.831 	Loss: 0.2056[00m
[91m Client0 Train => Local Epoch: 2 / 5 	Acc: 93.912 	Loss: 0.1867[00m
[91m Client0 Train => Local Epoch: 3 / 5 	Acc: 95.232 	Loss: 0.1494[00m
[91m Client0 Train => Local Epoch: 4 / 5 	Acc: 94.235 	Loss: 0.1925[00m
[92m  Client0 Test => 	Acc: 64.195 	Loss: 4.4450[00m
[91m Client1 Train => Local Epoch: 0 / 5 	Acc: 89.410 	Loss: 0.3084[00m
[91m Client1 Train => Local Epoch: 1 / 5 	Acc: 92.014 	Loss: 0.2170[00m
[91m Client1 Train => Local Epoch: 2 / 5 	Acc: 93.403 	Loss: 0.1983[00m
[91m Client1 Train => Local Epoch: 3 / 5 	Acc: 92.274 	Loss: 0.2442[00m
[91m Client1 Train => Local Epoch: 4 / 5 	Acc: 94.878 	Loss: 0.1557[00m
[92m  Client1 Test => 	Acc: 76.990 	Loss: 0.9803[00m
[91m Client2 Train => Local Epoch: 0 / 5 	Acc: 91.406 	Loss: 0.2574[00m
[91m Client2 Train => Local Epoch: 1 / 5 	Acc: 92.795 	Loss: 0.1917[00m
[91m Client2 Train => Local Epoch: 2 / 5 	Acc: 94.792 	Loss: 0.1598[00m
[91m Client2 Train => Local Epoch: 3 / 5 	Acc: 94.271 	Loss: 0.1711[00m
[91m Client2 Train => Local Epoch: 4 / 5 	Acc: 91.319 	Loss: 0.2544[00m
[92m  Client2 Test => 	Acc: 74.998 	Loss: 1.0249[00m
[91m Client3 Train => Local Epoch: 0 / 5 	Acc: 90.668 	Loss: 0.2941[00m
[91m Client3 Train => Local Epoch: 1 / 5 	Acc: 93.446 	Loss: 0.2029[00m
[91m Client3 Train => Local Epoch: 2 / 5 	Acc: 93.924 	Loss: 0.2012[00m
[91m Client3 Train => Local Epoch: 3 / 5 	Acc: 95.139 	Loss: 0.1685[00m
[91m Client3 Train => Local Epoch: 4 / 5 	Acc: 96.267 	Loss: 0.1139[00m
[92m  Client3 Test => 	Acc: 82.986 	Loss: 0.7325[00m
[91m Client4 Train => Local Epoch: 0 / 5 	Acc: 91.992 	Loss: 0.2355[00m
[91m Client4 Train => Local Epoch: 1 / 5 	Acc: 94.629 	Loss: 0.1535[00m
[91m Client4 Train => Local Epoch: 2 / 5 	Acc: 94.336 	Loss: 0.1706[00m
[91m Client4 Train => Local Epoch: 3 / 5 	Acc: 94.531 	Loss: 0.1506[00m
[91m Client4 Train => Local Epoch: 4 / 5 	Acc: 95.508 	Loss: 0.1306[00m
[92m  Client4 Test => 	Acc: 77.875 	Loss: 0.7979[00m
[91m Client5 Train => Local Epoch: 0 / 5 	Acc: 90.625 	Loss: 0.2774[00m
[91m Client5 Train => Local Epoch: 1 / 5 	Acc: 93.490 	Loss: 0.2033[00m
[91m Client5 Train => Local Epoch: 2 / 5 	Acc: 92.839 	Loss: 0.2179[00m
[91m Client5 Train => Local Epoch: 3 / 5 	Acc: 91.536 	Loss: 0.2219[00m
[91m Client5 Train => Local Epoch: 4 / 5 	Acc: 94.922 	Loss: 0.1439[00m
[92m  Client5 Test => 	Acc: 75.730 	Loss: 1.4258[00m
[91m Client6 Train => Local Epoch: 0 / 5 	Acc: 91.469 	Loss: 0.2498[00m
[91m Client6 Train => Local Epoch: 1 / 5 	Acc: 92.438 	Loss: 0.2336[00m
[91m Client6 Train => Local Epoch: 2 / 5 	Acc: 92.062 	Loss: 0.2553[00m
[91m Client6 Train => Local Epoch: 3 / 5 	Acc: 93.281 	Loss: 0.2083[00m
[91m Client6 Train => Local Epoch: 4 / 5 	Acc: 93.656 	Loss: 0.1914[00m
[92m  Client6 Test => 	Acc: 84.236 	Loss: 0.4786[00m
[91m Client7 Train => Local Epoch: 0 / 5 	Acc: 86.484 	Loss: 0.3755[00m
[91m Client7 Train => Local Epoch: 1 / 5 	Acc: 90.156 	Loss: 0.2887[00m
[91m Client7 Train => Local Epoch: 2 / 5 	Acc: 92.031 	Loss: 0.2436[00m
[91m Client7 Train => Local Epoch: 3 / 5 	Acc: 91.172 	Loss: 0.2798[00m
[91m Client7 Train => Local Epoch: 4 / 5 	Acc: 90.938 	Loss: 0.2800[00m
[92m  Client7 Test => 	Acc: 74.919 	Loss: 0.9051[00m
[91m Client8 Train => Local Epoch: 0 / 5 	Acc: 92.839 	Loss: 0.2513[00m
[91m Client8 Train => Local Epoch: 1 / 5 	Acc: 94.922 	Loss: 0.1721[00m
[91m Client8 Train => Local Epoch: 2 / 5 	Acc: 96.745 	Loss: 0.1172[00m
[91m Client8 Train => Local Epoch: 3 / 5 	Acc: 96.484 	Loss: 0.1168[00m
[91m Client8 Train => Local Epoch: 4 / 5 	Acc: 96.354 	Loss: 0.1015[00m
[92m  Client8 Test => 	Acc: 72.004 	Loss: 1.2471[00m
[91m Client9 Train => Local Epoch: 0 / 5 	Acc: 91.406 	Loss: 0.2389[00m
[91m Client9 Train => Local Epoch: 1 / 5 	Acc: 92.969 	Loss: 0.2271[00m
[91m Client9 Train => Local Epoch: 2 / 5 	Acc: 94.712 	Loss: 0.1801[00m
[91m Client9 Train => Local Epoch: 3 / 5 	Acc: 93.810 	Loss: 0.1955[00m
[91m Client9 Train => Local Epoch: 4 / 5 	Acc: 93.570 	Loss: 0.2142[00m
[92m  Client9 Test => 	Acc: 78.538 	Loss: 0.6506[00m
------------------------------------------------
------ Federation process at Server-Side ------- 
------------------------------------------------
-----------------------------------------------------------
------ FedServer: Federation process at Client-Side ------- 
-----------------------------------------------------------
[92m  Client0 Test => 	Acc: 90.993 	Loss: 0.2771[00m
 Train: Round   9, Avg Accuracy 94.165 | Avg Loss 0.178
Training and Evaluation completed!
===== END Wed 01/07/2026  7:13:51.00 ===== 
