===== START Fri 12/19/2025 13:08:50.35 ===== 
C:\Users\pr8pf\AppData\Local\anaconda3\Lib\site-packages\torchvision\models\_utils.py:208: UserWarning: The parameter 'pretrained' is deprecated since 0.13 and may be removed in the future, please use 'weights' instead.
  warnings.warn(
C:\Users\pr8pf\AppData\Local\anaconda3\Lib\site-packages\torchvision\models\_utils.py:223: UserWarning: Arguments other than a weight enum or `None` for 'weights' are deprecated since 0.13 and may be removed in the future. The current behavior is equivalent to passing `weights=VGG16_Weights.IMAGENET1K_V1`. You can also use `weights=VGG16_Weights.DEFAULT` to get the most up-to-date weights.
  warnings.warn(msg)
[codecarbon INFO @ 13:09:29] [setup] RAM Tracking...
[codecarbon INFO @ 13:09:29] [setup] CPU Tracking...
[codecarbon WARNING @ 13:09:29] No CPU tracking mode found. Falling back on CPU constant mode. 
 Windows OS detected: Please install Intel Power Gadget to measure CPU

[codecarbon INFO @ 13:09:31] CPU Model on constant consumption mode: Intel(R) Xeon(R) Gold 6258R CPU @ 2.70GHz
[codecarbon INFO @ 13:09:31] [setup] GPU Tracking...
[codecarbon INFO @ 13:09:31] Tracking Nvidia GPU via pynvml
[codecarbon INFO @ 13:09:31] >>> Tracker's metadata:
[codecarbon INFO @ 13:09:31]   Platform system: Windows-11-10.0.22631-SP0
[codecarbon INFO @ 13:09:31]   Python version: 3.12.7
[codecarbon INFO @ 13:09:31]   CodeCarbon version: 2.8.3
[codecarbon INFO @ 13:09:31]   Available RAM : 126.630 GB
[codecarbon INFO @ 13:09:31]   CPU count: 56
[codecarbon INFO @ 13:09:31]   CPU model: Intel(R) Xeon(R) Gold 6258R CPU @ 2.70GHz
[codecarbon INFO @ 13:09:31]   GPU count: 2
[codecarbon INFO @ 13:09:31]   GPU model: 2 x NVIDIA RTX A5000
[codecarbon INFO @ 13:09:34] Saving emissions data to file C:\Users\pr8pf\Documents\GitHub\SplitFed\emissions.csv
[codecarbon INFO @ 13:09:36] Energy consumed for RAM : 0.000019 kWh. RAM Power : 47.48608875274658 W
[codecarbon INFO @ 13:09:36] Energy consumed for all CPUs : 0.000042 kWh. Total CPU Power : 102.50000000000001 W
[codecarbon INFO @ 13:09:36] Energy consumed for all GPUs : 0.000006 kWh. Total GPU Power : 15.462517399582289 W
[codecarbon INFO @ 13:09:36] 0.000067 kWh of electricity used since the beginning.
[codecarbon INFO @ 13:32:47] [setup] RAM Tracking...
[codecarbon INFO @ 13:32:47] [setup] CPU Tracking...
[codecarbon WARNING @ 13:32:47] No CPU tracking mode found. Falling back on CPU constant mode. 
 Windows OS detected: Please install Intel Power Gadget to measure CPU

[codecarbon INFO @ 13:32:48] CPU Model on constant consumption mode: Intel(R) Xeon(R) Gold 6258R CPU @ 2.70GHz
[codecarbon INFO @ 13:32:48] [setup] GPU Tracking...
[codecarbon INFO @ 13:32:48] Tracking Nvidia GPU via pynvml
[codecarbon INFO @ 13:32:48] >>> Tracker's metadata:
[codecarbon INFO @ 13:32:48]   Platform system: Windows-11-10.0.22631-SP0
[codecarbon INFO @ 13:32:48]   Python version: 3.12.7
[codecarbon INFO @ 13:32:48]   CodeCarbon version: 2.8.3
[codecarbon INFO @ 13:32:48]   Available RAM : 126.630 GB
[codecarbon INFO @ 13:32:48]   CPU count: 56
[codecarbon INFO @ 13:32:48]   CPU model: Intel(R) Xeon(R) Gold 6258R CPU @ 2.70GHz
[codecarbon INFO @ 13:32:48]   GPU count: 2
[codecarbon INFO @ 13:32:48]   GPU model: 2 x NVIDIA RTX A5000
[codecarbon INFO @ 13:32:51] Saving emissions data to file C:\Users\pr8pf\Documents\GitHub\SplitFed\emissions.csv
[codecarbon INFO @ 13:32:52] Energy consumed for RAM : 0.000010 kWh. RAM Power : 47.48608875274658 W
[codecarbon INFO @ 13:32:52] Energy consumed for all CPUs : 0.000021 kWh. Total CPU Power : 102.50000000000001 W
[codecarbon INFO @ 13:32:52] Energy consumed for all GPUs : 0.000004 kWh. Total GPU Power : 20.214963482567416 W
[codecarbon INFO @ 13:32:52] 0.000036 kWh of electricity used since the beginning.
[codecarbon INFO @ 13:33:46] [setup] RAM Tracking...
[codecarbon INFO @ 13:33:46] [setup] CPU Tracking...
[codecarbon WARNING @ 13:33:46] No CPU tracking mode found. Falling back on CPU constant mode. 
 Windows OS detected: Please install Intel Power Gadget to measure CPU

[codecarbon INFO @ 13:33:47] CPU Model on constant consumption mode: Intel(R) Xeon(R) Gold 6258R CPU @ 2.70GHz
[codecarbon INFO @ 13:33:47] [setup] GPU Tracking...
[codecarbon INFO @ 13:33:47] Tracking Nvidia GPU via pynvml
[codecarbon INFO @ 13:33:47] >>> Tracker's metadata:
[codecarbon INFO @ 13:33:47]   Platform system: Windows-11-10.0.22631-SP0
[codecarbon INFO @ 13:33:47]   Python version: 3.12.7
[codecarbon INFO @ 13:33:47]   CodeCarbon version: 2.8.3
[codecarbon INFO @ 13:33:47]   Available RAM : 126.630 GB
[codecarbon INFO @ 13:33:47]   CPU count: 56
[codecarbon INFO @ 13:33:47]   CPU model: Intel(R) Xeon(R) Gold 6258R CPU @ 2.70GHz
[codecarbon INFO @ 13:33:47]   GPU count: 2
[codecarbon INFO @ 13:33:47]   GPU model: 2 x NVIDIA RTX A5000
[codecarbon INFO @ 13:33:51] Saving emissions data to file C:\Users\pr8pf\Documents\GitHub\SplitFed\emissions.csv
[codecarbon INFO @ 13:33:52] Energy consumed for RAM : 0.000013 kWh. RAM Power : 47.48608875274658 W
[codecarbon INFO @ 13:33:52] Energy consumed for all CPUs : 0.000028 kWh. Total CPU Power : 102.50000000000001 W
[codecarbon INFO @ 13:33:52] Energy consumed for all GPUs : 0.000006 kWh. Total GPU Power : 19.907276466148566 W
[codecarbon INFO @ 13:33:52] 0.000047 kWh of electricity used since the beginning.
################################################################
#                              batch_size: 64                  #
#                         test_batch_size: 64                  #
#                                  epochs: 10                  #
#                               optimizer: SGD                 #
#                                      lr: 0.001               #
#                                momentum: 0.5                 #
#                                    seed: 1                   #
#                             num_clients: 10                  #
#                                   scale: 4                   #
#                                 dataset: plant               #
#                             loader_type: dirichlet           #
#                                      AR: fedavg              #
#                                    side: both                #
#                                     PDR: 1.0                 #
#                                  attack: label_flipping 5->9 #
#                          label_flipping: uni                 #
#                         experiment_name: split_fed_label_flipping_5_to_9_inner_epochs=5_epochs=10_PDR=1.0_scale=4#
#                            inner_epochs: 5                   #
#                                   setup: split_fed           #
#                                   alpha: 0.7                 #
################################################################
NVIDIA RTX A5000
---------split_fed_label_flipping_5_to_9_inner_epochs=5_epochs=10_PDR=1.0_scale=4----------
initialize a data loader
Using cuda
[91m Client0 Train => Local Epoch: 0 / 5 	Acc: 31.901 	Loss: 2.3060[00m
[91m Client0 Train => Local Epoch: 1 / 5 	Acc: 38.639 	Loss: 1.7991[00m
[91m Client0 Train => Local Epoch: 2 / 5 	Acc: 38.965 	Loss: 1.7954[00m
[91m Client0 Train => Local Epoch: 3 / 5 	Acc: 39.225 	Loss: 1.7910[00m
[91m Client0 Train => Local Epoch: 4 / 5 	Acc: 39.193 	Loss: 1.7972[00m
[92m  Client0 Test => 	Acc: 12.341 	Loss: 4.4528[00m
[91m Client1 Train => Local Epoch: 0 / 5 	Acc: 18.099 	Loss: 4.2301[00m
[91m Client1 Train => Local Epoch: 1 / 5 	Acc: 25.195 	Loss: 2.2223[00m
[91m Client1 Train => Local Epoch: 2 / 5 	Acc: 30.469 	Loss: 2.1168[00m
[91m Client1 Train => Local Epoch: 3 / 5 	Acc: 41.341 	Loss: 1.8461[00m
[91m Client1 Train => Local Epoch: 4 / 5 	Acc: 49.544 	Loss: 1.6010[00m
[92m  Client1 Test => 	Acc: 28.734 	Loss: 3.8776[00m
[91m Client2 Train => Local Epoch: 0 / 5 	Acc: 34.375 	Loss: 4.1489[00m
[91m Client2 Train => Local Epoch: 1 / 5 	Acc: 36.914 	Loss: 2.2899[00m
[91m Client2 Train => Local Epoch: 2 / 5 	Acc: 45.605 	Loss: 2.1807[00m
[91m Client2 Train => Local Epoch: 3 / 5 	Acc: 45.801 	Loss: 1.8055[00m
[91m Client2 Train => Local Epoch: 4 / 5 	Acc: 44.629 	Loss: 1.6908[00m
[92m  Client2 Test => 	Acc: 9.437 	Loss: 5.6401[00m
[91m Client3 Train => Local Epoch: 0 / 5 	Acc: 26.615 	Loss: 2.8845[00m
[91m Client3 Train => Local Epoch: 1 / 5 	Acc: 31.198 	Loss: 1.9057[00m
[91m Client3 Train => Local Epoch: 2 / 5 	Acc: 49.531 	Loss: 1.4906[00m
[91m Client3 Train => Local Epoch: 3 / 5 	Acc: 68.594 	Loss: 1.0653[00m
[91m Client3 Train => Local Epoch: 4 / 5 	Acc: 75.052 	Loss: 0.8556[00m
[92m  Client3 Test => 	Acc: 37.330 	Loss: 4.8092[00m
[91m Client4 Train => Local Epoch: 0 / 5 	Acc: 18.506 	Loss: 2.6019[00m
[91m Client4 Train => Local Epoch: 1 / 5 	Acc: 24.805 	Loss: 2.2588[00m
[91m Client4 Train => Local Epoch: 2 / 5 	Acc: 32.227 	Loss: 1.9719[00m
[91m Client4 Train => Local Epoch: 3 / 5 	Acc: 38.379 	Loss: 1.7519[00m
[91m Client4 Train => Local Epoch: 4 / 5 	Acc: 45.947 	Loss: 1.5899[00m
[92m  Client4 Test => 	Acc: 31.388 	Loss: 2.5906[00m
[91m Client5 Train => Local Epoch: 0 / 5 	Acc: 29.297 	Loss: 2.8167[00m
[91m Client5 Train => Local Epoch: 1 / 5 	Acc: 38.021 	Loss: 1.9813[00m
[91m Client5 Train => Local Epoch: 2 / 5 	Acc: 50.326 	Loss: 1.7161[00m
[91m Client5 Train => Local Epoch: 3 / 5 	Acc: 52.083 	Loss: 1.5054[00m
[91m Client5 Train => Local Epoch: 4 / 5 	Acc: 62.044 	Loss: 1.2348[00m
[92m  Client5 Test => 	Acc: 27.808 	Loss: 4.9421[00m
[91m Client6 Train => Local Epoch: 0 / 5 	Acc: 16.707 	Loss: 5.0331[00m
[91m Client6 Train => Local Epoch: 1 / 5 	Acc: 19.471 	Loss: 2.3584[00m
[91m Client6 Train => Local Epoch: 2 / 5 	Acc: 20.312 	Loss: 2.3451[00m
[91m Client6 Train => Local Epoch: 3 / 5 	Acc: 22.115 	Loss: 2.4025[00m
[91m Client6 Train => Local Epoch: 4 / 5 	Acc: 30.529 	Loss: 2.1586[00m
[92m  Client6 Test => 	Acc: 30.558 	Loss: 2.3908[00m
[91m Client7 Train => Local Epoch: 0 / 5 	Acc: 32.357 	Loss: 2.6573[00m
[91m Client7 Train => Local Epoch: 1 / 5 	Acc: 46.289 	Loss: 2.2072[00m
[91m Client7 Train => Local Epoch: 2 / 5 	Acc: 54.818 	Loss: 1.7166[00m
[91m Client7 Train => Local Epoch: 3 / 5 	Acc: 62.695 	Loss: 1.3174[00m
[91m Client7 Train => Local Epoch: 4 / 5 	Acc: 67.513 	Loss: 1.0834[00m
[92m  Client7 Test => 	Acc: 30.359 	Loss: 2.3955[00m
[91m Client8 Train => Local Epoch: 0 / 5 	Acc: 16.840 	Loss: 3.3162[00m
[91m Client8 Train => Local Epoch: 1 / 5 	Acc: 26.910 	Loss: 2.2573[00m
[91m Client8 Train => Local Epoch: 2 / 5 	Acc: 33.681 	Loss: 1.9758[00m
[91m Client8 Train => Local Epoch: 3 / 5 	Acc: 46.007 	Loss: 1.6939[00m
[91m Client8 Train => Local Epoch: 4 / 5 	Acc: 50.608 	Loss: 1.4764[00m
[92m  Client8 Test => 	Acc: 36.835 	Loss: 2.1721[00m
[91m Client9 Train => Local Epoch: 0 / 5 	Acc: 19.076 	Loss: 4.6470[00m
[91m Client9 Train => Local Epoch: 1 / 5 	Acc: 26.042 	Loss: 2.2861[00m
[91m Client9 Train => Local Epoch: 2 / 5 	Acc: 36.133 	Loss: 2.0687[00m
[91m Client9 Train => Local Epoch: 3 / 5 	Acc: 40.495 	Loss: 1.7765[00m
[91m Client9 Train => Local Epoch: 4 / 5 	Acc: 49.740 	Loss: 1.5272[00m
[92m  Client9 Test => 	Acc: 36.364 	Loss: 2.7840[00m
------------------------------------------------
------ Federation process at Server-Side ------- 
------------------------------------------------
-----------------------------------------------------------
------ FedServer: Federation process at Client-Side ------- 
-----------------------------------------------------------
[92m  Client0 Test => 	Acc: 11.081 	Loss: 2.6713[00m
 Train: Round   0, Avg Accuracy 51.480 | Avg Loss 1.501
[91m Client0 Train => Local Epoch: 0 / 5 	Acc: 36.914 	Loss: 1.9009[00m
[91m Client0 Train => Local Epoch: 1 / 5 	Acc: 44.987 	Loss: 1.7024[00m
[91m Client0 Train => Local Epoch: 2 / 5 	Acc: 57.878 	Loss: 1.3749[00m
[91m Client0 Train => Local Epoch: 3 / 5 	Acc: 70.833 	Loss: 0.9396[00m
[91m Client0 Train => Local Epoch: 4 / 5 	Acc: 68.652 	Loss: 0.9838[00m
[92m  Client0 Test => 	Acc: 37.947 	Loss: 4.3485[00m
[91m Client1 Train => Local Epoch: 0 / 5 	Acc: 29.297 	Loss: 2.2782[00m
[91m Client1 Train => Local Epoch: 1 / 5 	Acc: 29.297 	Loss: 2.1685[00m
[91m Client1 Train => Local Epoch: 2 / 5 	Acc: 29.102 	Loss: 2.1638[00m
[91m Client1 Train => Local Epoch: 3 / 5 	Acc: 29.232 	Loss: 2.1651[00m
[91m Client1 Train => Local Epoch: 4 / 5 	Acc: 29.232 	Loss: 2.1652[00m
[92m  Client1 Test => 	Acc: 11.067 	Loss: 3.6994[00m
[91m Client2 Train => Local Epoch: 0 / 5 	Acc: 45.508 	Loss: 2.1586[00m
[91m Client2 Train => Local Epoch: 1 / 5 	Acc: 45.996 	Loss: 1.8458[00m
[91m Client2 Train => Local Epoch: 2 / 5 	Acc: 44.727 	Loss: 1.8693[00m
[91m Client2 Train => Local Epoch: 3 / 5 	Acc: 44.824 	Loss: 1.8483[00m
[91m Client2 Train => Local Epoch: 4 / 5 	Acc: 45.996 	Loss: 1.8175[00m
[92m  Client2 Test => 	Acc: 11.094 	Loss: 4.3255[00m
[91m Client3 Train => Local Epoch: 0 / 5 	Acc: 35.000 	Loss: 1.9281[00m
[91m Client3 Train => Local Epoch: 1 / 5 	Acc: 46.406 	Loss: 1.4579[00m
[91m Client3 Train => Local Epoch: 2 / 5 	Acc: 56.979 	Loss: 1.3112[00m
[91m Client3 Train => Local Epoch: 3 / 5 	Acc: 61.979 	Loss: 1.1953[00m
[91m Client3 Train => Local Epoch: 4 / 5 	Acc: 65.833 	Loss: 1.0885[00m
[92m  Client3 Test => 	Acc: 32.910 	Loss: 5.8358[00m
[91m Client4 Train => Local Epoch: 0 / 5 	Acc: 20.068 	Loss: 2.4002[00m[codecarbon INFO @ 13:56:09] [setup] RAM Tracking...
[codecarbon INFO @ 13:56:09] [setup] CPU Tracking...
[codecarbon WARNING @ 13:56:09] No CPU tracking mode found. Falling back on CPU constant mode. 
 Windows OS detected: Please install Intel Power Gadget to measure CPU

[codecarbon INFO @ 13:56:11] CPU Model on constant consumption mode: Intel(R) Xeon(R) Gold 6258R CPU @ 2.70GHz
[codecarbon INFO @ 13:56:11] [setup] GPU Tracking...
[codecarbon INFO @ 13:56:11] Tracking Nvidia GPU via pynvml
[codecarbon INFO @ 13:56:11] >>> Tracker's metadata:
[codecarbon INFO @ 13:56:11]   Platform system: Windows-11-10.0.22631-SP0
[codecarbon INFO @ 13:56:11]   Python version: 3.12.7
[codecarbon INFO @ 13:56:11]   CodeCarbon version: 2.8.3
[codecarbon INFO @ 13:56:11]   Available RAM : 126.630 GB
[codecarbon INFO @ 13:56:11]   CPU count: 56
[codecarbon INFO @ 13:56:11]   CPU model: Intel(R) Xeon(R) Gold 6258R CPU @ 2.70GHz
[codecarbon INFO @ 13:56:11]   GPU count: 2
[codecarbon INFO @ 13:56:11]   GPU model: 2 x NVIDIA RTX A5000
[codecarbon INFO @ 13:56:14] Saving emissions data to file C:\Users\pr8pf\Documents\GitHub\SplitFed\emissions.csv
[codecarbon INFO @ 13:56:15] Energy consumed for RAM : 0.000009 kWh. RAM Power : 47.48608875274658 W
[codecarbon INFO @ 13:56:15] Energy consumed for all CPUs : 0.000019 kWh. Total CPU Power : 102.50000000000001 W
[codecarbon INFO @ 13:56:15] Energy consumed for all GPUs : 0.000003 kWh. Total GPU Power : 17.388155041602538 W
[codecarbon INFO @ 13:56:15] 0.000030 kWh of electricity used since the beginning.
[codecarbon INFO @ 13:57:09] [setup] RAM Tracking...
[codecarbon INFO @ 13:57:09] [setup] CPU Tracking...
[codecarbon WARNING @ 13:57:09] No CPU tracking mode found. Falling back on CPU constant mode. 
 Windows OS detected: Please install Intel Power Gadget to measure CPU

[codecarbon INFO @ 13:57:11] CPU Model on constant consumption mode: Intel(R) Xeon(R) Gold 6258R CPU @ 2.70GHz
[codecarbon INFO @ 13:57:11] [setup] GPU Tracking...
[codecarbon INFO @ 13:57:11] Tracking Nvidia GPU via pynvml
[codecarbon INFO @ 13:57:11] >>> Tracker's metadata:
[codecarbon INFO @ 13:57:11]   Platform system: Windows-11-10.0.22631-SP0
[codecarbon INFO @ 13:57:11]   Python version: 3.12.7
[codecarbon INFO @ 13:57:11]   CodeCarbon version: 2.8.3
[codecarbon INFO @ 13:57:11]   Available RAM : 126.630 GB
[codecarbon INFO @ 13:57:11]   CPU count: 56
[codecarbon INFO @ 13:57:11]   CPU model: Intel(R) Xeon(R) Gold 6258R CPU @ 2.70GHz
[codecarbon INFO @ 13:57:11]   GPU count: 2
[codecarbon INFO @ 13:57:11]   GPU model: 2 x NVIDIA RTX A5000
[codecarbon INFO @ 13:57:14] Saving emissions data to file C:\Users\pr8pf\Documents\GitHub\SplitFed\emissions.csv
[codecarbon INFO @ 13:57:15] Energy consumed for RAM : 0.000008 kWh. RAM Power : 47.48608875274658 W
[codecarbon INFO @ 13:57:15] Energy consumed for all CPUs : 0.000018 kWh. Total CPU Power : 102.50000000000001 W
[codecarbon INFO @ 13:57:15] Energy consumed for all GPUs : 0.000003 kWh. Total GPU Power : 18.863069062599422 W
[codecarbon INFO @ 13:57:15] 0.000029 kWh of electricity used since the beginning.
[codecarbon INFO @ 14:19:32] [setup] RAM Tracking...
[codecarbon INFO @ 14:19:32] [setup] CPU Tracking...
[codecarbon WARNING @ 14:19:32] No CPU tracking mode found. Falling back on CPU constant mode. 
 Windows OS detected: Please install Intel Power Gadget to measure CPU

[codecarbon INFO @ 14:19:34] CPU Model on constant consumption mode: Intel(R) Xeon(R) Gold 6258R CPU @ 2.70GHz
[codecarbon INFO @ 14:19:34] [setup] GPU Tracking...
[codecarbon INFO @ 14:19:34] Tracking Nvidia GPU via pynvml
[codecarbon INFO @ 14:19:34] >>> Tracker's metadata:
[codecarbon INFO @ 14:19:34]   Platform system: Windows-11-10.0.22631-SP0
[codecarbon INFO @ 14:19:34]   Python version: 3.12.7
[codecarbon INFO @ 14:19:34]   CodeCarbon version: 2.8.3
[codecarbon INFO @ 14:19:34]   Available RAM : 126.630 GB
[codecarbon INFO @ 14:19:34]   CPU count: 56
[codecarbon INFO @ 14:19:34]   CPU model: Intel(R) Xeon(R) Gold 6258R CPU @ 2.70GHz
[codecarbon INFO @ 14:19:34]   GPU count: 2
[codecarbon INFO @ 14:19:34]   GPU model: 2 x NVIDIA RTX A5000
[codecarbon INFO @ 14:19:37] Saving emissions data to file C:\Users\pr8pf\Documents\GitHub\SplitFed\emissions.csv
[codecarbon INFO @ 14:19:38] Energy consumed for RAM : 0.000010 kWh. RAM Power : 47.48608875274658 W
[codecarbon INFO @ 14:19:38] Energy consumed for all CPUs : 0.000022 kWh. Total CPU Power : 102.50000000000001 W
[codecarbon INFO @ 14:19:38] Energy consumed for all GPUs : 0.000004 kWh. Total GPU Power : 19.71672585424191 W
[codecarbon INFO @ 14:19:38] 0.000036 kWh of electricity used since the beginning.
[codecarbon INFO @ 14:20:32] [setup] RAM Tracking...
[codecarbon INFO @ 14:20:32] [setup] CPU Tracking...
[codecarbon WARNING @ 14:20:32] No CPU tracking mode found. Falling back on CPU constant mode. 
 Windows OS detected: Please install Intel Power Gadget to measure CPU

[codecarbon INFO @ 14:20:34] CPU Model on constant consumption mode: Intel(R) Xeon(R) Gold 6258R CPU @ 2.70GHz
[codecarbon INFO @ 14:20:34] [setup] GPU Tracking...
[codecarbon INFO @ 14:20:34] Tracking Nvidia GPU via pynvml
[codecarbon INFO @ 14:20:34] >>> Tracker's metadata:
[codecarbon INFO @ 14:20:34]   Platform system: Windows-11-10.0.22631-SP0
[codecarbon INFO @ 14:20:34]   Python version: 3.12.7
[codecarbon INFO @ 14:20:34]   CodeCarbon version: 2.8.3
[codecarbon INFO @ 14:20:34]   Available RAM : 126.630 GB
[codecarbon INFO @ 14:20:34]   CPU count: 56
[codecarbon INFO @ 14:20:34]   CPU model: Intel(R) Xeon(R) Gold 6258R CPU @ 2.70GHz
[codecarbon INFO @ 14:20:34]   GPU count: 2
[codecarbon INFO @ 14:20:34]   GPU model: 2 x NVIDIA RTX A5000
[codecarbon INFO @ 14:20:37] Saving emissions data to file C:\Users\pr8pf\Documents\GitHub\SplitFed\emissions.csv
[codecarbon INFO @ 14:20:38] Energy consumed for RAM : 0.000011 kWh. RAM Power : 47.48608875274658 W
[codecarbon INFO @ 14:20:38] Energy consumed for all CPUs : 0.000024 kWh. Total CPU Power : 102.50000000000001 W
[codecarbon INFO @ 14:20:38] Energy consumed for all GPUs : 0.000004 kWh. Total GPU Power : 19.350410622328464 W
[codecarbon INFO @ 14:20:38] 0.000039 kWh of electricity used since the beginning.

[91m Client4 Train => Local Epoch: 1 / 5 	Acc: 33.594 	Loss: 1.9009[00m
[91m Client4 Train => Local Epoch: 2 / 5 	Acc: 34.326 	Loss: 2.0136[00m
[91m Client4 Train => Local Epoch: 3 / 5 	Acc: 29.443 	Loss: 2.0935[00m
[91m Client4 Train => Local Epoch: 4 / 5 	Acc: 28.369 	Loss: 2.5625[00m
[92m  Client4 Test => 	Acc: 12.173 	Loss: 2.7274[00m
[91m Client5 Train => Local Epoch: 0 / 5 	Acc: 36.523 	Loss: 2.0877[00m
[91m Client5 Train => Local Epoch: 1 / 5 	Acc: 42.057 	Loss: 1.7045[00m
[91m Client5 Train => Local Epoch: 2 / 5 	Acc: 46.094 	Loss: 1.6422[00m
[91m Client5 Train => Local Epoch: 3 / 5 	Acc: 59.440 	Loss: 1.2438[00m
[91m Client5 Train => Local Epoch: 4 / 5 	Acc: 65.625 	Loss: 1.0851[00m
[92m  Client5 Test => 	Acc: 35.980 	Loss: 3.1970[00m
[91m Client6 Train => Local Epoch: 0 / 5 	Acc: 17.849 	Loss: 2.4928[00m
[91m Client6 Train => Local Epoch: 1 / 5 	Acc: 17.488 	Loss: 2.3760[00m
[91m Client6 Train => Local Epoch: 2 / 5 	Acc: 19.351 	Loss: 2.3276[00m
[91m Client6 Train => Local Epoch: 3 / 5 	Acc: 29.267 	Loss: 2.3882[00m
[91m Client6 Train => Local Epoch: 4 / 5 	Acc: 33.654 	Loss: 2.0243[00m
[92m  Client6 Test => 	Acc: 28.611 	Loss: 2.3967[00m
[91m Client7 Train => Local Epoch: 0 / 5 	Acc: 44.792 	Loss: 2.1125[00m
[91m Client7 Train => Local Epoch: 1 / 5 	Acc: 51.693 	Loss: 1.8258[00m
[91m Client7 Train => Local Epoch: 2 / 5 	Acc: 59.310 	Loss: 1.6458[00m
[91m Client7 Train => Local Epoch: 3 / 5 	Acc: 59.049 	Loss: 1.4629[00m
[91m Client7 Train => Local Epoch: 4 / 5 	Acc: 64.128 	Loss: 1.1846[00m
[92m  Client7 Test => 	Acc: 26.887 	Loss: 2.6969[00m
[91m Client8 Train => Local Epoch: 0 / 5 	Acc: 18.490 	Loss: 2.4490[00m
[91m Client8 Train => Local Epoch: 1 / 5 	Acc: 29.167 	Loss: 2.1430[00m
[91m Client8 Train => Local Epoch: 2 / 5 	Acc: 30.903 	Loss: 1.9938[00m
[91m Client8 Train => Local Epoch: 3 / 5 	Acc: 41.233 	Loss: 1.7693[00m
[91m Client8 Train => Local Epoch: 4 / 5 	Acc: 56.250 	Loss: 1.4174[00m
[92m  Client8 Test => 	Acc: 43.149 	Loss: 2.1173[00m
[91m Client9 Train => Local Epoch: 0 / 5 	Acc: 22.786 	Loss: 2.3503[00m
[91m Client9 Train => Local Epoch: 1 / 5 	Acc: 32.161 	Loss: 1.9859[00m
[91m Client9 Train => Local Epoch: 2 / 5 	Acc: 33.333 	Loss: 1.9331[00m
[91m Client9 Train => Local Epoch: 3 / 5 	Acc: 42.383 	Loss: 1.7181[00m
[91m Client9 Train => Local Epoch: 4 / 5 	Acc: 45.898 	Loss: 1.5161[00m
[92m  Client9 Test => 	Acc: 41.463 	Loss: 2.3447[00m
------------------------------------------------
------ Federation process at Server-Side ------- 
------------------------------------------------
-----------------------------------------------------------
------ FedServer: Federation process at Client-Side ------- 
-----------------------------------------------------------
[92m  Client0 Test => 	Acc: 11.067 	Loss: 2.7536[00m
 Train: Round   1, Avg Accuracy 50.364 | Avg Loss 1.584
[91m Client0 Train => Local Epoch: 0 / 5 	Acc: 42.025 	Loss: 1.7839[00m
[91m Client0 Train => Local Epoch: 1 / 5 	Acc: 40.234 	Loss: 1.7982[00m
[91m Client0 Train => Local Epoch: 2 / 5 	Acc: 40.690 	Loss: 1.7837[00m
[91m Client0 Train => Local Epoch: 3 / 5 	Acc: 29.460 	Loss: 2.3951[00m
[91m Client0 Train => Local Epoch: 4 / 5 	Acc: 38.281 	Loss: 1.7968[00m
[92m  Client0 Test => 	Acc: 12.678 	Loss: 4.1381[00m
[91m Client1 Train => Local Epoch: 0 / 5 	Acc: 29.232 	Loss: 2.2214[00m
[91m Client1 Train => Local Epoch: 1 / 5 	Acc: 29.753 	Loss: 2.0212[00m
[91m Client1 Train => Local Epoch: 2 / 5 	Acc: 43.294 	Loss: 1.8413[00m
[91m Client1 Train => Local Epoch: 3 / 5 	Acc: 53.190 	Loss: 1.4477[00m
[91m Client1 Train => Local Epoch: 4 / 5 	Acc: 61.003 	Loss: 1.1921[00m
[92m  Client1 Test => 	Acc: 39.535 	Loss: 4.4042[00m
[91m Client2 Train => Local Epoch: 0 / 5 	Acc: 44.238 	Loss: 2.1187[00m
[91m Client2 Train => Local Epoch: 1 / 5 	Acc: 45.703 	Loss: 1.6376[00m
[91m Client2 Train => Local Epoch: 2 / 5 	Acc: 55.273 	Loss: 1.4000[00m
[91m Client2 Train => Local Epoch: 3 / 5 	Acc: 59.961 	Loss: 1.2468[00m
[91m Client2 Train => Local Epoch: 4 / 5 	Acc: 66.016 	Loss: 1.1650[00m
[92m  Client2 Test => 	Acc: 20.747 	Loss: 6.6340[00m
[91m Client3 Train => Local Epoch: 0 / 5 	Acc: 46.146 	Loss: 1.7653[00m
[91m Client3 Train => Local Epoch: 1 / 5 	Acc: 55.260 	Loss: 1.3296[00m
[91m Client3 Train => Local Epoch: 2 / 5 	Acc: 69.844 	Loss: 1.1094[00m
[91m Client3 Train => Local Epoch: 3 / 5 	Acc: 75.052 	Loss: 0.8831[00m
[91m Client3 Train => Local Epoch: 4 / 5 	Acc: 78.333 	Loss: 0.7670[00m
[92m  Client3 Test => 	Acc: 35.025 	Loss: 5.0404[00m
[91m Client4 Train => Local Epoch: 0 / 5 	Acc: 27.051 	Loss: 2.1796[00m
[91m Client4 Train => Local Epoch: 1 / 5 	Acc: 38.037 	Loss: 1.8037[00m
[91m Client4 Train => Local Epoch: 2 / 5 	Acc: 46.045 	Loss: 1.5905[00m
[91m Client4 Train => Local Epoch: 3 / 5 	Acc: 54.248 	Loss: 1.3942[00m
[91m Client4 Train => Local Epoch: 4 / 5 	Acc: 58.887 	Loss: 1.2741[00m
[92m  Client4 Test => 	Acc: 37.380 	Loss: 2.4637[00m
[91m Client5 Train => Local Epoch: 0 / 5 	Acc: 36.198 	Loss: 2.0868[00m
[91m Client5 Train => Local Epoch: 1 / 5 	Acc: 52.214 	Loss: 1.4630[00m
[91m Client5 Train => Local Epoch: 2 / 5 	Acc: 64.518 	Loss: 1.1112[00m
[91m Client5 Train => Local Epoch: 3 / 5 	Acc: 69.987 	Loss: 0.9232[00m
[91m Client5 Train => Local Epoch: 4 / 5 	Acc: 75.130 	Loss: 0.7335[00m
[92m  Client5 Test => 	Acc: 46.226 	Loss: 2.8114[00m
[91m Client6 Train => Local Epoch: 0 / 5 	Acc: 22.837 	Loss: 2.4306[00m
[91m Client6 Train => Local Epoch: 1 / 5 	Acc: 37.680 	Loss: 1.9434[00m
[91m Client6 Train => Local Epoch: 2 / 5 	Acc: 52.704 	Loss: 1.4555[00m
[91m Client6 Train => Local Epoch: 3 / 5 	Acc: 53.906 	Loss: 1.4121[00m
[91m Client6 Train => Local Epoch: 4 / 5 	Acc: 61.478 	Loss: 1.1575[00m
[92m  Client6 Test => 	Acc: 50.367 	Loss: 1.4608[00m
[91m Client7 Train => Local Epoch: 0 / 5 	Acc: 51.172 	Loss: 1.9763[00m
[91m Client7 Train => Local Epoch: 1 / 5 	Acc: 58.268 	Loss: 1.7194[00m
[91m Client7 Train => Local Epoch: 2 / 5 	Acc: 60.286 	Loss: 1.3964[00m
[91m Client7 Train => Local Epoch: 3 / 5 	Acc: 68.490 	Loss: 1.0620[00m
[91m Client7 Train => Local Epoch: 4 / 5 	Acc: 71.484 	Loss: 0.9154[00m
[92m  Client7 Test => 	Acc: 39.190 	Loss: 2.0582[00m
[91m Client8 Train => Local Epoch: 0 / 5 	Acc: 19.010 	Loss: 2.4624[00m
[91m Client8 Train => Local Epoch: 1 / 5 	Acc: 38.194 	Loss: 1.9834[00m
[91m Client8 Train => Local Epoch: 2 / 5 	Acc: 45.833 	Loss: 1.7092[00m
[91m Client8 Train => Local Epoch: 3 / 5 	Acc: 55.382 	Loss: 1.4412[00m
[91m Client8 Train => Local Epoch: 4 / 5 	Acc: 66.667 	Loss: 1.0999[00m
[92m  Client8 Test => 	Acc: 47.815 	Loss: 2.1305[00m
[91m Client9 Train => Local Epoch: 0 / 5 	Acc: 25.977 	Loss: 2.2820[00m
[91m Client9 Train => Local Epoch: 1 / 5 	Acc: 39.193 	Loss: 1.7868[00m
[91m Client9 Train => Local Epoch: 2 / 5 	Acc: 51.562 	Loss: 1.4347[00m
[91m Client9 Train => Local Epoch: 3 / 5 	Acc: 49.870 	Loss: 1.5083[00m
[91m Client9 Train => Local Epoch: 4 / 5 	Acc: 50.391 	Loss: 1.5780[00m
[92m  Client9 Test => 	Acc: 28.672 	Loss: 2.8623[00m
------------------------------------------------
------ Federation process at Server-Side ------- 
------------------------------------------------
-----------------------------------------------------------
------ FedServer: Federation process at Client-Side ------- 
-----------------------------------------------------------
[92m  Client0 Test => 	Acc: 16.138 	Loss: 2.4702[00m
 Train: Round   2, Avg Accuracy 62.767 | Avg Loss 1.168
[91m Client0 Train => Local Epoch: 0 / 5 	Acc: 51.628 	Loss: 1.5242[00m
[91m Client0 Train => Local Epoch: 1 / 5 	Acc: 68.099 	Loss: 1.0258[00m
[91m Client0 Train => Local Epoch: 2 / 5 	Acc: 78.320 	Loss: 0.6603[00m
[91m Client0 Train => Local Epoch: 3 / 5 	Acc: 84.863 	Loss: 0.4952[00m
[91m Client0 Train => Local Epoch: 4 / 5 	Acc: 87.435 	Loss: 0.4064[00m
[92m  Client0 Test => 	Acc: 51.792 	Loss: 3.9518[00m
[91m Client1 Train => Local Epoch: 0 / 5 	Acc: 34.375 	Loss: 2.0482[00m[codecarbon INFO @ 14:43:03] [setup] RAM Tracking...
[codecarbon INFO @ 14:43:03] [setup] CPU Tracking...
[codecarbon WARNING @ 14:43:03] No CPU tracking mode found. Falling back on CPU constant mode. 
 Windows OS detected: Please install Intel Power Gadget to measure CPU

[codecarbon INFO @ 14:43:05] CPU Model on constant consumption mode: Intel(R) Xeon(R) Gold 6258R CPU @ 2.70GHz
[codecarbon INFO @ 14:43:05] [setup] GPU Tracking...
[codecarbon INFO @ 14:43:05] Tracking Nvidia GPU via pynvml
[codecarbon INFO @ 14:43:05] >>> Tracker's metadata:
[codecarbon INFO @ 14:43:05]   Platform system: Windows-11-10.0.22631-SP0
[codecarbon INFO @ 14:43:05]   Python version: 3.12.7
[codecarbon INFO @ 14:43:05]   CodeCarbon version: 2.8.3
[codecarbon INFO @ 14:43:05]   Available RAM : 126.630 GB
[codecarbon INFO @ 14:43:05]   CPU count: 56
[codecarbon INFO @ 14:43:05]   CPU model: Intel(R) Xeon(R) Gold 6258R CPU @ 2.70GHz
[codecarbon INFO @ 14:43:05]   GPU count: 2
[codecarbon INFO @ 14:43:05]   GPU model: 2 x NVIDIA RTX A5000
[codecarbon INFO @ 14:43:08] Saving emissions data to file C:\Users\pr8pf\Documents\GitHub\SplitFed\emissions.csv
[codecarbon INFO @ 14:43:09] Energy consumed for RAM : 0.000013 kWh. RAM Power : 47.48608875274658 W
[codecarbon INFO @ 14:43:09] Energy consumed for all CPUs : 0.000028 kWh. Total CPU Power : 102.50000000000001 W
[codecarbon INFO @ 14:43:09] Energy consumed for all GPUs : 0.000005 kWh. Total GPU Power : 18.20656983924502 W
[codecarbon INFO @ 14:43:09] 0.000046 kWh of electricity used since the beginning.
[codecarbon INFO @ 14:44:04] [setup] RAM Tracking...
[codecarbon INFO @ 14:44:04] [setup] CPU Tracking...
[codecarbon WARNING @ 14:44:04] No CPU tracking mode found. Falling back on CPU constant mode. 
 Windows OS detected: Please install Intel Power Gadget to measure CPU

[codecarbon INFO @ 14:44:06] CPU Model on constant consumption mode: Intel(R) Xeon(R) Gold 6258R CPU @ 2.70GHz
[codecarbon INFO @ 14:44:06] [setup] GPU Tracking...
[codecarbon INFO @ 14:44:06] Tracking Nvidia GPU via pynvml
[codecarbon INFO @ 14:44:06] >>> Tracker's metadata:
[codecarbon INFO @ 14:44:06]   Platform system: Windows-11-10.0.22631-SP0
[codecarbon INFO @ 14:44:06]   Python version: 3.12.7
[codecarbon INFO @ 14:44:06]   CodeCarbon version: 2.8.3
[codecarbon INFO @ 14:44:06]   Available RAM : 126.630 GB
[codecarbon INFO @ 14:44:06]   CPU count: 56
[codecarbon INFO @ 14:44:06]   CPU model: Intel(R) Xeon(R) Gold 6258R CPU @ 2.70GHz
[codecarbon INFO @ 14:44:06]   GPU count: 2
[codecarbon INFO @ 14:44:06]   GPU model: 2 x NVIDIA RTX A5000
[codecarbon INFO @ 14:44:09] Saving emissions data to file C:\Users\pr8pf\Documents\GitHub\SplitFed\emissions.csv
[codecarbon INFO @ 14:44:10] Energy consumed for RAM : 0.000009 kWh. RAM Power : 47.48608875274658 W
[codecarbon INFO @ 14:44:10] Energy consumed for all CPUs : 0.000019 kWh. Total CPU Power : 102.50000000000001 W
[codecarbon INFO @ 14:44:10] Energy consumed for all GPUs : 0.000004 kWh. Total GPU Power : 18.473810569057683 W
[codecarbon INFO @ 14:44:10] 0.000032 kWh of electricity used since the beginning.

[91m Client1 Train => Local Epoch: 1 / 5 	Acc: 57.161 	Loss: 1.4115[00m
[91m Client1 Train => Local Epoch: 2 / 5 	Acc: 58.398 	Loss: 1.3415[00m
[91m Client1 Train => Local Epoch: 3 / 5 	Acc: 66.536 	Loss: 1.0605[00m
[91m Client1 Train => Local Epoch: 4 / 5 	Acc: 72.591 	Loss: 0.8336[00m
[92m  Client1 Test => 	Acc: 45.340 	Loss: 4.5633[00m
[91m Client2 Train => Local Epoch: 0 / 5 	Acc: 45.117 	Loss: 1.8321[00m
[91m Client2 Train => Local Epoch: 1 / 5 	Acc: 58.984 	Loss: 1.3097[00m
[91m Client2 Train => Local Epoch: 2 / 5 	Acc: 70.312 	Loss: 1.0106[00m
[91m Client2 Train => Local Epoch: 3 / 5 	Acc: 71.582 	Loss: 0.8974[00m
[91m Client2 Train => Local Epoch: 4 / 5 	Acc: 76.270 	Loss: 0.7799[00m
[92m  Client2 Test => 	Acc: 26.574 	Loss: 5.1918[00m
[91m Client3 Train => Local Epoch: 0 / 5 	Acc: 56.510 	Loss: 1.3812[00m
[91m Client3 Train => Local Epoch: 1 / 5 	Acc: 69.896 	Loss: 0.9433[00m
[91m Client3 Train => Local Epoch: 2 / 5 	Acc: 77.760 	Loss: 0.7335[00m
[91m Client3 Train => Local Epoch: 3 / 5 	Acc: 84.479 	Loss: 0.5399[00m
[91m Client3 Train => Local Epoch: 4 / 5 	Acc: 84.375 	Loss: 0.5359[00m
[92m  Client3 Test => 	Acc: 43.352 	Loss: 4.8734[00m
[91m Client4 Train => Local Epoch: 0 / 5 	Acc: 31.055 	Loss: 2.0106[00m
[91m Client4 Train => Local Epoch: 1 / 5 	Acc: 46.338 	Loss: 1.6343[00m
[91m Client4 Train => Local Epoch: 2 / 5 	Acc: 57.324 	Loss: 1.2874[00m
[91m Client4 Train => Local Epoch: 3 / 5 	Acc: 63.672 	Loss: 1.0750[00m
[91m Client4 Train => Local Epoch: 4 / 5 	Acc: 73.096 	Loss: 0.8190[00m
[92m  Client4 Test => 	Acc: 55.085 	Loss: 2.0891[00m
[91m Client5 Train => Local Epoch: 0 / 5 	Acc: 42.513 	Loss: 1.8596[00m
[91m Client5 Train => Local Epoch: 1 / 5 	Acc: 66.406 	Loss: 1.0693[00m
[91m Client5 Train => Local Epoch: 2 / 5 	Acc: 71.224 	Loss: 0.8854[00m
[91m Client5 Train => Local Epoch: 3 / 5 	Acc: 78.320 	Loss: 0.6574[00m
[91m Client5 Train => Local Epoch: 4 / 5 	Acc: 78.776 	Loss: 0.6183[00m
[92m  Client5 Test => 	Acc: 45.089 	Loss: 2.4861[00m
[91m Client6 Train => Local Epoch: 0 / 5 	Acc: 25.481 	Loss: 2.2555[00m
[91m Client6 Train => Local Epoch: 1 / 5 	Acc: 42.668 	Loss: 1.8099[00m
[91m Client6 Train => Local Epoch: 2 / 5 	Acc: 50.481 	Loss: 1.5625[00m
[91m Client6 Train => Local Epoch: 3 / 5 	Acc: 58.774 	Loss: 1.2392[00m
[91m Client6 Train => Local Epoch: 4 / 5 	Acc: 63.582 	Loss: 1.0694[00m
[92m  Client6 Test => 	Acc: 46.295 	Loss: 1.6618[00m
[91m Client7 Train => Local Epoch: 0 / 5 	Acc: 47.917 	Loss: 1.8918[00m
[91m Client7 Train => Local Epoch: 1 / 5 	Acc: 63.997 	Loss: 1.2366[00m
[91m Client7 Train => Local Epoch: 2 / 5 	Acc: 72.721 	Loss: 0.9220[00m
[91m Client7 Train => Local Epoch: 3 / 5 	Acc: 73.503 	Loss: 0.8727[00m
[91m Client7 Train => Local Epoch: 4 / 5 	Acc: 78.320 	Loss: 0.7477[00m
[92m  Client7 Test => 	Acc: 43.696 	Loss: 2.0653[00m
[91m Client8 Train => Local Epoch: 0 / 5 	Acc: 24.132 	Loss: 2.2335[00m
[91m Client8 Train => Local Epoch: 1 / 5 	Acc: 48.264 	Loss: 1.5901[00m
[91m Client8 Train => Local Epoch: 2 / 5 	Acc: 64.236 	Loss: 1.1636[00m
[91m Client8 Train => Local Epoch: 3 / 5 	Acc: 71.354 	Loss: 0.9158[00m
[91m Client8 Train => Local Epoch: 4 / 5 	Acc: 74.392 	Loss: 0.7821[00m
[92m  Client8 Test => 	Acc: 51.363 	Loss: 1.7048[00m
[91m Client9 Train => Local Epoch: 0 / 5 	Acc: 30.924 	Loss: 2.0764[00m
[91m Client9 Train => Local Epoch: 1 / 5 	Acc: 46.810 	Loss: 1.5417[00m
[91m Client9 Train => Local Epoch: 2 / 5 	Acc: 60.677 	Loss: 1.2177[00m
[91m Client9 Train => Local Epoch: 3 / 5 	Acc: 51.237 	Loss: 1.5101[00m
[91m Client9 Train => Local Epoch: 4 / 5 	Acc: 61.458 	Loss: 1.1655[00m
[92m  Client9 Test => 	Acc: 51.006 	Loss: 2.0261[00m
------------------------------------------------
------ Federation process at Server-Side ------- 
------------------------------------------------
-----------------------------------------------------------
------ FedServer: Federation process at Client-Side ------- 
-----------------------------------------------------------
[92m  Client0 Test => 	Acc: 34.311 	Loss: 1.9454[00m
 Train: Round   3, Avg Accuracy 75.030 | Avg Loss 0.776
[91m Client0 Train => Local Epoch: 0 / 5 	Acc: 72.591 	Loss: 0.8710[00m
[91m Client0 Train => Local Epoch: 1 / 5 	Acc: 82.064 	Loss: 0.5340[00m
[91m Client0 Train => Local Epoch: 2 / 5 	Acc: 85.417 	Loss: 0.4294[00m
[91m Client0 Train => Local Epoch: 3 / 5 	Acc: 89.974 	Loss: 0.3337[00m
[91m Client0 Train => Local Epoch: 4 / 5 	Acc: 90.723 	Loss: 0.3114[00m
[92m  Client0 Test => 	Acc: 46.923 	Loss: 5.3704[00m
[91m Client1 Train => Local Epoch: 0 / 5 	Acc: 57.878 	Loss: 1.3916[00m
[91m Client1 Train => Local Epoch: 1 / 5 	Acc: 66.992 	Loss: 1.0243[00m
[91m Client1 Train => Local Epoch: 2 / 5 	Acc: 69.922 	Loss: 0.8791[00m
[91m Client1 Train => Local Epoch: 3 / 5 	Acc: 75.651 	Loss: 0.7727[00m
[91m Client1 Train => Local Epoch: 4 / 5 	Acc: 78.125 	Loss: 0.6539[00m
[92m  Client1 Test => 	Acc: 56.095 	Loss: 3.6100[00m
[91m Client2 Train => Local Epoch: 0 / 5 	Acc: 62.305 	Loss: 1.2328[00m
[91m Client2 Train => Local Epoch: 1 / 5 	Acc: 73.926 	Loss: 0.8661[00m
[91m Client2 Train => Local Epoch: 2 / 5 	Acc: 78.223 	Loss: 0.6876[00m
[91m Client2 Train => Local Epoch: 3 / 5 	Acc: 80.859 	Loss: 0.6017[00m
[91m Client2 Train => Local Epoch: 4 / 5 	Acc: 84.180 	Loss: 0.5060[00m
[92m  Client2 Test => 	Acc: 41.708 	Loss: 5.9804[00m
[91m Client3 Train => Local Epoch: 0 / 5 	Acc: 72.917 	Loss: 0.9421[00m
[91m Client3 Train => Local Epoch: 1 / 5 	Acc: 82.969 	Loss: 0.5652[00m
[91m Client3 Train => Local Epoch: 2 / 5 	Acc: 86.823 	Loss: 0.4494[00m
[91m Client3 Train => Local Epoch: 3 / 5 	Acc: 88.594 	Loss: 0.3430[00m
[91m Client3 Train => Local Epoch: 4 / 5 	Acc: 89.896 	Loss: 0.3283[00m
[92m  Client3 Test => 	Acc: 51.569 	Loss: 4.0962[00m
[91m Client4 Train => Local Epoch: 0 / 5 	Acc: 49.951 	Loss: 1.4615[00m
[91m Client4 Train => Local Epoch: 1 / 5 	Acc: 67.334 	Loss: 0.9766[00m
[91m Client4 Train => Local Epoch: 2 / 5 	Acc: 74.023 	Loss: 0.7891[00m
[91m Client4 Train => Local Epoch: 3 / 5 	Acc: 78.613 	Loss: 0.6412[00m
[91m Client4 Train => Local Epoch: 4 / 5 	Acc: 83.838 	Loss: 0.5019[00m
[92m  Client4 Test => 	Acc: 65.400 	Loss: 1.8211[00m
[91m Client5 Train => Local Epoch: 0 / 5 	Acc: 63.216 	Loss: 1.1876[00m
[91m Client5 Train => Local Epoch: 1 / 5 	Acc: 75.977 	Loss: 0.7474[00m
[91m Client5 Train => Local Epoch: 2 / 5 	Acc: 80.729 	Loss: 0.5935[00m
[91m Client5 Train => Local Epoch: 3 / 5 	Acc: 79.362 	Loss: 0.5751[00m
[91m Client5 Train => Local Epoch: 4 / 5 	Acc: 81.120 	Loss: 0.5545[00m
[92m  Client5 Test => 	Acc: 47.926 	Loss: 2.4733[00m
[91m Client6 Train => Local Epoch: 0 / 5 	Acc: 47.416 	Loss: 1.5513[00m
[91m Client6 Train => Local Epoch: 1 / 5 	Acc: 58.474 	Loss: 1.2297[00m
[91m Client6 Train => Local Epoch: 2 / 5 	Acc: 68.029 	Loss: 0.9707[00m
[91m Client6 Train => Local Epoch: 3 / 5 	Acc: 75.120 	Loss: 0.7912[00m
[91m Client6 Train => Local Epoch: 4 / 5 	Acc: 66.947 	Loss: 1.0047[00m
[92m  Client6 Test => 	Acc: 59.680 	Loss: 1.2349[00m
[91m Client7 Train => Local Epoch: 0 / 5 	Acc: 65.039 	Loss: 1.1594[00m
[91m Client7 Train => Local Epoch: 1 / 5 	Acc: 75.195 	Loss: 0.7520[00m
[91m Client7 Train => Local Epoch: 2 / 5 	Acc: 81.380 	Loss: 0.5767[00m
[91m Client7 Train => Local Epoch: 3 / 5 	Acc: 81.315 	Loss: 0.5993[00m
[91m Client7 Train => Local Epoch: 4 / 5 	Acc: 84.766 	Loss: 0.5095[00m
[92m  Client7 Test => 	Acc: 49.794 	Loss: 1.8596[00m
[91m Client8 Train => Local Epoch: 0 / 5 	Acc: 53.559 	Loss: 1.5210[00m
[91m Client8 Train => Local Epoch: 1 / 5 	Acc: 73.177 	Loss: 0.8724[00m
[91m Client8 Train => Local Epoch: 2 / 5 	Acc: 78.819 	Loss: 0.6804[00m
[91m Client8 Train => Local Epoch: 3 / 5 	Acc: 78.819 	Loss: 0.6648[00m
[91m Client8 Train => Local Epoch: 4 / 5 	Acc: 82.378 	Loss: 0.5705[00m
[92m  Client8 Test => 	Acc: 64.028 	Loss: 1.2400[00m
[91m Client9 Train => Local Epoch: 0 / 5 	Acc: 48.633 	Loss: 1.5066[00m[codecarbon INFO @ 15:06:26] [setup] RAM Tracking...
[codecarbon INFO @ 15:06:26] [setup] CPU Tracking...
[codecarbon WARNING @ 15:06:26] No CPU tracking mode found. Falling back on CPU constant mode. 
 Windows OS detected: Please install Intel Power Gadget to measure CPU

[codecarbon INFO @ 15:06:27] CPU Model on constant consumption mode: Intel(R) Xeon(R) Gold 6258R CPU @ 2.70GHz
[codecarbon INFO @ 15:06:27] [setup] GPU Tracking...
[codecarbon INFO @ 15:06:27] Tracking Nvidia GPU via pynvml
[codecarbon INFO @ 15:06:28] >>> Tracker's metadata:
[codecarbon INFO @ 15:06:28]   Platform system: Windows-11-10.0.22631-SP0
[codecarbon INFO @ 15:06:28]   Python version: 3.12.7
[codecarbon INFO @ 15:06:28]   CodeCarbon version: 2.8.3
[codecarbon INFO @ 15:06:28]   Available RAM : 126.630 GB
[codecarbon INFO @ 15:06:28]   CPU count: 56
[codecarbon INFO @ 15:06:28]   CPU model: Intel(R) Xeon(R) Gold 6258R CPU @ 2.70GHz
[codecarbon INFO @ 15:06:28]   GPU count: 2
[codecarbon INFO @ 15:06:28]   GPU model: 2 x NVIDIA RTX A5000
[codecarbon INFO @ 15:06:31] Saving emissions data to file C:\Users\pr8pf\Documents\GitHub\SplitFed\emissions.csv
[codecarbon INFO @ 15:06:32] Energy consumed for RAM : 0.000014 kWh. RAM Power : 47.48608875274658 W
[codecarbon INFO @ 15:06:32] Energy consumed for all CPUs : 0.000030 kWh. Total CPU Power : 102.50000000000001 W
[codecarbon INFO @ 15:06:32] Energy consumed for all GPUs : 0.000007 kWh. Total GPU Power : 25.308062653474177 W
[codecarbon INFO @ 15:06:32] 0.000051 kWh of electricity used since the beginning.
[codecarbon INFO @ 15:07:28] [setup] RAM Tracking...
[codecarbon INFO @ 15:07:28] [setup] CPU Tracking...
[codecarbon WARNING @ 15:07:28] No CPU tracking mode found. Falling back on CPU constant mode. 
 Windows OS detected: Please install Intel Power Gadget to measure CPU

[codecarbon INFO @ 15:07:30] CPU Model on constant consumption mode: Intel(R) Xeon(R) Gold 6258R CPU @ 2.70GHz
[codecarbon INFO @ 15:07:30] [setup] GPU Tracking...
[codecarbon INFO @ 15:07:30] Tracking Nvidia GPU via pynvml
[codecarbon INFO @ 15:07:30] >>> Tracker's metadata:
[codecarbon INFO @ 15:07:30]   Platform system: Windows-11-10.0.22631-SP0
[codecarbon INFO @ 15:07:30]   Python version: 3.12.7
[codecarbon INFO @ 15:07:30]   CodeCarbon version: 2.8.3
[codecarbon INFO @ 15:07:30]   Available RAM : 126.630 GB
[codecarbon INFO @ 15:07:30]   CPU count: 56
[codecarbon INFO @ 15:07:30]   CPU model: Intel(R) Xeon(R) Gold 6258R CPU @ 2.70GHz
[codecarbon INFO @ 15:07:30]   GPU count: 2
[codecarbon INFO @ 15:07:30]   GPU model: 2 x NVIDIA RTX A5000
[codecarbon INFO @ 15:07:33] Saving emissions data to file C:\Users\pr8pf\Documents\GitHub\SplitFed\emissions.csv
[codecarbon INFO @ 15:07:34] Energy consumed for RAM : 0.000013 kWh. RAM Power : 47.48608875274658 W
[codecarbon INFO @ 15:07:34] Energy consumed for all CPUs : 0.000028 kWh. Total CPU Power : 102.50000000000001 W
[codecarbon INFO @ 15:07:34] Energy consumed for all GPUs : 0.000005 kWh. Total GPU Power : 19.700179528583668 W
[codecarbon INFO @ 15:07:34] 0.000047 kWh of electricity used since the beginning.
[codecarbon INFO @ 15:30:00] [setup] RAM Tracking...
[codecarbon INFO @ 15:30:00] [setup] CPU Tracking...
[codecarbon WARNING @ 15:30:00] No CPU tracking mode found. Falling back on CPU constant mode. 
 Windows OS detected: Please install Intel Power Gadget to measure CPU

[codecarbon INFO @ 15:30:02] CPU Model on constant consumption mode: Intel(R) Xeon(R) Gold 6258R CPU @ 2.70GHz
[codecarbon INFO @ 15:30:02] [setup] GPU Tracking...
[codecarbon INFO @ 15:30:02] Tracking Nvidia GPU via pynvml
[codecarbon INFO @ 15:30:02] >>> Tracker's metadata:
[codecarbon INFO @ 15:30:02]   Platform system: Windows-11-10.0.22631-SP0
[codecarbon INFO @ 15:30:02]   Python version: 3.12.7
[codecarbon INFO @ 15:30:02]   CodeCarbon version: 2.8.3
[codecarbon INFO @ 15:30:02]   Available RAM : 126.630 GB
[codecarbon INFO @ 15:30:02]   CPU count: 56
[codecarbon INFO @ 15:30:02]   CPU model: Intel(R) Xeon(R) Gold 6258R CPU @ 2.70GHz
[codecarbon INFO @ 15:30:02]   GPU count: 2
[codecarbon INFO @ 15:30:02]   GPU model: 2 x NVIDIA RTX A5000
[codecarbon INFO @ 15:30:05] Saving emissions data to file C:\Users\pr8pf\Documents\GitHub\SplitFed\emissions.csv
[codecarbon INFO @ 15:30:06] Energy consumed for RAM : 0.000014 kWh. RAM Power : 47.48608875274658 W
[codecarbon INFO @ 15:30:06] Energy consumed for all CPUs : 0.000030 kWh. Total CPU Power : 102.50000000000001 W
[codecarbon INFO @ 15:30:06] Energy consumed for all GPUs : 0.000006 kWh. Total GPU Power : 19.38532351477812 W
[codecarbon INFO @ 15:30:06] 0.000049 kWh of electricity used since the beginning.
[codecarbon INFO @ 15:31:01] [setup] RAM Tracking...
[codecarbon INFO @ 15:31:01] [setup] CPU Tracking...
[codecarbon WARNING @ 15:31:01] No CPU tracking mode found. Falling back on CPU constant mode. 
 Windows OS detected: Please install Intel Power Gadget to measure CPU

[codecarbon INFO @ 15:31:03] CPU Model on constant consumption mode: Intel(R) Xeon(R) Gold 6258R CPU @ 2.70GHz
[codecarbon INFO @ 15:31:03] [setup] GPU Tracking...
[codecarbon INFO @ 15:31:03] Tracking Nvidia GPU via pynvml
[codecarbon INFO @ 15:31:03] >>> Tracker's metadata:
[codecarbon INFO @ 15:31:03]   Platform system: Windows-11-10.0.22631-SP0
[codecarbon INFO @ 15:31:03]   Python version: 3.12.7
[codecarbon INFO @ 15:31:03]   CodeCarbon version: 2.8.3
[codecarbon INFO @ 15:31:03]   Available RAM : 126.630 GB
[codecarbon INFO @ 15:31:03]   CPU count: 56
[codecarbon INFO @ 15:31:03]   CPU model: Intel(R) Xeon(R) Gold 6258R CPU @ 2.70GHz
[codecarbon INFO @ 15:31:03]   GPU count: 2
[codecarbon INFO @ 15:31:03]   GPU model: 2 x NVIDIA RTX A5000
[codecarbon INFO @ 15:31:06] Saving emissions data to file C:\Users\pr8pf\Documents\GitHub\SplitFed\emissions.csv
[codecarbon INFO @ 15:31:07] Energy consumed for RAM : 0.000013 kWh. RAM Power : 47.48608875274658 W
[codecarbon INFO @ 15:31:07] Energy consumed for all CPUs : 0.000028 kWh. Total CPU Power : 102.50000000000001 W
[codecarbon INFO @ 15:31:07] Energy consumed for all GPUs : 0.000005 kWh. Total GPU Power : 19.946785211922585 W
[codecarbon INFO @ 15:31:07] 0.000046 kWh of electricity used since the beginning.

[91m Client9 Train => Local Epoch: 1 / 5 	Acc: 64.779 	Loss: 1.0384[00m
[91m Client9 Train => Local Epoch: 2 / 5 	Acc: 68.620 	Loss: 0.8789[00m
[91m Client9 Train => Local Epoch: 3 / 5 	Acc: 74.219 	Loss: 0.7625[00m
[91m Client9 Train => Local Epoch: 4 / 5 	Acc: 81.641 	Loss: 0.5718[00m
[92m  Client9 Test => 	Acc: 65.871 	Loss: 1.6199[00m
------------------------------------------------
------ Federation process at Server-Side ------- 
------------------------------------------------
-----------------------------------------------------------
------ FedServer: Federation process at Client-Side ------- 
-----------------------------------------------------------
[92m  Client0 Test => 	Acc: 53.162 	Loss: 1.2561[00m
 Train: Round   4, Avg Accuracy 82.361 | Avg Loss 0.551
[91m Client0 Train => Local Epoch: 0 / 5 	Acc: 80.436 	Loss: 0.6173[00m
[91m Client0 Train => Local Epoch: 1 / 5 	Acc: 88.411 	Loss: 0.3681[00m
[91m Client0 Train => Local Epoch: 2 / 5 	Acc: 90.430 	Loss: 0.2997[00m
[91m Client0 Train => Local Epoch: 3 / 5 	Acc: 92.415 	Loss: 0.2452[00m
[91m Client0 Train => Local Epoch: 4 / 5 	Acc: 94.596 	Loss: 0.1832[00m
[92m  Client0 Test => 	Acc: 57.280 	Loss: 4.6643[00m
[91m Client1 Train => Local Epoch: 0 / 5 	Acc: 74.089 	Loss: 0.8121[00m
[91m Client1 Train => Local Epoch: 1 / 5 	Acc: 79.688 	Loss: 0.6283[00m
[91m Client1 Train => Local Epoch: 2 / 5 	Acc: 83.268 	Loss: 0.5426[00m
[91m Client1 Train => Local Epoch: 3 / 5 	Acc: 82.161 	Loss: 0.5475[00m
[91m Client1 Train => Local Epoch: 4 / 5 	Acc: 86.719 	Loss: 0.4078[00m
[92m  Client1 Test => 	Acc: 67.546 	Loss: 3.8481[00m
[91m Client2 Train => Local Epoch: 0 / 5 	Acc: 76.660 	Loss: 0.6926[00m
[91m Client2 Train => Local Epoch: 1 / 5 	Acc: 84.277 	Loss: 0.5076[00m
[91m Client2 Train => Local Epoch: 2 / 5 	Acc: 86.426 	Loss: 0.3970[00m
[91m Client2 Train => Local Epoch: 3 / 5 	Acc: 87.207 	Loss: 0.3645[00m
[91m Client2 Train => Local Epoch: 4 / 5 	Acc: 89.844 	Loss: 0.2955[00m
[92m  Client2 Test => 	Acc: 40.852 	Loss: 5.1719[00m
[91m Client3 Train => Local Epoch: 0 / 5 	Acc: 85.260 	Loss: 0.5274[00m
[91m Client3 Train => Local Epoch: 1 / 5 	Acc: 87.552 	Loss: 0.4028[00m
[91m Client3 Train => Local Epoch: 2 / 5 	Acc: 89.792 	Loss: 0.2966[00m
[91m Client3 Train => Local Epoch: 3 / 5 	Acc: 91.406 	Loss: 0.2665[00m
[91m Client3 Train => Local Epoch: 4 / 5 	Acc: 90.260 	Loss: 0.3036[00m
[92m  Client3 Test => 	Acc: 54.992 	Loss: 4.7446[00m
[91m Client4 Train => Local Epoch: 0 / 5 	Acc: 70.410 	Loss: 0.8993[00m
[91m Client4 Train => Local Epoch: 1 / 5 	Acc: 81.055 	Loss: 0.5705[00m
[91m Client4 Train => Local Epoch: 2 / 5 	Acc: 79.443 	Loss: 0.6230[00m
[91m Client4 Train => Local Epoch: 3 / 5 	Acc: 84.668 	Loss: 0.4775[00m
[91m Client4 Train => Local Epoch: 4 / 5 	Acc: 87.354 	Loss: 0.4057[00m
[92m  Client4 Test => 	Acc: 72.917 	Loss: 1.4124[00m
[91m Client5 Train => Local Epoch: 0 / 5 	Acc: 77.474 	Loss: 0.6862[00m
[91m Client5 Train => Local Epoch: 1 / 5 	Acc: 83.138 	Loss: 0.5221[00m
[91m Client5 Train => Local Epoch: 2 / 5 	Acc: 86.849 	Loss: 0.4064[00m
[91m Client5 Train => Local Epoch: 3 / 5 	Acc: 88.477 	Loss: 0.3261[00m
[91m Client5 Train => Local Epoch: 4 / 5 	Acc: 89.909 	Loss: 0.3220[00m
[92m  Client5 Test => 	Acc: 59.464 	Loss: 2.2169[00m
[91m Client6 Train => Local Epoch: 0 / 5 	Acc: 62.981 	Loss: 1.0524[00m
[91m Client6 Train => Local Epoch: 1 / 5 	Acc: 77.704 	Loss: 0.6990[00m
[91m Client6 Train => Local Epoch: 2 / 5 	Acc: 79.147 	Loss: 0.6333[00m
[91m Client6 Train => Local Epoch: 3 / 5 	Acc: 80.950 	Loss: 0.5662[00m
[91m Client6 Train => Local Epoch: 4 / 5 	Acc: 86.358 	Loss: 0.4252[00m
[92m  Client6 Test => 	Acc: 77.988 	Loss: 0.6918[00m
[91m Client7 Train => Local Epoch: 0 / 5 	Acc: 78.060 	Loss: 0.6476[00m
[91m Client7 Train => Local Epoch: 1 / 5 	Acc: 84.375 	Loss: 0.5018[00m
[91m Client7 Train => Local Epoch: 2 / 5 	Acc: 88.281 	Loss: 0.3649[00m
[91m Client7 Train => Local Epoch: 3 / 5 	Acc: 90.951 	Loss: 0.3109[00m
[91m Client7 Train => Local Epoch: 4 / 5 	Acc: 91.536 	Loss: 0.2655[00m
[92m  Client7 Test => 	Acc: 67.323 	Loss: 1.0902[00m
[91m Client8 Train => Local Epoch: 0 / 5 	Acc: 73.698 	Loss: 0.7957[00m
[91m Client8 Train => Local Epoch: 1 / 5 	Acc: 81.510 	Loss: 0.5405[00m
[91m Client8 Train => Local Epoch: 2 / 5 	Acc: 81.771 	Loss: 0.5843[00m
[91m Client8 Train => Local Epoch: 3 / 5 	Acc: 81.076 	Loss: 0.5633[00m
[91m Client8 Train => Local Epoch: 4 / 5 	Acc: 86.198 	Loss: 0.4197[00m
[92m  Client8 Test => 	Acc: 69.971 	Loss: 0.9973[00m
[91m Client9 Train => Local Epoch: 0 / 5 	Acc: 64.388 	Loss: 1.0037[00m
[91m Client9 Train => Local Epoch: 1 / 5 	Acc: 82.031 	Loss: 0.5686[00m
[91m Client9 Train => Local Epoch: 2 / 5 	Acc: 83.203 	Loss: 0.5413[00m
[91m Client9 Train => Local Epoch: 3 / 5 	Acc: 87.500 	Loss: 0.4024[00m
[91m Client9 Train => Local Epoch: 4 / 5 	Acc: 91.016 	Loss: 0.3014[00m
[92m  Client9 Test => 	Acc: 67.403 	Loss: 1.6106[00m
------------------------------------------------
------ Federation process at Server-Side ------- 
------------------------------------------------
-----------------------------------------------------------
------ FedServer: Federation process at Client-Side ------- 
-----------------------------------------------------------
[92m  Client0 Test => 	Acc: 68.227 	Loss: 0.7860[00m
 Train: Round   5, Avg Accuracy 89.379 | Avg Loss 0.333
[91m Client0 Train => Local Epoch: 0 / 5 	Acc: 90.202 	Loss: 0.3291[00m
[91m Client0 Train => Local Epoch: 1 / 5 	Acc: 92.936 	Loss: 0.2322[00m
[91m Client0 Train => Local Epoch: 2 / 5 	Acc: 93.294 	Loss: 0.2255[00m
[91m Client0 Train => Local Epoch: 3 / 5 	Acc: 94.727 	Loss: 0.1773[00m
[91m Client0 Train => Local Epoch: 4 / 5 	Acc: 94.759 	Loss: 0.1616[00m
[92m  Client0 Test => 	Acc: 58.561 	Loss: 3.5995[00m
[91m Client1 Train => Local Epoch: 0 / 5 	Acc: 82.422 	Loss: 0.5464[00m
[91m Client1 Train => Local Epoch: 1 / 5 	Acc: 87.370 	Loss: 0.4065[00m
[91m Client1 Train => Local Epoch: 2 / 5 	Acc: 89.714 	Loss: 0.3024[00m
[91m Client1 Train => Local Epoch: 3 / 5 	Acc: 90.169 	Loss: 0.3167[00m
[91m Client1 Train => Local Epoch: 4 / 5 	Acc: 89.583 	Loss: 0.3362[00m
[92m  Client1 Test => 	Acc: 72.327 	Loss: 3.4374[00m
[91m Client2 Train => Local Epoch: 0 / 5 	Acc: 82.129 	Loss: 0.5088[00m
[91m Client2 Train => Local Epoch: 1 / 5 	Acc: 90.332 	Loss: 0.3376[00m
[91m Client2 Train => Local Epoch: 2 / 5 	Acc: 89.746 	Loss: 0.2997[00m
[91m Client2 Train => Local Epoch: 3 / 5 	Acc: 91.895 	Loss: 0.2335[00m
[91m Client2 Train => Local Epoch: 4 / 5 	Acc: 93.359 	Loss: 0.2118[00m
[92m  Client2 Test => 	Acc: 54.884 	Loss: 5.8766[00m
[91m Client3 Train => Local Epoch: 0 / 5 	Acc: 91.667 	Loss: 0.2745[00m
[91m Client3 Train => Local Epoch: 1 / 5 	Acc: 92.656 	Loss: 0.2386[00m
[91m Client3 Train => Local Epoch: 2 / 5 	Acc: 92.396 	Loss: 0.2339[00m
[91m Client3 Train => Local Epoch: 3 / 5 	Acc: 94.323 	Loss: 0.1730[00m
[91m Client3 Train => Local Epoch: 4 / 5 	Acc: 94.323 	Loss: 0.1853[00m
[92m  Client3 Test => 	Acc: 61.637 	Loss: 5.3257[00m
[91m Client4 Train => Local Epoch: 0 / 5 	Acc: 76.953 	Loss: 0.6564[00m
[91m Client4 Train => Local Epoch: 1 / 5 	Acc: 85.059 	Loss: 0.4822[00m
[91m Client4 Train => Local Epoch: 2 / 5 	Acc: 89.355 	Loss: 0.3293[00m
[91m Client4 Train => Local Epoch: 3 / 5 	Acc: 89.160 	Loss: 0.3226[00m
[91m Client4 Train => Local Epoch: 4 / 5 	Acc: 90.576 	Loss: 0.2953[00m
[92m  Client4 Test => 	Acc: 76.530 	Loss: 1.1196[00m
[91m Client5 Train => Local Epoch: 0 / 5 	Acc: 85.156 	Loss: 0.4576[00m
[91m Client5 Train => Local Epoch: 1 / 5 	Acc: 90.299 	Loss: 0.3162[00m
[91m Client5 Train => Local Epoch: 2 / 5 	Acc: 92.318 	Loss: 0.2507[00m
[91m Client5 Train => Local Epoch: 3 / 5 	Acc: 91.862 	Loss: 0.2496[00m
[91m Client5 Train => Local Epoch: 4 / 5 	Acc: 90.820 	Loss: 0.2664[00m
[92m  Client5 Test => 	Acc: 70.867 	Loss: 1.4417[00m
[91m Client6 Train => Local Epoch: 0 / 5 	Acc: 78.425 	Loss: 0.6427[00m[codecarbon INFO @ 15:53:25] [setup] RAM Tracking...
[codecarbon INFO @ 15:53:25] [setup] CPU Tracking...
[codecarbon WARNING @ 15:53:25] No CPU tracking mode found. Falling back on CPU constant mode. 
 Windows OS detected: Please install Intel Power Gadget to measure CPU

[codecarbon INFO @ 15:53:27] CPU Model on constant consumption mode: Intel(R) Xeon(R) Gold 6258R CPU @ 2.70GHz
[codecarbon INFO @ 15:53:27] [setup] GPU Tracking...
[codecarbon INFO @ 15:53:27] Tracking Nvidia GPU via pynvml
[codecarbon INFO @ 15:53:27] >>> Tracker's metadata:
[codecarbon INFO @ 15:53:27]   Platform system: Windows-11-10.0.22631-SP0
[codecarbon INFO @ 15:53:27]   Python version: 3.12.7
[codecarbon INFO @ 15:53:27]   CodeCarbon version: 2.8.3
[codecarbon INFO @ 15:53:27]   Available RAM : 126.630 GB
[codecarbon INFO @ 15:53:27]   CPU count: 56
[codecarbon INFO @ 15:53:27]   CPU model: Intel(R) Xeon(R) Gold 6258R CPU @ 2.70GHz
[codecarbon INFO @ 15:53:27]   GPU count: 2
[codecarbon INFO @ 15:53:27]   GPU model: 2 x NVIDIA RTX A5000
[codecarbon INFO @ 15:53:30] Saving emissions data to file C:\Users\pr8pf\Documents\GitHub\SplitFed\emissions.csv
[codecarbon INFO @ 15:53:31] Energy consumed for RAM : 0.000013 kWh. RAM Power : 47.48608875274658 W
[codecarbon INFO @ 15:53:31] Energy consumed for all CPUs : 0.000028 kWh. Total CPU Power : 102.50000000000001 W
[codecarbon INFO @ 15:53:31] Energy consumed for all GPUs : 0.000005 kWh. Total GPU Power : 19.47038630221384 W
[codecarbon INFO @ 15:53:31] 0.000046 kWh of electricity used since the beginning.
[codecarbon INFO @ 15:54:26] [setup] RAM Tracking...
[codecarbon INFO @ 15:54:26] [setup] CPU Tracking...
[codecarbon WARNING @ 15:54:26] No CPU tracking mode found. Falling back on CPU constant mode. 
 Windows OS detected: Please install Intel Power Gadget to measure CPU

[codecarbon INFO @ 15:54:28] CPU Model on constant consumption mode: Intel(R) Xeon(R) Gold 6258R CPU @ 2.70GHz
[codecarbon INFO @ 15:54:28] [setup] GPU Tracking...
[codecarbon INFO @ 15:54:28] Tracking Nvidia GPU via pynvml
[codecarbon INFO @ 15:54:28] >>> Tracker's metadata:
[codecarbon INFO @ 15:54:28]   Platform system: Windows-11-10.0.22631-SP0
[codecarbon INFO @ 15:54:28]   Python version: 3.12.7
[codecarbon INFO @ 15:54:28]   CodeCarbon version: 2.8.3
[codecarbon INFO @ 15:54:28]   Available RAM : 126.630 GB
[codecarbon INFO @ 15:54:28]   CPU count: 56
[codecarbon INFO @ 15:54:28]   CPU model: Intel(R) Xeon(R) Gold 6258R CPU @ 2.70GHz
[codecarbon INFO @ 15:54:28]   GPU count: 2
[codecarbon INFO @ 15:54:28]   GPU model: 2 x NVIDIA RTX A5000
[codecarbon INFO @ 15:54:31] Saving emissions data to file C:\Users\pr8pf\Documents\GitHub\SplitFed\emissions.csv
[codecarbon INFO @ 15:54:32] Energy consumed for RAM : 0.000011 kWh. RAM Power : 47.48608875274658 W
[codecarbon INFO @ 15:54:32] Energy consumed for all CPUs : 0.000023 kWh. Total CPU Power : 102.50000000000001 W
[codecarbon INFO @ 15:54:32] Energy consumed for all GPUs : 0.000004 kWh. Total GPU Power : 18.851247520132688 W
[codecarbon INFO @ 15:54:32] 0.000038 kWh of electricity used since the beginning.
[codecarbon INFO @ 16:16:56] [setup] RAM Tracking...
[codecarbon INFO @ 16:16:56] [setup] CPU Tracking...
[codecarbon WARNING @ 16:16:56] No CPU tracking mode found. Falling back on CPU constant mode. 
 Windows OS detected: Please install Intel Power Gadget to measure CPU

[codecarbon INFO @ 16:16:57] CPU Model on constant consumption mode: Intel(R) Xeon(R) Gold 6258R CPU @ 2.70GHz
[codecarbon INFO @ 16:16:57] [setup] GPU Tracking...
[codecarbon INFO @ 16:16:57] Tracking Nvidia GPU via pynvml
[codecarbon INFO @ 16:16:58] >>> Tracker's metadata:
[codecarbon INFO @ 16:16:58]   Platform system: Windows-11-10.0.22631-SP0
[codecarbon INFO @ 16:16:58]   Python version: 3.12.7
[codecarbon INFO @ 16:16:58]   CodeCarbon version: 2.8.3
[codecarbon INFO @ 16:16:58]   Available RAM : 126.630 GB
[codecarbon INFO @ 16:16:58]   CPU count: 56
[codecarbon INFO @ 16:16:58]   CPU model: Intel(R) Xeon(R) Gold 6258R CPU @ 2.70GHz
[codecarbon INFO @ 16:16:58]   GPU count: 2
[codecarbon INFO @ 16:16:58]   GPU model: 2 x NVIDIA RTX A5000
[codecarbon INFO @ 16:17:01] Saving emissions data to file C:\Users\pr8pf\Documents\GitHub\SplitFed\emissions.csv
[codecarbon INFO @ 16:17:02] Energy consumed for RAM : 0.000017 kWh. RAM Power : 47.48608875274658 W
[codecarbon INFO @ 16:17:02] Energy consumed for all CPUs : 0.000037 kWh. Total CPU Power : 102.50000000000001 W
[codecarbon INFO @ 16:17:02] Energy consumed for all GPUs : 0.000007 kWh. Total GPU Power : 18.493063609527518 W
[codecarbon INFO @ 16:17:02] 0.000060 kWh of electricity used since the beginning.
[codecarbon INFO @ 16:17:58] [setup] RAM Tracking...
[codecarbon INFO @ 16:17:58] [setup] CPU Tracking...
[codecarbon WARNING @ 16:17:58] No CPU tracking mode found. Falling back on CPU constant mode. 
 Windows OS detected: Please install Intel Power Gadget to measure CPU

[codecarbon INFO @ 16:17:59] CPU Model on constant consumption mode: Intel(R) Xeon(R) Gold 6258R CPU @ 2.70GHz
[codecarbon INFO @ 16:17:59] [setup] GPU Tracking...
[codecarbon INFO @ 16:17:59] Tracking Nvidia GPU via pynvml
[codecarbon INFO @ 16:17:59] >>> Tracker's metadata:
[codecarbon INFO @ 16:17:59]   Platform system: Windows-11-10.0.22631-SP0
[codecarbon INFO @ 16:17:59]   Python version: 3.12.7
[codecarbon INFO @ 16:17:59]   CodeCarbon version: 2.8.3
[codecarbon INFO @ 16:17:59]   Available RAM : 126.630 GB
[codecarbon INFO @ 16:17:59]   CPU count: 56
[codecarbon INFO @ 16:17:59]   CPU model: Intel(R) Xeon(R) Gold 6258R CPU @ 2.70GHz
[codecarbon INFO @ 16:17:59]   GPU count: 2
[codecarbon INFO @ 16:17:59]   GPU model: 2 x NVIDIA RTX A5000
[codecarbon INFO @ 16:18:02] Saving emissions data to file C:\Users\pr8pf\Documents\GitHub\SplitFed\emissions.csv
[codecarbon INFO @ 16:18:03] Energy consumed for RAM : 0.000009 kWh. RAM Power : 47.48608875274658 W
[codecarbon INFO @ 16:18:03] Energy consumed for all CPUs : 0.000020 kWh. Total CPU Power : 102.50000000000001 W
[codecarbon INFO @ 16:18:03] Energy consumed for all GPUs : 0.000004 kWh. Total GPU Power : 19.506513360193697 W
[codecarbon INFO @ 16:18:03] 0.000033 kWh of electricity used since the beginning.

[91m Client6 Train => Local Epoch: 1 / 5 	Acc: 83.714 	Loss: 0.5020[00m
[91m Client6 Train => Local Epoch: 2 / 5 	Acc: 87.560 	Loss: 0.3944[00m
[91m Client6 Train => Local Epoch: 3 / 5 	Acc: 89.904 	Loss: 0.3017[00m
[91m Client6 Train => Local Epoch: 4 / 5 	Acc: 90.264 	Loss: 0.2543[00m
[92m  Client6 Test => 	Acc: 84.826 	Loss: 0.5004[00m
[91m Client7 Train => Local Epoch: 0 / 5 	Acc: 89.323 	Loss: 0.3584[00m
[91m Client7 Train => Local Epoch: 1 / 5 	Acc: 92.253 	Loss: 0.2719[00m
[91m Client7 Train => Local Epoch: 2 / 5 	Acc: 92.057 	Loss: 0.2632[00m
[91m Client7 Train => Local Epoch: 3 / 5 	Acc: 93.555 	Loss: 0.1983[00m
[91m Client7 Train => Local Epoch: 4 / 5 	Acc: 94.271 	Loss: 0.1812[00m
[92m  Client7 Test => 	Acc: 70.809 	Loss: 0.9100[00m
[91m Client8 Train => Local Epoch: 0 / 5 	Acc: 82.899 	Loss: 0.5048[00m
[91m Client8 Train => Local Epoch: 1 / 5 	Acc: 85.590 	Loss: 0.4409[00m
[91m Client8 Train => Local Epoch: 2 / 5 	Acc: 87.326 	Loss: 0.3838[00m
[91m Client8 Train => Local Epoch: 3 / 5 	Acc: 88.542 	Loss: 0.3285[00m
[91m Client8 Train => Local Epoch: 4 / 5 	Acc: 91.667 	Loss: 0.2410[00m
[92m  Client8 Test => 	Acc: 78.862 	Loss: 0.7698[00m
[91m Client9 Train => Local Epoch: 0 / 5 	Acc: 81.120 	Loss: 0.5862[00m
[91m Client9 Train => Local Epoch: 1 / 5 	Acc: 90.169 	Loss: 0.3415[00m
[91m Client9 Train => Local Epoch: 2 / 5 	Acc: 89.258 	Loss: 0.3247[00m
[91m Client9 Train => Local Epoch: 3 / 5 	Acc: 90.039 	Loss: 0.3280[00m
[91m Client9 Train => Local Epoch: 4 / 5 	Acc: 91.146 	Loss: 0.2789[00m
[92m  Client9 Test => 	Acc: 69.783 	Loss: 1.6117[00m
------------------------------------------------
------ Federation process at Server-Side ------- 
------------------------------------------------
-----------------------------------------------------------
------ FedServer: Federation process at Client-Side ------- 
-----------------------------------------------------------
[92m  Client0 Test => 	Acc: 75.404 	Loss: 0.6365[00m
 Train: Round   6, Avg Accuracy 92.077 | Avg Loss 0.241
[91m Client0 Train => Local Epoch: 0 / 5 	Acc: 94.401 	Loss: 0.1669[00m
[91m Client0 Train => Local Epoch: 1 / 5 	Acc: 95.833 	Loss: 0.1376[00m
[91m Client0 Train => Local Epoch: 2 / 5 	Acc: 94.954 	Loss: 0.1495[00m
[91m Client0 Train => Local Epoch: 3 / 5 	Acc: 94.694 	Loss: 0.1772[00m
[91m Client0 Train => Local Epoch: 4 / 5 	Acc: 95.378 	Loss: 0.1543[00m
[92m  Client0 Test => 	Acc: 58.526 	Loss: 5.6142[00m
[91m Client1 Train => Local Epoch: 0 / 5 	Acc: 90.104 	Loss: 0.3307[00m
[91m Client1 Train => Local Epoch: 1 / 5 	Acc: 91.536 	Loss: 0.2715[00m
[91m Client1 Train => Local Epoch: 2 / 5 	Acc: 90.755 	Loss: 0.2873[00m
[91m Client1 Train => Local Epoch: 3 / 5 	Acc: 92.188 	Loss: 0.2286[00m
[91m Client1 Train => Local Epoch: 4 / 5 	Acc: 91.667 	Loss: 0.2414[00m
[92m  Client1 Test => 	Acc: 70.854 	Loss: 4.2764[00m
[91m Client2 Train => Local Epoch: 0 / 5 	Acc: 90.137 	Loss: 0.3156[00m
[91m Client2 Train => Local Epoch: 1 / 5 	Acc: 93.262 	Loss: 0.2212[00m
[91m Client2 Train => Local Epoch: 2 / 5 	Acc: 94.336 	Loss: 0.1626[00m
[91m Client2 Train => Local Epoch: 3 / 5 	Acc: 95.410 	Loss: 0.1501[00m
[91m Client2 Train => Local Epoch: 4 / 5 	Acc: 96.387 	Loss: 0.1435[00m
[92m  Client2 Test => 	Acc: 63.938 	Loss: 4.0344[00m
[91m Client3 Train => Local Epoch: 0 / 5 	Acc: 94.896 	Loss: 0.1743[00m
[91m Client3 Train => Local Epoch: 1 / 5 	Acc: 92.604 	Loss: 0.2277[00m
[91m Client3 Train => Local Epoch: 2 / 5 	Acc: 94.792 	Loss: 0.1745[00m
[91m Client3 Train => Local Epoch: 3 / 5 	Acc: 95.833 	Loss: 0.1376[00m
[91m Client3 Train => Local Epoch: 4 / 5 	Acc: 95.625 	Loss: 0.1255[00m
[92m  Client3 Test => 	Acc: 66.352 	Loss: 4.9712[00m
[91m Client4 Train => Local Epoch: 0 / 5 	Acc: 87.500 	Loss: 0.3699[00m
[91m Client4 Train => Local Epoch: 1 / 5 	Acc: 92.285 	Loss: 0.2524[00m
[91m Client4 Train => Local Epoch: 2 / 5 	Acc: 87.207 	Loss: 0.4093[00m
[91m Client4 Train => Local Epoch: 3 / 5 	Acc: 88.281 	Loss: 0.3537[00m
[91m Client4 Train => Local Epoch: 4 / 5 	Acc: 92.383 	Loss: 0.2426[00m
[92m  Client4 Test => 	Acc: 77.712 	Loss: 1.0725[00m
[91m Client5 Train => Local Epoch: 0 / 5 	Acc: 87.630 	Loss: 0.3548[00m
[91m Client5 Train => Local Epoch: 1 / 5 	Acc: 91.146 	Loss: 0.2684[00m
[91m Client5 Train => Local Epoch: 2 / 5 	Acc: 93.034 	Loss: 0.2128[00m
[91m Client5 Train => Local Epoch: 3 / 5 	Acc: 93.359 	Loss: 0.1928[00m
[91m Client5 Train => Local Epoch: 4 / 5 	Acc: 91.927 	Loss: 0.2491[00m
[92m  Client5 Test => 	Acc: 71.530 	Loss: 1.2255[00m
[91m Client6 Train => Local Epoch: 0 / 5 	Acc: 85.096 	Loss: 0.4474[00m
[91m Client6 Train => Local Epoch: 1 / 5 	Acc: 90.084 	Loss: 0.3137[00m
[91m Client6 Train => Local Epoch: 2 / 5 	Acc: 93.750 	Loss: 0.2097[00m
[91m Client6 Train => Local Epoch: 3 / 5 	Acc: 93.269 	Loss: 0.2109[00m
[91m Client6 Train => Local Epoch: 4 / 5 	Acc: 91.587 	Loss: 0.2575[00m
[92m  Client6 Test => 	Acc: 81.083 	Loss: 0.5870[00m
[91m Client7 Train => Local Epoch: 0 / 5 	Acc: 90.951 	Loss: 0.2675[00m
[91m Client7 Train => Local Epoch: 1 / 5 	Acc: 93.620 	Loss: 0.2102[00m
[91m Client7 Train => Local Epoch: 2 / 5 	Acc: 95.312 	Loss: 0.1371[00m
[91m Client7 Train => Local Epoch: 3 / 5 	Acc: 95.638 	Loss: 0.1350[00m
[91m Client7 Train => Local Epoch: 4 / 5 	Acc: 95.247 	Loss: 0.1261[00m
[92m  Client7 Test => 	Acc: 79.963 	Loss: 0.6754[00m
[91m Client8 Train => Local Epoch: 0 / 5 	Acc: 88.889 	Loss: 0.3284[00m
[91m Client8 Train => Local Epoch: 1 / 5 	Acc: 91.580 	Loss: 0.2552[00m
[91m Client8 Train => Local Epoch: 2 / 5 	Acc: 89.323 	Loss: 0.3405[00m
[91m Client8 Train => Local Epoch: 3 / 5 	Acc: 89.757 	Loss: 0.2899[00m
[91m Client8 Train => Local Epoch: 4 / 5 	Acc: 91.753 	Loss: 0.2469[00m
[92m  Client8 Test => 	Acc: 77.420 	Loss: 0.7204[00m
[91m Client9 Train => Local Epoch: 0 / 5 	Acc: 87.565 	Loss: 0.4033[00m
[91m Client9 Train => Local Epoch: 1 / 5 	Acc: 92.057 	Loss: 0.2516[00m
[91m Client9 Train => Local Epoch: 2 / 5 	Acc: 93.164 	Loss: 0.2262[00m
[91m Client9 Train => Local Epoch: 3 / 5 	Acc: 92.708 	Loss: 0.2438[00m
[91m Client9 Train => Local Epoch: 4 / 5 	Acc: 92.513 	Loss: 0.2125[00m
[92m  Client9 Test => 	Acc: 75.050 	Loss: 1.4134[00m
------------------------------------------------
------ Federation process at Server-Side ------- 
------------------------------------------------
-----------------------------------------------------------
------ FedServer: Federation process at Client-Side ------- 
-----------------------------------------------------------
[92m  Client0 Test => 	Acc: 89.897 	Loss: 0.3315[00m
 Train: Round   7, Avg Accuracy 93.447 | Avg Loss 0.200
[91m Client0 Train => Local Epoch: 0 / 5 	Acc: 95.443 	Loss: 0.1480[00m
[91m Client0 Train => Local Epoch: 1 / 5 	Acc: 95.866 	Loss: 0.1286[00m
[91m Client0 Train => Local Epoch: 2 / 5 	Acc: 95.703 	Loss: 0.1289[00m
[91m Client0 Train => Local Epoch: 3 / 5 	Acc: 96.940 	Loss: 0.1045[00m
[91m Client0 Train => Local Epoch: 4 / 5 	Acc: 95.931 	Loss: 0.1289[00m
[92m  Client0 Test => 	Acc: 58.018 	Loss: 5.1699[00m
[91m Client1 Train => Local Epoch: 0 / 5 	Acc: 88.997 	Loss: 0.3453[00m
[91m Client1 Train => Local Epoch: 1 / 5 	Acc: 90.951 	Loss: 0.2864[00m
[91m Client1 Train => Local Epoch: 2 / 5 	Acc: 93.424 	Loss: 0.2078[00m
[91m Client1 Train => Local Epoch: 3 / 5 	Acc: 92.904 	Loss: 0.2288[00m
[91m Client1 Train => Local Epoch: 4 / 5 	Acc: 94.401 	Loss: 0.1774[00m
[92m  Client1 Test => 	Acc: 75.324 	Loss: 4.0005[00m
[91m Client2 Train => Local Epoch: 0 / 5 	Acc: 88.281 	Loss: 0.3115[00m
[91m Client2 Train => Local Epoch: 1 / 5 	Acc: 94.824 	Loss: 0.1902[00m
[91m Client2 Train => Local Epoch: 2 / 5 	Acc: 94.824 	Loss: 0.1471[00m
[91m Client2 Train => Local Epoch: 3 / 5 	Acc: 95.996 	Loss: 0.1219[00m
[91m Client2 Train => Local Epoch: 4 / 5 	Acc: 95.996 	Loss: 0.1291[00m
[92m  Client2 Test => 	Acc: 62.039 	Loss: 5.4439[00m
[91m Client3 Train => Local Epoch: 0 / 5 	Acc: 94.479 	Loss: 0.1573[00m[codecarbon INFO @ 16:40:29] [setup] RAM Tracking...
[codecarbon INFO @ 16:40:29] [setup] CPU Tracking...
[codecarbon WARNING @ 16:40:29] No CPU tracking mode found. Falling back on CPU constant mode. 
 Windows OS detected: Please install Intel Power Gadget to measure CPU

[codecarbon INFO @ 16:40:31] CPU Model on constant consumption mode: Intel(R) Xeon(R) Gold 6258R CPU @ 2.70GHz
[codecarbon INFO @ 16:40:31] [setup] GPU Tracking...
[codecarbon INFO @ 16:40:31] Tracking Nvidia GPU via pynvml
[codecarbon INFO @ 16:40:31] >>> Tracker's metadata:
[codecarbon INFO @ 16:40:31]   Platform system: Windows-11-10.0.22631-SP0
[codecarbon INFO @ 16:40:31]   Python version: 3.12.7
[codecarbon INFO @ 16:40:31]   CodeCarbon version: 2.8.3
[codecarbon INFO @ 16:40:31]   Available RAM : 126.630 GB
[codecarbon INFO @ 16:40:31]   CPU count: 56
[codecarbon INFO @ 16:40:31]   CPU model: Intel(R) Xeon(R) Gold 6258R CPU @ 2.70GHz
[codecarbon INFO @ 16:40:31]   GPU count: 2
[codecarbon INFO @ 16:40:31]   GPU model: 2 x NVIDIA RTX A5000
[codecarbon INFO @ 16:40:34] Saving emissions data to file C:\Users\pr8pf\Documents\GitHub\SplitFed\emissions.csv
[codecarbon INFO @ 16:40:35] Energy consumed for RAM : 0.000011 kWh. RAM Power : 47.48608875274658 W
[codecarbon INFO @ 16:40:35] Energy consumed for all CPUs : 0.000025 kWh. Total CPU Power : 102.50000000000001 W
[codecarbon INFO @ 16:40:35] Energy consumed for all GPUs : 0.000005 kWh. Total GPU Power : 19.915765953252723 W
[codecarbon INFO @ 16:40:35] 0.000041 kWh of electricity used since the beginning.
[codecarbon INFO @ 16:41:30] [setup] RAM Tracking...
[codecarbon INFO @ 16:41:30] [setup] CPU Tracking...
[codecarbon WARNING @ 16:41:30] No CPU tracking mode found. Falling back on CPU constant mode. 
 Windows OS detected: Please install Intel Power Gadget to measure CPU

[codecarbon INFO @ 16:41:32] CPU Model on constant consumption mode: Intel(R) Xeon(R) Gold 6258R CPU @ 2.70GHz
[codecarbon INFO @ 16:41:32] [setup] GPU Tracking...
[codecarbon INFO @ 16:41:32] Tracking Nvidia GPU via pynvml
[codecarbon INFO @ 16:41:32] >>> Tracker's metadata:
[codecarbon INFO @ 16:41:32]   Platform system: Windows-11-10.0.22631-SP0
[codecarbon INFO @ 16:41:32]   Python version: 3.12.7
[codecarbon INFO @ 16:41:32]   CodeCarbon version: 2.8.3
[codecarbon INFO @ 16:41:32]   Available RAM : 126.630 GB
[codecarbon INFO @ 16:41:32]   CPU count: 56
[codecarbon INFO @ 16:41:32]   CPU model: Intel(R) Xeon(R) Gold 6258R CPU @ 2.70GHz
[codecarbon INFO @ 16:41:32]   GPU count: 2
[codecarbon INFO @ 16:41:32]   GPU model: 2 x NVIDIA RTX A5000
[codecarbon INFO @ 16:41:35] Saving emissions data to file C:\Users\pr8pf\Documents\GitHub\SplitFed\emissions.csv
[codecarbon INFO @ 16:41:36] Energy consumed for RAM : 0.000012 kWh. RAM Power : 47.48608875274658 W
[codecarbon INFO @ 16:41:36] Energy consumed for all CPUs : 0.000025 kWh. Total CPU Power : 102.50000000000001 W
[codecarbon INFO @ 16:41:36] Energy consumed for all GPUs : 0.000005 kWh. Total GPU Power : 20.47980898892486 W
[codecarbon INFO @ 16:41:36] 0.000042 kWh of electricity used since the beginning.
[codecarbon INFO @ 17:04:00] [setup] RAM Tracking...
[codecarbon INFO @ 17:04:00] [setup] CPU Tracking...
[codecarbon WARNING @ 17:04:00] No CPU tracking mode found. Falling back on CPU constant mode. 
 Windows OS detected: Please install Intel Power Gadget to measure CPU

[codecarbon INFO @ 17:04:01] CPU Model on constant consumption mode: Intel(R) Xeon(R) Gold 6258R CPU @ 2.70GHz
[codecarbon INFO @ 17:04:01] [setup] GPU Tracking...
[codecarbon INFO @ 17:04:01] Tracking Nvidia GPU via pynvml
[codecarbon INFO @ 17:04:01] >>> Tracker's metadata:
[codecarbon INFO @ 17:04:01]   Platform system: Windows-11-10.0.22631-SP0
[codecarbon INFO @ 17:04:01]   Python version: 3.12.7
[codecarbon INFO @ 17:04:01]   CodeCarbon version: 2.8.3
[codecarbon INFO @ 17:04:01]   Available RAM : 126.630 GB
[codecarbon INFO @ 17:04:01]   CPU count: 56
[codecarbon INFO @ 17:04:01]   CPU model: Intel(R) Xeon(R) Gold 6258R CPU @ 2.70GHz
[codecarbon INFO @ 17:04:01]   GPU count: 2
[codecarbon INFO @ 17:04:01]   GPU model: 2 x NVIDIA RTX A5000
[codecarbon INFO @ 17:04:05] Saving emissions data to file C:\Users\pr8pf\Documents\GitHub\SplitFed\emissions.csv
[codecarbon INFO @ 17:04:05] Energy consumed for RAM : 0.000011 kWh. RAM Power : 47.48608875274658 W
[codecarbon INFO @ 17:04:05] Energy consumed for all CPUs : 0.000023 kWh. Total CPU Power : 102.50000000000001 W
[codecarbon INFO @ 17:04:05] Energy consumed for all GPUs : 0.000005 kWh. Total GPU Power : 20.08070048235434 W
[codecarbon INFO @ 17:04:05] 0.000038 kWh of electricity used since the beginning.

[91m Client3 Train => Local Epoch: 1 / 5 	Acc: 94.635 	Loss: 0.1631[00m
[91m Client3 Train => Local Epoch: 2 / 5 	Acc: 93.854 	Loss: 0.2113[00m
[91m Client3 Train => Local Epoch: 3 / 5 	Acc: 95.885 	Loss: 0.1191[00m
[91m Client3 Train => Local Epoch: 4 / 5 	Acc: 95.990 	Loss: 0.1135[00m
[92m  Client3 Test => 	Acc: 69.617 	Loss: 5.8181[00m
[91m Client4 Train => Local Epoch: 0 / 5 	Acc: 92.432 	Loss: 0.2648[00m
[91m Client4 Train => Local Epoch: 1 / 5 	Acc: 91.748 	Loss: 0.2480[00m
[91m Client4 Train => Local Epoch: 2 / 5 	Acc: 93.799 	Loss: 0.1956[00m
[91m Client4 Train => Local Epoch: 3 / 5 	Acc: 92.236 	Loss: 0.2438[00m
[91m Client4 Train => Local Epoch: 4 / 5 	Acc: 93.652 	Loss: 0.2058[00m
[92m  Client4 Test => 	Acc: 80.671 	Loss: 0.8750[00m
[91m Client5 Train => Local Epoch: 0 / 5 	Acc: 92.839 	Loss: 0.2204[00m
[91m Client5 Train => Local Epoch: 1 / 5 	Acc: 93.750 	Loss: 0.1838[00m
[91m Client5 Train => Local Epoch: 2 / 5 	Acc: 92.448 	Loss: 0.2393[00m
[91m Client5 Train => Local Epoch: 3 / 5 	Acc: 92.773 	Loss: 0.2145[00m
[91m Client5 Train => Local Epoch: 4 / 5 	Acc: 95.247 	Loss: 0.1514[00m
[92m  Client5 Test => 	Acc: 74.954 	Loss: 1.3362[00m
[91m Client6 Train => Local Epoch: 0 / 5 	Acc: 90.865 	Loss: 0.2778[00m
[91m Client6 Train => Local Epoch: 1 / 5 	Acc: 92.608 	Loss: 0.2092[00m
[91m Client6 Train => Local Epoch: 2 / 5 	Acc: 94.651 	Loss: 0.1634[00m
[91m Client6 Train => Local Epoch: 3 / 5 	Acc: 92.428 	Loss: 0.2382[00m
[91m Client6 Train => Local Epoch: 4 / 5 	Acc: 94.351 	Loss: 0.1697[00m
[92m  Client6 Test => 	Acc: 89.881 	Loss: 0.3251[00m
[91m Client7 Train => Local Epoch: 0 / 5 	Acc: 94.466 	Loss: 0.1681[00m
[91m Client7 Train => Local Epoch: 1 / 5 	Acc: 95.312 	Loss: 0.1471[00m
[91m Client7 Train => Local Epoch: 2 / 5 	Acc: 95.508 	Loss: 0.1480[00m
[91m Client7 Train => Local Epoch: 3 / 5 	Acc: 94.010 	Loss: 0.1866[00m
[91m Client7 Train => Local Epoch: 4 / 5 	Acc: 94.010 	Loss: 0.1553[00m
[92m  Client7 Test => 	Acc: 76.495 	Loss: 0.7648[00m
[91m Client8 Train => Local Epoch: 0 / 5 	Acc: 94.271 	Loss: 0.2217[00m
[91m Client8 Train => Local Epoch: 1 / 5 	Acc: 94.878 	Loss: 0.1726[00m
[91m Client8 Train => Local Epoch: 2 / 5 	Acc: 94.097 	Loss: 0.1631[00m
[91m Client8 Train => Local Epoch: 3 / 5 	Acc: 94.705 	Loss: 0.1632[00m
[91m Client8 Train => Local Epoch: 4 / 5 	Acc: 95.312 	Loss: 0.1383[00m
[92m  Client8 Test => 	Acc: 89.462 	Loss: 0.3302[00m
[91m Client9 Train => Local Epoch: 0 / 5 	Acc: 91.667 	Loss: 0.2717[00m
[91m Client9 Train => Local Epoch: 1 / 5 	Acc: 94.922 	Loss: 0.1580[00m
[91m Client9 Train => Local Epoch: 2 / 5 	Acc: 95.312 	Loss: 0.1517[00m
[91m Client9 Train => Local Epoch: 3 / 5 	Acc: 96.289 	Loss: 0.1181[00m
[91m Client9 Train => Local Epoch: 4 / 5 	Acc: 95.638 	Loss: 0.1234[00m
[92m  Client9 Test => 	Acc: 79.019 	Loss: 1.0076[00m
------------------------------------------------
------ Federation process at Server-Side ------- 
------------------------------------------------
-----------------------------------------------------------
------ FedServer: Federation process at Client-Side ------- 
-----------------------------------------------------------
[92m  Client0 Test => 	Acc: 79.922 	Loss: 1.1429[00m
 Train: Round   8, Avg Accuracy 95.053 | Avg Loss 0.149
[91m Client0 Train => Local Epoch: 0 / 5 	Acc: 96.419 	Loss: 0.1099[00m
[91m Client0 Train => Local Epoch: 1 / 5 	Acc: 97.331 	Loss: 0.0968[00m
[91m Client0 Train => Local Epoch: 2 / 5 	Acc: 96.224 	Loss: 0.1168[00m
[91m Client0 Train => Local Epoch: 3 / 5 	Acc: 97.721 	Loss: 0.0684[00m
[91m Client0 Train => Local Epoch: 4 / 5 	Acc: 94.824 	Loss: 0.1523[00m
[92m  Client0 Test => 	Acc: 60.851 	Loss: 2.3909[00m
[91m Client1 Train => Local Epoch: 0 / 5 	Acc: 93.490 	Loss: 0.1886[00m
[91m Client1 Train => Local Epoch: 1 / 5 	Acc: 93.294 	Loss: 0.1977[00m
[91m Client1 Train => Local Epoch: 2 / 5 	Acc: 93.620 	Loss: 0.1854[00m
[91m Client1 Train => Local Epoch: 3 / 5 	Acc: 94.271 	Loss: 0.1648[00m
[91m Client1 Train => Local Epoch: 4 / 5 	Acc: 95.508 	Loss: 0.1320[00m
[92m  Client1 Test => 	Acc: 73.497 	Loss: 2.1134[00m
[91m Client2 Train => Local Epoch: 0 / 5 	Acc: 96.191 	Loss: 0.1302[00m
[91m Client2 Train => Local Epoch: 1 / 5 	Acc: 96.875 	Loss: 0.1051[00m
[91m Client2 Train => Local Epoch: 2 / 5 	Acc: 97.656 	Loss: 0.0698[00m
[91m Client2 Train => Local Epoch: 3 / 5 	Acc: 95.605 	Loss: 0.1111[00m
[91m Client2 Train => Local Epoch: 4 / 5 	Acc: 97.656 	Loss: 0.0740[00m
[92m  Client2 Test => 	Acc: 67.430 	Loss: 2.6993[00m
[91m Client3 Train => Local Epoch: 0 / 5 	Acc: 96.562 	Loss: 0.0968[00m
[91m Client3 Train => Local Epoch: 1 / 5 	Acc: 94.531 	Loss: 0.1708[00m
[91m Client3 Train => Local Epoch: 2 / 5 	Acc: 94.896 	Loss: 0.1461[00m
[91m Client3 Train => Local Epoch: 3 / 5 	Acc: 96.719 	Loss: 0.0949[00m
[91m Client3 Train => Local Epoch: 4 / 5 	Acc: 96.875 	Loss: 0.0876[00m
[92m  Client3 Test => 	Acc: 71.980 	Loss: 2.4703[00m
[91m Client4 Train => Local Epoch: 0 / 5 	Acc: 91.406 	Loss: 0.2935[00m
[91m Client4 Train => Local Epoch: 1 / 5 	Acc: 92.383 	Loss: 0.2590[00m
[91m Client4 Train => Local Epoch: 2 / 5 	Acc: 94.238 	Loss: 0.1907[00m
[91m Client4 Train => Local Epoch: 3 / 5 	Acc: 95.166 	Loss: 0.1528[00m
[91m Client4 Train => Local Epoch: 4 / 5 	Acc: 94.434 	Loss: 0.1878[00m
[92m  Client4 Test => 	Acc: 82.202 	Loss: 0.7858[00m
[91m Client5 Train => Local Epoch: 0 / 5 	Acc: 90.234 	Loss: 0.3656[00m
[91m Client5 Train => Local Epoch: 1 / 5 	Acc: 94.792 	Loss: 0.1682[00m
[91m Client5 Train => Local Epoch: 2 / 5 	Acc: 95.573 	Loss: 0.1312[00m
[91m Client5 Train => Local Epoch: 3 / 5 	Acc: 96.680 	Loss: 0.1078[00m
[91m Client5 Train => Local Epoch: 4 / 5 	Acc: 96.029 	Loss: 0.1286[00m
[92m  Client5 Test => 	Acc: 82.865 	Loss: 0.7878[00m
[91m Client6 Train => Local Epoch: 0 / 5 	Acc: 88.522 	Loss: 0.4222[00m
[91m Client6 Train => Local Epoch: 1 / 5 	Acc: 94.291 	Loss: 0.1816[00m
[91m Client6 Train => Local Epoch: 2 / 5 	Acc: 93.810 	Loss: 0.1977[00m
[91m Client6 Train => Local Epoch: 3 / 5 	Acc: 94.531 	Loss: 0.1713[00m
[91m Client6 Train => Local Epoch: 4 / 5 	Acc: 95.072 	Loss: 0.1573[00m
[92m  Client6 Test => 	Acc: 86.087 	Loss: 0.4783[00m
[91m Client7 Train => Local Epoch: 0 / 5 	Acc: 91.471 	Loss: 0.3226[00m
[91m Client7 Train => Local Epoch: 1 / 5 	Acc: 95.898 	Loss: 0.1467[00m
[91m Client7 Train => Local Epoch: 2 / 5 	Acc: 96.549 	Loss: 0.1181[00m
[91m Client7 Train => Local Epoch: 3 / 5 	Acc: 97.070 	Loss: 0.1002[00m
[91m Client7 Train => Local Epoch: 4 / 5 	Acc: 97.721 	Loss: 0.0898[00m
[92m  Client7 Test => 	Acc: 82.195 	Loss: 0.6342[00m
[91m Client8 Train => Local Epoch: 0 / 5 	Acc: 89.757 	Loss: 0.3776[00m
[91m Client8 Train => Local Epoch: 1 / 5 	Acc: 94.965 	Loss: 0.1706[00m
[91m Client8 Train => Local Epoch: 2 / 5 	Acc: 94.618 	Loss: 0.1451[00m
[91m Client8 Train => Local Epoch: 3 / 5 	Acc: 95.052 	Loss: 0.1556[00m
[91m Client8 Train => Local Epoch: 4 / 5 	Acc: 96.354 	Loss: 0.1187[00m
[92m  Client8 Test => 	Acc: 84.829 	Loss: 0.5486[00m
[91m Client9 Train => Local Epoch: 0 / 5 	Acc: 90.755 	Loss: 0.3498[00m
[91m Client9 Train => Local Epoch: 1 / 5 	Acc: 95.573 	Loss: 0.1515[00m
[91m Client9 Train => Local Epoch: 2 / 5 	Acc: 96.419 	Loss: 0.1191[00m
[91m Client9 Train => Local Epoch: 3 / 5 	Acc: 95.768 	Loss: 0.1278[00m
[91m Client9 Train => Local Epoch: 4 / 5 	Acc: 96.745 	Loss: 0.1003[00m
[92m  Client9 Test => 	Acc: 80.866 	Loss: 1.0689[00m
------------------------------------------------
------ Federation process at Server-Side ------- 
------------------------------------------------
-----------------------------------------------------------
------ FedServer: Federation process at Client-Side ------- 
-----------------------------------------------------------
[92m  Client0 Test => 	Acc: 93.115 	Loss: 0.2105[00m
 Train: Round   9, Avg Accuracy 96.122 | Avg Loss 0.123
Training and Evaluation completed!
===== END Fri 12/19/2025 17:05:05.83 ===== 
