===== START Fri 12/19/2025  1:09:35.08 ===== 
C:\Users\pr8pf\AppData\Local\anaconda3\Lib\site-packages\torchvision\models\_utils.py:208: UserWarning: The parameter 'pretrained' is deprecated since 0.13 and may be removed in the future, please use 'weights' instead.
  warnings.warn(
C:\Users\pr8pf\AppData\Local\anaconda3\Lib\site-packages\torchvision\models\_utils.py:223: UserWarning: Arguments other than a weight enum or `None` for 'weights' are deprecated since 0.13 and may be removed in the future. The current behavior is equivalent to passing `weights=VGG16_Weights.IMAGENET1K_V1`. You can also use `weights=VGG16_Weights.DEFAULT` to get the most up-to-date weights.
  warnings.warn(msg)
[codecarbon INFO @ 01:10:07] [setup] RAM Tracking...
[codecarbon INFO @ 01:10:07] [setup] CPU Tracking...
[codecarbon WARNING @ 01:10:07] No CPU tracking mode found. Falling back on CPU constant mode. 
 Windows OS detected: Please install Intel Power Gadget to measure CPU

[codecarbon INFO @ 01:10:08] CPU Model on constant consumption mode: Intel(R) Xeon(R) Gold 6258R CPU @ 2.70GHz
[codecarbon INFO @ 01:10:08] [setup] GPU Tracking...
[codecarbon INFO @ 01:10:08] Tracking Nvidia GPU via pynvml
[codecarbon INFO @ 01:10:08] >>> Tracker's metadata:
[codecarbon INFO @ 01:10:08]   Platform system: Windows-11-10.0.22631-SP0
[codecarbon INFO @ 01:10:08]   Python version: 3.12.7
[codecarbon INFO @ 01:10:08]   CodeCarbon version: 2.8.3
[codecarbon INFO @ 01:10:08]   Available RAM : 126.630 GB
[codecarbon INFO @ 01:10:08]   CPU count: 56
[codecarbon INFO @ 01:10:08]   CPU model: Intel(R) Xeon(R) Gold 6258R CPU @ 2.70GHz
[codecarbon INFO @ 01:10:08]   GPU count: 2
[codecarbon INFO @ 01:10:08]   GPU model: 2 x NVIDIA RTX A5000
[codecarbon INFO @ 01:10:12] Saving emissions data to file C:\Users\pr8pf\Documents\GitHub\SplitFed\emissions.csv
[codecarbon INFO @ 01:10:13] Energy consumed for RAM : 0.000021 kWh. RAM Power : 47.48608875274658 W
[codecarbon INFO @ 01:10:13] Energy consumed for all CPUs : 0.000046 kWh. Total CPU Power : 102.50000000000001 W
[codecarbon INFO @ 01:10:13] Energy consumed for all GPUs : 0.000008 kWh. Total GPU Power : 18.16616050913651 W
[codecarbon INFO @ 01:10:13] 0.000075 kWh of electricity used since the beginning.
[codecarbon INFO @ 01:32:54] [setup] RAM Tracking...
[codecarbon INFO @ 01:32:54] [setup] CPU Tracking...
[codecarbon WARNING @ 01:32:54] No CPU tracking mode found. Falling back on CPU constant mode. 
 Windows OS detected: Please install Intel Power Gadget to measure CPU

[codecarbon INFO @ 01:32:55] CPU Model on constant consumption mode: Intel(R) Xeon(R) Gold 6258R CPU @ 2.70GHz
[codecarbon INFO @ 01:32:55] [setup] GPU Tracking...
[codecarbon INFO @ 01:32:55] Tracking Nvidia GPU via pynvml
[codecarbon INFO @ 01:32:56] >>> Tracker's metadata:
[codecarbon INFO @ 01:32:56]   Platform system: Windows-11-10.0.22631-SP0
[codecarbon INFO @ 01:32:56]   Python version: 3.12.7
[codecarbon INFO @ 01:32:56]   CodeCarbon version: 2.8.3
[codecarbon INFO @ 01:32:56]   Available RAM : 126.630 GB
[codecarbon INFO @ 01:32:56]   CPU count: 56
[codecarbon INFO @ 01:32:56]   CPU model: Intel(R) Xeon(R) Gold 6258R CPU @ 2.70GHz
[codecarbon INFO @ 01:32:56]   GPU count: 2
[codecarbon INFO @ 01:32:56]   GPU model: 2 x NVIDIA RTX A5000
[codecarbon INFO @ 01:32:59] Saving emissions data to file C:\Users\pr8pf\Documents\GitHub\SplitFed\emissions.csv
[codecarbon INFO @ 01:33:00] Energy consumed for RAM : 0.000015 kWh. RAM Power : 47.48608875274658 W
[codecarbon INFO @ 01:33:00] Energy consumed for all CPUs : 0.000033 kWh. Total CPU Power : 102.50000000000001 W
[codecarbon INFO @ 01:33:00] Energy consumed for all GPUs : 0.000006 kWh. Total GPU Power : 18.39843748875049 W
[codecarbon INFO @ 01:33:00] 0.000054 kWh of electricity used since the beginning.
[codecarbon INFO @ 01:33:54] [setup] RAM Tracking...
[codecarbon INFO @ 01:33:54] [setup] CPU Tracking...
[codecarbon WARNING @ 01:33:54] No CPU tracking mode found. Falling back on CPU constant mode. 
 Windows OS detected: Please install Intel Power Gadget to measure CPU

[codecarbon INFO @ 01:33:55] CPU Model on constant consumption mode: Intel(R) Xeon(R) Gold 6258R CPU @ 2.70GHz
[codecarbon INFO @ 01:33:55] [setup] GPU Tracking...
[codecarbon INFO @ 01:33:55] Tracking Nvidia GPU via pynvml
[codecarbon INFO @ 01:33:56] >>> Tracker's metadata:
[codecarbon INFO @ 01:33:56]   Platform system: Windows-11-10.0.22631-SP0
[codecarbon INFO @ 01:33:56]   Python version: 3.12.7
[codecarbon INFO @ 01:33:56]   CodeCarbon version: 2.8.3
[codecarbon INFO @ 01:33:56]   Available RAM : 126.630 GB
[codecarbon INFO @ 01:33:56]   CPU count: 56
[codecarbon INFO @ 01:33:56]   CPU model: Intel(R) Xeon(R) Gold 6258R CPU @ 2.70GHz
[codecarbon INFO @ 01:33:56]   GPU count: 2
[codecarbon INFO @ 01:33:56]   GPU model: 2 x NVIDIA RTX A5000
[codecarbon INFO @ 01:33:59] Saving emissions data to file C:\Users\pr8pf\Documents\GitHub\SplitFed\emissions.csv
[codecarbon INFO @ 01:34:00] Energy consumed for RAM : 0.000016 kWh. RAM Power : 47.48608875274658 W
[codecarbon INFO @ 01:34:00] Energy consumed for all CPUs : 0.000034 kWh. Total CPU Power : 102.50000000000001 W
[codecarbon INFO @ 01:34:00] Energy consumed for all GPUs : 0.000007 kWh. Total GPU Power : 19.993703503835526 W
[codecarbon INFO @ 01:34:00] 0.000057 kWh of electricity used since the beginning.
################################################################
#                              batch_size: 64                  #
#                         test_batch_size: 64                  #
#                                  epochs: 10                  #
#                               optimizer: SGD                 #
#                                      lr: 0.001               #
#                                momentum: 0.5                 #
#                                    seed: 1                   #
#                             num_clients: 10                  #
#                                   scale: 2                   #
#                                 dataset: plant               #
#                             loader_type: dirichlet           #
#                                      AR: fedavg              #
#                                    side: both                #
#                                     PDR: 1.0                 #
#                                  attack: label_flipping 5->9 #
#                          label_flipping: uni                 #
#                         experiment_name: split_fed_label_flipping_5_to_9_inner_epochs=5_epochs=10_PDR=1.0_scale=2#
#                            inner_epochs: 5                   #
#                                   setup: split_fed           #
#                                   alpha: 0.7                 #
################################################################
NVIDIA RTX A5000
---------split_fed_label_flipping_5_to_9_inner_epochs=5_epochs=10_PDR=1.0_scale=2----------
initialize a data loader
Using cuda
[91m Client0 Train => Local Epoch: 0 / 5 	Acc: 31.901 	Loss: 2.3060[00m
[91m Client0 Train => Local Epoch: 1 / 5 	Acc: 38.639 	Loss: 1.7991[00m
[91m Client0 Train => Local Epoch: 2 / 5 	Acc: 38.965 	Loss: 1.7954[00m
[91m Client0 Train => Local Epoch: 3 / 5 	Acc: 39.225 	Loss: 1.7910[00m
[91m Client0 Train => Local Epoch: 4 / 5 	Acc: 39.193 	Loss: 1.7972[00m
[92m  Client0 Test => 	Acc: 12.341 	Loss: 4.4528[00m
[91m Client1 Train => Local Epoch: 0 / 5 	Acc: 18.099 	Loss: 4.2301[00m
[91m Client1 Train => Local Epoch: 1 / 5 	Acc: 25.195 	Loss: 2.2223[00m
[91m Client1 Train => Local Epoch: 2 / 5 	Acc: 30.469 	Loss: 2.1168[00m
[91m Client1 Train => Local Epoch: 3 / 5 	Acc: 41.341 	Loss: 1.8461[00m
[91m Client1 Train => Local Epoch: 4 / 5 	Acc: 49.544 	Loss: 1.6010[00m
[92m  Client1 Test => 	Acc: 28.734 	Loss: 3.8776[00m
[91m Client2 Train => Local Epoch: 0 / 5 	Acc: 28.320 	Loss: 4.2569[00m
[91m Client2 Train => Local Epoch: 1 / 5 	Acc: 24.707 	Loss: 2.5240[00m
[91m Client2 Train => Local Epoch: 2 / 5 	Acc: 41.113 	Loss: 2.1092[00m
[91m Client2 Train => Local Epoch: 3 / 5 	Acc: 39.844 	Loss: 1.9128[00m
[91m Client2 Train => Local Epoch: 4 / 5 	Acc: 47.461 	Loss: 1.6885[00m
[92m  Client2 Test => 	Acc: 25.276 	Loss: 4.0911[00m
[91m Client3 Train => Local Epoch: 0 / 5 	Acc: 22.344 	Loss: 7.7373[00m
[91m Client3 Train => Local Epoch: 1 / 5 	Acc: 32.604 	Loss: 1.9794[00m
[91m Client3 Train => Local Epoch: 2 / 5 	Acc: 58.594 	Loss: 1.3064[00m
[91m Client3 Train => Local Epoch: 3 / 5 	Acc: 73.385 	Loss: 0.9771[00m
[91m Client3 Train => Local Epoch: 4 / 5 	Acc: 76.875 	Loss: 0.8278[00m
[92m  Client3 Test => 	Acc: 47.062 	Loss: 2.0528[00m
[91m Client4 Train => Local Epoch: 0 / 5 	Acc: 18.506 	Loss: 2.6019[00m
[91m Client4 Train => Local Epoch: 1 / 5 	Acc: 24.805 	Loss: 2.2588[00m
[91m Client4 Train => Local Epoch: 2 / 5 	Acc: 32.227 	Loss: 1.9719[00m
[91m Client4 Train => Local Epoch: 3 / 5 	Acc: 38.379 	Loss: 1.7519[00m
[91m Client4 Train => Local Epoch: 4 / 5 	Acc: 45.947 	Loss: 1.5899[00m
[92m  Client4 Test => 	Acc: 31.388 	Loss: 2.5906[00m
[91m Client5 Train => Local Epoch: 0 / 5 	Acc: 29.297 	Loss: 2.8167[00m
[91m Client5 Train => Local Epoch: 1 / 5 	Acc: 38.021 	Loss: 1.9813[00m
[91m Client5 Train => Local Epoch: 2 / 5 	Acc: 50.326 	Loss: 1.7161[00m
[91m Client5 Train => Local Epoch: 3 / 5 	Acc: 52.083 	Loss: 1.5054[00m
[91m Client5 Train => Local Epoch: 4 / 5 	Acc: 62.044 	Loss: 1.2348[00m
[92m  Client5 Test => 	Acc: 27.808 	Loss: 4.9421[00m
[91m Client6 Train => Local Epoch: 0 / 5 	Acc: 16.707 	Loss: 5.0331[00m
[91m Client6 Train => Local Epoch: 1 / 5 	Acc: 19.471 	Loss: 2.3584[00m
[91m Client6 Train => Local Epoch: 2 / 5 	Acc: 20.312 	Loss: 2.3451[00m
[91m Client6 Train => Local Epoch: 3 / 5 	Acc: 22.115 	Loss: 2.4025[00m
[91m Client6 Train => Local Epoch: 4 / 5 	Acc: 30.529 	Loss: 2.1586[00m
[92m  Client6 Test => 	Acc: 30.558 	Loss: 2.3908[00m
[91m Client7 Train => Local Epoch: 0 / 5 	Acc: 32.357 	Loss: 2.6573[00m
[91m Client7 Train => Local Epoch: 1 / 5 	Acc: 46.289 	Loss: 2.2072[00m
[91m Client7 Train => Local Epoch: 2 / 5 	Acc: 54.818 	Loss: 1.7166[00m
[91m Client7 Train => Local Epoch: 3 / 5 	Acc: 62.695 	Loss: 1.3174[00m
[91m Client7 Train => Local Epoch: 4 / 5 	Acc: 67.513 	Loss: 1.0834[00m
[92m  Client7 Test => 	Acc: 30.359 	Loss: 2.3955[00m
[91m Client8 Train => Local Epoch: 0 / 5 	Acc: 16.840 	Loss: 3.3162[00m
[91m Client8 Train => Local Epoch: 1 / 5 	Acc: 26.910 	Loss: 2.2573[00m
[91m Client8 Train => Local Epoch: 2 / 5 	Acc: 33.681 	Loss: 1.9758[00m
[91m Client8 Train => Local Epoch: 3 / 5 	Acc: 46.007 	Loss: 1.6939[00m
[91m Client8 Train => Local Epoch: 4 / 5 	Acc: 50.608 	Loss: 1.4764[00m
[92m  Client8 Test => 	Acc: 36.835 	Loss: 2.1721[00m
[91m Client9 Train => Local Epoch: 0 / 5 	Acc: 19.076 	Loss: 4.6470[00m
[91m Client9 Train => Local Epoch: 1 / 5 	Acc: 26.042 	Loss: 2.2861[00m
[91m Client9 Train => Local Epoch: 2 / 5 	Acc: 36.133 	Loss: 2.0687[00m
[91m Client9 Train => Local Epoch: 3 / 5 	Acc: 40.495 	Loss: 1.7765[00m
[91m Client9 Train => Local Epoch: 4 / 5 	Acc: 49.740 	Loss: 1.5272[00m
[92m  Client9 Test => 	Acc: 36.364 	Loss: 2.7840[00m
------------------------------------------------
------ Federation process at Server-Side ------- 
------------------------------------------------
-----------------------------------------------------------
------ FedServer: Federation process at Client-Side ------- 
-----------------------------------------------------------
[92m  Client0 Test => 	Acc: 11.081 	Loss: 2.6391[00m
 Train: Round   0, Avg Accuracy 51.945 | Avg Loss 1.498
[91m Client0 Train => Local Epoch: 0 / 5 	Acc: 37.728 	Loss: 1.9054[00m
[91m Client0 Train => Local Epoch: 1 / 5 	Acc: 38.965 	Loss: 1.7933[00m
[91m Client0 Train => Local Epoch: 2 / 5 	Acc: 38.997 	Loss: 1.8005[00m
[91m Client0 Train => Local Epoch: 3 / 5 	Acc: 39.128 	Loss: 1.7860[00m
[91m Client0 Train => Local Epoch: 4 / 5 	Acc: 39.193 	Loss: 1.7875[00m
[92m  Client0 Test => 	Acc: 12.362 	Loss: 4.2698[00m
[91m Client1 Train => Local Epoch: 0 / 5 	Acc: 28.971 	Loss: 2.3077[00m
[91m Client1 Train => Local Epoch: 1 / 5 	Acc: 29.297 	Loss: 2.1536[00m
[91m Client1 Train => Local Epoch: 2 / 5 	Acc: 32.812 	Loss: 2.0265[00m
[91m Client1 Train => Local Epoch: 3 / 5 	Acc: 42.448 	Loss: 1.7866[00m
[91m Client1 Train => Local Epoch: 4 / 5 	Acc: 49.414 	Loss: 1.5829[00m
[92m  Client1 Test => 	Acc: 21.138 	Loss: 4.2994[00m
[91m Client2 Train => Local Epoch: 0 / 5 	Acc: 36.523 	Loss: 2.2562[00m
[91m Client2 Train => Local Epoch: 1 / 5 	Acc: 43.164 	Loss: 1.8327[00m
[91m Client2 Train => Local Epoch: 2 / 5 	Acc: 55.664 	Loss: 1.5150[00m
[91m Client2 Train => Local Epoch: 3 / 5 	Acc: 60.840 	Loss: 1.2516[00m
[91m Client2 Train => Local Epoch: 4 / 5 	Acc: 67.480 	Loss: 1.0931[00m
[92m  Client2 Test => 	Acc: 32.000 	Loss: 2.9972[00m
[91m Client3 Train => Local Epoch: 0 / 5 	Acc: 32.760 	Loss: 1.9989[00m
[91m Client3 Train => Local Epoch: 1 / 5 	Acc: 50.156 	Loss: 1.5697[00m
[91m Client3 Train => Local Epoch: 2 / 5 	Acc: 64.948 	Loss: 1.2385[00m
[91m Client3 Train => Local Epoch: 3 / 5 	Acc: 72.240 	Loss: 0.9978[00m
[91m Client3 Train => Local Epoch: 4 / 5 	Acc: 76.875 	Loss: 0.8242[00m
[92m  Client3 Test => 	Acc: 46.779 	Loss: 2.2786[00m
[91m Client4 Train => Local Epoch: 0 / 5 	Acc: 22.803 	Loss: 2.2844[00m[codecarbon INFO @ 01:56:25] [setup] RAM Tracking...
[codecarbon INFO @ 01:56:25] [setup] CPU Tracking...
[codecarbon WARNING @ 01:56:25] No CPU tracking mode found. Falling back on CPU constant mode. 
 Windows OS detected: Please install Intel Power Gadget to measure CPU

[codecarbon INFO @ 01:56:27] CPU Model on constant consumption mode: Intel(R) Xeon(R) Gold 6258R CPU @ 2.70GHz
[codecarbon INFO @ 01:56:27] [setup] GPU Tracking...
[codecarbon INFO @ 01:56:27] Tracking Nvidia GPU via pynvml
[codecarbon INFO @ 01:56:27] >>> Tracker's metadata:
[codecarbon INFO @ 01:56:27]   Platform system: Windows-11-10.0.22631-SP0
[codecarbon INFO @ 01:56:27]   Python version: 3.12.7
[codecarbon INFO @ 01:56:27]   CodeCarbon version: 2.8.3
[codecarbon INFO @ 01:56:27]   Available RAM : 126.630 GB
[codecarbon INFO @ 01:56:27]   CPU count: 56
[codecarbon INFO @ 01:56:27]   CPU model: Intel(R) Xeon(R) Gold 6258R CPU @ 2.70GHz
[codecarbon INFO @ 01:56:27]   GPU count: 2
[codecarbon INFO @ 01:56:27]   GPU model: 2 x NVIDIA RTX A5000
[codecarbon INFO @ 01:56:30] Saving emissions data to file C:\Users\pr8pf\Documents\GitHub\SplitFed\emissions.csv
[codecarbon INFO @ 01:56:31] Energy consumed for RAM : 0.000012 kWh. RAM Power : 47.48608875274658 W
[codecarbon INFO @ 01:56:31] Energy consumed for all CPUs : 0.000026 kWh. Total CPU Power : 102.50000000000001 W
[codecarbon INFO @ 01:56:31] Energy consumed for all GPUs : 0.000005 kWh. Total GPU Power : 19.238697035339623 W
[codecarbon INFO @ 01:56:31] 0.000043 kWh of electricity used since the beginning.
[codecarbon INFO @ 01:57:26] [setup] RAM Tracking...
[codecarbon INFO @ 01:57:26] [setup] CPU Tracking...
[codecarbon WARNING @ 01:57:26] No CPU tracking mode found. Falling back on CPU constant mode. 
 Windows OS detected: Please install Intel Power Gadget to measure CPU

[codecarbon INFO @ 01:57:28] CPU Model on constant consumption mode: Intel(R) Xeon(R) Gold 6258R CPU @ 2.70GHz
[codecarbon INFO @ 01:57:28] [setup] GPU Tracking...
[codecarbon INFO @ 01:57:28] Tracking Nvidia GPU via pynvml
[codecarbon INFO @ 01:57:28] >>> Tracker's metadata:
[codecarbon INFO @ 01:57:28]   Platform system: Windows-11-10.0.22631-SP0
[codecarbon INFO @ 01:57:28]   Python version: 3.12.7
[codecarbon INFO @ 01:57:28]   CodeCarbon version: 2.8.3
[codecarbon INFO @ 01:57:28]   Available RAM : 126.630 GB
[codecarbon INFO @ 01:57:28]   CPU count: 56
[codecarbon INFO @ 01:57:28]   CPU model: Intel(R) Xeon(R) Gold 6258R CPU @ 2.70GHz
[codecarbon INFO @ 01:57:28]   GPU count: 2
[codecarbon INFO @ 01:57:28]   GPU model: 2 x NVIDIA RTX A5000
[codecarbon INFO @ 01:57:31] Saving emissions data to file C:\Users\pr8pf\Documents\GitHub\SplitFed\emissions.csv
[codecarbon INFO @ 01:57:32] Energy consumed for RAM : 0.000012 kWh. RAM Power : 47.48608875274658 W
[codecarbon INFO @ 01:57:32] Energy consumed for all CPUs : 0.000025 kWh. Total CPU Power : 102.50000000000001 W
[codecarbon INFO @ 01:57:32] Energy consumed for all GPUs : 0.000005 kWh. Total GPU Power : 19.849383043028034 W
[codecarbon INFO @ 01:57:32] 0.000041 kWh of electricity used since the beginning.
[codecarbon INFO @ 02:19:59] [setup] RAM Tracking...
[codecarbon INFO @ 02:19:59] [setup] CPU Tracking...
[codecarbon WARNING @ 02:19:59] No CPU tracking mode found. Falling back on CPU constant mode. 
 Windows OS detected: Please install Intel Power Gadget to measure CPU

[codecarbon INFO @ 02:20:01] CPU Model on constant consumption mode: Intel(R) Xeon(R) Gold 6258R CPU @ 2.70GHz
[codecarbon INFO @ 02:20:01] [setup] GPU Tracking...
[codecarbon INFO @ 02:20:01] Tracking Nvidia GPU via pynvml
[codecarbon INFO @ 02:20:01] >>> Tracker's metadata:
[codecarbon INFO @ 02:20:01]   Platform system: Windows-11-10.0.22631-SP0
[codecarbon INFO @ 02:20:01]   Python version: 3.12.7
[codecarbon INFO @ 02:20:01]   CodeCarbon version: 2.8.3
[codecarbon INFO @ 02:20:01]   Available RAM : 126.630 GB
[codecarbon INFO @ 02:20:01]   CPU count: 56
[codecarbon INFO @ 02:20:01]   CPU model: Intel(R) Xeon(R) Gold 6258R CPU @ 2.70GHz
[codecarbon INFO @ 02:20:01]   GPU count: 2
[codecarbon INFO @ 02:20:01]   GPU model: 2 x NVIDIA RTX A5000
[codecarbon INFO @ 02:20:04] Saving emissions data to file C:\Users\pr8pf\Documents\GitHub\SplitFed\emissions.csv
[codecarbon INFO @ 02:20:05] Energy consumed for RAM : 0.000012 kWh. RAM Power : 47.48608875274658 W
[codecarbon INFO @ 02:20:05] Energy consumed for all CPUs : 0.000026 kWh. Total CPU Power : 102.50000000000001 W
[codecarbon INFO @ 02:20:05] Energy consumed for all GPUs : 0.000005 kWh. Total GPU Power : 18.21650779004819 W
[codecarbon INFO @ 02:20:05] 0.000042 kWh of electricity used since the beginning.
[codecarbon INFO @ 02:20:59] [setup] RAM Tracking...
[codecarbon INFO @ 02:20:59] [setup] CPU Tracking...
[codecarbon WARNING @ 02:20:59] No CPU tracking mode found. Falling back on CPU constant mode. 
 Windows OS detected: Please install Intel Power Gadget to measure CPU

[codecarbon INFO @ 02:21:01] CPU Model on constant consumption mode: Intel(R) Xeon(R) Gold 6258R CPU @ 2.70GHz
[codecarbon INFO @ 02:21:01] [setup] GPU Tracking...
[codecarbon INFO @ 02:21:01] Tracking Nvidia GPU via pynvml
[codecarbon INFO @ 02:21:01] >>> Tracker's metadata:
[codecarbon INFO @ 02:21:01]   Platform system: Windows-11-10.0.22631-SP0
[codecarbon INFO @ 02:21:01]   Python version: 3.12.7
[codecarbon INFO @ 02:21:01]   CodeCarbon version: 2.8.3
[codecarbon INFO @ 02:21:01]   Available RAM : 126.630 GB
[codecarbon INFO @ 02:21:01]   CPU count: 56
[codecarbon INFO @ 02:21:01]   CPU model: Intel(R) Xeon(R) Gold 6258R CPU @ 2.70GHz
[codecarbon INFO @ 02:21:01]   GPU count: 2
[codecarbon INFO @ 02:21:01]   GPU model: 2 x NVIDIA RTX A5000
[codecarbon INFO @ 02:21:04] Saving emissions data to file C:\Users\pr8pf\Documents\GitHub\SplitFed\emissions.csv
[codecarbon INFO @ 02:21:05] Energy consumed for RAM : 0.000013 kWh. RAM Power : 47.48608875274658 W
[codecarbon INFO @ 02:21:05] Energy consumed for all CPUs : 0.000028 kWh. Total CPU Power : 102.50000000000001 W
[codecarbon INFO @ 02:21:05] Energy consumed for all GPUs : 0.000005 kWh. Total GPU Power : 19.282379809944334 W
[codecarbon INFO @ 02:21:05] 0.000046 kWh of electricity used since the beginning.

[91m Client4 Train => Local Epoch: 1 / 5 	Acc: 27.979 	Loss: 2.1932[00m
[91m Client4 Train => Local Epoch: 2 / 5 	Acc: 33.008 	Loss: 1.9869[00m
[91m Client4 Train => Local Epoch: 3 / 5 	Acc: 35.596 	Loss: 1.8714[00m
[91m Client4 Train => Local Epoch: 4 / 5 	Acc: 34.814 	Loss: 1.8759[00m
[92m  Client4 Test => 	Acc: 23.542 	Loss: 3.0264[00m
[91m Client5 Train => Local Epoch: 0 / 5 	Acc: 36.198 	Loss: 2.0984[00m
[91m Client5 Train => Local Epoch: 1 / 5 	Acc: 37.760 	Loss: 1.8381[00m
[91m Client5 Train => Local Epoch: 2 / 5 	Acc: 50.716 	Loss: 1.5642[00m
[91m Client5 Train => Local Epoch: 3 / 5 	Acc: 65.560 	Loss: 1.0838[00m
[91m Client5 Train => Local Epoch: 4 / 5 	Acc: 69.531 	Loss: 0.9337[00m
[92m  Client5 Test => 	Acc: 37.044 	Loss: 4.1801[00m
[91m Client6 Train => Local Epoch: 0 / 5 	Acc: 17.668 	Loss: 2.4740[00m
[91m Client6 Train => Local Epoch: 1 / 5 	Acc: 20.373 	Loss: 2.3460[00m
[91m Client6 Train => Local Epoch: 2 / 5 	Acc: 29.207 	Loss: 2.1679[00m
[91m Client6 Train => Local Epoch: 3 / 5 	Acc: 29.087 	Loss: 2.1256[00m
[91m Client6 Train => Local Epoch: 4 / 5 	Acc: 36.538 	Loss: 2.0104[00m
[92m  Client6 Test => 	Acc: 26.763 	Loss: 2.6682[00m
[91m Client7 Train => Local Epoch: 0 / 5 	Acc: 46.094 	Loss: 2.0872[00m
[91m Client7 Train => Local Epoch: 1 / 5 	Acc: 50.586 	Loss: 1.7455[00m
[91m Client7 Train => Local Epoch: 2 / 5 	Acc: 55.534 	Loss: 1.4887[00m
[91m Client7 Train => Local Epoch: 3 / 5 	Acc: 68.750 	Loss: 1.0742[00m
[91m Client7 Train => Local Epoch: 4 / 5 	Acc: 76.367 	Loss: 0.8510[00m
[92m  Client7 Test => 	Acc: 42.792 	Loss: 2.0555[00m
[91m Client8 Train => Local Epoch: 0 / 5 	Acc: 18.490 	Loss: 2.4500[00m
[91m Client8 Train => Local Epoch: 1 / 5 	Acc: 27.257 	Loss: 2.2402[00m
[91m Client8 Train => Local Epoch: 2 / 5 	Acc: 32.639 	Loss: 2.0348[00m
[91m Client8 Train => Local Epoch: 3 / 5 	Acc: 32.378 	Loss: 2.1469[00m
[91m Client8 Train => Local Epoch: 4 / 5 	Acc: 45.139 	Loss: 1.7349[00m
[92m  Client8 Test => 	Acc: 38.174 	Loss: 2.2924[00m
[91m Client9 Train => Local Epoch: 0 / 5 	Acc: 24.414 	Loss: 2.3177[00m
[91m Client9 Train => Local Epoch: 1 / 5 	Acc: 26.432 	Loss: 2.5008[00m
[91m Client9 Train => Local Epoch: 2 / 5 	Acc: 31.901 	Loss: 2.1540[00m
[91m Client9 Train => Local Epoch: 3 / 5 	Acc: 29.102 	Loss: 2.1812[00m
[91m Client9 Train => Local Epoch: 4 / 5 	Acc: 22.135 	Loss: 2.3576[00m
[92m  Client9 Test => 	Acc: 8.849 	Loss: 3.3836[00m
------------------------------------------------
------ Federation process at Server-Side ------- 
------------------------------------------------
-----------------------------------------------------------
------ FedServer: Federation process at Client-Side ------- 
-----------------------------------------------------------
[92m  Client0 Test => 	Acc: 12.352 	Loss: 2.6211[00m
 Train: Round   1, Avg Accuracy 51.749 | Avg Loss 1.505
[91m Client0 Train => Local Epoch: 0 / 5 	Acc: 38.314 	Loss: 1.9699[00m
[91m Client0 Train => Local Epoch: 1 / 5 	Acc: 32.389 	Loss: 2.0156[00m
[91m Client0 Train => Local Epoch: 2 / 5 	Acc: 38.997 	Loss: 1.8186[00m
[91m Client0 Train => Local Epoch: 3 / 5 	Acc: 38.444 	Loss: 1.7962[00m
[91m Client0 Train => Local Epoch: 4 / 5 	Acc: 51.725 	Loss: 1.5464[00m
[92m  Client0 Test => 	Acc: 22.386 	Loss: 4.8142[00m
[91m Client1 Train => Local Epoch: 0 / 5 	Acc: 26.237 	Loss: 2.2559[00m
[91m Client1 Train => Local Epoch: 1 / 5 	Acc: 38.086 	Loss: 1.8993[00m
[91m Client1 Train => Local Epoch: 2 / 5 	Acc: 51.432 	Loss: 1.5355[00m
[91m Client1 Train => Local Epoch: 3 / 5 	Acc: 56.445 	Loss: 1.3081[00m
[91m Client1 Train => Local Epoch: 4 / 5 	Acc: 67.904 	Loss: 1.0128[00m
[92m  Client1 Test => 	Acc: 53.194 	Loss: 4.0083[00m
[91m Client2 Train => Local Epoch: 0 / 5 	Acc: 35.449 	Loss: 2.2797[00m
[91m Client2 Train => Local Epoch: 1 / 5 	Acc: 54.492 	Loss: 1.4885[00m
[91m Client2 Train => Local Epoch: 2 / 5 	Acc: 64.746 	Loss: 1.1642[00m
[91m Client2 Train => Local Epoch: 3 / 5 	Acc: 68.945 	Loss: 0.9993[00m
[91m Client2 Train => Local Epoch: 4 / 5 	Acc: 72.363 	Loss: 0.9062[00m
[92m  Client2 Test => 	Acc: 32.793 	Loss: 2.8194[00m
[91m Client3 Train => Local Epoch: 0 / 5 	Acc: 37.344 	Loss: 1.8868[00m
[91m Client3 Train => Local Epoch: 1 / 5 	Acc: 64.010 	Loss: 1.1886[00m
[91m Client3 Train => Local Epoch: 2 / 5 	Acc: 75.469 	Loss: 0.8911[00m
[91m Client3 Train => Local Epoch: 3 / 5 	Acc: 80.677 	Loss: 0.6780[00m
[91m Client3 Train => Local Epoch: 4 / 5 	Acc: 82.969 	Loss: 0.5818[00m
[92m  Client3 Test => 	Acc: 53.451 	Loss: 1.7783[00m
[91m Client4 Train => Local Epoch: 0 / 5 	Acc: 29.834 	Loss: 2.1081[00m
[91m Client4 Train => Local Epoch: 1 / 5 	Acc: 35.547 	Loss: 1.8527[00m
[91m Client4 Train => Local Epoch: 2 / 5 	Acc: 36.133 	Loss: 1.8466[00m
[91m Client4 Train => Local Epoch: 3 / 5 	Acc: 44.678 	Loss: 1.6110[00m
[91m Client4 Train => Local Epoch: 4 / 5 	Acc: 47.998 	Loss: 1.5788[00m
[92m  Client4 Test => 	Acc: 25.015 	Loss: 2.7663[00m
[91m Client5 Train => Local Epoch: 0 / 5 	Acc: 35.026 	Loss: 2.0417[00m
[91m Client5 Train => Local Epoch: 1 / 5 	Acc: 44.076 	Loss: 1.6161[00m
[91m Client5 Train => Local Epoch: 2 / 5 	Acc: 57.747 	Loss: 1.3102[00m
[91m Client5 Train => Local Epoch: 3 / 5 	Acc: 66.732 	Loss: 0.9909[00m
[91m Client5 Train => Local Epoch: 4 / 5 	Acc: 70.898 	Loss: 0.8481[00m
[92m  Client5 Test => 	Acc: 40.093 	Loss: 2.7327[00m
[91m Client6 Train => Local Epoch: 0 / 5 	Acc: 27.584 	Loss: 2.3397[00m
[91m Client6 Train => Local Epoch: 1 / 5 	Acc: 40.925 	Loss: 1.9093[00m
[91m Client6 Train => Local Epoch: 2 / 5 	Acc: 50.361 	Loss: 1.5301[00m
[91m Client6 Train => Local Epoch: 3 / 5 	Acc: 54.507 	Loss: 1.4308[00m
[91m Client6 Train => Local Epoch: 4 / 5 	Acc: 62.079 	Loss: 1.1391[00m
[92m  Client6 Test => 	Acc: 52.544 	Loss: 1.4322[00m
[91m Client7 Train => Local Epoch: 0 / 5 	Acc: 57.161 	Loss: 1.9187[00m
[91m Client7 Train => Local Epoch: 1 / 5 	Acc: 59.049 	Loss: 1.5754[00m
[91m Client7 Train => Local Epoch: 2 / 5 	Acc: 65.820 	Loss: 1.1258[00m
[91m Client7 Train => Local Epoch: 3 / 5 	Acc: 74.805 	Loss: 0.8401[00m
[91m Client7 Train => Local Epoch: 4 / 5 	Acc: 78.451 	Loss: 0.7211[00m
[92m  Client7 Test => 	Acc: 47.895 	Loss: 1.8040[00m
[91m Client8 Train => Local Epoch: 0 / 5 	Acc: 21.441 	Loss: 2.4045[00m
[91m Client8 Train => Local Epoch: 1 / 5 	Acc: 32.899 	Loss: 2.0408[00m
[91m Client8 Train => Local Epoch: 2 / 5 	Acc: 32.639 	Loss: 2.0271[00m
[91m Client8 Train => Local Epoch: 3 / 5 	Acc: 33.160 	Loss: 1.9530[00m
[91m Client8 Train => Local Epoch: 4 / 5 	Acc: 41.840 	Loss: 1.8192[00m
[92m  Client8 Test => 	Acc: 25.543 	Loss: 2.7777[00m
[91m Client9 Train => Local Epoch: 0 / 5 	Acc: 24.674 	Loss: 2.2400[00m
[91m Client9 Train => Local Epoch: 1 / 5 	Acc: 35.221 	Loss: 1.8404[00m
[91m Client9 Train => Local Epoch: 2 / 5 	Acc: 46.224 	Loss: 1.5805[00m
[91m Client9 Train => Local Epoch: 3 / 5 	Acc: 57.878 	Loss: 1.3158[00m
[91m Client9 Train => Local Epoch: 4 / 5 	Acc: 64.258 	Loss: 1.0490[00m
[92m  Client9 Test => 	Acc: 53.479 	Loss: 3.1360[00m
------------------------------------------------
------ Federation process at Server-Side ------- 
------------------------------------------------
-----------------------------------------------------------
------ FedServer: Federation process at Client-Side ------- 
-----------------------------------------------------------
[92m  Client0 Test => 	Acc: 28.058 	Loss: 2.2994[00m
 Train: Round   2, Avg Accuracy 64.049 | Avg Loss 1.120
[91m Client0 Train => Local Epoch: 0 / 5 	Acc: 63.281 	Loss: 1.2231[00m
[91m Client0 Train => Local Epoch: 1 / 5 	Acc: 71.387 	Loss: 0.9189[00m
[91m Client0 Train => Local Epoch: 2 / 5 	Acc: 80.176 	Loss: 0.6492[00m
[91m Client0 Train => Local Epoch: 3 / 5 	Acc: 86.816 	Loss: 0.4274[00m
[91m Client0 Train => Local Epoch: 4 / 5 	Acc: 87.988 	Loss: 0.3756[00m
[92m  Client0 Test => 	Acc: 49.362 	Loss: 4.1875[00m
[91m Client1 Train => Local Epoch: 0 / 5 	Acc: 42.383 	Loss: 1.9067[00m[codecarbon INFO @ 02:43:34] [setup] RAM Tracking...
[codecarbon INFO @ 02:43:34] [setup] CPU Tracking...
[codecarbon WARNING @ 02:43:34] No CPU tracking mode found. Falling back on CPU constant mode. 
 Windows OS detected: Please install Intel Power Gadget to measure CPU

[codecarbon INFO @ 02:43:36] CPU Model on constant consumption mode: Intel(R) Xeon(R) Gold 6258R CPU @ 2.70GHz
[codecarbon INFO @ 02:43:36] [setup] GPU Tracking...
[codecarbon INFO @ 02:43:36] Tracking Nvidia GPU via pynvml
[codecarbon INFO @ 02:43:36] >>> Tracker's metadata:
[codecarbon INFO @ 02:43:36]   Platform system: Windows-11-10.0.22631-SP0
[codecarbon INFO @ 02:43:36]   Python version: 3.12.7
[codecarbon INFO @ 02:43:36]   CodeCarbon version: 2.8.3
[codecarbon INFO @ 02:43:36]   Available RAM : 126.630 GB
[codecarbon INFO @ 02:43:36]   CPU count: 56
[codecarbon INFO @ 02:43:36]   CPU model: Intel(R) Xeon(R) Gold 6258R CPU @ 2.70GHz
[codecarbon INFO @ 02:43:36]   GPU count: 2
[codecarbon INFO @ 02:43:36]   GPU model: 2 x NVIDIA RTX A5000
[codecarbon INFO @ 02:43:39] Saving emissions data to file C:\Users\pr8pf\Documents\GitHub\SplitFed\emissions.csv
[codecarbon INFO @ 02:43:40] Energy consumed for RAM : 0.000015 kWh. RAM Power : 47.48608875274658 W
[codecarbon INFO @ 02:43:40] Energy consumed for all CPUs : 0.000033 kWh. Total CPU Power : 102.50000000000001 W
[codecarbon INFO @ 02:43:40] Energy consumed for all GPUs : 0.000006 kWh. Total GPU Power : 19.96831048429463 W
[codecarbon INFO @ 02:43:40] 0.000055 kWh of electricity used since the beginning.
[codecarbon INFO @ 02:44:36] [setup] RAM Tracking...
[codecarbon INFO @ 02:44:36] [setup] CPU Tracking...
[codecarbon WARNING @ 02:44:36] No CPU tracking mode found. Falling back on CPU constant mode. 
 Windows OS detected: Please install Intel Power Gadget to measure CPU

[codecarbon INFO @ 02:44:37] CPU Model on constant consumption mode: Intel(R) Xeon(R) Gold 6258R CPU @ 2.70GHz
[codecarbon INFO @ 02:44:37] [setup] GPU Tracking...
[codecarbon INFO @ 02:44:37] Tracking Nvidia GPU via pynvml
[codecarbon INFO @ 02:44:37] >>> Tracker's metadata:
[codecarbon INFO @ 02:44:37]   Platform system: Windows-11-10.0.22631-SP0
[codecarbon INFO @ 02:44:37]   Python version: 3.12.7
[codecarbon INFO @ 02:44:37]   CodeCarbon version: 2.8.3
[codecarbon INFO @ 02:44:37]   Available RAM : 126.630 GB
[codecarbon INFO @ 02:44:37]   CPU count: 56
[codecarbon INFO @ 02:44:37]   CPU model: Intel(R) Xeon(R) Gold 6258R CPU @ 2.70GHz
[codecarbon INFO @ 02:44:37]   GPU count: 2
[codecarbon INFO @ 02:44:37]   GPU model: 2 x NVIDIA RTX A5000
[codecarbon INFO @ 02:44:40] Saving emissions data to file C:\Users\pr8pf\Documents\GitHub\SplitFed\emissions.csv
[codecarbon INFO @ 02:44:41] Energy consumed for RAM : 0.000011 kWh. RAM Power : 47.48608875274658 W
[codecarbon INFO @ 02:44:41] Energy consumed for all CPUs : 0.000025 kWh. Total CPU Power : 102.50000000000001 W
[codecarbon INFO @ 02:44:41] Energy consumed for all GPUs : 0.000005 kWh. Total GPU Power : 21.311225927990176 W
[codecarbon INFO @ 02:44:41] 0.000041 kWh of electricity used since the beginning.

[91m Client1 Train => Local Epoch: 1 / 5 	Acc: 60.938 	Loss: 1.2902[00m
[91m Client1 Train => Local Epoch: 2 / 5 	Acc: 65.299 	Loss: 1.0386[00m
[91m Client1 Train => Local Epoch: 3 / 5 	Acc: 71.159 	Loss: 0.8576[00m
[91m Client1 Train => Local Epoch: 4 / 5 	Acc: 80.078 	Loss: 0.6080[00m
[92m  Client1 Test => 	Acc: 58.908 	Loss: 4.3038[00m
[91m Client2 Train => Local Epoch: 0 / 5 	Acc: 54.492 	Loss: 1.7134[00m
[91m Client2 Train => Local Epoch: 1 / 5 	Acc: 69.727 	Loss: 1.0750[00m
[91m Client2 Train => Local Epoch: 2 / 5 	Acc: 75.293 	Loss: 0.8090[00m
[91m Client2 Train => Local Epoch: 3 / 5 	Acc: 79.297 	Loss: 0.6862[00m
[91m Client2 Train => Local Epoch: 4 / 5 	Acc: 77.930 	Loss: 0.6910[00m
[92m  Client2 Test => 	Acc: 38.215 	Loss: 2.5012[00m
[91m Client3 Train => Local Epoch: 0 / 5 	Acc: 61.302 	Loss: 1.3943[00m
[91m Client3 Train => Local Epoch: 1 / 5 	Acc: 78.073 	Loss: 0.7553[00m
[91m Client3 Train => Local Epoch: 2 / 5 	Acc: 82.656 	Loss: 0.5965[00m
[91m Client3 Train => Local Epoch: 3 / 5 	Acc: 85.260 	Loss: 0.4872[00m
[91m Client3 Train => Local Epoch: 4 / 5 	Acc: 87.240 	Loss: 0.4210[00m
[92m  Client3 Test => 	Acc: 57.121 	Loss: 1.5691[00m
[91m Client4 Train => Local Epoch: 0 / 5 	Acc: 38.770 	Loss: 1.7593[00m
[91m Client4 Train => Local Epoch: 1 / 5 	Acc: 59.033 	Loss: 1.2281[00m
[91m Client4 Train => Local Epoch: 2 / 5 	Acc: 61.035 	Loss: 1.1386[00m
[91m Client4 Train => Local Epoch: 3 / 5 	Acc: 68.652 	Loss: 0.9279[00m
[91m Client4 Train => Local Epoch: 4 / 5 	Acc: 77.686 	Loss: 0.6485[00m
[92m  Client4 Test => 	Acc: 66.471 	Loss: 1.7619[00m
[91m Client5 Train => Local Epoch: 0 / 5 	Acc: 50.456 	Loss: 1.6840[00m
[91m Client5 Train => Local Epoch: 1 / 5 	Acc: 64.583 	Loss: 1.1249[00m
[91m Client5 Train => Local Epoch: 2 / 5 	Acc: 62.760 	Loss: 1.0897[00m
[91m Client5 Train => Local Epoch: 3 / 5 	Acc: 70.898 	Loss: 0.9221[00m
[91m Client5 Train => Local Epoch: 4 / 5 	Acc: 77.604 	Loss: 0.6691[00m
[92m  Client5 Test => 	Acc: 44.252 	Loss: 2.5862[00m
[91m Client6 Train => Local Epoch: 0 / 5 	Acc: 37.560 	Loss: 1.9863[00m
[91m Client6 Train => Local Epoch: 1 / 5 	Acc: 55.288 	Loss: 1.3935[00m
[91m Client6 Train => Local Epoch: 2 / 5 	Acc: 63.401 	Loss: 1.0794[00m
[91m Client6 Train => Local Epoch: 3 / 5 	Acc: 65.986 	Loss: 1.0050[00m
[91m Client6 Train => Local Epoch: 4 / 5 	Acc: 66.046 	Loss: 1.0062[00m
[92m  Client6 Test => 	Acc: 58.729 	Loss: 1.2277[00m
[91m Client7 Train => Local Epoch: 0 / 5 	Acc: 60.286 	Loss: 1.5904[00m
[91m Client7 Train => Local Epoch: 1 / 5 	Acc: 73.177 	Loss: 0.8858[00m
[91m Client7 Train => Local Epoch: 2 / 5 	Acc: 77.865 	Loss: 0.7313[00m
[91m Client7 Train => Local Epoch: 3 / 5 	Acc: 80.339 	Loss: 0.6352[00m
[91m Client7 Train => Local Epoch: 4 / 5 	Acc: 84.505 	Loss: 0.4988[00m
[92m  Client7 Test => 	Acc: 55.082 	Loss: 1.4523[00m
[91m Client8 Train => Local Epoch: 0 / 5 	Acc: 44.184 	Loss: 1.9402[00m
[91m Client8 Train => Local Epoch: 1 / 5 	Acc: 48.958 	Loss: 1.6944[00m
[91m Client8 Train => Local Epoch: 2 / 5 	Acc: 54.167 	Loss: 1.4562[00m
[91m Client8 Train => Local Epoch: 3 / 5 	Acc: 60.764 	Loss: 1.2107[00m
[91m Client8 Train => Local Epoch: 4 / 5 	Acc: 66.493 	Loss: 1.0913[00m
[92m  Client8 Test => 	Acc: 49.530 	Loss: 1.7969[00m
[91m Client9 Train => Local Epoch: 0 / 5 	Acc: 41.341 	Loss: 1.9238[00m
[91m Client9 Train => Local Epoch: 1 / 5 	Acc: 57.096 	Loss: 1.2940[00m
[91m Client9 Train => Local Epoch: 2 / 5 	Acc: 62.370 	Loss: 1.1012[00m
[91m Client9 Train => Local Epoch: 3 / 5 	Acc: 68.945 	Loss: 0.8713[00m
[91m Client9 Train => Local Epoch: 4 / 5 	Acc: 72.201 	Loss: 0.8143[00m
[92m  Client9 Test => 	Acc: 61.737 	Loss: 2.0425[00m
------------------------------------------------
------ Federation process at Server-Side ------- 
------------------------------------------------
-----------------------------------------------------------
------ FedServer: Federation process at Client-Side ------- 
-----------------------------------------------------------
[92m  Client0 Test => 	Acc: 47.493 	Loss: 1.5613[00m
 Train: Round   3, Avg Accuracy 77.777 | Avg Loss 0.682
[91m Client0 Train => Local Epoch: 0 / 5 	Acc: 77.083 	Loss: 0.7328[00m
[91m Client0 Train => Local Epoch: 1 / 5 	Acc: 83.040 	Loss: 0.5336[00m
[91m Client0 Train => Local Epoch: 2 / 5 	Acc: 89.583 	Loss: 0.3323[00m
[91m Client0 Train => Local Epoch: 3 / 5 	Acc: 90.104 	Loss: 0.3177[00m
[91m Client0 Train => Local Epoch: 4 / 5 	Acc: 90.169 	Loss: 0.3282[00m
[92m  Client0 Test => 	Acc: 52.788 	Loss: 3.5723[00m
[91m Client1 Train => Local Epoch: 0 / 5 	Acc: 55.013 	Loss: 1.3571[00m
[91m Client1 Train => Local Epoch: 1 / 5 	Acc: 71.875 	Loss: 0.8909[00m
[91m Client1 Train => Local Epoch: 2 / 5 	Acc: 66.406 	Loss: 1.0126[00m
[91m Client1 Train => Local Epoch: 3 / 5 	Acc: 79.427 	Loss: 0.6374[00m
[91m Client1 Train => Local Epoch: 4 / 5 	Acc: 82.161 	Loss: 0.5807[00m
[92m  Client1 Test => 	Acc: 63.618 	Loss: 2.8808[00m
[91m Client2 Train => Local Epoch: 0 / 5 	Acc: 67.480 	Loss: 1.0426[00m
[91m Client2 Train => Local Epoch: 1 / 5 	Acc: 77.734 	Loss: 0.7631[00m
[91m Client2 Train => Local Epoch: 2 / 5 	Acc: 83.398 	Loss: 0.5436[00m
[91m Client2 Train => Local Epoch: 3 / 5 	Acc: 82.910 	Loss: 0.5233[00m
[91m Client2 Train => Local Epoch: 4 / 5 	Acc: 84.570 	Loss: 0.4764[00m
[92m  Client2 Test => 	Acc: 53.729 	Loss: 1.7387[00m
[91m Client3 Train => Local Epoch: 0 / 5 	Acc: 72.917 	Loss: 0.8774[00m
[91m Client3 Train => Local Epoch: 1 / 5 	Acc: 86.042 	Loss: 0.4565[00m
[91m Client3 Train => Local Epoch: 2 / 5 	Acc: 88.906 	Loss: 0.3614[00m
[91m Client3 Train => Local Epoch: 3 / 5 	Acc: 89.375 	Loss: 0.3368[00m
[91m Client3 Train => Local Epoch: 4 / 5 	Acc: 89.792 	Loss: 0.3510[00m
[92m  Client3 Test => 	Acc: 68.450 	Loss: 1.2186[00m
[91m Client4 Train => Local Epoch: 0 / 5 	Acc: 51.270 	Loss: 1.3922[00m
[91m Client4 Train => Local Epoch: 1 / 5 	Acc: 56.445 	Loss: 1.2781[00m
[91m Client4 Train => Local Epoch: 2 / 5 	Acc: 71.045 	Loss: 0.8637[00m
[91m Client4 Train => Local Epoch: 3 / 5 	Acc: 79.199 	Loss: 0.6476[00m
[91m Client4 Train => Local Epoch: 4 / 5 	Acc: 81.592 	Loss: 0.5584[00m
[92m  Client4 Test => 	Acc: 64.278 	Loss: 1.6276[00m
[91m Client5 Train => Local Epoch: 0 / 5 	Acc: 69.857 	Loss: 0.9567[00m
[91m Client5 Train => Local Epoch: 1 / 5 	Acc: 81.185 	Loss: 0.5867[00m
[91m Client5 Train => Local Epoch: 2 / 5 	Acc: 83.659 	Loss: 0.5241[00m
[91m Client5 Train => Local Epoch: 3 / 5 	Acc: 87.435 	Loss: 0.3909[00m
[91m Client5 Train => Local Epoch: 4 / 5 	Acc: 88.607 	Loss: 0.3409[00m
[92m  Client5 Test => 	Acc: 59.385 	Loss: 2.1848[00m
[91m Client6 Train => Local Epoch: 0 / 5 	Acc: 57.692 	Loss: 1.2545[00m
[91m Client6 Train => Local Epoch: 1 / 5 	Acc: 71.214 	Loss: 0.8523[00m
[91m Client6 Train => Local Epoch: 2 / 5 	Acc: 75.901 	Loss: 0.7124[00m
[91m Client6 Train => Local Epoch: 3 / 5 	Acc: 80.769 	Loss: 0.5843[00m
[91m Client6 Train => Local Epoch: 4 / 5 	Acc: 84.375 	Loss: 0.4685[00m
[92m  Client6 Test => 	Acc: 68.196 	Loss: 1.0422[00m
[91m Client7 Train => Local Epoch: 0 / 5 	Acc: 73.047 	Loss: 0.8528[00m
[91m Client7 Train => Local Epoch: 1 / 5 	Acc: 83.659 	Loss: 0.5205[00m
[91m Client7 Train => Local Epoch: 2 / 5 	Acc: 84.310 	Loss: 0.4947[00m
[91m Client7 Train => Local Epoch: 3 / 5 	Acc: 88.216 	Loss: 0.3822[00m
[91m Client7 Train => Local Epoch: 4 / 5 	Acc: 90.039 	Loss: 0.3137[00m
[92m  Client7 Test => 	Acc: 65.871 	Loss: 1.0594[00m
[91m Client8 Train => Local Epoch: 0 / 5 	Acc: 60.156 	Loss: 1.2746[00m
[91m Client8 Train => Local Epoch: 1 / 5 	Acc: 73.785 	Loss: 0.8255[00m
[91m Client8 Train => Local Epoch: 2 / 5 	Acc: 78.993 	Loss: 0.6520[00m
[91m Client8 Train => Local Epoch: 3 / 5 	Acc: 81.944 	Loss: 0.5826[00m
[91m Client8 Train => Local Epoch: 4 / 5 	Acc: 84.288 	Loss: 0.4887[00m
[92m  Client8 Test => 	Acc: 70.404 	Loss: 1.0613[00m
[91m Client9 Train => Local Epoch: 0 / 5 	Acc: 56.380 	Loss: 1.2834[00m[codecarbon INFO @ 03:07:06] [setup] RAM Tracking...
[codecarbon INFO @ 03:07:06] [setup] CPU Tracking...
[codecarbon WARNING @ 03:07:06] No CPU tracking mode found. Falling back on CPU constant mode. 
 Windows OS detected: Please install Intel Power Gadget to measure CPU

[codecarbon INFO @ 03:07:08] CPU Model on constant consumption mode: Intel(R) Xeon(R) Gold 6258R CPU @ 2.70GHz
[codecarbon INFO @ 03:07:08] [setup] GPU Tracking...
[codecarbon INFO @ 03:07:08] Tracking Nvidia GPU via pynvml
[codecarbon INFO @ 03:07:08] >>> Tracker's metadata:
[codecarbon INFO @ 03:07:08]   Platform system: Windows-11-10.0.22631-SP0
[codecarbon INFO @ 03:07:08]   Python version: 3.12.7
[codecarbon INFO @ 03:07:08]   CodeCarbon version: 2.8.3
[codecarbon INFO @ 03:07:08]   Available RAM : 126.630 GB
[codecarbon INFO @ 03:07:08]   CPU count: 56
[codecarbon INFO @ 03:07:08]   CPU model: Intel(R) Xeon(R) Gold 6258R CPU @ 2.70GHz
[codecarbon INFO @ 03:07:08]   GPU count: 2
[codecarbon INFO @ 03:07:08]   GPU model: 2 x NVIDIA RTX A5000
[codecarbon INFO @ 03:07:11] Saving emissions data to file C:\Users\pr8pf\Documents\GitHub\SplitFed\emissions.csv
[codecarbon INFO @ 03:07:12] Energy consumed for RAM : 0.000016 kWh. RAM Power : 47.48608875274658 W
[codecarbon INFO @ 03:07:12] Energy consumed for all CPUs : 0.000034 kWh. Total CPU Power : 102.50000000000001 W
[codecarbon INFO @ 03:07:12] Energy consumed for all GPUs : 0.000006 kWh. Total GPU Power : 18.91582657562719 W
[codecarbon INFO @ 03:07:12] 0.000056 kWh of electricity used since the beginning.
[codecarbon INFO @ 03:08:08] [setup] RAM Tracking...
[codecarbon INFO @ 03:08:08] [setup] CPU Tracking...
[codecarbon WARNING @ 03:08:08] No CPU tracking mode found. Falling back on CPU constant mode. 
 Windows OS detected: Please install Intel Power Gadget to measure CPU

[codecarbon INFO @ 03:08:10] CPU Model on constant consumption mode: Intel(R) Xeon(R) Gold 6258R CPU @ 2.70GHz
[codecarbon INFO @ 03:08:10] [setup] GPU Tracking...
[codecarbon INFO @ 03:08:10] Tracking Nvidia GPU via pynvml
[codecarbon INFO @ 03:08:10] >>> Tracker's metadata:
[codecarbon INFO @ 03:08:10]   Platform system: Windows-11-10.0.22631-SP0
[codecarbon INFO @ 03:08:10]   Python version: 3.12.7
[codecarbon INFO @ 03:08:10]   CodeCarbon version: 2.8.3
[codecarbon INFO @ 03:08:10]   Available RAM : 126.630 GB
[codecarbon INFO @ 03:08:10]   CPU count: 56
[codecarbon INFO @ 03:08:10]   CPU model: Intel(R) Xeon(R) Gold 6258R CPU @ 2.70GHz
[codecarbon INFO @ 03:08:10]   GPU count: 2
[codecarbon INFO @ 03:08:10]   GPU model: 2 x NVIDIA RTX A5000
[codecarbon INFO @ 03:08:13] Saving emissions data to file C:\Users\pr8pf\Documents\GitHub\SplitFed\emissions.csv
[codecarbon INFO @ 03:08:14] Energy consumed for RAM : 0.000013 kWh. RAM Power : 47.48608875274658 W
[codecarbon INFO @ 03:08:14] Energy consumed for all CPUs : 0.000027 kWh. Total CPU Power : 102.50000000000001 W
[codecarbon INFO @ 03:08:14] Energy consumed for all GPUs : 0.000005 kWh. Total GPU Power : 19.663410752725756 W
[codecarbon INFO @ 03:08:14] 0.000045 kWh of electricity used since the beginning.
[codecarbon INFO @ 03:30:41] [setup] RAM Tracking...
[codecarbon INFO @ 03:30:41] [setup] CPU Tracking...
[codecarbon WARNING @ 03:30:41] No CPU tracking mode found. Falling back on CPU constant mode. 
 Windows OS detected: Please install Intel Power Gadget to measure CPU

[codecarbon INFO @ 03:30:43] CPU Model on constant consumption mode: Intel(R) Xeon(R) Gold 6258R CPU @ 2.70GHz
[codecarbon INFO @ 03:30:43] [setup] GPU Tracking...
[codecarbon INFO @ 03:30:43] Tracking Nvidia GPU via pynvml
[codecarbon INFO @ 03:30:43] >>> Tracker's metadata:
[codecarbon INFO @ 03:30:43]   Platform system: Windows-11-10.0.22631-SP0
[codecarbon INFO @ 03:30:43]   Python version: 3.12.7
[codecarbon INFO @ 03:30:43]   CodeCarbon version: 2.8.3
[codecarbon INFO @ 03:30:43]   Available RAM : 126.630 GB
[codecarbon INFO @ 03:30:43]   CPU count: 56
[codecarbon INFO @ 03:30:43]   CPU model: Intel(R) Xeon(R) Gold 6258R CPU @ 2.70GHz
[codecarbon INFO @ 03:30:43]   GPU count: 2
[codecarbon INFO @ 03:30:43]   GPU model: 2 x NVIDIA RTX A5000
[codecarbon INFO @ 03:30:46] Saving emissions data to file C:\Users\pr8pf\Documents\GitHub\SplitFed\emissions.csv
[codecarbon INFO @ 03:30:47] Energy consumed for RAM : 0.000014 kWh. RAM Power : 47.48608875274658 W
[codecarbon INFO @ 03:30:47] Energy consumed for all CPUs : 0.000031 kWh. Total CPU Power : 102.50000000000001 W
[codecarbon INFO @ 03:30:47] Energy consumed for all GPUs : 0.000006 kWh. Total GPU Power : 18.84710171387537 W
[codecarbon INFO @ 03:30:47] 0.000051 kWh of electricity used since the beginning.
[codecarbon INFO @ 03:31:42] [setup] RAM Tracking...
[codecarbon INFO @ 03:31:42] [setup] CPU Tracking...
[codecarbon WARNING @ 03:31:42] No CPU tracking mode found. Falling back on CPU constant mode. 
 Windows OS detected: Please install Intel Power Gadget to measure CPU

[codecarbon INFO @ 03:31:44] CPU Model on constant consumption mode: Intel(R) Xeon(R) Gold 6258R CPU @ 2.70GHz
[codecarbon INFO @ 03:31:44] [setup] GPU Tracking...
[codecarbon INFO @ 03:31:44] Tracking Nvidia GPU via pynvml
[codecarbon INFO @ 03:31:44] >>> Tracker's metadata:
[codecarbon INFO @ 03:31:44]   Platform system: Windows-11-10.0.22631-SP0
[codecarbon INFO @ 03:31:44]   Python version: 3.12.7
[codecarbon INFO @ 03:31:44]   CodeCarbon version: 2.8.3
[codecarbon INFO @ 03:31:44]   Available RAM : 126.630 GB
[codecarbon INFO @ 03:31:44]   CPU count: 56
[codecarbon INFO @ 03:31:44]   CPU model: Intel(R) Xeon(R) Gold 6258R CPU @ 2.70GHz
[codecarbon INFO @ 03:31:44]   GPU count: 2
[codecarbon INFO @ 03:31:44]   GPU model: 2 x NVIDIA RTX A5000
[codecarbon INFO @ 03:31:47] Saving emissions data to file C:\Users\pr8pf\Documents\GitHub\SplitFed\emissions.csv
[codecarbon INFO @ 03:31:48] Energy consumed for RAM : 0.000013 kWh. RAM Power : 47.48608875274658 W
[codecarbon INFO @ 03:31:48] Energy consumed for all CPUs : 0.000029 kWh. Total CPU Power : 102.50000000000001 W
[codecarbon INFO @ 03:31:48] Energy consumed for all GPUs : 0.000006 kWh. Total GPU Power : 19.81370106005432 W
[codecarbon INFO @ 03:31:48] 0.000048 kWh of electricity used since the beginning.

[91m Client9 Train => Local Epoch: 1 / 5 	Acc: 72.201 	Loss: 0.8212[00m
[91m Client9 Train => Local Epoch: 2 / 5 	Acc: 78.581 	Loss: 0.6309[00m
[91m Client9 Train => Local Epoch: 3 / 5 	Acc: 78.125 	Loss: 0.6511[00m
[91m Client9 Train => Local Epoch: 4 / 5 	Acc: 83.073 	Loss: 0.5063[00m
[92m  Client9 Test => 	Acc: 65.425 	Loss: 1.8900[00m
------------------------------------------------
------ Federation process at Server-Side ------- 
------------------------------------------------
-----------------------------------------------------------
------ FedServer: Federation process at Client-Side ------- 
-----------------------------------------------------------
[92m  Client0 Test => 	Acc: 71.392 	Loss: 0.8701[00m
 Train: Round   4, Avg Accuracy 85.867 | Avg Loss 0.441
[91m Client0 Train => Local Epoch: 0 / 5 	Acc: 86.068 	Loss: 0.4421[00m
[91m Client0 Train => Local Epoch: 1 / 5 	Acc: 91.309 	Loss: 0.2910[00m
[91m Client0 Train => Local Epoch: 2 / 5 	Acc: 92.513 	Loss: 0.2396[00m
[91m Client0 Train => Local Epoch: 3 / 5 	Acc: 93.620 	Loss: 0.2027[00m
[91m Client0 Train => Local Epoch: 4 / 5 	Acc: 93.555 	Loss: 0.2124[00m
[92m  Client0 Test => 	Acc: 58.667 	Loss: 3.5844[00m
[91m Client1 Train => Local Epoch: 0 / 5 	Acc: 77.344 	Loss: 0.7322[00m
[91m Client1 Train => Local Epoch: 1 / 5 	Acc: 84.635 	Loss: 0.4755[00m
[91m Client1 Train => Local Epoch: 2 / 5 	Acc: 86.589 	Loss: 0.4192[00m
[91m Client1 Train => Local Epoch: 3 / 5 	Acc: 87.826 	Loss: 0.3677[00m
[91m Client1 Train => Local Epoch: 4 / 5 	Acc: 88.932 	Loss: 0.3387[00m
[92m  Client1 Test => 	Acc: 70.249 	Loss: 3.0240[00m
[91m Client2 Train => Local Epoch: 0 / 5 	Acc: 81.641 	Loss: 0.5605[00m
[91m Client2 Train => Local Epoch: 1 / 5 	Acc: 87.695 	Loss: 0.3919[00m
[91m Client2 Train => Local Epoch: 2 / 5 	Acc: 85.840 	Loss: 0.4234[00m
[91m Client2 Train => Local Epoch: 3 / 5 	Acc: 86.035 	Loss: 0.4358[00m
[91m Client2 Train => Local Epoch: 4 / 5 	Acc: 87.988 	Loss: 0.3710[00m
[92m  Client2 Test => 	Acc: 60.724 	Loss: 1.4679[00m
[91m Client3 Train => Local Epoch: 0 / 5 	Acc: 88.698 	Loss: 0.4103[00m
[91m Client3 Train => Local Epoch: 1 / 5 	Acc: 90.781 	Loss: 0.2951[00m
[91m Client3 Train => Local Epoch: 2 / 5 	Acc: 93.125 	Loss: 0.2225[00m
[91m Client3 Train => Local Epoch: 3 / 5 	Acc: 93.698 	Loss: 0.2058[00m
[91m Client3 Train => Local Epoch: 4 / 5 	Acc: 94.740 	Loss: 0.1666[00m
[92m  Client3 Test => 	Acc: 71.033 	Loss: 1.3685[00m
[91m Client4 Train => Local Epoch: 0 / 5 	Acc: 77.051 	Loss: 0.7368[00m
[91m Client4 Train => Local Epoch: 1 / 5 	Acc: 77.051 	Loss: 0.6874[00m
[91m Client4 Train => Local Epoch: 2 / 5 	Acc: 84.961 	Loss: 0.4457[00m
[91m Client4 Train => Local Epoch: 3 / 5 	Acc: 83.252 	Loss: 0.4937[00m
[91m Client4 Train => Local Epoch: 4 / 5 	Acc: 89.502 	Loss: 0.3313[00m
[92m  Client4 Test => 	Acc: 78.134 	Loss: 1.2239[00m
[91m Client5 Train => Local Epoch: 0 / 5 	Acc: 83.268 	Loss: 0.5214[00m
[91m Client5 Train => Local Epoch: 1 / 5 	Acc: 84.570 	Loss: 0.4623[00m
[91m Client5 Train => Local Epoch: 2 / 5 	Acc: 85.286 	Loss: 0.4294[00m
[91m Client5 Train => Local Epoch: 3 / 5 	Acc: 88.477 	Loss: 0.3285[00m
[91m Client5 Train => Local Epoch: 4 / 5 	Acc: 87.500 	Loss: 0.4090[00m
[92m  Client5 Test => 	Acc: 61.572 	Loss: 1.7112[00m
[91m Client6 Train => Local Epoch: 0 / 5 	Acc: 72.716 	Loss: 0.8096[00m
[91m Client6 Train => Local Epoch: 1 / 5 	Acc: 79.026 	Loss: 0.6438[00m
[91m Client6 Train => Local Epoch: 2 / 5 	Acc: 82.632 	Loss: 0.5155[00m
[91m Client6 Train => Local Epoch: 3 / 5 	Acc: 86.599 	Loss: 0.4073[00m
[91m Client6 Train => Local Epoch: 4 / 5 	Acc: 89.123 	Loss: 0.3283[00m
[92m  Client6 Test => 	Acc: 75.805 	Loss: 0.7948[00m
[91m Client7 Train => Local Epoch: 0 / 5 	Acc: 84.766 	Loss: 0.4603[00m
[91m Client7 Train => Local Epoch: 1 / 5 	Acc: 90.560 	Loss: 0.3070[00m
[91m Client7 Train => Local Epoch: 2 / 5 	Acc: 91.862 	Loss: 0.2493[00m
[91m Client7 Train => Local Epoch: 3 / 5 	Acc: 93.685 	Loss: 0.2262[00m
[91m Client7 Train => Local Epoch: 4 / 5 	Acc: 92.904 	Loss: 0.2408[00m
[92m  Client7 Test => 	Acc: 69.380 	Loss: 1.1151[00m
[91m Client8 Train => Local Epoch: 0 / 5 	Acc: 81.076 	Loss: 0.6141[00m
[91m Client8 Train => Local Epoch: 1 / 5 	Acc: 87.587 	Loss: 0.4009[00m
[91m Client8 Train => Local Epoch: 2 / 5 	Acc: 87.500 	Loss: 0.3708[00m
[91m Client8 Train => Local Epoch: 3 / 5 	Acc: 85.243 	Loss: 0.4855[00m
[91m Client8 Train => Local Epoch: 4 / 5 	Acc: 88.108 	Loss: 0.3523[00m
[92m  Client8 Test => 	Acc: 77.168 	Loss: 0.7856[00m
[91m Client9 Train => Local Epoch: 0 / 5 	Acc: 70.898 	Loss: 0.8225[00m
[91m Client9 Train => Local Epoch: 1 / 5 	Acc: 83.854 	Loss: 0.5023[00m
[91m Client9 Train => Local Epoch: 2 / 5 	Acc: 88.607 	Loss: 0.3544[00m
[91m Client9 Train => Local Epoch: 3 / 5 	Acc: 89.062 	Loss: 0.3503[00m
[91m Client9 Train => Local Epoch: 4 / 5 	Acc: 89.388 	Loss: 0.3120[00m
[92m  Client9 Test => 	Acc: 68.045 	Loss: 1.6471[00m
------------------------------------------------
------ Federation process at Server-Side ------- 
------------------------------------------------
-----------------------------------------------------------
------ FedServer: Federation process at Client-Side ------- 
-----------------------------------------------------------
[92m  Client0 Test => 	Acc: 85.183 	Loss: 0.5191[00m
 Train: Round   5, Avg Accuracy 90.174 | Avg Loss 0.306
[91m Client0 Train => Local Epoch: 0 / 5 	Acc: 91.602 	Loss: 0.2869[00m
[91m Client0 Train => Local Epoch: 1 / 5 	Acc: 93.359 	Loss: 0.2088[00m
[91m Client0 Train => Local Epoch: 2 / 5 	Acc: 94.173 	Loss: 0.2018[00m
[91m Client0 Train => Local Epoch: 3 / 5 	Acc: 93.913 	Loss: 0.2032[00m
[91m Client0 Train => Local Epoch: 4 / 5 	Acc: 94.694 	Loss: 0.1621[00m
[92m  Client0 Test => 	Acc: 56.218 	Loss: 4.0547[00m
[91m Client1 Train => Local Epoch: 0 / 5 	Acc: 84.049 	Loss: 0.4812[00m
[91m Client1 Train => Local Epoch: 1 / 5 	Acc: 86.068 	Loss: 0.4342[00m
[91m Client1 Train => Local Epoch: 2 / 5 	Acc: 89.583 	Loss: 0.3010[00m
[91m Client1 Train => Local Epoch: 3 / 5 	Acc: 92.839 	Loss: 0.2141[00m
[91m Client1 Train => Local Epoch: 4 / 5 	Acc: 90.625 	Loss: 0.2763[00m
[92m  Client1 Test => 	Acc: 63.944 	Loss: 3.2653[00m
[91m Client2 Train => Local Epoch: 0 / 5 	Acc: 87.695 	Loss: 0.3943[00m
[91m Client2 Train => Local Epoch: 1 / 5 	Acc: 91.602 	Loss: 0.2521[00m
[91m Client2 Train => Local Epoch: 2 / 5 	Acc: 90.234 	Loss: 0.3097[00m
[91m Client2 Train => Local Epoch: 3 / 5 	Acc: 93.066 	Loss: 0.2289[00m
[91m Client2 Train => Local Epoch: 4 / 5 	Acc: 92.969 	Loss: 0.2448[00m
[92m  Client2 Test => 	Acc: 67.132 	Loss: 1.1761[00m
[91m Client3 Train => Local Epoch: 0 / 5 	Acc: 92.865 	Loss: 0.2563[00m
[91m Client3 Train => Local Epoch: 1 / 5 	Acc: 93.750 	Loss: 0.1705[00m
[91m Client3 Train => Local Epoch: 2 / 5 	Acc: 95.365 	Loss: 0.1328[00m
[91m Client3 Train => Local Epoch: 3 / 5 	Acc: 95.677 	Loss: 0.1195[00m
[91m Client3 Train => Local Epoch: 4 / 5 	Acc: 94.792 	Loss: 0.1695[00m
[92m  Client3 Test => 	Acc: 74.985 	Loss: 1.0183[00m
[91m Client4 Train => Local Epoch: 0 / 5 	Acc: 82.764 	Loss: 0.5235[00m
[91m Client4 Train => Local Epoch: 1 / 5 	Acc: 82.764 	Loss: 0.5744[00m
[91m Client4 Train => Local Epoch: 2 / 5 	Acc: 88.574 	Loss: 0.3512[00m
[91m Client4 Train => Local Epoch: 3 / 5 	Acc: 90.283 	Loss: 0.3090[00m
[91m Client4 Train => Local Epoch: 4 / 5 	Acc: 92.725 	Loss: 0.2305[00m
[92m  Client4 Test => 	Acc: 80.297 	Loss: 0.9223[00m
[91m Client5 Train => Local Epoch: 0 / 5 	Acc: 88.672 	Loss: 0.3596[00m
[91m Client5 Train => Local Epoch: 1 / 5 	Acc: 90.169 	Loss: 0.2924[00m
[91m Client5 Train => Local Epoch: 2 / 5 	Acc: 92.253 	Loss: 0.2545[00m
[91m Client5 Train => Local Epoch: 3 / 5 	Acc: 92.969 	Loss: 0.2162[00m
[91m Client5 Train => Local Epoch: 4 / 5 	Acc: 92.578 	Loss: 0.1966[00m
[92m  Client5 Test => 	Acc: 73.680 	Loss: 1.3585[00m
[91m Client6 Train => Local Epoch: 0 / 5 	Acc: 84.916 	Loss: 0.4688[00m[codecarbon INFO @ 03:54:09] [setup] RAM Tracking...
[codecarbon INFO @ 03:54:09] [setup] CPU Tracking...
[codecarbon WARNING @ 03:54:09] No CPU tracking mode found. Falling back on CPU constant mode. 
 Windows OS detected: Please install Intel Power Gadget to measure CPU

[codecarbon INFO @ 03:54:11] CPU Model on constant consumption mode: Intel(R) Xeon(R) Gold 6258R CPU @ 2.70GHz
[codecarbon INFO @ 03:54:11] [setup] GPU Tracking...
[codecarbon INFO @ 03:54:11] Tracking Nvidia GPU via pynvml
[codecarbon INFO @ 03:54:11] >>> Tracker's metadata:
[codecarbon INFO @ 03:54:11]   Platform system: Windows-11-10.0.22631-SP0
[codecarbon INFO @ 03:54:11]   Python version: 3.12.7
[codecarbon INFO @ 03:54:11]   CodeCarbon version: 2.8.3
[codecarbon INFO @ 03:54:11]   Available RAM : 126.630 GB
[codecarbon INFO @ 03:54:11]   CPU count: 56
[codecarbon INFO @ 03:54:11]   CPU model: Intel(R) Xeon(R) Gold 6258R CPU @ 2.70GHz
[codecarbon INFO @ 03:54:11]   GPU count: 2
[codecarbon INFO @ 03:54:11]   GPU model: 2 x NVIDIA RTX A5000
[codecarbon INFO @ 03:54:14] Saving emissions data to file C:\Users\pr8pf\Documents\GitHub\SplitFed\emissions.csv
[codecarbon INFO @ 03:54:15] Energy consumed for RAM : 0.000013 kWh. RAM Power : 47.48608875274658 W
[codecarbon INFO @ 03:54:15] Energy consumed for all CPUs : 0.000029 kWh. Total CPU Power : 102.50000000000001 W
[codecarbon INFO @ 03:54:15] Energy consumed for all GPUs : 0.000006 kWh. Total GPU Power : 19.58060110069775 W
[codecarbon INFO @ 03:54:15] 0.000048 kWh of electricity used since the beginning.
[codecarbon INFO @ 03:55:11] [setup] RAM Tracking...
[codecarbon INFO @ 03:55:11] [setup] CPU Tracking...
[codecarbon WARNING @ 03:55:11] No CPU tracking mode found. Falling back on CPU constant mode. 
 Windows OS detected: Please install Intel Power Gadget to measure CPU

[codecarbon INFO @ 03:55:13] CPU Model on constant consumption mode: Intel(R) Xeon(R) Gold 6258R CPU @ 2.70GHz
[codecarbon INFO @ 03:55:13] [setup] GPU Tracking...
[codecarbon INFO @ 03:55:13] Tracking Nvidia GPU via pynvml
[codecarbon INFO @ 03:55:13] >>> Tracker's metadata:
[codecarbon INFO @ 03:55:13]   Platform system: Windows-11-10.0.22631-SP0
[codecarbon INFO @ 03:55:13]   Python version: 3.12.7
[codecarbon INFO @ 03:55:13]   CodeCarbon version: 2.8.3
[codecarbon INFO @ 03:55:13]   Available RAM : 126.630 GB
[codecarbon INFO @ 03:55:13]   CPU count: 56
[codecarbon INFO @ 03:55:13]   CPU model: Intel(R) Xeon(R) Gold 6258R CPU @ 2.70GHz
[codecarbon INFO @ 03:55:13]   GPU count: 2
[codecarbon INFO @ 03:55:13]   GPU model: 2 x NVIDIA RTX A5000
[codecarbon INFO @ 03:55:16] Saving emissions data to file C:\Users\pr8pf\Documents\GitHub\SplitFed\emissions.csv
[codecarbon INFO @ 03:55:17] Energy consumed for RAM : 0.000012 kWh. RAM Power : 47.48608875274658 W
[codecarbon INFO @ 03:55:17] Energy consumed for all CPUs : 0.000026 kWh. Total CPU Power : 102.50000000000001 W
[codecarbon INFO @ 03:55:17] Energy consumed for all GPUs : 0.000005 kWh. Total GPU Power : 20.108453775523333 W
[codecarbon INFO @ 03:55:17] 0.000042 kWh of electricity used since the beginning.
[codecarbon INFO @ 04:17:43] [setup] RAM Tracking...
[codecarbon INFO @ 04:17:43] [setup] CPU Tracking...
[codecarbon WARNING @ 04:17:43] No CPU tracking mode found. Falling back on CPU constant mode. 
 Windows OS detected: Please install Intel Power Gadget to measure CPU

[codecarbon INFO @ 04:17:45] CPU Model on constant consumption mode: Intel(R) Xeon(R) Gold 6258R CPU @ 2.70GHz
[codecarbon INFO @ 04:17:45] [setup] GPU Tracking...
[codecarbon INFO @ 04:17:45] Tracking Nvidia GPU via pynvml
[codecarbon INFO @ 04:17:45] >>> Tracker's metadata:
[codecarbon INFO @ 04:17:45]   Platform system: Windows-11-10.0.22631-SP0
[codecarbon INFO @ 04:17:45]   Python version: 3.12.7
[codecarbon INFO @ 04:17:45]   CodeCarbon version: 2.8.3
[codecarbon INFO @ 04:17:45]   Available RAM : 126.630 GB
[codecarbon INFO @ 04:17:45]   CPU count: 56
[codecarbon INFO @ 04:17:45]   CPU model: Intel(R) Xeon(R) Gold 6258R CPU @ 2.70GHz
[codecarbon INFO @ 04:17:45]   GPU count: 2
[codecarbon INFO @ 04:17:45]   GPU model: 2 x NVIDIA RTX A5000
[codecarbon INFO @ 04:17:48] Saving emissions data to file C:\Users\pr8pf\Documents\GitHub\SplitFed\emissions.csv
[codecarbon INFO @ 04:17:50] Energy consumed for RAM : 0.000018 kWh. RAM Power : 47.48608875274658 W
[codecarbon INFO @ 04:17:50] Energy consumed for all CPUs : 0.000039 kWh. Total CPU Power : 102.50000000000001 W
[codecarbon INFO @ 04:17:50] Energy consumed for all GPUs : 0.000008 kWh. Total GPU Power : 19.668462343073013 W
[codecarbon INFO @ 04:17:50] 0.000065 kWh of electricity used since the beginning.
[codecarbon INFO @ 04:18:46] [setup] RAM Tracking...
[codecarbon INFO @ 04:18:46] [setup] CPU Tracking...
[codecarbon WARNING @ 04:18:46] No CPU tracking mode found. Falling back on CPU constant mode. 
 Windows OS detected: Please install Intel Power Gadget to measure CPU

[codecarbon INFO @ 04:18:47] CPU Model on constant consumption mode: Intel(R) Xeon(R) Gold 6258R CPU @ 2.70GHz
[codecarbon INFO @ 04:18:47] [setup] GPU Tracking...
[codecarbon INFO @ 04:18:47] Tracking Nvidia GPU via pynvml
[codecarbon INFO @ 04:18:47] >>> Tracker's metadata:
[codecarbon INFO @ 04:18:47]   Platform system: Windows-11-10.0.22631-SP0
[codecarbon INFO @ 04:18:47]   Python version: 3.12.7
[codecarbon INFO @ 04:18:47]   CodeCarbon version: 2.8.3
[codecarbon INFO @ 04:18:47]   Available RAM : 126.630 GB
[codecarbon INFO @ 04:18:47]   CPU count: 56
[codecarbon INFO @ 04:18:47]   CPU model: Intel(R) Xeon(R) Gold 6258R CPU @ 2.70GHz
[codecarbon INFO @ 04:18:47]   GPU count: 2
[codecarbon INFO @ 04:18:47]   GPU model: 2 x NVIDIA RTX A5000
[codecarbon INFO @ 04:18:50] Saving emissions data to file C:\Users\pr8pf\Documents\GitHub\SplitFed\emissions.csv
[codecarbon INFO @ 04:18:51] Energy consumed for RAM : 0.000012 kWh. RAM Power : 47.48608875274658 W
[codecarbon INFO @ 04:18:51] Energy consumed for all CPUs : 0.000027 kWh. Total CPU Power : 102.50000000000001 W
[codecarbon INFO @ 04:18:51] Energy consumed for all GPUs : 0.000005 kWh. Total GPU Power : 20.05806837158776 W
[codecarbon INFO @ 04:18:51] 0.000044 kWh of electricity used since the beginning.

[91m Client6 Train => Local Epoch: 1 / 5 	Acc: 88.762 	Loss: 0.3454[00m
[91m Client6 Train => Local Epoch: 2 / 5 	Acc: 89.002 	Loss: 0.3153[00m
[91m Client6 Train => Local Epoch: 3 / 5 	Acc: 90.865 	Loss: 0.3035[00m
[91m Client6 Train => Local Epoch: 4 / 5 	Acc: 88.822 	Loss: 0.3577[00m
[92m  Client6 Test => 	Acc: 80.612 	Loss: 0.6439[00m
[91m Client7 Train => Local Epoch: 0 / 5 	Acc: 92.188 	Loss: 0.2696[00m
[91m Client7 Train => Local Epoch: 1 / 5 	Acc: 94.206 	Loss: 0.1874[00m
[91m Client7 Train => Local Epoch: 2 / 5 	Acc: 93.620 	Loss: 0.2113[00m
[91m Client7 Train => Local Epoch: 3 / 5 	Acc: 93.490 	Loss: 0.1957[00m
[91m Client7 Train => Local Epoch: 4 / 5 	Acc: 94.987 	Loss: 0.1450[00m
[92m  Client7 Test => 	Acc: 78.219 	Loss: 0.7485[00m
[91m Client8 Train => Local Epoch: 0 / 5 	Acc: 88.455 	Loss: 0.3763[00m
[91m Client8 Train => Local Epoch: 1 / 5 	Acc: 92.274 	Loss: 0.2298[00m
[91m Client8 Train => Local Epoch: 2 / 5 	Acc: 91.059 	Loss: 0.2949[00m
[91m Client8 Train => Local Epoch: 3 / 5 	Acc: 89.497 	Loss: 0.3430[00m
[91m Client8 Train => Local Epoch: 4 / 5 	Acc: 89.497 	Loss: 0.3020[00m
[92m  Client8 Test => 	Acc: 78.326 	Loss: 0.8006[00m
[91m Client9 Train => Local Epoch: 0 / 5 	Acc: 87.370 	Loss: 0.3983[00m
[91m Client9 Train => Local Epoch: 1 / 5 	Acc: 92.708 	Loss: 0.2524[00m
[91m Client9 Train => Local Epoch: 2 / 5 	Acc: 90.495 	Loss: 0.2915[00m
[91m Client9 Train => Local Epoch: 3 / 5 	Acc: 93.164 	Loss: 0.2060[00m
[91m Client9 Train => Local Epoch: 4 / 5 	Acc: 94.792 	Loss: 0.1488[00m
[92m  Client9 Test => 	Acc: 76.317 	Loss: 1.4756[00m
------------------------------------------------
------ Federation process at Server-Side ------- 
------------------------------------------------
-----------------------------------------------------------
------ FedServer: Federation process at Client-Side ------- 
-----------------------------------------------------------
[92m  Client0 Test => 	Acc: 89.482 	Loss: 0.3420[00m
 Train: Round   6, Avg Accuracy 92.648 | Avg Loss 0.223
[91m Client0 Train => Local Epoch: 0 / 5 	Acc: 94.499 	Loss: 0.1733[00m
[91m Client0 Train => Local Epoch: 1 / 5 	Acc: 94.596 	Loss: 0.1686[00m
[91m Client0 Train => Local Epoch: 2 / 5 	Acc: 95.312 	Loss: 0.1536[00m
[91m Client0 Train => Local Epoch: 3 / 5 	Acc: 95.801 	Loss: 0.1388[00m
[91m Client0 Train => Local Epoch: 4 / 5 	Acc: 96.712 	Loss: 0.1077[00m
[92m  Client0 Test => 	Acc: 63.443 	Loss: 3.3269[00m
[91m Client1 Train => Local Epoch: 0 / 5 	Acc: 88.346 	Loss: 0.3401[00m
[91m Client1 Train => Local Epoch: 1 / 5 	Acc: 91.927 	Loss: 0.2449[00m
[91m Client1 Train => Local Epoch: 2 / 5 	Acc: 93.099 	Loss: 0.2198[00m
[91m Client1 Train => Local Epoch: 3 / 5 	Acc: 94.141 	Loss: 0.1934[00m
[91m Client1 Train => Local Epoch: 4 / 5 	Acc: 91.862 	Loss: 0.2310[00m
[92m  Client1 Test => 	Acc: 67.104 	Loss: 3.5419[00m
[91m Client2 Train => Local Epoch: 0 / 5 	Acc: 91.406 	Loss: 0.2828[00m
[91m Client2 Train => Local Epoch: 1 / 5 	Acc: 94.043 	Loss: 0.2046[00m
[91m Client2 Train => Local Epoch: 2 / 5 	Acc: 94.531 	Loss: 0.1591[00m
[91m Client2 Train => Local Epoch: 3 / 5 	Acc: 96.289 	Loss: 0.1110[00m
[91m Client2 Train => Local Epoch: 4 / 5 	Acc: 94.531 	Loss: 0.1384[00m
[92m  Client2 Test => 	Acc: 74.181 	Loss: 1.1291[00m
[91m Client3 Train => Local Epoch: 0 / 5 	Acc: 93.906 	Loss: 0.1930[00m
[91m Client3 Train => Local Epoch: 1 / 5 	Acc: 96.510 	Loss: 0.1204[00m
[91m Client3 Train => Local Epoch: 2 / 5 	Acc: 96.458 	Loss: 0.1017[00m
[91m Client3 Train => Local Epoch: 3 / 5 	Acc: 95.938 	Loss: 0.1326[00m
[91m Client3 Train => Local Epoch: 4 / 5 	Acc: 95.885 	Loss: 0.1259[00m
[92m  Client3 Test => 	Acc: 83.394 	Loss: 0.5824[00m
[91m Client4 Train => Local Epoch: 0 / 5 	Acc: 88.721 	Loss: 0.3419[00m
[91m Client4 Train => Local Epoch: 1 / 5 	Acc: 90.088 	Loss: 0.3184[00m
[91m Client4 Train => Local Epoch: 2 / 5 	Acc: 90.967 	Loss: 0.2834[00m
[91m Client4 Train => Local Epoch: 3 / 5 	Acc: 92.480 	Loss: 0.2470[00m
[91m Client4 Train => Local Epoch: 4 / 5 	Acc: 93.066 	Loss: 0.2228[00m
[92m  Client4 Test => 	Acc: 80.575 	Loss: 1.0155[00m
[91m Client5 Train => Local Epoch: 0 / 5 	Acc: 90.690 	Loss: 0.2997[00m
[91m Client5 Train => Local Epoch: 1 / 5 	Acc: 93.229 	Loss: 0.2159[00m
[91m Client5 Train => Local Epoch: 2 / 5 	Acc: 95.182 	Loss: 0.1639[00m
[91m Client5 Train => Local Epoch: 3 / 5 	Acc: 90.951 	Loss: 0.3064[00m
[91m Client5 Train => Local Epoch: 4 / 5 	Acc: 91.081 	Loss: 0.2705[00m
[92m  Client5 Test => 	Acc: 75.534 	Loss: 1.0990[00m
[91m Client6 Train => Local Epoch: 0 / 5 	Acc: 89.062 	Loss: 0.3623[00m
[91m Client6 Train => Local Epoch: 1 / 5 	Acc: 91.526 	Loss: 0.2497[00m
[91m Client6 Train => Local Epoch: 2 / 5 	Acc: 92.608 	Loss: 0.2243[00m
[91m Client6 Train => Local Epoch: 3 / 5 	Acc: 94.411 	Loss: 0.1751[00m
[91m Client6 Train => Local Epoch: 4 / 5 	Acc: 93.269 	Loss: 0.2010[00m
[92m  Client6 Test => 	Acc: 80.619 	Loss: 0.6983[00m
[91m Client7 Train => Local Epoch: 0 / 5 	Acc: 94.596 	Loss: 0.1863[00m
[91m Client7 Train => Local Epoch: 1 / 5 	Acc: 95.443 	Loss: 0.1539[00m
[91m Client7 Train => Local Epoch: 2 / 5 	Acc: 95.573 	Loss: 0.1334[00m
[91m Client7 Train => Local Epoch: 3 / 5 	Acc: 94.661 	Loss: 0.1551[00m
[91m Client7 Train => Local Epoch: 4 / 5 	Acc: 96.745 	Loss: 0.1151[00m
[92m  Client7 Test => 	Acc: 84.874 	Loss: 0.4957[00m
[91m Client8 Train => Local Epoch: 0 / 5 	Acc: 92.448 	Loss: 0.2419[00m
[91m Client8 Train => Local Epoch: 1 / 5 	Acc: 94.531 	Loss: 0.1933[00m
[91m Client8 Train => Local Epoch: 2 / 5 	Acc: 93.490 	Loss: 0.2184[00m
[91m Client8 Train => Local Epoch: 3 / 5 	Acc: 94.792 	Loss: 0.1494[00m
[91m Client8 Train => Local Epoch: 4 / 5 	Acc: 96.181 	Loss: 0.1181[00m
[92m  Client8 Test => 	Acc: 84.500 	Loss: 0.5466[00m
[91m Client9 Train => Local Epoch: 0 / 5 	Acc: 90.495 	Loss: 0.3078[00m
[91m Client9 Train => Local Epoch: 1 / 5 	Acc: 92.839 	Loss: 0.2058[00m
[91m Client9 Train => Local Epoch: 2 / 5 	Acc: 94.466 	Loss: 0.1673[00m
[91m Client9 Train => Local Epoch: 3 / 5 	Acc: 94.661 	Loss: 0.1493[00m
[91m Client9 Train => Local Epoch: 4 / 5 	Acc: 95.768 	Loss: 0.1616[00m
[92m  Client9 Test => 	Acc: 79.531 	Loss: 1.0819[00m
------------------------------------------------
------ Federation process at Server-Side ------- 
------------------------------------------------
-----------------------------------------------------------
------ FedServer: Federation process at Client-Side ------- 
-----------------------------------------------------------
[92m  Client0 Test => 	Acc: 91.868 	Loss: 0.2800[00m
 Train: Round   7, Avg Accuracy 94.510 | Avg Loss 0.169
[91m Client0 Train => Local Epoch: 0 / 5 	Acc: 95.964 	Loss: 0.1387[00m
[91m Client0 Train => Local Epoch: 1 / 5 	Acc: 95.345 	Loss: 0.1472[00m
[91m Client0 Train => Local Epoch: 2 / 5 	Acc: 96.615 	Loss: 0.1106[00m
[91m Client0 Train => Local Epoch: 3 / 5 	Acc: 97.363 	Loss: 0.0851[00m
[91m Client0 Train => Local Epoch: 4 / 5 	Acc: 95.508 	Loss: 0.1477[00m
[92m  Client0 Test => 	Acc: 60.628 	Loss: 2.9117[00m
[91m Client1 Train => Local Epoch: 0 / 5 	Acc: 89.062 	Loss: 0.3504[00m
[91m Client1 Train => Local Epoch: 1 / 5 	Acc: 92.904 	Loss: 0.2236[00m
[91m Client1 Train => Local Epoch: 2 / 5 	Acc: 93.815 	Loss: 0.1790[00m
[91m Client1 Train => Local Epoch: 3 / 5 	Acc: 93.945 	Loss: 0.1605[00m
[91m Client1 Train => Local Epoch: 4 / 5 	Acc: 93.685 	Loss: 0.1995[00m
[92m  Client1 Test => 	Acc: 74.487 	Loss: 2.3751[00m
[91m Client2 Train => Local Epoch: 0 / 5 	Acc: 91.113 	Loss: 0.2578[00m
[91m Client2 Train => Local Epoch: 1 / 5 	Acc: 93.457 	Loss: 0.2070[00m
[91m Client2 Train => Local Epoch: 2 / 5 	Acc: 92.480 	Loss: 0.2367[00m
[91m Client2 Train => Local Epoch: 3 / 5 	Acc: 93.750 	Loss: 0.1907[00m
[91m Client2 Train => Local Epoch: 4 / 5 	Acc: 95.508 	Loss: 0.1251[00m
[92m  Client2 Test => 	Acc: 76.832 	Loss: 0.8786[00m
[91m Client3 Train => Local Epoch: 0 / 5 	Acc: 96.094 	Loss: 0.1337[00m[codecarbon INFO @ 04:41:25] [setup] RAM Tracking...
[codecarbon INFO @ 04:41:25] [setup] CPU Tracking...
[codecarbon WARNING @ 04:41:25] No CPU tracking mode found. Falling back on CPU constant mode. 
 Windows OS detected: Please install Intel Power Gadget to measure CPU

[codecarbon INFO @ 04:41:26] CPU Model on constant consumption mode: Intel(R) Xeon(R) Gold 6258R CPU @ 2.70GHz
[codecarbon INFO @ 04:41:26] [setup] GPU Tracking...
[codecarbon INFO @ 04:41:26] Tracking Nvidia GPU via pynvml
[codecarbon INFO @ 04:41:26] >>> Tracker's metadata:
[codecarbon INFO @ 04:41:26]   Platform system: Windows-11-10.0.22631-SP0
[codecarbon INFO @ 04:41:26]   Python version: 3.12.7
[codecarbon INFO @ 04:41:26]   CodeCarbon version: 2.8.3
[codecarbon INFO @ 04:41:26]   Available RAM : 126.630 GB
[codecarbon INFO @ 04:41:26]   CPU count: 56
[codecarbon INFO @ 04:41:26]   CPU model: Intel(R) Xeon(R) Gold 6258R CPU @ 2.70GHz
[codecarbon INFO @ 04:41:26]   GPU count: 2
[codecarbon INFO @ 04:41:26]   GPU model: 2 x NVIDIA RTX A5000
[codecarbon INFO @ 04:41:30] Saving emissions data to file C:\Users\pr8pf\Documents\GitHub\SplitFed\emissions.csv
[codecarbon INFO @ 04:41:30] Energy consumed for RAM : 0.000013 kWh. RAM Power : 47.48608875274658 W
[codecarbon INFO @ 04:41:30] Energy consumed for all CPUs : 0.000028 kWh. Total CPU Power : 102.50000000000001 W
[codecarbon INFO @ 04:41:30] Energy consumed for all GPUs : 0.000007 kWh. Total GPU Power : 25.07532268593049 W
[codecarbon INFO @ 04:41:30] 0.000048 kWh of electricity used since the beginning.
[codecarbon INFO @ 04:42:26] [setup] RAM Tracking...
[codecarbon INFO @ 04:42:26] [setup] CPU Tracking...
[codecarbon WARNING @ 04:42:26] No CPU tracking mode found. Falling back on CPU constant mode. 
 Windows OS detected: Please install Intel Power Gadget to measure CPU

[codecarbon INFO @ 04:42:28] CPU Model on constant consumption mode: Intel(R) Xeon(R) Gold 6258R CPU @ 2.70GHz
[codecarbon INFO @ 04:42:28] [setup] GPU Tracking...
[codecarbon INFO @ 04:42:28] Tracking Nvidia GPU via pynvml
[codecarbon INFO @ 04:42:28] >>> Tracker's metadata:
[codecarbon INFO @ 04:42:28]   Platform system: Windows-11-10.0.22631-SP0
[codecarbon INFO @ 04:42:28]   Python version: 3.12.7
[codecarbon INFO @ 04:42:28]   CodeCarbon version: 2.8.3
[codecarbon INFO @ 04:42:28]   Available RAM : 126.630 GB
[codecarbon INFO @ 04:42:28]   CPU count: 56
[codecarbon INFO @ 04:42:28]   CPU model: Intel(R) Xeon(R) Gold 6258R CPU @ 2.70GHz
[codecarbon INFO @ 04:42:28]   GPU count: 2
[codecarbon INFO @ 04:42:28]   GPU model: 2 x NVIDIA RTX A5000
[codecarbon INFO @ 04:42:31] Saving emissions data to file C:\Users\pr8pf\Documents\GitHub\SplitFed\emissions.csv
[codecarbon INFO @ 04:42:32] Energy consumed for RAM : 0.000013 kWh. RAM Power : 47.48608875274658 W
[codecarbon INFO @ 04:42:32] Energy consumed for all CPUs : 0.000028 kWh. Total CPU Power : 102.50000000000001 W
[codecarbon INFO @ 04:42:32] Energy consumed for all GPUs : 0.000007 kWh. Total GPU Power : 24.847031737029717 W
[codecarbon INFO @ 04:42:32] 0.000048 kWh of electricity used since the beginning.
[codecarbon INFO @ 05:05:00] [setup] RAM Tracking...
[codecarbon INFO @ 05:05:00] [setup] CPU Tracking...
[codecarbon WARNING @ 05:05:00] No CPU tracking mode found. Falling back on CPU constant mode. 
 Windows OS detected: Please install Intel Power Gadget to measure CPU

[codecarbon INFO @ 05:05:02] CPU Model on constant consumption mode: Intel(R) Xeon(R) Gold 6258R CPU @ 2.70GHz
[codecarbon INFO @ 05:05:02] [setup] GPU Tracking...
[codecarbon INFO @ 05:05:02] Tracking Nvidia GPU via pynvml
[codecarbon INFO @ 05:05:02] >>> Tracker's metadata:
[codecarbon INFO @ 05:05:02]   Platform system: Windows-11-10.0.22631-SP0
[codecarbon INFO @ 05:05:02]   Python version: 3.12.7
[codecarbon INFO @ 05:05:02]   CodeCarbon version: 2.8.3
[codecarbon INFO @ 05:05:02]   Available RAM : 126.630 GB
[codecarbon INFO @ 05:05:02]   CPU count: 56
[codecarbon INFO @ 05:05:02]   CPU model: Intel(R) Xeon(R) Gold 6258R CPU @ 2.70GHz
[codecarbon INFO @ 05:05:02]   GPU count: 2
[codecarbon INFO @ 05:05:02]   GPU model: 2 x NVIDIA RTX A5000
[codecarbon INFO @ 05:05:05] Saving emissions data to file C:\Users\pr8pf\Documents\GitHub\SplitFed\emissions.csv
[codecarbon INFO @ 05:05:06] Energy consumed for RAM : 0.000013 kWh. RAM Power : 47.48608875274658 W
[codecarbon INFO @ 05:05:06] Energy consumed for all CPUs : 0.000028 kWh. Total CPU Power : 102.50000000000001 W
[codecarbon INFO @ 05:05:06] Energy consumed for all GPUs : 0.000005 kWh. Total GPU Power : 19.32759999982788 W
[codecarbon INFO @ 05:05:06] 0.000047 kWh of electricity used since the beginning.

[91m Client3 Train => Local Epoch: 1 / 5 	Acc: 96.771 	Loss: 0.1180[00m
[91m Client3 Train => Local Epoch: 2 / 5 	Acc: 97.500 	Loss: 0.0762[00m
[91m Client3 Train => Local Epoch: 3 / 5 	Acc: 96.406 	Loss: 0.1024[00m
[91m Client3 Train => Local Epoch: 4 / 5 	Acc: 96.979 	Loss: 0.0868[00m
[92m  Client3 Test => 	Acc: 85.036 	Loss: 0.6032[00m
[91m Client4 Train => Local Epoch: 0 / 5 	Acc: 91.455 	Loss: 0.2652[00m
[91m Client4 Train => Local Epoch: 1 / 5 	Acc: 92.920 	Loss: 0.2080[00m
[91m Client4 Train => Local Epoch: 2 / 5 	Acc: 94.385 	Loss: 0.1744[00m
[91m Client4 Train => Local Epoch: 3 / 5 	Acc: 93.799 	Loss: 0.1813[00m
[91m Client4 Train => Local Epoch: 4 / 5 	Acc: 95.898 	Loss: 0.1362[00m
[92m  Client4 Test => 	Acc: 83.659 	Loss: 0.7660[00m
[91m Client5 Train => Local Epoch: 0 / 5 	Acc: 94.922 	Loss: 0.1509[00m
[91m Client5 Train => Local Epoch: 1 / 5 	Acc: 96.159 	Loss: 0.1223[00m
[91m Client5 Train => Local Epoch: 2 / 5 	Acc: 93.099 	Loss: 0.1900[00m
[91m Client5 Train => Local Epoch: 3 / 5 	Acc: 94.922 	Loss: 0.1501[00m
[91m Client5 Train => Local Epoch: 4 / 5 	Acc: 96.094 	Loss: 0.1120[00m
[92m  Client5 Test => 	Acc: 81.701 	Loss: 0.9117[00m
[91m Client6 Train => Local Epoch: 0 / 5 	Acc: 92.849 	Loss: 0.2241[00m
[91m Client6 Train => Local Epoch: 1 / 5 	Acc: 93.870 	Loss: 0.1820[00m
[91m Client6 Train => Local Epoch: 2 / 5 	Acc: 94.952 	Loss: 0.1723[00m
[91m Client6 Train => Local Epoch: 3 / 5 	Acc: 94.892 	Loss: 0.1474[00m
[91m Client6 Train => Local Epoch: 4 / 5 	Acc: 94.531 	Loss: 0.1923[00m
[92m  Client6 Test => 	Acc: 85.567 	Loss: 0.4672[00m
[91m Client7 Train => Local Epoch: 0 / 5 	Acc: 96.745 	Loss: 0.1085[00m
[91m Client7 Train => Local Epoch: 1 / 5 	Acc: 95.443 	Loss: 0.1450[00m
[91m Client7 Train => Local Epoch: 2 / 5 	Acc: 94.987 	Loss: 0.1580[00m
[91m Client7 Train => Local Epoch: 3 / 5 	Acc: 96.615 	Loss: 0.1136[00m
[91m Client7 Train => Local Epoch: 4 / 5 	Acc: 95.964 	Loss: 0.1178[00m
[92m  Client7 Test => 	Acc: 82.728 	Loss: 0.5801[00m
[91m Client8 Train => Local Epoch: 0 / 5 	Acc: 93.663 	Loss: 0.1914[00m
[91m Client8 Train => Local Epoch: 1 / 5 	Acc: 94.618 	Loss: 0.1601[00m
[91m Client8 Train => Local Epoch: 2 / 5 	Acc: 93.837 	Loss: 0.1812[00m
[91m Client8 Train => Local Epoch: 3 / 5 	Acc: 94.705 	Loss: 0.1510[00m
[91m Client8 Train => Local Epoch: 4 / 5 	Acc: 95.399 	Loss: 0.1314[00m
[92m  Client8 Test => 	Acc: 89.249 	Loss: 0.3546[00m
[91m Client9 Train => Local Epoch: 0 / 5 	Acc: 92.253 	Loss: 0.2251[00m
[91m Client9 Train => Local Epoch: 1 / 5 	Acc: 94.596 	Loss: 0.1780[00m
[91m Client9 Train => Local Epoch: 2 / 5 	Acc: 94.596 	Loss: 0.1610[00m
[91m Client9 Train => Local Epoch: 3 / 5 	Acc: 96.484 	Loss: 0.1098[00m
[91m Client9 Train => Local Epoch: 4 / 5 	Acc: 96.289 	Loss: 0.1060[00m
[92m  Client9 Test => 	Acc: 78.126 	Loss: 1.3801[00m
------------------------------------------------
------ Federation process at Server-Side ------- 
------------------------------------------------
-----------------------------------------------------------
------ FedServer: Federation process at Client-Side ------- 
-----------------------------------------------------------
[92m  Client0 Test => 	Acc: 94.162 	Loss: 0.1909[00m
 Train: Round   8, Avg Accuracy 95.586 | Avg Loss 0.135
[91m Client0 Train => Local Epoch: 0 / 5 	Acc: 95.866 	Loss: 0.1544[00m
[91m Client0 Train => Local Epoch: 1 / 5 	Acc: 96.777 	Loss: 0.0983[00m
[91m Client0 Train => Local Epoch: 2 / 5 	Acc: 95.671 	Loss: 0.1487[00m
[91m Client0 Train => Local Epoch: 3 / 5 	Acc: 97.005 	Loss: 0.1062[00m
[91m Client0 Train => Local Epoch: 4 / 5 	Acc: 97.005 	Loss: 0.1041[00m
[92m  Client0 Test => 	Acc: 62.341 	Loss: 3.3228[00m
[91m Client1 Train => Local Epoch: 0 / 5 	Acc: 90.951 	Loss: 0.3072[00m
[91m Client1 Train => Local Epoch: 1 / 5 	Acc: 93.490 	Loss: 0.1887[00m
[91m Client1 Train => Local Epoch: 2 / 5 	Acc: 94.336 	Loss: 0.1570[00m
[91m Client1 Train => Local Epoch: 3 / 5 	Acc: 95.638 	Loss: 0.1279[00m
[91m Client1 Train => Local Epoch: 4 / 5 	Acc: 95.703 	Loss: 0.1232[00m
[92m  Client1 Test => 	Acc: 75.049 	Loss: 3.6977[00m
[91m Client2 Train => Local Epoch: 0 / 5 	Acc: 95.605 	Loss: 0.1439[00m
[91m Client2 Train => Local Epoch: 1 / 5 	Acc: 96.484 	Loss: 0.1156[00m
[91m Client2 Train => Local Epoch: 2 / 5 	Acc: 97.168 	Loss: 0.0952[00m
[91m Client2 Train => Local Epoch: 3 / 5 	Acc: 96.094 	Loss: 0.1452[00m
[91m Client2 Train => Local Epoch: 4 / 5 	Acc: 95.215 	Loss: 0.1594[00m
[92m  Client2 Test => 	Acc: 74.490 	Loss: 0.9437[00m
[91m Client3 Train => Local Epoch: 0 / 5 	Acc: 96.823 	Loss: 0.0974[00m
[91m Client3 Train => Local Epoch: 1 / 5 	Acc: 98.125 	Loss: 0.0651[00m
[91m Client3 Train => Local Epoch: 2 / 5 	Acc: 97.917 	Loss: 0.0557[00m
[91m Client3 Train => Local Epoch: 3 / 5 	Acc: 97.552 	Loss: 0.0666[00m
[91m Client3 Train => Local Epoch: 4 / 5 	Acc: 97.708 	Loss: 0.0702[00m
[92m  Client3 Test => 	Acc: 84.870 	Loss: 0.6517[00m
[91m Client4 Train => Local Epoch: 0 / 5 	Acc: 94.336 	Loss: 0.1920[00m
[91m Client4 Train => Local Epoch: 1 / 5 	Acc: 95.703 	Loss: 0.1552[00m
[91m Client4 Train => Local Epoch: 2 / 5 	Acc: 95.361 	Loss: 0.1622[00m
[91m Client4 Train => Local Epoch: 3 / 5 	Acc: 95.459 	Loss: 0.1448[00m
[91m Client4 Train => Local Epoch: 4 / 5 	Acc: 96.436 	Loss: 0.1103[00m
[92m  Client4 Test => 	Acc: 84.915 	Loss: 0.6750[00m
[91m Client5 Train => Local Epoch: 0 / 5 	Acc: 96.029 	Loss: 0.1227[00m
[91m Client5 Train => Local Epoch: 1 / 5 	Acc: 96.094 	Loss: 0.1162[00m
[91m Client5 Train => Local Epoch: 2 / 5 	Acc: 96.810 	Loss: 0.1076[00m
[91m Client5 Train => Local Epoch: 3 / 5 	Acc: 95.117 	Loss: 0.1533[00m
[91m Client5 Train => Local Epoch: 4 / 5 	Acc: 96.484 	Loss: 0.1068[00m
[92m  Client5 Test => 	Acc: 83.954 	Loss: 0.7717[00m
[91m Client6 Train => Local Epoch: 0 / 5 	Acc: 93.630 	Loss: 0.1907[00m
[91m Client6 Train => Local Epoch: 1 / 5 	Acc: 95.793 	Loss: 0.1409[00m
[91m Client6 Train => Local Epoch: 2 / 5 	Acc: 95.312 	Loss: 0.1403[00m
[91m Client6 Train => Local Epoch: 3 / 5 	Acc: 96.214 	Loss: 0.1090[00m
[91m Client6 Train => Local Epoch: 4 / 5 	Acc: 95.733 	Loss: 0.1264[00m
[92m  Client6 Test => 	Acc: 86.969 	Loss: 0.4843[00m
[91m Client7 Train => Local Epoch: 0 / 5 	Acc: 97.135 	Loss: 0.0959[00m
[91m Client7 Train => Local Epoch: 1 / 5 	Acc: 95.833 	Loss: 0.1179[00m
[91m Client7 Train => Local Epoch: 2 / 5 	Acc: 97.070 	Loss: 0.1024[00m
[91m Client7 Train => Local Epoch: 3 / 5 	Acc: 97.266 	Loss: 0.0914[00m
[91m Client7 Train => Local Epoch: 4 / 5 	Acc: 97.201 	Loss: 0.0799[00m
[92m  Client7 Test => 	Acc: 83.205 	Loss: 0.6169[00m
[91m Client8 Train => Local Epoch: 0 / 5 	Acc: 96.354 	Loss: 0.1273[00m
[91m Client8 Train => Local Epoch: 1 / 5 	Acc: 94.444 	Loss: 0.1829[00m
[91m Client8 Train => Local Epoch: 2 / 5 	Acc: 94.705 	Loss: 0.1544[00m
[91m Client8 Train => Local Epoch: 3 / 5 	Acc: 94.792 	Loss: 0.1718[00m
[91m Client8 Train => Local Epoch: 4 / 5 	Acc: 96.094 	Loss: 0.1205[00m
[92m  Client8 Test => 	Acc: 88.194 	Loss: 0.4350[00m
[91m Client9 Train => Local Epoch: 0 / 5 	Acc: 94.987 	Loss: 0.1541[00m
[91m Client9 Train => Local Epoch: 1 / 5 	Acc: 96.419 	Loss: 0.1175[00m
[91m Client9 Train => Local Epoch: 2 / 5 	Acc: 96.289 	Loss: 0.1303[00m
[91m Client9 Train => Local Epoch: 3 / 5 	Acc: 96.289 	Loss: 0.0932[00m
[91m Client9 Train => Local Epoch: 4 / 5 	Acc: 96.419 	Loss: 0.1077[00m
[92m  Client9 Test => 	Acc: 78.209 	Loss: 1.3150[00m
------------------------------------------------
------ Federation process at Server-Side ------- 
------------------------------------------------
-----------------------------------------------------------
------ FedServer: Federation process at Client-Side ------- 
-----------------------------------------------------------
[92m  Client0 Test => 	Acc: 84.067 	Loss: 0.2874[00m
 Train: Round   9, Avg Accuracy 96.400 | Avg Loss 0.111
Training and Evaluation completed!
===== END Fri 12/19/2025  5:06:05.68 ===== 
