===== START Wed 01/14/2026 16:41:46.73 ===== 
C:\Users\pr8pf\AppData\Local\anaconda3\Lib\site-packages\torchvision\models\_utils.py:208: UserWarning: The parameter 'pretrained' is deprecated since 0.13 and may be removed in the future, please use 'weights' instead.
  warnings.warn(
C:\Users\pr8pf\AppData\Local\anaconda3\Lib\site-packages\torchvision\models\_utils.py:223: UserWarning: Arguments other than a weight enum or `None` for 'weights' are deprecated since 0.13 and may be removed in the future. The current behavior is equivalent to passing `weights=VGG16_Weights.IMAGENET1K_V1`. You can also use `weights=VGG16_Weights.DEFAULT` to get the most up-to-date weights.
  warnings.warn(msg)
[codecarbon INFO @ 16:42:23] [setup] RAM Tracking...
[codecarbon INFO @ 16:42:23] [setup] CPU Tracking...
[codecarbon WARNING @ 16:42:23] No CPU tracking mode found. Falling back on CPU constant mode. 
 Windows OS detected: Please install Intel Power Gadget to measure CPU

[codecarbon INFO @ 16:42:25] CPU Model on constant consumption mode: Intel(R) Xeon(R) Gold 6258R CPU @ 2.70GHz
[codecarbon INFO @ 16:42:25] [setup] GPU Tracking...
[codecarbon INFO @ 16:42:25] Tracking Nvidia GPU via pynvml
[codecarbon INFO @ 16:42:25] >>> Tracker's metadata:
[codecarbon INFO @ 16:42:25]   Platform system: Windows-11-10.0.22631-SP0
[codecarbon INFO @ 16:42:25]   Python version: 3.12.7
[codecarbon INFO @ 16:42:25]   CodeCarbon version: 2.8.3
[codecarbon INFO @ 16:42:25]   Available RAM : 126.630 GB
[codecarbon INFO @ 16:42:25]   CPU count: 56
[codecarbon INFO @ 16:42:25]   CPU model: Intel(R) Xeon(R) Gold 6258R CPU @ 2.70GHz
[codecarbon INFO @ 16:42:25]   GPU count: 2
[codecarbon INFO @ 16:42:25]   GPU model: 2 x NVIDIA RTX A5000
[codecarbon INFO @ 16:42:28] Saving emissions data to file C:\Users\pr8pf\Documents\GitHub\SplitFed\emissions.csv
[codecarbon INFO @ 16:42:30] Energy consumed for RAM : 0.000024 kWh. RAM Power : 47.48608875274658 W
[codecarbon INFO @ 16:42:30] Energy consumed for all CPUs : 0.000052 kWh. Total CPU Power : 102.50000000000001 W
[codecarbon INFO @ 16:42:30] Energy consumed for all GPUs : 0.000011 kWh. Total GPU Power : 22.657849770357704 W
[codecarbon INFO @ 16:42:30] 0.000087 kWh of electricity used since the beginning.
C:\Users\pr8pf\AppData\Local\anaconda3\Lib\site-packages\sklearn\cluster\_kmeans.py:1429: UserWarning: KMeans is known to have a memory leak on Windows with MKL, when there are less chunks than available threads. You can avoid it by setting the environment variable OMP_NUM_THREADS=1.
  warnings.warn(
C:\Users\pr8pf\AppData\Local\anaconda3\Lib\site-packages\sklearn\cluster\_kmeans.py:1429: UserWarning: KMeans is known to have a memory leak on Windows with MKL, when there are less chunks than available threads. You can avoid it by setting the environment variable OMP_NUM_THREADS=1.
  warnings.warn(
[codecarbon INFO @ 17:10:14] [setup] RAM Tracking...
[codecarbon INFO @ 17:10:14] [setup] CPU Tracking...
[codecarbon WARNING @ 17:10:14] No CPU tracking mode found. Falling back on CPU constant mode. 
 Windows OS detected: Please install Intel Power Gadget to measure CPU

[codecarbon INFO @ 17:10:16] CPU Model on constant consumption mode: Intel(R) Xeon(R) Gold 6258R CPU @ 2.70GHz
[codecarbon INFO @ 17:10:16] [setup] GPU Tracking...
[codecarbon INFO @ 17:10:16] Tracking Nvidia GPU via pynvml
[codecarbon INFO @ 17:10:16] >>> Tracker's metadata:
[codecarbon INFO @ 17:10:16]   Platform system: Windows-11-10.0.22631-SP0
[codecarbon INFO @ 17:10:16]   Python version: 3.12.7
[codecarbon INFO @ 17:10:16]   CodeCarbon version: 2.8.3
[codecarbon INFO @ 17:10:16]   Available RAM : 126.630 GB
[codecarbon INFO @ 17:10:16]   CPU count: 56
[codecarbon INFO @ 17:10:16]   CPU model: Intel(R) Xeon(R) Gold 6258R CPU @ 2.70GHz
[codecarbon INFO @ 17:10:16]   GPU count: 2
[codecarbon INFO @ 17:10:16]   GPU model: 2 x NVIDIA RTX A5000
[codecarbon INFO @ 17:10:20] Saving emissions data to file C:\Users\pr8pf\Documents\GitHub\SplitFed\emissions.csv
[codecarbon INFO @ 17:10:21] Energy consumed for RAM : 0.000023 kWh. RAM Power : 47.48608875274658 W
[codecarbon INFO @ 17:10:21] Energy consumed for all CPUs : 0.000051 kWh. Total CPU Power : 102.50000000000001 W
[codecarbon INFO @ 17:10:21] Energy consumed for all GPUs : 0.000008 kWh. Total GPU Power : 16.04554096797438 W
[codecarbon INFO @ 17:10:21] 0.000082 kWh of electricity used since the beginning.
[codecarbon INFO @ 17:11:16] [setup] RAM Tracking...
[codecarbon INFO @ 17:11:16] [setup] CPU Tracking...
[codecarbon WARNING @ 17:11:16] No CPU tracking mode found. Falling back on CPU constant mode. 
 Windows OS detected: Please install Intel Power Gadget to measure CPU

[codecarbon INFO @ 17:11:18] CPU Model on constant consumption mode: Intel(R) Xeon(R) Gold 6258R CPU @ 2.70GHz
[codecarbon INFO @ 17:11:18] [setup] GPU Tracking...
[codecarbon INFO @ 17:11:18] Tracking Nvidia GPU via pynvml
[codecarbon INFO @ 17:11:18] >>> Tracker's metadata:
[codecarbon INFO @ 17:11:18]   Platform system: Windows-11-10.0.22631-SP0
[codecarbon INFO @ 17:11:18]   Python version: 3.12.7
[codecarbon INFO @ 17:11:18]   CodeCarbon version: 2.8.3
[codecarbon INFO @ 17:11:18]   Available RAM : 126.630 GB
[codecarbon INFO @ 17:11:18]   CPU count: 56
[codecarbon INFO @ 17:11:18]   CPU model: Intel(R) Xeon(R) Gold 6258R CPU @ 2.70GHz
[codecarbon INFO @ 17:11:18]   GPU count: 2
[codecarbon INFO @ 17:11:18]   GPU model: 2 x NVIDIA RTX A5000
[codecarbon INFO @ 17:11:21] Saving emissions data to file C:\Users\pr8pf\Documents\GitHub\SplitFed\emissions.csv
[codecarbon INFO @ 17:11:22] Energy consumed for RAM : 0.000011 kWh. RAM Power : 47.48608875274658 W
[codecarbon INFO @ 17:11:22] Energy consumed for all CPUs : 0.000024 kWh. Total CPU Power : 102.50000000000001 W
[codecarbon INFO @ 17:11:22] Energy consumed for all GPUs : 0.000004 kWh. Total GPU Power : 16.048720613692918 W
[codecarbon INFO @ 17:11:22] 0.000039 kWh of electricity used since the beginning.
################################################################
#                              batch_size: 64                  #
#                         test_batch_size: 64                  #
#                                  epochs: 10                  #
#                               optimizer: SGD                 #
#                                      lr: 0.001               #
#                                momentum: 0.5                 #
#                                    seed: 1                   #
#                             num_clients: 10                  #
#                                   scale: 1                   #
#                                 dataset: plant               #
#                             loader_type: dirichlet           #
#                                      AR: mudhog              #
#                                    side: both                #
#                                     PDR: 1.0                 #
#                                  attack: data_poisoning 10,5 #
#                          label_flipping: uni                 #
#                         experiment_name: split_fed_data_pois_10_5_inner_epochs=5_epochs=10_PDR=1.0_scale=1_mudhog#
#                            inner_epochs: 5                   #
#                                   setup: split_fed           #
#                                   alpha: 0.5                 #
################################################################
NVIDIA RTX A5000
---------split_fed_data_pois_10_5_inner_epochs=5_epochs=10_PDR=1.0_scale=1_mudhog----------
initialize a data loader
Using cuda
[91m Client0 Train => Local Epoch: 0 / 5 	Acc: 29.768 	Loss: 2.9637[00m
[91m Client0 Train => Local Epoch: 1 / 5 	Acc: 36.584 	Loss: 1.9059[00m
[91m Client0 Train => Local Epoch: 2 / 5 	Acc: 38.497 	Loss: 1.8631[00m
[91m Client0 Train => Local Epoch: 3 / 5 	Acc: 37.769 	Loss: 1.8615[00m
[91m Client0 Train => Local Epoch: 4 / 5 	Acc: 38.200 	Loss: 1.8555[00m
[92m  Client0 Test => 	Acc: 12.335 	Loss: 2.9662[00m
[91m Client1 Train => Local Epoch: 0 / 5 	Acc: 19.618 	Loss: 3.6533[00m
[91m Client1 Train => Local Epoch: 1 / 5 	Acc: 27.257 	Loss: 2.1416[00m
[91m Client1 Train => Local Epoch: 2 / 5 	Acc: 26.302 	Loss: 2.2004[00m
[91m Client1 Train => Local Epoch: 3 / 5 	Acc: 33.420 	Loss: 2.0134[00m
[91m Client1 Train => Local Epoch: 4 / 5 	Acc: 41.493 	Loss: 1.7849[00m
[92m  Client1 Test => 	Acc: 23.648 	Loss: 3.3747[00m
[91m Client2 Train => Local Epoch: 0 / 5 	Acc: 21.094 	Loss: 7.1465[00m
[91m Client2 Train => Local Epoch: 1 / 5 	Acc: 26.476 	Loss: 2.5276[00m
[91m Client2 Train => Local Epoch: 2 / 5 	Acc: 40.712 	Loss: 2.1910[00m
[91m Client2 Train => Local Epoch: 3 / 5 	Acc: 43.837 	Loss: 1.9756[00m
[91m Client2 Train => Local Epoch: 4 / 5 	Acc: 34.115 	Loss: 3.1616[00m
[92m  Client2 Test => 	Acc: 12.956 	Loss: 4.7192[00m
[91m Client3 Train => Local Epoch: 0 / 5 	Acc: 27.387 	Loss: 3.0327[00m
[91m Client3 Train => Local Epoch: 1 / 5 	Acc: 38.411 	Loss: 1.9603[00m
[91m Client3 Train => Local Epoch: 2 / 5 	Acc: 52.734 	Loss: 1.5863[00m
[91m Client3 Train => Local Epoch: 3 / 5 	Acc: 72.092 	Loss: 1.0264[00m
[91m Client3 Train => Local Epoch: 4 / 5 	Acc: 74.523 	Loss: 0.9325[00m
[92m  Client3 Test => 	Acc: 30.053 	Loss: 2.5623[00m
[91m Client4 Train => Local Epoch: 0 / 5 	Acc: 14.355 	Loss: 4.5448[00m
[91m Client4 Train => Local Epoch: 1 / 5 	Acc: 21.289 	Loss: 2.3066[00m
[91m Client4 Train => Local Epoch: 2 / 5 	Acc: 41.113 	Loss: 1.8195[00m
[91m Client4 Train => Local Epoch: 3 / 5 	Acc: 52.148 	Loss: 1.5189[00m
[91m Client4 Train => Local Epoch: 4 / 5 	Acc: 49.023 	Loss: 1.5013[00m
[92m  Client4 Test => 	Acc: 12.088 	Loss: 3.8062[00m
[91m Client5 Train => Local Epoch: 0 / 5 	Acc: 21.354 	Loss: 4.7113[00m
[91m Client5 Train => Local Epoch: 1 / 5 	Acc: 24.089 	Loss: 2.3066[00m
[91m Client5 Train => Local Epoch: 2 / 5 	Acc: 33.854 	Loss: 1.9842[00m
[91m Client5 Train => Local Epoch: 3 / 5 	Acc: 43.099 	Loss: 2.1384[00m
[91m Client5 Train => Local Epoch: 4 / 5 	Acc: 52.995 	Loss: 1.5949[00m
[92m  Client5 Test => 	Acc: 27.282 	Loss: 3.2324[00m
[91m Client6 Train => Local Epoch: 0 / 5 	Acc: 30.688 	Loss: 3.8070[00m
[91m Client6 Train => Local Epoch: 1 / 5 	Acc: 55.188 	Loss: 1.5009[00m
[91m Client6 Train => Local Epoch: 2 / 5 	Acc: 65.156 	Loss: 1.1289[00m
[91m Client6 Train => Local Epoch: 3 / 5 	Acc: 70.719 	Loss: 0.9515[00m
[91m Client6 Train => Local Epoch: 4 / 5 	Acc: 70.531 	Loss: 0.9003[00m
[92m  Client6 Test => 	Acc: 53.177 	Loss: 1.9352[00m
[91m Client7 Train => Local Epoch: 0 / 5 	Acc: 17.344 	Loss: 3.3569[00m
[91m Client7 Train => Local Epoch: 1 / 5 	Acc: 20.391 	Loss: 2.6682[00m
[91m Client7 Train => Local Epoch: 2 / 5 	Acc: 22.891 	Loss: 2.2539[00m
[91m Client7 Train => Local Epoch: 3 / 5 	Acc: 25.469 	Loss: 2.1251[00m
[91m Client7 Train => Local Epoch: 4 / 5 	Acc: 34.219 	Loss: 2.0142[00m
[92m  Client7 Test => 	Acc: 13.021 	Loss: 3.1519[00m
[91m Client8 Train => Local Epoch: 0 / 5 	Acc: 21.875 	Loss: 4.6348[00m
[91m Client8 Train => Local Epoch: 1 / 5 	Acc: 17.708 	Loss: 2.3427[00m
[91m Client8 Train => Local Epoch: 2 / 5 	Acc: 24.870 	Loss: 2.1609[00m
[91m Client8 Train => Local Epoch: 3 / 5 	Acc: 32.161 	Loss: 2.0898[00m
[91m Client8 Train => Local Epoch: 4 / 5 	Acc: 33.724 	Loss: 2.0180[00m
[92m  Client8 Test => 	Acc: 8.137 	Loss: 3.5861[00m
[91m Client9 Train => Local Epoch: 0 / 5 	Acc: 20.853 	Loss: 3.0916[00m
[91m Client9 Train => Local Epoch: 1 / 5 	Acc: 30.349 	Loss: 2.0881[00m
[91m Client9 Train => Local Epoch: 2 / 5 	Acc: 36.178 	Loss: 1.8868[00m
[91m Client9 Train => Local Epoch: 3 / 5 	Acc: 53.846 	Loss: 1.4630[00m
[91m Client9 Train => Local Epoch: 4 / 5 	Acc: 65.805 	Loss: 1.1692[00m
[92m  Client9 Test => 	Acc: 47.043 	Loss: 2.4033[00m
------------------------------------------------
------ Federation process at Server-Side ------- 
------------------------------------------------
-----------------------------------------------------------
------ FedServer: Federation process at Client-Side ------- 
-----------------------------------------------------------
[1. 1. 1. 1. 1. 1. 1. 0. 1. 1.]
Client-side aggregation done
[1. 1. 1. 1. 1. 1. 0. 1. 1. 1.]
Server-side aggregation done
[92m  Client0 Test => 	Acc: 12.929 	Loss: 2.7178[00m
 Train: Round   0, Avg Accuracy 49.463 | Avg Loss 1.693
[91m Client0 Train => Local Epoch: 0 / 5 	Acc: 34.213 	Loss: 2.5064[00m
[91m Client0 Train => Local Epoch: 1 / 5 	Acc: 36.503 	Loss: 1.9323[00m
[91m Client0 Train => Local Epoch: 2 / 5 	Acc: 38.389 	Loss: 1.8340[00m
[91m Client0 Train => Local Epoch: 3 / 5 	Acc: 38.443 	Loss: 1.8337[00m
[91m Client0 Train => Local Epoch: 4 / 5 	Acc: 38.416 	Loss: 1.8380[00m
[92m  Client0 Test => 	Acc: 12.341 	Loss: 3.4540[00m
[91m Client1 Train => Local Epoch: 0 / 5 	Acc: 19.444 	Loss: 2.4247[00m
[91m Client1 Train => Local Epoch: 1 / 5 	Acc: 30.469 	Loss: 2.0268[00m
[91m Client1 Train => Local Epoch: 2 / 5 	Acc: 35.417 	Loss: 1.9700[00m
[91m Client1 Train => Local Epoch: 3 / 5 	Acc: 48.958 	Loss: 1.6179[00m
[91m Client1 Train => Local Epoch: 4 / 5 	Acc: 52.083 	Loss: 1.4509[00m
[92m  Client1 Test => 	Acc: 29.373 	Loss: 3.5741[00m
[91m Client2 Train => Local Epoch: 0 / 5 	Acc: 42.274 	Loss: 2.2778[00m
[91m Client2 Train => Local Epoch: 1 / 5 	Acc: 42.448 	Loss: 2.0685[00m
[91m Client2 Train => Local Epoch: 2 / 5 	Acc: 43.142 	Loss: 1.9555[00m
[91m Client2 Train => Local Epoch: 3 / 5 	Acc: 48.785 	Loss: 1.6798[00m
[91m Client2 Train => Local Epoch: 4 / 5 	Acc: 56.597 	Loss: 1.4058[00m
[92m  Client2 Test => 	Acc: 32.024 	Loss: 3.6801[00m
[91m Client3 Train => Local Epoch: 0 / 5 	Acc: 35.894 	Loss: 1.9809[00m
[91m Client3 Train => Local Epoch: 1 / 5 	Acc: 63.845 	Loss: 1.2790[00m
[91m Client3 Train => Local Epoch: 2 / 5 	Acc: 71.745 	Loss: 1.0001[00m
[91m Client3 Train => Local Epoch: 3 / 5 	Acc: 76.606 	Loss: 0.8403[00m
[91m Client3 Train => Local Epoch: 4 / 5 	Acc: 78.646 	Loss: 0.7173[00mC:\Users\pr8pf\AppData\Local\anaconda3\Lib\site-packages\sklearn\cluster\_kmeans.py:1429: UserWarning: KMeans is known to have a memory leak on Windows with MKL, when there are less chunks than available threads. You can avoid it by setting the environment variable OMP_NUM_THREADS=1.
  warnings.warn(
C:\Users\pr8pf\AppData\Local\anaconda3\Lib\site-packages\sklearn\cluster\_kmeans.py:1429: UserWarning: KMeans is known to have a memory leak on Windows with MKL, when there are less chunks than available threads. You can avoid it by setting the environment variable OMP_NUM_THREADS=1.
  warnings.warn(
[codecarbon INFO @ 17:38:29] [setup] RAM Tracking...
[codecarbon INFO @ 17:38:29] [setup] CPU Tracking...
[codecarbon WARNING @ 17:38:29] No CPU tracking mode found. Falling back on CPU constant mode. 
 Windows OS detected: Please install Intel Power Gadget to measure CPU

[codecarbon INFO @ 17:38:30] CPU Model on constant consumption mode: Intel(R) Xeon(R) Gold 6258R CPU @ 2.70GHz
[codecarbon INFO @ 17:38:30] [setup] GPU Tracking...
[codecarbon INFO @ 17:38:30] Tracking Nvidia GPU via pynvml
[codecarbon INFO @ 17:38:31] >>> Tracker's metadata:
[codecarbon INFO @ 17:38:31]   Platform system: Windows-11-10.0.22631-SP0
[codecarbon INFO @ 17:38:31]   Python version: 3.12.7
[codecarbon INFO @ 17:38:31]   CodeCarbon version: 2.8.3
[codecarbon INFO @ 17:38:31]   Available RAM : 126.630 GB
[codecarbon INFO @ 17:38:31]   CPU count: 56
[codecarbon INFO @ 17:38:31]   CPU model: Intel(R) Xeon(R) Gold 6258R CPU @ 2.70GHz
[codecarbon INFO @ 17:38:31]   GPU count: 2
[codecarbon INFO @ 17:38:31]   GPU model: 2 x NVIDIA RTX A5000
[codecarbon INFO @ 17:38:34] Saving emissions data to file C:\Users\pr8pf\Documents\GitHub\SplitFed\emissions.csv
[codecarbon INFO @ 17:38:35] Energy consumed for RAM : 0.000011 kWh. RAM Power : 47.48608875274658 W
[codecarbon INFO @ 17:38:35] Energy consumed for all CPUs : 0.000024 kWh. Total CPU Power : 102.50000000000001 W
[codecarbon INFO @ 17:38:35] Energy consumed for all GPUs : 0.000004 kWh. Total GPU Power : 15.77215850401005 W
[codecarbon INFO @ 17:38:35] 0.000039 kWh of electricity used since the beginning.
[codecarbon INFO @ 17:39:30] [setup] RAM Tracking...
[codecarbon INFO @ 17:39:30] [setup] CPU Tracking...
[codecarbon WARNING @ 17:39:30] No CPU tracking mode found. Falling back on CPU constant mode. 
 Windows OS detected: Please install Intel Power Gadget to measure CPU

[codecarbon INFO @ 17:39:32] CPU Model on constant consumption mode: Intel(R) Xeon(R) Gold 6258R CPU @ 2.70GHz
[codecarbon INFO @ 17:39:32] [setup] GPU Tracking...
[codecarbon INFO @ 17:39:32] Tracking Nvidia GPU via pynvml
[codecarbon INFO @ 17:39:32] >>> Tracker's metadata:
[codecarbon INFO @ 17:39:32]   Platform system: Windows-11-10.0.22631-SP0
[codecarbon INFO @ 17:39:32]   Python version: 3.12.7
[codecarbon INFO @ 17:39:32]   CodeCarbon version: 2.8.3
[codecarbon INFO @ 17:39:32]   Available RAM : 126.630 GB
[codecarbon INFO @ 17:39:32]   CPU count: 56
[codecarbon INFO @ 17:39:32]   CPU model: Intel(R) Xeon(R) Gold 6258R CPU @ 2.70GHz
[codecarbon INFO @ 17:39:32]   GPU count: 2
[codecarbon INFO @ 17:39:32]   GPU model: 2 x NVIDIA RTX A5000
[codecarbon INFO @ 17:39:35] Saving emissions data to file C:\Users\pr8pf\Documents\GitHub\SplitFed\emissions.csv
[codecarbon INFO @ 17:39:36] Energy consumed for RAM : 0.000010 kWh. RAM Power : 47.48608875274658 W
[codecarbon INFO @ 17:39:36] Energy consumed for all CPUs : 0.000022 kWh. Total CPU Power : 102.50000000000001 W
[codecarbon INFO @ 17:39:36] Energy consumed for all GPUs : 0.000004 kWh. Total GPU Power : 16.89997034281459 W
[codecarbon INFO @ 17:39:36] 0.000035 kWh of electricity used since the beginning.
C:\Users\pr8pf\AppData\Local\anaconda3\Lib\site-packages\sklearn\cluster\_kmeans.py:1429: UserWarning: KMeans is known to have a memory leak on Windows with MKL, when there are less chunks than available threads. You can avoid it by setting the environment variable OMP_NUM_THREADS=1.
  warnings.warn(
C:\Users\pr8pf\AppData\Local\anaconda3\Lib\site-packages\sklearn\cluster\_kmeans.py:1429: UserWarning: KMeans is known to have a memory leak on Windows with MKL, when there are less chunks than available threads. You can avoid it by setting the environment variable OMP_NUM_THREADS=1.
  warnings.warn(
[codecarbon INFO @ 18:06:45] [setup] RAM Tracking...
[codecarbon INFO @ 18:06:45] [setup] CPU Tracking...
[codecarbon WARNING @ 18:06:45] No CPU tracking mode found. Falling back on CPU constant mode. 
 Windows OS detected: Please install Intel Power Gadget to measure CPU

[codecarbon INFO @ 18:06:47] CPU Model on constant consumption mode: Intel(R) Xeon(R) Gold 6258R CPU @ 2.70GHz
[codecarbon INFO @ 18:06:47] [setup] GPU Tracking...
[codecarbon INFO @ 18:06:47] Tracking Nvidia GPU via pynvml
[codecarbon INFO @ 18:06:47] >>> Tracker's metadata:
[codecarbon INFO @ 18:06:47]   Platform system: Windows-11-10.0.22631-SP0
[codecarbon INFO @ 18:06:47]   Python version: 3.12.7
[codecarbon INFO @ 18:06:47]   CodeCarbon version: 2.8.3
[codecarbon INFO @ 18:06:47]   Available RAM : 126.630 GB
[codecarbon INFO @ 18:06:47]   CPU count: 56
[codecarbon INFO @ 18:06:47]   CPU model: Intel(R) Xeon(R) Gold 6258R CPU @ 2.70GHz
[codecarbon INFO @ 18:06:47]   GPU count: 2
[codecarbon INFO @ 18:06:47]   GPU model: 2 x NVIDIA RTX A5000
[codecarbon INFO @ 18:06:51] Saving emissions data to file C:\Users\pr8pf\Documents\GitHub\SplitFed\emissions.csv
[codecarbon INFO @ 18:06:51] Energy consumed for RAM : 0.000009 kWh. RAM Power : 47.48608875274658 W
[codecarbon INFO @ 18:06:51] Energy consumed for all CPUs : 0.000019 kWh. Total CPU Power : 102.50000000000001 W
[codecarbon INFO @ 18:06:51] Energy consumed for all GPUs : 0.000003 kWh. Total GPU Power : 15.378170400494751 W
[codecarbon INFO @ 18:06:51] 0.000031 kWh of electricity used since the beginning.
[codecarbon INFO @ 18:07:47] [setup] RAM Tracking...
[codecarbon INFO @ 18:07:47] [setup] CPU Tracking...
[codecarbon WARNING @ 18:07:47] No CPU tracking mode found. Falling back on CPU constant mode. 
 Windows OS detected: Please install Intel Power Gadget to measure CPU

[codecarbon INFO @ 18:07:49] CPU Model on constant consumption mode: Intel(R) Xeon(R) Gold 6258R CPU @ 2.70GHz
[codecarbon INFO @ 18:07:49] [setup] GPU Tracking...
[codecarbon INFO @ 18:07:49] Tracking Nvidia GPU via pynvml
[codecarbon INFO @ 18:07:49] >>> Tracker's metadata:
[codecarbon INFO @ 18:07:49]   Platform system: Windows-11-10.0.22631-SP0
[codecarbon INFO @ 18:07:49]   Python version: 3.12.7
[codecarbon INFO @ 18:07:49]   CodeCarbon version: 2.8.3
[codecarbon INFO @ 18:07:49]   Available RAM : 126.630 GB
[codecarbon INFO @ 18:07:49]   CPU count: 56
[codecarbon INFO @ 18:07:49]   CPU model: Intel(R) Xeon(R) Gold 6258R CPU @ 2.70GHz
[codecarbon INFO @ 18:07:49]   GPU count: 2
[codecarbon INFO @ 18:07:49]   GPU model: 2 x NVIDIA RTX A5000
[codecarbon INFO @ 18:07:52] Saving emissions data to file C:\Users\pr8pf\Documents\GitHub\SplitFed\emissions.csv
[codecarbon INFO @ 18:07:53] Energy consumed for RAM : 0.000008 kWh. RAM Power : 47.48608875274658 W
[codecarbon INFO @ 18:07:53] Energy consumed for all CPUs : 0.000018 kWh. Total CPU Power : 102.50000000000001 W
[codecarbon INFO @ 18:07:53] Energy consumed for all GPUs : 0.000003 kWh. Total GPU Power : 15.733316616178733 W
[codecarbon INFO @ 18:07:53] 0.000029 kWh of electricity used since the beginning.

[92m  Client3 Test => 	Acc: 41.000 	Loss: 2.4149[00m
[91m Client4 Train => Local Epoch: 0 / 5 	Acc: 18.359 	Loss: 2.3948[00m
[91m Client4 Train => Local Epoch: 1 / 5 	Acc: 43.457 	Loss: 1.7261[00m
[91m Client4 Train => Local Epoch: 2 / 5 	Acc: 53.711 	Loss: 1.4883[00m
[91m Client4 Train => Local Epoch: 3 / 5 	Acc: 54.785 	Loss: 1.3288[00m
[91m Client4 Train => Local Epoch: 4 / 5 	Acc: 63.086 	Loss: 1.0651[00m
[92m  Client4 Test => 	Acc: 36.862 	Loss: 3.2246[00m
[91m Client5 Train => Local Epoch: 0 / 5 	Acc: 20.312 	Loss: 2.4901[00m
[91m Client5 Train => Local Epoch: 1 / 5 	Acc: 31.380 	Loss: 2.0710[00m
[91m Client5 Train => Local Epoch: 2 / 5 	Acc: 35.286 	Loss: 1.9532[00m
[91m Client5 Train => Local Epoch: 3 / 5 	Acc: 43.750 	Loss: 1.8421[00m
[91m Client5 Train => Local Epoch: 4 / 5 	Acc: 50.781 	Loss: 1.5771[00m
[92m  Client5 Test => 	Acc: 27.491 	Loss: 2.8713[00m
[91m Client6 Train => Local Epoch: 0 / 5 	Acc: 23.188 	Loss: 2.2056[00m
[91m Client6 Train => Local Epoch: 1 / 5 	Acc: 25.250 	Loss: 2.0817[00m
[91m Client6 Train => Local Epoch: 2 / 5 	Acc: 26.312 	Loss: 2.1978[00m
[91m Client6 Train => Local Epoch: 3 / 5 	Acc: 28.156 	Loss: 2.1856[00m
[91m Client6 Train => Local Epoch: 4 / 5 	Acc: 38.938 	Loss: 1.9110[00m
[92m  Client6 Test => 	Acc: 26.543 	Loss: 2.8660[00m
[91m Client7 Train => Local Epoch: 0 / 5 	Acc: 20.000 	Loss: 2.4489[00m
[91m Client7 Train => Local Epoch: 1 / 5 	Acc: 26.172 	Loss: 2.1943[00m
[91m Client7 Train => Local Epoch: 2 / 5 	Acc: 27.109 	Loss: 2.1847[00m
[91m Client7 Train => Local Epoch: 3 / 5 	Acc: 29.609 	Loss: 2.0888[00m
[91m Client7 Train => Local Epoch: 4 / 5 	Acc: 40.703 	Loss: 1.8405[00m
[92m  Client7 Test => 	Acc: 22.217 	Loss: 2.7420[00m
[91m Client8 Train => Local Epoch: 0 / 5 	Acc: 16.667 	Loss: 2.5249[00m
[91m Client8 Train => Local Epoch: 1 / 5 	Acc: 46.354 	Loss: 1.9300[00m
[91m Client8 Train => Local Epoch: 2 / 5 	Acc: 45.573 	Loss: 1.7920[00m
[91m Client8 Train => Local Epoch: 3 / 5 	Acc: 53.906 	Loss: 1.4956[00m
[91m Client8 Train => Local Epoch: 4 / 5 	Acc: 66.536 	Loss: 1.1319[00m
[92m  Client8 Test => 	Acc: 23.137 	Loss: 3.1283[00m
[91m Client9 Train => Local Epoch: 0 / 5 	Acc: 21.514 	Loss: 2.2699[00m
[91m Client9 Train => Local Epoch: 1 / 5 	Acc: 36.358 	Loss: 1.9131[00m
[91m Client9 Train => Local Epoch: 2 / 5 	Acc: 45.553 	Loss: 1.7510[00m
[91m Client9 Train => Local Epoch: 3 / 5 	Acc: 55.409 	Loss: 1.4009[00m
[91m Client9 Train => Local Epoch: 4 / 5 	Acc: 69.591 	Loss: 1.0556[00m
[92m  Client9 Test => 	Acc: 46.049 	Loss: 2.3016[00m
------------------------------------------------
------ Federation process at Server-Side ------- 
------------------------------------------------
-----------------------------------------------------------
------ FedServer: Federation process at Client-Side ------- 
-----------------------------------------------------------
[0. 1. 1. 0. 1. 1. 1. 0. 1. 0.]
Client-side aggregation done
[1. 1. 1. 1. 1. 1. 0. 1. 1. 1.]
Server-side aggregation done
[92m  Client0 Test => 	Acc: 12.949 	Loss: 2.6323[00m
 Train: Round   1, Avg Accuracy 55.538 | Avg Loss 1.399
[91m Client0 Train => Local Epoch: 0 / 5 	Acc: 31.816 	Loss: 2.2939[00m
[91m Client0 Train => Local Epoch: 1 / 5 	Acc: 36.961 	Loss: 1.8615[00m
[91m Client0 Train => Local Epoch: 2 / 5 	Acc: 38.362 	Loss: 1.8299[00m
[91m Client0 Train => Local Epoch: 3 / 5 	Acc: 38.443 	Loss: 1.8286[00m
[91m Client0 Train => Local Epoch: 4 / 5 	Acc: 38.470 	Loss: 1.8297[00m
[92m  Client0 Test => 	Acc: 12.335 	Loss: 3.5197[00m
[91m Client1 Train => Local Epoch: 0 / 5 	Acc: 24.132 	Loss: 2.3967[00m
[91m Client1 Train => Local Epoch: 1 / 5 	Acc: 35.243 	Loss: 1.9422[00m
[91m Client1 Train => Local Epoch: 2 / 5 	Acc: 38.802 	Loss: 1.7757[00m
[91m Client1 Train => Local Epoch: 3 / 5 	Acc: 45.226 	Loss: 1.6182[00m
[91m Client1 Train => Local Epoch: 4 / 5 	Acc: 47.396 	Loss: 1.5409[00m
[92m  Client1 Test => 	Acc: 31.756 	Loss: 2.9808[00m
[91m Client2 Train => Local Epoch: 0 / 5 	Acc: 43.316 	Loss: 2.0901[00m
[91m Client2 Train => Local Epoch: 1 / 5 	Acc: 52.170 	Loss: 1.5314[00m
[91m Client2 Train => Local Epoch: 2 / 5 	Acc: 62.326 	Loss: 1.2411[00m
[91m Client2 Train => Local Epoch: 3 / 5 	Acc: 64.497 	Loss: 1.1253[00m
[91m Client2 Train => Local Epoch: 4 / 5 	Acc: 69.271 	Loss: 1.0045[00m
[92m  Client2 Test => 	Acc: 43.170 	Loss: 2.7566[00m
[91m Client3 Train => Local Epoch: 0 / 5 	Acc: 54.123 	Loss: 1.5146[00m
[91m Client3 Train => Local Epoch: 1 / 5 	Acc: 68.186 	Loss: 1.1167[00m
[91m Client3 Train => Local Epoch: 2 / 5 	Acc: 73.481 	Loss: 0.9443[00m
[91m Client3 Train => Local Epoch: 3 / 5 	Acc: 77.734 	Loss: 0.7616[00m
[91m Client3 Train => Local Epoch: 4 / 5 	Acc: 76.997 	Loss: 0.7849[00m
[92m  Client3 Test => 	Acc: 47.212 	Loss: 2.0941[00m
[91m Client4 Train => Local Epoch: 0 / 5 	Acc: 20.508 	Loss: 2.3698[00m
[91m Client4 Train => Local Epoch: 1 / 5 	Acc: 49.707 	Loss: 1.5607[00m
[91m Client4 Train => Local Epoch: 2 / 5 	Acc: 56.348 	Loss: 1.3056[00m
[91m Client4 Train => Local Epoch: 3 / 5 	Acc: 66.504 	Loss: 1.0690[00m
[91m Client4 Train => Local Epoch: 4 / 5 	Acc: 64.258 	Loss: 1.1554[00m
[92m  Client4 Test => 	Acc: 29.906 	Loss: 2.8762[00m
[91m Client5 Train => Local Epoch: 0 / 5 	Acc: 28.255 	Loss: 2.3097[00m
[91m Client5 Train => Local Epoch: 1 / 5 	Acc: 48.828 	Loss: 1.7400[00m
[91m Client5 Train => Local Epoch: 2 / 5 	Acc: 50.391 	Loss: 1.6106[00m
[91m Client5 Train => Local Epoch: 3 / 5 	Acc: 52.995 	Loss: 1.5031[00m
[91m Client5 Train => Local Epoch: 4 / 5 	Acc: 60.026 	Loss: 1.2506[00m
[92m  Client5 Test => 	Acc: 35.678 	Loss: 2.6962[00m
[91m Client6 Train => Local Epoch: 0 / 5 	Acc: 31.562 	Loss: 2.1933[00m
[91m Client6 Train => Local Epoch: 1 / 5 	Acc: 50.500 	Loss: 1.6913[00m
[91m Client6 Train => Local Epoch: 2 / 5 	Acc: 58.031 	Loss: 1.4129[00m
[91m Client6 Train => Local Epoch: 3 / 5 	Acc: 65.219 	Loss: 1.1364[00m
[91m Client6 Train => Local Epoch: 4 / 5 	Acc: 70.219 	Loss: 0.9861[00m
[92m  Client6 Test => 	Acc: 48.297 	Loss: 1.8658[00m
[91m Client7 Train => Local Epoch: 0 / 5 	Acc: 25.391 	Loss: 2.3386[00m
[91m Client7 Train => Local Epoch: 1 / 5 	Acc: 33.047 	Loss: 1.9928[00m
[91m Client7 Train => Local Epoch: 2 / 5 	Acc: 34.219 	Loss: 2.1188[00m
[91m Client7 Train => Local Epoch: 3 / 5 	Acc: 26.172 	Loss: 2.7447[00m
[91m Client7 Train => Local Epoch: 4 / 5 	Acc: 24.531 	Loss: 2.1864[00m
[92m  Client7 Test => 	Acc: 10.091 	Loss: 3.1653[00m
[91m Client8 Train => Local Epoch: 0 / 5 	Acc: 17.057 	Loss: 2.6742[00m
[91m Client8 Train => Local Epoch: 1 / 5 	Acc: 37.760 	Loss: 1.9303[00m
[91m Client8 Train => Local Epoch: 2 / 5 	Acc: 55.208 	Loss: 1.5458[00m
[91m Client8 Train => Local Epoch: 3 / 5 	Acc: 59.505 	Loss: 1.4629[00m
[91m Client8 Train => Local Epoch: 4 / 5 	Acc: 66.797 	Loss: 1.1020[00m
[92m  Client8 Test => 	Acc: 35.098 	Loss: 2.5433[00m
[91m Client9 Train => Local Epoch: 0 / 5 	Acc: 26.923 	Loss: 2.0568[00m
[91m Client9 Train => Local Epoch: 1 / 5 	Acc: 40.264 	Loss: 1.6788[00m
[91m Client9 Train => Local Epoch: 2 / 5 	Acc: 55.889 	Loss: 1.4141[00m
[91m Client9 Train => Local Epoch: 3 / 5 	Acc: 67.188 	Loss: 1.1391[00m
[91m Client9 Train => Local Epoch: 4 / 5 	Acc: 75.721 	Loss: 0.8338[00m
[92m  Client9 Test => 	Acc: 56.659 	Loss: 1.8159[00m
------------------------------------------------
------ Federation process at Server-Side ------- 
------------------------------------------------
-----------------------------------------------------------
------ FedServer: Federation process at Client-Side ------- 
-----------------------------------------------------------
[1. 1. 1. 1. 1. 1. 0. 1. 1. 1.]
Client-side aggregation done
[1. 1. 1. 1. 1. 1. 0. 1. 1. 1.]
Server-side aggregation done
[92m  Client0 Test => 	Acc: 24.312 	Loss: 2.2976[00m
 Train: Round   2, Avg Accuracy 59.368 | Avg Loss 1.267
[91m Client0 Train => Local Epoch: 0 / 5 	Acc: 32.408 	Loss: 16.5670[00m
[91m Client0 Train => Local Epoch: 1 / 5 	Acc: 37.473 	Loss: 1.9347[00mC:\Users\pr8pf\AppData\Local\anaconda3\Lib\site-packages\sklearn\cluster\_kmeans.py:1429: UserWarning: KMeans is known to have a memory leak on Windows with MKL, when there are less chunks than available threads. You can avoid it by setting the environment variable OMP_NUM_THREADS=1.
  warnings.warn(
C:\Users\pr8pf\AppData\Local\anaconda3\Lib\site-packages\sklearn\cluster\_kmeans.py:1429: UserWarning: KMeans is known to have a memory leak on Windows with MKL, when there are less chunks than available threads. You can avoid it by setting the environment variable OMP_NUM_THREADS=1.
  warnings.warn(
[codecarbon INFO @ 18:35:12] [setup] RAM Tracking...
[codecarbon INFO @ 18:35:12] [setup] CPU Tracking...
[codecarbon WARNING @ 18:35:12] No CPU tracking mode found. Falling back on CPU constant mode. 
 Windows OS detected: Please install Intel Power Gadget to measure CPU

[codecarbon INFO @ 18:35:14] CPU Model on constant consumption mode: Intel(R) Xeon(R) Gold 6258R CPU @ 2.70GHz
[codecarbon INFO @ 18:35:14] [setup] GPU Tracking...
[codecarbon INFO @ 18:35:14] Tracking Nvidia GPU via pynvml
[codecarbon INFO @ 18:35:14] >>> Tracker's metadata:
[codecarbon INFO @ 18:35:14]   Platform system: Windows-11-10.0.22631-SP0
[codecarbon INFO @ 18:35:14]   Python version: 3.12.7
[codecarbon INFO @ 18:35:14]   CodeCarbon version: 2.8.3
[codecarbon INFO @ 18:35:14]   Available RAM : 126.630 GB
[codecarbon INFO @ 18:35:14]   CPU count: 56
[codecarbon INFO @ 18:35:14]   CPU model: Intel(R) Xeon(R) Gold 6258R CPU @ 2.70GHz
[codecarbon INFO @ 18:35:14]   GPU count: 2
[codecarbon INFO @ 18:35:14]   GPU model: 2 x NVIDIA RTX A5000
[codecarbon INFO @ 18:35:18] Saving emissions data to file C:\Users\pr8pf\Documents\GitHub\SplitFed\emissions.csv
[codecarbon INFO @ 18:35:19] Energy consumed for RAM : 0.000011 kWh. RAM Power : 47.48608875274658 W
[codecarbon INFO @ 18:35:19] Energy consumed for all CPUs : 0.000025 kWh. Total CPU Power : 102.50000000000001 W
[codecarbon INFO @ 18:35:19] Energy consumed for all GPUs : 0.000004 kWh. Total GPU Power : 16.37426638730551 W
[codecarbon INFO @ 18:35:19] 0.000040 kWh of electricity used since the beginning.
[codecarbon INFO @ 18:36:14] [setup] RAM Tracking...
[codecarbon INFO @ 18:36:14] [setup] CPU Tracking...
[codecarbon WARNING @ 18:36:14] No CPU tracking mode found. Falling back on CPU constant mode. 
 Windows OS detected: Please install Intel Power Gadget to measure CPU

[codecarbon INFO @ 18:36:15] CPU Model on constant consumption mode: Intel(R) Xeon(R) Gold 6258R CPU @ 2.70GHz
[codecarbon INFO @ 18:36:15] [setup] GPU Tracking...
[codecarbon INFO @ 18:36:15] Tracking Nvidia GPU via pynvml
[codecarbon INFO @ 18:36:15] >>> Tracker's metadata:
[codecarbon INFO @ 18:36:15]   Platform system: Windows-11-10.0.22631-SP0
[codecarbon INFO @ 18:36:15]   Python version: 3.12.7
[codecarbon INFO @ 18:36:15]   CodeCarbon version: 2.8.3
[codecarbon INFO @ 18:36:15]   Available RAM : 126.630 GB
[codecarbon INFO @ 18:36:15]   CPU count: 56
[codecarbon INFO @ 18:36:15]   CPU model: Intel(R) Xeon(R) Gold 6258R CPU @ 2.70GHz
[codecarbon INFO @ 18:36:15]   GPU count: 2
[codecarbon INFO @ 18:36:15]   GPU model: 2 x NVIDIA RTX A5000
[codecarbon INFO @ 18:36:18] Saving emissions data to file C:\Users\pr8pf\Documents\GitHub\SplitFed\emissions.csv
[codecarbon INFO @ 18:36:19] Energy consumed for RAM : 0.000008 kWh. RAM Power : 47.48608875274658 W
[codecarbon INFO @ 18:36:19] Energy consumed for all CPUs : 0.000018 kWh. Total CPU Power : 102.50000000000001 W
[codecarbon INFO @ 18:36:19] Energy consumed for all GPUs : 0.000003 kWh. Total GPU Power : 15.939222443138355 W
[codecarbon INFO @ 18:36:19] 0.000029 kWh of electricity used since the beginning.

[91m Client0 Train => Local Epoch: 2 / 5 	Acc: 37.069 	Loss: 1.8746[00m
[91m Client0 Train => Local Epoch: 3 / 5 	Acc: 38.389 	Loss: 1.8298[00m
[91m Client0 Train => Local Epoch: 4 / 5 	Acc: 38.497 	Loss: 1.8286[00m
[92m  Client0 Test => 	Acc: 12.362 	Loss: 3.4170[00m
[91m Client1 Train => Local Epoch: 0 / 5 	Acc: 36.545 	Loss: 2.0220[00m
[91m Client1 Train => Local Epoch: 1 / 5 	Acc: 55.382 	Loss: 1.3845[00m
[91m Client1 Train => Local Epoch: 2 / 5 	Acc: 60.764 	Loss: 1.1316[00m
[91m Client1 Train => Local Epoch: 3 / 5 	Acc: 63.976 	Loss: 1.1626[00m
[91m Client1 Train => Local Epoch: 4 / 5 	Acc: 63.976 	Loss: 1.0562[00m
[92m  Client1 Test => 	Acc: 39.832 	Loss: 3.1196[00m
[91m Client2 Train => Local Epoch: 0 / 5 	Acc: 49.045 	Loss: 1.6999[00m
[91m Client2 Train => Local Epoch: 1 / 5 	Acc: 60.417 	Loss: 1.2942[00m
[91m Client2 Train => Local Epoch: 2 / 5 	Acc: 65.365 	Loss: 1.0891[00m
[91m Client2 Train => Local Epoch: 3 / 5 	Acc: 72.049 	Loss: 0.9198[00m
[91m Client2 Train => Local Epoch: 4 / 5 	Acc: 73.351 	Loss: 0.8959[00m
[92m  Client2 Test => 	Acc: 51.600 	Loss: 2.4009[00m
[91m Client3 Train => Local Epoch: 0 / 5 	Acc: 63.238 	Loss: 1.2351[00m
[91m Client3 Train => Local Epoch: 1 / 5 	Acc: 78.038 	Loss: 0.7389[00m
[91m Client3 Train => Local Epoch: 2 / 5 	Acc: 81.033 	Loss: 0.6016[00m
[91m Client3 Train => Local Epoch: 3 / 5 	Acc: 83.160 	Loss: 0.5276[00m
[91m Client3 Train => Local Epoch: 4 / 5 	Acc: 85.373 	Loss: 0.4521[00m
[92m  Client3 Test => 	Acc: 54.986 	Loss: 2.1011[00m
[91m Client4 Train => Local Epoch: 0 / 5 	Acc: 44.141 	Loss: 1.7853[00m
[91m Client4 Train => Local Epoch: 1 / 5 	Acc: 60.840 	Loss: 1.2101[00m
[91m Client4 Train => Local Epoch: 2 / 5 	Acc: 69.727 	Loss: 0.9363[00m
[91m Client4 Train => Local Epoch: 3 / 5 	Acc: 76.855 	Loss: 0.7469[00m
[91m Client4 Train => Local Epoch: 4 / 5 	Acc: 77.637 	Loss: 0.6580[00m
[92m  Client4 Test => 	Acc: 46.893 	Loss: 2.7666[00m
[91m Client5 Train => Local Epoch: 0 / 5 	Acc: 39.583 	Loss: 2.0486[00m
[91m Client5 Train => Local Epoch: 1 / 5 	Acc: 50.391 	Loss: 1.5523[00m
[91m Client5 Train => Local Epoch: 2 / 5 	Acc: 54.167 	Loss: 1.4180[00m
[91m Client5 Train => Local Epoch: 3 / 5 	Acc: 57.943 	Loss: 1.2445[00m
[91m Client5 Train => Local Epoch: 4 / 5 	Acc: 65.234 	Loss: 1.0732[00m
[92m  Client5 Test => 	Acc: 44.194 	Loss: 2.4419[00m
[91m Client6 Train => Local Epoch: 0 / 5 	Acc: 51.750 	Loss: 1.5947[00m
[91m Client6 Train => Local Epoch: 1 / 5 	Acc: 68.094 	Loss: 1.0368[00m
[91m Client6 Train => Local Epoch: 2 / 5 	Acc: 74.375 	Loss: 0.8230[00m
[91m Client6 Train => Local Epoch: 3 / 5 	Acc: 80.281 	Loss: 0.6553[00m
[91m Client6 Train => Local Epoch: 4 / 5 	Acc: 79.188 	Loss: 0.6583[00m
[92m  Client6 Test => 	Acc: 60.494 	Loss: 1.4843[00m
[91m Client7 Train => Local Epoch: 0 / 5 	Acc: 34.531 	Loss: 2.0451[00m
[91m Client7 Train => Local Epoch: 1 / 5 	Acc: 47.188 	Loss: 1.6205[00m
[91m Client7 Train => Local Epoch: 2 / 5 	Acc: 52.969 	Loss: 1.3929[00m
[91m Client7 Train => Local Epoch: 3 / 5 	Acc: 64.844 	Loss: 1.0654[00m
[91m Client7 Train => Local Epoch: 4 / 5 	Acc: 70.859 	Loss: 0.9116[00m
[92m  Client7 Test => 	Acc: 47.576 	Loss: 2.5187[00m
[91m Client8 Train => Local Epoch: 0 / 5 	Acc: 22.656 	Loss: 2.3310[00m
[91m Client8 Train => Local Epoch: 1 / 5 	Acc: 56.120 	Loss: 1.5897[00m
[91m Client8 Train => Local Epoch: 2 / 5 	Acc: 68.490 	Loss: 1.0502[00m
[91m Client8 Train => Local Epoch: 3 / 5 	Acc: 79.688 	Loss: 0.7351[00m
[91m Client8 Train => Local Epoch: 4 / 5 	Acc: 80.599 	Loss: 0.6768[00m
[92m  Client8 Test => 	Acc: 39.973 	Loss: 2.3409[00m
[91m Client9 Train => Local Epoch: 0 / 5 	Acc: 41.887 	Loss: 1.7913[00m
[91m Client9 Train => Local Epoch: 1 / 5 	Acc: 58.714 	Loss: 1.2939[00m
[91m Client9 Train => Local Epoch: 2 / 5 	Acc: 69.471 	Loss: 1.0277[00m
[91m Client9 Train => Local Epoch: 3 / 5 	Acc: 77.284 	Loss: 0.7558[00m
[91m Client9 Train => Local Epoch: 4 / 5 	Acc: 80.649 	Loss: 0.6579[00m
[92m  Client9 Test => 	Acc: 58.924 	Loss: 1.4232[00m
------------------------------------------------
------ Federation process at Server-Side ------- 
------------------------------------------------
-----------------------------------------------------------
------ FedServer: Federation process at Client-Side ------- 
-----------------------------------------------------------
[1. 1. 1. 1. 1. 1. 0. 1. 1. 1.]
Client-side aggregation done
[1. 1. 1. 1. 1. 1. 0. 1. 1. 1.]
Server-side aggregation done
[92m  Client0 Test => 	Acc: 28.663 	Loss: 2.1996[00m
 Train: Round   3, Avg Accuracy 71.536 | Avg Loss 0.887
[91m Client0 Train => Local Epoch: 0 / 5 	Acc: 34.402 	Loss: 1.9525[00m
[91m Client0 Train => Local Epoch: 1 / 5 	Acc: 38.416 	Loss: 1.8489[00m
[91m Client0 Train => Local Epoch: 2 / 5 	Acc: 38.443 	Loss: 1.8492[00m
[91m Client0 Train => Local Epoch: 3 / 5 	Acc: 38.470 	Loss: 1.8372[00m
[91m Client0 Train => Local Epoch: 4 / 5 	Acc: 38.416 	Loss: 1.8223[00m
[92m  Client0 Test => 	Acc: 12.355 	Loss: 3.6125[00m
[91m Client1 Train => Local Epoch: 0 / 5 	Acc: 54.514 	Loss: 1.5335[00m
[91m Client1 Train => Local Epoch: 1 / 5 	Acc: 69.444 	Loss: 0.9540[00m
[91m Client1 Train => Local Epoch: 2 / 5 	Acc: 75.521 	Loss: 0.7096[00m
[91m Client1 Train => Local Epoch: 3 / 5 	Acc: 79.167 	Loss: 0.6065[00m
[91m Client1 Train => Local Epoch: 4 / 5 	Acc: 81.250 	Loss: 0.5825[00m
[92m  Client1 Test => 	Acc: 57.620 	Loss: 1.9127[00m
[91m Client2 Train => Local Epoch: 0 / 5 	Acc: 62.674 	Loss: 1.2145[00m
[91m Client2 Train => Local Epoch: 1 / 5 	Acc: 75.260 	Loss: 0.8371[00m
[91m Client2 Train => Local Epoch: 2 / 5 	Acc: 78.038 	Loss: 0.6759[00m
[91m Client2 Train => Local Epoch: 3 / 5 	Acc: 80.642 	Loss: 0.5953[00m
[91m Client2 Train => Local Epoch: 4 / 5 	Acc: 81.510 	Loss: 0.5504[00m
[92m  Client2 Test => 	Acc: 65.414 	Loss: 1.4907[00m
[91m Client3 Train => Local Epoch: 0 / 5 	Acc: 71.181 	Loss: 1.0557[00m
[91m Client3 Train => Local Epoch: 1 / 5 	Acc: 77.734 	Loss: 0.7395[00m
[91m Client3 Train => Local Epoch: 2 / 5 	Acc: 84.852 	Loss: 0.4894[00m
[91m Client3 Train => Local Epoch: 3 / 5 	Acc: 85.417 	Loss: 0.4653[00m
[91m Client3 Train => Local Epoch: 4 / 5 	Acc: 89.366 	Loss: 0.3623[00m
[92m  Client3 Test => 	Acc: 66.898 	Loss: 1.5107[00m
[91m Client4 Train => Local Epoch: 0 / 5 	Acc: 57.324 	Loss: 1.4595[00m
[91m Client4 Train => Local Epoch: 1 / 5 	Acc: 73.438 	Loss: 0.8638[00m
[91m Client4 Train => Local Epoch: 2 / 5 	Acc: 81.836 	Loss: 0.6055[00m
[91m Client4 Train => Local Epoch: 3 / 5 	Acc: 83.301 	Loss: 0.5264[00m
[91m Client4 Train => Local Epoch: 4 / 5 	Acc: 84.473 	Loss: 0.4702[00m
[92m  Client4 Test => 	Acc: 53.534 	Loss: 1.7899[00m
[91m Client5 Train => Local Epoch: 0 / 5 	Acc: 52.083 	Loss: 1.5817[00m
[91m Client5 Train => Local Epoch: 1 / 5 	Acc: 69.010 	Loss: 0.9891[00m
[91m Client5 Train => Local Epoch: 2 / 5 	Acc: 73.047 	Loss: 0.7937[00m
[91m Client5 Train => Local Epoch: 3 / 5 	Acc: 76.562 	Loss: 0.7002[00m
[91m Client5 Train => Local Epoch: 4 / 5 	Acc: 75.781 	Loss: 0.7378[00m
[92m  Client5 Test => 	Acc: 54.563 	Loss: 2.3315[00m
[91m Client6 Train => Local Epoch: 0 / 5 	Acc: 58.594 	Loss: 1.5046[00m
[91m Client6 Train => Local Epoch: 1 / 5 	Acc: 72.312 	Loss: 0.8822[00m
[91m Client6 Train => Local Epoch: 2 / 5 	Acc: 81.219 	Loss: 0.6162[00m
[91m Client6 Train => Local Epoch: 3 / 5 	Acc: 84.500 	Loss: 0.5044[00m
[91m Client6 Train => Local Epoch: 4 / 5 	Acc: 84.406 	Loss: 0.5194[00m
[92m  Client6 Test => 	Acc: 61.174 	Loss: 1.2879[00m
[91m Client7 Train => Local Epoch: 0 / 5 	Acc: 48.203 	Loss: 1.6675[00m
[91m Client7 Train => Local Epoch: 1 / 5 	Acc: 60.859 	Loss: 1.2744[00m
[91m Client7 Train => Local Epoch: 2 / 5 	Acc: 69.062 	Loss: 1.0219[00m
[91m Client7 Train => Local Epoch: 3 / 5 	Acc: 73.594 	Loss: 0.8489[00m
[91m Client7 Train => Local Epoch: 4 / 5 	Acc: 80.391 	Loss: 0.6154[00m
[92m  Client7 Test => 	Acc: 60.439 	Loss: 1.7754[00m
[91m Client8 Train => Local Epoch: 0 / 5 	Acc: 40.625 	Loss: 1.8706[00mC:\Users\pr8pf\AppData\Local\anaconda3\Lib\site-packages\sklearn\cluster\_kmeans.py:1429: UserWarning: KMeans is known to have a memory leak on Windows with MKL, when there are less chunks than available threads. You can avoid it by setting the environment variable OMP_NUM_THREADS=1.
  warnings.warn(
C:\Users\pr8pf\AppData\Local\anaconda3\Lib\site-packages\sklearn\cluster\_kmeans.py:1429: UserWarning: KMeans is known to have a memory leak on Windows with MKL, when there are less chunks than available threads. You can avoid it by setting the environment variable OMP_NUM_THREADS=1.
  warnings.warn(
[codecarbon INFO @ 19:03:16] [setup] RAM Tracking...
[codecarbon INFO @ 19:03:16] [setup] CPU Tracking...
[codecarbon WARNING @ 19:03:16] No CPU tracking mode found. Falling back on CPU constant mode. 
 Windows OS detected: Please install Intel Power Gadget to measure CPU

[codecarbon INFO @ 19:03:18] CPU Model on constant consumption mode: Intel(R) Xeon(R) Gold 6258R CPU @ 2.70GHz
[codecarbon INFO @ 19:03:18] [setup] GPU Tracking...
[codecarbon INFO @ 19:03:18] Tracking Nvidia GPU via pynvml
[codecarbon INFO @ 19:03:18] >>> Tracker's metadata:
[codecarbon INFO @ 19:03:18]   Platform system: Windows-11-10.0.22631-SP0
[codecarbon INFO @ 19:03:18]   Python version: 3.12.7
[codecarbon INFO @ 19:03:18]   CodeCarbon version: 2.8.3
[codecarbon INFO @ 19:03:18]   Available RAM : 126.630 GB
[codecarbon INFO @ 19:03:18]   CPU count: 56
[codecarbon INFO @ 19:03:18]   CPU model: Intel(R) Xeon(R) Gold 6258R CPU @ 2.70GHz
[codecarbon INFO @ 19:03:18]   GPU count: 2
[codecarbon INFO @ 19:03:18]   GPU model: 2 x NVIDIA RTX A5000
[codecarbon INFO @ 19:03:21] Saving emissions data to file C:\Users\pr8pf\Documents\GitHub\SplitFed\emissions.csv
[codecarbon INFO @ 19:03:22] Energy consumed for RAM : 0.000010 kWh. RAM Power : 47.48608875274658 W
[codecarbon INFO @ 19:03:22] Energy consumed for all CPUs : 0.000021 kWh. Total CPU Power : 102.50000000000001 W
[codecarbon INFO @ 19:03:22] Energy consumed for all GPUs : 0.000003 kWh. Total GPU Power : 16.076436151926103 W
[codecarbon INFO @ 19:03:22] 0.000035 kWh of electricity used since the beginning.
[codecarbon INFO @ 19:04:18] [setup] RAM Tracking...
[codecarbon INFO @ 19:04:18] [setup] CPU Tracking...
[codecarbon WARNING @ 19:04:18] No CPU tracking mode found. Falling back on CPU constant mode. 
 Windows OS detected: Please install Intel Power Gadget to measure CPU

[codecarbon INFO @ 19:04:20] CPU Model on constant consumption mode: Intel(R) Xeon(R) Gold 6258R CPU @ 2.70GHz
[codecarbon INFO @ 19:04:20] [setup] GPU Tracking...
[codecarbon INFO @ 19:04:20] Tracking Nvidia GPU via pynvml
[codecarbon INFO @ 19:04:20] >>> Tracker's metadata:
[codecarbon INFO @ 19:04:20]   Platform system: Windows-11-10.0.22631-SP0
[codecarbon INFO @ 19:04:20]   Python version: 3.12.7
[codecarbon INFO @ 19:04:20]   CodeCarbon version: 2.8.3
[codecarbon INFO @ 19:04:20]   Available RAM : 126.630 GB
[codecarbon INFO @ 19:04:20]   CPU count: 56
[codecarbon INFO @ 19:04:20]   CPU model: Intel(R) Xeon(R) Gold 6258R CPU @ 2.70GHz
[codecarbon INFO @ 19:04:20]   GPU count: 2
[codecarbon INFO @ 19:04:20]   GPU model: 2 x NVIDIA RTX A5000
[codecarbon INFO @ 19:04:23] Saving emissions data to file C:\Users\pr8pf\Documents\GitHub\SplitFed\emissions.csv
[codecarbon INFO @ 19:04:23] Energy consumed for RAM : 0.000010 kWh. RAM Power : 47.48608875274658 W
[codecarbon INFO @ 19:04:23] Energy consumed for all CPUs : 0.000021 kWh. Total CPU Power : 102.50000000000001 W
[codecarbon INFO @ 19:04:23] Energy consumed for all GPUs : 0.000004 kWh. Total GPU Power : 17.472854958883143 W
[codecarbon INFO @ 19:04:23] 0.000034 kWh of electricity used since the beginning.
C:\Users\pr8pf\AppData\Local\anaconda3\Lib\site-packages\sklearn\cluster\_kmeans.py:1429: UserWarning: KMeans is known to have a memory leak on Windows with MKL, when there are less chunks than available threads. You can avoid it by setting the environment variable OMP_NUM_THREADS=1.
  warnings.warn(
C:\Users\pr8pf\AppData\Local\anaconda3\Lib\site-packages\sklearn\cluster\_kmeans.py:1429: UserWarning: KMeans is known to have a memory leak on Windows with MKL, when there are less chunks than available threads. You can avoid it by setting the environment variable OMP_NUM_THREADS=1.
  warnings.warn(
[codecarbon INFO @ 19:31:38] [setup] RAM Tracking...
[codecarbon INFO @ 19:31:38] [setup] CPU Tracking...
[codecarbon WARNING @ 19:31:38] No CPU tracking mode found. Falling back on CPU constant mode. 
 Windows OS detected: Please install Intel Power Gadget to measure CPU

[codecarbon INFO @ 19:31:40] CPU Model on constant consumption mode: Intel(R) Xeon(R) Gold 6258R CPU @ 2.70GHz
[codecarbon INFO @ 19:31:40] [setup] GPU Tracking...
[codecarbon INFO @ 19:31:40] Tracking Nvidia GPU via pynvml
[codecarbon INFO @ 19:31:40] >>> Tracker's metadata:
[codecarbon INFO @ 19:31:40]   Platform system: Windows-11-10.0.22631-SP0
[codecarbon INFO @ 19:31:40]   Python version: 3.12.7
[codecarbon INFO @ 19:31:40]   CodeCarbon version: 2.8.3
[codecarbon INFO @ 19:31:40]   Available RAM : 126.630 GB
[codecarbon INFO @ 19:31:40]   CPU count: 56
[codecarbon INFO @ 19:31:40]   CPU model: Intel(R) Xeon(R) Gold 6258R CPU @ 2.70GHz
[codecarbon INFO @ 19:31:40]   GPU count: 2
[codecarbon INFO @ 19:31:40]   GPU model: 2 x NVIDIA RTX A5000
[codecarbon INFO @ 19:31:43] Saving emissions data to file C:\Users\pr8pf\Documents\GitHub\SplitFed\emissions.csv
[codecarbon INFO @ 19:31:44] Energy consumed for RAM : 0.000011 kWh. RAM Power : 47.48608875274658 W
[codecarbon INFO @ 19:31:44] Energy consumed for all CPUs : 0.000023 kWh. Total CPU Power : 102.50000000000001 W
[codecarbon INFO @ 19:31:44] Energy consumed for all GPUs : 0.000004 kWh. Total GPU Power : 16.239117400121913 W
[codecarbon INFO @ 19:31:44] 0.000037 kWh of electricity used since the beginning.
[codecarbon INFO @ 19:32:40] [setup] RAM Tracking...
[codecarbon INFO @ 19:32:40] [setup] CPU Tracking...
[codecarbon WARNING @ 19:32:40] No CPU tracking mode found. Falling back on CPU constant mode. 
 Windows OS detected: Please install Intel Power Gadget to measure CPU

[codecarbon INFO @ 19:32:41] CPU Model on constant consumption mode: Intel(R) Xeon(R) Gold 6258R CPU @ 2.70GHz
[codecarbon INFO @ 19:32:41] [setup] GPU Tracking...
[codecarbon INFO @ 19:32:41] Tracking Nvidia GPU via pynvml
[codecarbon INFO @ 19:32:41] >>> Tracker's metadata:
[codecarbon INFO @ 19:32:41]   Platform system: Windows-11-10.0.22631-SP0
[codecarbon INFO @ 19:32:41]   Python version: 3.12.7
[codecarbon INFO @ 19:32:41]   CodeCarbon version: 2.8.3
[codecarbon INFO @ 19:32:41]   Available RAM : 126.630 GB
[codecarbon INFO @ 19:32:41]   CPU count: 56
[codecarbon INFO @ 19:32:41]   CPU model: Intel(R) Xeon(R) Gold 6258R CPU @ 2.70GHz
[codecarbon INFO @ 19:32:41]   GPU count: 2
[codecarbon INFO @ 19:32:41]   GPU model: 2 x NVIDIA RTX A5000
[codecarbon INFO @ 19:32:45] Saving emissions data to file C:\Users\pr8pf\Documents\GitHub\SplitFed\emissions.csv
[codecarbon INFO @ 19:32:45] Energy consumed for RAM : 0.000008 kWh. RAM Power : 47.48608875274658 W
[codecarbon INFO @ 19:32:45] Energy consumed for all CPUs : 0.000017 kWh. Total CPU Power : 102.50000000000001 W
[codecarbon INFO @ 19:32:45] Energy consumed for all GPUs : 0.000003 kWh. Total GPU Power : 15.734812001100458 W
[codecarbon INFO @ 19:32:45] 0.000027 kWh of electricity used since the beginning.

[91m Client8 Train => Local Epoch: 1 / 5 	Acc: 71.354 	Loss: 1.0061[00m
[91m Client8 Train => Local Epoch: 2 / 5 	Acc: 73.177 	Loss: 0.8849[00m
[91m Client8 Train => Local Epoch: 3 / 5 	Acc: 81.771 	Loss: 0.5954[00m
[91m Client8 Train => Local Epoch: 4 / 5 	Acc: 84.635 	Loss: 0.5141[00m
[92m  Client8 Test => 	Acc: 47.771 	Loss: 1.9613[00m
[91m Client9 Train => Local Epoch: 0 / 5 	Acc: 51.262 	Loss: 1.6681[00m
[91m Client9 Train => Local Epoch: 1 / 5 	Acc: 60.757 	Loss: 1.2370[00m
[91m Client9 Train => Local Epoch: 2 / 5 	Acc: 69.471 	Loss: 1.1305[00m
[91m Client9 Train => Local Epoch: 3 / 5 	Acc: 67.067 	Loss: 1.1338[00m
[91m Client9 Train => Local Epoch: 4 / 5 	Acc: 75.962 	Loss: 0.8227[00m
[92m  Client9 Test => 	Acc: 55.687 	Loss: 2.0008[00m
------------------------------------------------
------ Federation process at Server-Side ------- 
------------------------------------------------
-----------------------------------------------------------
------ FedServer: Federation process at Client-Side ------- 
-----------------------------------------------------------
[1. 1. 1. 1. 1. 1. 0. 1. 1. 1.]
Client-side aggregation done
[1. 1. 1. 1. 1. 1. 0. 1. 1. 1.]
Server-side aggregation done
[92m  Client0 Test => 	Acc: 59.979 	Loss: 1.3328[00m
 Train: Round   4, Avg Accuracy 77.619 | Avg Loss 0.700
[91m Client0 Train => Local Epoch: 0 / 5 	Acc: 33.405 	Loss: 1.9934[00m
[91m Client0 Train => Local Epoch: 1 / 5 	Acc: 38.281 	Loss: 1.8463[00m
[91m Client0 Train => Local Epoch: 2 / 5 	Acc: 37.473 	Loss: 1.8465[00m
[91m Client0 Train => Local Epoch: 3 / 5 	Acc: 38.443 	Loss: 1.8420[00m
[91m Client0 Train => Local Epoch: 4 / 5 	Acc: 38.470 	Loss: 1.8318[00m
[92m  Client0 Test => 	Acc: 13.279 	Loss: 2.7935[00m
[91m Client1 Train => Local Epoch: 0 / 5 	Acc: 67.448 	Loss: 1.0287[00m
[91m Client1 Train => Local Epoch: 1 / 5 	Acc: 76.302 	Loss: 0.7357[00m
[91m Client1 Train => Local Epoch: 2 / 5 	Acc: 80.382 	Loss: 0.5896[00m
[91m Client1 Train => Local Epoch: 3 / 5 	Acc: 82.031 	Loss: 0.5590[00m
[91m Client1 Train => Local Epoch: 4 / 5 	Acc: 86.024 	Loss: 0.4774[00m
[92m  Client1 Test => 	Acc: 61.376 	Loss: 1.8278[00m
[91m Client2 Train => Local Epoch: 0 / 5 	Acc: 76.215 	Loss: 0.8069[00m
[91m Client2 Train => Local Epoch: 1 / 5 	Acc: 80.208 	Loss: 0.6165[00m
[91m Client2 Train => Local Epoch: 2 / 5 	Acc: 85.417 	Loss: 0.4783[00m
[91m Client2 Train => Local Epoch: 3 / 5 	Acc: 88.368 	Loss: 0.3718[00m
[91m Client2 Train => Local Epoch: 4 / 5 	Acc: 84.028 	Loss: 0.4822[00m
[92m  Client2 Test => 	Acc: 69.827 	Loss: 1.2174[00m
[91m Client3 Train => Local Epoch: 0 / 5 	Acc: 78.125 	Loss: 0.7492[00m
[91m Client3 Train => Local Epoch: 1 / 5 	Acc: 85.373 	Loss: 0.4987[00m
[91m Client3 Train => Local Epoch: 2 / 5 	Acc: 87.804 	Loss: 0.3986[00m
[91m Client3 Train => Local Epoch: 3 / 5 	Acc: 89.627 	Loss: 0.3569[00m
[91m Client3 Train => Local Epoch: 4 / 5 	Acc: 92.188 	Loss: 0.2507[00m
[92m  Client3 Test => 	Acc: 68.378 	Loss: 1.3916[00m
[91m Client4 Train => Local Epoch: 0 / 5 	Acc: 75.977 	Loss: 0.8151[00m
[91m Client4 Train => Local Epoch: 1 / 5 	Acc: 83.301 	Loss: 0.5220[00m
[91m Client4 Train => Local Epoch: 2 / 5 	Acc: 85.547 	Loss: 0.4581[00m
[91m Client4 Train => Local Epoch: 3 / 5 	Acc: 88.086 	Loss: 0.3811[00m
[91m Client4 Train => Local Epoch: 4 / 5 	Acc: 91.016 	Loss: 0.3080[00m
[92m  Client4 Test => 	Acc: 66.259 	Loss: 1.3440[00m
[91m Client5 Train => Local Epoch: 0 / 5 	Acc: 75.521 	Loss: 0.8891[00m
[91m Client5 Train => Local Epoch: 1 / 5 	Acc: 79.427 	Loss: 0.6616[00m
[91m Client5 Train => Local Epoch: 2 / 5 	Acc: 80.208 	Loss: 0.6107[00m
[91m Client5 Train => Local Epoch: 3 / 5 	Acc: 82.812 	Loss: 0.5160[00m
[91m Client5 Train => Local Epoch: 4 / 5 	Acc: 87.760 	Loss: 0.3766[00m
[92m  Client5 Test => 	Acc: 67.179 	Loss: 1.8450[00m
[91m Client6 Train => Local Epoch: 0 / 5 	Acc: 71.031 	Loss: 0.8891[00m
[91m Client6 Train => Local Epoch: 1 / 5 	Acc: 81.844 	Loss: 0.5671[00m
[91m Client6 Train => Local Epoch: 2 / 5 	Acc: 87.594 	Loss: 0.4023[00m
[91m Client6 Train => Local Epoch: 3 / 5 	Acc: 86.312 	Loss: 0.4397[00m
[91m Client6 Train => Local Epoch: 4 / 5 	Acc: 89.000 	Loss: 0.3362[00m
[92m  Client6 Test => 	Acc: 73.624 	Loss: 0.8617[00m
[91m Client7 Train => Local Epoch: 0 / 5 	Acc: 61.406 	Loss: 1.1834[00m
[91m Client7 Train => Local Epoch: 1 / 5 	Acc: 75.234 	Loss: 0.7858[00m
[91m Client7 Train => Local Epoch: 2 / 5 	Acc: 70.547 	Loss: 0.9093[00m
[91m Client7 Train => Local Epoch: 3 / 5 	Acc: 73.594 	Loss: 0.8083[00m
[91m Client7 Train => Local Epoch: 4 / 5 	Acc: 83.828 	Loss: 0.4986[00m
[92m  Client7 Test => 	Acc: 68.807 	Loss: 1.3212[00m
[91m Client8 Train => Local Epoch: 0 / 5 	Acc: 65.755 	Loss: 1.1186[00m
[91m Client8 Train => Local Epoch: 1 / 5 	Acc: 80.469 	Loss: 0.6574[00m
[91m Client8 Train => Local Epoch: 2 / 5 	Acc: 84.896 	Loss: 0.4799[00m
[91m Client8 Train => Local Epoch: 3 / 5 	Acc: 87.760 	Loss: 0.4020[00m
[91m Client8 Train => Local Epoch: 4 / 5 	Acc: 88.021 	Loss: 0.4161[00m
[92m  Client8 Test => 	Acc: 48.548 	Loss: 2.0977[00m
[91m Client9 Train => Local Epoch: 0 / 5 	Acc: 73.017 	Loss: 0.9099[00m
[91m Client9 Train => Local Epoch: 1 / 5 	Acc: 80.108 	Loss: 0.6698[00m
[91m Client9 Train => Local Epoch: 2 / 5 	Acc: 85.156 	Loss: 0.4798[00m
[91m Client9 Train => Local Epoch: 3 / 5 	Acc: 87.680 	Loss: 0.4091[00m
[91m Client9 Train => Local Epoch: 4 / 5 	Acc: 89.784 	Loss: 0.3391[00m
[92m  Client9 Test => 	Acc: 69.583 	Loss: 1.0438[00m
------------------------------------------------
------ Federation process at Server-Side ------- 
------------------------------------------------
-----------------------------------------------------------
------ FedServer: Federation process at Client-Side ------- 
-----------------------------------------------------------
[1. 1. 1. 1. 1. 1. 0. 1. 1. 1.]
Client-side aggregation done
[1. 1. 1. 1. 1. 1. 0. 1. 1. 1.]
Server-side aggregation done
[92m  Client0 Test => 	Acc: 71.530 	Loss: 0.8783[00m
 Train: Round   5, Avg Accuracy 83.012 | Avg Loss 0.532
[91m Client0 Train => Local Epoch: 0 / 5 	Acc: 33.998 	Loss: 1.9326[00m
[91m Client0 Train => Local Epoch: 1 / 5 	Acc: 37.850 	Loss: 1.8506[00m
[91m Client0 Train => Local Epoch: 2 / 5 	Acc: 38.200 	Loss: 1.8358[00m
[91m Client0 Train => Local Epoch: 3 / 5 	Acc: 38.443 	Loss: 1.8367[00m
[91m Client0 Train => Local Epoch: 4 / 5 	Acc: 38.416 	Loss: 1.8386[00m
[92m  Client0 Test => 	Acc: 39.709 	Loss: 1.9981[00m
[91m Client1 Train => Local Epoch: 0 / 5 	Acc: 74.740 	Loss: 0.7391[00m
[91m Client1 Train => Local Epoch: 1 / 5 	Acc: 83.160 	Loss: 0.4922[00m
[91m Client1 Train => Local Epoch: 2 / 5 	Acc: 84.635 	Loss: 0.4396[00m
[91m Client1 Train => Local Epoch: 3 / 5 	Acc: 86.545 	Loss: 0.4021[00m
[91m Client1 Train => Local Epoch: 4 / 5 	Acc: 90.278 	Loss: 0.2600[00m
[92m  Client1 Test => 	Acc: 65.487 	Loss: 1.8510[00m
[91m Client2 Train => Local Epoch: 0 / 5 	Acc: 83.160 	Loss: 0.5323[00m
[91m Client2 Train => Local Epoch: 1 / 5 	Acc: 86.632 	Loss: 0.4019[00m
[91m Client2 Train => Local Epoch: 2 / 5 	Acc: 89.757 	Loss: 0.3162[00m
[91m Client2 Train => Local Epoch: 3 / 5 	Acc: 91.319 	Loss: 0.2671[00m
[91m Client2 Train => Local Epoch: 4 / 5 	Acc: 92.188 	Loss: 0.2487[00m
[92m  Client2 Test => 	Acc: 76.434 	Loss: 1.0711[00m
[91m Client3 Train => Local Epoch: 0 / 5 	Acc: 86.849 	Loss: 0.4181[00m
[91m Client3 Train => Local Epoch: 1 / 5 	Acc: 90.104 	Loss: 0.3118[00m
[91m Client3 Train => Local Epoch: 2 / 5 	Acc: 91.753 	Loss: 0.2584[00m
[91m Client3 Train => Local Epoch: 3 / 5 	Acc: 91.493 	Loss: 0.2659[00m
[91m Client3 Train => Local Epoch: 4 / 5 	Acc: 89.931 	Loss: 0.3280[00m
[92m  Client3 Test => 	Acc: 70.981 	Loss: 1.0570[00m
[91m Client4 Train => Local Epoch: 0 / 5 	Acc: 86.621 	Loss: 0.4436[00m
[91m Client4 Train => Local Epoch: 1 / 5 	Acc: 87.988 	Loss: 0.3908[00m
[91m Client4 Train => Local Epoch: 2 / 5 	Acc: 91.602 	Loss: 0.2736[00mC:\Users\pr8pf\AppData\Local\anaconda3\Lib\site-packages\sklearn\cluster\_kmeans.py:1429: UserWarning: KMeans is known to have a memory leak on Windows with MKL, when there are less chunks than available threads. You can avoid it by setting the environment variable OMP_NUM_THREADS=1.
  warnings.warn(
C:\Users\pr8pf\AppData\Local\anaconda3\Lib\site-packages\sklearn\cluster\_kmeans.py:1429: UserWarning: KMeans is known to have a memory leak on Windows with MKL, when there are less chunks than available threads. You can avoid it by setting the environment variable OMP_NUM_THREADS=1.
  warnings.warn(
[codecarbon INFO @ 19:59:48] [setup] RAM Tracking...
[codecarbon INFO @ 19:59:48] [setup] CPU Tracking...
[codecarbon WARNING @ 19:59:48] No CPU tracking mode found. Falling back on CPU constant mode. 
 Windows OS detected: Please install Intel Power Gadget to measure CPU

[codecarbon INFO @ 19:59:50] CPU Model on constant consumption mode: Intel(R) Xeon(R) Gold 6258R CPU @ 2.70GHz
[codecarbon INFO @ 19:59:50] [setup] GPU Tracking...
[codecarbon INFO @ 19:59:50] Tracking Nvidia GPU via pynvml
[codecarbon INFO @ 19:59:50] >>> Tracker's metadata:
[codecarbon INFO @ 19:59:50]   Platform system: Windows-11-10.0.22631-SP0
[codecarbon INFO @ 19:59:50]   Python version: 3.12.7
[codecarbon INFO @ 19:59:50]   CodeCarbon version: 2.8.3
[codecarbon INFO @ 19:59:50]   Available RAM : 126.630 GB
[codecarbon INFO @ 19:59:50]   CPU count: 56
[codecarbon INFO @ 19:59:50]   CPU model: Intel(R) Xeon(R) Gold 6258R CPU @ 2.70GHz
[codecarbon INFO @ 19:59:50]   GPU count: 2
[codecarbon INFO @ 19:59:50]   GPU model: 2 x NVIDIA RTX A5000
[codecarbon INFO @ 19:59:53] Saving emissions data to file C:\Users\pr8pf\Documents\GitHub\SplitFed\emissions.csv
[codecarbon INFO @ 19:59:54] Energy consumed for RAM : 0.000010 kWh. RAM Power : 47.48608875274658 W
[codecarbon INFO @ 19:59:54] Energy consumed for all CPUs : 0.000022 kWh. Total CPU Power : 102.50000000000001 W
[codecarbon INFO @ 19:59:54] Energy consumed for all GPUs : 0.000003 kWh. Total GPU Power : 15.076239673103311 W
[codecarbon INFO @ 19:59:54] 0.000035 kWh of electricity used since the beginning.
[codecarbon INFO @ 20:00:49] [setup] RAM Tracking...
[codecarbon INFO @ 20:00:49] [setup] CPU Tracking...
[codecarbon WARNING @ 20:00:49] No CPU tracking mode found. Falling back on CPU constant mode. 
 Windows OS detected: Please install Intel Power Gadget to measure CPU

[codecarbon INFO @ 20:00:50] CPU Model on constant consumption mode: Intel(R) Xeon(R) Gold 6258R CPU @ 2.70GHz
[codecarbon INFO @ 20:00:50] [setup] GPU Tracking...
[codecarbon INFO @ 20:00:50] Tracking Nvidia GPU via pynvml
[codecarbon INFO @ 20:00:50] >>> Tracker's metadata:
[codecarbon INFO @ 20:00:50]   Platform system: Windows-11-10.0.22631-SP0
[codecarbon INFO @ 20:00:50]   Python version: 3.12.7
[codecarbon INFO @ 20:00:50]   CodeCarbon version: 2.8.3
[codecarbon INFO @ 20:00:50]   Available RAM : 126.630 GB
[codecarbon INFO @ 20:00:50]   CPU count: 56
[codecarbon INFO @ 20:00:50]   CPU model: Intel(R) Xeon(R) Gold 6258R CPU @ 2.70GHz
[codecarbon INFO @ 20:00:50]   GPU count: 2
[codecarbon INFO @ 20:00:50]   GPU model: 2 x NVIDIA RTX A5000
[codecarbon INFO @ 20:00:53] Saving emissions data to file C:\Users\pr8pf\Documents\GitHub\SplitFed\emissions.csv
[codecarbon INFO @ 20:00:54] Energy consumed for RAM : 0.000009 kWh. RAM Power : 47.48608875274658 W
[codecarbon INFO @ 20:00:54] Energy consumed for all CPUs : 0.000019 kWh. Total CPU Power : 102.50000000000001 W
[codecarbon INFO @ 20:00:54] Energy consumed for all GPUs : 0.000003 kWh. Total GPU Power : 17.6783044712609 W
[codecarbon INFO @ 20:00:54] 0.000031 kWh of electricity used since the beginning.
C:\Users\pr8pf\AppData\Local\anaconda3\Lib\site-packages\sklearn\cluster\_kmeans.py:1429: UserWarning: KMeans is known to have a memory leak on Windows with MKL, when there are less chunks than available threads. You can avoid it by setting the environment variable OMP_NUM_THREADS=1.
  warnings.warn(
C:\Users\pr8pf\AppData\Local\anaconda3\Lib\site-packages\sklearn\cluster\_kmeans.py:1429: UserWarning: KMeans is known to have a memory leak on Windows with MKL, when there are less chunks than available threads. You can avoid it by setting the environment variable OMP_NUM_THREADS=1.
  warnings.warn(
[codecarbon INFO @ 20:28:10] [setup] RAM Tracking...
[codecarbon INFO @ 20:28:10] [setup] CPU Tracking...
[codecarbon WARNING @ 20:28:10] No CPU tracking mode found. Falling back on CPU constant mode. 
 Windows OS detected: Please install Intel Power Gadget to measure CPU

[codecarbon INFO @ 20:28:12] CPU Model on constant consumption mode: Intel(R) Xeon(R) Gold 6258R CPU @ 2.70GHz
[codecarbon INFO @ 20:28:12] [setup] GPU Tracking...
[codecarbon INFO @ 20:28:12] Tracking Nvidia GPU via pynvml
[codecarbon INFO @ 20:28:12] >>> Tracker's metadata:
[codecarbon INFO @ 20:28:12]   Platform system: Windows-11-10.0.22631-SP0
[codecarbon INFO @ 20:28:12]   Python version: 3.12.7
[codecarbon INFO @ 20:28:12]   CodeCarbon version: 2.8.3
[codecarbon INFO @ 20:28:12]   Available RAM : 126.630 GB
[codecarbon INFO @ 20:28:12]   CPU count: 56
[codecarbon INFO @ 20:28:12]   CPU model: Intel(R) Xeon(R) Gold 6258R CPU @ 2.70GHz
[codecarbon INFO @ 20:28:12]   GPU count: 2
[codecarbon INFO @ 20:28:12]   GPU model: 2 x NVIDIA RTX A5000
[codecarbon INFO @ 20:28:15] Saving emissions data to file C:\Users\pr8pf\Documents\GitHub\SplitFed\emissions.csv
[codecarbon INFO @ 20:28:16] Energy consumed for RAM : 0.000012 kWh. RAM Power : 47.48608875274658 W
[codecarbon INFO @ 20:28:16] Energy consumed for all CPUs : 0.000025 kWh. Total CPU Power : 102.50000000000001 W
[codecarbon INFO @ 20:28:16] Energy consumed for all GPUs : 0.000004 kWh. Total GPU Power : 17.312276586114834 W
[codecarbon INFO @ 20:28:16] 0.000041 kWh of electricity used since the beginning.
[codecarbon INFO @ 20:29:12] [setup] RAM Tracking...
[codecarbon INFO @ 20:29:12] [setup] CPU Tracking...
[codecarbon WARNING @ 20:29:12] No CPU tracking mode found. Falling back on CPU constant mode. 
 Windows OS detected: Please install Intel Power Gadget to measure CPU

[codecarbon INFO @ 20:29:13] CPU Model on constant consumption mode: Intel(R) Xeon(R) Gold 6258R CPU @ 2.70GHz
[codecarbon INFO @ 20:29:13] [setup] GPU Tracking...
[codecarbon INFO @ 20:29:13] Tracking Nvidia GPU via pynvml
[codecarbon INFO @ 20:29:13] >>> Tracker's metadata:
[codecarbon INFO @ 20:29:13]   Platform system: Windows-11-10.0.22631-SP0
[codecarbon INFO @ 20:29:13]   Python version: 3.12.7
[codecarbon INFO @ 20:29:13]   CodeCarbon version: 2.8.3
[codecarbon INFO @ 20:29:13]   Available RAM : 126.630 GB
[codecarbon INFO @ 20:29:13]   CPU count: 56
[codecarbon INFO @ 20:29:13]   CPU model: Intel(R) Xeon(R) Gold 6258R CPU @ 2.70GHz
[codecarbon INFO @ 20:29:13]   GPU count: 2
[codecarbon INFO @ 20:29:13]   GPU model: 2 x NVIDIA RTX A5000
[codecarbon INFO @ 20:29:16] Saving emissions data to file C:\Users\pr8pf\Documents\GitHub\SplitFed\emissions.csv
[codecarbon INFO @ 20:29:17] Energy consumed for RAM : 0.000009 kWh. RAM Power : 47.48608875274658 W
[codecarbon INFO @ 20:29:17] Energy consumed for all CPUs : 0.000019 kWh. Total CPU Power : 102.50000000000001 W
[codecarbon INFO @ 20:29:17] Energy consumed for all GPUs : 0.000004 kWh. Total GPU Power : 20.269196098661116 W
[codecarbon INFO @ 20:29:17] 0.000031 kWh of electricity used since the beginning.

[91m Client4 Train => Local Epoch: 3 / 5 	Acc: 93.457 	Loss: 0.2157[00m
[91m Client4 Train => Local Epoch: 4 / 5 	Acc: 92.871 	Loss: 0.2328[00m
[92m  Client4 Test => 	Acc: 70.555 	Loss: 1.0519[00m
[91m Client5 Train => Local Epoch: 0 / 5 	Acc: 83.464 	Loss: 0.5074[00m
[91m Client5 Train => Local Epoch: 1 / 5 	Acc: 87.630 	Loss: 0.3640[00m
[91m Client5 Train => Local Epoch: 2 / 5 	Acc: 89.193 	Loss: 0.3347[00m
[91m Client5 Train => Local Epoch: 3 / 5 	Acc: 91.797 	Loss: 0.2466[00m
[91m Client5 Train => Local Epoch: 4 / 5 	Acc: 93.099 	Loss: 0.2330[00m
[92m  Client5 Test => 	Acc: 69.336 	Loss: 1.6481[00m
[91m Client6 Train => Local Epoch: 0 / 5 	Acc: 79.594 	Loss: 0.6039[00m
[91m Client6 Train => Local Epoch: 1 / 5 	Acc: 87.031 	Loss: 0.3895[00m
[91m Client6 Train => Local Epoch: 2 / 5 	Acc: 89.406 	Loss: 0.3343[00m
[91m Client6 Train => Local Epoch: 3 / 5 	Acc: 91.594 	Loss: 0.2655[00m
[91m Client6 Train => Local Epoch: 4 / 5 	Acc: 92.219 	Loss: 0.2378[00m
[92m  Client6 Test => 	Acc: 76.471 	Loss: 0.7389[00m
[91m Client7 Train => Local Epoch: 0 / 5 	Acc: 74.453 	Loss: 0.7571[00m
[91m Client7 Train => Local Epoch: 1 / 5 	Acc: 85.234 	Loss: 0.5109[00m
[91m Client7 Train => Local Epoch: 2 / 5 	Acc: 86.797 	Loss: 0.4265[00m
[91m Client7 Train => Local Epoch: 3 / 5 	Acc: 88.984 	Loss: 0.3520[00m
[91m Client7 Train => Local Epoch: 4 / 5 	Acc: 83.281 	Loss: 0.5241[00m
[92m  Client7 Test => 	Acc: 65.810 	Loss: 1.1361[00m
[91m Client8 Train => Local Epoch: 0 / 5 	Acc: 79.297 	Loss: 0.6482[00m
[91m Client8 Train => Local Epoch: 1 / 5 	Acc: 86.458 	Loss: 0.4299[00m
[91m Client8 Train => Local Epoch: 2 / 5 	Acc: 90.104 	Loss: 0.3074[00m
[91m Client8 Train => Local Epoch: 3 / 5 	Acc: 92.057 	Loss: 0.2574[00m
[91m Client8 Train => Local Epoch: 4 / 5 	Acc: 95.573 	Loss: 0.1654[00m
[92m  Client8 Test => 	Acc: 66.129 	Loss: 1.5020[00m
[91m Client9 Train => Local Epoch: 0 / 5 	Acc: 82.632 	Loss: 0.5442[00m
[91m Client9 Train => Local Epoch: 1 / 5 	Acc: 86.599 	Loss: 0.4155[00m
[91m Client9 Train => Local Epoch: 2 / 5 	Acc: 88.942 	Loss: 0.3592[00m
[91m Client9 Train => Local Epoch: 3 / 5 	Acc: 91.466 	Loss: 0.2737[00m
[91m Client9 Train => Local Epoch: 4 / 5 	Acc: 91.887 	Loss: 0.2386[00m
[92m  Client9 Test => 	Acc: 75.695 	Loss: 0.8279[00m
------------------------------------------------
------ Federation process at Server-Side ------- 
------------------------------------------------
-----------------------------------------------------------
------ FedServer: Federation process at Client-Side ------- 
-----------------------------------------------------------
[1. 1. 1. 1. 1. 1. 0. 1. 1. 1.]
Client-side aggregation done
[1. 1. 1. 1. 1. 1. 0. 1. 1. 1.]
Server-side aggregation done
[92m  Client0 Test => 	Acc: 79.970 	Loss: 0.6004[00m
 Train: Round   6, Avg Accuracy 85.974 | Avg Loss 0.431
[91m Client0 Train => Local Epoch: 0 / 5 	Acc: 29.176 	Loss: 2.5491[00m
[91m Client0 Train => Local Epoch: 1 / 5 	Acc: 30.280 	Loss: 3.4078[00m
[91m Client0 Train => Local Epoch: 2 / 5 	Acc: 32.920 	Loss: 2.5793[00m
[91m Client0 Train => Local Epoch: 3 / 5 	Acc: 34.941 	Loss: 2.6438[00m
[91m Client0 Train => Local Epoch: 4 / 5 	Acc: 36.611 	Loss: 1.8670[00m
[92m  Client0 Test => 	Acc: 12.328 	Loss: 3.2419[00m
[91m Client1 Train => Local Epoch: 0 / 5 	Acc: 84.288 	Loss: 0.4434[00m
[91m Client1 Train => Local Epoch: 1 / 5 	Acc: 90.451 	Loss: 0.3055[00m
[91m Client1 Train => Local Epoch: 2 / 5 	Acc: 88.802 	Loss: 0.3225[00m
[91m Client1 Train => Local Epoch: 3 / 5 	Acc: 89.410 	Loss: 0.2938[00m
[91m Client1 Train => Local Epoch: 4 / 5 	Acc: 90.278 	Loss: 0.2955[00m
[92m  Client1 Test => 	Acc: 71.403 	Loss: 1.1926[00m
[91m Client2 Train => Local Epoch: 0 / 5 	Acc: 89.757 	Loss: 0.3166[00m
[91m Client2 Train => Local Epoch: 1 / 5 	Acc: 91.406 	Loss: 0.2374[00m
[91m Client2 Train => Local Epoch: 2 / 5 	Acc: 92.622 	Loss: 0.2308[00m
[91m Client2 Train => Local Epoch: 3 / 5 	Acc: 90.191 	Loss: 0.2859[00m
[91m Client2 Train => Local Epoch: 4 / 5 	Acc: 92.708 	Loss: 0.2312[00m
[92m  Client2 Test => 	Acc: 79.806 	Loss: 0.8855[00m
[91m Client3 Train => Local Epoch: 0 / 5 	Acc: 90.625 	Loss: 0.3007[00m
[91m Client3 Train => Local Epoch: 1 / 5 	Acc: 92.188 	Loss: 0.2558[00m
[91m Client3 Train => Local Epoch: 2 / 5 	Acc: 92.795 	Loss: 0.2268[00m
[91m Client3 Train => Local Epoch: 3 / 5 	Acc: 93.012 	Loss: 0.2377[00m
[91m Client3 Train => Local Epoch: 4 / 5 	Acc: 93.099 	Loss: 0.2151[00m
[92m  Client3 Test => 	Acc: 76.949 	Loss: 0.9332[00m
[91m Client4 Train => Local Epoch: 0 / 5 	Acc: 89.844 	Loss: 0.2967[00m
[91m Client4 Train => Local Epoch: 1 / 5 	Acc: 93.066 	Loss: 0.2126[00m
[91m Client4 Train => Local Epoch: 2 / 5 	Acc: 93.164 	Loss: 0.2051[00m
[91m Client4 Train => Local Epoch: 3 / 5 	Acc: 93.359 	Loss: 0.1771[00m
[91m Client4 Train => Local Epoch: 4 / 5 	Acc: 95.703 	Loss: 0.1466[00m
[92m  Client4 Test => 	Acc: 75.870 	Loss: 0.9272[00m
[91m Client5 Train => Local Epoch: 0 / 5 	Acc: 89.062 	Loss: 0.3077[00m
[91m Client5 Train => Local Epoch: 1 / 5 	Acc: 92.708 	Loss: 0.2225[00m
[91m Client5 Train => Local Epoch: 2 / 5 	Acc: 91.536 	Loss: 0.2421[00m
[91m Client5 Train => Local Epoch: 3 / 5 	Acc: 90.755 	Loss: 0.3213[00m
[91m Client5 Train => Local Epoch: 4 / 5 	Acc: 90.365 	Loss: 0.3068[00m
[92m  Client5 Test => 	Acc: 68.186 	Loss: 1.3331[00m
[91m Client6 Train => Local Epoch: 0 / 5 	Acc: 86.469 	Loss: 0.4320[00m
[91m Client6 Train => Local Epoch: 1 / 5 	Acc: 90.438 	Loss: 0.2946[00m
[91m Client6 Train => Local Epoch: 2 / 5 	Acc: 91.000 	Loss: 0.2794[00m
[91m Client6 Train => Local Epoch: 3 / 5 	Acc: 92.250 	Loss: 0.2677[00m
[91m Client6 Train => Local Epoch: 4 / 5 	Acc: 93.156 	Loss: 0.2141[00m
[92m  Client6 Test => 	Acc: 80.915 	Loss: 0.6070[00m
[91m Client7 Train => Local Epoch: 0 / 5 	Acc: 84.141 	Loss: 0.5177[00m
[91m Client7 Train => Local Epoch: 1 / 5 	Acc: 89.062 	Loss: 0.3773[00m
[91m Client7 Train => Local Epoch: 2 / 5 	Acc: 90.234 	Loss: 0.3014[00m
[91m Client7 Train => Local Epoch: 3 / 5 	Acc: 92.266 	Loss: 0.2293[00m
[91m Client7 Train => Local Epoch: 4 / 5 	Acc: 87.578 	Loss: 0.3968[00m
[92m  Client7 Test => 	Acc: 77.773 	Loss: 0.8016[00m
[91m Client8 Train => Local Epoch: 0 / 5 	Acc: 86.979 	Loss: 0.4613[00m
[91m Client8 Train => Local Epoch: 1 / 5 	Acc: 92.057 	Loss: 0.2584[00m
[91m Client8 Train => Local Epoch: 2 / 5 	Acc: 95.443 	Loss: 0.1444[00m
[91m Client8 Train => Local Epoch: 3 / 5 	Acc: 95.573 	Loss: 0.1240[00m
[91m Client8 Train => Local Epoch: 4 / 5 	Acc: 94.792 	Loss: 0.1420[00m
[92m  Client8 Test => 	Acc: 69.322 	Loss: 1.5039[00m
[91m Client9 Train => Local Epoch: 0 / 5 	Acc: 87.921 	Loss: 0.3963[00m
[91m Client9 Train => Local Epoch: 1 / 5 	Acc: 90.685 	Loss: 0.3121[00m
[91m Client9 Train => Local Epoch: 2 / 5 	Acc: 91.887 	Loss: 0.2488[00m
[91m Client9 Train => Local Epoch: 3 / 5 	Acc: 80.048 	Loss: 0.6926[00m
[91m Client9 Train => Local Epoch: 4 / 5 	Acc: 87.921 	Loss: 0.4052[00m
[92m  Client9 Test => 	Acc: 68.148 	Loss: 1.2486[00m
------------------------------------------------
------ Federation process at Server-Side ------- 
------------------------------------------------
-----------------------------------------------------------
------ FedServer: Federation process at Client-Side ------- 
-----------------------------------------------------------
[1. 1. 1. 1. 1. 1. 0. 1. 1. 1.]
Client-side aggregation done
[1. 1. 1. 1. 1. 1. 0. 1. 1. 1.]
Server-side aggregation done
[92m  Client0 Test => 	Acc: 74.985 	Loss: 0.7967[00m
 Train: Round   7, Avg Accuracy 86.221 | Avg Loss 0.422
[91m Client0 Train => Local Epoch: 0 / 5 	Acc: 35.938 	Loss: 1.8933[00m
[91m Client0 Train => Local Epoch: 1 / 5 	Acc: 37.635 	Loss: 1.8516[00m
[91m Client0 Train => Local Epoch: 2 / 5 	Acc: 37.958 	Loss: 1.8500[00m
[91m Client0 Train => Local Epoch: 3 / 5 	Acc: 38.524 	Loss: 1.8349[00m
[91m Client0 Train => Local Epoch: 4 / 5 	Acc: 38.443 	Loss: 1.8314[00mC:\Users\pr8pf\AppData\Local\anaconda3\Lib\site-packages\sklearn\cluster\_kmeans.py:1429: UserWarning: KMeans is known to have a memory leak on Windows with MKL, when there are less chunks than available threads. You can avoid it by setting the environment variable OMP_NUM_THREADS=1.
  warnings.warn(
C:\Users\pr8pf\AppData\Local\anaconda3\Lib\site-packages\sklearn\cluster\_kmeans.py:1429: UserWarning: KMeans is known to have a memory leak on Windows with MKL, when there are less chunks than available threads. You can avoid it by setting the environment variable OMP_NUM_THREADS=1.
  warnings.warn(
[codecarbon INFO @ 20:56:29] [setup] RAM Tracking...
[codecarbon INFO @ 20:56:29] [setup] CPU Tracking...
[codecarbon WARNING @ 20:56:29] No CPU tracking mode found. Falling back on CPU constant mode. 
 Windows OS detected: Please install Intel Power Gadget to measure CPU

[codecarbon INFO @ 20:56:31] CPU Model on constant consumption mode: Intel(R) Xeon(R) Gold 6258R CPU @ 2.70GHz
[codecarbon INFO @ 20:56:31] [setup] GPU Tracking...
[codecarbon INFO @ 20:56:31] Tracking Nvidia GPU via pynvml
[codecarbon INFO @ 20:56:31] >>> Tracker's metadata:
[codecarbon INFO @ 20:56:31]   Platform system: Windows-11-10.0.22631-SP0
[codecarbon INFO @ 20:56:31]   Python version: 3.12.7
[codecarbon INFO @ 20:56:31]   CodeCarbon version: 2.8.3
[codecarbon INFO @ 20:56:31]   Available RAM : 126.630 GB
[codecarbon INFO @ 20:56:31]   CPU count: 56
[codecarbon INFO @ 20:56:31]   CPU model: Intel(R) Xeon(R) Gold 6258R CPU @ 2.70GHz
[codecarbon INFO @ 20:56:31]   GPU count: 2
[codecarbon INFO @ 20:56:31]   GPU model: 2 x NVIDIA RTX A5000
[codecarbon INFO @ 20:56:34] Saving emissions data to file C:\Users\pr8pf\Documents\GitHub\SplitFed\emissions.csv
[codecarbon INFO @ 20:56:34] Energy consumed for RAM : 0.000010 kWh. RAM Power : 47.48608875274658 W
[codecarbon INFO @ 20:56:34] Energy consumed for all CPUs : 0.000021 kWh. Total CPU Power : 102.50000000000001 W
[codecarbon INFO @ 20:56:34] Energy consumed for all GPUs : 0.000003 kWh. Total GPU Power : 15.605162196947445 W
[codecarbon INFO @ 20:56:34] 0.000034 kWh of electricity used since the beginning.
[codecarbon INFO @ 20:57:31] [setup] RAM Tracking...
[codecarbon INFO @ 20:57:31] [setup] CPU Tracking...
[codecarbon WARNING @ 20:57:31] No CPU tracking mode found. Falling back on CPU constant mode. 
 Windows OS detected: Please install Intel Power Gadget to measure CPU

[codecarbon INFO @ 20:57:33] CPU Model on constant consumption mode: Intel(R) Xeon(R) Gold 6258R CPU @ 2.70GHz
[codecarbon INFO @ 20:57:33] [setup] GPU Tracking...
[codecarbon INFO @ 20:57:33] Tracking Nvidia GPU via pynvml
[codecarbon INFO @ 20:57:33] >>> Tracker's metadata:
[codecarbon INFO @ 20:57:33]   Platform system: Windows-11-10.0.22631-SP0
[codecarbon INFO @ 20:57:33]   Python version: 3.12.7
[codecarbon INFO @ 20:57:33]   CodeCarbon version: 2.8.3
[codecarbon INFO @ 20:57:33]   Available RAM : 126.630 GB
[codecarbon INFO @ 20:57:33]   CPU count: 56
[codecarbon INFO @ 20:57:33]   CPU model: Intel(R) Xeon(R) Gold 6258R CPU @ 2.70GHz
[codecarbon INFO @ 20:57:33]   GPU count: 2
[codecarbon INFO @ 20:57:33]   GPU model: 2 x NVIDIA RTX A5000
[codecarbon INFO @ 20:57:36] Saving emissions data to file C:\Users\pr8pf\Documents\GitHub\SplitFed\emissions.csv
[codecarbon INFO @ 20:57:36] Energy consumed for RAM : 0.000009 kWh. RAM Power : 47.48608875274658 W
[codecarbon INFO @ 20:57:36] Energy consumed for all CPUs : 0.000020 kWh. Total CPU Power : 102.50000000000001 W
[codecarbon INFO @ 20:57:36] Energy consumed for all GPUs : 0.000003 kWh. Total GPU Power : 17.30170045864372 W
[codecarbon INFO @ 20:57:36] 0.000032 kWh of electricity used since the beginning.

[92m  Client0 Test => 	Acc: 46.745 	Loss: 1.9282[00m
[91m Client1 Train => Local Epoch: 0 / 5 	Acc: 82.812 	Loss: 0.5523[00m
[91m Client1 Train => Local Epoch: 1 / 5 	Acc: 90.972 	Loss: 0.2892[00m
[91m Client1 Train => Local Epoch: 2 / 5 	Acc: 90.885 	Loss: 0.2920[00m
[91m Client1 Train => Local Epoch: 3 / 5 	Acc: 92.014 	Loss: 0.2610[00m
[91m Client1 Train => Local Epoch: 4 / 5 	Acc: 94.010 	Loss: 0.1712[00m
[92m  Client1 Test => 	Acc: 69.370 	Loss: 1.7744[00m
[91m Client2 Train => Local Epoch: 0 / 5 	Acc: 87.240 	Loss: 0.4628[00m
[91m Client2 Train => Local Epoch: 1 / 5 	Acc: 89.149 	Loss: 0.3427[00m
[91m Client2 Train => Local Epoch: 2 / 5 	Acc: 91.493 	Loss: 0.2413[00m
[91m Client2 Train => Local Epoch: 3 / 5 	Acc: 93.750 	Loss: 0.1805[00m
[91m Client2 Train => Local Epoch: 4 / 5 	Acc: 95.833 	Loss: 0.1318[00m
[92m  Client2 Test => 	Acc: 81.615 	Loss: 0.8576[00m
[91m Client3 Train => Local Epoch: 0 / 5 	Acc: 91.276 	Loss: 0.2999[00m
[91m Client3 Train => Local Epoch: 1 / 5 	Acc: 92.231 	Loss: 0.2493[00m
[91m Client3 Train => Local Epoch: 2 / 5 	Acc: 92.925 	Loss: 0.2235[00m
[91m Client3 Train => Local Epoch: 3 / 5 	Acc: 94.878 	Loss: 0.1559[00m
[91m Client3 Train => Local Epoch: 4 / 5 	Acc: 94.227 	Loss: 0.1753[00m
[92m  Client3 Test => 	Acc: 79.572 	Loss: 0.7491[00m
[91m Client4 Train => Local Epoch: 0 / 5 	Acc: 91.602 	Loss: 0.3072[00m
[91m Client4 Train => Local Epoch: 1 / 5 	Acc: 94.141 	Loss: 0.1811[00m
[91m Client4 Train => Local Epoch: 2 / 5 	Acc: 95.020 	Loss: 0.1558[00m
[91m Client4 Train => Local Epoch: 3 / 5 	Acc: 95.117 	Loss: 0.1418[00m
[91m Client4 Train => Local Epoch: 4 / 5 	Acc: 96.484 	Loss: 0.1185[00m
[92m  Client4 Test => 	Acc: 79.695 	Loss: 0.7597[00m
[91m Client5 Train => Local Epoch: 0 / 5 	Acc: 85.677 	Loss: 0.4653[00m
[91m Client5 Train => Local Epoch: 1 / 5 	Acc: 92.448 	Loss: 0.2771[00m
[91m Client5 Train => Local Epoch: 2 / 5 	Acc: 90.495 	Loss: 0.2571[00m
[91m Client5 Train => Local Epoch: 3 / 5 	Acc: 92.578 	Loss: 0.2236[00m
[91m Client5 Train => Local Epoch: 4 / 5 	Acc: 95.182 	Loss: 0.1513[00m
[92m  Client5 Test => 	Acc: 67.726 	Loss: 1.7059[00m
[91m Client6 Train => Local Epoch: 0 / 5 	Acc: 86.812 	Loss: 0.4082[00m
[91m Client6 Train => Local Epoch: 1 / 5 	Acc: 89.531 	Loss: 0.3299[00m
[91m Client6 Train => Local Epoch: 2 / 5 	Acc: 91.938 	Loss: 0.2461[00m
[91m Client6 Train => Local Epoch: 3 / 5 	Acc: 94.031 	Loss: 0.2011[00m
[91m Client6 Train => Local Epoch: 4 / 5 	Acc: 93.719 	Loss: 0.1956[00m
[92m  Client6 Test => 	Acc: 79.796 	Loss: 0.6272[00m
[91m Client7 Train => Local Epoch: 0 / 5 	Acc: 81.484 	Loss: 0.5738[00m
[91m Client7 Train => Local Epoch: 1 / 5 	Acc: 88.281 	Loss: 0.3465[00m
[91m Client7 Train => Local Epoch: 2 / 5 	Acc: 90.234 	Loss: 0.3238[00m
[91m Client7 Train => Local Epoch: 3 / 5 	Acc: 93.281 	Loss: 0.2080[00m
[91m Client7 Train => Local Epoch: 4 / 5 	Acc: 94.375 	Loss: 0.1760[00m
[92m  Client7 Test => 	Acc: 78.799 	Loss: 0.9190[00m
[91m Client8 Train => Local Epoch: 0 / 5 	Acc: 85.417 	Loss: 0.5146[00m
[91m Client8 Train => Local Epoch: 1 / 5 	Acc: 90.104 	Loss: 0.3463[00m
[91m Client8 Train => Local Epoch: 2 / 5 	Acc: 90.625 	Loss: 0.2710[00m
[91m Client8 Train => Local Epoch: 3 / 5 	Acc: 93.750 	Loss: 0.1986[00m
[91m Client8 Train => Local Epoch: 4 / 5 	Acc: 95.703 	Loss: 0.1297[00m
[92m  Client8 Test => 	Acc: 73.453 	Loss: 1.1861[00m
[91m Client9 Train => Local Epoch: 0 / 5 	Acc: 87.921 	Loss: 0.3997[00m
[91m Client9 Train => Local Epoch: 1 / 5 	Acc: 92.248 	Loss: 0.2411[00m
[91m Client9 Train => Local Epoch: 2 / 5 	Acc: 94.291 	Loss: 0.1851[00m
[91m Client9 Train => Local Epoch: 3 / 5 	Acc: 94.952 	Loss: 0.1715[00m
[91m Client9 Train => Local Epoch: 4 / 5 	Acc: 95.312 	Loss: 0.1512[00m
[92m  Client9 Test => 	Acc: 78.007 	Loss: 0.6552[00m
------------------------------------------------
------ Federation process at Server-Side ------- 
------------------------------------------------
-----------------------------------------------------------
------ FedServer: Federation process at Client-Side ------- 
-----------------------------------------------------------
[1. 1. 1. 1. 1. 1. 0. 1. 1. 1.]
Client-side aggregation done
[1. 1. 1. 1. 1. 1. 0. 1. 1. 1.]
Server-side aggregation done
[92m  Client0 Test => 	Acc: 86.041 	Loss: 0.4257[00m
 Train: Round   8, Avg Accuracy 89.329 | Avg Loss 0.323
[91m Client0 Train => Local Epoch: 0 / 5 	Acc: 36.853 	Loss: 1.8739[00m
[91m Client0 Train => Local Epoch: 1 / 5 	Acc: 38.039 	Loss: 1.8511[00m
[91m Client0 Train => Local Epoch: 2 / 5 	Acc: 37.823 	Loss: 1.8420[00m
[91m Client0 Train => Local Epoch: 3 / 5 	Acc: 38.470 	Loss: 1.8320[00m
[91m Client0 Train => Local Epoch: 4 / 5 	Acc: 38.901 	Loss: 1.8352[00m
[92m  Client0 Test => 	Acc: 62.098 	Loss: 1.0771[00m
[91m Client1 Train => Local Epoch: 0 / 5 	Acc: 89.670 	Loss: 0.3057[00m
[91m Client1 Train => Local Epoch: 1 / 5 	Acc: 92.448 	Loss: 0.2290[00m
[91m Client1 Train => Local Epoch: 2 / 5 	Acc: 92.708 	Loss: 0.2278[00m
[91m Client1 Train => Local Epoch: 3 / 5 	Acc: 95.052 	Loss: 0.1536[00m
[91m Client1 Train => Local Epoch: 4 / 5 	Acc: 96.615 	Loss: 0.1090[00m
[92m  Client1 Test => 	Acc: 77.509 	Loss: 1.0796[00m
[91m Client2 Train => Local Epoch: 0 / 5 	Acc: 93.750 	Loss: 0.1923[00m
[91m Client2 Train => Local Epoch: 1 / 5 	Acc: 95.226 	Loss: 0.1551[00m
[91m Client2 Train => Local Epoch: 2 / 5 	Acc: 95.052 	Loss: 0.1469[00m
[91m Client2 Train => Local Epoch: 3 / 5 	Acc: 93.750 	Loss: 0.1863[00m
[91m Client2 Train => Local Epoch: 4 / 5 	Acc: 96.528 	Loss: 0.1173[00m
[92m  Client2 Test => 	Acc: 81.941 	Loss: 0.6566[00m
[91m Client3 Train => Local Epoch: 0 / 5 	Acc: 94.010 	Loss: 0.1825[00m
[91m Client3 Train => Local Epoch: 1 / 5 	Acc: 95.703 	Loss: 0.1371[00m
[91m Client3 Train => Local Epoch: 2 / 5 	Acc: 94.444 	Loss: 0.1839[00m
[91m Client3 Train => Local Epoch: 3 / 5 	Acc: 95.616 	Loss: 0.1339[00m
[91m Client3 Train => Local Epoch: 4 / 5 	Acc: 95.747 	Loss: 0.1360[00m
[92m  Client3 Test => 	Acc: 75.162 	Loss: 1.1949[00m
[91m Client4 Train => Local Epoch: 0 / 5 	Acc: 95.508 	Loss: 0.1500[00m
[91m Client4 Train => Local Epoch: 1 / 5 	Acc: 96.387 	Loss: 0.1063[00m
[91m Client4 Train => Local Epoch: 2 / 5 	Acc: 95.117 	Loss: 0.1468[00m
[91m Client4 Train => Local Epoch: 3 / 5 	Acc: 95.703 	Loss: 0.1209[00m
[91m Client4 Train => Local Epoch: 4 / 5 	Acc: 96.191 	Loss: 0.1203[00m
[92m  Client4 Test => 	Acc: 77.262 	Loss: 0.9787[00m
[91m Client5 Train => Local Epoch: 0 / 5 	Acc: 93.880 	Loss: 0.2159[00m
[91m Client5 Train => Local Epoch: 1 / 5 	Acc: 94.531 	Loss: 0.1667[00m
[91m Client5 Train => Local Epoch: 2 / 5 	Acc: 95.312 	Loss: 0.1473[00m
[91m Client5 Train => Local Epoch: 3 / 5 	Acc: 96.484 	Loss: 0.1128[00m
[91m Client5 Train => Local Epoch: 4 / 5 	Acc: 96.484 	Loss: 0.0863[00m
[92m  Client5 Test => 	Acc: 78.687 	Loss: 1.1041[00m
[91m Client6 Train => Local Epoch: 0 / 5 	Acc: 91.438 	Loss: 0.2957[00m
[91m Client6 Train => Local Epoch: 1 / 5 	Acc: 93.438 	Loss: 0.2027[00m
[91m Client6 Train => Local Epoch: 2 / 5 	Acc: 94.844 	Loss: 0.1755[00m
[91m Client6 Train => Local Epoch: 3 / 5 	Acc: 93.781 	Loss: 0.1915[00m
[91m Client6 Train => Local Epoch: 4 / 5 	Acc: 94.844 	Loss: 0.1841[00m
[92m  Client6 Test => 	Acc: 84.122 	Loss: 0.5144[00m
[91m Client7 Train => Local Epoch: 0 / 5 	Acc: 90.469 	Loss: 0.2852[00m
[91m Client7 Train => Local Epoch: 1 / 5 	Acc: 94.531 	Loss: 0.1893[00m
[91m Client7 Train => Local Epoch: 2 / 5 	Acc: 92.109 	Loss: 0.2292[00m
[91m Client7 Train => Local Epoch: 3 / 5 	Acc: 92.188 	Loss: 0.2244[00m
[91m Client7 Train => Local Epoch: 4 / 5 	Acc: 94.922 	Loss: 0.1556[00m
[92m  Client7 Test => 	Acc: 82.652 	Loss: 0.6897[00m
[91m Client8 Train => Local Epoch: 0 / 5 	Acc: 92.188 	Loss: 0.2441[00m
[91m Client8 Train => Local Epoch: 1 / 5 	Acc: 97.526 	Loss: 0.1133[00m
[91m Client8 Train => Local Epoch: 2 / 5 	Acc: 96.875 	Loss: 0.1004[00m
[91m Client8 Train => Local Epoch: 3 / 5 	Acc: 97.656 	Loss: 0.0755[00mC:\Users\pr8pf\AppData\Local\anaconda3\Lib\site-packages\sklearn\cluster\_kmeans.py:1429: UserWarning: KMeans is known to have a memory leak on Windows with MKL, when there are less chunks than available threads. You can avoid it by setting the environment variable OMP_NUM_THREADS=1.
  warnings.warn(
C:\Users\pr8pf\AppData\Local\anaconda3\Lib\site-packages\sklearn\cluster\_kmeans.py:1429: UserWarning: KMeans is known to have a memory leak on Windows with MKL, when there are less chunks than available threads. You can avoid it by setting the environment variable OMP_NUM_THREADS=1.
  warnings.warn(
[codecarbon INFO @ 21:25:05] [setup] RAM Tracking...
[codecarbon INFO @ 21:25:05] [setup] CPU Tracking...
[codecarbon WARNING @ 21:25:05] No CPU tracking mode found. Falling back on CPU constant mode. 
 Windows OS detected: Please install Intel Power Gadget to measure CPU

[codecarbon INFO @ 21:25:06] CPU Model on constant consumption mode: Intel(R) Xeon(R) Gold 6258R CPU @ 2.70GHz
[codecarbon INFO @ 21:25:06] [setup] GPU Tracking...
[codecarbon INFO @ 21:25:06] Tracking Nvidia GPU via pynvml
[codecarbon INFO @ 21:25:06] >>> Tracker's metadata:
[codecarbon INFO @ 21:25:06]   Platform system: Windows-11-10.0.22631-SP0
[codecarbon INFO @ 21:25:06]   Python version: 3.12.7
[codecarbon INFO @ 21:25:06]   CodeCarbon version: 2.8.3
[codecarbon INFO @ 21:25:06]   Available RAM : 126.630 GB
[codecarbon INFO @ 21:25:06]   CPU count: 56
[codecarbon INFO @ 21:25:06]   CPU model: Intel(R) Xeon(R) Gold 6258R CPU @ 2.70GHz
[codecarbon INFO @ 21:25:06]   GPU count: 2
[codecarbon INFO @ 21:25:06]   GPU model: 2 x NVIDIA RTX A5000
[codecarbon INFO @ 21:25:09] Saving emissions data to file C:\Users\pr8pf\Documents\GitHub\SplitFed\emissions.csv
[codecarbon INFO @ 21:25:10] Energy consumed for RAM : 0.000010 kWh. RAM Power : 47.48608875274658 W
[codecarbon INFO @ 21:25:10] Energy consumed for all CPUs : 0.000021 kWh. Total CPU Power : 102.50000000000001 W
[codecarbon INFO @ 21:25:10] Energy consumed for all GPUs : 0.000003 kWh. Total GPU Power : 15.285810374282109 W
[codecarbon INFO @ 21:25:10] 0.000034 kWh of electricity used since the beginning.

[91m Client8 Train => Local Epoch: 4 / 5 	Acc: 97.005 	Loss: 0.0929[00m
[92m  Client8 Test => 	Acc: 76.365 	Loss: 1.1640[00m
[91m Client9 Train => Local Epoch: 0 / 5 	Acc: 92.188 	Loss: 0.2244[00m
[91m Client9 Train => Local Epoch: 1 / 5 	Acc: 93.570 	Loss: 0.1927[00m
[91m Client9 Train => Local Epoch: 2 / 5 	Acc: 95.733 	Loss: 0.1421[00m
[91m Client9 Train => Local Epoch: 3 / 5 	Acc: 96.575 	Loss: 0.1084[00m
[91m Client9 Train => Local Epoch: 4 / 5 	Acc: 95.793 	Loss: 0.1340[00m
[92m  Client9 Test => 	Acc: 81.993 	Loss: 0.5987[00m
------------------------------------------------
------ Federation process at Server-Side ------- 
------------------------------------------------
-----------------------------------------------------------
------ FedServer: Federation process at Client-Side ------- 
-----------------------------------------------------------
[1. 1. 1. 1. 1. 1. 0. 1. 1. 1.]
Client-side aggregation done
[1. 1. 1. 1. 1. 1. 0. 1. 1. 1.]
Server-side aggregation done
[92m  Client0 Test => 	Acc: 91.944 	Loss: 0.2640[00m
 Train: Round   9, Avg Accuracy 90.303 | Avg Loss 0.297
Training and Evaluation completed!
===== END Wed 01/14/2026 21:26:13.12 ===== 
