===== START Sun 12/28/2025  1:31:44.76 ===== 
C:\Users\pr8pf\AppData\Local\anaconda3\Lib\site-packages\torchvision\models\_utils.py:208: UserWarning: The parameter 'pretrained' is deprecated since 0.13 and may be removed in the future, please use 'weights' instead.
  warnings.warn(
C:\Users\pr8pf\AppData\Local\anaconda3\Lib\site-packages\torchvision\models\_utils.py:223: UserWarning: Arguments other than a weight enum or `None` for 'weights' are deprecated since 0.13 and may be removed in the future. The current behavior is equivalent to passing `weights=VGG16_Weights.IMAGENET1K_V1`. You can also use `weights=VGG16_Weights.DEFAULT` to get the most up-to-date weights.
  warnings.warn(msg)
[codecarbon INFO @ 01:32:16] [setup] RAM Tracking...
[codecarbon INFO @ 01:32:16] [setup] CPU Tracking...
[codecarbon WARNING @ 01:32:16] No CPU tracking mode found. Falling back on CPU constant mode. 
 Windows OS detected: Please install Intel Power Gadget to measure CPU

[codecarbon INFO @ 01:32:18] CPU Model on constant consumption mode: Intel(R) Xeon(R) Gold 6258R CPU @ 2.70GHz
[codecarbon INFO @ 01:32:18] [setup] GPU Tracking...
[codecarbon INFO @ 01:32:18] Tracking Nvidia GPU via pynvml
[codecarbon INFO @ 01:32:18] >>> Tracker's metadata:
[codecarbon INFO @ 01:32:18]   Platform system: Windows-11-10.0.22631-SP0
[codecarbon INFO @ 01:32:18]   Python version: 3.12.7
[codecarbon INFO @ 01:32:18]   CodeCarbon version: 2.8.3
[codecarbon INFO @ 01:32:18]   Available RAM : 126.630 GB
[codecarbon INFO @ 01:32:18]   CPU count: 56
[codecarbon INFO @ 01:32:18]   CPU model: Intel(R) Xeon(R) Gold 6258R CPU @ 2.70GHz
[codecarbon INFO @ 01:32:18]   GPU count: 2
[codecarbon INFO @ 01:32:18]   GPU model: 2 x NVIDIA RTX A5000
[codecarbon INFO @ 01:32:21] Saving emissions data to file C:\Users\pr8pf\Documents\GitHub\SplitFed\emissions.csv
[codecarbon INFO @ 01:32:23] Energy consumed for RAM : 0.000019 kWh. RAM Power : 47.48608875274658 W
[codecarbon INFO @ 01:32:23] Energy consumed for all CPUs : 0.000041 kWh. Total CPU Power : 102.50000000000001 W
[codecarbon INFO @ 01:32:23] Energy consumed for all GPUs : 0.000007 kWh. Total GPU Power : 17.294990002148662 W
[codecarbon INFO @ 01:32:23] 0.000067 kWh of electricity used since the beginning.
C:\Users\pr8pf\AppData\Local\anaconda3\Lib\site-packages\sklearn\cluster\_kmeans.py:1429: UserWarning: KMeans is known to have a memory leak on Windows with MKL, when there are less chunks than available threads. You can avoid it by setting the environment variable OMP_NUM_THREADS=1.
  warnings.warn(
C:\Users\pr8pf\AppData\Local\anaconda3\Lib\site-packages\sklearn\cluster\_kmeans.py:1429: UserWarning: KMeans is known to have a memory leak on Windows with MKL, when there are less chunks than available threads. You can avoid it by setting the environment variable OMP_NUM_THREADS=1.
  warnings.warn(
[codecarbon INFO @ 01:59:58] [setup] RAM Tracking...
[codecarbon INFO @ 01:59:58] [setup] CPU Tracking...
[codecarbon WARNING @ 01:59:58] No CPU tracking mode found. Falling back on CPU constant mode. 
 Windows OS detected: Please install Intel Power Gadget to measure CPU

[codecarbon INFO @ 02:00:00] CPU Model on constant consumption mode: Intel(R) Xeon(R) Gold 6258R CPU @ 2.70GHz
[codecarbon INFO @ 02:00:00] [setup] GPU Tracking...
[codecarbon INFO @ 02:00:00] Tracking Nvidia GPU via pynvml
[codecarbon INFO @ 02:00:00] >>> Tracker's metadata:
[codecarbon INFO @ 02:00:00]   Platform system: Windows-11-10.0.22631-SP0
[codecarbon INFO @ 02:00:00]   Python version: 3.12.7
[codecarbon INFO @ 02:00:00]   CodeCarbon version: 2.8.3
[codecarbon INFO @ 02:00:00]   Available RAM : 126.630 GB
[codecarbon INFO @ 02:00:00]   CPU count: 56
[codecarbon INFO @ 02:00:00]   CPU model: Intel(R) Xeon(R) Gold 6258R CPU @ 2.70GHz
[codecarbon INFO @ 02:00:00]   GPU count: 2
[codecarbon INFO @ 02:00:00]   GPU model: 2 x NVIDIA RTX A5000
[codecarbon INFO @ 02:00:03] Saving emissions data to file C:\Users\pr8pf\Documents\GitHub\SplitFed\emissions.csv
[codecarbon INFO @ 02:00:05] Energy consumed for RAM : 0.000017 kWh. RAM Power : 47.48608875274658 W
[codecarbon INFO @ 02:00:05] Energy consumed for all CPUs : 0.000037 kWh. Total CPU Power : 102.50000000000001 W
[codecarbon INFO @ 02:00:05] Energy consumed for all GPUs : 0.000006 kWh. Total GPU Power : 17.17775543230541 W
[codecarbon INFO @ 02:00:05] 0.000061 kWh of electricity used since the beginning.
[codecarbon INFO @ 02:00:59] [setup] RAM Tracking...
[codecarbon INFO @ 02:00:59] [setup] CPU Tracking...
[codecarbon WARNING @ 02:00:59] No CPU tracking mode found. Falling back on CPU constant mode. 
 Windows OS detected: Please install Intel Power Gadget to measure CPU

[codecarbon INFO @ 02:01:01] CPU Model on constant consumption mode: Intel(R) Xeon(R) Gold 6258R CPU @ 2.70GHz
[codecarbon INFO @ 02:01:01] [setup] GPU Tracking...
[codecarbon INFO @ 02:01:01] Tracking Nvidia GPU via pynvml
[codecarbon INFO @ 02:01:01] >>> Tracker's metadata:
[codecarbon INFO @ 02:01:01]   Platform system: Windows-11-10.0.22631-SP0
[codecarbon INFO @ 02:01:01]   Python version: 3.12.7
[codecarbon INFO @ 02:01:01]   CodeCarbon version: 2.8.3
[codecarbon INFO @ 02:01:01]   Available RAM : 126.630 GB
[codecarbon INFO @ 02:01:01]   CPU count: 56
[codecarbon INFO @ 02:01:01]   CPU model: Intel(R) Xeon(R) Gold 6258R CPU @ 2.70GHz
[codecarbon INFO @ 02:01:01]   GPU count: 2
[codecarbon INFO @ 02:01:01]   GPU model: 2 x NVIDIA RTX A5000
[codecarbon INFO @ 02:01:04] Saving emissions data to file C:\Users\pr8pf\Documents\GitHub\SplitFed\emissions.csv
[codecarbon INFO @ 02:01:04] Energy consumed for RAM : 0.000010 kWh. RAM Power : 47.48608875274658 W
[codecarbon INFO @ 02:01:04] Energy consumed for all CPUs : 0.000022 kWh. Total CPU Power : 102.50000000000001 W
[codecarbon INFO @ 02:01:04] Energy consumed for all GPUs : 0.000004 kWh. Total GPU Power : 18.02555552906842 W
[codecarbon INFO @ 02:01:04] 0.000036 kWh of electricity used since the beginning.
################################################################
#                              batch_size: 64                  #
#                         test_batch_size: 64                  #
#                                  epochs: 10                  #
#                               optimizer: SGD                 #
#                                      lr: 0.001               #
#                                momentum: 0.5                 #
#                                    seed: 1                   #
#                             num_clients: 10                  #
#                                   scale: 4                   #
#                                 dataset: plant               #
#                             loader_type: dirichlet           #
#                                      AR: mudhog              #
#                                    side: both                #
#                                     PDR: 1.0                 #
#                                  attack: data_poisoning 10,5 #
#                          label_flipping: uni                 #
#                         experiment_name: split_fed_data_pois_10_5_inner_epochs=5_epochs=10_PDR=1.0_scale=4_mudhog#
#                            inner_epochs: 5                   #
#                                   setup: split_fed           #
#                                   alpha: 0.5                 #
################################################################
NVIDIA RTX A5000
---------split_fed_data_pois_10_5_inner_epochs=5_epochs=10_PDR=1.0_scale=4_mudhog----------
initialize a data loader
Using cuda
[91m Client0 Train => Local Epoch: 0 / 5 	Acc: 29.768 	Loss: 2.9637[00m
[91m Client0 Train => Local Epoch: 1 / 5 	Acc: 36.584 	Loss: 1.9059[00m
[91m Client0 Train => Local Epoch: 2 / 5 	Acc: 38.497 	Loss: 1.8631[00m
[91m Client0 Train => Local Epoch: 3 / 5 	Acc: 37.769 	Loss: 1.8615[00m
[91m Client0 Train => Local Epoch: 4 / 5 	Acc: 38.200 	Loss: 1.8555[00m
[92m  Client0 Test => 	Acc: 12.335 	Loss: 2.9662[00m
[91m Client1 Train => Local Epoch: 0 / 5 	Acc: 19.705 	Loss: 4.7098[00m
[91m Client1 Train => Local Epoch: 1 / 5 	Acc: 21.354 	Loss: 2.3620[00m
[91m Client1 Train => Local Epoch: 2 / 5 	Acc: 25.955 	Loss: 2.3221[00m
[91m Client1 Train => Local Epoch: 3 / 5 	Acc: 27.604 	Loss: 2.1843[00m
[91m Client1 Train => Local Epoch: 4 / 5 	Acc: 29.167 	Loss: 2.1627[00m
[92m  Client1 Test => 	Acc: 4.893 	Loss: 3.0289[00m
[91m Client2 Train => Local Epoch: 0 / 5 	Acc: 20.747 	Loss: 5.8241[00m
[91m Client2 Train => Local Epoch: 1 / 5 	Acc: 21.875 	Loss: 2.8118[00m
[91m Client2 Train => Local Epoch: 2 / 5 	Acc: 32.639 	Loss: 2.4041[00m
[91m Client2 Train => Local Epoch: 3 / 5 	Acc: 42.274 	Loss: 2.1423[00m
[91m Client2 Train => Local Epoch: 4 / 5 	Acc: 41.927 	Loss: 2.1293[00m
[92m  Client2 Test => 	Acc: 12.983 	Loss: 3.1516[00m
[91m Client3 Train => Local Epoch: 0 / 5 	Acc: 23.915 	Loss: 3.5300[00m
[91m Client3 Train => Local Epoch: 1 / 5 	Acc: 31.424 	Loss: 1.9700[00m
[91m Client3 Train => Local Epoch: 2 / 5 	Acc: 32.595 	Loss: 1.9054[00m
[91m Client3 Train => Local Epoch: 3 / 5 	Acc: 32.639 	Loss: 1.9133[00m
[91m Client3 Train => Local Epoch: 4 / 5 	Acc: 32.986 	Loss: 1.9114[00m
[92m  Client3 Test => 	Acc: 7.915 	Loss: 4.0406[00m
[91m Client4 Train => Local Epoch: 0 / 5 	Acc: 13.379 	Loss: 4.5697[00m
[91m Client4 Train => Local Epoch: 1 / 5 	Acc: 25.391 	Loss: 2.3464[00m
[91m Client4 Train => Local Epoch: 2 / 5 	Acc: 39.844 	Loss: 1.8961[00m
[91m Client4 Train => Local Epoch: 3 / 5 	Acc: 53.809 	Loss: 1.4683[00m
[91m Client4 Train => Local Epoch: 4 / 5 	Acc: 59.180 	Loss: 1.1962[00m
[92m  Client4 Test => 	Acc: 33.229 	Loss: 4.1111[00m
[91m Client5 Train => Local Epoch: 0 / 5 	Acc: 19.141 	Loss: 4.1627[00m
[91m Client5 Train => Local Epoch: 1 / 5 	Acc: 28.776 	Loss: 2.3621[00m
[91m Client5 Train => Local Epoch: 2 / 5 	Acc: 26.823 	Loss: 2.1237[00m
[91m Client5 Train => Local Epoch: 3 / 5 	Acc: 36.719 	Loss: 2.1078[00m
[91m Client5 Train => Local Epoch: 4 / 5 	Acc: 44.922 	Loss: 1.8117[00m
[92m  Client5 Test => 	Acc: 24.583 	Loss: 3.2800[00m
[91m Client6 Train => Local Epoch: 0 / 5 	Acc: 27.500 	Loss: 2.2423[00m
[91m Client6 Train => Local Epoch: 1 / 5 	Acc: 42.000 	Loss: 1.8620[00m
[91m Client6 Train => Local Epoch: 2 / 5 	Acc: 57.906 	Loss: 1.4212[00m
[91m Client6 Train => Local Epoch: 3 / 5 	Acc: 64.562 	Loss: 1.1595[00m
[91m Client6 Train => Local Epoch: 4 / 5 	Acc: 69.094 	Loss: 0.9726[00m
[92m  Client6 Test => 	Acc: 46.796 	Loss: 1.8933[00m
[91m Client7 Train => Local Epoch: 0 / 5 	Acc: 19.531 	Loss: 2.9227[00m
[91m Client7 Train => Local Epoch: 1 / 5 	Acc: 22.344 	Loss: 2.3449[00m
[91m Client7 Train => Local Epoch: 2 / 5 	Acc: 24.766 	Loss: 2.2298[00m
[91m Client7 Train => Local Epoch: 3 / 5 	Acc: 25.938 	Loss: 2.1530[00m
[91m Client7 Train => Local Epoch: 4 / 5 	Acc: 30.156 	Loss: 2.1048[00m
[92m  Client7 Test => 	Acc: 20.933 	Loss: 3.1087[00m
[91m Client8 Train => Local Epoch: 0 / 5 	Acc: 28.255 	Loss: 2.4310[00m
[91m Client8 Train => Local Epoch: 1 / 5 	Acc: 23.438 	Loss: 4.4419[00m
[91m Client8 Train => Local Epoch: 2 / 5 	Acc: 29.167 	Loss: 2.1077[00m
[91m Client8 Train => Local Epoch: 3 / 5 	Acc: 30.339 	Loss: 2.1996[00m
[91m Client8 Train => Local Epoch: 4 / 5 	Acc: 27.604 	Loss: 2.1060[00m
[92m  Client8 Test => 	Acc: 4.093 	Loss: 3.6723[00m
[91m Client9 Train => Local Epoch: 0 / 5 	Acc: 21.695 	Loss: 2.4579[00m
[91m Client9 Train => Local Epoch: 1 / 5 	Acc: 35.637 	Loss: 1.9839[00m
[91m Client9 Train => Local Epoch: 2 / 5 	Acc: 44.351 	Loss: 1.6708[00m
[91m Client9 Train => Local Epoch: 3 / 5 	Acc: 59.255 	Loss: 1.3253[00m
[91m Client9 Train => Local Epoch: 4 / 5 	Acc: 62.680 	Loss: 1.2149[00m
[92m  Client9 Test => 	Acc: 47.229 	Loss: 2.3487[00m
------------------------------------------------
------ Federation process at Server-Side ------- 
------------------------------------------------
-----------------------------------------------------------
------ FedServer: Federation process at Client-Side ------- 
-----------------------------------------------------------
[1. 1. 1. 1. 1. 1. 1. 0. 1. 1.]
Client-side aggregation done
[1. 1. 1. 1. 1. 1. 0. 1. 1. 1.]
Server-side aggregation done
[92m  Client0 Test => 	Acc: 12.949 	Loss: 2.7438[00m
 Train: Round   0, Avg Accuracy 43.592 | Avg Loss 1.747
[91m Client0 Train => Local Epoch: 0 / 5 	Acc: 32.220 	Loss: 2.9384[00m
[91m Client0 Train => Local Epoch: 1 / 5 	Acc: 35.857 	Loss: 3.1985[00m
[91m Client0 Train => Local Epoch: 2 / 5 	Acc: 37.877 	Loss: 1.8396[00m
[91m Client0 Train => Local Epoch: 3 / 5 	Acc: 38.173 	Loss: 1.8339[00m
[91m Client0 Train => Local Epoch: 4 / 5 	Acc: 38.416 	Loss: 1.8306[00m
[92m  Client0 Test => 	Acc: 12.368 	Loss: 3.3715[00m
[91m Client1 Train => Local Epoch: 0 / 5 	Acc: 24.219 	Loss: 2.3685[00m
[91m Client1 Train => Local Epoch: 1 / 5 	Acc: 29.861 	Loss: 2.1611[00m
[91m Client1 Train => Local Epoch: 2 / 5 	Acc: 25.000 	Loss: 2.2401[00m
[91m Client1 Train => Local Epoch: 3 / 5 	Acc: 29.688 	Loss: 2.1270[00m
[91m Client1 Train => Local Epoch: 4 / 5 	Acc: 29.948 	Loss: 2.1217[00m
[92m  Client1 Test => 	Acc: 11.108 	Loss: 3.5966[00m
[91m Client2 Train => Local Epoch: 0 / 5 	Acc: 42.708 	Loss: 2.2418[00m
[91m Client2 Train => Local Epoch: 1 / 5 	Acc: 42.361 	Loss: 2.0988[00m
[91m Client2 Train => Local Epoch: 2 / 5 	Acc: 42.448 	Loss: 2.0790[00m
[91m Client2 Train => Local Epoch: 3 / 5 	Acc: 42.448 	Loss: 2.1884[00m
[91m Client2 Train => Local Epoch: 4 / 5 	Acc: 42.448 	Loss: 2.0834[00m
[92m  Client2 Test => 	Acc: 12.963 	Loss: 3.7161[00m
[91m Client3 Train => Local Epoch: 0 / 5 	Acc: 26.128 	Loss: 2.2861[00m
[91m Client3 Train => Local Epoch: 1 / 5 	Acc: 30.382 	Loss: 1.9556[00m
[91m Client3 Train => Local Epoch: 2 / 5 	Acc: 30.122 	Loss: 2.4706[00m
[91m Client3 Train => Local Epoch: 3 / 5 	Acc: 30.035 	Loss: 1.9475[00m
[91m Client3 Train => Local Epoch: 4 / 5 	Acc: 32.378 	Loss: 1.9057[00mC:\Users\pr8pf\AppData\Local\anaconda3\Lib\site-packages\sklearn\cluster\_kmeans.py:1429: UserWarning: KMeans is known to have a memory leak on Windows with MKL, when there are less chunks than available threads. You can avoid it by setting the environment variable OMP_NUM_THREADS=1.
  warnings.warn(
C:\Users\pr8pf\AppData\Local\anaconda3\Lib\site-packages\sklearn\cluster\_kmeans.py:1429: UserWarning: KMeans is known to have a memory leak on Windows with MKL, when there are less chunks than available threads. You can avoid it by setting the environment variable OMP_NUM_THREADS=1.
  warnings.warn(
[codecarbon INFO @ 02:28:40] [setup] RAM Tracking...
[codecarbon INFO @ 02:28:40] [setup] CPU Tracking...
[codecarbon WARNING @ 02:28:40] No CPU tracking mode found. Falling back on CPU constant mode. 
 Windows OS detected: Please install Intel Power Gadget to measure CPU

[codecarbon INFO @ 02:28:42] CPU Model on constant consumption mode: Intel(R) Xeon(R) Gold 6258R CPU @ 2.70GHz
[codecarbon INFO @ 02:28:42] [setup] GPU Tracking...
[codecarbon INFO @ 02:28:42] Tracking Nvidia GPU via pynvml
[codecarbon INFO @ 02:28:42] >>> Tracker's metadata:
[codecarbon INFO @ 02:28:42]   Platform system: Windows-11-10.0.22631-SP0
[codecarbon INFO @ 02:28:42]   Python version: 3.12.7
[codecarbon INFO @ 02:28:42]   CodeCarbon version: 2.8.3
[codecarbon INFO @ 02:28:42]   Available RAM : 126.630 GB
[codecarbon INFO @ 02:28:42]   CPU count: 56
[codecarbon INFO @ 02:28:42]   CPU model: Intel(R) Xeon(R) Gold 6258R CPU @ 2.70GHz
[codecarbon INFO @ 02:28:42]   GPU count: 2
[codecarbon INFO @ 02:28:42]   GPU model: 2 x NVIDIA RTX A5000
[codecarbon INFO @ 02:28:45] Saving emissions data to file C:\Users\pr8pf\Documents\GitHub\SplitFed\emissions.csv
[codecarbon INFO @ 02:28:45] Energy consumed for RAM : 0.000009 kWh. RAM Power : 47.48608875274658 W
[codecarbon INFO @ 02:28:45] Energy consumed for all CPUs : 0.000019 kWh. Total CPU Power : 102.50000000000001 W
[codecarbon INFO @ 02:28:45] Energy consumed for all GPUs : 0.000003 kWh. Total GPU Power : 16.29840805385014 W
[codecarbon INFO @ 02:28:45] 0.000030 kWh of electricity used since the beginning.
[codecarbon INFO @ 02:29:40] [setup] RAM Tracking...
[codecarbon INFO @ 02:29:40] [setup] CPU Tracking...
[codecarbon WARNING @ 02:29:40] No CPU tracking mode found. Falling back on CPU constant mode. 
 Windows OS detected: Please install Intel Power Gadget to measure CPU

[codecarbon INFO @ 02:29:41] CPU Model on constant consumption mode: Intel(R) Xeon(R) Gold 6258R CPU @ 2.70GHz
[codecarbon INFO @ 02:29:41] [setup] GPU Tracking...
[codecarbon INFO @ 02:29:41] Tracking Nvidia GPU via pynvml
[codecarbon INFO @ 02:29:41] >>> Tracker's metadata:
[codecarbon INFO @ 02:29:41]   Platform system: Windows-11-10.0.22631-SP0
[codecarbon INFO @ 02:29:41]   Python version: 3.12.7
[codecarbon INFO @ 02:29:41]   CodeCarbon version: 2.8.3
[codecarbon INFO @ 02:29:41]   Available RAM : 126.630 GB
[codecarbon INFO @ 02:29:41]   CPU count: 56
[codecarbon INFO @ 02:29:41]   CPU model: Intel(R) Xeon(R) Gold 6258R CPU @ 2.70GHz
[codecarbon INFO @ 02:29:41]   GPU count: 2
[codecarbon INFO @ 02:29:41]   GPU model: 2 x NVIDIA RTX A5000
[codecarbon INFO @ 02:29:44] Saving emissions data to file C:\Users\pr8pf\Documents\GitHub\SplitFed\emissions.csv
[codecarbon INFO @ 02:29:45] Energy consumed for RAM : 0.000007 kWh. RAM Power : 47.48608875274658 W
[codecarbon INFO @ 02:29:45] Energy consumed for all CPUs : 0.000016 kWh. Total CPU Power : 102.50000000000001 W
[codecarbon INFO @ 02:29:45] Energy consumed for all GPUs : 0.000002 kWh. Total GPU Power : 16.00250921772996 W
[codecarbon INFO @ 02:29:45] 0.000026 kWh of electricity used since the beginning.
C:\Users\pr8pf\AppData\Local\anaconda3\Lib\site-packages\sklearn\cluster\_kmeans.py:1429: UserWarning: KMeans is known to have a memory leak on Windows with MKL, when there are less chunks than available threads. You can avoid it by setting the environment variable OMP_NUM_THREADS=1.
  warnings.warn(
C:\Users\pr8pf\AppData\Local\anaconda3\Lib\site-packages\sklearn\cluster\_kmeans.py:1429: UserWarning: KMeans is known to have a memory leak on Windows with MKL, when there are less chunks than available threads. You can avoid it by setting the environment variable OMP_NUM_THREADS=1.
  warnings.warn(
[codecarbon INFO @ 02:57:21] [setup] RAM Tracking...
[codecarbon INFO @ 02:57:21] [setup] CPU Tracking...
[codecarbon WARNING @ 02:57:21] No CPU tracking mode found. Falling back on CPU constant mode. 
 Windows OS detected: Please install Intel Power Gadget to measure CPU

[codecarbon INFO @ 02:57:22] CPU Model on constant consumption mode: Intel(R) Xeon(R) Gold 6258R CPU @ 2.70GHz
[codecarbon INFO @ 02:57:22] [setup] GPU Tracking...
[codecarbon INFO @ 02:57:22] Tracking Nvidia GPU via pynvml
[codecarbon INFO @ 02:57:22] >>> Tracker's metadata:
[codecarbon INFO @ 02:57:22]   Platform system: Windows-11-10.0.22631-SP0
[codecarbon INFO @ 02:57:22]   Python version: 3.12.7
[codecarbon INFO @ 02:57:22]   CodeCarbon version: 2.8.3
[codecarbon INFO @ 02:57:22]   Available RAM : 126.630 GB
[codecarbon INFO @ 02:57:22]   CPU count: 56
[codecarbon INFO @ 02:57:22]   CPU model: Intel(R) Xeon(R) Gold 6258R CPU @ 2.70GHz
[codecarbon INFO @ 02:57:22]   GPU count: 2
[codecarbon INFO @ 02:57:22]   GPU model: 2 x NVIDIA RTX A5000
[codecarbon INFO @ 02:57:26] Saving emissions data to file C:\Users\pr8pf\Documents\GitHub\SplitFed\emissions.csv
[codecarbon INFO @ 02:57:26] Energy consumed for RAM : 0.000007 kWh. RAM Power : 47.48608875274658 W
[codecarbon INFO @ 02:57:26] Energy consumed for all CPUs : 0.000014 kWh. Total CPU Power : 102.50000000000001 W
[codecarbon INFO @ 02:57:26] Energy consumed for all GPUs : 0.000002 kWh. Total GPU Power : 14.580728381295915 W
[codecarbon INFO @ 02:57:26] 0.000023 kWh of electricity used since the beginning.
[codecarbon INFO @ 02:58:21] [setup] RAM Tracking...
[codecarbon INFO @ 02:58:21] [setup] CPU Tracking...
[codecarbon WARNING @ 02:58:21] No CPU tracking mode found. Falling back on CPU constant mode. 
 Windows OS detected: Please install Intel Power Gadget to measure CPU

[codecarbon INFO @ 02:58:23] CPU Model on constant consumption mode: Intel(R) Xeon(R) Gold 6258R CPU @ 2.70GHz
[codecarbon INFO @ 02:58:23] [setup] GPU Tracking...
[codecarbon INFO @ 02:58:23] Tracking Nvidia GPU via pynvml
[codecarbon INFO @ 02:58:23] >>> Tracker's metadata:
[codecarbon INFO @ 02:58:23]   Platform system: Windows-11-10.0.22631-SP0
[codecarbon INFO @ 02:58:23]   Python version: 3.12.7
[codecarbon INFO @ 02:58:23]   CodeCarbon version: 2.8.3
[codecarbon INFO @ 02:58:23]   Available RAM : 126.630 GB
[codecarbon INFO @ 02:58:23]   CPU count: 56
[codecarbon INFO @ 02:58:23]   CPU model: Intel(R) Xeon(R) Gold 6258R CPU @ 2.70GHz
[codecarbon INFO @ 02:58:23]   GPU count: 2
[codecarbon INFO @ 02:58:23]   GPU model: 2 x NVIDIA RTX A5000
[codecarbon INFO @ 02:58:26] Saving emissions data to file C:\Users\pr8pf\Documents\GitHub\SplitFed\emissions.csv
[codecarbon INFO @ 02:58:26] Energy consumed for RAM : 0.000008 kWh. RAM Power : 47.48608875274658 W
[codecarbon INFO @ 02:58:26] Energy consumed for all CPUs : 0.000017 kWh. Total CPU Power : 102.50000000000001 W
[codecarbon INFO @ 02:58:26] Energy consumed for all GPUs : 0.000003 kWh. Total GPU Power : 17.21388237790581 W
[codecarbon INFO @ 02:58:26] 0.000028 kWh of electricity used since the beginning.

[92m  Client3 Test => 	Acc: 7.922 	Loss: 3.3351[00m
[91m Client4 Train => Local Epoch: 0 / 5 	Acc: 17.090 	Loss: 2.4834[00m
[91m Client4 Train => Local Epoch: 1 / 5 	Acc: 21.680 	Loss: 2.3361[00m
[91m Client4 Train => Local Epoch: 2 / 5 	Acc: 29.883 	Loss: 2.1030[00m
[91m Client4 Train => Local Epoch: 3 / 5 	Acc: 48.926 	Loss: 1.7097[00m
[91m Client4 Train => Local Epoch: 4 / 5 	Acc: 54.102 	Loss: 1.4623[00m
[92m  Client4 Test => 	Acc: 24.803 	Loss: 2.8248[00m
[91m Client5 Train => Local Epoch: 0 / 5 	Acc: 19.661 	Loss: 2.4235[00m
[91m Client5 Train => Local Epoch: 1 / 5 	Acc: 29.427 	Loss: 2.0986[00m
[91m Client5 Train => Local Epoch: 2 / 5 	Acc: 28.906 	Loss: 2.0447[00m
[91m Client5 Train => Local Epoch: 3 / 5 	Acc: 30.208 	Loss: 2.0060[00m
[91m Client5 Train => Local Epoch: 4 / 5 	Acc: 38.021 	Loss: 1.8294[00m
[92m  Client5 Test => 	Acc: 20.627 	Loss: 2.9175[00m
[91m Client6 Train => Local Epoch: 0 / 5 	Acc: 27.469 	Loss: 2.1869[00m
[91m Client6 Train => Local Epoch: 1 / 5 	Acc: 22.094 	Loss: 2.9410[00m
[91m Client6 Train => Local Epoch: 2 / 5 	Acc: 24.344 	Loss: 2.1489[00m
[91m Client6 Train => Local Epoch: 3 / 5 	Acc: 25.125 	Loss: 2.0877[00m
[91m Client6 Train => Local Epoch: 4 / 5 	Acc: 24.875 	Loss: 2.0863[00m
[92m  Client6 Test => 	Acc: 11.054 	Loss: 3.2011[00m
[91m Client7 Train => Local Epoch: 0 / 5 	Acc: 21.641 	Loss: 2.4251[00m
[91m Client7 Train => Local Epoch: 1 / 5 	Acc: 26.094 	Loss: 2.2215[00m
[91m Client7 Train => Local Epoch: 2 / 5 	Acc: 26.875 	Loss: 2.2636[00m
[91m Client7 Train => Local Epoch: 3 / 5 	Acc: 29.922 	Loss: 2.1784[00m
[91m Client7 Train => Local Epoch: 4 / 5 	Acc: 41.094 	Loss: 1.9391[00m
[92m  Client7 Test => 	Acc: 22.546 	Loss: 2.8729[00m
[91m Client8 Train => Local Epoch: 0 / 5 	Acc: 14.714 	Loss: 2.5559[00m
[91m Client8 Train => Local Epoch: 1 / 5 	Acc: 30.339 	Loss: 2.1231[00m
[91m Client8 Train => Local Epoch: 2 / 5 	Acc: 42.057 	Loss: 2.0206[00m
[91m Client8 Train => Local Epoch: 3 / 5 	Acc: 46.484 	Loss: 1.8573[00m
[91m Client8 Train => Local Epoch: 4 / 5 	Acc: 49.740 	Loss: 1.5647[00m
[92m  Client8 Test => 	Acc: 11.355 	Loss: 3.2192[00m
[91m Client9 Train => Local Epoch: 0 / 5 	Acc: 20.553 	Loss: 2.3362[00m
[91m Client9 Train => Local Epoch: 1 / 5 	Acc: 35.817 	Loss: 1.9504[00m
[91m Client9 Train => Local Epoch: 2 / 5 	Acc: 55.649 	Loss: 1.4588[00m
[91m Client9 Train => Local Epoch: 3 / 5 	Acc: 67.548 	Loss: 1.0893[00m
[91m Client9 Train => Local Epoch: 4 / 5 	Acc: 68.630 	Loss: 1.0590[00m
[92m  Client9 Test => 	Acc: 50.515 	Loss: 1.9030[00m
------------------------------------------------
------ Federation process at Server-Side ------- 
------------------------------------------------
-----------------------------------------------------------
------ FedServer: Federation process at Client-Side ------- 
-----------------------------------------------------------
[1. 1. 1. 1. 1. 1. 0. 1. 1. 1.]
Client-side aggregation done
[1. 1. 1. 1. 1. 1. 0. 1. 1. 1.]
Server-side aggregation done
[92m  Client0 Test => 	Acc: 12.929 	Loss: 2.6185[00m
 Train: Round   1, Avg Accuracy 41.965 | Avg Loss 1.788
[91m Client0 Train => Local Epoch: 0 / 5 	Acc: 31.385 	Loss: 2.4573[00m
[91m Client0 Train => Local Epoch: 1 / 5 	Acc: 34.752 	Loss: 1.9005[00m
[91m Client0 Train => Local Epoch: 2 / 5 	Acc: 38.308 	Loss: 1.8344[00m
[91m Client0 Train => Local Epoch: 3 / 5 	Acc: 38.389 	Loss: 1.8300[00m
[91m Client0 Train => Local Epoch: 4 / 5 	Acc: 38.470 	Loss: 1.8284[00m
[92m  Client0 Test => 	Acc: 12.341 	Loss: 3.2885[00m
[91m Client1 Train => Local Epoch: 0 / 5 	Acc: 18.663 	Loss: 2.4397[00m
[91m Client1 Train => Local Epoch: 1 / 5 	Acc: 29.861 	Loss: 2.1610[00m
[91m Client1 Train => Local Epoch: 2 / 5 	Acc: 30.122 	Loss: 2.1178[00m
[91m Client1 Train => Local Epoch: 3 / 5 	Acc: 29.774 	Loss: 2.1150[00m
[91m Client1 Train => Local Epoch: 4 / 5 	Acc: 29.688 	Loss: 2.1092[00m
[92m  Client1 Test => 	Acc: 11.061 	Loss: 3.6350[00m
[91m Client2 Train => Local Epoch: 0 / 5 	Acc: 42.188 	Loss: 2.2371[00m
[91m Client2 Train => Local Epoch: 1 / 5 	Acc: 42.535 	Loss: 2.1639[00m
[91m Client2 Train => Local Epoch: 2 / 5 	Acc: 42.622 	Loss: 2.0816[00m
[91m Client2 Train => Local Epoch: 3 / 5 	Acc: 42.274 	Loss: 2.3844[00m
[91m Client2 Train => Local Epoch: 4 / 5 	Acc: 42.101 	Loss: 2.1435[00m
[92m  Client2 Test => 	Acc: 12.963 	Loss: 3.5190[00m
[91m Client3 Train => Local Epoch: 0 / 5 	Acc: 29.036 	Loss: 2.1343[00m
[91m Client3 Train => Local Epoch: 1 / 5 	Acc: 30.339 	Loss: 1.9696[00m
[91m Client3 Train => Local Epoch: 2 / 5 	Acc: 32.422 	Loss: 1.9059[00m
[91m Client3 Train => Local Epoch: 3 / 5 	Acc: 33.377 	Loss: 1.9022[00m
[91m Client3 Train => Local Epoch: 4 / 5 	Acc: 33.464 	Loss: 1.8986[00m
[92m  Client3 Test => 	Acc: 7.946 	Loss: 3.3905[00m
[91m Client4 Train => Local Epoch: 0 / 5 	Acc: 10.938 	Loss: 2.6558[00m
[91m Client4 Train => Local Epoch: 1 / 5 	Acc: 27.734 	Loss: 2.1117[00m
[91m Client4 Train => Local Epoch: 2 / 5 	Acc: 47.852 	Loss: 1.6299[00m
[91m Client4 Train => Local Epoch: 3 / 5 	Acc: 57.422 	Loss: 1.2709[00m
[91m Client4 Train => Local Epoch: 4 / 5 	Acc: 61.426 	Loss: 1.2640[00m
[92m  Client4 Test => 	Acc: 29.301 	Loss: 2.9840[00m
[91m Client5 Train => Local Epoch: 0 / 5 	Acc: 19.922 	Loss: 2.3435[00m
[91m Client5 Train => Local Epoch: 1 / 5 	Acc: 34.896 	Loss: 2.0245[00m
[91m Client5 Train => Local Epoch: 2 / 5 	Acc: 44.531 	Loss: 1.9568[00m
[91m Client5 Train => Local Epoch: 3 / 5 	Acc: 41.276 	Loss: 1.7169[00m
[91m Client5 Train => Local Epoch: 4 / 5 	Acc: 51.302 	Loss: 1.5257[00m
[92m  Client5 Test => 	Acc: 26.770 	Loss: 3.7313[00m
[91m Client6 Train => Local Epoch: 0 / 5 	Acc: 24.656 	Loss: 2.1579[00m
[91m Client6 Train => Local Epoch: 1 / 5 	Acc: 37.219 	Loss: 2.0236[00m
[91m Client6 Train => Local Epoch: 2 / 5 	Acc: 47.188 	Loss: 1.8234[00m
[91m Client6 Train => Local Epoch: 3 / 5 	Acc: 56.969 	Loss: 1.3564[00m
[91m Client6 Train => Local Epoch: 4 / 5 	Acc: 67.719 	Loss: 1.0504[00m
[92m  Client6 Test => 	Acc: 42.151 	Loss: 2.3232[00m
[91m Client7 Train => Local Epoch: 0 / 5 	Acc: 20.234 	Loss: 2.3737[00m
[91m Client7 Train => Local Epoch: 1 / 5 	Acc: 28.906 	Loss: 2.1169[00m
[91m Client7 Train => Local Epoch: 2 / 5 	Acc: 42.734 	Loss: 1.8392[00m
[91m Client7 Train => Local Epoch: 3 / 5 	Acc: 40.703 	Loss: 1.8823[00m
[91m Client7 Train => Local Epoch: 4 / 5 	Acc: 51.172 	Loss: 1.5290[00m
[92m  Client7 Test => 	Acc: 30.259 	Loss: 2.5675[00m
[91m Client8 Train => Local Epoch: 0 / 5 	Acc: 13.021 	Loss: 2.7360[00m
[91m Client8 Train => Local Epoch: 1 / 5 	Acc: 20.833 	Loss: 2.2567[00m
[91m Client8 Train => Local Epoch: 2 / 5 	Acc: 28.255 	Loss: 2.1331[00m
[91m Client8 Train => Local Epoch: 3 / 5 	Acc: 35.286 	Loss: 1.8703[00m
[91m Client8 Train => Local Epoch: 4 / 5 	Acc: 40.885 	Loss: 1.6791[00m
[92m  Client8 Test => 	Acc: 19.614 	Loss: 3.5551[00m
[91m Client9 Train => Local Epoch: 0 / 5 	Acc: 20.673 	Loss: 2.2727[00m
[91m Client9 Train => Local Epoch: 1 / 5 	Acc: 39.784 	Loss: 1.8200[00m
[91m Client9 Train => Local Epoch: 2 / 5 	Acc: 50.180 	Loss: 1.5946[00m
[91m Client9 Train => Local Epoch: 3 / 5 	Acc: 75.841 	Loss: 0.8766[00m
[91m Client9 Train => Local Epoch: 4 / 5 	Acc: 79.147 	Loss: 0.7651[00m
[92m  Client9 Test => 	Acc: 46.852 	Loss: 1.9737[00m
------------------------------------------------
------ Federation process at Server-Side ------- 
------------------------------------------------
-----------------------------------------------------------
------ FedServer: Federation process at Client-Side ------- 
-----------------------------------------------------------
[1. 1. 1. 1. 1. 1. 0. 1. 1. 1.]
Client-side aggregation done
[1. 1. 1. 1. 1. 1. 0. 1. 1. 1.]
Server-side aggregation done
[92m  Client0 Test => 	Acc: 12.942 	Loss: 2.6266[00m
 Train: Round   2, Avg Accuracy 49.537 | Avg Loss 1.579
[91m Client0 Train => Local Epoch: 0 / 5 	Acc: 32.624 	Loss: 2.8242[00m
[91m Client0 Train => Local Epoch: 1 / 5 	Acc: 38.443 	Loss: 1.8383[00mC:\Users\pr8pf\AppData\Local\anaconda3\Lib\site-packages\sklearn\cluster\_kmeans.py:1429: UserWarning: KMeans is known to have a memory leak on Windows with MKL, when there are less chunks than available threads. You can avoid it by setting the environment variable OMP_NUM_THREADS=1.
  warnings.warn(
C:\Users\pr8pf\AppData\Local\anaconda3\Lib\site-packages\sklearn\cluster\_kmeans.py:1429: UserWarning: KMeans is known to have a memory leak on Windows with MKL, when there are less chunks than available threads. You can avoid it by setting the environment variable OMP_NUM_THREADS=1.
  warnings.warn(
[codecarbon INFO @ 03:26:02] [setup] RAM Tracking...
[codecarbon INFO @ 03:26:02] [setup] CPU Tracking...
[codecarbon WARNING @ 03:26:02] No CPU tracking mode found. Falling back on CPU constant mode. 
 Windows OS detected: Please install Intel Power Gadget to measure CPU

[codecarbon INFO @ 03:26:04] CPU Model on constant consumption mode: Intel(R) Xeon(R) Gold 6258R CPU @ 2.70GHz
[codecarbon INFO @ 03:26:04] [setup] GPU Tracking...
[codecarbon INFO @ 03:26:04] Tracking Nvidia GPU via pynvml
[codecarbon INFO @ 03:26:04] >>> Tracker's metadata:
[codecarbon INFO @ 03:26:04]   Platform system: Windows-11-10.0.22631-SP0
[codecarbon INFO @ 03:26:04]   Python version: 3.12.7
[codecarbon INFO @ 03:26:04]   CodeCarbon version: 2.8.3
[codecarbon INFO @ 03:26:04]   Available RAM : 126.630 GB
[codecarbon INFO @ 03:26:04]   CPU count: 56
[codecarbon INFO @ 03:26:04]   CPU model: Intel(R) Xeon(R) Gold 6258R CPU @ 2.70GHz
[codecarbon INFO @ 03:26:04]   GPU count: 2
[codecarbon INFO @ 03:26:04]   GPU model: 2 x NVIDIA RTX A5000
[codecarbon INFO @ 03:26:07] Saving emissions data to file C:\Users\pr8pf\Documents\GitHub\SplitFed\emissions.csv
[codecarbon INFO @ 03:26:08] Energy consumed for RAM : 0.000010 kWh. RAM Power : 47.48608875274658 W
[codecarbon INFO @ 03:26:08] Energy consumed for all CPUs : 0.000023 kWh. Total CPU Power : 102.50000000000001 W
[codecarbon INFO @ 03:26:08] Energy consumed for all GPUs : 0.000003 kWh. Total GPU Power : 15.06788354724712 W
[codecarbon INFO @ 03:26:08] 0.000036 kWh of electricity used since the beginning.
[codecarbon INFO @ 03:27:03] [setup] RAM Tracking...
[codecarbon INFO @ 03:27:03] [setup] CPU Tracking...
[codecarbon WARNING @ 03:27:03] No CPU tracking mode found. Falling back on CPU constant mode. 
 Windows OS detected: Please install Intel Power Gadget to measure CPU

[codecarbon INFO @ 03:27:05] CPU Model on constant consumption mode: Intel(R) Xeon(R) Gold 6258R CPU @ 2.70GHz
[codecarbon INFO @ 03:27:05] [setup] GPU Tracking...
[codecarbon INFO @ 03:27:05] Tracking Nvidia GPU via pynvml
[codecarbon INFO @ 03:27:05] >>> Tracker's metadata:
[codecarbon INFO @ 03:27:05]   Platform system: Windows-11-10.0.22631-SP0
[codecarbon INFO @ 03:27:05]   Python version: 3.12.7
[codecarbon INFO @ 03:27:05]   CodeCarbon version: 2.8.3
[codecarbon INFO @ 03:27:05]   Available RAM : 126.630 GB
[codecarbon INFO @ 03:27:05]   CPU count: 56
[codecarbon INFO @ 03:27:05]   CPU model: Intel(R) Xeon(R) Gold 6258R CPU @ 2.70GHz
[codecarbon INFO @ 03:27:05]   GPU count: 2
[codecarbon INFO @ 03:27:05]   GPU model: 2 x NVIDIA RTX A5000
[codecarbon INFO @ 03:27:08] Saving emissions data to file C:\Users\pr8pf\Documents\GitHub\SplitFed\emissions.csv
[codecarbon INFO @ 03:27:08] Energy consumed for RAM : 0.000009 kWh. RAM Power : 47.48608875274658 W
[codecarbon INFO @ 03:27:08] Energy consumed for all CPUs : 0.000019 kWh. Total CPU Power : 102.50000000000001 W
[codecarbon INFO @ 03:27:08] Energy consumed for all GPUs : 0.000003 kWh. Total GPU Power : 18.02070481522774 W
[codecarbon INFO @ 03:27:08] 0.000031 kWh of electricity used since the beginning.

[91m Client0 Train => Local Epoch: 2 / 5 	Acc: 38.443 	Loss: 1.8344[00m
[91m Client0 Train => Local Epoch: 3 / 5 	Acc: 38.362 	Loss: 1.8311[00m
[91m Client0 Train => Local Epoch: 4 / 5 	Acc: 38.335 	Loss: 1.8325[00m
[92m  Client0 Test => 	Acc: 12.348 	Loss: 3.4635[00m
[91m Client1 Train => Local Epoch: 0 / 5 	Acc: 18.316 	Loss: 2.4704[00m
[91m Client1 Train => Local Epoch: 1 / 5 	Acc: 29.601 	Loss: 2.1910[00m
[91m Client1 Train => Local Epoch: 2 / 5 	Acc: 30.122 	Loss: 2.1286[00m
[91m Client1 Train => Local Epoch: 3 / 5 	Acc: 30.035 	Loss: 2.1216[00m
[91m Client1 Train => Local Epoch: 4 / 5 	Acc: 30.035 	Loss: 2.1110[00m
[92m  Client1 Test => 	Acc: 11.061 	Loss: 3.8378[00m
[91m Client2 Train => Local Epoch: 0 / 5 	Acc: 42.361 	Loss: 2.3150[00m
[91m Client2 Train => Local Epoch: 1 / 5 	Acc: 42.448 	Loss: 2.1128[00m
[91m Client2 Train => Local Epoch: 2 / 5 	Acc: 42.535 	Loss: 2.0857[00m
[91m Client2 Train => Local Epoch: 3 / 5 	Acc: 42.622 	Loss: 2.0761[00m
[91m Client2 Train => Local Epoch: 4 / 5 	Acc: 42.274 	Loss: 2.0840[00m
[92m  Client2 Test => 	Acc: 12.949 	Loss: 3.3326[00m
[91m Client3 Train => Local Epoch: 0 / 5 	Acc: 29.427 	Loss: 2.0724[00m
[91m Client3 Train => Local Epoch: 1 / 5 	Acc: 29.731 	Loss: 1.9078[00m
[91m Client3 Train => Local Epoch: 2 / 5 	Acc: 32.812 	Loss: 1.9040[00m
[91m Client3 Train => Local Epoch: 3 / 5 	Acc: 32.552 	Loss: 1.9054[00m
[91m Client3 Train => Local Epoch: 4 / 5 	Acc: 33.160 	Loss: 1.9054[00m
[92m  Client3 Test => 	Acc: 7.922 	Loss: 3.3945[00m
[91m Client4 Train => Local Epoch: 0 / 5 	Acc: 20.996 	Loss: 2.3991[00m
[91m Client4 Train => Local Epoch: 1 / 5 	Acc: 47.559 	Loss: 1.6548[00m
[91m Client4 Train => Local Epoch: 2 / 5 	Acc: 61.035 	Loss: 1.2098[00m
[91m Client4 Train => Local Epoch: 3 / 5 	Acc: 67.480 	Loss: 1.0047[00m
[91m Client4 Train => Local Epoch: 4 / 5 	Acc: 71.973 	Loss: 0.8260[00m
[92m  Client4 Test => 	Acc: 40.750 	Loss: 3.7497[00m
[91m Client5 Train => Local Epoch: 0 / 5 	Acc: 24.479 	Loss: 2.4053[00m
[91m Client5 Train => Local Epoch: 1 / 5 	Acc: 38.151 	Loss: 1.9428[00m
[91m Client5 Train => Local Epoch: 2 / 5 	Acc: 56.380 	Loss: 1.3730[00m
[91m Client5 Train => Local Epoch: 3 / 5 	Acc: 67.839 	Loss: 1.0254[00m
[91m Client5 Train => Local Epoch: 4 / 5 	Acc: 62.240 	Loss: 1.2702[00m
[92m  Client5 Test => 	Acc: 29.740 	Loss: 2.3551[00m
[91m Client6 Train => Local Epoch: 0 / 5 	Acc: 41.906 	Loss: 1.9582[00m
[91m Client6 Train => Local Epoch: 1 / 5 	Acc: 58.062 	Loss: 1.4165[00m
[91m Client6 Train => Local Epoch: 2 / 5 	Acc: 69.438 	Loss: 1.0227[00m
[91m Client6 Train => Local Epoch: 3 / 5 	Acc: 78.406 	Loss: 0.7321[00m
[91m Client6 Train => Local Epoch: 4 / 5 	Acc: 80.438 	Loss: 0.6652[00m
[92m  Client6 Test => 	Acc: 61.047 	Loss: 1.4686[00m
[91m Client7 Train => Local Epoch: 0 / 5 	Acc: 23.125 	Loss: 2.3836[00m
[91m Client7 Train => Local Epoch: 1 / 5 	Acc: 38.750 	Loss: 1.8718[00m
[91m Client7 Train => Local Epoch: 2 / 5 	Acc: 49.609 	Loss: 1.5408[00m
[91m Client7 Train => Local Epoch: 3 / 5 	Acc: 54.531 	Loss: 1.3957[00m
[91m Client7 Train => Local Epoch: 4 / 5 	Acc: 61.875 	Loss: 1.1145[00m
[92m  Client7 Test => 	Acc: 37.374 	Loss: 2.5887[00m
[91m Client8 Train => Local Epoch: 0 / 5 	Acc: 13.542 	Loss: 2.7144[00m
[91m Client8 Train => Local Epoch: 1 / 5 	Acc: 31.771 	Loss: 2.1330[00m
[91m Client8 Train => Local Epoch: 2 / 5 	Acc: 54.557 	Loss: 1.6842[00m
[91m Client8 Train => Local Epoch: 3 / 5 	Acc: 54.297 	Loss: 1.7025[00m
[91m Client8 Train => Local Epoch: 4 / 5 	Acc: 58.724 	Loss: 1.3089[00m
[92m  Client8 Test => 	Acc: 23.765 	Loss: 2.7741[00m
[91m Client9 Train => Local Epoch: 0 / 5 	Acc: 27.464 	Loss: 2.1109[00m
[91m Client9 Train => Local Epoch: 1 / 5 	Acc: 59.135 	Loss: 1.4015[00m
[91m Client9 Train => Local Epoch: 2 / 5 	Acc: 66.827 	Loss: 1.1496[00m
[91m Client9 Train => Local Epoch: 3 / 5 	Acc: 76.803 	Loss: 0.8072[00m
[91m Client9 Train => Local Epoch: 4 / 5 	Acc: 80.168 	Loss: 0.6529[00m
[92m  Client9 Test => 	Acc: 57.823 	Loss: 1.6625[00m
------------------------------------------------
------ Federation process at Server-Side ------- 
------------------------------------------------
-----------------------------------------------------------
------ FedServer: Federation process at Client-Side ------- 
-----------------------------------------------------------
[1. 1. 1. 1. 1. 1. 0. 1. 1. 1.]
Client-side aggregation done
[1. 1. 1. 1. 1. 1. 0. 1. 1. 1.]
Server-side aggregation done
[92m  Client0 Test => 	Acc: 16.870 	Loss: 2.4011[00m
 Train: Round   3, Avg Accuracy 55.922 | Avg Loss 1.377
[91m Client0 Train => Local Epoch: 0 / 5 	Acc: 31.358 	Loss: 2.3564[00m
[91m Client0 Train => Local Epoch: 1 / 5 	Acc: 35.857 	Loss: 2.3878[00m
[91m Client0 Train => Local Epoch: 2 / 5 	Acc: 37.419 	Loss: 1.8445[00m
[91m Client0 Train => Local Epoch: 3 / 5 	Acc: 38.470 	Loss: 1.8334[00m
[91m Client0 Train => Local Epoch: 4 / 5 	Acc: 38.443 	Loss: 1.8303[00m
[92m  Client0 Test => 	Acc: 12.348 	Loss: 3.4889[00m
[91m Client1 Train => Local Epoch: 0 / 5 	Acc: 17.188 	Loss: 2.5933[00m
[91m Client1 Train => Local Epoch: 1 / 5 	Acc: 28.125 	Loss: 2.1754[00m
[91m Client1 Train => Local Epoch: 2 / 5 	Acc: 30.122 	Loss: 2.1275[00m
[91m Client1 Train => Local Epoch: 3 / 5 	Acc: 29.688 	Loss: 2.1192[00m
[91m Client1 Train => Local Epoch: 4 / 5 	Acc: 29.948 	Loss: 2.1100[00m
[92m  Client1 Test => 	Acc: 11.047 	Loss: 3.2527[00m
[91m Client2 Train => Local Epoch: 0 / 5 	Acc: 42.101 	Loss: 2.2598[00m
[91m Client2 Train => Local Epoch: 1 / 5 	Acc: 42.448 	Loss: 2.0858[00m
[91m Client2 Train => Local Epoch: 2 / 5 	Acc: 42.361 	Loss: 2.0886[00m
[91m Client2 Train => Local Epoch: 3 / 5 	Acc: 42.535 	Loss: 2.0820[00m
[91m Client2 Train => Local Epoch: 4 / 5 	Acc: 42.361 	Loss: 2.0808[00m
[92m  Client2 Test => 	Acc: 12.963 	Loss: 3.3190[00m
[91m Client3 Train => Local Epoch: 0 / 5 	Acc: 25.043 	Loss: 2.2512[00m
[91m Client3 Train => Local Epoch: 1 / 5 	Acc: 32.075 	Loss: 1.9461[00m
[91m Client3 Train => Local Epoch: 2 / 5 	Acc: 28.602 	Loss: 2.2743[00m
[91m Client3 Train => Local Epoch: 3 / 5 	Acc: 31.510 	Loss: 2.1138[00m
[91m Client3 Train => Local Epoch: 4 / 5 	Acc: 31.727 	Loss: 1.9148[00m
[92m  Client3 Test => 	Acc: 7.949 	Loss: 3.4790[00m
[91m Client4 Train => Local Epoch: 0 / 5 	Acc: 33.691 	Loss: 1.9925[00m
[91m Client4 Train => Local Epoch: 1 / 5 	Acc: 61.621 	Loss: 1.1413[00m
[91m Client4 Train => Local Epoch: 2 / 5 	Acc: 67.871 	Loss: 0.9979[00m
[91m Client4 Train => Local Epoch: 3 / 5 	Acc: 75.391 	Loss: 0.7106[00m
[91m Client4 Train => Local Epoch: 4 / 5 	Acc: 75.195 	Loss: 0.7738[00m
[92m  Client4 Test => 	Acc: 42.315 	Loss: 2.2491[00m
[91m Client5 Train => Local Epoch: 0 / 5 	Acc: 48.438 	Loss: 1.9889[00m
[91m Client5 Train => Local Epoch: 1 / 5 	Acc: 60.026 	Loss: 1.2635[00m
[91m Client5 Train => Local Epoch: 2 / 5 	Acc: 63.672 	Loss: 1.0162[00m
[91m Client5 Train => Local Epoch: 3 / 5 	Acc: 70.964 	Loss: 0.9042[00m
[91m Client5 Train => Local Epoch: 4 / 5 	Acc: 70.573 	Loss: 0.8148[00m
[92m  Client5 Test => 	Acc: 47.936 	Loss: 2.6950[00m
[91m Client6 Train => Local Epoch: 0 / 5 	Acc: 58.250 	Loss: 1.4523[00m
[91m Client6 Train => Local Epoch: 1 / 5 	Acc: 74.188 	Loss: 0.8745[00m
[91m Client6 Train => Local Epoch: 2 / 5 	Acc: 82.406 	Loss: 0.5846[00m
[91m Client6 Train => Local Epoch: 3 / 5 	Acc: 84.719 	Loss: 0.5119[00m
[91m Client6 Train => Local Epoch: 4 / 5 	Acc: 85.031 	Loss: 0.5331[00m
[92m  Client6 Test => 	Acc: 62.471 	Loss: 1.3598[00m
[91m Client7 Train => Local Epoch: 0 / 5 	Acc: 36.094 	Loss: 1.9974[00m
[91m Client7 Train => Local Epoch: 1 / 5 	Acc: 58.516 	Loss: 1.2973[00m
[91m Client7 Train => Local Epoch: 2 / 5 	Acc: 60.469 	Loss: 1.2245[00m
[91m Client7 Train => Local Epoch: 3 / 5 	Acc: 65.625 	Loss: 1.0145[00m
[91m Client7 Train => Local Epoch: 4 / 5 	Acc: 71.172 	Loss: 0.8937[00m
[92m  Client7 Test => 	Acc: 51.556 	Loss: 1.9162[00m
[91m Client8 Train => Local Epoch: 0 / 5 	Acc: 26.172 	Loss: 2.4288[00mC:\Users\pr8pf\AppData\Local\anaconda3\Lib\site-packages\sklearn\cluster\_kmeans.py:1429: UserWarning: KMeans is known to have a memory leak on Windows with MKL, when there are less chunks than available threads. You can avoid it by setting the environment variable OMP_NUM_THREADS=1.
  warnings.warn(
C:\Users\pr8pf\AppData\Local\anaconda3\Lib\site-packages\sklearn\cluster\_kmeans.py:1429: UserWarning: KMeans is known to have a memory leak on Windows with MKL, when there are less chunks than available threads. You can avoid it by setting the environment variable OMP_NUM_THREADS=1.
  warnings.warn(
[codecarbon INFO @ 03:54:32] [setup] RAM Tracking...
[codecarbon INFO @ 03:54:32] [setup] CPU Tracking...
[codecarbon WARNING @ 03:54:32] No CPU tracking mode found. Falling back on CPU constant mode. 
 Windows OS detected: Please install Intel Power Gadget to measure CPU

[codecarbon INFO @ 03:54:34] CPU Model on constant consumption mode: Intel(R) Xeon(R) Gold 6258R CPU @ 2.70GHz
[codecarbon INFO @ 03:54:34] [setup] GPU Tracking...
[codecarbon INFO @ 03:54:34] Tracking Nvidia GPU via pynvml
[codecarbon INFO @ 03:54:34] >>> Tracker's metadata:
[codecarbon INFO @ 03:54:34]   Platform system: Windows-11-10.0.22631-SP0
[codecarbon INFO @ 03:54:34]   Python version: 3.12.7
[codecarbon INFO @ 03:54:34]   CodeCarbon version: 2.8.3
[codecarbon INFO @ 03:54:34]   Available RAM : 126.630 GB
[codecarbon INFO @ 03:54:34]   CPU count: 56
[codecarbon INFO @ 03:54:34]   CPU model: Intel(R) Xeon(R) Gold 6258R CPU @ 2.70GHz
[codecarbon INFO @ 03:54:34]   GPU count: 2
[codecarbon INFO @ 03:54:34]   GPU model: 2 x NVIDIA RTX A5000
[codecarbon INFO @ 03:54:37] Saving emissions data to file C:\Users\pr8pf\Documents\GitHub\SplitFed\emissions.csv
[codecarbon INFO @ 03:54:38] Energy consumed for RAM : 0.000012 kWh. RAM Power : 47.48608875274658 W
[codecarbon INFO @ 03:54:38] Energy consumed for all CPUs : 0.000025 kWh. Total CPU Power : 102.50000000000001 W
[codecarbon INFO @ 03:54:38] Energy consumed for all GPUs : 0.000004 kWh. Total GPU Power : 15.905501576798615 W
[codecarbon INFO @ 03:54:38] 0.000041 kWh of electricity used since the beginning.
[codecarbon INFO @ 03:55:32] [setup] RAM Tracking...
[codecarbon INFO @ 03:55:32] [setup] CPU Tracking...
[codecarbon WARNING @ 03:55:32] No CPU tracking mode found. Falling back on CPU constant mode. 
 Windows OS detected: Please install Intel Power Gadget to measure CPU

[codecarbon INFO @ 03:55:34] CPU Model on constant consumption mode: Intel(R) Xeon(R) Gold 6258R CPU @ 2.70GHz
[codecarbon INFO @ 03:55:34] [setup] GPU Tracking...
[codecarbon INFO @ 03:55:34] Tracking Nvidia GPU via pynvml
[codecarbon INFO @ 03:55:34] >>> Tracker's metadata:
[codecarbon INFO @ 03:55:34]   Platform system: Windows-11-10.0.22631-SP0
[codecarbon INFO @ 03:55:34]   Python version: 3.12.7
[codecarbon INFO @ 03:55:34]   CodeCarbon version: 2.8.3
[codecarbon INFO @ 03:55:34]   Available RAM : 126.630 GB
[codecarbon INFO @ 03:55:34]   CPU count: 56
[codecarbon INFO @ 03:55:34]   CPU model: Intel(R) Xeon(R) Gold 6258R CPU @ 2.70GHz
[codecarbon INFO @ 03:55:34]   GPU count: 2
[codecarbon INFO @ 03:55:34]   GPU model: 2 x NVIDIA RTX A5000
[codecarbon INFO @ 03:55:37] Saving emissions data to file C:\Users\pr8pf\Documents\GitHub\SplitFed\emissions.csv
[codecarbon INFO @ 03:55:38] Energy consumed for RAM : 0.000008 kWh. RAM Power : 47.48608875274658 W
[codecarbon INFO @ 03:55:38] Energy consumed for all CPUs : 0.000017 kWh. Total CPU Power : 102.50000000000001 W
[codecarbon INFO @ 03:55:38] Energy consumed for all GPUs : 0.000003 kWh. Total GPU Power : 17.254211219710257 W
[codecarbon INFO @ 03:55:38] 0.000028 kWh of electricity used since the beginning.
C:\Users\pr8pf\AppData\Local\anaconda3\Lib\site-packages\sklearn\cluster\_kmeans.py:1429: UserWarning: KMeans is known to have a memory leak on Windows with MKL, when there are less chunks than available threads. You can avoid it by setting the environment variable OMP_NUM_THREADS=1.
  warnings.warn(
C:\Users\pr8pf\AppData\Local\anaconda3\Lib\site-packages\sklearn\cluster\_kmeans.py:1429: UserWarning: KMeans is known to have a memory leak on Windows with MKL, when there are less chunks than available threads. You can avoid it by setting the environment variable OMP_NUM_THREADS=1.
  warnings.warn(
[codecarbon INFO @ 04:23:07] [setup] RAM Tracking...
[codecarbon INFO @ 04:23:07] [setup] CPU Tracking...
[codecarbon WARNING @ 04:23:07] No CPU tracking mode found. Falling back on CPU constant mode. 
 Windows OS detected: Please install Intel Power Gadget to measure CPU

[codecarbon INFO @ 04:23:09] CPU Model on constant consumption mode: Intel(R) Xeon(R) Gold 6258R CPU @ 2.70GHz
[codecarbon INFO @ 04:23:09] [setup] GPU Tracking...
[codecarbon INFO @ 04:23:09] Tracking Nvidia GPU via pynvml
[codecarbon INFO @ 04:23:09] >>> Tracker's metadata:
[codecarbon INFO @ 04:23:09]   Platform system: Windows-11-10.0.22631-SP0
[codecarbon INFO @ 04:23:09]   Python version: 3.12.7
[codecarbon INFO @ 04:23:09]   CodeCarbon version: 2.8.3
[codecarbon INFO @ 04:23:09]   Available RAM : 126.630 GB
[codecarbon INFO @ 04:23:09]   CPU count: 56
[codecarbon INFO @ 04:23:09]   CPU model: Intel(R) Xeon(R) Gold 6258R CPU @ 2.70GHz
[codecarbon INFO @ 04:23:09]   GPU count: 2
[codecarbon INFO @ 04:23:09]   GPU model: 2 x NVIDIA RTX A5000
[codecarbon INFO @ 04:23:12] Saving emissions data to file C:\Users\pr8pf\Documents\GitHub\SplitFed\emissions.csv
[codecarbon INFO @ 04:23:13] Energy consumed for RAM : 0.000009 kWh. RAM Power : 47.48608875274658 W
[codecarbon INFO @ 04:23:13] Energy consumed for all CPUs : 0.000019 kWh. Total CPU Power : 102.50000000000001 W
[codecarbon INFO @ 04:23:13] Energy consumed for all GPUs : 0.000003 kWh. Total GPU Power : 16.788968189847516 W
[codecarbon INFO @ 04:23:13] 0.000031 kWh of electricity used since the beginning.
[codecarbon INFO @ 04:24:07] [setup] RAM Tracking...
[codecarbon INFO @ 04:24:07] [setup] CPU Tracking...
[codecarbon WARNING @ 04:24:07] No CPU tracking mode found. Falling back on CPU constant mode. 
 Windows OS detected: Please install Intel Power Gadget to measure CPU

[codecarbon INFO @ 04:24:09] CPU Model on constant consumption mode: Intel(R) Xeon(R) Gold 6258R CPU @ 2.70GHz
[codecarbon INFO @ 04:24:09] [setup] GPU Tracking...
[codecarbon INFO @ 04:24:09] Tracking Nvidia GPU via pynvml
[codecarbon INFO @ 04:24:09] >>> Tracker's metadata:
[codecarbon INFO @ 04:24:09]   Platform system: Windows-11-10.0.22631-SP0
[codecarbon INFO @ 04:24:09]   Python version: 3.12.7
[codecarbon INFO @ 04:24:09]   CodeCarbon version: 2.8.3
[codecarbon INFO @ 04:24:09]   Available RAM : 126.630 GB
[codecarbon INFO @ 04:24:09]   CPU count: 56
[codecarbon INFO @ 04:24:09]   CPU model: Intel(R) Xeon(R) Gold 6258R CPU @ 2.70GHz
[codecarbon INFO @ 04:24:09]   GPU count: 2
[codecarbon INFO @ 04:24:09]   GPU model: 2 x NVIDIA RTX A5000
[codecarbon INFO @ 04:24:12] Saving emissions data to file C:\Users\pr8pf\Documents\GitHub\SplitFed\emissions.csv
[codecarbon INFO @ 04:24:13] Energy consumed for RAM : 0.000007 kWh. RAM Power : 47.48608875274658 W
[codecarbon INFO @ 04:24:13] Energy consumed for all CPUs : 0.000015 kWh. Total CPU Power : 102.50000000000001 W
[codecarbon INFO @ 04:24:13] Energy consumed for all GPUs : 0.000003 kWh. Total GPU Power : 19.736794555454676 W
[codecarbon INFO @ 04:24:13] 0.000025 kWh of electricity used since the beginning.
C:\Users\pr8pf\AppData\Local\anaconda3\Lib\site-packages\sklearn\cluster\_kmeans.py:1429: UserWarning: KMeans is known to have a memory leak on Windows with MKL, when there are less chunks than available threads. You can avoid it by setting the environment variable OMP_NUM_THREADS=1.
  warnings.warn(
C:\Users\pr8pf\AppData\Local\anaconda3\Lib\site-packages\sklearn\cluster\_kmeans.py:1429: UserWarning: KMeans is known to have a memory leak on Windows with MKL, when there are less chunks than available threads. You can avoid it by setting the environment variable OMP_NUM_THREADS=1.
  warnings.warn(
[codecarbon INFO @ 04:52:58] [setup] RAM Tracking...
[codecarbon INFO @ 04:52:58] [setup] CPU Tracking...
[codecarbon WARNING @ 04:52:58] No CPU tracking mode found. Falling back on CPU constant mode. 
 Windows OS detected: Please install Intel Power Gadget to measure CPU

[codecarbon INFO @ 04:53:00] CPU Model on constant consumption mode: Intel(R) Xeon(R) Gold 6258R CPU @ 2.70GHz
[codecarbon INFO @ 04:53:00] [setup] GPU Tracking...
[codecarbon INFO @ 04:53:00] Tracking Nvidia GPU via pynvml
[codecarbon INFO @ 04:53:00] >>> Tracker's metadata:
[codecarbon INFO @ 04:53:00]   Platform system: Windows-11-10.0.22631-SP0
[codecarbon INFO @ 04:53:00]   Python version: 3.12.7
[codecarbon INFO @ 04:53:00]   CodeCarbon version: 2.8.3
[codecarbon INFO @ 04:53:00]   Available RAM : 126.630 GB
[codecarbon INFO @ 04:53:00]   CPU count: 56
[codecarbon INFO @ 04:53:00]   CPU model: Intel(R) Xeon(R) Gold 6258R CPU @ 2.70GHz
[codecarbon INFO @ 04:53:00]   GPU count: 2
[codecarbon INFO @ 04:53:00]   GPU model: 2 x NVIDIA RTX A5000
[codecarbon INFO @ 04:53:03] Saving emissions data to file C:\Users\pr8pf\Documents\GitHub\SplitFed\emissions.csv
[codecarbon INFO @ 04:53:04] Energy consumed for RAM : 0.000012 kWh. RAM Power : 47.48608875274658 W
[codecarbon INFO @ 04:53:04] Energy consumed for all CPUs : 0.000026 kWh. Total CPU Power : 102.50000000000001 W
[codecarbon INFO @ 04:53:04] Energy consumed for all GPUs : 0.000004 kWh. Total GPU Power : 15.820264961258466 W
[codecarbon INFO @ 04:53:04] 0.000042 kWh of electricity used since the beginning.
[codecarbon INFO @ 04:54:21] [setup] RAM Tracking...
[codecarbon INFO @ 04:54:21] [setup] CPU Tracking...
[codecarbon WARNING @ 04:54:21] No CPU tracking mode found. Falling back on CPU constant mode. 
 Windows OS detected: Please install Intel Power Gadget to measure CPU

[codecarbon INFO @ 04:54:23] CPU Model on constant consumption mode: Intel(R) Xeon(R) Gold 6258R CPU @ 2.70GHz
[codecarbon INFO @ 04:54:23] [setup] GPU Tracking...
[codecarbon INFO @ 04:54:23] Tracking Nvidia GPU via pynvml
[codecarbon INFO @ 04:54:23] >>> Tracker's metadata:
[codecarbon INFO @ 04:54:23]   Platform system: Windows-11-10.0.22631-SP0
[codecarbon INFO @ 04:54:23]   Python version: 3.12.7
[codecarbon INFO @ 04:54:23]   CodeCarbon version: 2.8.3
[codecarbon INFO @ 04:54:23]   Available RAM : 126.630 GB
[codecarbon INFO @ 04:54:23]   CPU count: 56
[codecarbon INFO @ 04:54:23]   CPU model: Intel(R) Xeon(R) Gold 6258R CPU @ 2.70GHz
[codecarbon INFO @ 04:54:23]   GPU count: 2
[codecarbon INFO @ 04:54:23]   GPU model: 2 x NVIDIA RTX A5000
[codecarbon INFO @ 04:54:26] Saving emissions data to file C:\Users\pr8pf\Documents\GitHub\SplitFed\emissions.csv
[codecarbon INFO @ 04:54:27] Energy consumed for RAM : 0.000009 kWh. RAM Power : 47.48608875274658 W
[codecarbon INFO @ 04:54:27] Energy consumed for all CPUs : 0.000020 kWh. Total CPU Power : 102.50000000000001 W
[codecarbon INFO @ 04:54:27] Energy consumed for all GPUs : 0.000004 kWh. Total GPU Power : 18.71256494076922 W
[codecarbon INFO @ 04:54:27] 0.000032 kWh of electricity used since the beginning.
C:\Users\pr8pf\AppData\Local\anaconda3\Lib\site-packages\sklearn\cluster\_kmeans.py:1429: UserWarning: KMeans is known to have a memory leak on Windows with MKL, when there are less chunks than available threads. You can avoid it by setting the environment variable OMP_NUM_THREADS=1.
  warnings.warn(
C:\Users\pr8pf\AppData\Local\anaconda3\Lib\site-packages\sklearn\cluster\_kmeans.py:1429: UserWarning: KMeans is known to have a memory leak on Windows with MKL, when there are less chunks than available threads. You can avoid it by setting the environment variable OMP_NUM_THREADS=1.
  warnings.warn(
[codecarbon INFO @ 05:28:29] [setup] RAM Tracking...
[codecarbon INFO @ 05:28:29] [setup] CPU Tracking...
[codecarbon WARNING @ 05:28:29] No CPU tracking mode found. Falling back on CPU constant mode. 
 Windows OS detected: Please install Intel Power Gadget to measure CPU

[codecarbon INFO @ 05:28:31] CPU Model on constant consumption mode: Intel(R) Xeon(R) Gold 6258R CPU @ 2.70GHz
[codecarbon INFO @ 05:28:31] [setup] GPU Tracking...
[codecarbon INFO @ 05:28:31] Tracking Nvidia GPU via pynvml
[codecarbon INFO @ 05:28:31] >>> Tracker's metadata:
[codecarbon INFO @ 05:28:31]   Platform system: Windows-11-10.0.22631-SP0
[codecarbon INFO @ 05:28:31]   Python version: 3.12.7
[codecarbon INFO @ 05:28:31]   CodeCarbon version: 2.8.3
[codecarbon INFO @ 05:28:31]   Available RAM : 126.630 GB
[codecarbon INFO @ 05:28:31]   CPU count: 56
[codecarbon INFO @ 05:28:31]   CPU model: Intel(R) Xeon(R) Gold 6258R CPU @ 2.70GHz
[codecarbon INFO @ 05:28:31]   GPU count: 2
[codecarbon INFO @ 05:28:31]   GPU model: 2 x NVIDIA RTX A5000
[codecarbon INFO @ 05:28:34] Saving emissions data to file C:\Users\pr8pf\Documents\GitHub\SplitFed\emissions.csv
[codecarbon INFO @ 05:28:35] Energy consumed for RAM : 0.000011 kWh. RAM Power : 47.48608875274658 W
[codecarbon INFO @ 05:28:35] Energy consumed for all CPUs : 0.000024 kWh. Total CPU Power : 102.50000000000001 W
[codecarbon INFO @ 05:28:35] Energy consumed for all GPUs : 0.000004 kWh. Total GPU Power : 16.05497783398565 W
[codecarbon INFO @ 05:28:35] 0.000039 kWh of electricity used since the beginning.
[codecarbon INFO @ 05:29:32] [setup] RAM Tracking...
[codecarbon INFO @ 05:29:32] [setup] CPU Tracking...
[codecarbon WARNING @ 05:29:32] No CPU tracking mode found. Falling back on CPU constant mode. 
 Windows OS detected: Please install Intel Power Gadget to measure CPU

[codecarbon INFO @ 05:29:34] CPU Model on constant consumption mode: Intel(R) Xeon(R) Gold 6258R CPU @ 2.70GHz
[codecarbon INFO @ 05:29:34] [setup] GPU Tracking...
[codecarbon INFO @ 05:29:34] Tracking Nvidia GPU via pynvml
[codecarbon INFO @ 05:29:34] >>> Tracker's metadata:
[codecarbon INFO @ 05:29:34]   Platform system: Windows-11-10.0.22631-SP0
[codecarbon INFO @ 05:29:34]   Python version: 3.12.7
[codecarbon INFO @ 05:29:34]   CodeCarbon version: 2.8.3
[codecarbon INFO @ 05:29:34]   Available RAM : 126.630 GB
[codecarbon INFO @ 05:29:34]   CPU count: 56
[codecarbon INFO @ 05:29:34]   CPU model: Intel(R) Xeon(R) Gold 6258R CPU @ 2.70GHz
[codecarbon INFO @ 05:29:34]   GPU count: 2
[codecarbon INFO @ 05:29:34]   GPU model: 2 x NVIDIA RTX A5000
[codecarbon INFO @ 05:29:37] Saving emissions data to file C:\Users\pr8pf\Documents\GitHub\SplitFed\emissions.csv
[codecarbon INFO @ 05:29:38] Energy consumed for RAM : 0.000009 kWh. RAM Power : 47.48608875274658 W
[codecarbon INFO @ 05:29:38] Energy consumed for all CPUs : 0.000019 kWh. Total CPU Power : 102.50000000000001 W
[codecarbon INFO @ 05:29:38] Energy consumed for all GPUs : 0.000003 kWh. Total GPU Power : 17.06025279109917 W
[codecarbon INFO @ 05:29:38] 0.000030 kWh of electricity used since the beginning.

[91m Client8 Train => Local Epoch: 1 / 5 	Acc: 59.766 	Loss: 1.4426[00m
[91m Client8 Train => Local Epoch: 2 / 5 	Acc: 62.630 	Loss: 1.1263[00m
[91m Client8 Train => Local Epoch: 3 / 5 	Acc: 71.094 	Loss: 0.8607[00m
[91m Client8 Train => Local Epoch: 4 / 5 	Acc: 78.906 	Loss: 0.7106[00m
[92m  Client8 Test => 	Acc: 37.262 	Loss: 2.6369[00m
[91m Client9 Train => Local Epoch: 0 / 5 	Acc: 48.798 	Loss: 1.7326[00m
[91m Client9 Train => Local Epoch: 1 / 5 	Acc: 74.820 	Loss: 0.8839[00m
[91m Client9 Train => Local Epoch: 2 / 5 	Acc: 80.108 	Loss: 0.7517[00m
[91m Client9 Train => Local Epoch: 3 / 5 	Acc: 76.142 	Loss: 0.8060[00m
[91m Client9 Train => Local Epoch: 4 / 5 	Acc: 85.577 	Loss: 0.5017[00m
[92m  Client9 Test => 	Acc: 60.744 	Loss: 1.6367[00m
------------------------------------------------
------ Federation process at Server-Side ------- 
------------------------------------------------
-----------------------------------------------------------
------ FedServer: Federation process at Client-Side ------- 
-----------------------------------------------------------
[1. 1. 1. 1. 1. 1. 0. 1. 1. 1.]
Client-side aggregation done
[1. 1. 1. 1. 1. 1. 0. 1. 1. 1.]
Server-side aggregation done
[92m  Client0 Test => 	Acc: 27.893 	Loss: 2.3211[00m
 Train: Round   4, Avg Accuracy 60.893 | Avg Loss 1.216
[91m Client0 Train => Local Epoch: 0 / 5 	Acc: 35.075 	Loss: 1.9908[00m
[91m Client0 Train => Local Epoch: 1 / 5 	Acc: 38.066 	Loss: 1.8345[00m
[91m Client0 Train => Local Epoch: 2 / 5 	Acc: 38.443 	Loss: 1.8291[00m
[91m Client0 Train => Local Epoch: 3 / 5 	Acc: 38.416 	Loss: 1.8267[00m
[91m Client0 Train => Local Epoch: 4 / 5 	Acc: 38.443 	Loss: 1.8289[00m
[92m  Client0 Test => 	Acc: 12.355 	Loss: 3.4531[00m
[91m Client1 Train => Local Epoch: 0 / 5 	Acc: 19.878 	Loss: 2.4538[00m
[91m Client1 Train => Local Epoch: 1 / 5 	Acc: 29.601 	Loss: 2.1465[00m
[91m Client1 Train => Local Epoch: 2 / 5 	Acc: 29.774 	Loss: 2.1176[00m
[91m Client1 Train => Local Epoch: 3 / 5 	Acc: 29.514 	Loss: 2.1182[00m
[91m Client1 Train => Local Epoch: 4 / 5 	Acc: 29.774 	Loss: 2.1020[00m
[92m  Client1 Test => 	Acc: 11.054 	Loss: 3.7769[00m
[91m Client2 Train => Local Epoch: 0 / 5 	Acc: 42.448 	Loss: 2.2512[00m
[91m Client2 Train => Local Epoch: 1 / 5 	Acc: 42.014 	Loss: 2.1033[00m
[91m Client2 Train => Local Epoch: 2 / 5 	Acc: 42.188 	Loss: 2.0926[00m
[91m Client2 Train => Local Epoch: 3 / 5 	Acc: 42.188 	Loss: 2.0874[00m
[91m Client2 Train => Local Epoch: 4 / 5 	Acc: 42.361 	Loss: 2.0792[00m
[92m  Client2 Test => 	Acc: 12.936 	Loss: 3.3092[00m
[91m Client3 Train => Local Epoch: 0 / 5 	Acc: 27.387 	Loss: 2.0554[00m
[91m Client3 Train => Local Epoch: 1 / 5 	Acc: 32.769 	Loss: 1.9164[00m
[91m Client3 Train => Local Epoch: 2 / 5 	Acc: 33.116 	Loss: 1.9054[00m
[91m Client3 Train => Local Epoch: 3 / 5 	Acc: 32.812 	Loss: 3.3750[00m
[91m Client3 Train => Local Epoch: 4 / 5 	Acc: 33.507 	Loss: 1.9300[00m
[92m  Client3 Test => 	Acc: 7.936 	Loss: 3.7006[00m
[91m Client4 Train => Local Epoch: 0 / 5 	Acc: 47.559 	Loss: 1.8171[00m
[91m Client4 Train => Local Epoch: 1 / 5 	Acc: 66.406 	Loss: 0.9876[00m
[91m Client4 Train => Local Epoch: 2 / 5 	Acc: 74.805 	Loss: 0.7596[00m
[91m Client4 Train => Local Epoch: 3 / 5 	Acc: 79.883 	Loss: 0.6028[00m
[91m Client4 Train => Local Epoch: 4 / 5 	Acc: 84.473 	Loss: 0.4842[00m
[92m  Client4 Test => 	Acc: 52.331 	Loss: 2.4216[00m
[91m Client5 Train => Local Epoch: 0 / 5 	Acc: 50.000 	Loss: 1.9161[00m
[91m Client5 Train => Local Epoch: 1 / 5 	Acc: 66.146 	Loss: 1.0789[00m
[91m Client5 Train => Local Epoch: 2 / 5 	Acc: 75.911 	Loss: 0.7459[00m
[91m Client5 Train => Local Epoch: 3 / 5 	Acc: 77.734 	Loss: 0.6542[00m
[91m Client5 Train => Local Epoch: 4 / 5 	Acc: 81.120 	Loss: 0.5613[00m
[92m  Client5 Test => 	Acc: 50.409 	Loss: 2.5458[00m
[91m Client6 Train => Local Epoch: 0 / 5 	Acc: 65.688 	Loss: 1.1571[00m
[91m Client6 Train => Local Epoch: 1 / 5 	Acc: 81.156 	Loss: 0.6476[00m
[91m Client6 Train => Local Epoch: 2 / 5 	Acc: 84.781 	Loss: 0.5233[00m
[91m Client6 Train => Local Epoch: 3 / 5 	Acc: 82.625 	Loss: 0.5815[00m
[91m Client6 Train => Local Epoch: 4 / 5 	Acc: 87.969 	Loss: 0.4022[00m
[92m  Client6 Test => 	Acc: 65.541 	Loss: 1.1796[00m
[91m Client7 Train => Local Epoch: 0 / 5 	Acc: 43.516 	Loss: 1.9100[00m
[91m Client7 Train => Local Epoch: 1 / 5 	Acc: 62.578 	Loss: 1.1215[00m
[91m Client7 Train => Local Epoch: 2 / 5 	Acc: 72.344 	Loss: 0.8796[00m
[91m Client7 Train => Local Epoch: 3 / 5 	Acc: 74.688 	Loss: 0.8059[00m
[91m Client7 Train => Local Epoch: 4 / 5 	Acc: 77.500 	Loss: 0.6530[00m
[92m  Client7 Test => 	Acc: 55.817 	Loss: 1.7473[00m
[91m Client8 Train => Local Epoch: 0 / 5 	Acc: 36.979 	Loss: 2.3105[00m
[91m Client8 Train => Local Epoch: 1 / 5 	Acc: 67.318 	Loss: 1.1827[00m
[91m Client8 Train => Local Epoch: 2 / 5 	Acc: 74.740 	Loss: 0.8687[00m
[91m Client8 Train => Local Epoch: 3 / 5 	Acc: 82.161 	Loss: 0.6440[00m
[91m Client8 Train => Local Epoch: 4 / 5 	Acc: 86.198 	Loss: 0.5038[00m
[92m  Client8 Test => 	Acc: 47.768 	Loss: 1.9105[00m
[91m Client9 Train => Local Epoch: 0 / 5 	Acc: 62.079 	Loss: 1.4430[00m
[91m Client9 Train => Local Epoch: 1 / 5 	Acc: 75.962 	Loss: 0.8272[00m
[91m Client9 Train => Local Epoch: 2 / 5 	Acc: 85.397 	Loss: 0.5097[00m
[91m Client9 Train => Local Epoch: 3 / 5 	Acc: 82.933 	Loss: 0.6029[00m
[91m Client9 Train => Local Epoch: 4 / 5 	Acc: 79.207 	Loss: 0.7106[00m
[92m  Client9 Test => 	Acc: 57.449 	Loss: 1.6585[00m
------------------------------------------------
------ Federation process at Server-Side ------- 
------------------------------------------------
-----------------------------------------------------------
------ FedServer: Federation process at Client-Side ------- 
-----------------------------------------------------------
[1. 1. 1. 1. 1. 1. 0. 1. 1. 1.]
Client-side aggregation done
[1. 1. 1. 1. 1. 1. 0. 1. 1. 1.]
Server-side aggregation done
[92m  Client0 Test => 	Acc: 46.041 	Loss: 1.8734[00m
 Train: Round   5, Avg Accuracy 64.055 | Avg Loss 1.126
[91m Client0 Train => Local Epoch: 0 / 5 	Acc: 36.665 	Loss: 1.9512[00m
[91m Client0 Train => Local Epoch: 1 / 5 	Acc: 38.470 	Loss: 1.8337[00m
[91m Client0 Train => Local Epoch: 2 / 5 	Acc: 38.416 	Loss: 1.8297[00m
[91m Client0 Train => Local Epoch: 3 / 5 	Acc: 38.416 	Loss: 1.8280[00m
[91m Client0 Train => Local Epoch: 4 / 5 	Acc: 38.416 	Loss: 1.8266[00m
[92m  Client0 Test => 	Acc: 12.362 	Loss: 3.5292[00m
[91m Client1 Train => Local Epoch: 0 / 5 	Acc: 25.347 	Loss: 2.3733[00m
[91m Client1 Train => Local Epoch: 1 / 5 	Acc: 29.427 	Loss: 2.1636[00m
[91m Client1 Train => Local Epoch: 2 / 5 	Acc: 29.601 	Loss: 2.1407[00m
[91m Client1 Train => Local Epoch: 3 / 5 	Acc: 29.774 	Loss: 2.1221[00m
[91m Client1 Train => Local Epoch: 4 / 5 	Acc: 30.208 	Loss: 2.1101[00m
[92m  Client1 Test => 	Acc: 11.067 	Loss: 3.5904[00m
[91m Client2 Train => Local Epoch: 0 / 5 	Acc: 40.191 	Loss: 2.2454[00m
[91m Client2 Train => Local Epoch: 1 / 5 	Acc: 42.622 	Loss: 2.0968[00m
[91m Client2 Train => Local Epoch: 2 / 5 	Acc: 42.448 	Loss: 2.0964[00m
[91m Client2 Train => Local Epoch: 3 / 5 	Acc: 42.448 	Loss: 2.0761[00m
[91m Client2 Train => Local Epoch: 4 / 5 	Acc: 42.014 	Loss: 2.0911[00m
[92m  Client2 Test => 	Acc: 12.956 	Loss: 3.3203[00m
[91m Client3 Train => Local Epoch: 0 / 5 	Acc: 28.906 	Loss: 2.0815[00m
[91m Client3 Train => Local Epoch: 1 / 5 	Acc: 31.684 	Loss: 1.9099[00m
[91m Client3 Train => Local Epoch: 2 / 5 	Acc: 32.509 	Loss: 1.9076[00m
[91m Client3 Train => Local Epoch: 3 / 5 	Acc: 33.247 	Loss: 1.8966[00m
[91m Client3 Train => Local Epoch: 4 / 5 	Acc: 31.293 	Loss: 1.9077[00m
[92m  Client3 Test => 	Acc: 7.956 	Loss: 3.4421[00m
[91m Client4 Train => Local Epoch: 0 / 5 	Acc: 60.449 	Loss: 1.2819[00m
[91m Client4 Train => Local Epoch: 1 / 5 	Acc: 74.805 	Loss: 0.7501[00m
[91m Client4 Train => Local Epoch: 2 / 5 	Acc: 82.617 	Loss: 0.5579[00m
[91m Client4 Train => Local Epoch: 3 / 5 	Acc: 85.059 	Loss: 0.4457[00m
[91m Client4 Train => Local Epoch: 4 / 5 	Acc: 87.012 	Loss: 0.4080[00m
[92m  Client4 Test => 	Acc: 59.931 	Loss: 1.6856[00m
[91m Client5 Train => Local Epoch: 0 / 5 	Acc: 63.542 	Loss: 1.3049[00m
[91m Client5 Train => Local Epoch: 1 / 5 	Acc: 75.781 	Loss: 0.7922[00m
[91m Client5 Train => Local Epoch: 2 / 5 	Acc: 82.422 	Loss: 0.5664[00m
[91m Client5 Train => Local Epoch: 3 / 5 	Acc: 82.422 	Loss: 0.5424[00m
[91m Client5 Train => Local Epoch: 4 / 5 	Acc: 83.073 	Loss: 0.4539[00m
[92m  Client5 Test => 	Acc: 59.268 	Loss: 2.1914[00m
[91m Client6 Train => Local Epoch: 0 / 5 	Acc: 69.219 	Loss: 1.0150[00m
[91m Client6 Train => Local Epoch: 1 / 5 	Acc: 83.594 	Loss: 0.5775[00m
[91m Client6 Train => Local Epoch: 2 / 5 	Acc: 85.812 	Loss: 0.4939[00m
[91m Client6 Train => Local Epoch: 3 / 5 	Acc: 88.500 	Loss: 0.3873[00m
[91m Client6 Train => Local Epoch: 4 / 5 	Acc: 88.906 	Loss: 0.4073[00m
[92m  Client6 Test => 	Acc: 60.648 	Loss: 1.6224[00m
[91m Client7 Train => Local Epoch: 0 / 5 	Acc: 46.797 	Loss: 1.6737[00m
[91m Client7 Train => Local Epoch: 1 / 5 	Acc: 66.172 	Loss: 1.0384[00m
[91m Client7 Train => Local Epoch: 2 / 5 	Acc: 71.094 	Loss: 0.9098[00m
[91m Client7 Train => Local Epoch: 3 / 5 	Acc: 76.641 	Loss: 0.7181[00m
[91m Client7 Train => Local Epoch: 4 / 5 	Acc: 80.781 	Loss: 0.5816[00m
[92m  Client7 Test => 	Acc: 64.243 	Loss: 1.4924[00m
[91m Client8 Train => Local Epoch: 0 / 5 	Acc: 47.266 	Loss: 1.6795[00m
[91m Client8 Train => Local Epoch: 1 / 5 	Acc: 75.521 	Loss: 0.8403[00m
[91m Client8 Train => Local Epoch: 2 / 5 	Acc: 81.901 	Loss: 0.5938[00m
[91m Client8 Train => Local Epoch: 3 / 5 	Acc: 83.854 	Loss: 0.5352[00m
[91m Client8 Train => Local Epoch: 4 / 5 	Acc: 85.547 	Loss: 0.4609[00m
[92m  Client8 Test => 	Acc: 51.536 	Loss: 1.7986[00m
[91m Client9 Train => Local Epoch: 0 / 5 	Acc: 71.094 	Loss: 1.0319[00m
[91m Client9 Train => Local Epoch: 1 / 5 	Acc: 81.010 	Loss: 0.6331[00m
[91m Client9 Train => Local Epoch: 2 / 5 	Acc: 85.637 	Loss: 0.4867[00m
[91m Client9 Train => Local Epoch: 3 / 5 	Acc: 86.839 	Loss: 0.4339[00m
[91m Client9 Train => Local Epoch: 4 / 5 	Acc: 84.736 	Loss: 0.5483[00m
[92m  Client9 Test => 	Acc: 60.429 	Loss: 1.4395[00m
------------------------------------------------
------ Federation process at Server-Side ------- 
------------------------------------------------
-----------------------------------------------------------
------ FedServer: Federation process at Client-Side ------- 
-----------------------------------------------------------
[1. 1. 1. 1. 1. 1. 0. 1. 1. 1.]
Client-side aggregation done
[1. 1. 1. 1. 1. 1. 0. 1. 1. 1.]
Server-side aggregation done
[92m  Client0 Test => 	Acc: 57.160 	Loss: 1.6181[00m
 Train: Round   6, Avg Accuracy 65.199 | Avg Loss 1.080
[91m Client0 Train => Local Epoch: 0 / 5 	Acc: 34.644 	Loss: 1.9614[00m
[91m Client0 Train => Local Epoch: 1 / 5 	Acc: 38.631 	Loss: 1.8319[00m
[91m Client0 Train => Local Epoch: 2 / 5 	Acc: 38.470 	Loss: 1.8338[00m
[91m Client0 Train => Local Epoch: 3 / 5 	Acc: 38.389 	Loss: 1.8333[00m
[91m Client0 Train => Local Epoch: 4 / 5 	Acc: 38.389 	Loss: 1.8306[00m
[92m  Client0 Test => 	Acc: 12.362 	Loss: 3.3718[00m
[91m Client1 Train => Local Epoch: 0 / 5 	Acc: 20.312 	Loss: 2.4387[00m
[91m Client1 Train => Local Epoch: 1 / 5 	Acc: 27.951 	Loss: 2.1800[00m
[91m Client1 Train => Local Epoch: 2 / 5 	Acc: 29.514 	Loss: 2.1443[00m
[91m Client1 Train => Local Epoch: 3 / 5 	Acc: 30.122 	Loss: 2.1147[00m
[91m Client1 Train => Local Epoch: 4 / 5 	Acc: 30.122 	Loss: 2.1247[00m
[92m  Client1 Test => 	Acc: 11.081 	Loss: 3.5748[00m
[91m Client2 Train => Local Epoch: 0 / 5 	Acc: 37.847 	Loss: 2.2706[00m
[91m Client2 Train => Local Epoch: 1 / 5 	Acc: 42.535 	Loss: 2.1667[00m
[91m Client2 Train => Local Epoch: 2 / 5 	Acc: 42.361 	Loss: 2.1020[00m
[91m Client2 Train => Local Epoch: 3 / 5 	Acc: 42.101 	Loss: 2.0993[00m
[91m Client2 Train => Local Epoch: 4 / 5 	Acc: 42.535 	Loss: 2.0803[00m
[92m  Client2 Test => 	Acc: 12.894 	Loss: 2.9910[00m
[91m Client3 Train => Local Epoch: 0 / 5 	Acc: 27.387 	Loss: 2.1998[00m
[91m Client3 Train => Local Epoch: 1 / 5 	Acc: 33.073 	Loss: 1.9078[00m
[91m Client3 Train => Local Epoch: 2 / 5 	Acc: 33.464 	Loss: 1.8904[00m
[91m Client3 Train => Local Epoch: 3 / 5 	Acc: 33.420 	Loss: 1.8999[00m
[91m Client3 Train => Local Epoch: 4 / 5 	Acc: 33.333 	Loss: 1.8996[00m
[92m  Client3 Test => 	Acc: 7.942 	Loss: 3.5017[00m
[91m Client4 Train => Local Epoch: 0 / 5 	Acc: 69.141 	Loss: 1.0114[00m
[91m Client4 Train => Local Epoch: 1 / 5 	Acc: 82.422 	Loss: 0.5831[00m
[91m Client4 Train => Local Epoch: 2 / 5 	Acc: 85.254 	Loss: 0.4656[00m
[91m Client4 Train => Local Epoch: 3 / 5 	Acc: 85.840 	Loss: 0.4354[00m
[91m Client4 Train => Local Epoch: 4 / 5 	Acc: 87.695 	Loss: 0.3953[00m
[92m  Client4 Test => 	Acc: 62.956 	Loss: 1.7097[00m
[91m Client5 Train => Local Epoch: 0 / 5 	Acc: 72.526 	Loss: 1.0809[00m
[91m Client5 Train => Local Epoch: 1 / 5 	Acc: 77.214 	Loss: 0.6501[00m
[91m Client5 Train => Local Epoch: 2 / 5 	Acc: 82.292 	Loss: 0.5405[00m
[91m Client5 Train => Local Epoch: 3 / 5 	Acc: 83.724 	Loss: 0.4793[00m
[91m Client5 Train => Local Epoch: 4 / 5 	Acc: 85.938 	Loss: 0.4141[00m
[92m  Client5 Test => 	Acc: 63.481 	Loss: 2.0744[00m
[91m Client6 Train => Local Epoch: 0 / 5 	Acc: 76.844 	Loss: 0.8237[00m
[91m Client6 Train => Local Epoch: 1 / 5 	Acc: 84.812 	Loss: 0.5404[00m
[91m Client6 Train => Local Epoch: 2 / 5 	Acc: 83.906 	Loss: 0.5555[00m
[91m Client6 Train => Local Epoch: 3 / 5 	Acc: 88.688 	Loss: 0.3754[00m
[91m Client6 Train => Local Epoch: 4 / 5 	Acc: 90.688 	Loss: 0.3197[00m
[92m  Client6 Test => 	Acc: 64.738 	Loss: 1.1951[00m
[91m Client7 Train => Local Epoch: 0 / 5 	Acc: 60.859 	Loss: 1.2868[00m
[91m Client7 Train => Local Epoch: 1 / 5 	Acc: 74.219 	Loss: 0.7984[00m
[91m Client7 Train => Local Epoch: 2 / 5 	Acc: 76.875 	Loss: 0.7180[00m
[91m Client7 Train => Local Epoch: 3 / 5 	Acc: 79.297 	Loss: 0.6389[00m
[91m Client7 Train => Local Epoch: 4 / 5 	Acc: 83.906 	Loss: 0.5253[00m
[92m  Client7 Test => 	Acc: 63.812 	Loss: 1.7097[00m
[91m Client8 Train => Local Epoch: 0 / 5 	Acc: 63.021 	Loss: 1.3367[00m
[91m Client8 Train => Local Epoch: 1 / 5 	Acc: 82.292 	Loss: 0.6235[00m
[91m Client8 Train => Local Epoch: 2 / 5 	Acc: 86.198 	Loss: 0.4380[00m
[91m Client8 Train => Local Epoch: 3 / 5 	Acc: 91.536 	Loss: 0.3220[00m
[91m Client8 Train => Local Epoch: 4 / 5 	Acc: 91.667 	Loss: 0.2530[00m
[92m  Client8 Test => 	Acc: 53.853 	Loss: 1.9595[00m
[91m Client9 Train => Local Epoch: 0 / 5 	Acc: 76.623 	Loss: 0.8670[00m
[91m Client9 Train => Local Epoch: 1 / 5 	Acc: 85.938 	Loss: 0.4762[00m
[91m Client9 Train => Local Epoch: 2 / 5 	Acc: 89.002 	Loss: 0.3874[00m
[91m Client9 Train => Local Epoch: 3 / 5 	Acc: 91.587 	Loss: 0.2712[00m
[91m Client9 Train => Local Epoch: 4 / 5 	Acc: 90.445 	Loss: 0.3278[00m
[92m  Client9 Test => 	Acc: 70.421 	Loss: 1.0464[00m
------------------------------------------------
------ Federation process at Server-Side ------- 
------------------------------------------------
-----------------------------------------------------------
------ FedServer: Federation process at Client-Side ------- 
-----------------------------------------------------------
[1. 1. 1. 1. 1. 1. 0. 1. 1. 1.]
Client-side aggregation done
[1. 1. 1. 1. 1. 1. 0. 1. 1. 1.]
Server-side aggregation done
[92m  Client0 Test => 	Acc: 59.268 	Loss: 1.5212[00m
 Train: Round   7, Avg Accuracy 67.472 | Avg Loss 1.017
[91m Client0 Train => Local Epoch: 0 / 5 	Acc: 36.530 	Loss: 1.9127[00m
[91m Client0 Train => Local Epoch: 1 / 5 	Acc: 38.173 	Loss: 1.8401[00m
[91m Client0 Train => Local Epoch: 2 / 5 	Acc: 38.389 	Loss: 1.8394[00m
[91m Client0 Train => Local Epoch: 3 / 5 	Acc: 38.443 	Loss: 1.8311[00m
[91m Client0 Train => Local Epoch: 4 / 5 	Acc: 38.443 	Loss: 1.8326[00mC:\Users\pr8pf\AppData\Local\anaconda3\Lib\site-packages\sklearn\cluster\_kmeans.py:1429: UserWarning: KMeans is known to have a memory leak on Windows with MKL, when there are less chunks than available threads. You can avoid it by setting the environment variable OMP_NUM_THREADS=1.
  warnings.warn(
C:\Users\pr8pf\AppData\Local\anaconda3\Lib\site-packages\sklearn\cluster\_kmeans.py:1429: UserWarning: KMeans is known to have a memory leak on Windows with MKL, when there are less chunks than available threads. You can avoid it by setting the environment variable OMP_NUM_THREADS=1.
  warnings.warn(
[codecarbon INFO @ 05:58:09] [setup] RAM Tracking...
[codecarbon INFO @ 05:58:09] [setup] CPU Tracking...
[codecarbon WARNING @ 05:58:09] No CPU tracking mode found. Falling back on CPU constant mode. 
 Windows OS detected: Please install Intel Power Gadget to measure CPU

[codecarbon INFO @ 05:58:11] CPU Model on constant consumption mode: Intel(R) Xeon(R) Gold 6258R CPU @ 2.70GHz
[codecarbon INFO @ 05:58:11] [setup] GPU Tracking...
[codecarbon INFO @ 05:58:11] Tracking Nvidia GPU via pynvml
[codecarbon INFO @ 05:58:11] >>> Tracker's metadata:
[codecarbon INFO @ 05:58:11]   Platform system: Windows-11-10.0.22631-SP0
[codecarbon INFO @ 05:58:11]   Python version: 3.12.7
[codecarbon INFO @ 05:58:11]   CodeCarbon version: 2.8.3
[codecarbon INFO @ 05:58:11]   Available RAM : 126.630 GB
[codecarbon INFO @ 05:58:11]   CPU count: 56
[codecarbon INFO @ 05:58:11]   CPU model: Intel(R) Xeon(R) Gold 6258R CPU @ 2.70GHz
[codecarbon INFO @ 05:58:11]   GPU count: 2
[codecarbon INFO @ 05:58:11]   GPU model: 2 x NVIDIA RTX A5000
[codecarbon INFO @ 05:58:14] Saving emissions data to file C:\Users\pr8pf\Documents\GitHub\SplitFed\emissions.csv
[codecarbon INFO @ 05:58:15] Energy consumed for RAM : 0.000011 kWh. RAM Power : 47.48608875274658 W
[codecarbon INFO @ 05:58:15] Energy consumed for all CPUs : 0.000024 kWh. Total CPU Power : 102.50000000000001 W
[codecarbon INFO @ 05:58:15] Energy consumed for all GPUs : 0.000004 kWh. Total GPU Power : 16.511652883608967 W
[codecarbon INFO @ 05:58:15] 0.000039 kWh of electricity used since the beginning.
[codecarbon INFO @ 05:59:13] [setup] RAM Tracking...
[codecarbon INFO @ 05:59:13] [setup] CPU Tracking...
[codecarbon WARNING @ 05:59:13] No CPU tracking mode found. Falling back on CPU constant mode. 
 Windows OS detected: Please install Intel Power Gadget to measure CPU

[codecarbon INFO @ 05:59:14] CPU Model on constant consumption mode: Intel(R) Xeon(R) Gold 6258R CPU @ 2.70GHz
[codecarbon INFO @ 05:59:14] [setup] GPU Tracking...
[codecarbon INFO @ 05:59:14] Tracking Nvidia GPU via pynvml
[codecarbon INFO @ 05:59:14] >>> Tracker's metadata:
[codecarbon INFO @ 05:59:14]   Platform system: Windows-11-10.0.22631-SP0
[codecarbon INFO @ 05:59:14]   Python version: 3.12.7
[codecarbon INFO @ 05:59:14]   CodeCarbon version: 2.8.3
[codecarbon INFO @ 05:59:14]   Available RAM : 126.630 GB
[codecarbon INFO @ 05:59:14]   CPU count: 56
[codecarbon INFO @ 05:59:14]   CPU model: Intel(R) Xeon(R) Gold 6258R CPU @ 2.70GHz
[codecarbon INFO @ 05:59:14]   GPU count: 2
[codecarbon INFO @ 05:59:14]   GPU model: 2 x NVIDIA RTX A5000
[codecarbon INFO @ 05:59:18] Saving emissions data to file C:\Users\pr8pf\Documents\GitHub\SplitFed\emissions.csv
[codecarbon INFO @ 05:59:18] Energy consumed for RAM : 0.000010 kWh. RAM Power : 47.48608875274658 W
[codecarbon INFO @ 05:59:18] Energy consumed for all CPUs : 0.000021 kWh. Total CPU Power : 102.50000000000001 W
[codecarbon INFO @ 05:59:18] Energy consumed for all GPUs : 0.000004 kWh. Total GPU Power : 17.994056967474044 W
[codecarbon INFO @ 05:59:18] 0.000034 kWh of electricity used since the beginning.

[92m  Client0 Test => 	Acc: 12.341 	Loss: 3.4981[00m
[91m Client1 Train => Local Epoch: 0 / 5 	Acc: 26.389 	Loss: 2.3021[00m
[91m Client1 Train => Local Epoch: 1 / 5 	Acc: 30.122 	Loss: 2.1493[00m
[91m Client1 Train => Local Epoch: 2 / 5 	Acc: 29.514 	Loss: 2.1303[00m
[91m Client1 Train => Local Epoch: 3 / 5 	Acc: 29.688 	Loss: 2.1310[00m
[91m Client1 Train => Local Epoch: 4 / 5 	Acc: 29.601 	Loss: 2.1236[00m
[92m  Client1 Test => 	Acc: 11.061 	Loss: 3.4924[00m
[91m Client2 Train => Local Epoch: 0 / 5 	Acc: 42.361 	Loss: 2.4260[00m
[91m Client2 Train => Local Epoch: 1 / 5 	Acc: 38.108 	Loss: 2.2270[00m
[91m Client2 Train => Local Epoch: 2 / 5 	Acc: 42.361 	Loss: 2.0917[00m
[91m Client2 Train => Local Epoch: 3 / 5 	Acc: 42.622 	Loss: 2.1188[00m
[91m Client2 Train => Local Epoch: 4 / 5 	Acc: 42.274 	Loss: 2.3171[00m
[92m  Client2 Test => 	Acc: 12.963 	Loss: 3.4363[00m
[91m Client3 Train => Local Epoch: 0 / 5 	Acc: 29.818 	Loss: 2.0092[00m
[91m Client3 Train => Local Epoch: 1 / 5 	Acc: 32.465 	Loss: 1.9395[00m
[91m Client3 Train => Local Epoch: 2 / 5 	Acc: 32.248 	Loss: 1.9105[00m
[91m Client3 Train => Local Epoch: 3 / 5 	Acc: 32.856 	Loss: 1.9067[00m
[91m Client3 Train => Local Epoch: 4 / 5 	Acc: 33.030 	Loss: 1.9011[00m
[92m  Client3 Test => 	Acc: 7.929 	Loss: 4.6119[00m
[91m Client4 Train => Local Epoch: 0 / 5 	Acc: 74.609 	Loss: 0.8829[00m
[91m Client4 Train => Local Epoch: 1 / 5 	Acc: 81.055 	Loss: 0.5356[00m
[91m Client4 Train => Local Epoch: 2 / 5 	Acc: 85.449 	Loss: 0.4500[00m
[91m Client4 Train => Local Epoch: 3 / 5 	Acc: 89.648 	Loss: 0.3239[00m
[91m Client4 Train => Local Epoch: 4 / 5 	Acc: 89.453 	Loss: 0.3636[00m
[92m  Client4 Test => 	Acc: 63.546 	Loss: 1.4780[00m
[91m Client5 Train => Local Epoch: 0 / 5 	Acc: 70.182 	Loss: 1.0394[00m
[91m Client5 Train => Local Epoch: 1 / 5 	Acc: 81.510 	Loss: 0.5345[00m
[91m Client5 Train => Local Epoch: 2 / 5 	Acc: 86.458 	Loss: 0.4352[00m
[91m Client5 Train => Local Epoch: 3 / 5 	Acc: 88.542 	Loss: 0.3501[00m
[91m Client5 Train => Local Epoch: 4 / 5 	Acc: 90.234 	Loss: 0.2995[00m
[92m  Client5 Test => 	Acc: 65.414 	Loss: 2.1840[00m
[91m Client6 Train => Local Epoch: 0 / 5 	Acc: 78.938 	Loss: 0.7433[00m
[91m Client6 Train => Local Epoch: 1 / 5 	Acc: 87.094 	Loss: 0.4113[00m
[91m Client6 Train => Local Epoch: 2 / 5 	Acc: 87.812 	Loss: 0.3862[00m
[91m Client6 Train => Local Epoch: 3 / 5 	Acc: 91.438 	Loss: 0.3047[00m
[91m Client6 Train => Local Epoch: 4 / 5 	Acc: 90.656 	Loss: 0.3045[00m
[92m  Client6 Test => 	Acc: 71.706 	Loss: 0.9402[00m
[91m Client7 Train => Local Epoch: 0 / 5 	Acc: 63.750 	Loss: 1.1084[00m
[91m Client7 Train => Local Epoch: 1 / 5 	Acc: 79.609 	Loss: 0.6396[00m
[91m Client7 Train => Local Epoch: 2 / 5 	Acc: 81.328 	Loss: 0.5944[00m
[91m Client7 Train => Local Epoch: 3 / 5 	Acc: 86.562 	Loss: 0.4634[00m
[91m Client7 Train => Local Epoch: 4 / 5 	Acc: 88.438 	Loss: 0.3729[00m
[92m  Client7 Test => 	Acc: 69.922 	Loss: 1.2384[00m
[91m Client8 Train => Local Epoch: 0 / 5 	Acc: 63.932 	Loss: 1.2907[00m
[91m Client8 Train => Local Epoch: 1 / 5 	Acc: 83.333 	Loss: 0.6516[00m
[91m Client8 Train => Local Epoch: 2 / 5 	Acc: 84.766 	Loss: 0.5394[00m
[91m Client8 Train => Local Epoch: 3 / 5 	Acc: 87.500 	Loss: 0.3733[00m
[91m Client8 Train => Local Epoch: 4 / 5 	Acc: 90.104 	Loss: 0.3196[00m
[92m  Client8 Test => 	Acc: 54.709 	Loss: 1.5757[00m
[91m Client9 Train => Local Epoch: 0 / 5 	Acc: 80.889 	Loss: 0.7646[00m
[91m Client9 Train => Local Epoch: 1 / 5 	Acc: 86.899 	Loss: 0.4555[00m
[91m Client9 Train => Local Epoch: 2 / 5 	Acc: 91.767 	Loss: 0.2759[00m
[91m Client9 Train => Local Epoch: 3 / 5 	Acc: 93.570 	Loss: 0.2255[00m
[91m Client9 Train => Local Epoch: 4 / 5 	Acc: 94.471 	Loss: 0.1752[00m
[92m  Client9 Test => 	Acc: 74.102 	Loss: 0.9316[00m
------------------------------------------------
------ Federation process at Server-Side ------- 
------------------------------------------------
-----------------------------------------------------------
------ FedServer: Federation process at Client-Side ------- 
-----------------------------------------------------------
[1. 1. 1. 1. 1. 1. 0. 1. 1. 1.]
Client-side aggregation done
[1. 1. 1. 1. 1. 1. 0. 1. 1. 1.]
Server-side aggregation done
[92m  Client0 Test => 	Acc: 67.667 	Loss: 1.1586[00m
 Train: Round   8, Avg Accuracy 68.670 | Avg Loss 1.001
[91m Client0 Train => Local Epoch: 0 / 5 	Acc: 34.860 	Loss: 1.9542[00m
[91m Client0 Train => Local Epoch: 1 / 5 	Acc: 38.416 	Loss: 1.8348[00m
[91m Client0 Train => Local Epoch: 2 / 5 	Acc: 38.497 	Loss: 1.8313[00m
[91m Client0 Train => Local Epoch: 3 / 5 	Acc: 38.416 	Loss: 1.8326[00m
[91m Client0 Train => Local Epoch: 4 / 5 	Acc: 38.416 	Loss: 1.8291[00m
[92m  Client0 Test => 	Acc: 12.355 	Loss: 3.3892[00m
[91m Client1 Train => Local Epoch: 0 / 5 	Acc: 24.132 	Loss: 2.4054[00m
[91m Client1 Train => Local Epoch: 1 / 5 	Acc: 29.688 	Loss: 2.1448[00m
[91m Client1 Train => Local Epoch: 2 / 5 	Acc: 29.861 	Loss: 2.1261[00m
[91m Client1 Train => Local Epoch: 3 / 5 	Acc: 29.688 	Loss: 2.1190[00m
[91m Client1 Train => Local Epoch: 4 / 5 	Acc: 30.382 	Loss: 2.1055[00m
[92m  Client1 Test => 	Acc: 11.074 	Loss: 4.5224[00m
[91m Client2 Train => Local Epoch: 0 / 5 	Acc: 42.361 	Loss: 2.1796[00m
[91m Client2 Train => Local Epoch: 1 / 5 	Acc: 42.361 	Loss: 2.1052[00m
[91m Client2 Train => Local Epoch: 2 / 5 	Acc: 42.448 	Loss: 2.0815[00m
[91m Client2 Train => Local Epoch: 3 / 5 	Acc: 42.535 	Loss: 2.0762[00m
[91m Client2 Train => Local Epoch: 4 / 5 	Acc: 42.448 	Loss: 2.0739[00m
[92m  Client2 Test => 	Acc: 36.124 	Loss: 2.4538[00m
[91m Client3 Train => Local Epoch: 0 / 5 	Acc: 29.253 	Loss: 2.0439[00m
[91m Client3 Train => Local Epoch: 1 / 5 	Acc: 33.160 	Loss: 1.9278[00m
[91m Client3 Train => Local Epoch: 2 / 5 	Acc: 31.771 	Loss: 1.9178[00m
[91m Client3 Train => Local Epoch: 3 / 5 	Acc: 31.858 	Loss: 1.9165[00m
[91m Client3 Train => Local Epoch: 4 / 5 	Acc: 32.422 	Loss: 1.9012[00m
[92m  Client3 Test => 	Acc: 7.969 	Loss: 3.3376[00m
[91m Client4 Train => Local Epoch: 0 / 5 	Acc: 80.273 	Loss: 0.6744[00m
[91m Client4 Train => Local Epoch: 1 / 5 	Acc: 87.402 	Loss: 0.3825[00m
[91m Client4 Train => Local Epoch: 2 / 5 	Acc: 90.430 	Loss: 0.3079[00m
[91m Client4 Train => Local Epoch: 3 / 5 	Acc: 91.113 	Loss: 0.2705[00m
[91m Client4 Train => Local Epoch: 4 / 5 	Acc: 92.285 	Loss: 0.2578[00m
[92m  Client4 Test => 	Acc: 63.808 	Loss: 1.4058[00m
[91m Client5 Train => Local Epoch: 0 / 5 	Acc: 80.208 	Loss: 0.6895[00m
[91m Client5 Train => Local Epoch: 1 / 5 	Acc: 84.766 	Loss: 0.4722[00m
[91m Client5 Train => Local Epoch: 2 / 5 	Acc: 86.198 	Loss: 0.3507[00m
[91m Client5 Train => Local Epoch: 3 / 5 	Acc: 89.062 	Loss: 0.3454[00m
[91m Client5 Train => Local Epoch: 4 / 5 	Acc: 87.630 	Loss: 0.3551[00m
[92m  Client5 Test => 	Acc: 67.519 	Loss: 1.6556[00m
[91m Client6 Train => Local Epoch: 0 / 5 	Acc: 83.906 	Loss: 0.5769[00m
[91m Client6 Train => Local Epoch: 1 / 5 	Acc: 89.188 	Loss: 0.3797[00m
[91m Client6 Train => Local Epoch: 2 / 5 	Acc: 86.750 	Loss: 0.4425[00m
[91m Client6 Train => Local Epoch: 3 / 5 	Acc: 91.219 	Loss: 0.2937[00m
[91m Client6 Train => Local Epoch: 4 / 5 	Acc: 91.875 	Loss: 0.2659[00m
[92m  Client6 Test => 	Acc: 77.941 	Loss: 0.7026[00m
[91m Client7 Train => Local Epoch: 0 / 5 	Acc: 72.578 	Loss: 0.8719[00m
[91m Client7 Train => Local Epoch: 1 / 5 	Acc: 83.203 	Loss: 0.5650[00m
[91m Client7 Train => Local Epoch: 2 / 5 	Acc: 84.844 	Loss: 0.4728[00m
[91m Client7 Train => Local Epoch: 3 / 5 	Acc: 87.812 	Loss: 0.3648[00m
[91m Client7 Train => Local Epoch: 4 / 5 	Acc: 83.359 	Loss: 0.4825[00m
[92m  Client7 Test => 	Acc: 69.632 	Loss: 1.0900[00m
[91m Client8 Train => Local Epoch: 0 / 5 	Acc: 78.255 	Loss: 0.8036[00m
[91m Client8 Train => Local Epoch: 1 / 5 	Acc: 86.589 	Loss: 0.3788[00m
[91m Client8 Train => Local Epoch: 2 / 5 	Acc: 89.844 	Loss: 0.3553[00m
[91m Client8 Train => Local Epoch: 3 / 5 	Acc: 89.323 	Loss: 0.3122[00mC:\Users\pr8pf\AppData\Local\anaconda3\Lib\site-packages\sklearn\cluster\_kmeans.py:1429: UserWarning: KMeans is known to have a memory leak on Windows with MKL, when there are less chunks than available threads. You can avoid it by setting the environment variable OMP_NUM_THREADS=1.
  warnings.warn(
C:\Users\pr8pf\AppData\Local\anaconda3\Lib\site-packages\sklearn\cluster\_kmeans.py:1429: UserWarning: KMeans is known to have a memory leak on Windows with MKL, when there are less chunks than available threads. You can avoid it by setting the environment variable OMP_NUM_THREADS=1.
  warnings.warn(
[codecarbon INFO @ 06:27:50] [setup] RAM Tracking...
[codecarbon INFO @ 06:27:50] [setup] CPU Tracking...
[codecarbon WARNING @ 06:27:50] No CPU tracking mode found. Falling back on CPU constant mode. 
 Windows OS detected: Please install Intel Power Gadget to measure CPU

[codecarbon INFO @ 06:27:52] CPU Model on constant consumption mode: Intel(R) Xeon(R) Gold 6258R CPU @ 2.70GHz
[codecarbon INFO @ 06:27:52] [setup] GPU Tracking...
[codecarbon INFO @ 06:27:52] Tracking Nvidia GPU via pynvml
[codecarbon INFO @ 06:27:52] >>> Tracker's metadata:
[codecarbon INFO @ 06:27:52]   Platform system: Windows-11-10.0.22631-SP0
[codecarbon INFO @ 06:27:52]   Python version: 3.12.7
[codecarbon INFO @ 06:27:52]   CodeCarbon version: 2.8.3
[codecarbon INFO @ 06:27:52]   Available RAM : 126.630 GB
[codecarbon INFO @ 06:27:52]   CPU count: 56
[codecarbon INFO @ 06:27:52]   CPU model: Intel(R) Xeon(R) Gold 6258R CPU @ 2.70GHz
[codecarbon INFO @ 06:27:52]   GPU count: 2
[codecarbon INFO @ 06:27:52]   GPU model: 2 x NVIDIA RTX A5000
[codecarbon INFO @ 06:27:55] Saving emissions data to file C:\Users\pr8pf\Documents\GitHub\SplitFed\emissions.csv
[codecarbon INFO @ 06:27:56] Energy consumed for RAM : 0.000009 kWh. RAM Power : 47.48608875274658 W
[codecarbon INFO @ 06:27:56] Energy consumed for all CPUs : 0.000019 kWh. Total CPU Power : 102.50000000000001 W
[codecarbon INFO @ 06:27:56] Energy consumed for all GPUs : 0.000004 kWh. Total GPU Power : 21.614130631961725 W
[codecarbon INFO @ 06:27:56] 0.000032 kWh of electricity used since the beginning.

[91m Client8 Train => Local Epoch: 4 / 5 	Acc: 91.016 	Loss: 0.3043[00m
[92m  Client8 Test => 	Acc: 55.525 	Loss: 1.5742[00m
[91m Client9 Train => Local Epoch: 0 / 5 	Acc: 84.075 	Loss: 0.5861[00m
[91m Client9 Train => Local Epoch: 1 / 5 	Acc: 90.264 	Loss: 0.3242[00m
[91m Client9 Train => Local Epoch: 2 / 5 	Acc: 93.269 	Loss: 0.2234[00m
[91m Client9 Train => Local Epoch: 3 / 5 	Acc: 92.608 	Loss: 0.2502[00m
[91m Client9 Train => Local Epoch: 4 / 5 	Acc: 91.707 	Loss: 0.2860[00m
[92m  Client9 Test => 	Acc: 71.970 	Loss: 1.1938[00m
------------------------------------------------
------ Federation process at Server-Side ------- 
------------------------------------------------
-----------------------------------------------------------
------ FedServer: Federation process at Client-Side ------- 
-----------------------------------------------------------
[1. 1. 1. 1. 1. 1. 0. 1. 1. 1.]
Client-side aggregation done
[1. 1. 1. 1. 1. 1. 0. 1. 1. 1.]
Server-side aggregation done
[92m  Client0 Test => 	Acc: 64.593 	Loss: 1.2331[00m
 Train: Round   9, Avg Accuracy 68.154 | Avg Loss 0.986
Training and Evaluation completed!
===== END Sun 12/28/2025  6:28:57.51 ===== 
