===== START Fri 01/09/2026 16:19:09.48 ===== 
C:\Users\pr8pf\AppData\Local\anaconda3\Lib\site-packages\torchvision\models\_utils.py:208: UserWarning: The parameter 'pretrained' is deprecated since 0.13 and may be removed in the future, please use 'weights' instead.
  warnings.warn(
C:\Users\pr8pf\AppData\Local\anaconda3\Lib\site-packages\torchvision\models\_utils.py:223: UserWarning: Arguments other than a weight enum or `None` for 'weights' are deprecated since 0.13 and may be removed in the future. The current behavior is equivalent to passing `weights=VGG16_Weights.IMAGENET1K_V1`. You can also use `weights=VGG16_Weights.DEFAULT` to get the most up-to-date weights.
  warnings.warn(msg)
[codecarbon INFO @ 16:19:41] [setup] RAM Tracking...
[codecarbon INFO @ 16:19:41] [setup] CPU Tracking...
[codecarbon WARNING @ 16:19:41] No CPU tracking mode found. Falling back on CPU constant mode. 
 Windows OS detected: Please install Intel Power Gadget to measure CPU

[codecarbon INFO @ 16:19:43] CPU Model on constant consumption mode: Intel(R) Xeon(R) Gold 6258R CPU @ 2.70GHz
[codecarbon INFO @ 16:19:43] [setup] GPU Tracking...
[codecarbon INFO @ 16:19:43] Tracking Nvidia GPU via pynvml
[codecarbon INFO @ 16:19:43] >>> Tracker's metadata:
[codecarbon INFO @ 16:19:43]   Platform system: Windows-11-10.0.22631-SP0
[codecarbon INFO @ 16:19:43]   Python version: 3.12.7
[codecarbon INFO @ 16:19:43]   CodeCarbon version: 2.8.3
[codecarbon INFO @ 16:19:43]   Available RAM : 126.630 GB
[codecarbon INFO @ 16:19:43]   CPU count: 56
[codecarbon INFO @ 16:19:43]   CPU model: Intel(R) Xeon(R) Gold 6258R CPU @ 2.70GHz
[codecarbon INFO @ 16:19:43]   GPU count: 2
[codecarbon INFO @ 16:19:43]   GPU model: 2 x NVIDIA RTX A5000
[codecarbon INFO @ 16:19:46] Saving emissions data to file C:\Users\pr8pf\Documents\GitHub\SplitFed\emissions.csv
[codecarbon INFO @ 16:19:48] Energy consumed for RAM : 0.000019 kWh. RAM Power : 47.48608875274658 W
[codecarbon INFO @ 16:19:48] Energy consumed for all CPUs : 0.000041 kWh. Total CPU Power : 102.50000000000001 W
[codecarbon INFO @ 16:19:48] Energy consumed for all GPUs : 0.000007 kWh. Total GPU Power : 17.74929171141313 W
[codecarbon INFO @ 16:19:48] 0.000066 kWh of electricity used since the beginning.
C:\Users\pr8pf\AppData\Local\anaconda3\Lib\site-packages\sklearn\cluster\_kmeans.py:1429: UserWarning: KMeans is known to have a memory leak on Windows with MKL, when there are less chunks than available threads. You can avoid it by setting the environment variable OMP_NUM_THREADS=1.
  warnings.warn(
C:\Users\pr8pf\AppData\Local\anaconda3\Lib\site-packages\sklearn\cluster\_kmeans.py:1429: UserWarning: KMeans is known to have a memory leak on Windows with MKL, when there are less chunks than available threads. You can avoid it by setting the environment variable OMP_NUM_THREADS=1.
  warnings.warn(
[codecarbon INFO @ 16:45:43] [setup] RAM Tracking...
[codecarbon INFO @ 16:45:43] [setup] CPU Tracking...
[codecarbon WARNING @ 16:45:43] No CPU tracking mode found. Falling back on CPU constant mode. 
 Windows OS detected: Please install Intel Power Gadget to measure CPU

[codecarbon INFO @ 16:45:45] CPU Model on constant consumption mode: Intel(R) Xeon(R) Gold 6258R CPU @ 2.70GHz
[codecarbon INFO @ 16:45:45] [setup] GPU Tracking...
[codecarbon INFO @ 16:45:45] Tracking Nvidia GPU via pynvml
[codecarbon INFO @ 16:45:45] >>> Tracker's metadata:
[codecarbon INFO @ 16:45:45]   Platform system: Windows-11-10.0.22631-SP0
[codecarbon INFO @ 16:45:45]   Python version: 3.12.7
[codecarbon INFO @ 16:45:45]   CodeCarbon version: 2.8.3
[codecarbon INFO @ 16:45:45]   Available RAM : 126.630 GB
[codecarbon INFO @ 16:45:45]   CPU count: 56
[codecarbon INFO @ 16:45:45]   CPU model: Intel(R) Xeon(R) Gold 6258R CPU @ 2.70GHz
[codecarbon INFO @ 16:45:45]   GPU count: 2
[codecarbon INFO @ 16:45:45]   GPU model: 2 x NVIDIA RTX A5000
[codecarbon INFO @ 16:45:48] Saving emissions data to file C:\Users\pr8pf\Documents\GitHub\SplitFed\emissions.csv
[codecarbon INFO @ 16:45:48] Energy consumed for RAM : 0.000006 kWh. RAM Power : 47.48608875274658 W
[codecarbon INFO @ 16:45:48] Energy consumed for all CPUs : 0.000013 kWh. Total CPU Power : 102.50000000000001 W
[codecarbon INFO @ 16:45:48] Energy consumed for all GPUs : 0.000002 kWh. Total GPU Power : 15.508616033866984 W
[codecarbon INFO @ 16:45:48] 0.000021 kWh of electricity used since the beginning.
[codecarbon INFO @ 16:46:44] [setup] RAM Tracking...
[codecarbon INFO @ 16:46:44] [setup] CPU Tracking...
[codecarbon WARNING @ 16:46:44] No CPU tracking mode found. Falling back on CPU constant mode. 
 Windows OS detected: Please install Intel Power Gadget to measure CPU

[codecarbon INFO @ 16:46:46] CPU Model on constant consumption mode: Intel(R) Xeon(R) Gold 6258R CPU @ 2.70GHz
[codecarbon INFO @ 16:46:46] [setup] GPU Tracking...
[codecarbon INFO @ 16:46:46] Tracking Nvidia GPU via pynvml
[codecarbon INFO @ 16:46:46] >>> Tracker's metadata:
[codecarbon INFO @ 16:46:46]   Platform system: Windows-11-10.0.22631-SP0
[codecarbon INFO @ 16:46:46]   Python version: 3.12.7
[codecarbon INFO @ 16:46:46]   CodeCarbon version: 2.8.3
[codecarbon INFO @ 16:46:46]   Available RAM : 126.630 GB
[codecarbon INFO @ 16:46:46]   CPU count: 56
[codecarbon INFO @ 16:46:46]   CPU model: Intel(R) Xeon(R) Gold 6258R CPU @ 2.70GHz
[codecarbon INFO @ 16:46:46]   GPU count: 2
[codecarbon INFO @ 16:46:46]   GPU model: 2 x NVIDIA RTX A5000
[codecarbon INFO @ 16:46:49] Saving emissions data to file C:\Users\pr8pf\Documents\GitHub\SplitFed\emissions.csv
[codecarbon INFO @ 16:46:49] Energy consumed for RAM : 0.000010 kWh. RAM Power : 47.48608875274658 W
[codecarbon INFO @ 16:46:49] Energy consumed for all CPUs : 0.000021 kWh. Total CPU Power : 102.50000000000001 W
[codecarbon INFO @ 16:46:49] Energy consumed for all GPUs : 0.000004 kWh. Total GPU Power : 18.326588223508004 W
[codecarbon INFO @ 16:46:49] 0.000035 kWh of electricity used since the beginning.
################################################################
#                              batch_size: 64                  #
#                         test_batch_size: 64                  #
#                                  epochs: 10                  #
#                               optimizer: SGD                 #
#                                      lr: 0.001               #
#                                momentum: 0.5                 #
#                                    seed: 1                   #
#                             num_clients: 10                  #
#                                   scale: 2                   #
#                                 dataset: plant               #
#                             loader_type: dirichlet           #
#                                      AR: flame               #
#                                    side: both                #
#                                     PDR: 1.0                 #
#                                  attack: data_poisoning 10,5 #
#                          label_flipping: uni                 #
#                         experiment_name: split_fed_data_pois_10_5_inner_epochs=5_epochs=10_PDR=1.0_scale=2_flame#
#                            inner_epochs: 5                   #
#                                   setup: split_fed           #
#                                   alpha: 0.5                 #
################################################################
NVIDIA RTX A5000
---------split_fed_data_pois_10_5_inner_epochs=5_epochs=10_PDR=1.0_scale=2_flame----------
initialize a data loader
Using cuda
[91m Client0 Train => Local Epoch: 0 / 5 	Acc: 29.768 	Loss: 2.9637[00m
[91m Client0 Train => Local Epoch: 1 / 5 	Acc: 36.584 	Loss: 1.9059[00m
[91m Client0 Train => Local Epoch: 2 / 5 	Acc: 38.497 	Loss: 1.8631[00m
[91m Client0 Train => Local Epoch: 3 / 5 	Acc: 37.769 	Loss: 1.8615[00m
[91m Client0 Train => Local Epoch: 4 / 5 	Acc: 38.200 	Loss: 1.8555[00m
[92m  Client0 Test => 	Acc: 12.335 	Loss: 2.9662[00m
[91m Client1 Train => Local Epoch: 0 / 5 	Acc: 19.705 	Loss: 4.7098[00m
[91m Client1 Train => Local Epoch: 1 / 5 	Acc: 21.354 	Loss: 2.3620[00m
[91m Client1 Train => Local Epoch: 2 / 5 	Acc: 25.955 	Loss: 2.3221[00m
[91m Client1 Train => Local Epoch: 3 / 5 	Acc: 27.604 	Loss: 2.1843[00m
[91m Client1 Train => Local Epoch: 4 / 5 	Acc: 29.167 	Loss: 2.1627[00m
[92m  Client1 Test => 	Acc: 4.893 	Loss: 3.0289[00m
[91m Client2 Train => Local Epoch: 0 / 5 	Acc: 22.656 	Loss: 4.6634[00m
[91m Client2 Train => Local Epoch: 1 / 5 	Acc: 37.066 	Loss: 2.2836[00m
[91m Client2 Train => Local Epoch: 2 / 5 	Acc: 44.618 	Loss: 1.8213[00m
[91m Client2 Train => Local Epoch: 3 / 5 	Acc: 51.302 	Loss: 1.5435[00m
[91m Client2 Train => Local Epoch: 4 / 5 	Acc: 59.115 	Loss: 1.3219[00m
[92m  Client2 Test => 	Acc: 33.071 	Loss: 3.5326[00m
[91m Client3 Train => Local Epoch: 0 / 5 	Acc: 27.127 	Loss: 5.1458[00m
[91m Client3 Train => Local Epoch: 1 / 5 	Acc: 41.536 	Loss: 1.8165[00m
[91m Client3 Train => Local Epoch: 2 / 5 	Acc: 65.365 	Loss: 1.2346[00m
[91m Client3 Train => Local Epoch: 3 / 5 	Acc: 71.832 	Loss: 0.9779[00m
[91m Client3 Train => Local Epoch: 4 / 5 	Acc: 74.306 	Loss: 0.9110[00m
[92m  Client3 Test => 	Acc: 30.866 	Loss: 2.3916[00m
[91m Client4 Train => Local Epoch: 0 / 5 	Acc: 18.164 	Loss: 3.4759[00m
[91m Client4 Train => Local Epoch: 1 / 5 	Acc: 23.242 	Loss: 2.4553[00m
[91m Client4 Train => Local Epoch: 2 / 5 	Acc: 50.684 	Loss: 1.6651[00m
[91m Client4 Train => Local Epoch: 3 / 5 	Acc: 53.027 	Loss: 1.3857[00m
[91m Client4 Train => Local Epoch: 4 / 5 	Acc: 62.695 	Loss: 1.1271[00m
[92m  Client4 Test => 	Acc: 33.679 	Loss: 3.6379[00m
[91m Client5 Train => Local Epoch: 0 / 5 	Acc: 27.214 	Loss: 4.1344[00m
[91m Client5 Train => Local Epoch: 1 / 5 	Acc: 18.880 	Loss: 2.3865[00m
[91m Client5 Train => Local Epoch: 2 / 5 	Acc: 22.005 	Loss: 2.2142[00m
[91m Client5 Train => Local Epoch: 3 / 5 	Acc: 31.250 	Loss: 2.0396[00m
[91m Client5 Train => Local Epoch: 4 / 5 	Acc: 31.120 	Loss: 2.0134[00m
[92m  Client5 Test => 	Acc: 12.341 	Loss: 3.6327[00m
[91m Client6 Train => Local Epoch: 0 / 5 	Acc: 28.094 	Loss: 2.6536[00m
[91m Client6 Train => Local Epoch: 1 / 5 	Acc: 54.219 	Loss: 1.4692[00m
[91m Client6 Train => Local Epoch: 2 / 5 	Acc: 66.406 	Loss: 1.0591[00m
[91m Client6 Train => Local Epoch: 3 / 5 	Acc: 73.969 	Loss: 0.8310[00m
[91m Client6 Train => Local Epoch: 4 / 5 	Acc: 71.938 	Loss: 0.8939[00m
[92m  Client6 Test => 	Acc: 53.794 	Loss: 1.6774[00m
[91m Client7 Train => Local Epoch: 0 / 5 	Acc: 20.625 	Loss: 3.0622[00m
[91m Client7 Train => Local Epoch: 1 / 5 	Acc: 18.672 	Loss: 2.3443[00m
[91m Client7 Train => Local Epoch: 2 / 5 	Acc: 25.703 	Loss: 2.1905[00m
[91m Client7 Train => Local Epoch: 3 / 5 	Acc: 28.438 	Loss: 2.1118[00m
[91m Client7 Train => Local Epoch: 4 / 5 	Acc: 35.312 	Loss: 1.8873[00m
[92m  Client7 Test => 	Acc: 19.587 	Loss: 3.0066[00m
[91m Client8 Train => Local Epoch: 0 / 5 	Acc: 15.625 	Loss: 3.9828[00m
[91m Client8 Train => Local Epoch: 1 / 5 	Acc: 23.698 	Loss: 2.3464[00m
[91m Client8 Train => Local Epoch: 2 / 5 	Acc: 32.161 	Loss: 2.1820[00m
[91m Client8 Train => Local Epoch: 3 / 5 	Acc: 40.104 	Loss: 1.9378[00m
[91m Client8 Train => Local Epoch: 4 / 5 	Acc: 53.646 	Loss: 1.5794[00m
[92m  Client8 Test => 	Acc: 23.377 	Loss: 3.0498[00m
[91m Client9 Train => Local Epoch: 0 / 5 	Acc: 19.411 	Loss: 12.6013[00m
[91m Client9 Train => Local Epoch: 1 / 5 	Acc: 26.442 	Loss: 2.2405[00m
[91m Client9 Train => Local Epoch: 2 / 5 	Acc: 27.103 	Loss: 2.0961[00m
[91m Client9 Train => Local Epoch: 3 / 5 	Acc: 33.353 	Loss: 1.9590[00m
[91m Client9 Train => Local Epoch: 4 / 5 	Acc: 45.673 	Loss: 1.6957[00m
[92m  Client9 Test => 	Acc: 39.690 	Loss: 2.9676[00m
------------------------------------------------
------ Federation process at Server-Side ------- 
------------------------------------------------
-----------------------------------------------------------
------ FedServer: Federation process at Client-Side ------- 
-----------------------------------------------------------
[92m  Client0 Test => 	Acc: 12.936 	Loss: 2.7449[00m
 Train: Round   0, Avg Accuracy 50.117 | Avg Loss 1.545
[91m Client0 Train => Local Epoch: 0 / 5 	Acc: 32.678 	Loss: 2.0329[00m
[91m Client0 Train => Local Epoch: 1 / 5 	Acc: 37.985 	Loss: 1.8396[00m
[91m Client0 Train => Local Epoch: 2 / 5 	Acc: 38.389 	Loss: 1.8326[00m
[91m Client0 Train => Local Epoch: 3 / 5 	Acc: 38.389 	Loss: 1.8385[00m
[91m Client0 Train => Local Epoch: 4 / 5 	Acc: 38.443 	Loss: 1.8360[00m
[92m  Client0 Test => 	Acc: 12.348 	Loss: 3.4844[00m
[91m Client1 Train => Local Epoch: 0 / 5 	Acc: 21.615 	Loss: 2.4131[00m
[91m Client1 Train => Local Epoch: 1 / 5 	Acc: 30.122 	Loss: 2.1318[00m
[91m Client1 Train => Local Epoch: 2 / 5 	Acc: 29.514 	Loss: 2.1259[00m
[91m Client1 Train => Local Epoch: 3 / 5 	Acc: 29.080 	Loss: 2.1344[00m
[91m Client1 Train => Local Epoch: 4 / 5 	Acc: 30.122 	Loss: 2.1274[00m
[92m  Client1 Test => 	Acc: 11.067 	Loss: 3.8635[00m
[91m Client2 Train => Local Epoch: 0 / 5 	Acc: 42.535 	Loss: 2.2601[00m
[91m Client2 Train => Local Epoch: 1 / 5 	Acc: 42.188 	Loss: 2.1435[00m
[91m Client2 Train => Local Epoch: 2 / 5 	Acc: 42.622 	Loss: 2.1015[00m
[91m Client2 Train => Local Epoch: 3 / 5 	Acc: 42.535 	Loss: 2.0779[00m
[91m Client2 Train => Local Epoch: 4 / 5 	Acc: 42.448 	Loss: 2.0796[00m
[92m  Client2 Test => 	Acc: 12.942 	Loss: 3.3349[00m
[91m Client3 Train => Local Epoch: 0 / 5 	Acc: 39.366 	Loss: 1.9526[00m
[91m Client3 Train => Local Epoch: 1 / 5 	Acc: 62.630 	Loss: 1.3092[00m
[91m Client3 Train => Local Epoch: 2 / 5 	Acc: 68.793 	Loss: 1.0612[00m
[91m Client3 Train => Local Epoch: 3 / 5 	Acc: 75.521 	Loss: 0.8477[00m
[91m Client3 Train => Local Epoch: 4 / 5 	Acc: 77.908 	Loss: 0.7415[00m
[92m  Client3 Test => 	Acc: 37.113 	Loss: 2.4329[00m
[91m Client4 Train => Local Epoch: 0 / 5 	Acc: 15.625 	Loss: 2.5235[00mC:\Users\pr8pf\AppData\Local\anaconda3\Lib\site-packages\sklearn\cluster\_kmeans.py:1429: UserWarning: KMeans is known to have a memory leak on Windows with MKL, when there are less chunks than available threads. You can avoid it by setting the environment variable OMP_NUM_THREADS=1.
  warnings.warn(
C:\Users\pr8pf\AppData\Local\anaconda3\Lib\site-packages\sklearn\cluster\_kmeans.py:1429: UserWarning: KMeans is known to have a memory leak on Windows with MKL, when there are less chunks than available threads. You can avoid it by setting the environment variable OMP_NUM_THREADS=1.
  warnings.warn(
[codecarbon INFO @ 17:12:39] [setup] RAM Tracking...
[codecarbon INFO @ 17:12:39] [setup] CPU Tracking...
[codecarbon WARNING @ 17:12:39] No CPU tracking mode found. Falling back on CPU constant mode. 
 Windows OS detected: Please install Intel Power Gadget to measure CPU

[codecarbon INFO @ 17:12:41] CPU Model on constant consumption mode: Intel(R) Xeon(R) Gold 6258R CPU @ 2.70GHz
[codecarbon INFO @ 17:12:41] [setup] GPU Tracking...
[codecarbon INFO @ 17:12:41] Tracking Nvidia GPU via pynvml
[codecarbon INFO @ 17:12:41] >>> Tracker's metadata:
[codecarbon INFO @ 17:12:41]   Platform system: Windows-11-10.0.22631-SP0
[codecarbon INFO @ 17:12:41]   Python version: 3.12.7
[codecarbon INFO @ 17:12:41]   CodeCarbon version: 2.8.3
[codecarbon INFO @ 17:12:41]   Available RAM : 126.630 GB
[codecarbon INFO @ 17:12:41]   CPU count: 56
[codecarbon INFO @ 17:12:41]   CPU model: Intel(R) Xeon(R) Gold 6258R CPU @ 2.70GHz
[codecarbon INFO @ 17:12:41]   GPU count: 2
[codecarbon INFO @ 17:12:41]   GPU model: 2 x NVIDIA RTX A5000
[codecarbon INFO @ 17:12:44] Saving emissions data to file C:\Users\pr8pf\Documents\GitHub\SplitFed\emissions.csv
[codecarbon INFO @ 17:12:44] Energy consumed for RAM : 0.000006 kWh. RAM Power : 47.48608875274658 W
[codecarbon INFO @ 17:12:44] Energy consumed for all CPUs : 0.000014 kWh. Total CPU Power : 102.50000000000001 W
[codecarbon INFO @ 17:12:44] Energy consumed for all GPUs : 0.000003 kWh. Total GPU Power : 20.584418102419086 W
[codecarbon INFO @ 17:12:44] 0.000023 kWh of electricity used since the beginning.
[codecarbon INFO @ 17:13:41] [setup] RAM Tracking...
[codecarbon INFO @ 17:13:41] [setup] CPU Tracking...
[codecarbon WARNING @ 17:13:41] No CPU tracking mode found. Falling back on CPU constant mode. 
 Windows OS detected: Please install Intel Power Gadget to measure CPU

[codecarbon INFO @ 17:13:43] CPU Model on constant consumption mode: Intel(R) Xeon(R) Gold 6258R CPU @ 2.70GHz
[codecarbon INFO @ 17:13:43] [setup] GPU Tracking...
[codecarbon INFO @ 17:13:43] Tracking Nvidia GPU via pynvml
[codecarbon INFO @ 17:13:43] >>> Tracker's metadata:
[codecarbon INFO @ 17:13:43]   Platform system: Windows-11-10.0.22631-SP0
[codecarbon INFO @ 17:13:43]   Python version: 3.12.7
[codecarbon INFO @ 17:13:43]   CodeCarbon version: 2.8.3
[codecarbon INFO @ 17:13:43]   Available RAM : 126.630 GB
[codecarbon INFO @ 17:13:43]   CPU count: 56
[codecarbon INFO @ 17:13:43]   CPU model: Intel(R) Xeon(R) Gold 6258R CPU @ 2.70GHz
[codecarbon INFO @ 17:13:43]   GPU count: 2
[codecarbon INFO @ 17:13:43]   GPU model: 2 x NVIDIA RTX A5000
[codecarbon INFO @ 17:13:46] Saving emissions data to file C:\Users\pr8pf\Documents\GitHub\SplitFed\emissions.csv
[codecarbon INFO @ 17:13:47] Energy consumed for RAM : 0.000007 kWh. RAM Power : 47.48608875274658 W
[codecarbon INFO @ 17:13:47] Energy consumed for all CPUs : 0.000016 kWh. Total CPU Power : 102.50000000000001 W
[codecarbon INFO @ 17:13:47] Energy consumed for all GPUs : 0.000002 kWh. Total GPU Power : 15.913527130271138 W
[codecarbon INFO @ 17:13:47] 0.000025 kWh of electricity used since the beginning.
C:\Users\pr8pf\AppData\Local\anaconda3\Lib\site-packages\sklearn\cluster\_kmeans.py:1429: UserWarning: KMeans is known to have a memory leak on Windows with MKL, when there are less chunks than available threads. You can avoid it by setting the environment variable OMP_NUM_THREADS=1.
  warnings.warn(
C:\Users\pr8pf\AppData\Local\anaconda3\Lib\site-packages\sklearn\cluster\_kmeans.py:1429: UserWarning: KMeans is known to have a memory leak on Windows with MKL, when there are less chunks than available threads. You can avoid it by setting the environment variable OMP_NUM_THREADS=1.
  warnings.warn(
[codecarbon INFO @ 17:39:36] [setup] RAM Tracking...
[codecarbon INFO @ 17:39:36] [setup] CPU Tracking...
[codecarbon WARNING @ 17:39:36] No CPU tracking mode found. Falling back on CPU constant mode. 
 Windows OS detected: Please install Intel Power Gadget to measure CPU

[codecarbon INFO @ 17:39:38] CPU Model on constant consumption mode: Intel(R) Xeon(R) Gold 6258R CPU @ 2.70GHz
[codecarbon INFO @ 17:39:38] [setup] GPU Tracking...
[codecarbon INFO @ 17:39:38] Tracking Nvidia GPU via pynvml
[codecarbon INFO @ 17:39:38] >>> Tracker's metadata:
[codecarbon INFO @ 17:39:38]   Platform system: Windows-11-10.0.22631-SP0
[codecarbon INFO @ 17:39:38]   Python version: 3.12.7
[codecarbon INFO @ 17:39:38]   CodeCarbon version: 2.8.3
[codecarbon INFO @ 17:39:38]   Available RAM : 126.630 GB
[codecarbon INFO @ 17:39:38]   CPU count: 56
[codecarbon INFO @ 17:39:38]   CPU model: Intel(R) Xeon(R) Gold 6258R CPU @ 2.70GHz
[codecarbon INFO @ 17:39:38]   GPU count: 2
[codecarbon INFO @ 17:39:38]   GPU model: 2 x NVIDIA RTX A5000
[codecarbon INFO @ 17:39:41] Saving emissions data to file C:\Users\pr8pf\Documents\GitHub\SplitFed\emissions.csv
[codecarbon INFO @ 17:39:41] Energy consumed for RAM : 0.000007 kWh. RAM Power : 47.48608875274658 W
[codecarbon INFO @ 17:39:41] Energy consumed for all CPUs : 0.000015 kWh. Total CPU Power : 102.50000000000001 W
[codecarbon INFO @ 17:39:41] Energy consumed for all GPUs : 0.000002 kWh. Total GPU Power : 15.033534584926958 W
[codecarbon INFO @ 17:39:41] 0.000023 kWh of electricity used since the beginning.
[codecarbon INFO @ 17:40:37] [setup] RAM Tracking...
[codecarbon INFO @ 17:40:37] [setup] CPU Tracking...
[codecarbon WARNING @ 17:40:37] No CPU tracking mode found. Falling back on CPU constant mode. 
 Windows OS detected: Please install Intel Power Gadget to measure CPU

[codecarbon INFO @ 17:40:39] CPU Model on constant consumption mode: Intel(R) Xeon(R) Gold 6258R CPU @ 2.70GHz
[codecarbon INFO @ 17:40:39] [setup] GPU Tracking...
[codecarbon INFO @ 17:40:39] Tracking Nvidia GPU via pynvml
[codecarbon INFO @ 17:40:39] >>> Tracker's metadata:
[codecarbon INFO @ 17:40:39]   Platform system: Windows-11-10.0.22631-SP0
[codecarbon INFO @ 17:40:39]   Python version: 3.12.7
[codecarbon INFO @ 17:40:39]   CodeCarbon version: 2.8.3
[codecarbon INFO @ 17:40:39]   Available RAM : 126.630 GB
[codecarbon INFO @ 17:40:39]   CPU count: 56
[codecarbon INFO @ 17:40:39]   CPU model: Intel(R) Xeon(R) Gold 6258R CPU @ 2.70GHz
[codecarbon INFO @ 17:40:39]   GPU count: 2
[codecarbon INFO @ 17:40:39]   GPU model: 2 x NVIDIA RTX A5000
[codecarbon INFO @ 17:40:42] Saving emissions data to file C:\Users\pr8pf\Documents\GitHub\SplitFed\emissions.csv
[codecarbon INFO @ 17:40:42] Energy consumed for RAM : 0.000009 kWh. RAM Power : 47.48608875274658 W
[codecarbon INFO @ 17:40:42] Energy consumed for all CPUs : 0.000020 kWh. Total CPU Power : 102.50000000000001 W
[codecarbon INFO @ 17:40:42] Energy consumed for all GPUs : 0.000004 kWh. Total GPU Power : 18.609355472135118 W
[codecarbon INFO @ 17:40:42] 0.000033 kWh of electricity used since the beginning.

[91m Client4 Train => Local Epoch: 1 / 5 	Acc: 25.488 	Loss: 2.1768[00m
[91m Client4 Train => Local Epoch: 2 / 5 	Acc: 35.059 	Loss: 1.8484[00m
[91m Client4 Train => Local Epoch: 3 / 5 	Acc: 42.480 	Loss: 1.6720[00m
[91m Client4 Train => Local Epoch: 4 / 5 	Acc: 50.684 	Loss: 1.4656[00m
[92m  Client4 Test => 	Acc: 15.411 	Loss: 2.7114[00m
[91m Client5 Train => Local Epoch: 0 / 5 	Acc: 19.922 	Loss: 2.4467[00m
[91m Client5 Train => Local Epoch: 1 / 5 	Acc: 32.031 	Loss: 2.0668[00m
[91m Client5 Train => Local Epoch: 2 / 5 	Acc: 31.120 	Loss: 2.0291[00m
[91m Client5 Train => Local Epoch: 3 / 5 	Acc: 33.724 	Loss: 1.8954[00m
[91m Client5 Train => Local Epoch: 4 / 5 	Acc: 48.828 	Loss: 1.6607[00m
[92m  Client5 Test => 	Acc: 21.448 	Loss: 3.0926[00m
[91m Client6 Train => Local Epoch: 0 / 5 	Acc: 23.219 	Loss: 2.2274[00m
[91m Client6 Train => Local Epoch: 1 / 5 	Acc: 48.312 	Loss: 1.7335[00m
[91m Client6 Train => Local Epoch: 2 / 5 	Acc: 61.438 	Loss: 1.3177[00m
[91m Client6 Train => Local Epoch: 3 / 5 	Acc: 64.875 	Loss: 1.1979[00m
[91m Client6 Train => Local Epoch: 4 / 5 	Acc: 71.906 	Loss: 0.9107[00m
[92m  Client6 Test => 	Acc: 48.105 	Loss: 1.9035[00m
[91m Client7 Train => Local Epoch: 0 / 5 	Acc: 19.609 	Loss: 2.4171[00m
[91m Client7 Train => Local Epoch: 1 / 5 	Acc: 28.984 	Loss: 2.1548[00m
[91m Client7 Train => Local Epoch: 2 / 5 	Acc: 28.203 	Loss: 2.1756[00m
[91m Client7 Train => Local Epoch: 3 / 5 	Acc: 28.984 	Loss: 2.0957[00m
[91m Client7 Train => Local Epoch: 4 / 5 	Acc: 39.922 	Loss: 1.7725[00m
[92m  Client7 Test => 	Acc: 26.152 	Loss: 2.9675[00m
[91m Client8 Train => Local Epoch: 0 / 5 	Acc: 15.234 	Loss: 2.5394[00m
[91m Client8 Train => Local Epoch: 1 / 5 	Acc: 27.344 	Loss: 2.1754[00m
[91m Client8 Train => Local Epoch: 2 / 5 	Acc: 27.344 	Loss: 2.1821[00m
[91m Client8 Train => Local Epoch: 3 / 5 	Acc: 28.125 	Loss: 2.1188[00m
[91m Client8 Train => Local Epoch: 4 / 5 	Acc: 29.688 	Loss: 2.0700[00m
[92m  Client8 Test => 	Acc: 14.824 	Loss: 3.9523[00m
[91m Client9 Train => Local Epoch: 0 / 5 	Acc: 23.678 	Loss: 2.2124[00m
[91m Client9 Train => Local Epoch: 1 / 5 	Acc: 29.026 	Loss: 2.0732[00m
[91m Client9 Train => Local Epoch: 2 / 5 	Acc: 34.916 	Loss: 1.8966[00m
[91m Client9 Train => Local Epoch: 3 / 5 	Acc: 44.892 	Loss: 1.6710[00m
[91m Client9 Train => Local Epoch: 4 / 5 	Acc: 61.358 	Loss: 1.2097[00m
[92m  Client9 Test => 	Acc: 51.971 	Loss: 2.0129[00m
------------------------------------------------
------ Federation process at Server-Side ------- 
------------------------------------------------
-----------------------------------------------------------
------ FedServer: Federation process at Client-Side ------- 
-----------------------------------------------------------
[92m  Client0 Test => 	Acc: 12.942 	Loss: 2.6172[00m
 Train: Round   1, Avg Accuracy 49.131 | Avg Loss 1.587
[91m Client0 Train => Local Epoch: 0 / 5 	Acc: 33.836 	Loss: 2.0812[00m
[91m Client0 Train => Local Epoch: 1 / 5 	Acc: 37.177 	Loss: 1.8521[00m
[91m Client0 Train => Local Epoch: 2 / 5 	Acc: 35.749 	Loss: 4.1411[00m
[91m Client0 Train => Local Epoch: 3 / 5 	Acc: 37.904 	Loss: 1.8428[00m
[91m Client0 Train => Local Epoch: 4 / 5 	Acc: 37.581 	Loss: 1.8401[00m
[92m  Client0 Test => 	Acc: 12.335 	Loss: 3.4028[00m
[91m Client1 Train => Local Epoch: 0 / 5 	Acc: 22.135 	Loss: 2.3560[00m
[91m Client1 Train => Local Epoch: 1 / 5 	Acc: 29.167 	Loss: 2.1388[00m
[91m Client1 Train => Local Epoch: 2 / 5 	Acc: 29.601 	Loss: 2.1550[00m
[91m Client1 Train => Local Epoch: 3 / 5 	Acc: 29.340 	Loss: 2.1191[00m
[91m Client1 Train => Local Epoch: 4 / 5 	Acc: 29.514 	Loss: 2.1106[00m
[92m  Client1 Test => 	Acc: 11.081 	Loss: 4.0565[00m
[91m Client2 Train => Local Epoch: 0 / 5 	Acc: 42.188 	Loss: 2.2752[00m
[91m Client2 Train => Local Epoch: 1 / 5 	Acc: 42.361 	Loss: 1.9869[00m
[91m Client2 Train => Local Epoch: 2 / 5 	Acc: 44.358 	Loss: 1.8027[00m
[91m Client2 Train => Local Epoch: 3 / 5 	Acc: 42.188 	Loss: 1.7526[00m
[91m Client2 Train => Local Epoch: 4 / 5 	Acc: 46.441 	Loss: 1.6290[00m
[92m  Client2 Test => 	Acc: 23.930 	Loss: 3.3191[00m
[91m Client3 Train => Local Epoch: 0 / 5 	Acc: 34.115 	Loss: 2.0474[00m
[91m Client3 Train => Local Epoch: 1 / 5 	Acc: 61.502 	Loss: 1.3010[00m
[91m Client3 Train => Local Epoch: 2 / 5 	Acc: 73.611 	Loss: 0.9818[00m
[91m Client3 Train => Local Epoch: 3 / 5 	Acc: 73.177 	Loss: 0.9762[00m
[91m Client3 Train => Local Epoch: 4 / 5 	Acc: 78.950 	Loss: 0.7331[00m
[92m  Client3 Test => 	Acc: 40.838 	Loss: 2.4147[00m
[91m Client4 Train => Local Epoch: 0 / 5 	Acc: 16.016 	Loss: 2.6198[00m
[91m Client4 Train => Local Epoch: 1 / 5 	Acc: 32.520 	Loss: 1.8826[00m
[91m Client4 Train => Local Epoch: 2 / 5 	Acc: 41.797 	Loss: 1.6530[00m
[91m Client4 Train => Local Epoch: 3 / 5 	Acc: 46.289 	Loss: 1.5634[00m
[91m Client4 Train => Local Epoch: 4 / 5 	Acc: 53.027 	Loss: 1.4002[00m
[92m  Client4 Test => 	Acc: 27.362 	Loss: 3.6389[00m
[91m Client5 Train => Local Epoch: 0 / 5 	Acc: 27.474 	Loss: 2.3215[00m
[91m Client5 Train => Local Epoch: 1 / 5 	Acc: 34.505 	Loss: 1.9662[00m
[91m Client5 Train => Local Epoch: 2 / 5 	Acc: 52.604 	Loss: 1.5973[00m
[91m Client5 Train => Local Epoch: 3 / 5 	Acc: 62.240 	Loss: 1.1797[00m
[91m Client5 Train => Local Epoch: 4 / 5 	Acc: 57.292 	Loss: 1.7919[00m
[92m  Client5 Test => 	Acc: 24.146 	Loss: 3.4448[00m
[91m Client6 Train => Local Epoch: 0 / 5 	Acc: 27.938 	Loss: 2.1632[00m
[91m Client6 Train => Local Epoch: 1 / 5 	Acc: 27.594 	Loss: 2.1834[00m
[91m Client6 Train => Local Epoch: 2 / 5 	Acc: 25.969 	Loss: 2.1587[00m
[91m Client6 Train => Local Epoch: 3 / 5 	Acc: 25.812 	Loss: 2.0830[00m
[91m Client6 Train => Local Epoch: 4 / 5 	Acc: 24.500 	Loss: 2.0838[00m
[92m  Client6 Test => 	Acc: 11.074 	Loss: 3.1739[00m
[91m Client7 Train => Local Epoch: 0 / 5 	Acc: 23.750 	Loss: 2.3901[00m
[91m Client7 Train => Local Epoch: 1 / 5 	Acc: 31.562 	Loss: 2.0713[00m
[91m Client7 Train => Local Epoch: 2 / 5 	Acc: 42.812 	Loss: 1.7700[00m
[91m Client7 Train => Local Epoch: 3 / 5 	Acc: 47.344 	Loss: 1.5690[00m
[91m Client7 Train => Local Epoch: 4 / 5 	Acc: 57.969 	Loss: 1.2801[00m
[92m  Client7 Test => 	Acc: 37.031 	Loss: 2.6453[00m
[91m Client8 Train => Local Epoch: 0 / 5 	Acc: 13.021 	Loss: 2.6408[00m
[91m Client8 Train => Local Epoch: 1 / 5 	Acc: 33.073 	Loss: 2.0271[00m
[91m Client8 Train => Local Epoch: 2 / 5 	Acc: 39.453 	Loss: 1.8360[00m
[91m Client8 Train => Local Epoch: 3 / 5 	Acc: 41.927 	Loss: 1.7114[00m
[91m Client8 Train => Local Epoch: 4 / 5 	Acc: 50.781 	Loss: 1.6802[00m
[92m  Client8 Test => 	Acc: 22.619 	Loss: 2.9181[00m
[91m Client9 Train => Local Epoch: 0 / 5 	Acc: 25.240 	Loss: 2.1862[00m
[91m Client9 Train => Local Epoch: 1 / 5 	Acc: 37.981 	Loss: 1.7398[00m
[91m Client9 Train => Local Epoch: 2 / 5 	Acc: 48.257 	Loss: 1.5870[00m
[91m Client9 Train => Local Epoch: 3 / 5 	Acc: 49.519 	Loss: 1.5898[00m
[91m Client9 Train => Local Epoch: 4 / 5 	Acc: 66.827 	Loss: 1.1146[00m
[92m  Client9 Test => 	Acc: 39.651 	Loss: 2.6226[00m
------------------------------------------------
------ Federation process at Server-Side ------- 
------------------------------------------------
-----------------------------------------------------------
------ FedServer: Federation process at Client-Side ------- 
-----------------------------------------------------------
[92m  Client0 Test => 	Acc: 12.956 	Loss: 2.5202[00m
 Train: Round   2, Avg Accuracy 50.288 | Avg Loss 1.566
[91m Client0 Train => Local Epoch: 0 / 5 	Acc: 35.884 	Loss: 1.9705[00m
[91m Client0 Train => Local Epoch: 1 / 5 	Acc: 37.742 	Loss: 1.8357[00m
[91m Client0 Train => Local Epoch: 2 / 5 	Acc: 38.443 	Loss: 1.8295[00m
[91m Client0 Train => Local Epoch: 3 / 5 	Acc: 38.389 	Loss: 1.8285[00m
[91m Client0 Train => Local Epoch: 4 / 5 	Acc: 38.470 	Loss: 1.8287[00m
[92m  Client0 Test => 	Acc: 12.335 	Loss: 3.4916[00m
[91m Client1 Train => Local Epoch: 0 / 5 	Acc: 21.441 	Loss: 2.3899[00mC:\Users\pr8pf\AppData\Local\anaconda3\Lib\site-packages\sklearn\cluster\_kmeans.py:1429: UserWarning: KMeans is known to have a memory leak on Windows with MKL, when there are less chunks than available threads. You can avoid it by setting the environment variable OMP_NUM_THREADS=1.
  warnings.warn(
C:\Users\pr8pf\AppData\Local\anaconda3\Lib\site-packages\sklearn\cluster\_kmeans.py:1429: UserWarning: KMeans is known to have a memory leak on Windows with MKL, when there are less chunks than available threads. You can avoid it by setting the environment variable OMP_NUM_THREADS=1.
  warnings.warn(
[codecarbon INFO @ 18:06:28] [setup] RAM Tracking...
[codecarbon INFO @ 18:06:28] [setup] CPU Tracking...
[codecarbon WARNING @ 18:06:28] No CPU tracking mode found. Falling back on CPU constant mode. 
 Windows OS detected: Please install Intel Power Gadget to measure CPU

[codecarbon INFO @ 18:06:29] CPU Model on constant consumption mode: Intel(R) Xeon(R) Gold 6258R CPU @ 2.70GHz
[codecarbon INFO @ 18:06:29] [setup] GPU Tracking...
[codecarbon INFO @ 18:06:29] Tracking Nvidia GPU via pynvml
[codecarbon INFO @ 18:06:30] >>> Tracker's metadata:
[codecarbon INFO @ 18:06:30]   Platform system: Windows-11-10.0.22631-SP0
[codecarbon INFO @ 18:06:30]   Python version: 3.12.7
[codecarbon INFO @ 18:06:30]   CodeCarbon version: 2.8.3
[codecarbon INFO @ 18:06:30]   Available RAM : 126.630 GB
[codecarbon INFO @ 18:06:30]   CPU count: 56
[codecarbon INFO @ 18:06:30]   CPU model: Intel(R) Xeon(R) Gold 6258R CPU @ 2.70GHz
[codecarbon INFO @ 18:06:30]   GPU count: 2
[codecarbon INFO @ 18:06:30]   GPU model: 2 x NVIDIA RTX A5000
[codecarbon INFO @ 18:06:33] Saving emissions data to file C:\Users\pr8pf\Documents\GitHub\SplitFed\emissions.csv
[codecarbon INFO @ 18:06:33] Energy consumed for RAM : 0.000010 kWh. RAM Power : 47.48608875274658 W
[codecarbon INFO @ 18:06:33] Energy consumed for all CPUs : 0.000022 kWh. Total CPU Power : 102.50000000000001 W
[codecarbon INFO @ 18:06:33] Energy consumed for all GPUs : 0.000005 kWh. Total GPU Power : 23.300555722412255 W
[codecarbon INFO @ 18:06:33] 0.000037 kWh of electricity used since the beginning.
[codecarbon INFO @ 18:07:30] [setup] RAM Tracking...
[codecarbon INFO @ 18:07:30] [setup] CPU Tracking...
[codecarbon WARNING @ 18:07:30] No CPU tracking mode found. Falling back on CPU constant mode. 
 Windows OS detected: Please install Intel Power Gadget to measure CPU

[codecarbon INFO @ 18:07:31] CPU Model on constant consumption mode: Intel(R) Xeon(R) Gold 6258R CPU @ 2.70GHz
[codecarbon INFO @ 18:07:31] [setup] GPU Tracking...
[codecarbon INFO @ 18:07:31] Tracking Nvidia GPU via pynvml
[codecarbon INFO @ 18:07:32] >>> Tracker's metadata:
[codecarbon INFO @ 18:07:32]   Platform system: Windows-11-10.0.22631-SP0
[codecarbon INFO @ 18:07:32]   Python version: 3.12.7
[codecarbon INFO @ 18:07:32]   CodeCarbon version: 2.8.3
[codecarbon INFO @ 18:07:32]   Available RAM : 126.630 GB
[codecarbon INFO @ 18:07:32]   CPU count: 56
[codecarbon INFO @ 18:07:32]   CPU model: Intel(R) Xeon(R) Gold 6258R CPU @ 2.70GHz
[codecarbon INFO @ 18:07:32]   GPU count: 2
[codecarbon INFO @ 18:07:32]   GPU model: 2 x NVIDIA RTX A5000
[codecarbon INFO @ 18:07:35] Saving emissions data to file C:\Users\pr8pf\Documents\GitHub\SplitFed\emissions.csv
[codecarbon INFO @ 18:07:35] Energy consumed for RAM : 0.000010 kWh. RAM Power : 47.48608875274658 W
[codecarbon INFO @ 18:07:35] Energy consumed for all CPUs : 0.000022 kWh. Total CPU Power : 102.50000000000001 W
[codecarbon INFO @ 18:07:35] Energy consumed for all GPUs : 0.000004 kWh. Total GPU Power : 17.662503803705633 W
[codecarbon INFO @ 18:07:35] 0.000037 kWh of electricity used since the beginning.

[91m Client1 Train => Local Epoch: 1 / 5 	Acc: 29.774 	Loss: 2.1272[00m
[91m Client1 Train => Local Epoch: 2 / 5 	Acc: 30.035 	Loss: 2.1131[00m
[91m Client1 Train => Local Epoch: 3 / 5 	Acc: 30.035 	Loss: 2.1163[00m
[91m Client1 Train => Local Epoch: 4 / 5 	Acc: 29.427 	Loss: 2.1238[00m
[92m  Client1 Test => 	Acc: 11.067 	Loss: 4.1869[00m
[91m Client2 Train => Local Epoch: 0 / 5 	Acc: 46.267 	Loss: 1.8863[00m
[91m Client2 Train => Local Epoch: 1 / 5 	Acc: 51.389 	Loss: 1.5145[00m
[91m Client2 Train => Local Epoch: 2 / 5 	Acc: 58.507 	Loss: 1.2775[00m
[91m Client2 Train => Local Epoch: 3 / 5 	Acc: 60.851 	Loss: 1.2463[00m
[91m Client2 Train => Local Epoch: 4 / 5 	Acc: 66.059 	Loss: 1.0540[00m
[92m  Client2 Test => 	Acc: 41.793 	Loss: 2.2822[00m
[91m Client3 Train => Local Epoch: 0 / 5 	Acc: 56.771 	Loss: 1.5092[00m
[91m Client3 Train => Local Epoch: 1 / 5 	Acc: 64.280 	Loss: 1.3057[00m
[91m Client3 Train => Local Epoch: 2 / 5 	Acc: 68.186 	Loss: 1.1615[00m
[91m Client3 Train => Local Epoch: 3 / 5 	Acc: 71.745 	Loss: 0.9898[00m
[91m Client3 Train => Local Epoch: 4 / 5 	Acc: 77.040 	Loss: 0.8132[00m
[92m  Client3 Test => 	Acc: 36.083 	Loss: 2.6052[00m
[91m Client4 Train => Local Epoch: 0 / 5 	Acc: 24.902 	Loss: 2.1567[00m
[91m Client4 Train => Local Epoch: 1 / 5 	Acc: 46.289 	Loss: 1.5748[00m
[91m Client4 Train => Local Epoch: 2 / 5 	Acc: 56.055 	Loss: 1.2903[00m
[91m Client4 Train => Local Epoch: 3 / 5 	Acc: 59.277 	Loss: 1.1651[00m
[91m Client4 Train => Local Epoch: 4 / 5 	Acc: 67.676 	Loss: 0.9683[00m
[92m  Client4 Test => 	Acc: 41.000 	Loss: 3.5593[00m
[91m Client5 Train => Local Epoch: 0 / 5 	Acc: 39.974 	Loss: 2.2177[00m
[91m Client5 Train => Local Epoch: 1 / 5 	Acc: 47.526 	Loss: 1.7514[00m
[91m Client5 Train => Local Epoch: 2 / 5 	Acc: 54.167 	Loss: 1.4833[00m
[91m Client5 Train => Local Epoch: 3 / 5 	Acc: 59.245 	Loss: 1.2192[00m
[91m Client5 Train => Local Epoch: 4 / 5 	Acc: 56.771 	Loss: 1.3792[00m
[92m  Client5 Test => 	Acc: 33.587 	Loss: 2.3765[00m
[91m Client6 Train => Local Epoch: 0 / 5 	Acc: 45.875 	Loss: 1.8103[00m
[91m Client6 Train => Local Epoch: 1 / 5 	Acc: 60.562 	Loss: 1.3560[00m
[91m Client6 Train => Local Epoch: 2 / 5 	Acc: 62.438 	Loss: 1.2689[00m
[91m Client6 Train => Local Epoch: 3 / 5 	Acc: 69.656 	Loss: 1.0110[00m
[91m Client6 Train => Local Epoch: 4 / 5 	Acc: 75.281 	Loss: 0.7828[00m
[92m  Client6 Test => 	Acc: 59.110 	Loss: 1.5077[00m
[91m Client7 Train => Local Epoch: 0 / 5 	Acc: 33.828 	Loss: 2.2233[00m
[91m Client7 Train => Local Epoch: 1 / 5 	Acc: 42.656 	Loss: 1.7867[00m
[91m Client7 Train => Local Epoch: 2 / 5 	Acc: 48.594 	Loss: 1.5911[00m
[91m Client7 Train => Local Epoch: 3 / 5 	Acc: 52.578 	Loss: 1.4328[00m
[91m Client7 Train => Local Epoch: 4 / 5 	Acc: 60.078 	Loss: 1.2612[00m
[92m  Client7 Test => 	Acc: 36.262 	Loss: 2.4798[00m
[91m Client8 Train => Local Epoch: 0 / 5 	Acc: 22.266 	Loss: 2.5446[00m
[91m Client8 Train => Local Epoch: 1 / 5 	Acc: 40.885 	Loss: 1.9984[00m
[91m Client8 Train => Local Epoch: 2 / 5 	Acc: 45.312 	Loss: 1.6374[00m
[91m Client8 Train => Local Epoch: 3 / 5 	Acc: 59.115 	Loss: 1.3542[00m
[91m Client8 Train => Local Epoch: 4 / 5 	Acc: 63.802 	Loss: 1.3084[00m
[92m  Client8 Test => 	Acc: 33.280 	Loss: 2.7599[00m
[91m Client9 Train => Local Epoch: 0 / 5 	Acc: 29.928 	Loss: 1.9946[00m
[91m Client9 Train => Local Epoch: 1 / 5 	Acc: 47.656 	Loss: 1.5040[00m
[91m Client9 Train => Local Epoch: 2 / 5 	Acc: 68.570 	Loss: 1.0111[00m
[91m Client9 Train => Local Epoch: 3 / 5 	Acc: 81.130 	Loss: 0.6274[00m
[91m Client9 Train => Local Epoch: 4 / 5 	Acc: 84.195 	Loss: 0.5101[00m
[92m  Client9 Test => 	Acc: 59.749 	Loss: 1.6614[00m
------------------------------------------------
------ Federation process at Server-Side ------- 
------------------------------------------------
-----------------------------------------------------------
------ FedServer: Federation process at Client-Side ------- 
-----------------------------------------------------------
[92m  Client0 Test => 	Acc: 39.506 	Loss: 2.0865[00m
 Train: Round   3, Avg Accuracy 61.880 | Avg Loss 1.203
[91m Client0 Train => Local Epoch: 0 / 5 	Acc: 34.644 	Loss: 6.9569[00m
[91m Client0 Train => Local Epoch: 1 / 5 	Acc: 37.311 	Loss: 1.9068[00m
[91m Client0 Train => Local Epoch: 2 / 5 	Acc: 38.335 	Loss: 1.8366[00m
[91m Client0 Train => Local Epoch: 3 / 5 	Acc: 38.605 	Loss: 1.8338[00m
[91m Client0 Train => Local Epoch: 4 / 5 	Acc: 38.066 	Loss: 1.8345[00m
[92m  Client0 Test => 	Acc: 12.328 	Loss: 3.4101[00m
[91m Client1 Train => Local Epoch: 0 / 5 	Acc: 27.170 	Loss: 2.3369[00m
[91m Client1 Train => Local Epoch: 1 / 5 	Acc: 29.427 	Loss: 2.1758[00m
[91m Client1 Train => Local Epoch: 2 / 5 	Acc: 29.774 	Loss: 2.1678[00m
[91m Client1 Train => Local Epoch: 3 / 5 	Acc: 29.948 	Loss: 2.1389[00m
[91m Client1 Train => Local Epoch: 4 / 5 	Acc: 29.948 	Loss: 2.1540[00m
[92m  Client1 Test => 	Acc: 11.054 	Loss: 4.4721[00m
[91m Client2 Train => Local Epoch: 0 / 5 	Acc: 55.642 	Loss: 1.4956[00m
[91m Client2 Train => Local Epoch: 1 / 5 	Acc: 64.931 	Loss: 1.1070[00m
[91m Client2 Train => Local Epoch: 2 / 5 	Acc: 71.354 	Loss: 0.9012[00m
[91m Client2 Train => Local Epoch: 3 / 5 	Acc: 73.264 	Loss: 0.7971[00m
[91m Client2 Train => Local Epoch: 4 / 5 	Acc: 74.566 	Loss: 0.7814[00m
[92m  Client2 Test => 	Acc: 54.220 	Loss: 1.7538[00m
[91m Client3 Train => Local Epoch: 0 / 5 	Acc: 65.495 	Loss: 1.1606[00m
[91m Client3 Train => Local Epoch: 1 / 5 	Acc: 76.997 	Loss: 0.8188[00m
[91m Client3 Train => Local Epoch: 2 / 5 	Acc: 82.769 	Loss: 0.5758[00m
[91m Client3 Train => Local Epoch: 3 / 5 	Acc: 87.066 	Loss: 0.4234[00m
[91m Client3 Train => Local Epoch: 4 / 5 	Acc: 85.460 	Loss: 0.4934[00m
[92m  Client3 Test => 	Acc: 70.103 	Loss: 1.3059[00m
[91m Client4 Train => Local Epoch: 0 / 5 	Acc: 47.559 	Loss: 1.5918[00m
[91m Client4 Train => Local Epoch: 1 / 5 	Acc: 63.477 	Loss: 1.0732[00m
[91m Client4 Train => Local Epoch: 2 / 5 	Acc: 71.094 	Loss: 0.8459[00m
[91m Client4 Train => Local Epoch: 3 / 5 	Acc: 74.414 	Loss: 0.7446[00m
[91m Client4 Train => Local Epoch: 4 / 5 	Acc: 83.105 	Loss: 0.5579[00m
[92m  Client4 Test => 	Acc: 45.996 	Loss: 3.1046[00m
[91m Client5 Train => Local Epoch: 0 / 5 	Acc: 56.120 	Loss: 1.6692[00m
[91m Client5 Train => Local Epoch: 1 / 5 	Acc: 59.766 	Loss: 1.1994[00m
[91m Client5 Train => Local Epoch: 2 / 5 	Acc: 68.229 	Loss: 1.0146[00m
[91m Client5 Train => Local Epoch: 3 / 5 	Acc: 74.740 	Loss: 0.8108[00m
[91m Client5 Train => Local Epoch: 4 / 5 	Acc: 76.693 	Loss: 0.6901[00m
[92m  Client5 Test => 	Acc: 44.969 	Loss: 2.6699[00m
[91m Client6 Train => Local Epoch: 0 / 5 	Acc: 63.594 	Loss: 1.3089[00m
[91m Client6 Train => Local Epoch: 1 / 5 	Acc: 72.656 	Loss: 0.8536[00m
[91m Client6 Train => Local Epoch: 2 / 5 	Acc: 82.250 	Loss: 0.6247[00m
[91m Client6 Train => Local Epoch: 3 / 5 	Acc: 85.656 	Loss: 0.5021[00m
[91m Client6 Train => Local Epoch: 4 / 5 	Acc: 87.812 	Loss: 0.4360[00m
[92m  Client6 Test => 	Acc: 64.738 	Loss: 1.1123[00m
[91m Client7 Train => Local Epoch: 0 / 5 	Acc: 41.016 	Loss: 1.9094[00m
[91m Client7 Train => Local Epoch: 1 / 5 	Acc: 60.469 	Loss: 1.3001[00m
[91m Client7 Train => Local Epoch: 2 / 5 	Acc: 55.469 	Loss: 1.4181[00m
[91m Client7 Train => Local Epoch: 3 / 5 	Acc: 64.062 	Loss: 1.1201[00m
[91m Client7 Train => Local Epoch: 4 / 5 	Acc: 68.359 	Loss: 0.9432[00m
[92m  Client7 Test => 	Acc: 52.520 	Loss: 1.9033[00m
[91m Client8 Train => Local Epoch: 0 / 5 	Acc: 34.375 	Loss: 2.1187[00m
[91m Client8 Train => Local Epoch: 1 / 5 	Acc: 60.938 	Loss: 1.2417[00m
[91m Client8 Train => Local Epoch: 2 / 5 	Acc: 72.005 	Loss: 0.9607[00m
[91m Client8 Train => Local Epoch: 3 / 5 	Acc: 76.562 	Loss: 0.7784[00m
[91m Client8 Train => Local Epoch: 4 / 5 	Acc: 80.990 	Loss: 0.6623[00m
[92m  Client8 Test => 	Acc: 36.601 	Loss: 2.5220[00m
[91m Client9 Train => Local Epoch: 0 / 5 	Acc: 52.584 	Loss: 1.5902[00mC:\Users\pr8pf\AppData\Local\anaconda3\Lib\site-packages\sklearn\cluster\_kmeans.py:1429: UserWarning: KMeans is known to have a memory leak on Windows with MKL, when there are less chunks than available threads. You can avoid it by setting the environment variable OMP_NUM_THREADS=1.
  warnings.warn(
C:\Users\pr8pf\AppData\Local\anaconda3\Lib\site-packages\sklearn\cluster\_kmeans.py:1429: UserWarning: KMeans is known to have a memory leak on Windows with MKL, when there are less chunks than available threads. You can avoid it by setting the environment variable OMP_NUM_THREADS=1.
  warnings.warn(
[codecarbon INFO @ 18:33:23] [setup] RAM Tracking...
[codecarbon INFO @ 18:33:23] [setup] CPU Tracking...
[codecarbon WARNING @ 18:33:23] No CPU tracking mode found. Falling back on CPU constant mode. 
 Windows OS detected: Please install Intel Power Gadget to measure CPU

[codecarbon INFO @ 18:33:24] CPU Model on constant consumption mode: Intel(R) Xeon(R) Gold 6258R CPU @ 2.70GHz
[codecarbon INFO @ 18:33:24] [setup] GPU Tracking...
[codecarbon INFO @ 18:33:24] Tracking Nvidia GPU via pynvml
[codecarbon INFO @ 18:33:24] >>> Tracker's metadata:
[codecarbon INFO @ 18:33:24]   Platform system: Windows-11-10.0.22631-SP0
[codecarbon INFO @ 18:33:24]   Python version: 3.12.7
[codecarbon INFO @ 18:33:24]   CodeCarbon version: 2.8.3
[codecarbon INFO @ 18:33:24]   Available RAM : 126.630 GB
[codecarbon INFO @ 18:33:24]   CPU count: 56
[codecarbon INFO @ 18:33:24]   CPU model: Intel(R) Xeon(R) Gold 6258R CPU @ 2.70GHz
[codecarbon INFO @ 18:33:24]   GPU count: 2
[codecarbon INFO @ 18:33:24]   GPU model: 2 x NVIDIA RTX A5000
[codecarbon INFO @ 18:33:27] Saving emissions data to file C:\Users\pr8pf\Documents\GitHub\SplitFed\emissions.csv
[codecarbon INFO @ 18:33:28] Energy consumed for RAM : 0.000010 kWh. RAM Power : 47.48608875274658 W
[codecarbon INFO @ 18:33:28] Energy consumed for all CPUs : 0.000022 kWh. Total CPU Power : 102.50000000000001 W
[codecarbon INFO @ 18:33:28] Energy consumed for all GPUs : 0.000004 kWh. Total GPU Power : 16.679868166772607 W
[codecarbon INFO @ 18:33:28] 0.000036 kWh of electricity used since the beginning.
[codecarbon INFO @ 18:34:24] [setup] RAM Tracking...
[codecarbon INFO @ 18:34:24] [setup] CPU Tracking...
[codecarbon WARNING @ 18:34:24] No CPU tracking mode found. Falling back on CPU constant mode. 
 Windows OS detected: Please install Intel Power Gadget to measure CPU

[codecarbon INFO @ 18:34:26] CPU Model on constant consumption mode: Intel(R) Xeon(R) Gold 6258R CPU @ 2.70GHz
[codecarbon INFO @ 18:34:26] [setup] GPU Tracking...
[codecarbon INFO @ 18:34:26] Tracking Nvidia GPU via pynvml
[codecarbon INFO @ 18:34:26] >>> Tracker's metadata:
[codecarbon INFO @ 18:34:26]   Platform system: Windows-11-10.0.22631-SP0
[codecarbon INFO @ 18:34:26]   Python version: 3.12.7
[codecarbon INFO @ 18:34:26]   CodeCarbon version: 2.8.3
[codecarbon INFO @ 18:34:26]   Available RAM : 126.630 GB
[codecarbon INFO @ 18:34:26]   CPU count: 56
[codecarbon INFO @ 18:34:26]   CPU model: Intel(R) Xeon(R) Gold 6258R CPU @ 2.70GHz
[codecarbon INFO @ 18:34:26]   GPU count: 2
[codecarbon INFO @ 18:34:26]   GPU model: 2 x NVIDIA RTX A5000
[codecarbon INFO @ 18:34:29] Saving emissions data to file C:\Users\pr8pf\Documents\GitHub\SplitFed\emissions.csv
[codecarbon INFO @ 18:34:29] Energy consumed for RAM : 0.000009 kWh. RAM Power : 47.48608875274658 W
[codecarbon INFO @ 18:34:29] Energy consumed for all CPUs : 0.000020 kWh. Total CPU Power : 102.50000000000001 W
[codecarbon INFO @ 18:34:29] Energy consumed for all GPUs : 0.000004 kWh. Total GPU Power : 18.156102571332557 W
[codecarbon INFO @ 18:34:29] 0.000033 kWh of electricity used since the beginning.
C:\Users\pr8pf\AppData\Local\anaconda3\Lib\site-packages\sklearn\cluster\_kmeans.py:1429: UserWarning: KMeans is known to have a memory leak on Windows with MKL, when there are less chunks than available threads. You can avoid it by setting the environment variable OMP_NUM_THREADS=1.
  warnings.warn(
C:\Users\pr8pf\AppData\Local\anaconda3\Lib\site-packages\sklearn\cluster\_kmeans.py:1429: UserWarning: KMeans is known to have a memory leak on Windows with MKL, when there are less chunks than available threads. You can avoid it by setting the environment variable OMP_NUM_THREADS=1.
  warnings.warn(
[codecarbon INFO @ 19:00:20] [setup] RAM Tracking...
[codecarbon INFO @ 19:00:20] [setup] CPU Tracking...
[codecarbon WARNING @ 19:00:20] No CPU tracking mode found. Falling back on CPU constant mode. 
 Windows OS detected: Please install Intel Power Gadget to measure CPU

[codecarbon INFO @ 19:00:22] CPU Model on constant consumption mode: Intel(R) Xeon(R) Gold 6258R CPU @ 2.70GHz
[codecarbon INFO @ 19:00:22] [setup] GPU Tracking...
[codecarbon INFO @ 19:00:22] Tracking Nvidia GPU via pynvml
[codecarbon INFO @ 19:00:22] >>> Tracker's metadata:
[codecarbon INFO @ 19:00:22]   Platform system: Windows-11-10.0.22631-SP0
[codecarbon INFO @ 19:00:22]   Python version: 3.12.7
[codecarbon INFO @ 19:00:22]   CodeCarbon version: 2.8.3
[codecarbon INFO @ 19:00:22]   Available RAM : 126.630 GB
[codecarbon INFO @ 19:00:22]   CPU count: 56
[codecarbon INFO @ 19:00:22]   CPU model: Intel(R) Xeon(R) Gold 6258R CPU @ 2.70GHz
[codecarbon INFO @ 19:00:22]   GPU count: 2
[codecarbon INFO @ 19:00:22]   GPU model: 2 x NVIDIA RTX A5000
[codecarbon INFO @ 19:00:25] Saving emissions data to file C:\Users\pr8pf\Documents\GitHub\SplitFed\emissions.csv
[codecarbon INFO @ 19:00:26] Energy consumed for RAM : 0.000014 kWh. RAM Power : 47.48608875274658 W
[codecarbon INFO @ 19:00:26] Energy consumed for all CPUs : 0.000031 kWh. Total CPU Power : 102.50000000000001 W
[codecarbon INFO @ 19:00:26] Energy consumed for all GPUs : 0.000006 kWh. Total GPU Power : 19.017703306726737 W
[codecarbon INFO @ 19:00:26] 0.000051 kWh of electricity used since the beginning.
[codecarbon INFO @ 19:01:20] [setup] RAM Tracking...
[codecarbon INFO @ 19:01:20] [setup] CPU Tracking...
[codecarbon WARNING @ 19:01:20] No CPU tracking mode found. Falling back on CPU constant mode. 
 Windows OS detected: Please install Intel Power Gadget to measure CPU

[codecarbon INFO @ 19:01:22] CPU Model on constant consumption mode: Intel(R) Xeon(R) Gold 6258R CPU @ 2.70GHz
[codecarbon INFO @ 19:01:22] [setup] GPU Tracking...
[codecarbon INFO @ 19:01:22] Tracking Nvidia GPU via pynvml
[codecarbon INFO @ 19:01:22] >>> Tracker's metadata:
[codecarbon INFO @ 19:01:22]   Platform system: Windows-11-10.0.22631-SP0
[codecarbon INFO @ 19:01:22]   Python version: 3.12.7
[codecarbon INFO @ 19:01:22]   CodeCarbon version: 2.8.3
[codecarbon INFO @ 19:01:22]   Available RAM : 126.630 GB
[codecarbon INFO @ 19:01:22]   CPU count: 56
[codecarbon INFO @ 19:01:22]   CPU model: Intel(R) Xeon(R) Gold 6258R CPU @ 2.70GHz
[codecarbon INFO @ 19:01:22]   GPU count: 2
[codecarbon INFO @ 19:01:22]   GPU model: 2 x NVIDIA RTX A5000
[codecarbon INFO @ 19:01:25] Saving emissions data to file C:\Users\pr8pf\Documents\GitHub\SplitFed\emissions.csv
[codecarbon INFO @ 19:01:26] Energy consumed for RAM : 0.000011 kWh. RAM Power : 47.48608875274658 W
[codecarbon INFO @ 19:01:26] Energy consumed for all CPUs : 0.000023 kWh. Total CPU Power : 102.50000000000001 W
[codecarbon INFO @ 19:01:26] Energy consumed for all GPUs : 0.000004 kWh. Total GPU Power : 18.165924842055432 W
[codecarbon INFO @ 19:01:26] 0.000038 kWh of electricity used since the beginning.

[91m Client9 Train => Local Epoch: 1 / 5 	Acc: 72.957 	Loss: 0.8968[00m
[91m Client9 Train => Local Epoch: 2 / 5 	Acc: 82.933 	Loss: 0.6002[00m
[91m Client9 Train => Local Epoch: 3 / 5 	Acc: 84.736 	Loss: 0.5458[00m
[91m Client9 Train => Local Epoch: 4 / 5 	Acc: 85.637 	Loss: 0.4924[00m
[92m  Client9 Test => 	Acc: 60.068 	Loss: 1.5665[00m
------------------------------------------------
------ Federation process at Server-Side ------- 
------------------------------------------------
-----------------------------------------------------------
------ FedServer: Federation process at Client-Side ------- 
-----------------------------------------------------------
[92m  Client0 Test => 	Acc: 46.590 	Loss: 1.7032[00m
 Train: Round   4, Avg Accuracy 71.064 | Avg Loss 0.905
[91m Client0 Train => Local Epoch: 0 / 5 	Acc: 34.779 	Loss: 2.1755[00m
[91m Client0 Train => Local Epoch: 1 / 5 	Acc: 37.069 	Loss: 1.8553[00m
[91m Client0 Train => Local Epoch: 2 / 5 	Acc: 38.443 	Loss: 1.8289[00m
[91m Client0 Train => Local Epoch: 3 / 5 	Acc: 38.416 	Loss: 1.8289[00m
[91m Client0 Train => Local Epoch: 4 / 5 	Acc: 38.362 	Loss: 1.8297[00m
[92m  Client0 Test => 	Acc: 12.335 	Loss: 3.3481[00m
[91m Client1 Train => Local Epoch: 0 / 5 	Acc: 19.878 	Loss: 2.6867[00m
[91m Client1 Train => Local Epoch: 1 / 5 	Acc: 21.962 	Loss: 2.3757[00m
[91m Client1 Train => Local Epoch: 2 / 5 	Acc: 29.601 	Loss: 2.2098[00m
[91m Client1 Train => Local Epoch: 3 / 5 	Acc: 29.601 	Loss: 2.1317[00m
[91m Client1 Train => Local Epoch: 4 / 5 	Acc: 30.122 	Loss: 2.1342[00m
[92m  Client1 Test => 	Acc: 11.122 	Loss: 3.2560[00m
[91m Client2 Train => Local Epoch: 0 / 5 	Acc: 58.073 	Loss: 1.2699[00m
[91m Client2 Train => Local Epoch: 1 / 5 	Acc: 73.003 	Loss: 0.8536[00m
[91m Client2 Train => Local Epoch: 2 / 5 	Acc: 79.688 	Loss: 0.6348[00m
[91m Client2 Train => Local Epoch: 3 / 5 	Acc: 82.639 	Loss: 0.5577[00m
[91m Client2 Train => Local Epoch: 4 / 5 	Acc: 85.243 	Loss: 0.4851[00m
[92m  Client2 Test => 	Acc: 59.584 	Loss: 1.5851[00m
[91m Client3 Train => Local Epoch: 0 / 5 	Acc: 75.304 	Loss: 0.8518[00m
[91m Client3 Train => Local Epoch: 1 / 5 	Acc: 84.592 	Loss: 0.5252[00m
[91m Client3 Train => Local Epoch: 2 / 5 	Acc: 86.892 	Loss: 0.4219[00m
[91m Client3 Train => Local Epoch: 3 / 5 	Acc: 90.495 	Loss: 0.3215[00m
[91m Client3 Train => Local Epoch: 4 / 5 	Acc: 90.191 	Loss: 0.3007[00m
[92m  Client3 Test => 	Acc: 70.675 	Loss: 1.2670[00m
[91m Client4 Train => Local Epoch: 0 / 5 	Acc: 62.402 	Loss: 1.1982[00m
[91m Client4 Train => Local Epoch: 1 / 5 	Acc: 75.195 	Loss: 0.7498[00m
[91m Client4 Train => Local Epoch: 2 / 5 	Acc: 81.934 	Loss: 0.5651[00m
[91m Client4 Train => Local Epoch: 3 / 5 	Acc: 83.789 	Loss: 0.5290[00m
[91m Client4 Train => Local Epoch: 4 / 5 	Acc: 85.547 	Loss: 0.4933[00m
[92m  Client4 Test => 	Acc: 53.093 	Loss: 2.0149[00m
[91m Client5 Train => Local Epoch: 0 / 5 	Acc: 64.583 	Loss: 1.1715[00m
[91m Client5 Train => Local Epoch: 1 / 5 	Acc: 74.089 	Loss: 0.7668[00m
[91m Client5 Train => Local Epoch: 2 / 5 	Acc: 77.865 	Loss: 0.6736[00m
[91m Client5 Train => Local Epoch: 3 / 5 	Acc: 78.385 	Loss: 0.6497[00m
[91m Client5 Train => Local Epoch: 4 / 5 	Acc: 83.073 	Loss: 0.5141[00m
[92m  Client5 Test => 	Acc: 64.629 	Loss: 1.8294[00m
[91m Client6 Train => Local Epoch: 0 / 5 	Acc: 72.625 	Loss: 0.9514[00m
[91m Client6 Train => Local Epoch: 1 / 5 	Acc: 83.250 	Loss: 0.5636[00m
[91m Client6 Train => Local Epoch: 2 / 5 	Acc: 86.000 	Loss: 0.4955[00m
[91m Client6 Train => Local Epoch: 3 / 5 	Acc: 77.781 	Loss: 0.8479[00m
[91m Client6 Train => Local Epoch: 4 / 5 	Acc: 82.125 	Loss: 0.5970[00m
[92m  Client6 Test => 	Acc: 66.088 	Loss: 1.3448[00m
[91m Client7 Train => Local Epoch: 0 / 5 	Acc: 49.844 	Loss: 1.5461[00m
[91m Client7 Train => Local Epoch: 1 / 5 	Acc: 70.000 	Loss: 0.9219[00m
[91m Client7 Train => Local Epoch: 2 / 5 	Acc: 75.625 	Loss: 0.7520[00m
[91m Client7 Train => Local Epoch: 3 / 5 	Acc: 75.156 	Loss: 0.7380[00m
[91m Client7 Train => Local Epoch: 4 / 5 	Acc: 81.797 	Loss: 0.5401[00m
[92m  Client7 Test => 	Acc: 61.984 	Loss: 1.5487[00m
[91m Client8 Train => Local Epoch: 0 / 5 	Acc: 44.661 	Loss: 1.6861[00m
[91m Client8 Train => Local Epoch: 1 / 5 	Acc: 72.135 	Loss: 0.9037[00m
[91m Client8 Train => Local Epoch: 2 / 5 	Acc: 79.036 	Loss: 0.7183[00m
[91m Client8 Train => Local Epoch: 3 / 5 	Acc: 81.250 	Loss: 0.6377[00m
[91m Client8 Train => Local Epoch: 4 / 5 	Acc: 85.547 	Loss: 0.4744[00m
[92m  Client8 Test => 	Acc: 47.682 	Loss: 1.8839[00m
[91m Client9 Train => Local Epoch: 0 / 5 	Acc: 68.510 	Loss: 1.1620[00m
[91m Client9 Train => Local Epoch: 1 / 5 	Acc: 74.639 	Loss: 0.8131[00m
[91m Client9 Train => Local Epoch: 2 / 5 	Acc: 82.812 	Loss: 0.5612[00m
[91m Client9 Train => Local Epoch: 3 / 5 	Acc: 85.577 	Loss: 0.4743[00m
[91m Client9 Train => Local Epoch: 4 / 5 	Acc: 89.123 	Loss: 0.3706[00m
[92m  Client9 Test => 	Acc: 64.700 	Loss: 1.2187[00m
------------------------------------------------
------ Federation process at Server-Side ------- 
------------------------------------------------
-----------------------------------------------------------
------ FedServer: Federation process at Client-Side ------- 
-----------------------------------------------------------
[92m  Client0 Test => 	Acc: 61.294 	Loss: 1.3155[00m
 Train: Round   5, Avg Accuracy 75.113 | Avg Loss 0.774
[91m Client0 Train => Local Epoch: 0 / 5 	Acc: 35.291 	Loss: 2.0048[00m
[91m Client0 Train => Local Epoch: 1 / 5 	Acc: 38.039 	Loss: 1.8325[00m
[91m Client0 Train => Local Epoch: 2 / 5 	Acc: 38.147 	Loss: 1.8286[00m
[91m Client0 Train => Local Epoch: 3 / 5 	Acc: 38.120 	Loss: 1.8333[00m
[91m Client0 Train => Local Epoch: 4 / 5 	Acc: 38.281 	Loss: 1.8318[00m
[92m  Client0 Test => 	Acc: 12.355 	Loss: 3.3396[00m
[91m Client1 Train => Local Epoch: 0 / 5 	Acc: 17.795 	Loss: 2.4026[00m
[91m Client1 Train => Local Epoch: 1 / 5 	Acc: 29.688 	Loss: 2.1329[00m
[91m Client1 Train => Local Epoch: 2 / 5 	Acc: 27.517 	Loss: 2.1866[00m
[91m Client1 Train => Local Epoch: 3 / 5 	Acc: 29.601 	Loss: 2.1373[00m
[91m Client1 Train => Local Epoch: 4 / 5 	Acc: 29.514 	Loss: 2.1409[00m
[92m  Client1 Test => 	Acc: 11.054 	Loss: 3.5037[00m
[91m Client2 Train => Local Epoch: 0 / 5 	Acc: 74.392 	Loss: 0.9075[00m
[91m Client2 Train => Local Epoch: 1 / 5 	Acc: 81.424 	Loss: 0.5878[00m
[91m Client2 Train => Local Epoch: 2 / 5 	Acc: 81.771 	Loss: 0.5214[00m
[91m Client2 Train => Local Epoch: 3 / 5 	Acc: 83.420 	Loss: 0.5195[00m
[91m Client2 Train => Local Epoch: 4 / 5 	Acc: 87.066 	Loss: 0.3851[00m
[92m  Client2 Test => 	Acc: 68.532 	Loss: 1.4029[00m
[91m Client3 Train => Local Epoch: 0 / 5 	Acc: 82.552 	Loss: 0.6092[00m
[91m Client3 Train => Local Epoch: 1 / 5 	Acc: 87.674 	Loss: 0.3969[00m
[91m Client3 Train => Local Epoch: 2 / 5 	Acc: 90.799 	Loss: 0.3286[00m
[91m Client3 Train => Local Epoch: 3 / 5 	Acc: 90.929 	Loss: 0.3052[00m
[91m Client3 Train => Local Epoch: 4 / 5 	Acc: 92.448 	Loss: 0.2525[00m
[92m  Client3 Test => 	Acc: 78.075 	Loss: 0.9702[00m
[91m Client4 Train => Local Epoch: 0 / 5 	Acc: 78.223 	Loss: 0.7796[00m
[91m Client4 Train => Local Epoch: 1 / 5 	Acc: 83.301 	Loss: 0.5277[00m
[91m Client4 Train => Local Epoch: 2 / 5 	Acc: 86.133 	Loss: 0.4365[00m
[91m Client4 Train => Local Epoch: 3 / 5 	Acc: 89.844 	Loss: 0.3240[00m
[91m Client4 Train => Local Epoch: 4 / 5 	Acc: 92.578 	Loss: 0.2382[00m
[92m  Client4 Test => 	Acc: 66.256 	Loss: 1.2765[00m
[91m Client5 Train => Local Epoch: 0 / 5 	Acc: 79.297 	Loss: 0.8173[00m
[91m Client5 Train => Local Epoch: 1 / 5 	Acc: 85.417 	Loss: 0.4521[00m
[91m Client5 Train => Local Epoch: 2 / 5 	Acc: 87.500 	Loss: 0.4043[00m
[91m Client5 Train => Local Epoch: 3 / 5 	Acc: 90.625 	Loss: 0.3193[00m
[91m Client5 Train => Local Epoch: 4 / 5 	Acc: 86.979 	Loss: 0.4175[00m
[92m  Client5 Test => 	Acc: 64.395 	Loss: 1.9115[00m
[91m Client6 Train => Local Epoch: 0 / 5 	Acc: 79.938 	Loss: 0.6674[00mC:\Users\pr8pf\AppData\Local\anaconda3\Lib\site-packages\sklearn\cluster\_kmeans.py:1429: UserWarning: KMeans is known to have a memory leak on Windows with MKL, when there are less chunks than available threads. You can avoid it by setting the environment variable OMP_NUM_THREADS=1.
  warnings.warn(
C:\Users\pr8pf\AppData\Local\anaconda3\Lib\site-packages\sklearn\cluster\_kmeans.py:1429: UserWarning: KMeans is known to have a memory leak on Windows with MKL, when there are less chunks than available threads. You can avoid it by setting the environment variable OMP_NUM_THREADS=1.
  warnings.warn(
[codecarbon INFO @ 19:27:24] [setup] RAM Tracking...
[codecarbon INFO @ 19:27:24] [setup] CPU Tracking...
[codecarbon WARNING @ 19:27:24] No CPU tracking mode found. Falling back on CPU constant mode. 
 Windows OS detected: Please install Intel Power Gadget to measure CPU

[codecarbon INFO @ 19:27:26] CPU Model on constant consumption mode: Intel(R) Xeon(R) Gold 6258R CPU @ 2.70GHz
[codecarbon INFO @ 19:27:26] [setup] GPU Tracking...
[codecarbon INFO @ 19:27:26] Tracking Nvidia GPU via pynvml
[codecarbon INFO @ 19:27:26] >>> Tracker's metadata:
[codecarbon INFO @ 19:27:26]   Platform system: Windows-11-10.0.22631-SP0
[codecarbon INFO @ 19:27:26]   Python version: 3.12.7
[codecarbon INFO @ 19:27:26]   CodeCarbon version: 2.8.3
[codecarbon INFO @ 19:27:26]   Available RAM : 126.630 GB
[codecarbon INFO @ 19:27:26]   CPU count: 56
[codecarbon INFO @ 19:27:26]   CPU model: Intel(R) Xeon(R) Gold 6258R CPU @ 2.70GHz
[codecarbon INFO @ 19:27:26]   GPU count: 2
[codecarbon INFO @ 19:27:26]   GPU model: 2 x NVIDIA RTX A5000
[codecarbon INFO @ 19:27:29] Saving emissions data to file C:\Users\pr8pf\Documents\GitHub\SplitFed\emissions.csv
[codecarbon INFO @ 19:27:30] Energy consumed for RAM : 0.000011 kWh. RAM Power : 47.48608875274658 W
[codecarbon INFO @ 19:27:30] Energy consumed for all CPUs : 0.000024 kWh. Total CPU Power : 102.50000000000001 W
[codecarbon INFO @ 19:27:30] Energy consumed for all GPUs : 0.000004 kWh. Total GPU Power : 17.384389898940952 W
[codecarbon INFO @ 19:27:30] 0.000039 kWh of electricity used since the beginning.
[codecarbon INFO @ 19:28:26] [setup] RAM Tracking...
[codecarbon INFO @ 19:28:26] [setup] CPU Tracking...
[codecarbon WARNING @ 19:28:26] No CPU tracking mode found. Falling back on CPU constant mode. 
 Windows OS detected: Please install Intel Power Gadget to measure CPU

[codecarbon INFO @ 19:28:28] CPU Model on constant consumption mode: Intel(R) Xeon(R) Gold 6258R CPU @ 2.70GHz
[codecarbon INFO @ 19:28:28] [setup] GPU Tracking...
[codecarbon INFO @ 19:28:28] Tracking Nvidia GPU via pynvml
[codecarbon INFO @ 19:28:28] >>> Tracker's metadata:
[codecarbon INFO @ 19:28:28]   Platform system: Windows-11-10.0.22631-SP0
[codecarbon INFO @ 19:28:28]   Python version: 3.12.7
[codecarbon INFO @ 19:28:28]   CodeCarbon version: 2.8.3
[codecarbon INFO @ 19:28:28]   Available RAM : 126.630 GB
[codecarbon INFO @ 19:28:28]   CPU count: 56
[codecarbon INFO @ 19:28:28]   CPU model: Intel(R) Xeon(R) Gold 6258R CPU @ 2.70GHz
[codecarbon INFO @ 19:28:28]   GPU count: 2
[codecarbon INFO @ 19:28:28]   GPU model: 2 x NVIDIA RTX A5000
[codecarbon INFO @ 19:28:31] Saving emissions data to file C:\Users\pr8pf\Documents\GitHub\SplitFed\emissions.csv
[codecarbon INFO @ 19:28:32] Energy consumed for RAM : 0.000011 kWh. RAM Power : 47.48608875274658 W
[codecarbon INFO @ 19:28:32] Energy consumed for all CPUs : 0.000025 kWh. Total CPU Power : 102.50000000000001 W
[codecarbon INFO @ 19:28:32] Energy consumed for all GPUs : 0.000004 kWh. Total GPU Power : 18.45380136754248 W
[codecarbon INFO @ 19:28:32] 0.000041 kWh of electricity used since the beginning.
C:\Users\pr8pf\AppData\Local\anaconda3\Lib\site-packages\sklearn\cluster\_kmeans.py:1429: UserWarning: KMeans is known to have a memory leak on Windows with MKL, when there are less chunks than available threads. You can avoid it by setting the environment variable OMP_NUM_THREADS=1.
  warnings.warn(
C:\Users\pr8pf\AppData\Local\anaconda3\Lib\site-packages\sklearn\cluster\_kmeans.py:1429: UserWarning: KMeans is known to have a memory leak on Windows with MKL, when there are less chunks than available threads. You can avoid it by setting the environment variable OMP_NUM_THREADS=1.
  warnings.warn(
[codecarbon INFO @ 19:54:28] [setup] RAM Tracking...
[codecarbon INFO @ 19:54:28] [setup] CPU Tracking...
[codecarbon WARNING @ 19:54:28] No CPU tracking mode found. Falling back on CPU constant mode. 
 Windows OS detected: Please install Intel Power Gadget to measure CPU

[codecarbon INFO @ 19:54:30] CPU Model on constant consumption mode: Intel(R) Xeon(R) Gold 6258R CPU @ 2.70GHz
[codecarbon INFO @ 19:54:30] [setup] GPU Tracking...
[codecarbon INFO @ 19:54:30] Tracking Nvidia GPU via pynvml
[codecarbon INFO @ 19:54:30] >>> Tracker's metadata:
[codecarbon INFO @ 19:54:30]   Platform system: Windows-11-10.0.22631-SP0
[codecarbon INFO @ 19:54:30]   Python version: 3.12.7
[codecarbon INFO @ 19:54:30]   CodeCarbon version: 2.8.3
[codecarbon INFO @ 19:54:30]   Available RAM : 126.630 GB
[codecarbon INFO @ 19:54:30]   CPU count: 56
[codecarbon INFO @ 19:54:30]   CPU model: Intel(R) Xeon(R) Gold 6258R CPU @ 2.70GHz
[codecarbon INFO @ 19:54:30]   GPU count: 2
[codecarbon INFO @ 19:54:30]   GPU model: 2 x NVIDIA RTX A5000
[codecarbon INFO @ 19:54:33] Saving emissions data to file C:\Users\pr8pf\Documents\GitHub\SplitFed\emissions.csv
[codecarbon INFO @ 19:54:34] Energy consumed for RAM : 0.000011 kWh. RAM Power : 47.48608875274658 W
[codecarbon INFO @ 19:54:34] Energy consumed for all CPUs : 0.000023 kWh. Total CPU Power : 102.50000000000001 W
[codecarbon INFO @ 19:54:34] Energy consumed for all GPUs : 0.000004 kWh. Total GPU Power : 16.852401034620087 W
[codecarbon INFO @ 19:54:34] 0.000037 kWh of electricity used since the beginning.
[codecarbon INFO @ 19:55:30] [setup] RAM Tracking...
[codecarbon INFO @ 19:55:30] [setup] CPU Tracking...
[codecarbon WARNING @ 19:55:30] No CPU tracking mode found. Falling back on CPU constant mode. 
 Windows OS detected: Please install Intel Power Gadget to measure CPU

[codecarbon INFO @ 19:55:31] CPU Model on constant consumption mode: Intel(R) Xeon(R) Gold 6258R CPU @ 2.70GHz
[codecarbon INFO @ 19:55:31] [setup] GPU Tracking...
[codecarbon INFO @ 19:55:31] Tracking Nvidia GPU via pynvml
[codecarbon INFO @ 19:55:31] >>> Tracker's metadata:
[codecarbon INFO @ 19:55:31]   Platform system: Windows-11-10.0.22631-SP0
[codecarbon INFO @ 19:55:31]   Python version: 3.12.7
[codecarbon INFO @ 19:55:31]   CodeCarbon version: 2.8.3
[codecarbon INFO @ 19:55:31]   Available RAM : 126.630 GB
[codecarbon INFO @ 19:55:31]   CPU count: 56
[codecarbon INFO @ 19:55:31]   CPU model: Intel(R) Xeon(R) Gold 6258R CPU @ 2.70GHz
[codecarbon INFO @ 19:55:31]   GPU count: 2
[codecarbon INFO @ 19:55:31]   GPU model: 2 x NVIDIA RTX A5000
[codecarbon INFO @ 19:55:34] Saving emissions data to file C:\Users\pr8pf\Documents\GitHub\SplitFed\emissions.csv
[codecarbon INFO @ 19:55:35] Energy consumed for RAM : 0.000008 kWh. RAM Power : 47.48608875274658 W
[codecarbon INFO @ 19:55:35] Energy consumed for all CPUs : 0.000017 kWh. Total CPU Power : 102.50000000000001 W
[codecarbon INFO @ 19:55:35] Energy consumed for all GPUs : 0.000003 kWh. Total GPU Power : 19.004906848507414 W
[codecarbon INFO @ 19:55:35] 0.000029 kWh of electricity used since the beginning.

[91m Client6 Train => Local Epoch: 1 / 5 	Acc: 86.500 	Loss: 0.4663[00m
[91m Client6 Train => Local Epoch: 2 / 5 	Acc: 89.562 	Loss: 0.3583[00m
[91m Client6 Train => Local Epoch: 3 / 5 	Acc: 89.562 	Loss: 0.3655[00m
[91m Client6 Train => Local Epoch: 4 / 5 	Acc: 91.406 	Loss: 0.2850[00m
[92m  Client6 Test => 	Acc: 73.037 	Loss: 0.8720[00m
[91m Client7 Train => Local Epoch: 0 / 5 	Acc: 66.719 	Loss: 1.0430[00m
[91m Client7 Train => Local Epoch: 1 / 5 	Acc: 82.188 	Loss: 0.5934[00m
[91m Client7 Train => Local Epoch: 2 / 5 	Acc: 80.547 	Loss: 0.6090[00m
[91m Client7 Train => Local Epoch: 3 / 5 	Acc: 86.797 	Loss: 0.4046[00m
[91m Client7 Train => Local Epoch: 4 / 5 	Acc: 88.828 	Loss: 0.3923[00m
[92m  Client7 Test => 	Acc: 72.400 	Loss: 1.0998[00m
[91m Client8 Train => Local Epoch: 0 / 5 	Acc: 70.964 	Loss: 0.9861[00m
[91m Client8 Train => Local Epoch: 1 / 5 	Acc: 85.026 	Loss: 0.5427[00m
[91m Client8 Train => Local Epoch: 2 / 5 	Acc: 88.151 	Loss: 0.4184[00m
[91m Client8 Train => Local Epoch: 3 / 5 	Acc: 89.583 	Loss: 0.3530[00m
[91m Client8 Train => Local Epoch: 4 / 5 	Acc: 89.062 	Loss: 0.3215[00m
[92m  Client8 Test => 	Acc: 56.476 	Loss: 1.6115[00m
[91m Client9 Train => Local Epoch: 0 / 5 	Acc: 81.490 	Loss: 0.6734[00m
[91m Client9 Train => Local Epoch: 1 / 5 	Acc: 87.019 	Loss: 0.4412[00m
[91m Client9 Train => Local Epoch: 2 / 5 	Acc: 89.062 	Loss: 0.3554[00m
[91m Client9 Train => Local Epoch: 3 / 5 	Acc: 88.882 	Loss: 0.3540[00m
[91m Client9 Train => Local Epoch: 4 / 5 	Acc: 92.127 	Loss: 0.2531[00m
[92m  Client9 Test => 	Acc: 71.303 	Loss: 1.1131[00m
------------------------------------------------
------ Federation process at Server-Side ------- 
------------------------------------------------
-----------------------------------------------------------
------ FedServer: Federation process at Client-Side ------- 
-----------------------------------------------------------
[92m  Client0 Test => 	Acc: 69.744 	Loss: 0.9125[00m
 Train: Round   6, Avg Accuracy 78.829 | Avg Loss 0.652
[91m Client0 Train => Local Epoch: 0 / 5 	Acc: 29.768 	Loss: 2.3564[00m
[91m Client0 Train => Local Epoch: 1 / 5 	Acc: 35.506 	Loss: 1.8657[00m
[91m Client0 Train => Local Epoch: 2 / 5 	Acc: 38.227 	Loss: 1.8351[00m
[91m Client0 Train => Local Epoch: 3 / 5 	Acc: 38.254 	Loss: 1.8322[00m
[91m Client0 Train => Local Epoch: 4 / 5 	Acc: 38.227 	Loss: 1.8320[00m
[92m  Client0 Test => 	Acc: 12.335 	Loss: 3.4524[00m
[91m Client1 Train => Local Epoch: 0 / 5 	Acc: 25.347 	Loss: 2.3738[00m
[91m Client1 Train => Local Epoch: 1 / 5 	Acc: 29.688 	Loss: 2.8164[00m
[91m Client1 Train => Local Epoch: 2 / 5 	Acc: 29.514 	Loss: 2.1318[00m
[91m Client1 Train => Local Epoch: 3 / 5 	Acc: 28.472 	Loss: 2.2570[00m
[91m Client1 Train => Local Epoch: 4 / 5 	Acc: 30.469 	Loss: 2.1108[00m
[92m  Client1 Test => 	Acc: 11.074 	Loss: 3.4188[00m
[91m Client2 Train => Local Epoch: 0 / 5 	Acc: 80.816 	Loss: 0.5481[00m
[91m Client2 Train => Local Epoch: 1 / 5 	Acc: 89.410 	Loss: 0.3310[00m
[91m Client2 Train => Local Epoch: 2 / 5 	Acc: 89.757 	Loss: 0.3065[00m
[91m Client2 Train => Local Epoch: 3 / 5 	Acc: 91.233 	Loss: 0.2818[00m
[91m Client2 Train => Local Epoch: 4 / 5 	Acc: 92.101 	Loss: 0.2505[00m
[92m  Client2 Test => 	Acc: 78.071 	Loss: 1.0481[00m
[91m Client3 Train => Local Epoch: 0 / 5 	Acc: 86.936 	Loss: 0.4472[00m
[91m Client3 Train => Local Epoch: 1 / 5 	Acc: 92.665 	Loss: 0.2455[00m
[91m Client3 Train => Local Epoch: 2 / 5 	Acc: 91.840 	Loss: 0.2493[00m
[91m Client3 Train => Local Epoch: 3 / 5 	Acc: 94.184 	Loss: 0.1875[00m
[91m Client3 Train => Local Epoch: 4 / 5 	Acc: 93.359 	Loss: 0.2400[00m
[92m  Client3 Test => 	Acc: 63.757 	Loss: 1.5557[00m
[91m Client4 Train => Local Epoch: 0 / 5 	Acc: 83.398 	Loss: 0.5238[00m
[91m Client4 Train => Local Epoch: 1 / 5 	Acc: 89.746 	Loss: 0.3068[00m
[91m Client4 Train => Local Epoch: 2 / 5 	Acc: 92.578 	Loss: 0.2428[00m
[91m Client4 Train => Local Epoch: 3 / 5 	Acc: 89.844 	Loss: 0.3186[00m
[91m Client4 Train => Local Epoch: 4 / 5 	Acc: 90.723 	Loss: 0.2738[00m
[92m  Client4 Test => 	Acc: 67.769 	Loss: 1.3149[00m
[91m Client5 Train => Local Epoch: 0 / 5 	Acc: 83.594 	Loss: 0.5361[00m
[91m Client5 Train => Local Epoch: 1 / 5 	Acc: 86.198 	Loss: 0.3908[00m
[91m Client5 Train => Local Epoch: 2 / 5 	Acc: 89.323 	Loss: 0.3036[00m
[91m Client5 Train => Local Epoch: 3 / 5 	Acc: 90.625 	Loss: 0.2569[00m
[91m Client5 Train => Local Epoch: 4 / 5 	Acc: 89.323 	Loss: 0.3077[00m
[92m  Client5 Test => 	Acc: 74.806 	Loss: 1.3821[00m
[91m Client6 Train => Local Epoch: 0 / 5 	Acc: 85.000 	Loss: 0.4825[00m
[91m Client6 Train => Local Epoch: 1 / 5 	Acc: 89.844 	Loss: 0.3286[00m
[91m Client6 Train => Local Epoch: 2 / 5 	Acc: 92.281 	Loss: 0.2476[00m
[91m Client6 Train => Local Epoch: 3 / 5 	Acc: 90.531 	Loss: 0.3061[00m
[91m Client6 Train => Local Epoch: 4 / 5 	Acc: 91.781 	Loss: 0.2610[00m
[92m  Client6 Test => 	Acc: 78.673 	Loss: 0.6731[00m
[91m Client7 Train => Local Epoch: 0 / 5 	Acc: 75.234 	Loss: 0.7313[00m
[91m Client7 Train => Local Epoch: 1 / 5 	Acc: 86.484 	Loss: 0.4380[00m
[91m Client7 Train => Local Epoch: 2 / 5 	Acc: 51.953 	Loss: 1.9715[00m
[91m Client7 Train => Local Epoch: 3 / 5 	Acc: 23.594 	Loss: 2.7415[00m
[91m Client7 Train => Local Epoch: 4 / 5 	Acc: 25.156 	Loss: 2.2930[00m
[92m  Client7 Test => 	Acc: 7.328 	Loss: 3.1338[00m
[91m Client8 Train => Local Epoch: 0 / 5 	Acc: 80.729 	Loss: 0.6267[00m
[91m Client8 Train => Local Epoch: 1 / 5 	Acc: 89.714 	Loss: 0.3459[00m
[91m Client8 Train => Local Epoch: 2 / 5 	Acc: 92.969 	Loss: 0.2448[00m
[91m Client8 Train => Local Epoch: 3 / 5 	Acc: 94.661 	Loss: 0.1635[00m
[91m Client8 Train => Local Epoch: 4 / 5 	Acc: 94.792 	Loss: 0.1823[00m
[92m  Client8 Test => 	Acc: 70.074 	Loss: 1.3079[00m
[91m Client9 Train => Local Epoch: 0 / 5 	Acc: 84.255 	Loss: 0.5057[00m
[91m Client9 Train => Local Epoch: 1 / 5 	Acc: 90.385 	Loss: 0.3077[00m
[91m Client9 Train => Local Epoch: 2 / 5 	Acc: 91.827 	Loss: 0.2623[00m
[91m Client9 Train => Local Epoch: 3 / 5 	Acc: 93.570 	Loss: 0.1919[00m
[91m Client9 Train => Local Epoch: 4 / 5 	Acc: 94.892 	Loss: 0.1763[00m
[92m  Client9 Test => 	Acc: 73.621 	Loss: 1.0778[00m
------------------------------------------------
------ Federation process at Server-Side ------- 
------------------------------------------------
-----------------------------------------------------------
------ FedServer: Federation process at Client-Side ------- 
-----------------------------------------------------------
[92m  Client0 Test => 	Acc: 67.725 	Loss: 1.0483[00m
 Train: Round   7, Avg Accuracy 74.082 | Avg Loss 0.793
[91m Client0 Train => Local Epoch: 0 / 5 	Acc: 35.884 	Loss: 1.9279[00m
[91m Client0 Train => Local Epoch: 1 / 5 	Acc: 38.281 	Loss: 1.8399[00m
[91m Client0 Train => Local Epoch: 2 / 5 	Acc: 38.443 	Loss: 1.8324[00m
[91m Client0 Train => Local Epoch: 3 / 5 	Acc: 38.389 	Loss: 1.8307[00m
[91m Client0 Train => Local Epoch: 4 / 5 	Acc: 38.281 	Loss: 1.8321[00m
[92m  Client0 Test => 	Acc: 15.408 	Loss: 3.2018[00m
[91m Client1 Train => Local Epoch: 0 / 5 	Acc: 23.438 	Loss: 2.3766[00m
[91m Client1 Train => Local Epoch: 1 / 5 	Acc: 26.997 	Loss: 2.1794[00m
[91m Client1 Train => Local Epoch: 2 / 5 	Acc: 28.646 	Loss: 2.1785[00m
[91m Client1 Train => Local Epoch: 3 / 5 	Acc: 27.778 	Loss: 2.1882[00m
[91m Client1 Train => Local Epoch: 4 / 5 	Acc: 29.861 	Loss: 3.8432[00m
[92m  Client1 Test => 	Acc: 11.703 	Loss: 3.5629[00m
[91m Client2 Train => Local Epoch: 0 / 5 	Acc: 84.201 	Loss: 0.5048[00m
[91m Client2 Train => Local Epoch: 1 / 5 	Acc: 89.583 	Loss: 0.3276[00m
[91m Client2 Train => Local Epoch: 2 / 5 	Acc: 90.017 	Loss: 0.3056[00m
[91m Client2 Train => Local Epoch: 3 / 5 	Acc: 91.667 	Loss: 0.2441[00m
[91m Client2 Train => Local Epoch: 4 / 5 	Acc: 92.188 	Loss: 0.2318[00m
[92m  Client2 Test => 	Acc: 74.477 	Loss: 0.9950[00m
[91m Client3 Train => Local Epoch: 0 / 5 	Acc: 82.856 	Loss: 0.5784[00mC:\Users\pr8pf\AppData\Local\anaconda3\Lib\site-packages\sklearn\cluster\_kmeans.py:1429: UserWarning: KMeans is known to have a memory leak on Windows with MKL, when there are less chunks than available threads. You can avoid it by setting the environment variable OMP_NUM_THREADS=1.
  warnings.warn(
C:\Users\pr8pf\AppData\Local\anaconda3\Lib\site-packages\sklearn\cluster\_kmeans.py:1429: UserWarning: KMeans is known to have a memory leak on Windows with MKL, when there are less chunks than available threads. You can avoid it by setting the environment variable OMP_NUM_THREADS=1.
  warnings.warn(
[codecarbon INFO @ 20:21:38] [setup] RAM Tracking...
[codecarbon INFO @ 20:21:38] [setup] CPU Tracking...
[codecarbon WARNING @ 20:21:38] No CPU tracking mode found. Falling back on CPU constant mode. 
 Windows OS detected: Please install Intel Power Gadget to measure CPU

[codecarbon INFO @ 20:21:40] CPU Model on constant consumption mode: Intel(R) Xeon(R) Gold 6258R CPU @ 2.70GHz
[codecarbon INFO @ 20:21:40] [setup] GPU Tracking...
[codecarbon INFO @ 20:21:40] Tracking Nvidia GPU via pynvml
[codecarbon INFO @ 20:21:40] >>> Tracker's metadata:
[codecarbon INFO @ 20:21:40]   Platform system: Windows-11-10.0.22631-SP0
[codecarbon INFO @ 20:21:40]   Python version: 3.12.7
[codecarbon INFO @ 20:21:40]   CodeCarbon version: 2.8.3
[codecarbon INFO @ 20:21:40]   Available RAM : 126.630 GB
[codecarbon INFO @ 20:21:40]   CPU count: 56
[codecarbon INFO @ 20:21:40]   CPU model: Intel(R) Xeon(R) Gold 6258R CPU @ 2.70GHz
[codecarbon INFO @ 20:21:40]   GPU count: 2
[codecarbon INFO @ 20:21:40]   GPU model: 2 x NVIDIA RTX A5000
[codecarbon INFO @ 20:21:43] Saving emissions data to file C:\Users\pr8pf\Documents\GitHub\SplitFed\emissions.csv
[codecarbon INFO @ 20:21:44] Energy consumed for RAM : 0.000011 kWh. RAM Power : 47.48608875274658 W
[codecarbon INFO @ 20:21:44] Energy consumed for all CPUs : 0.000024 kWh. Total CPU Power : 102.50000000000001 W
[codecarbon INFO @ 20:21:44] Energy consumed for all GPUs : 0.000004 kWh. Total GPU Power : 17.41104363909725 W
[codecarbon INFO @ 20:21:44] 0.000039 kWh of electricity used since the beginning.
[codecarbon INFO @ 20:22:40] [setup] RAM Tracking...
[codecarbon INFO @ 20:22:40] [setup] CPU Tracking...
[codecarbon WARNING @ 20:22:40] No CPU tracking mode found. Falling back on CPU constant mode. 
 Windows OS detected: Please install Intel Power Gadget to measure CPU

[codecarbon INFO @ 20:22:42] CPU Model on constant consumption mode: Intel(R) Xeon(R) Gold 6258R CPU @ 2.70GHz
[codecarbon INFO @ 20:22:42] [setup] GPU Tracking...
[codecarbon INFO @ 20:22:42] Tracking Nvidia GPU via pynvml
[codecarbon INFO @ 20:22:42] >>> Tracker's metadata:
[codecarbon INFO @ 20:22:42]   Platform system: Windows-11-10.0.22631-SP0
[codecarbon INFO @ 20:22:42]   Python version: 3.12.7
[codecarbon INFO @ 20:22:42]   CodeCarbon version: 2.8.3
[codecarbon INFO @ 20:22:42]   Available RAM : 126.630 GB
[codecarbon INFO @ 20:22:42]   CPU count: 56
[codecarbon INFO @ 20:22:42]   CPU model: Intel(R) Xeon(R) Gold 6258R CPU @ 2.70GHz
[codecarbon INFO @ 20:22:42]   GPU count: 2
[codecarbon INFO @ 20:22:42]   GPU model: 2 x NVIDIA RTX A5000
[codecarbon INFO @ 20:22:45] Saving emissions data to file C:\Users\pr8pf\Documents\GitHub\SplitFed\emissions.csv
[codecarbon INFO @ 20:22:46] Energy consumed for RAM : 0.000010 kWh. RAM Power : 47.48608875274658 W
[codecarbon INFO @ 20:22:46] Energy consumed for all CPUs : 0.000022 kWh. Total CPU Power : 102.50000000000001 W
[codecarbon INFO @ 20:22:46] Energy consumed for all GPUs : 0.000004 kWh. Total GPU Power : 17.702774363192724 W
[codecarbon INFO @ 20:22:46] 0.000037 kWh of electricity used since the beginning.
C:\Users\pr8pf\AppData\Local\anaconda3\Lib\site-packages\sklearn\cluster\_kmeans.py:1429: UserWarning: KMeans is known to have a memory leak on Windows with MKL, when there are less chunks than available threads. You can avoid it by setting the environment variable OMP_NUM_THREADS=1.
  warnings.warn(
C:\Users\pr8pf\AppData\Local\anaconda3\Lib\site-packages\sklearn\cluster\_kmeans.py:1429: UserWarning: KMeans is known to have a memory leak on Windows with MKL, when there are less chunks than available threads. You can avoid it by setting the environment variable OMP_NUM_THREADS=1.
  warnings.warn(
[codecarbon INFO @ 20:48:41] [setup] RAM Tracking...
[codecarbon INFO @ 20:48:41] [setup] CPU Tracking...
[codecarbon WARNING @ 20:48:41] No CPU tracking mode found. Falling back on CPU constant mode. 
 Windows OS detected: Please install Intel Power Gadget to measure CPU

[codecarbon INFO @ 20:48:42] CPU Model on constant consumption mode: Intel(R) Xeon(R) Gold 6258R CPU @ 2.70GHz
[codecarbon INFO @ 20:48:42] [setup] GPU Tracking...
[codecarbon INFO @ 20:48:42] Tracking Nvidia GPU via pynvml
[codecarbon INFO @ 20:48:42] >>> Tracker's metadata:
[codecarbon INFO @ 20:48:42]   Platform system: Windows-11-10.0.22631-SP0
[codecarbon INFO @ 20:48:42]   Python version: 3.12.7
[codecarbon INFO @ 20:48:42]   CodeCarbon version: 2.8.3
[codecarbon INFO @ 20:48:42]   Available RAM : 126.630 GB
[codecarbon INFO @ 20:48:42]   CPU count: 56
[codecarbon INFO @ 20:48:42]   CPU model: Intel(R) Xeon(R) Gold 6258R CPU @ 2.70GHz
[codecarbon INFO @ 20:48:42]   GPU count: 2
[codecarbon INFO @ 20:48:42]   GPU model: 2 x NVIDIA RTX A5000
[codecarbon INFO @ 20:48:45] Saving emissions data to file C:\Users\pr8pf\Documents\GitHub\SplitFed\emissions.csv
[codecarbon INFO @ 20:48:46] Energy consumed for RAM : 0.000012 kWh. RAM Power : 47.48608875274658 W
[codecarbon INFO @ 20:48:46] Energy consumed for all CPUs : 0.000027 kWh. Total CPU Power : 102.50000000000001 W
[codecarbon INFO @ 20:48:46] Energy consumed for all GPUs : 0.000004 kWh. Total GPU Power : 16.725830391931996 W
[codecarbon INFO @ 20:48:46] 0.000044 kWh of electricity used since the beginning.

[91m Client3 Train => Local Epoch: 1 / 5 	Acc: 91.406 	Loss: 0.2919[00m
[91m Client3 Train => Local Epoch: 2 / 5 	Acc: 93.316 	Loss: 0.2214[00m
[91m Client3 Train => Local Epoch: 3 / 5 	Acc: 95.530 	Loss: 0.1593[00m
[91m Client3 Train => Local Epoch: 4 / 5 	Acc: 96.094 	Loss: 0.1344[00m
[92m  Client3 Test => 	Acc: 81.567 	Loss: 0.9529[00m
[91m Client4 Train => Local Epoch: 0 / 5 	Acc: 85.059 	Loss: 0.4864[00m
[91m Client4 Train => Local Epoch: 1 / 5 	Acc: 90.234 	Loss: 0.3038[00m
[91m Client4 Train => Local Epoch: 2 / 5 	Acc: 93.066 	Loss: 0.2233[00m
[91m Client4 Train => Local Epoch: 3 / 5 	Acc: 93.164 	Loss: 0.2202[00m
[91m Client4 Train => Local Epoch: 4 / 5 	Acc: 93.555 	Loss: 0.2154[00m
[92m  Client4 Test => 	Acc: 67.591 	Loss: 1.2290[00m
[91m Client5 Train => Local Epoch: 0 / 5 	Acc: 83.333 	Loss: 0.5293[00m
[91m Client5 Train => Local Epoch: 1 / 5 	Acc: 88.151 	Loss: 0.3837[00m
[91m Client5 Train => Local Epoch: 2 / 5 	Acc: 90.885 	Loss: 0.2759[00m
[91m Client5 Train => Local Epoch: 3 / 5 	Acc: 93.620 	Loss: 0.1815[00m
[91m Client5 Train => Local Epoch: 4 / 5 	Acc: 94.401 	Loss: 0.1721[00m
[92m  Client5 Test => 	Acc: 76.324 	Loss: 1.3475[00m
[91m Client6 Train => Local Epoch: 0 / 5 	Acc: 85.938 	Loss: 0.4844[00m
[91m Client6 Train => Local Epoch: 1 / 5 	Acc: 92.594 	Loss: 0.2687[00m
[91m Client6 Train => Local Epoch: 2 / 5 	Acc: 86.750 	Loss: 0.4575[00m
[91m Client6 Train => Local Epoch: 3 / 5 	Acc: 87.406 	Loss: 0.3876[00m
[91m Client6 Train => Local Epoch: 4 / 5 	Acc: 90.969 	Loss: 0.3022[00m
[92m  Client6 Test => 	Acc: 72.646 	Loss: 0.9179[00m
[91m Client7 Train => Local Epoch: 0 / 5 	Acc: 74.844 	Loss: 0.8042[00m
[91m Client7 Train => Local Epoch: 1 / 5 	Acc: 84.609 	Loss: 0.5005[00m
[91m Client7 Train => Local Epoch: 2 / 5 	Acc: 87.500 	Loss: 0.3998[00m
[91m Client7 Train => Local Epoch: 3 / 5 	Acc: 90.703 	Loss: 0.2994[00m
[91m Client7 Train => Local Epoch: 4 / 5 	Acc: 92.812 	Loss: 0.2320[00m
[92m  Client7 Test => 	Acc: 74.974 	Loss: 1.0023[00m
[91m Client8 Train => Local Epoch: 0 / 5 	Acc: 80.729 	Loss: 0.6331[00m
[91m Client8 Train => Local Epoch: 1 / 5 	Acc: 89.974 	Loss: 0.3617[00m
[91m Client8 Train => Local Epoch: 2 / 5 	Acc: 92.839 	Loss: 0.2353[00m
[91m Client8 Train => Local Epoch: 3 / 5 	Acc: 94.922 	Loss: 0.1779[00m
[91m Client8 Train => Local Epoch: 4 / 5 	Acc: 92.318 	Loss: 0.2371[00m
[92m  Client8 Test => 	Acc: 62.489 	Loss: 1.4736[00m
[91m Client9 Train => Local Epoch: 0 / 5 	Acc: 83.173 	Loss: 0.5650[00m
[91m Client9 Train => Local Epoch: 1 / 5 	Acc: 91.466 	Loss: 0.3005[00m
[91m Client9 Train => Local Epoch: 2 / 5 	Acc: 93.510 	Loss: 0.2437[00m
[91m Client9 Train => Local Epoch: 3 / 5 	Acc: 94.591 	Loss: 0.1802[00m
[91m Client9 Train => Local Epoch: 4 / 5 	Acc: 94.651 	Loss: 0.1684[00m
[92m  Client9 Test => 	Acc: 81.268 	Loss: 0.6225[00m
------------------------------------------------
------ Federation process at Server-Side ------- 
------------------------------------------------
-----------------------------------------------------------
------ FedServer: Federation process at Client-Side ------- 
-----------------------------------------------------------
[92m  Client0 Test => 	Acc: 78.380 	Loss: 0.6633[00m
 Train: Round   8, Avg Accuracy 81.513 | Avg Loss 0.737
[91m Client0 Train => Local Epoch: 0 / 5 	Acc: 34.833 	Loss: 1.9320[00m
[91m Client0 Train => Local Epoch: 1 / 5 	Acc: 38.173 	Loss: 1.8569[00m
[91m Client0 Train => Local Epoch: 2 / 5 	Acc: 38.093 	Loss: 1.8335[00m
[91m Client0 Train => Local Epoch: 3 / 5 	Acc: 38.416 	Loss: 1.8313[00m
[91m Client0 Train => Local Epoch: 4 / 5 	Acc: 37.392 	Loss: 1.8335[00m
[92m  Client0 Test => 	Acc: 42.438 	Loss: 1.9537[00m
[91m Client1 Train => Local Epoch: 0 / 5 	Acc: 22.309 	Loss: 2.3362[00m
[91m Client1 Train => Local Epoch: 1 / 5 	Acc: 23.264 	Loss: 2.2783[00m
[91m Client1 Train => Local Epoch: 2 / 5 	Acc: 28.212 	Loss: 2.1605[00m
[91m Client1 Train => Local Epoch: 3 / 5 	Acc: 28.038 	Loss: 2.1300[00m
[91m Client1 Train => Local Epoch: 4 / 5 	Acc: 26.128 	Loss: 9.0513[00m
[92m  Client1 Test => 	Acc: 13.117 	Loss: 2.7419[00m
[91m Client2 Train => Local Epoch: 0 / 5 	Acc: 87.760 	Loss: 0.3554[00m
[91m Client2 Train => Local Epoch: 1 / 5 	Acc: 93.663 	Loss: 0.1869[00m
[91m Client2 Train => Local Epoch: 2 / 5 	Acc: 93.056 	Loss: 0.2071[00m
[91m Client2 Train => Local Epoch: 3 / 5 	Acc: 93.056 	Loss: 0.2018[00m
[91m Client2 Train => Local Epoch: 4 / 5 	Acc: 94.531 	Loss: 0.1617[00m
[92m  Client2 Test => 	Acc: 74.284 	Loss: 1.2862[00m
[91m Client3 Train => Local Epoch: 0 / 5 	Acc: 92.188 	Loss: 0.2654[00m
[91m Client3 Train => Local Epoch: 1 / 5 	Acc: 95.530 	Loss: 0.1678[00m
[91m Client3 Train => Local Epoch: 2 / 5 	Acc: 94.922 	Loss: 0.1506[00m
[91m Client3 Train => Local Epoch: 3 / 5 	Acc: 95.616 	Loss: 0.1372[00m
[91m Client3 Train => Local Epoch: 4 / 5 	Acc: 96.354 	Loss: 0.1260[00m
[92m  Client3 Test => 	Acc: 78.071 	Loss: 0.8621[00m
[91m Client4 Train => Local Epoch: 0 / 5 	Acc: 90.723 	Loss: 0.2604[00m
[91m Client4 Train => Local Epoch: 1 / 5 	Acc: 93.652 	Loss: 0.1781[00m
[91m Client4 Train => Local Epoch: 2 / 5 	Acc: 95.117 	Loss: 0.1462[00m
[91m Client4 Train => Local Epoch: 3 / 5 	Acc: 92.383 	Loss: 0.2687[00m
[91m Client4 Train => Local Epoch: 4 / 5 	Acc: 94.629 	Loss: 0.1838[00m
[92m  Client4 Test => 	Acc: 69.741 	Loss: 1.1552[00m
[91m Client5 Train => Local Epoch: 0 / 5 	Acc: 90.104 	Loss: 0.2993[00m
[91m Client5 Train => Local Epoch: 1 / 5 	Acc: 95.312 	Loss: 0.1630[00m
[91m Client5 Train => Local Epoch: 2 / 5 	Acc: 94.010 	Loss: 0.1777[00m
[91m Client5 Train => Local Epoch: 3 / 5 	Acc: 95.573 	Loss: 0.1323[00m
[91m Client5 Train => Local Epoch: 4 / 5 	Acc: 95.443 	Loss: 0.1281[00m
[92m  Client5 Test => 	Acc: 80.221 	Loss: 0.9732[00m
[91m Client6 Train => Local Epoch: 0 / 5 	Acc: 88.844 	Loss: 0.3437[00m
[91m Client6 Train => Local Epoch: 1 / 5 	Acc: 91.469 	Loss: 0.2698[00m
[91m Client6 Train => Local Epoch: 2 / 5 	Acc: 93.000 	Loss: 0.2234[00m
[91m Client6 Train => Local Epoch: 3 / 5 	Acc: 94.469 	Loss: 0.1731[00m
[91m Client6 Train => Local Epoch: 4 / 5 	Acc: 94.812 	Loss: 0.1584[00m
[92m  Client6 Test => 	Acc: 81.945 	Loss: 0.6487[00m
[91m Client7 Train => Local Epoch: 0 / 5 	Acc: 82.656 	Loss: 0.5518[00m
[91m Client7 Train => Local Epoch: 1 / 5 	Acc: 89.766 	Loss: 0.3412[00m
[91m Client7 Train => Local Epoch: 2 / 5 	Acc: 92.031 	Loss: 0.2519[00m
[91m Client7 Train => Local Epoch: 3 / 5 	Acc: 86.484 	Loss: 0.4287[00m
[91m Client7 Train => Local Epoch: 4 / 5 	Acc: 90.859 	Loss: 0.2841[00m
[92m  Client7 Test => 	Acc: 81.279 	Loss: 0.6569[00m
[91m Client8 Train => Local Epoch: 0 / 5 	Acc: 88.542 	Loss: 0.3783[00m
[91m Client8 Train => Local Epoch: 1 / 5 	Acc: 92.969 	Loss: 0.2402[00m
[91m Client8 Train => Local Epoch: 2 / 5 	Acc: 95.703 	Loss: 0.1508[00m
[91m Client8 Train => Local Epoch: 3 / 5 	Acc: 97.005 	Loss: 0.1128[00m
[91m Client8 Train => Local Epoch: 4 / 5 	Acc: 97.135 	Loss: 0.0867[00m
[92m  Client8 Test => 	Acc: 78.227 	Loss: 0.9493[00m
[91m Client9 Train => Local Epoch: 0 / 5 	Acc: 87.200 	Loss: 0.4023[00m
[91m Client9 Train => Local Epoch: 1 / 5 	Acc: 93.810 	Loss: 0.1987[00m
[91m Client9 Train => Local Epoch: 2 / 5 	Acc: 94.111 	Loss: 0.1735[00m
[91m Client9 Train => Local Epoch: 3 / 5 	Acc: 94.651 	Loss: 0.1710[00m
[91m Client9 Train => Local Epoch: 4 / 5 	Acc: 86.959 	Loss: 0.4818[00m
[92m  Client9 Test => 	Acc: 66.297 	Loss: 1.3035[00m
------------------------------------------------
------ Federation process at Server-Side ------- 
------------------------------------------------
-----------------------------------------------------------
------ FedServer: Federation process at Client-Side ------- 
-----------------------------------------------------------
[92m  Client0 Test => 	Acc: 79.778 	Loss: 0.6194[00m
 Train: Round   9, Avg Accuracy 81.424 | Avg Loss 1.250
Training and Evaluation completed!
===== END Fri 01/09/2026 20:49:46.42 ===== 
