===== START Fri 01/09/2026 20:49:46.44 ===== 
C:\Users\pr8pf\AppData\Local\anaconda3\Lib\site-packages\torchvision\models\_utils.py:208: UserWarning: The parameter 'pretrained' is deprecated since 0.13 and may be removed in the future, please use 'weights' instead.
  warnings.warn(
C:\Users\pr8pf\AppData\Local\anaconda3\Lib\site-packages\torchvision\models\_utils.py:223: UserWarning: Arguments other than a weight enum or `None` for 'weights' are deprecated since 0.13 and may be removed in the future. The current behavior is equivalent to passing `weights=VGG16_Weights.IMAGENET1K_V1`. You can also use `weights=VGG16_Weights.DEFAULT` to get the most up-to-date weights.
  warnings.warn(msg)
[codecarbon INFO @ 20:50:18] [setup] RAM Tracking...
[codecarbon INFO @ 20:50:18] [setup] CPU Tracking...
[codecarbon WARNING @ 20:50:18] No CPU tracking mode found. Falling back on CPU constant mode. 
 Windows OS detected: Please install Intel Power Gadget to measure CPU

[codecarbon INFO @ 20:50:20] CPU Model on constant consumption mode: Intel(R) Xeon(R) Gold 6258R CPU @ 2.70GHz
[codecarbon INFO @ 20:50:20] [setup] GPU Tracking...
[codecarbon INFO @ 20:50:20] Tracking Nvidia GPU via pynvml
[codecarbon INFO @ 20:50:20] >>> Tracker's metadata:
[codecarbon INFO @ 20:50:20]   Platform system: Windows-11-10.0.22631-SP0
[codecarbon INFO @ 20:50:20]   Python version: 3.12.7
[codecarbon INFO @ 20:50:20]   CodeCarbon version: 2.8.3
[codecarbon INFO @ 20:50:20]   Available RAM : 126.630 GB
[codecarbon INFO @ 20:50:20]   CPU count: 56
[codecarbon INFO @ 20:50:20]   CPU model: Intel(R) Xeon(R) Gold 6258R CPU @ 2.70GHz
[codecarbon INFO @ 20:50:20]   GPU count: 2
[codecarbon INFO @ 20:50:20]   GPU model: 2 x NVIDIA RTX A5000
[codecarbon INFO @ 20:50:23] Saving emissions data to file C:\Users\pr8pf\Documents\GitHub\SplitFed\emissions.csv
[codecarbon INFO @ 20:50:25] Energy consumed for RAM : 0.000019 kWh. RAM Power : 47.48608875274658 W
[codecarbon INFO @ 20:50:25] Energy consumed for all CPUs : 0.000041 kWh. Total CPU Power : 102.50000000000001 W
[codecarbon INFO @ 20:50:25] Energy consumed for all GPUs : 0.000007 kWh. Total GPU Power : 17.192269211545202 W
[codecarbon INFO @ 20:50:25] 0.000066 kWh of electricity used since the beginning.
C:\Users\pr8pf\AppData\Local\anaconda3\Lib\site-packages\sklearn\cluster\_kmeans.py:1429: UserWarning: KMeans is known to have a memory leak on Windows with MKL, when there are less chunks than available threads. You can avoid it by setting the environment variable OMP_NUM_THREADS=1.
  warnings.warn(
C:\Users\pr8pf\AppData\Local\anaconda3\Lib\site-packages\sklearn\cluster\_kmeans.py:1429: UserWarning: KMeans is known to have a memory leak on Windows with MKL, when there are less chunks than available threads. You can avoid it by setting the environment variable OMP_NUM_THREADS=1.
  warnings.warn(
[codecarbon INFO @ 21:16:15] [setup] RAM Tracking...
[codecarbon INFO @ 21:16:15] [setup] CPU Tracking...
[codecarbon WARNING @ 21:16:15] No CPU tracking mode found. Falling back on CPU constant mode. 
 Windows OS detected: Please install Intel Power Gadget to measure CPU

[codecarbon INFO @ 21:16:17] CPU Model on constant consumption mode: Intel(R) Xeon(R) Gold 6258R CPU @ 2.70GHz
[codecarbon INFO @ 21:16:17] [setup] GPU Tracking...
[codecarbon INFO @ 21:16:17] Tracking Nvidia GPU via pynvml
[codecarbon INFO @ 21:16:17] >>> Tracker's metadata:
[codecarbon INFO @ 21:16:17]   Platform system: Windows-11-10.0.22631-SP0
[codecarbon INFO @ 21:16:17]   Python version: 3.12.7
[codecarbon INFO @ 21:16:17]   CodeCarbon version: 2.8.3
[codecarbon INFO @ 21:16:17]   Available RAM : 126.630 GB
[codecarbon INFO @ 21:16:17]   CPU count: 56
[codecarbon INFO @ 21:16:17]   CPU model: Intel(R) Xeon(R) Gold 6258R CPU @ 2.70GHz
[codecarbon INFO @ 21:16:17]   GPU count: 2
[codecarbon INFO @ 21:16:17]   GPU model: 2 x NVIDIA RTX A5000
[codecarbon INFO @ 21:16:20] Saving emissions data to file C:\Users\pr8pf\Documents\GitHub\SplitFed\emissions.csv
[codecarbon INFO @ 21:16:21] Energy consumed for RAM : 0.000006 kWh. RAM Power : 47.48608875274658 W
[codecarbon INFO @ 21:16:21] Energy consumed for all CPUs : 0.000014 kWh. Total CPU Power : 102.50000000000001 W
[codecarbon INFO @ 21:16:21] Energy consumed for all GPUs : 0.000002 kWh. Total GPU Power : 15.09088942316996 W
[codecarbon INFO @ 21:16:21] 0.000022 kWh of electricity used since the beginning.
[codecarbon INFO @ 21:17:16] [setup] RAM Tracking...
[codecarbon INFO @ 21:17:16] [setup] CPU Tracking...
[codecarbon WARNING @ 21:17:16] No CPU tracking mode found. Falling back on CPU constant mode. 
 Windows OS detected: Please install Intel Power Gadget to measure CPU

[codecarbon INFO @ 21:17:18] CPU Model on constant consumption mode: Intel(R) Xeon(R) Gold 6258R CPU @ 2.70GHz
[codecarbon INFO @ 21:17:18] [setup] GPU Tracking...
[codecarbon INFO @ 21:17:18] Tracking Nvidia GPU via pynvml
[codecarbon INFO @ 21:17:18] >>> Tracker's metadata:
[codecarbon INFO @ 21:17:18]   Platform system: Windows-11-10.0.22631-SP0
[codecarbon INFO @ 21:17:18]   Python version: 3.12.7
[codecarbon INFO @ 21:17:18]   CodeCarbon version: 2.8.3
[codecarbon INFO @ 21:17:18]   Available RAM : 126.630 GB
[codecarbon INFO @ 21:17:18]   CPU count: 56
[codecarbon INFO @ 21:17:18]   CPU model: Intel(R) Xeon(R) Gold 6258R CPU @ 2.70GHz
[codecarbon INFO @ 21:17:18]   GPU count: 2
[codecarbon INFO @ 21:17:18]   GPU model: 2 x NVIDIA RTX A5000
[codecarbon INFO @ 21:17:21] Saving emissions data to file C:\Users\pr8pf\Documents\GitHub\SplitFed\emissions.csv
[codecarbon INFO @ 21:17:22] Energy consumed for RAM : 0.000011 kWh. RAM Power : 47.48608875274658 W
[codecarbon INFO @ 21:17:22] Energy consumed for all CPUs : 0.000024 kWh. Total CPU Power : 102.50000000000001 W
[codecarbon INFO @ 21:17:22] Energy consumed for all GPUs : 0.000004 kWh. Total GPU Power : 18.37950676537871 W
[codecarbon INFO @ 21:17:22] 0.000039 kWh of electricity used since the beginning.
################################################################
#                              batch_size: 64                  #
#                         test_batch_size: 64                  #
#                                  epochs: 10                  #
#                               optimizer: SGD                 #
#                                      lr: 0.001               #
#                                momentum: 0.5                 #
#                                    seed: 1                   #
#                             num_clients: 10                  #
#                                   scale: 3                   #
#                                 dataset: plant               #
#                             loader_type: dirichlet           #
#                                      AR: flame               #
#                                    side: both                #
#                                     PDR: 1.0                 #
#                                  attack: data_poisoning 10,5 #
#                          label_flipping: uni                 #
#                         experiment_name: split_fed_data_pois_10_5_inner_epochs=5_epochs=10_PDR=1.0_scale=3_flame#
#                            inner_epochs: 5                   #
#                                   setup: split_fed           #
#                                   alpha: 0.5                 #
################################################################
NVIDIA RTX A5000
---------split_fed_data_pois_10_5_inner_epochs=5_epochs=10_PDR=1.0_scale=3_flame----------
initialize a data loader
Using cuda
[91m Client0 Train => Local Epoch: 0 / 5 	Acc: 29.768 	Loss: 2.9637[00m
[91m Client0 Train => Local Epoch: 1 / 5 	Acc: 36.584 	Loss: 1.9059[00m
[91m Client0 Train => Local Epoch: 2 / 5 	Acc: 38.497 	Loss: 1.8631[00m
[91m Client0 Train => Local Epoch: 3 / 5 	Acc: 37.769 	Loss: 1.8615[00m
[91m Client0 Train => Local Epoch: 4 / 5 	Acc: 38.200 	Loss: 1.8555[00m
[92m  Client0 Test => 	Acc: 12.335 	Loss: 2.9662[00m
[91m Client1 Train => Local Epoch: 0 / 5 	Acc: 19.705 	Loss: 4.7098[00m
[91m Client1 Train => Local Epoch: 1 / 5 	Acc: 21.354 	Loss: 2.3620[00m
[91m Client1 Train => Local Epoch: 2 / 5 	Acc: 25.955 	Loss: 2.3221[00m
[91m Client1 Train => Local Epoch: 3 / 5 	Acc: 27.604 	Loss: 2.1843[00m
[91m Client1 Train => Local Epoch: 4 / 5 	Acc: 29.167 	Loss: 2.1627[00m
[92m  Client1 Test => 	Acc: 4.893 	Loss: 3.0289[00m
[91m Client2 Train => Local Epoch: 0 / 5 	Acc: 20.747 	Loss: 5.8241[00m
[91m Client2 Train => Local Epoch: 1 / 5 	Acc: 21.875 	Loss: 2.8118[00m
[91m Client2 Train => Local Epoch: 2 / 5 	Acc: 32.639 	Loss: 2.4041[00m
[91m Client2 Train => Local Epoch: 3 / 5 	Acc: 42.274 	Loss: 2.1423[00m
[91m Client2 Train => Local Epoch: 4 / 5 	Acc: 41.927 	Loss: 2.1293[00m
[92m  Client2 Test => 	Acc: 12.983 	Loss: 3.1516[00m
[91m Client3 Train => Local Epoch: 0 / 5 	Acc: 24.913 	Loss: 4.1920[00m
[91m Client3 Train => Local Epoch: 1 / 5 	Acc: 32.422 	Loss: 1.9702[00m
[91m Client3 Train => Local Epoch: 2 / 5 	Acc: 59.766 	Loss: 1.5107[00m
[91m Client3 Train => Local Epoch: 3 / 5 	Acc: 70.009 	Loss: 1.0524[00m
[91m Client3 Train => Local Epoch: 4 / 5 	Acc: 72.309 	Loss: 0.9613[00m
[92m  Client3 Test => 	Acc: 30.897 	Loss: 2.5933[00m
[91m Client4 Train => Local Epoch: 0 / 5 	Acc: 19.629 	Loss: 2.9953[00m
[91m Client4 Train => Local Epoch: 1 / 5 	Acc: 20.020 	Loss: 2.6391[00m
[91m Client4 Train => Local Epoch: 2 / 5 	Acc: 24.805 	Loss: 2.4257[00m
[91m Client4 Train => Local Epoch: 3 / 5 	Acc: 19.141 	Loss: 2.3113[00m
[91m Client4 Train => Local Epoch: 4 / 5 	Acc: 41.406 	Loss: 1.8539[00m
[92m  Client4 Test => 	Acc: 17.211 	Loss: 4.1518[00m
[91m Client5 Train => Local Epoch: 0 / 5 	Acc: 22.396 	Loss: 11.4061[00m
[91m Client5 Train => Local Epoch: 1 / 5 	Acc: 27.865 	Loss: 2.1747[00m
[91m Client5 Train => Local Epoch: 2 / 5 	Acc: 30.729 	Loss: 2.1001[00m
[91m Client5 Train => Local Epoch: 3 / 5 	Acc: 36.328 	Loss: 1.9544[00m
[91m Client5 Train => Local Epoch: 4 / 5 	Acc: 47.005 	Loss: 1.7164[00m
[92m  Client5 Test => 	Acc: 24.384 	Loss: 3.8224[00m
[91m Client6 Train => Local Epoch: 0 / 5 	Acc: 29.406 	Loss: 2.5505[00m
[91m Client6 Train => Local Epoch: 1 / 5 	Acc: 50.938 	Loss: 1.6173[00m
[91m Client6 Train => Local Epoch: 2 / 5 	Acc: 63.719 	Loss: 1.2328[00m
[91m Client6 Train => Local Epoch: 3 / 5 	Acc: 70.156 	Loss: 0.9517[00m
[91m Client6 Train => Local Epoch: 4 / 5 	Acc: 73.125 	Loss: 0.8460[00m
[92m  Client6 Test => 	Acc: 50.258 	Loss: 2.0197[00m
[91m Client7 Train => Local Epoch: 0 / 5 	Acc: 17.500 	Loss: 3.2581[00m
[91m Client7 Train => Local Epoch: 1 / 5 	Acc: 22.578 	Loss: 2.3050[00m
[91m Client7 Train => Local Epoch: 2 / 5 	Acc: 24.062 	Loss: 2.3072[00m
[91m Client7 Train => Local Epoch: 3 / 5 	Acc: 25.547 	Loss: 2.1509[00m
[91m Client7 Train => Local Epoch: 4 / 5 	Acc: 28.125 	Loss: 2.1486[00m
[92m  Client7 Test => 	Acc: 9.964 	Loss: 3.5199[00m
[91m Client8 Train => Local Epoch: 0 / 5 	Acc: 20.312 	Loss: 5.1166[00m
[91m Client8 Train => Local Epoch: 1 / 5 	Acc: 15.495 	Loss: 2.6892[00m
[91m Client8 Train => Local Epoch: 2 / 5 	Acc: 26.562 	Loss: 2.2223[00m
[91m Client8 Train => Local Epoch: 3 / 5 	Acc: 25.651 	Loss: 2.2053[00m
[91m Client8 Train => Local Epoch: 4 / 5 	Acc: 22.396 	Loss: 2.1820[00m
[92m  Client8 Test => 	Acc: 7.341 	Loss: 3.6929[00m
[91m Client9 Train => Local Epoch: 0 / 5 	Acc: 21.334 	Loss: 4.6485[00m
[91m Client9 Train => Local Epoch: 1 / 5 	Acc: 29.147 	Loss: 2.1317[00m
[91m Client9 Train => Local Epoch: 2 / 5 	Acc: 43.209 	Loss: 1.8236[00m
[91m Client9 Train => Local Epoch: 3 / 5 	Acc: 53.065 	Loss: 1.4360[00m
[91m Client9 Train => Local Epoch: 4 / 5 	Acc: 65.024 	Loss: 1.1747[00m
[92m  Client9 Test => 	Acc: 41.409 	Loss: 2.2700[00m
------------------------------------------------
------ Federation process at Server-Side ------- 
------------------------------------------------
-----------------------------------------------------------
------ FedServer: Federation process at Client-Side ------- 
-----------------------------------------------------------
[92m  Client0 Test => 	Acc: 12.949 	Loss: 2.7211[00m
 Train: Round   0, Avg Accuracy 45.868 | Avg Loss 1.703
[91m Client0 Train => Local Epoch: 0 / 5 	Acc: 32.947 	Loss: 2.2681[00m
[91m Client0 Train => Local Epoch: 1 / 5 	Acc: 37.446 	Loss: 1.8824[00m
[91m Client0 Train => Local Epoch: 2 / 5 	Acc: 36.422 	Loss: 2.0185[00m
[91m Client0 Train => Local Epoch: 3 / 5 	Acc: 38.362 	Loss: 1.8325[00m
[91m Client0 Train => Local Epoch: 4 / 5 	Acc: 38.362 	Loss: 1.8338[00m
[92m  Client0 Test => 	Acc: 12.355 	Loss: 3.5293[00m
[91m Client1 Train => Local Epoch: 0 / 5 	Acc: 23.698 	Loss: 2.3462[00m
[91m Client1 Train => Local Epoch: 1 / 5 	Acc: 25.087 	Loss: 2.1816[00m
[91m Client1 Train => Local Epoch: 2 / 5 	Acc: 28.733 	Loss: 2.1494[00m
[91m Client1 Train => Local Epoch: 3 / 5 	Acc: 30.035 	Loss: 2.1463[00m
[91m Client1 Train => Local Epoch: 4 / 5 	Acc: 29.514 	Loss: 2.1411[00m
[92m  Client1 Test => 	Acc: 11.061 	Loss: 2.9836[00m
[91m Client2 Train => Local Epoch: 0 / 5 	Acc: 42.448 	Loss: 2.2635[00m
[91m Client2 Train => Local Epoch: 1 / 5 	Acc: 42.448 	Loss: 2.1033[00m
[91m Client2 Train => Local Epoch: 2 / 5 	Acc: 42.448 	Loss: 2.0888[00m
[91m Client2 Train => Local Epoch: 3 / 5 	Acc: 42.188 	Loss: 2.0911[00m
[91m Client2 Train => Local Epoch: 4 / 5 	Acc: 42.274 	Loss: 2.0876[00m
[92m  Client2 Test => 	Acc: 12.983 	Loss: 3.5210[00m
[91m Client3 Train => Local Epoch: 0 / 5 	Acc: 31.033 	Loss: 2.0451[00m
[91m Client3 Train => Local Epoch: 1 / 5 	Acc: 47.830 	Loss: 1.6648[00m
[91m Client3 Train => Local Epoch: 2 / 5 	Acc: 61.762 	Loss: 1.2781[00m
[91m Client3 Train => Local Epoch: 3 / 5 	Acc: 69.054 	Loss: 1.0293[00m
[91m Client3 Train => Local Epoch: 4 / 5 	Acc: 76.042 	Loss: 0.8172[00m
[92m  Client3 Test => 	Acc: 33.161 	Loss: 2.4802[00m
[91m Client4 Train => Local Epoch: 0 / 5 	Acc: 16.797 	Loss: 2.4114[00mC:\Users\pr8pf\AppData\Local\anaconda3\Lib\site-packages\sklearn\cluster\_kmeans.py:1429: UserWarning: KMeans is known to have a memory leak on Windows with MKL, when there are less chunks than available threads. You can avoid it by setting the environment variable OMP_NUM_THREADS=1.
  warnings.warn(
C:\Users\pr8pf\AppData\Local\anaconda3\Lib\site-packages\sklearn\cluster\_kmeans.py:1429: UserWarning: KMeans is known to have a memory leak on Windows with MKL, when there are less chunks than available threads. You can avoid it by setting the environment variable OMP_NUM_THREADS=1.
  warnings.warn(
[codecarbon INFO @ 21:43:16] [setup] RAM Tracking...
[codecarbon INFO @ 21:43:16] [setup] CPU Tracking...
[codecarbon WARNING @ 21:43:16] No CPU tracking mode found. Falling back on CPU constant mode. 
 Windows OS detected: Please install Intel Power Gadget to measure CPU

[codecarbon INFO @ 21:43:17] CPU Model on constant consumption mode: Intel(R) Xeon(R) Gold 6258R CPU @ 2.70GHz
[codecarbon INFO @ 21:43:17] [setup] GPU Tracking...
[codecarbon INFO @ 21:43:17] Tracking Nvidia GPU via pynvml
[codecarbon INFO @ 21:43:17] >>> Tracker's metadata:
[codecarbon INFO @ 21:43:17]   Platform system: Windows-11-10.0.22631-SP0
[codecarbon INFO @ 21:43:17]   Python version: 3.12.7
[codecarbon INFO @ 21:43:17]   CodeCarbon version: 2.8.3
[codecarbon INFO @ 21:43:17]   Available RAM : 126.630 GB
[codecarbon INFO @ 21:43:17]   CPU count: 56
[codecarbon INFO @ 21:43:17]   CPU model: Intel(R) Xeon(R) Gold 6258R CPU @ 2.70GHz
[codecarbon INFO @ 21:43:17]   GPU count: 2
[codecarbon INFO @ 21:43:17]   GPU model: 2 x NVIDIA RTX A5000
[codecarbon INFO @ 21:43:20] Saving emissions data to file C:\Users\pr8pf\Documents\GitHub\SplitFed\emissions.csv
[codecarbon INFO @ 21:43:21] Energy consumed for RAM : 0.000006 kWh. RAM Power : 47.48608875274658 W
[codecarbon INFO @ 21:43:21] Energy consumed for all CPUs : 0.000014 kWh. Total CPU Power : 102.50000000000001 W
[codecarbon INFO @ 21:43:21] Energy consumed for all GPUs : 0.000002 kWh. Total GPU Power : 17.10056547267164 W
[codecarbon INFO @ 21:43:21] 0.000022 kWh of electricity used since the beginning.
[codecarbon INFO @ 21:44:18] [setup] RAM Tracking...
[codecarbon INFO @ 21:44:18] [setup] CPU Tracking...
[codecarbon WARNING @ 21:44:18] No CPU tracking mode found. Falling back on CPU constant mode. 
 Windows OS detected: Please install Intel Power Gadget to measure CPU

[codecarbon INFO @ 21:44:19] CPU Model on constant consumption mode: Intel(R) Xeon(R) Gold 6258R CPU @ 2.70GHz
[codecarbon INFO @ 21:44:19] [setup] GPU Tracking...
[codecarbon INFO @ 21:44:19] Tracking Nvidia GPU via pynvml
[codecarbon INFO @ 21:44:19] >>> Tracker's metadata:
[codecarbon INFO @ 21:44:19]   Platform system: Windows-11-10.0.22631-SP0
[codecarbon INFO @ 21:44:19]   Python version: 3.12.7
[codecarbon INFO @ 21:44:19]   CodeCarbon version: 2.8.3
[codecarbon INFO @ 21:44:19]   Available RAM : 126.630 GB
[codecarbon INFO @ 21:44:19]   CPU count: 56
[codecarbon INFO @ 21:44:19]   CPU model: Intel(R) Xeon(R) Gold 6258R CPU @ 2.70GHz
[codecarbon INFO @ 21:44:19]   GPU count: 2
[codecarbon INFO @ 21:44:19]   GPU model: 2 x NVIDIA RTX A5000
[codecarbon INFO @ 21:44:22] Saving emissions data to file C:\Users\pr8pf\Documents\GitHub\SplitFed\emissions.csv
[codecarbon INFO @ 21:44:23] Energy consumed for RAM : 0.000007 kWh. RAM Power : 47.48608875274658 W
[codecarbon INFO @ 21:44:23] Energy consumed for all CPUs : 0.000016 kWh. Total CPU Power : 102.50000000000001 W
[codecarbon INFO @ 21:44:23] Energy consumed for all GPUs : 0.000003 kWh. Total GPU Power : 17.840291492191202 W
[codecarbon INFO @ 21:44:23] 0.000026 kWh of electricity used since the beginning.
C:\Users\pr8pf\AppData\Local\anaconda3\Lib\site-packages\sklearn\cluster\_kmeans.py:1429: UserWarning: KMeans is known to have a memory leak on Windows with MKL, when there are less chunks than available threads. You can avoid it by setting the environment variable OMP_NUM_THREADS=1.
  warnings.warn(
C:\Users\pr8pf\AppData\Local\anaconda3\Lib\site-packages\sklearn\cluster\_kmeans.py:1429: UserWarning: KMeans is known to have a memory leak on Windows with MKL, when there are less chunks than available threads. You can avoid it by setting the environment variable OMP_NUM_THREADS=1.
  warnings.warn(
[codecarbon INFO @ 22:10:07] [setup] RAM Tracking...
[codecarbon INFO @ 22:10:07] [setup] CPU Tracking...
[codecarbon WARNING @ 22:10:07] No CPU tracking mode found. Falling back on CPU constant mode. 
 Windows OS detected: Please install Intel Power Gadget to measure CPU

[codecarbon INFO @ 22:10:09] CPU Model on constant consumption mode: Intel(R) Xeon(R) Gold 6258R CPU @ 2.70GHz
[codecarbon INFO @ 22:10:09] [setup] GPU Tracking...
[codecarbon INFO @ 22:10:09] Tracking Nvidia GPU via pynvml
[codecarbon INFO @ 22:10:09] >>> Tracker's metadata:
[codecarbon INFO @ 22:10:09]   Platform system: Windows-11-10.0.22631-SP0
[codecarbon INFO @ 22:10:09]   Python version: 3.12.7
[codecarbon INFO @ 22:10:09]   CodeCarbon version: 2.8.3
[codecarbon INFO @ 22:10:09]   Available RAM : 126.630 GB
[codecarbon INFO @ 22:10:09]   CPU count: 56
[codecarbon INFO @ 22:10:09]   CPU model: Intel(R) Xeon(R) Gold 6258R CPU @ 2.70GHz
[codecarbon INFO @ 22:10:09]   GPU count: 2
[codecarbon INFO @ 22:10:09]   GPU model: 2 x NVIDIA RTX A5000
[codecarbon INFO @ 22:10:12] Saving emissions data to file C:\Users\pr8pf\Documents\GitHub\SplitFed\emissions.csv
[codecarbon INFO @ 22:10:12] Energy consumed for RAM : 0.000007 kWh. RAM Power : 47.48608875274658 W
[codecarbon INFO @ 22:10:12] Energy consumed for all CPUs : 0.000015 kWh. Total CPU Power : 102.50000000000001 W
[codecarbon INFO @ 22:10:12] Energy consumed for all GPUs : 0.000002 kWh. Total GPU Power : 15.867490531617102 W
[codecarbon INFO @ 22:10:12] 0.000024 kWh of electricity used since the beginning.
[codecarbon INFO @ 22:11:08] [setup] RAM Tracking...
[codecarbon INFO @ 22:11:08] [setup] CPU Tracking...
[codecarbon WARNING @ 22:11:08] No CPU tracking mode found. Falling back on CPU constant mode. 
 Windows OS detected: Please install Intel Power Gadget to measure CPU

[codecarbon INFO @ 22:11:10] CPU Model on constant consumption mode: Intel(R) Xeon(R) Gold 6258R CPU @ 2.70GHz
[codecarbon INFO @ 22:11:10] [setup] GPU Tracking...
[codecarbon INFO @ 22:11:10] Tracking Nvidia GPU via pynvml
[codecarbon INFO @ 22:11:10] >>> Tracker's metadata:
[codecarbon INFO @ 22:11:10]   Platform system: Windows-11-10.0.22631-SP0
[codecarbon INFO @ 22:11:10]   Python version: 3.12.7
[codecarbon INFO @ 22:11:10]   CodeCarbon version: 2.8.3
[codecarbon INFO @ 22:11:10]   Available RAM : 126.630 GB
[codecarbon INFO @ 22:11:10]   CPU count: 56
[codecarbon INFO @ 22:11:10]   CPU model: Intel(R) Xeon(R) Gold 6258R CPU @ 2.70GHz
[codecarbon INFO @ 22:11:10]   GPU count: 2
[codecarbon INFO @ 22:11:10]   GPU model: 2 x NVIDIA RTX A5000
[codecarbon INFO @ 22:11:13] Saving emissions data to file C:\Users\pr8pf\Documents\GitHub\SplitFed\emissions.csv
[codecarbon INFO @ 22:11:14] Energy consumed for RAM : 0.000012 kWh. RAM Power : 47.48608875274658 W
[codecarbon INFO @ 22:11:14] Energy consumed for all CPUs : 0.000025 kWh. Total CPU Power : 102.50000000000001 W
[codecarbon INFO @ 22:11:14] Energy consumed for all GPUs : 0.000005 kWh. Total GPU Power : 19.21312146112617 W
[codecarbon INFO @ 22:11:14] 0.000041 kWh of electricity used since the beginning.

[91m Client4 Train => Local Epoch: 1 / 5 	Acc: 36.426 	Loss: 1.8787[00m
[91m Client4 Train => Local Epoch: 2 / 5 	Acc: 50.781 	Loss: 1.4613[00m
[91m Client4 Train => Local Epoch: 3 / 5 	Acc: 64.648 	Loss: 1.1305[00m
[91m Client4 Train => Local Epoch: 4 / 5 	Acc: 66.992 	Loss: 1.0370[00m
[92m  Client4 Test => 	Acc: 37.573 	Loss: 3.3643[00m
[91m Client5 Train => Local Epoch: 0 / 5 	Acc: 18.880 	Loss: 2.4383[00m
[91m Client5 Train => Local Epoch: 1 / 5 	Acc: 31.380 	Loss: 2.0818[00m
[91m Client5 Train => Local Epoch: 2 / 5 	Acc: 30.469 	Loss: 2.0368[00m
[91m Client5 Train => Local Epoch: 3 / 5 	Acc: 31.250 	Loss: 2.0118[00m
[91m Client5 Train => Local Epoch: 4 / 5 	Acc: 29.948 	Loss: 2.0108[00m
[92m  Client5 Test => 	Acc: 12.355 	Loss: 3.3994[00m
[91m Client6 Train => Local Epoch: 0 / 5 	Acc: 23.500 	Loss: 2.1818[00m
[91m Client6 Train => Local Epoch: 1 / 5 	Acc: 26.500 	Loss: 2.1072[00m
[91m Client6 Train => Local Epoch: 2 / 5 	Acc: 34.062 	Loss: 2.0573[00m
[91m Client6 Train => Local Epoch: 3 / 5 	Acc: 36.219 	Loss: 2.0989[00m
[91m Client6 Train => Local Epoch: 4 / 5 	Acc: 51.875 	Loss: 1.6271[00m
[92m  Client6 Test => 	Acc: 39.077 	Loss: 2.6547[00m
[91m Client7 Train => Local Epoch: 0 / 5 	Acc: 21.094 	Loss: 2.4192[00m
[91m Client7 Train => Local Epoch: 1 / 5 	Acc: 26.875 	Loss: 2.2315[00m
[91m Client7 Train => Local Epoch: 2 / 5 	Acc: 26.797 	Loss: 2.1556[00m
[91m Client7 Train => Local Epoch: 3 / 5 	Acc: 26.406 	Loss: 2.2232[00m
[91m Client7 Train => Local Epoch: 4 / 5 	Acc: 32.969 	Loss: 2.0444[00m
[92m  Client7 Test => 	Acc: 21.733 	Loss: 2.8782[00m
[91m Client8 Train => Local Epoch: 0 / 5 	Acc: 15.625 	Loss: 2.5076[00m
[91m Client8 Train => Local Epoch: 1 / 5 	Acc: 23.958 	Loss: 2.1790[00m
[91m Client8 Train => Local Epoch: 2 / 5 	Acc: 27.474 	Loss: 2.1330[00m
[91m Client8 Train => Local Epoch: 3 / 5 	Acc: 23.307 	Loss: 2.1109[00m
[91m Client8 Train => Local Epoch: 4 / 5 	Acc: 28.646 	Loss: 2.0795[00m
[92m  Client8 Test => 	Acc: 8.663 	Loss: 4.5685[00m
[91m Client9 Train => Local Epoch: 0 / 5 	Acc: 20.913 	Loss: 2.3058[00m
[91m Client9 Train => Local Epoch: 1 / 5 	Acc: 25.481 	Loss: 2.1390[00m
[91m Client9 Train => Local Epoch: 2 / 5 	Acc: 31.310 	Loss: 2.0689[00m
[91m Client9 Train => Local Epoch: 3 / 5 	Acc: 40.204 	Loss: 1.9803[00m
[91m Client9 Train => Local Epoch: 4 / 5 	Acc: 45.733 	Loss: 1.5515[00m
[92m  Client9 Test => 	Acc: 19.882 	Loss: 2.8490[00m
------------------------------------------------
------ Federation process at Server-Side ------- 
------------------------------------------------
-----------------------------------------------------------
------ FedServer: Federation process at Client-Side ------- 
-----------------------------------------------------------
[92m  Client0 Test => 	Acc: 12.942 	Loss: 2.6100[00m
 Train: Round   1, Avg Accuracy 44.235 | Avg Loss 1.723
[91m Client0 Train => Local Epoch: 0 / 5 	Acc: 36.234 	Loss: 1.9513[00m
[91m Client0 Train => Local Epoch: 1 / 5 	Acc: 38.335 	Loss: 1.8345[00m
[91m Client0 Train => Local Epoch: 2 / 5 	Acc: 38.470 	Loss: 1.8325[00m
[91m Client0 Train => Local Epoch: 3 / 5 	Acc: 38.470 	Loss: 1.8315[00m
[91m Client0 Train => Local Epoch: 4 / 5 	Acc: 38.416 	Loss: 1.8306[00m
[92m  Client0 Test => 	Acc: 12.328 	Loss: 3.4441[00m
[91m Client1 Train => Local Epoch: 0 / 5 	Acc: 24.392 	Loss: 2.3322[00m
[91m Client1 Train => Local Epoch: 1 / 5 	Acc: 30.208 	Loss: 2.1265[00m
[91m Client1 Train => Local Epoch: 2 / 5 	Acc: 30.035 	Loss: 2.1194[00m
[91m Client1 Train => Local Epoch: 3 / 5 	Acc: 30.035 	Loss: 2.1263[00m
[91m Client1 Train => Local Epoch: 4 / 5 	Acc: 29.080 	Loss: 2.1174[00m
[92m  Client1 Test => 	Acc: 11.040 	Loss: 3.6546[00m
[91m Client2 Train => Local Epoch: 0 / 5 	Acc: 42.274 	Loss: 2.3125[00m
[91m Client2 Train => Local Epoch: 1 / 5 	Acc: 42.535 	Loss: 2.0887[00m
[91m Client2 Train => Local Epoch: 2 / 5 	Acc: 42.188 	Loss: 2.0972[00m
[91m Client2 Train => Local Epoch: 3 / 5 	Acc: 42.448 	Loss: 2.0838[00m
[91m Client2 Train => Local Epoch: 4 / 5 	Acc: 42.448 	Loss: 2.0760[00m
[92m  Client2 Test => 	Acc: 12.949 	Loss: 3.3426[00m
[91m Client3 Train => Local Epoch: 0 / 5 	Acc: 36.155 	Loss: 1.9857[00m
[91m Client3 Train => Local Epoch: 1 / 5 	Acc: 50.521 	Loss: 1.5588[00m
[91m Client3 Train => Local Epoch: 2 / 5 	Acc: 66.884 	Loss: 1.1729[00m
[91m Client3 Train => Local Epoch: 3 / 5 	Acc: 73.351 	Loss: 0.9303[00m
[91m Client3 Train => Local Epoch: 4 / 5 	Acc: 78.255 	Loss: 0.7304[00m
[92m  Client3 Test => 	Acc: 44.997 	Loss: 2.1868[00m
[91m Client4 Train => Local Epoch: 0 / 5 	Acc: 13.184 	Loss: 2.6212[00m
[91m Client4 Train => Local Epoch: 1 / 5 	Acc: 32.324 	Loss: 1.9841[00m
[91m Client4 Train => Local Epoch: 2 / 5 	Acc: 54.688 	Loss: 1.4505[00m
[91m Client4 Train => Local Epoch: 3 / 5 	Acc: 69.238 	Loss: 0.9912[00m
[91m Client4 Train => Local Epoch: 4 / 5 	Acc: 69.434 	Loss: 0.9684[00m
[92m  Client4 Test => 	Acc: 43.829 	Loss: 2.4509[00m
[91m Client5 Train => Local Epoch: 0 / 5 	Acc: 23.828 	Loss: 2.3316[00m
[91m Client5 Train => Local Epoch: 1 / 5 	Acc: 30.599 	Loss: 2.0744[00m
[91m Client5 Train => Local Epoch: 2 / 5 	Acc: 39.974 	Loss: 1.8888[00m
[91m Client5 Train => Local Epoch: 3 / 5 	Acc: 47.526 	Loss: 1.6670[00m
[91m Client5 Train => Local Epoch: 4 / 5 	Acc: 54.036 	Loss: 1.4017[00m
[92m  Client5 Test => 	Acc: 32.188 	Loss: 3.4093[00m
[91m Client6 Train => Local Epoch: 0 / 5 	Acc: 23.906 	Loss: 2.1772[00m
[91m Client6 Train => Local Epoch: 1 / 5 	Acc: 31.875 	Loss: 1.9720[00m
[91m Client6 Train => Local Epoch: 2 / 5 	Acc: 55.688 	Loss: 1.4726[00m
[91m Client6 Train => Local Epoch: 3 / 5 	Acc: 64.062 	Loss: 1.1537[00m
[91m Client6 Train => Local Epoch: 4 / 5 	Acc: 69.969 	Loss: 0.9775[00m
[92m  Client6 Test => 	Acc: 43.365 	Loss: 1.9683[00m
[91m Client7 Train => Local Epoch: 0 / 5 	Acc: 22.812 	Loss: 2.4037[00m
[91m Client7 Train => Local Epoch: 1 / 5 	Acc: 27.500 	Loss: 2.1680[00m
[91m Client7 Train => Local Epoch: 2 / 5 	Acc: 34.297 	Loss: 2.0284[00m
[91m Client7 Train => Local Epoch: 3 / 5 	Acc: 40.000 	Loss: 1.8041[00m
[91m Client7 Train => Local Epoch: 4 / 5 	Acc: 49.609 	Loss: 1.5890[00m
[92m  Client7 Test => 	Acc: 25.325 	Loss: 2.7666[00m
[91m Client8 Train => Local Epoch: 0 / 5 	Acc: 13.281 	Loss: 2.6543[00m
[91m Client8 Train => Local Epoch: 1 / 5 	Acc: 25.911 	Loss: 2.2134[00m
[91m Client8 Train => Local Epoch: 2 / 5 	Acc: 40.885 	Loss: 1.8796[00m
[91m Client8 Train => Local Epoch: 3 / 5 	Acc: 46.354 	Loss: 1.8642[00m
[91m Client8 Train => Local Epoch: 4 / 5 	Acc: 60.547 	Loss: 1.4530[00m
[92m  Client8 Test => 	Acc: 21.615 	Loss: 3.9709[00m
[91m Client9 Train => Local Epoch: 0 / 5 	Acc: 20.613 	Loss: 2.2823[00m
[91m Client9 Train => Local Epoch: 1 / 5 	Acc: 25.661 	Loss: 2.1196[00m
[91m Client9 Train => Local Epoch: 2 / 5 	Acc: 23.137 	Loss: 2.1270[00m
[91m Client9 Train => Local Epoch: 3 / 5 	Acc: 26.683 	Loss: 2.0965[00m
[91m Client9 Train => Local Epoch: 4 / 5 	Acc: 30.649 	Loss: 1.9329[00m
[92m  Client9 Test => 	Acc: 12.613 	Loss: 3.2004[00m
------------------------------------------------
------ Federation process at Server-Side ------- 
------------------------------------------------
-----------------------------------------------------------
------ FedServer: Federation process at Client-Side ------- 
-----------------------------------------------------------
[92m  Client0 Test => 	Acc: 13.093 	Loss: 2.5513[00m
 Train: Round   2, Avg Accuracy 52.244 | Avg Loss 1.508
[91m Client0 Train => Local Epoch: 0 / 5 	Acc: 36.126 	Loss: 1.9394[00m
[91m Client0 Train => Local Epoch: 1 / 5 	Acc: 34.106 	Loss: 3.3630[00m
[91m Client0 Train => Local Epoch: 2 / 5 	Acc: 36.045 	Loss: 1.9293[00m
[91m Client0 Train => Local Epoch: 3 / 5 	Acc: 37.500 	Loss: 1.8374[00m
[91m Client0 Train => Local Epoch: 4 / 5 	Acc: 38.443 	Loss: 1.8351[00m
[92m  Client0 Test => 	Acc: 12.375 	Loss: 3.4506[00m
[91m Client1 Train => Local Epoch: 0 / 5 	Acc: 23.438 	Loss: 2.3493[00mC:\Users\pr8pf\AppData\Local\anaconda3\Lib\site-packages\sklearn\cluster\_kmeans.py:1429: UserWarning: KMeans is known to have a memory leak on Windows with MKL, when there are less chunks than available threads. You can avoid it by setting the environment variable OMP_NUM_THREADS=1.
  warnings.warn(
C:\Users\pr8pf\AppData\Local\anaconda3\Lib\site-packages\sklearn\cluster\_kmeans.py:1429: UserWarning: KMeans is known to have a memory leak on Windows with MKL, when there are less chunks than available threads. You can avoid it by setting the environment variable OMP_NUM_THREADS=1.
  warnings.warn(
[codecarbon INFO @ 22:36:59] [setup] RAM Tracking...
[codecarbon INFO @ 22:36:59] [setup] CPU Tracking...
[codecarbon WARNING @ 22:36:59] No CPU tracking mode found. Falling back on CPU constant mode. 
 Windows OS detected: Please install Intel Power Gadget to measure CPU

[codecarbon INFO @ 22:37:01] CPU Model on constant consumption mode: Intel(R) Xeon(R) Gold 6258R CPU @ 2.70GHz
[codecarbon INFO @ 22:37:01] [setup] GPU Tracking...
[codecarbon INFO @ 22:37:01] Tracking Nvidia GPU via pynvml
[codecarbon INFO @ 22:37:01] >>> Tracker's metadata:
[codecarbon INFO @ 22:37:01]   Platform system: Windows-11-10.0.22631-SP0
[codecarbon INFO @ 22:37:01]   Python version: 3.12.7
[codecarbon INFO @ 22:37:01]   CodeCarbon version: 2.8.3
[codecarbon INFO @ 22:37:01]   Available RAM : 126.630 GB
[codecarbon INFO @ 22:37:01]   CPU count: 56
[codecarbon INFO @ 22:37:01]   CPU model: Intel(R) Xeon(R) Gold 6258R CPU @ 2.70GHz
[codecarbon INFO @ 22:37:01]   GPU count: 2
[codecarbon INFO @ 22:37:01]   GPU model: 2 x NVIDIA RTX A5000
[codecarbon INFO @ 22:37:04] Saving emissions data to file C:\Users\pr8pf\Documents\GitHub\SplitFed\emissions.csv
[codecarbon INFO @ 22:37:05] Energy consumed for RAM : 0.000008 kWh. RAM Power : 47.48608875274658 W
[codecarbon INFO @ 22:37:05] Energy consumed for all CPUs : 0.000017 kWh. Total CPU Power : 102.50000000000001 W
[codecarbon INFO @ 22:37:05] Energy consumed for all GPUs : 0.000003 kWh. Total GPU Power : 17.023929661394014 W
[codecarbon INFO @ 22:37:05] 0.000027 kWh of electricity used since the beginning.
[codecarbon INFO @ 22:38:01] [setup] RAM Tracking...
[codecarbon INFO @ 22:38:01] [setup] CPU Tracking...
[codecarbon WARNING @ 22:38:01] No CPU tracking mode found. Falling back on CPU constant mode. 
 Windows OS detected: Please install Intel Power Gadget to measure CPU

[codecarbon INFO @ 22:38:03] CPU Model on constant consumption mode: Intel(R) Xeon(R) Gold 6258R CPU @ 2.70GHz
[codecarbon INFO @ 22:38:03] [setup] GPU Tracking...
[codecarbon INFO @ 22:38:03] Tracking Nvidia GPU via pynvml
[codecarbon INFO @ 22:38:03] >>> Tracker's metadata:
[codecarbon INFO @ 22:38:03]   Platform system: Windows-11-10.0.22631-SP0
[codecarbon INFO @ 22:38:03]   Python version: 3.12.7
[codecarbon INFO @ 22:38:03]   CodeCarbon version: 2.8.3
[codecarbon INFO @ 22:38:03]   Available RAM : 126.630 GB
[codecarbon INFO @ 22:38:03]   CPU count: 56
[codecarbon INFO @ 22:38:03]   CPU model: Intel(R) Xeon(R) Gold 6258R CPU @ 2.70GHz
[codecarbon INFO @ 22:38:03]   GPU count: 2
[codecarbon INFO @ 22:38:03]   GPU model: 2 x NVIDIA RTX A5000
[codecarbon INFO @ 22:38:06] Saving emissions data to file C:\Users\pr8pf\Documents\GitHub\SplitFed\emissions.csv
[codecarbon INFO @ 22:38:07] Energy consumed for RAM : 0.000007 kWh. RAM Power : 47.48608875274658 W
[codecarbon INFO @ 22:38:07] Energy consumed for all CPUs : 0.000015 kWh. Total CPU Power : 102.50000000000001 W
[codecarbon INFO @ 22:38:07] Energy consumed for all GPUs : 0.000002 kWh. Total GPU Power : 15.933026331576512 W
[codecarbon INFO @ 22:38:07] 0.000025 kWh of electricity used since the beginning.

[91m Client1 Train => Local Epoch: 1 / 5 	Acc: 29.861 	Loss: 2.1351[00m
[91m Client1 Train => Local Epoch: 2 / 5 	Acc: 29.688 	Loss: 2.1133[00m
[91m Client1 Train => Local Epoch: 3 / 5 	Acc: 29.948 	Loss: 2.1048[00m
[91m Client1 Train => Local Epoch: 4 / 5 	Acc: 29.861 	Loss: 2.1171[00m
[92m  Client1 Test => 	Acc: 11.061 	Loss: 3.6824[00m
[91m Client2 Train => Local Epoch: 0 / 5 	Acc: 42.361 	Loss: 2.2409[00m
[91m Client2 Train => Local Epoch: 1 / 5 	Acc: 42.361 	Loss: 2.0932[00m
[91m Client2 Train => Local Epoch: 2 / 5 	Acc: 42.622 	Loss: 2.0770[00m
[91m Client2 Train => Local Epoch: 3 / 5 	Acc: 41.753 	Loss: 2.0988[00m
[91m Client2 Train => Local Epoch: 4 / 5 	Acc: 41.840 	Loss: 2.0966[00m
[92m  Client2 Test => 	Acc: 12.942 	Loss: 3.4423[00m
[91m Client3 Train => Local Epoch: 0 / 5 	Acc: 49.826 	Loss: 1.6349[00m
[91m Client3 Train => Local Epoch: 1 / 5 	Acc: 59.983 	Loss: 1.5840[00m
[91m Client3 Train => Local Epoch: 2 / 5 	Acc: 51.823 	Loss: 1.7654[00m
[91m Client3 Train => Local Epoch: 3 / 5 	Acc: 51.606 	Loss: 2.4386[00m
[91m Client3 Train => Local Epoch: 4 / 5 	Acc: 61.979 	Loss: 1.3667[00m
[92m  Client3 Test => 	Acc: 23.419 	Loss: 3.2767[00m
[91m Client4 Train => Local Epoch: 0 / 5 	Acc: 22.754 	Loss: 2.1899[00m
[91m Client4 Train => Local Epoch: 1 / 5 	Acc: 44.043 	Loss: 1.6276[00m
[91m Client4 Train => Local Epoch: 2 / 5 	Acc: 55.762 	Loss: 1.3734[00m
[91m Client4 Train => Local Epoch: 3 / 5 	Acc: 56.152 	Loss: 1.3029[00m
[91m Client4 Train => Local Epoch: 4 / 5 	Acc: 60.449 	Loss: 1.1973[00m
[92m  Client4 Test => 	Acc: 30.228 	Loss: 3.1492[00m
[91m Client5 Train => Local Epoch: 0 / 5 	Acc: 34.115 	Loss: 2.2443[00m
[91m Client5 Train => Local Epoch: 1 / 5 	Acc: 46.745 	Loss: 1.7653[00m
[91m Client5 Train => Local Epoch: 2 / 5 	Acc: 54.948 	Loss: 1.4020[00m
[91m Client5 Train => Local Epoch: 3 / 5 	Acc: 60.417 	Loss: 1.2194[00m
[91m Client5 Train => Local Epoch: 4 / 5 	Acc: 65.625 	Loss: 1.0379[00m
[92m  Client5 Test => 	Acc: 35.650 	Loss: 2.6308[00m
[91m Client6 Train => Local Epoch: 0 / 5 	Acc: 39.281 	Loss: 1.9208[00m
[91m Client6 Train => Local Epoch: 1 / 5 	Acc: 58.125 	Loss: 1.3950[00m
[91m Client6 Train => Local Epoch: 2 / 5 	Acc: 71.625 	Loss: 0.9018[00m
[91m Client6 Train => Local Epoch: 3 / 5 	Acc: 78.969 	Loss: 0.7093[00m
[91m Client6 Train => Local Epoch: 4 / 5 	Acc: 82.344 	Loss: 0.6107[00m
[92m  Client6 Test => 	Acc: 56.954 	Loss: 1.7242[00m
[91m Client7 Train => Local Epoch: 0 / 5 	Acc: 33.750 	Loss: 2.2282[00m
[91m Client7 Train => Local Epoch: 1 / 5 	Acc: 30.312 	Loss: 2.1673[00m
[91m Client7 Train => Local Epoch: 2 / 5 	Acc: 31.016 	Loss: 2.0955[00m
[91m Client7 Train => Local Epoch: 3 / 5 	Acc: 34.453 	Loss: 1.9658[00m
[91m Client7 Train => Local Epoch: 4 / 5 	Acc: 43.203 	Loss: 1.7016[00m
[92m  Client7 Test => 	Acc: 25.710 	Loss: 3.1137[00m
[91m Client8 Train => Local Epoch: 0 / 5 	Acc: 23.177 	Loss: 2.5392[00m
[91m Client8 Train => Local Epoch: 1 / 5 	Acc: 42.318 	Loss: 1.9089[00m
[91m Client8 Train => Local Epoch: 2 / 5 	Acc: 57.943 	Loss: 1.4462[00m
[91m Client8 Train => Local Epoch: 3 / 5 	Acc: 51.562 	Loss: 1.7297[00m
[91m Client8 Train => Local Epoch: 4 / 5 	Acc: 65.104 	Loss: 1.2226[00m
[92m  Client8 Test => 	Acc: 25.627 	Loss: 2.4727[00m
[91m Client9 Train => Local Epoch: 0 / 5 	Acc: 29.447 	Loss: 2.0816[00m
[91m Client9 Train => Local Epoch: 1 / 5 	Acc: 39.243 	Loss: 1.7145[00m
[91m Client9 Train => Local Epoch: 2 / 5 	Acc: 29.207 	Loss: 2.3359[00m
[91m Client9 Train => Local Epoch: 3 / 5 	Acc: 23.317 	Loss: 3.1762[00m
[91m Client9 Train => Local Epoch: 4 / 5 	Acc: 25.721 	Loss: 2.2618[00m
[92m  Client9 Test => 	Acc: 9.642 	Loss: 3.3103[00m
------------------------------------------------
------ Federation process at Server-Side ------- 
------------------------------------------------
-----------------------------------------------------------
------ FedServer: Federation process at Client-Side ------- 
-----------------------------------------------------------
[92m  Client0 Test => 	Acc: 15.384 	Loss: 2.5472[00m
 Train: Round   3, Avg Accuracy 51.457 | Avg Loss 1.545
[91m Client0 Train => Local Epoch: 0 / 5 	Acc: 35.911 	Loss: 1.9829[00m
[91m Client0 Train => Local Epoch: 1 / 5 	Acc: 38.443 	Loss: 1.8304[00m
[91m Client0 Train => Local Epoch: 2 / 5 	Acc: 38.200 	Loss: 1.8302[00m
[91m Client0 Train => Local Epoch: 3 / 5 	Acc: 38.389 	Loss: 1.8315[00m
[91m Client0 Train => Local Epoch: 4 / 5 	Acc: 38.470 	Loss: 1.8302[00m
[92m  Client0 Test => 	Acc: 12.375 	Loss: 3.5121[00m
[91m Client1 Train => Local Epoch: 0 / 5 	Acc: 27.517 	Loss: 2.3444[00m
[91m Client1 Train => Local Epoch: 1 / 5 	Acc: 29.601 	Loss: 2.1471[00m
[91m Client1 Train => Local Epoch: 2 / 5 	Acc: 29.688 	Loss: 2.1201[00m
[91m Client1 Train => Local Epoch: 3 / 5 	Acc: 29.688 	Loss: 2.1287[00m
[91m Client1 Train => Local Epoch: 4 / 5 	Acc: 29.774 	Loss: 2.1163[00m
[92m  Client1 Test => 	Acc: 11.054 	Loss: 3.4811[00m
[91m Client2 Train => Local Epoch: 0 / 5 	Acc: 42.361 	Loss: 2.2448[00m
[91m Client2 Train => Local Epoch: 1 / 5 	Acc: 42.448 	Loss: 2.0820[00m
[91m Client2 Train => Local Epoch: 2 / 5 	Acc: 42.361 	Loss: 2.0907[00m
[91m Client2 Train => Local Epoch: 3 / 5 	Acc: 42.448 	Loss: 2.0851[00m
[91m Client2 Train => Local Epoch: 4 / 5 	Acc: 42.535 	Loss: 2.0782[00m
[92m  Client2 Test => 	Acc: 12.942 	Loss: 2.9424[00m
[91m Client3 Train => Local Epoch: 0 / 5 	Acc: 55.469 	Loss: 1.5607[00m
[91m Client3 Train => Local Epoch: 1 / 5 	Acc: 70.833 	Loss: 0.9954[00m
[91m Client3 Train => Local Epoch: 2 / 5 	Acc: 75.347 	Loss: 0.7978[00m
[91m Client3 Train => Local Epoch: 3 / 5 	Acc: 80.469 	Loss: 0.6074[00m
[91m Client3 Train => Local Epoch: 4 / 5 	Acc: 84.722 	Loss: 0.4870[00m
[92m  Client3 Test => 	Acc: 55.405 	Loss: 1.9265[00m
[91m Client4 Train => Local Epoch: 0 / 5 	Acc: 27.246 	Loss: 2.1720[00m
[91m Client4 Train => Local Epoch: 1 / 5 	Acc: 54.297 	Loss: 1.3491[00m
[91m Client4 Train => Local Epoch: 2 / 5 	Acc: 65.039 	Loss: 1.0363[00m
[91m Client4 Train => Local Epoch: 3 / 5 	Acc: 70.508 	Loss: 0.8929[00m
[91m Client4 Train => Local Epoch: 4 / 5 	Acc: 77.246 	Loss: 0.6971[00m
[92m  Client4 Test => 	Acc: 38.167 	Loss: 3.0780[00m
[91m Client5 Train => Local Epoch: 0 / 5 	Acc: 43.620 	Loss: 2.1685[00m
[91m Client5 Train => Local Epoch: 1 / 5 	Acc: 48.438 	Loss: 1.6282[00m
[91m Client5 Train => Local Epoch: 2 / 5 	Acc: 62.500 	Loss: 1.2038[00m
[91m Client5 Train => Local Epoch: 3 / 5 	Acc: 72.396 	Loss: 0.8711[00m
[91m Client5 Train => Local Epoch: 4 / 5 	Acc: 72.917 	Loss: 0.8690[00m
[92m  Client5 Test => 	Acc: 42.302 	Loss: 2.9127[00m
[91m Client6 Train => Local Epoch: 0 / 5 	Acc: 47.531 	Loss: 1.7176[00m
[91m Client6 Train => Local Epoch: 1 / 5 	Acc: 71.312 	Loss: 0.9264[00m
[91m Client6 Train => Local Epoch: 2 / 5 	Acc: 78.562 	Loss: 0.6990[00m
[91m Client6 Train => Local Epoch: 3 / 5 	Acc: 84.875 	Loss: 0.5190[00m
[91m Client6 Train => Local Epoch: 4 / 5 	Acc: 88.125 	Loss: 0.4004[00m
[92m  Client6 Test => 	Acc: 70.108 	Loss: 0.9889[00m
[91m Client7 Train => Local Epoch: 0 / 5 	Acc: 36.406 	Loss: 2.2113[00m
[91m Client7 Train => Local Epoch: 1 / 5 	Acc: 43.516 	Loss: 1.6765[00m
[91m Client7 Train => Local Epoch: 2 / 5 	Acc: 39.844 	Loss: 1.8019[00m
[91m Client7 Train => Local Epoch: 3 / 5 	Acc: 48.125 	Loss: 1.5567[00m
[91m Client7 Train => Local Epoch: 4 / 5 	Acc: 55.625 	Loss: 1.2917[00m
[92m  Client7 Test => 	Acc: 47.006 	Loss: 2.0168[00m
[91m Client8 Train => Local Epoch: 0 / 5 	Acc: 24.609 	Loss: 2.5102[00m
[91m Client8 Train => Local Epoch: 1 / 5 	Acc: 49.349 	Loss: 1.8477[00m
[91m Client8 Train => Local Epoch: 2 / 5 	Acc: 56.771 	Loss: 1.5280[00m
[91m Client8 Train => Local Epoch: 3 / 5 	Acc: 63.542 	Loss: 1.2538[00m
[91m Client8 Train => Local Epoch: 4 / 5 	Acc: 68.880 	Loss: 1.0299[00m
[92m  Client8 Test => 	Acc: 37.013 	Loss: 2.3737[00m
[91m Client9 Train => Local Epoch: 0 / 5 	Acc: 36.839 	Loss: 1.9520[00mC:\Users\pr8pf\AppData\Local\anaconda3\Lib\site-packages\sklearn\cluster\_kmeans.py:1429: UserWarning: KMeans is known to have a memory leak on Windows with MKL, when there are less chunks than available threads. You can avoid it by setting the environment variable OMP_NUM_THREADS=1.
  warnings.warn(
C:\Users\pr8pf\AppData\Local\anaconda3\Lib\site-packages\sklearn\cluster\_kmeans.py:1429: UserWarning: KMeans is known to have a memory leak on Windows with MKL, when there are less chunks than available threads. You can avoid it by setting the environment variable OMP_NUM_THREADS=1.
  warnings.warn(
[codecarbon INFO @ 23:03:59] [setup] RAM Tracking...
[codecarbon INFO @ 23:03:59] [setup] CPU Tracking...
[codecarbon WARNING @ 23:03:59] No CPU tracking mode found. Falling back on CPU constant mode. 
 Windows OS detected: Please install Intel Power Gadget to measure CPU

[codecarbon INFO @ 23:04:01] CPU Model on constant consumption mode: Intel(R) Xeon(R) Gold 6258R CPU @ 2.70GHz
[codecarbon INFO @ 23:04:01] [setup] GPU Tracking...
[codecarbon INFO @ 23:04:01] Tracking Nvidia GPU via pynvml
[codecarbon INFO @ 23:04:01] >>> Tracker's metadata:
[codecarbon INFO @ 23:04:01]   Platform system: Windows-11-10.0.22631-SP0
[codecarbon INFO @ 23:04:01]   Python version: 3.12.7
[codecarbon INFO @ 23:04:01]   CodeCarbon version: 2.8.3
[codecarbon INFO @ 23:04:01]   Available RAM : 126.630 GB
[codecarbon INFO @ 23:04:01]   CPU count: 56
[codecarbon INFO @ 23:04:01]   CPU model: Intel(R) Xeon(R) Gold 6258R CPU @ 2.70GHz
[codecarbon INFO @ 23:04:01]   GPU count: 2
[codecarbon INFO @ 23:04:01]   GPU model: 2 x NVIDIA RTX A5000
[codecarbon INFO @ 23:04:04] Saving emissions data to file C:\Users\pr8pf\Documents\GitHub\SplitFed\emissions.csv
[codecarbon INFO @ 23:04:05] Energy consumed for RAM : 0.000009 kWh. RAM Power : 47.48608875274658 W
[codecarbon INFO @ 23:04:05] Energy consumed for all CPUs : 0.000020 kWh. Total CPU Power : 102.50000000000001 W
[codecarbon INFO @ 23:04:05] Energy consumed for all GPUs : 0.000003 kWh. Total GPU Power : 15.58252658886167 W
[codecarbon INFO @ 23:04:05] 0.000032 kWh of electricity used since the beginning.
[codecarbon INFO @ 23:05:00] [setup] RAM Tracking...
[codecarbon INFO @ 23:05:00] [setup] CPU Tracking...
[codecarbon WARNING @ 23:05:00] No CPU tracking mode found. Falling back on CPU constant mode. 
 Windows OS detected: Please install Intel Power Gadget to measure CPU

[codecarbon INFO @ 23:05:02] CPU Model on constant consumption mode: Intel(R) Xeon(R) Gold 6258R CPU @ 2.70GHz
[codecarbon INFO @ 23:05:02] [setup] GPU Tracking...
[codecarbon INFO @ 23:05:02] Tracking Nvidia GPU via pynvml
[codecarbon INFO @ 23:05:02] >>> Tracker's metadata:
[codecarbon INFO @ 23:05:02]   Platform system: Windows-11-10.0.22631-SP0
[codecarbon INFO @ 23:05:02]   Python version: 3.12.7
[codecarbon INFO @ 23:05:02]   CodeCarbon version: 2.8.3
[codecarbon INFO @ 23:05:02]   Available RAM : 126.630 GB
[codecarbon INFO @ 23:05:02]   CPU count: 56
[codecarbon INFO @ 23:05:02]   CPU model: Intel(R) Xeon(R) Gold 6258R CPU @ 2.70GHz
[codecarbon INFO @ 23:05:02]   GPU count: 2
[codecarbon INFO @ 23:05:02]   GPU model: 2 x NVIDIA RTX A5000
[codecarbon INFO @ 23:05:05] Saving emissions data to file C:\Users\pr8pf\Documents\GitHub\SplitFed\emissions.csv
[codecarbon INFO @ 23:05:06] Energy consumed for RAM : 0.000009 kWh. RAM Power : 47.48608875274658 W
[codecarbon INFO @ 23:05:06] Energy consumed for all CPUs : 0.000020 kWh. Total CPU Power : 102.50000000000001 W
[codecarbon INFO @ 23:05:06] Energy consumed for all GPUs : 0.000004 kWh. Total GPU Power : 18.44450502406289 W
[codecarbon INFO @ 23:05:06] 0.000033 kWh of electricity used since the beginning.
C:\Users\pr8pf\AppData\Local\anaconda3\Lib\site-packages\sklearn\cluster\_kmeans.py:1429: UserWarning: KMeans is known to have a memory leak on Windows with MKL, when there are less chunks than available threads. You can avoid it by setting the environment variable OMP_NUM_THREADS=1.
  warnings.warn(
C:\Users\pr8pf\AppData\Local\anaconda3\Lib\site-packages\sklearn\cluster\_kmeans.py:1429: UserWarning: KMeans is known to have a memory leak on Windows with MKL, when there are less chunks than available threads. You can avoid it by setting the environment variable OMP_NUM_THREADS=1.
  warnings.warn(
[codecarbon INFO @ 23:31:04] [setup] RAM Tracking...
[codecarbon INFO @ 23:31:04] [setup] CPU Tracking...
[codecarbon WARNING @ 23:31:04] No CPU tracking mode found. Falling back on CPU constant mode. 
 Windows OS detected: Please install Intel Power Gadget to measure CPU

[codecarbon INFO @ 23:31:06] CPU Model on constant consumption mode: Intel(R) Xeon(R) Gold 6258R CPU @ 2.70GHz
[codecarbon INFO @ 23:31:06] [setup] GPU Tracking...
[codecarbon INFO @ 23:31:06] Tracking Nvidia GPU via pynvml
[codecarbon INFO @ 23:31:06] >>> Tracker's metadata:
[codecarbon INFO @ 23:31:06]   Platform system: Windows-11-10.0.22631-SP0
[codecarbon INFO @ 23:31:06]   Python version: 3.12.7
[codecarbon INFO @ 23:31:06]   CodeCarbon version: 2.8.3
[codecarbon INFO @ 23:31:06]   Available RAM : 126.630 GB
[codecarbon INFO @ 23:31:06]   CPU count: 56
[codecarbon INFO @ 23:31:06]   CPU model: Intel(R) Xeon(R) Gold 6258R CPU @ 2.70GHz
[codecarbon INFO @ 23:31:06]   GPU count: 2
[codecarbon INFO @ 23:31:06]   GPU model: 2 x NVIDIA RTX A5000
[codecarbon INFO @ 23:31:09] Saving emissions data to file C:\Users\pr8pf\Documents\GitHub\SplitFed\emissions.csv
[codecarbon INFO @ 23:31:10] Energy consumed for RAM : 0.000013 kWh. RAM Power : 47.48608875274658 W
[codecarbon INFO @ 23:31:10] Energy consumed for all CPUs : 0.000029 kWh. Total CPU Power : 102.50000000000001 W
[codecarbon INFO @ 23:31:10] Energy consumed for all GPUs : 0.000005 kWh. Total GPU Power : 16.856049657147377 W
[codecarbon INFO @ 23:31:10] 0.000047 kWh of electricity used since the beginning.
[codecarbon INFO @ 23:32:04] [setup] RAM Tracking...
[codecarbon INFO @ 23:32:04] [setup] CPU Tracking...
[codecarbon WARNING @ 23:32:04] No CPU tracking mode found. Falling back on CPU constant mode. 
 Windows OS detected: Please install Intel Power Gadget to measure CPU

[codecarbon INFO @ 23:32:06] CPU Model on constant consumption mode: Intel(R) Xeon(R) Gold 6258R CPU @ 2.70GHz
[codecarbon INFO @ 23:32:06] [setup] GPU Tracking...
[codecarbon INFO @ 23:32:06] Tracking Nvidia GPU via pynvml
[codecarbon INFO @ 23:32:06] >>> Tracker's metadata:
[codecarbon INFO @ 23:32:06]   Platform system: Windows-11-10.0.22631-SP0
[codecarbon INFO @ 23:32:06]   Python version: 3.12.7
[codecarbon INFO @ 23:32:06]   CodeCarbon version: 2.8.3
[codecarbon INFO @ 23:32:06]   Available RAM : 126.630 GB
[codecarbon INFO @ 23:32:06]   CPU count: 56
[codecarbon INFO @ 23:32:06]   CPU model: Intel(R) Xeon(R) Gold 6258R CPU @ 2.70GHz
[codecarbon INFO @ 23:32:06]   GPU count: 2
[codecarbon INFO @ 23:32:06]   GPU model: 2 x NVIDIA RTX A5000
[codecarbon INFO @ 23:32:09] Saving emissions data to file C:\Users\pr8pf\Documents\GitHub\SplitFed\emissions.csv
[codecarbon INFO @ 23:32:10] Energy consumed for RAM : 0.000011 kWh. RAM Power : 47.48608875274658 W
[codecarbon INFO @ 23:32:10] Energy consumed for all CPUs : 0.000024 kWh. Total CPU Power : 102.50000000000001 W
[codecarbon INFO @ 23:32:10] Energy consumed for all GPUs : 0.000004 kWh. Total GPU Power : 18.05233405387547 W
[codecarbon INFO @ 23:32:10] 0.000039 kWh of electricity used since the beginning.

[91m Client9 Train => Local Epoch: 1 / 5 	Acc: 56.791 	Loss: 1.4328[00m
[91m Client9 Train => Local Epoch: 2 / 5 	Acc: 64.964 	Loss: 1.1264[00m
[91m Client9 Train => Local Epoch: 3 / 5 	Acc: 79.808 	Loss: 0.6873[00m
[91m Client9 Train => Local Epoch: 4 / 5 	Acc: 42.428 	Loss: 3.2243[00m
[92m  Client9 Test => 	Acc: 14.337 	Loss: 4.3002[00m
------------------------------------------------
------ Federation process at Server-Side ------- 
------------------------------------------------
-----------------------------------------------------------
------ FedServer: Federation process at Client-Side ------- 
-----------------------------------------------------------
[92m  Client0 Test => 	Acc: 37.292 	Loss: 2.0863[00m
 Train: Round   4, Avg Accuracy 60.072 | Avg Loss 1.402
[91m Client0 Train => Local Epoch: 0 / 5 	Acc: 34.510 	Loss: 2.3874[00m
[91m Client0 Train => Local Epoch: 1 / 5 	Acc: 37.635 	Loss: 2.4429[00m
[91m Client0 Train => Local Epoch: 2 / 5 	Acc: 38.362 	Loss: 1.8279[00m
[91m Client0 Train => Local Epoch: 3 / 5 	Acc: 37.823 	Loss: 1.8330[00m
[91m Client0 Train => Local Epoch: 4 / 5 	Acc: 38.281 	Loss: 1.8291[00m
[92m  Client0 Test => 	Acc: 12.341 	Loss: 3.4846[00m
[91m Client1 Train => Local Epoch: 0 / 5 	Acc: 28.038 	Loss: 2.4639[00m
[91m Client1 Train => Local Epoch: 1 / 5 	Acc: 29.688 	Loss: 2.1385[00m
[91m Client1 Train => Local Epoch: 2 / 5 	Acc: 29.688 	Loss: 2.1334[00m
[91m Client1 Train => Local Epoch: 3 / 5 	Acc: 29.601 	Loss: 2.1238[00m
[91m Client1 Train => Local Epoch: 4 / 5 	Acc: 29.601 	Loss: 2.1223[00m
[92m  Client1 Test => 	Acc: 11.067 	Loss: 4.5667[00m
[91m Client2 Train => Local Epoch: 0 / 5 	Acc: 41.493 	Loss: 2.3116[00m
[91m Client2 Train => Local Epoch: 1 / 5 	Acc: 42.535 	Loss: 2.0964[00m
[91m Client2 Train => Local Epoch: 2 / 5 	Acc: 42.188 	Loss: 2.0855[00m
[91m Client2 Train => Local Epoch: 3 / 5 	Acc: 42.361 	Loss: 2.0806[00m
[91m Client2 Train => Local Epoch: 4 / 5 	Acc: 42.361 	Loss: 2.0839[00m
[92m  Client2 Test => 	Acc: 12.936 	Loss: 3.2334[00m
[91m Client3 Train => Local Epoch: 0 / 5 	Acc: 70.530 	Loss: 1.1188[00m
[91m Client3 Train => Local Epoch: 1 / 5 	Acc: 80.165 	Loss: 0.6562[00m
[91m Client3 Train => Local Epoch: 2 / 5 	Acc: 85.200 	Loss: 0.4623[00m
[91m Client3 Train => Local Epoch: 3 / 5 	Acc: 86.892 	Loss: 0.4407[00m
[91m Client3 Train => Local Epoch: 4 / 5 	Acc: 90.278 	Loss: 0.3305[00m
[92m  Client3 Test => 	Acc: 65.664 	Loss: 1.4448[00m
[91m Client4 Train => Local Epoch: 0 / 5 	Acc: 51.562 	Loss: 1.6408[00m
[91m Client4 Train => Local Epoch: 1 / 5 	Acc: 66.016 	Loss: 1.0310[00m
[91m Client4 Train => Local Epoch: 2 / 5 	Acc: 76.074 	Loss: 0.8005[00m
[91m Client4 Train => Local Epoch: 3 / 5 	Acc: 79.980 	Loss: 0.6499[00m
[91m Client4 Train => Local Epoch: 4 / 5 	Acc: 85.156 	Loss: 0.4698[00m
[92m  Client4 Test => 	Acc: 49.148 	Loss: 2.6266[00m
[91m Client5 Train => Local Epoch: 0 / 5 	Acc: 55.729 	Loss: 1.5752[00m
[91m Client5 Train => Local Epoch: 1 / 5 	Acc: 67.448 	Loss: 1.0671[00m
[91m Client5 Train => Local Epoch: 2 / 5 	Acc: 71.875 	Loss: 0.8261[00m
[91m Client5 Train => Local Epoch: 3 / 5 	Acc: 78.516 	Loss: 0.6433[00m
[91m Client5 Train => Local Epoch: 4 / 5 	Acc: 80.469 	Loss: 0.5773[00m
[92m  Client5 Test => 	Acc: 54.244 	Loss: 2.6241[00m
[91m Client6 Train => Local Epoch: 0 / 5 	Acc: 60.906 	Loss: 1.3058[00m
[91m Client6 Train => Local Epoch: 1 / 5 	Acc: 76.594 	Loss: 0.7623[00m
[91m Client6 Train => Local Epoch: 2 / 5 	Acc: 80.750 	Loss: 0.6300[00m
[91m Client6 Train => Local Epoch: 3 / 5 	Acc: 85.812 	Loss: 0.4769[00m
[91m Client6 Train => Local Epoch: 4 / 5 	Acc: 85.406 	Loss: 0.4822[00m
[92m  Client6 Test => 	Acc: 64.522 	Loss: 1.2523[00m
[91m Client7 Train => Local Epoch: 0 / 5 	Acc: 38.516 	Loss: 1.9227[00m
[91m Client7 Train => Local Epoch: 1 / 5 	Acc: 51.250 	Loss: 1.4133[00m
[91m Client7 Train => Local Epoch: 2 / 5 	Acc: 64.453 	Loss: 1.0288[00m
[91m Client7 Train => Local Epoch: 3 / 5 	Acc: 70.469 	Loss: 0.8451[00m
[91m Client7 Train => Local Epoch: 4 / 5 	Acc: 65.859 	Loss: 0.9950[00m
[92m  Client7 Test => 	Acc: 40.482 	Loss: 2.3342[00m
[91m Client8 Train => Local Epoch: 0 / 5 	Acc: 42.057 	Loss: 1.9637[00m
[91m Client8 Train => Local Epoch: 1 / 5 	Acc: 66.276 	Loss: 1.1299[00m
[91m Client8 Train => Local Epoch: 2 / 5 	Acc: 72.266 	Loss: 0.9343[00m
[91m Client8 Train => Local Epoch: 3 / 5 	Acc: 74.349 	Loss: 0.7628[00m
[91m Client8 Train => Local Epoch: 4 / 5 	Acc: 82.031 	Loss: 0.6058[00m
[92m  Client8 Test => 	Acc: 45.962 	Loss: 2.0930[00m
[91m Client9 Train => Local Epoch: 0 / 5 	Acc: 35.637 	Loss: 1.9037[00m
[91m Client9 Train => Local Epoch: 1 / 5 	Acc: 63.041 	Loss: 1.2100[00m
[91m Client9 Train => Local Epoch: 2 / 5 	Acc: 64.784 	Loss: 1.1142[00m
[91m Client9 Train => Local Epoch: 3 / 5 	Acc: 74.038 	Loss: 0.8454[00m
[91m Client9 Train => Local Epoch: 4 / 5 	Acc: 79.327 	Loss: 0.6942[00m
[92m  Client9 Test => 	Acc: 53.311 	Loss: 1.8096[00m
------------------------------------------------
------ Federation process at Server-Side ------- 
------------------------------------------------
-----------------------------------------------------------
------ FedServer: Federation process at Client-Side ------- 
-----------------------------------------------------------
[92m  Client0 Test => 	Acc: 52.691 	Loss: 1.7157[00m
 Train: Round   5, Avg Accuracy 67.877 | Avg Loss 1.019
[91m Client0 Train => Local Epoch: 0 / 5 	Acc: 35.533 	Loss: 2.0003[00m
[91m Client0 Train => Local Epoch: 1 / 5 	Acc: 36.719 	Loss: 1.8796[00m
[91m Client0 Train => Local Epoch: 2 / 5 	Acc: 38.254 	Loss: 1.8364[00m
[91m Client0 Train => Local Epoch: 3 / 5 	Acc: 38.443 	Loss: 1.8345[00m
[91m Client0 Train => Local Epoch: 4 / 5 	Acc: 38.173 	Loss: 1.8334[00m
[92m  Client0 Test => 	Acc: 13.618 	Loss: 3.8549[00m
[91m Client1 Train => Local Epoch: 0 / 5 	Acc: 28.993 	Loss: 2.2756[00m
[91m Client1 Train => Local Epoch: 1 / 5 	Acc: 29.774 	Loss: 2.1573[00m
[91m Client1 Train => Local Epoch: 2 / 5 	Acc: 29.774 	Loss: 2.1333[00m
[91m Client1 Train => Local Epoch: 3 / 5 	Acc: 29.774 	Loss: 2.1260[00m
[91m Client1 Train => Local Epoch: 4 / 5 	Acc: 30.295 	Loss: 2.1214[00m
[92m  Client1 Test => 	Acc: 11.081 	Loss: 5.0810[00m
[91m Client2 Train => Local Epoch: 0 / 5 	Acc: 38.194 	Loss: 2.2652[00m
[91m Client2 Train => Local Epoch: 1 / 5 	Acc: 41.753 	Loss: 2.1269[00m
[91m Client2 Train => Local Epoch: 2 / 5 	Acc: 42.448 	Loss: 2.1163[00m
[91m Client2 Train => Local Epoch: 3 / 5 	Acc: 42.274 	Loss: 2.0834[00m
[91m Client2 Train => Local Epoch: 4 / 5 	Acc: 42.448 	Loss: 2.0923[00m
[92m  Client2 Test => 	Acc: 12.942 	Loss: 4.2359[00m
[91m Client3 Train => Local Epoch: 0 / 5 	Acc: 75.304 	Loss: 0.9417[00m
[91m Client3 Train => Local Epoch: 1 / 5 	Acc: 85.113 	Loss: 0.4793[00m
[91m Client3 Train => Local Epoch: 2 / 5 	Acc: 86.415 	Loss: 0.4320[00m
[91m Client3 Train => Local Epoch: 3 / 5 	Acc: 87.109 	Loss: 0.3993[00m
[91m Client3 Train => Local Epoch: 4 / 5 	Acc: 91.016 	Loss: 0.2826[00m
[92m  Client3 Test => 	Acc: 72.100 	Loss: 1.2381[00m
[91m Client4 Train => Local Epoch: 0 / 5 	Acc: 65.332 	Loss: 1.2879[00m
[91m Client4 Train => Local Epoch: 1 / 5 	Acc: 76.660 	Loss: 0.7281[00m
[91m Client4 Train => Local Epoch: 2 / 5 	Acc: 80.859 	Loss: 0.6281[00m
[91m Client4 Train => Local Epoch: 3 / 5 	Acc: 86.230 	Loss: 0.4406[00m
[91m Client4 Train => Local Epoch: 4 / 5 	Acc: 88.867 	Loss: 0.4044[00m
[92m  Client4 Test => 	Acc: 46.927 	Loss: 2.7222[00m
[91m Client5 Train => Local Epoch: 0 / 5 	Acc: 72.135 	Loss: 1.0897[00m
[91m Client5 Train => Local Epoch: 1 / 5 	Acc: 75.000 	Loss: 0.7115[00m
[91m Client5 Train => Local Epoch: 2 / 5 	Acc: 79.036 	Loss: 0.5995[00m
[91m Client5 Train => Local Epoch: 3 / 5 	Acc: 79.297 	Loss: 0.5506[00m
[91m Client5 Train => Local Epoch: 4 / 5 	Acc: 81.510 	Loss: 0.4737[00m
[92m  Client5 Test => 	Acc: 59.769 	Loss: 2.6725[00m
[91m Client6 Train => Local Epoch: 0 / 5 	Acc: 73.406 	Loss: 0.9142[00mC:\Users\pr8pf\AppData\Local\anaconda3\Lib\site-packages\sklearn\cluster\_kmeans.py:1429: UserWarning: KMeans is known to have a memory leak on Windows with MKL, when there are less chunks than available threads. You can avoid it by setting the environment variable OMP_NUM_THREADS=1.
  warnings.warn(
C:\Users\pr8pf\AppData\Local\anaconda3\Lib\site-packages\sklearn\cluster\_kmeans.py:1429: UserWarning: KMeans is known to have a memory leak on Windows with MKL, when there are less chunks than available threads. You can avoid it by setting the environment variable OMP_NUM_THREADS=1.
  warnings.warn(
[codecarbon INFO @ 23:58:02] [setup] RAM Tracking...
[codecarbon INFO @ 23:58:02] [setup] CPU Tracking...
[codecarbon WARNING @ 23:58:02] No CPU tracking mode found. Falling back on CPU constant mode. 
 Windows OS detected: Please install Intel Power Gadget to measure CPU

[codecarbon INFO @ 23:58:04] CPU Model on constant consumption mode: Intel(R) Xeon(R) Gold 6258R CPU @ 2.70GHz
[codecarbon INFO @ 23:58:04] [setup] GPU Tracking...
[codecarbon INFO @ 23:58:04] Tracking Nvidia GPU via pynvml
[codecarbon INFO @ 23:58:04] >>> Tracker's metadata:
[codecarbon INFO @ 23:58:04]   Platform system: Windows-11-10.0.22631-SP0
[codecarbon INFO @ 23:58:04]   Python version: 3.12.7
[codecarbon INFO @ 23:58:04]   CodeCarbon version: 2.8.3
[codecarbon INFO @ 23:58:04]   Available RAM : 126.630 GB
[codecarbon INFO @ 23:58:04]   CPU count: 56
[codecarbon INFO @ 23:58:04]   CPU model: Intel(R) Xeon(R) Gold 6258R CPU @ 2.70GHz
[codecarbon INFO @ 23:58:04]   GPU count: 2
[codecarbon INFO @ 23:58:04]   GPU model: 2 x NVIDIA RTX A5000
[codecarbon INFO @ 23:58:07] Saving emissions data to file C:\Users\pr8pf\Documents\GitHub\SplitFed\emissions.csv
[codecarbon INFO @ 23:58:08] Energy consumed for RAM : 0.000013 kWh. RAM Power : 47.48608875274658 W
[codecarbon INFO @ 23:58:08] Energy consumed for all CPUs : 0.000028 kWh. Total CPU Power : 102.50000000000001 W
[codecarbon INFO @ 23:58:08] Energy consumed for all GPUs : 0.000005 kWh. Total GPU Power : 17.390490509082298 W
[codecarbon INFO @ 23:58:08] 0.000045 kWh of electricity used since the beginning.
[codecarbon INFO @ 23:59:05] [setup] RAM Tracking...
[codecarbon INFO @ 23:59:05] [setup] CPU Tracking...
[codecarbon WARNING @ 23:59:05] No CPU tracking mode found. Falling back on CPU constant mode. 
 Windows OS detected: Please install Intel Power Gadget to measure CPU

[codecarbon INFO @ 23:59:06] CPU Model on constant consumption mode: Intel(R) Xeon(R) Gold 6258R CPU @ 2.70GHz
[codecarbon INFO @ 23:59:06] [setup] GPU Tracking...
[codecarbon INFO @ 23:59:06] Tracking Nvidia GPU via pynvml
[codecarbon INFO @ 23:59:06] >>> Tracker's metadata:
[codecarbon INFO @ 23:59:06]   Platform system: Windows-11-10.0.22631-SP0
[codecarbon INFO @ 23:59:06]   Python version: 3.12.7
[codecarbon INFO @ 23:59:06]   CodeCarbon version: 2.8.3
[codecarbon INFO @ 23:59:06]   Available RAM : 126.630 GB
[codecarbon INFO @ 23:59:06]   CPU count: 56
[codecarbon INFO @ 23:59:06]   CPU model: Intel(R) Xeon(R) Gold 6258R CPU @ 2.70GHz
[codecarbon INFO @ 23:59:06]   GPU count: 2
[codecarbon INFO @ 23:59:06]   GPU model: 2 x NVIDIA RTX A5000
[codecarbon INFO @ 23:59:09] Saving emissions data to file C:\Users\pr8pf\Documents\GitHub\SplitFed\emissions.csv
[codecarbon INFO @ 23:59:10] Energy consumed for RAM : 0.000009 kWh. RAM Power : 47.48608875274658 W
[codecarbon INFO @ 23:59:10] Energy consumed for all CPUs : 0.000021 kWh. Total CPU Power : 102.50000000000001 W
[codecarbon INFO @ 23:59:10] Energy consumed for all GPUs : 0.000004 kWh. Total GPU Power : 20.409724061627916 W
[codecarbon INFO @ 23:59:10] 0.000034 kWh of electricity used since the beginning.
C:\Users\pr8pf\AppData\Local\anaconda3\Lib\site-packages\sklearn\cluster\_kmeans.py:1429: UserWarning: KMeans is known to have a memory leak on Windows with MKL, when there are less chunks than available threads. You can avoid it by setting the environment variable OMP_NUM_THREADS=1.
  warnings.warn(
C:\Users\pr8pf\AppData\Local\anaconda3\Lib\site-packages\sklearn\cluster\_kmeans.py:1429: UserWarning: KMeans is known to have a memory leak on Windows with MKL, when there are less chunks than available threads. You can avoid it by setting the environment variable OMP_NUM_THREADS=1.
  warnings.warn(
[codecarbon INFO @ 00:25:06] [setup] RAM Tracking...
[codecarbon INFO @ 00:25:06] [setup] CPU Tracking...
[codecarbon WARNING @ 00:25:06] No CPU tracking mode found. Falling back on CPU constant mode. 
 Windows OS detected: Please install Intel Power Gadget to measure CPU

[codecarbon INFO @ 00:25:08] CPU Model on constant consumption mode: Intel(R) Xeon(R) Gold 6258R CPU @ 2.70GHz
[codecarbon INFO @ 00:25:08] [setup] GPU Tracking...
[codecarbon INFO @ 00:25:08] Tracking Nvidia GPU via pynvml
[codecarbon INFO @ 00:25:08] >>> Tracker's metadata:
[codecarbon INFO @ 00:25:08]   Platform system: Windows-11-10.0.22631-SP0
[codecarbon INFO @ 00:25:08]   Python version: 3.12.7
[codecarbon INFO @ 00:25:08]   CodeCarbon version: 2.8.3
[codecarbon INFO @ 00:25:08]   Available RAM : 126.630 GB
[codecarbon INFO @ 00:25:08]   CPU count: 56
[codecarbon INFO @ 00:25:08]   CPU model: Intel(R) Xeon(R) Gold 6258R CPU @ 2.70GHz
[codecarbon INFO @ 00:25:08]   GPU count: 2
[codecarbon INFO @ 00:25:08]   GPU model: 2 x NVIDIA RTX A5000
[codecarbon INFO @ 00:25:11] Saving emissions data to file C:\Users\pr8pf\Documents\GitHub\SplitFed\emissions.csv
[codecarbon INFO @ 00:25:11] Energy consumed for RAM : 0.000010 kWh. RAM Power : 47.48608875274658 W
[codecarbon INFO @ 00:25:11] Energy consumed for all CPUs : 0.000021 kWh. Total CPU Power : 102.50000000000001 W
[codecarbon INFO @ 00:25:11] Energy consumed for all GPUs : 0.000003 kWh. Total GPU Power : 16.418998966859196 W
[codecarbon INFO @ 00:25:11] 0.000035 kWh of electricity used since the beginning.
[codecarbon INFO @ 00:26:08] [setup] RAM Tracking...
[codecarbon INFO @ 00:26:08] [setup] CPU Tracking...
[codecarbon WARNING @ 00:26:08] No CPU tracking mode found. Falling back on CPU constant mode. 
 Windows OS detected: Please install Intel Power Gadget to measure CPU

[codecarbon INFO @ 00:26:10] CPU Model on constant consumption mode: Intel(R) Xeon(R) Gold 6258R CPU @ 2.70GHz
[codecarbon INFO @ 00:26:10] [setup] GPU Tracking...
[codecarbon INFO @ 00:26:10] Tracking Nvidia GPU via pynvml
[codecarbon INFO @ 00:26:10] >>> Tracker's metadata:
[codecarbon INFO @ 00:26:10]   Platform system: Windows-11-10.0.22631-SP0
[codecarbon INFO @ 00:26:10]   Python version: 3.12.7
[codecarbon INFO @ 00:26:10]   CodeCarbon version: 2.8.3
[codecarbon INFO @ 00:26:10]   Available RAM : 126.630 GB
[codecarbon INFO @ 00:26:10]   CPU count: 56
[codecarbon INFO @ 00:26:10]   CPU model: Intel(R) Xeon(R) Gold 6258R CPU @ 2.70GHz
[codecarbon INFO @ 00:26:10]   GPU count: 2
[codecarbon INFO @ 00:26:10]   GPU model: 2 x NVIDIA RTX A5000
[codecarbon INFO @ 00:26:13] Saving emissions data to file C:\Users\pr8pf\Documents\GitHub\SplitFed\emissions.csv
[codecarbon INFO @ 00:26:14] Energy consumed for RAM : 0.000009 kWh. RAM Power : 47.48608875274658 W
[codecarbon INFO @ 00:26:14] Energy consumed for all CPUs : 0.000020 kWh. Total CPU Power : 102.50000000000001 W
[codecarbon INFO @ 00:26:14] Energy consumed for all GPUs : 0.000004 kWh. Total GPU Power : 18.857905663731977 W
[codecarbon INFO @ 00:26:14] 0.000034 kWh of electricity used since the beginning.

[91m Client6 Train => Local Epoch: 1 / 5 	Acc: 85.562 	Loss: 0.5006[00m
[91m Client6 Train => Local Epoch: 2 / 5 	Acc: 85.969 	Loss: 0.4767[00m
[91m Client6 Train => Local Epoch: 3 / 5 	Acc: 89.969 	Loss: 0.3368[00m
[91m Client6 Train => Local Epoch: 4 / 5 	Acc: 91.656 	Loss: 0.2734[00m
[92m  Client6 Test => 	Acc: 73.188 	Loss: 1.0276[00m
[91m Client7 Train => Local Epoch: 0 / 5 	Acc: 56.953 	Loss: 1.4283[00m
[91m Client7 Train => Local Epoch: 1 / 5 	Acc: 60.547 	Loss: 1.2151[00m
[91m Client7 Train => Local Epoch: 2 / 5 	Acc: 70.078 	Loss: 0.9572[00m
[91m Client7 Train => Local Epoch: 3 / 5 	Acc: 73.516 	Loss: 0.8082[00m
[91m Client7 Train => Local Epoch: 4 / 5 	Acc: 61.406 	Loss: 1.1849[00m
[92m  Client7 Test => 	Acc: 46.267 	Loss: 2.2328[00m
[91m Client8 Train => Local Epoch: 0 / 5 	Acc: 55.078 	Loss: 1.4933[00m
[91m Client8 Train => Local Epoch: 1 / 5 	Acc: 77.604 	Loss: 0.7929[00m
[91m Client8 Train => Local Epoch: 2 / 5 	Acc: 84.896 	Loss: 0.5588[00m
[91m Client8 Train => Local Epoch: 3 / 5 	Acc: 88.151 	Loss: 0.4101[00m
[91m Client8 Train => Local Epoch: 4 / 5 	Acc: 88.932 	Loss: 0.3656[00m
[92m  Client8 Test => 	Acc: 54.621 	Loss: 1.7952[00m
[91m Client9 Train => Local Epoch: 0 / 5 	Acc: 70.373 	Loss: 1.1298[00m
[91m Client9 Train => Local Epoch: 1 / 5 	Acc: 81.250 	Loss: 0.6618[00m
[91m Client9 Train => Local Epoch: 2 / 5 	Acc: 88.161 	Loss: 0.3954[00m
[91m Client9 Train => Local Epoch: 3 / 5 	Acc: 88.942 	Loss: 0.3625[00m
[91m Client9 Train => Local Epoch: 4 / 5 	Acc: 91.827 	Loss: 0.2877[00m
[92m  Client9 Test => 	Acc: 70.335 	Loss: 1.1156[00m
------------------------------------------------
------ Federation process at Server-Side ------- 
------------------------------------------------
-----------------------------------------------------------
------ FedServer: Federation process at Client-Side ------- 
-----------------------------------------------------------
[92m  Client0 Test => 	Acc: 65.830 	Loss: 1.1457[00m
 Train: Round   6, Avg Accuracy 70.613 | Avg Loss 0.932
[91m Client0 Train => Local Epoch: 0 / 5 	Acc: 34.456 	Loss: 2.2072[00m
[91m Client0 Train => Local Epoch: 1 / 5 	Acc: 27.371 	Loss: 2.8192[00m
[91m Client0 Train => Local Epoch: 2 / 5 	Acc: 24.919 	Loss: 3.9753[00m
[91m Client0 Train => Local Epoch: 3 / 5 	Acc: 35.102 	Loss: 1.9006[00m
[91m Client0 Train => Local Epoch: 4 / 5 	Acc: 38.200 	Loss: 1.8386[00m
[92m  Client0 Test => 	Acc: 12.335 	Loss: 3.4143[00m
[91m Client1 Train => Local Epoch: 0 / 5 	Acc: 26.128 	Loss: 2.3270[00m
[91m Client1 Train => Local Epoch: 1 / 5 	Acc: 27.431 	Loss: 2.1684[00m
[91m Client1 Train => Local Epoch: 2 / 5 	Acc: 29.427 	Loss: 2.1370[00m
[91m Client1 Train => Local Epoch: 3 / 5 	Acc: 29.427 	Loss: 2.1263[00m
[91m Client1 Train => Local Epoch: 4 / 5 	Acc: 29.688 	Loss: 2.1318[00m
[92m  Client1 Test => 	Acc: 11.115 	Loss: 3.8070[00m
[91m Client2 Train => Local Epoch: 0 / 5 	Acc: 42.448 	Loss: 2.2403[00m
[91m Client2 Train => Local Epoch: 1 / 5 	Acc: 42.274 	Loss: 2.1239[00m
[91m Client2 Train => Local Epoch: 2 / 5 	Acc: 42.101 	Loss: 2.0957[00m
[91m Client2 Train => Local Epoch: 3 / 5 	Acc: 42.448 	Loss: 2.1137[00m
[91m Client2 Train => Local Epoch: 4 / 5 	Acc: 42.188 	Loss: 2.1046[00m
[92m  Client2 Test => 	Acc: 14.037 	Loss: 3.0427[00m
[91m Client3 Train => Local Epoch: 0 / 5 	Acc: 84.809 	Loss: 0.5506[00m
[91m Client3 Train => Local Epoch: 1 / 5 	Acc: 86.241 	Loss: 0.4554[00m
[91m Client3 Train => Local Epoch: 2 / 5 	Acc: 89.627 	Loss: 0.3410[00m
[91m Client3 Train => Local Epoch: 3 / 5 	Acc: 91.493 	Loss: 0.2619[00m
[91m Client3 Train => Local Epoch: 4 / 5 	Acc: 93.533 	Loss: 0.2040[00m
[92m  Client3 Test => 	Acc: 74.926 	Loss: 1.0738[00m
[91m Client4 Train => Local Epoch: 0 / 5 	Acc: 80.566 	Loss: 0.6930[00m
[91m Client4 Train => Local Epoch: 1 / 5 	Acc: 87.207 	Loss: 0.4045[00m
[91m Client4 Train => Local Epoch: 2 / 5 	Acc: 86.816 	Loss: 0.3973[00m
[91m Client4 Train => Local Epoch: 3 / 5 	Acc: 90.625 	Loss: 0.3089[00m
[91m Client4 Train => Local Epoch: 4 / 5 	Acc: 92.773 	Loss: 0.2332[00m
[92m  Client4 Test => 	Acc: 63.763 	Loss: 1.4097[00m
[91m Client5 Train => Local Epoch: 0 / 5 	Acc: 79.557 	Loss: 0.6742[00m
[91m Client5 Train => Local Epoch: 1 / 5 	Acc: 84.375 	Loss: 0.4618[00m
[91m Client5 Train => Local Epoch: 2 / 5 	Acc: 87.500 	Loss: 0.3597[00m
[91m Client5 Train => Local Epoch: 3 / 5 	Acc: 88.411 	Loss: 0.3585[00m
[91m Client5 Train => Local Epoch: 4 / 5 	Acc: 90.234 	Loss: 0.2649[00m
[92m  Client5 Test => 	Acc: 70.915 	Loss: 1.6190[00m
[91m Client6 Train => Local Epoch: 0 / 5 	Acc: 83.656 	Loss: 0.5896[00m
[91m Client6 Train => Local Epoch: 1 / 5 	Acc: 88.375 	Loss: 0.3986[00m
[91m Client6 Train => Local Epoch: 2 / 5 	Acc: 89.500 	Loss: 0.3432[00m
[91m Client6 Train => Local Epoch: 3 / 5 	Acc: 92.094 	Loss: 0.2576[00m
[91m Client6 Train => Local Epoch: 4 / 5 	Acc: 92.500 	Loss: 0.2464[00m
[92m  Client6 Test => 	Acc: 75.640 	Loss: 0.8238[00m
[91m Client7 Train => Local Epoch: 0 / 5 	Acc: 68.281 	Loss: 0.9989[00m
[91m Client7 Train => Local Epoch: 1 / 5 	Acc: 76.875 	Loss: 0.7282[00m
[91m Client7 Train => Local Epoch: 2 / 5 	Acc: 81.016 	Loss: 0.5981[00m
[91m Client7 Train => Local Epoch: 3 / 5 	Acc: 80.781 	Loss: 0.5950[00m
[91m Client7 Train => Local Epoch: 4 / 5 	Acc: 85.391 	Loss: 0.4605[00m
[92m  Client7 Test => 	Acc: 69.741 	Loss: 1.1865[00m
[91m Client8 Train => Local Epoch: 0 / 5 	Acc: 69.922 	Loss: 0.9361[00m
[91m Client8 Train => Local Epoch: 1 / 5 	Acc: 83.984 	Loss: 0.5434[00m
[91m Client8 Train => Local Epoch: 2 / 5 	Acc: 88.542 	Loss: 0.3842[00m
[91m Client8 Train => Local Epoch: 3 / 5 	Acc: 90.625 	Loss: 0.3146[00m
[91m Client8 Train => Local Epoch: 4 / 5 	Acc: 92.578 	Loss: 0.2173[00m
[92m  Client8 Test => 	Acc: 59.780 	Loss: 1.6029[00m
[91m Client9 Train => Local Epoch: 0 / 5 	Acc: 79.567 	Loss: 0.6797[00m
[91m Client9 Train => Local Epoch: 1 / 5 	Acc: 87.680 	Loss: 0.4022[00m
[91m Client9 Train => Local Epoch: 2 / 5 	Acc: 91.106 	Loss: 0.3045[00m
[91m Client9 Train => Local Epoch: 3 / 5 	Acc: 92.308 	Loss: 0.2591[00m
[91m Client9 Train => Local Epoch: 4 / 5 	Acc: 92.608 	Loss: 0.2357[00m
[92m  Client9 Test => 	Acc: 71.502 	Loss: 1.1530[00m
------------------------------------------------
------ Federation process at Server-Side ------- 
------------------------------------------------
-----------------------------------------------------------
------ FedServer: Federation process at Client-Side ------- 
-----------------------------------------------------------
[92m  Client0 Test => 	Acc: 73.560 	Loss: 0.8936[00m
 Train: Round   7, Avg Accuracy 74.969 | Avg Loss 0.794
[91m Client0 Train => Local Epoch: 0 / 5 	Acc: 35.022 	Loss: 1.9581[00m
[91m Client0 Train => Local Epoch: 1 / 5 	Acc: 38.120 	Loss: 1.8398[00m
[91m Client0 Train => Local Epoch: 2 / 5 	Acc: 38.389 	Loss: 1.8308[00m
[91m Client0 Train => Local Epoch: 3 / 5 	Acc: 38.389 	Loss: 1.8295[00m
[91m Client0 Train => Local Epoch: 4 / 5 	Acc: 38.389 	Loss: 1.8277[00m
[92m  Client0 Test => 	Acc: 33.538 	Loss: 2.0254[00m
[91m Client1 Train => Local Epoch: 0 / 5 	Acc: 25.000 	Loss: 2.2955[00m
[91m Client1 Train => Local Epoch: 1 / 5 	Acc: 29.948 	Loss: 2.1267[00m
[91m Client1 Train => Local Epoch: 2 / 5 	Acc: 29.601 	Loss: 2.1291[00m
[91m Client1 Train => Local Epoch: 3 / 5 	Acc: 29.861 	Loss: 2.1278[00m
[91m Client1 Train => Local Epoch: 4 / 5 	Acc: 29.601 	Loss: 2.1228[00m
[92m  Client1 Test => 	Acc: 11.067 	Loss: 3.5723[00m
[91m Client2 Train => Local Epoch: 0 / 5 	Acc: 42.274 	Loss: 2.2284[00m
[91m Client2 Train => Local Epoch: 1 / 5 	Acc: 42.361 	Loss: 2.0981[00m
[91m Client2 Train => Local Epoch: 2 / 5 	Acc: 42.535 	Loss: 2.1329[00m
[91m Client2 Train => Local Epoch: 3 / 5 	Acc: 38.368 	Loss: 2.1685[00m
[91m Client2 Train => Local Epoch: 4 / 5 	Acc: 42.188 	Loss: 5.0069[00m
[92m  Client2 Test => 	Acc: 12.942 	Loss: 3.1160[00m
[91m Client3 Train => Local Epoch: 0 / 5 	Acc: 88.151 	Loss: 0.4183[00mC:\Users\pr8pf\AppData\Local\anaconda3\Lib\site-packages\sklearn\cluster\_kmeans.py:1429: UserWarning: KMeans is known to have a memory leak on Windows with MKL, when there are less chunks than available threads. You can avoid it by setting the environment variable OMP_NUM_THREADS=1.
  warnings.warn(
C:\Users\pr8pf\AppData\Local\anaconda3\Lib\site-packages\sklearn\cluster\_kmeans.py:1429: UserWarning: KMeans is known to have a memory leak on Windows with MKL, when there are less chunks than available threads. You can avoid it by setting the environment variable OMP_NUM_THREADS=1.
  warnings.warn(
[codecarbon INFO @ 00:52:09] [setup] RAM Tracking...
[codecarbon INFO @ 00:52:09] [setup] CPU Tracking...
[codecarbon WARNING @ 00:52:09] No CPU tracking mode found. Falling back on CPU constant mode. 
 Windows OS detected: Please install Intel Power Gadget to measure CPU

[codecarbon INFO @ 00:52:11] CPU Model on constant consumption mode: Intel(R) Xeon(R) Gold 6258R CPU @ 2.70GHz
[codecarbon INFO @ 00:52:11] [setup] GPU Tracking...
[codecarbon INFO @ 00:52:11] Tracking Nvidia GPU via pynvml
[codecarbon INFO @ 00:52:11] >>> Tracker's metadata:
[codecarbon INFO @ 00:52:11]   Platform system: Windows-11-10.0.22631-SP0
[codecarbon INFO @ 00:52:11]   Python version: 3.12.7
[codecarbon INFO @ 00:52:11]   CodeCarbon version: 2.8.3
[codecarbon INFO @ 00:52:11]   Available RAM : 126.630 GB
[codecarbon INFO @ 00:52:11]   CPU count: 56
[codecarbon INFO @ 00:52:11]   CPU model: Intel(R) Xeon(R) Gold 6258R CPU @ 2.70GHz
[codecarbon INFO @ 00:52:11]   GPU count: 2
[codecarbon INFO @ 00:52:11]   GPU model: 2 x NVIDIA RTX A5000
[codecarbon INFO @ 00:52:14] Saving emissions data to file C:\Users\pr8pf\Documents\GitHub\SplitFed\emissions.csv
[codecarbon INFO @ 00:52:15] Energy consumed for RAM : 0.000016 kWh. RAM Power : 47.48608875274658 W
[codecarbon INFO @ 00:52:15] Energy consumed for all CPUs : 0.000034 kWh. Total CPU Power : 102.50000000000001 W
[codecarbon INFO @ 00:52:15] Energy consumed for all GPUs : 0.000006 kWh. Total GPU Power : 17.72499928879784 W
[codecarbon INFO @ 00:52:15] 0.000056 kWh of electricity used since the beginning.
[codecarbon INFO @ 00:53:11] [setup] RAM Tracking...
[codecarbon INFO @ 00:53:11] [setup] CPU Tracking...
[codecarbon WARNING @ 00:53:11] No CPU tracking mode found. Falling back on CPU constant mode. 
 Windows OS detected: Please install Intel Power Gadget to measure CPU

[codecarbon INFO @ 00:53:13] CPU Model on constant consumption mode: Intel(R) Xeon(R) Gold 6258R CPU @ 2.70GHz
[codecarbon INFO @ 00:53:13] [setup] GPU Tracking...
[codecarbon INFO @ 00:53:13] Tracking Nvidia GPU via pynvml
[codecarbon INFO @ 00:53:13] >>> Tracker's metadata:
[codecarbon INFO @ 00:53:13]   Platform system: Windows-11-10.0.22631-SP0
[codecarbon INFO @ 00:53:13]   Python version: 3.12.7
[codecarbon INFO @ 00:53:13]   CodeCarbon version: 2.8.3
[codecarbon INFO @ 00:53:13]   Available RAM : 126.630 GB
[codecarbon INFO @ 00:53:13]   CPU count: 56
[codecarbon INFO @ 00:53:13]   CPU model: Intel(R) Xeon(R) Gold 6258R CPU @ 2.70GHz
[codecarbon INFO @ 00:53:13]   GPU count: 2
[codecarbon INFO @ 00:53:13]   GPU model: 2 x NVIDIA RTX A5000
[codecarbon INFO @ 00:53:16] Saving emissions data to file C:\Users\pr8pf\Documents\GitHub\SplitFed\emissions.csv
[codecarbon INFO @ 00:53:17] Energy consumed for RAM : 0.000009 kWh. RAM Power : 47.48608875274658 W
[codecarbon INFO @ 00:53:17] Energy consumed for all CPUs : 0.000019 kWh. Total CPU Power : 102.50000000000001 W
[codecarbon INFO @ 00:53:17] Energy consumed for all GPUs : 0.000003 kWh. Total GPU Power : 17.863187960884883 W
[codecarbon INFO @ 00:53:17] 0.000030 kWh of electricity used since the beginning.
C:\Users\pr8pf\AppData\Local\anaconda3\Lib\site-packages\sklearn\cluster\_kmeans.py:1429: UserWarning: KMeans is known to have a memory leak on Windows with MKL, when there are less chunks than available threads. You can avoid it by setting the environment variable OMP_NUM_THREADS=1.
  warnings.warn(
C:\Users\pr8pf\AppData\Local\anaconda3\Lib\site-packages\sklearn\cluster\_kmeans.py:1429: UserWarning: KMeans is known to have a memory leak on Windows with MKL, when there are less chunks than available threads. You can avoid it by setting the environment variable OMP_NUM_THREADS=1.
  warnings.warn(
[codecarbon INFO @ 01:19:15] [setup] RAM Tracking...
[codecarbon INFO @ 01:19:15] [setup] CPU Tracking...
[codecarbon WARNING @ 01:19:15] No CPU tracking mode found. Falling back on CPU constant mode. 
 Windows OS detected: Please install Intel Power Gadget to measure CPU

[codecarbon INFO @ 01:19:17] CPU Model on constant consumption mode: Intel(R) Xeon(R) Gold 6258R CPU @ 2.70GHz
[codecarbon INFO @ 01:19:17] [setup] GPU Tracking...
[codecarbon INFO @ 01:19:17] Tracking Nvidia GPU via pynvml
[codecarbon INFO @ 01:19:17] >>> Tracker's metadata:
[codecarbon INFO @ 01:19:17]   Platform system: Windows-11-10.0.22631-SP0
[codecarbon INFO @ 01:19:17]   Python version: 3.12.7
[codecarbon INFO @ 01:19:17]   CodeCarbon version: 2.8.3
[codecarbon INFO @ 01:19:17]   Available RAM : 126.630 GB
[codecarbon INFO @ 01:19:17]   CPU count: 56
[codecarbon INFO @ 01:19:17]   CPU model: Intel(R) Xeon(R) Gold 6258R CPU @ 2.70GHz
[codecarbon INFO @ 01:19:17]   GPU count: 2
[codecarbon INFO @ 01:19:17]   GPU model: 2 x NVIDIA RTX A5000
[codecarbon INFO @ 01:19:20] Saving emissions data to file C:\Users\pr8pf\Documents\GitHub\SplitFed\emissions.csv
[codecarbon INFO @ 01:19:21] Energy consumed for RAM : 0.000010 kWh. RAM Power : 47.48608875274658 W
[codecarbon INFO @ 01:19:21] Energy consumed for all CPUs : 0.000021 kWh. Total CPU Power : 102.50000000000001 W
[codecarbon INFO @ 01:19:21] Energy consumed for all GPUs : 0.000003 kWh. Total GPU Power : 16.16181461715649 W
[codecarbon INFO @ 01:19:21] 0.000034 kWh of electricity used since the beginning.

[91m Client3 Train => Local Epoch: 1 / 5 	Acc: 90.842 	Loss: 0.2892[00m
[91m Client3 Train => Local Epoch: 2 / 5 	Acc: 93.099 	Loss: 0.2285[00m
[91m Client3 Train => Local Epoch: 3 / 5 	Acc: 92.882 	Loss: 0.2167[00m
[91m Client3 Train => Local Epoch: 4 / 5 	Acc: 94.878 	Loss: 0.1716[00m
[92m  Client3 Test => 	Acc: 77.800 	Loss: 0.9987[00m
[91m Client4 Train => Local Epoch: 0 / 5 	Acc: 84.473 	Loss: 0.5024[00m
[91m Client4 Train => Local Epoch: 1 / 5 	Acc: 88.770 	Loss: 0.3469[00m
[91m Client4 Train => Local Epoch: 2 / 5 	Acc: 91.797 	Loss: 0.2748[00m
[91m Client4 Train => Local Epoch: 3 / 5 	Acc: 92.871 	Loss: 0.2089[00m
[91m Client4 Train => Local Epoch: 4 / 5 	Acc: 94.629 	Loss: 0.1886[00m
[92m  Client4 Test => 	Acc: 71.495 	Loss: 1.0944[00m
[91m Client5 Train => Local Epoch: 0 / 5 	Acc: 81.120 	Loss: 0.5961[00m
[91m Client5 Train => Local Epoch: 1 / 5 	Acc: 85.286 	Loss: 0.4358[00m
[91m Client5 Train => Local Epoch: 2 / 5 	Acc: 89.062 	Loss: 0.3238[00m
[91m Client5 Train => Local Epoch: 3 / 5 	Acc: 91.016 	Loss: 0.2760[00m
[91m Client5 Train => Local Epoch: 4 / 5 	Acc: 91.146 	Loss: 0.2501[00m
[92m  Client5 Test => 	Acc: 73.318 	Loss: 1.4451[00m
[91m Client6 Train => Local Epoch: 0 / 5 	Acc: 87.156 	Loss: 0.4584[00m
[91m Client6 Train => Local Epoch: 1 / 5 	Acc: 91.688 	Loss: 0.3091[00m
[91m Client6 Train => Local Epoch: 2 / 5 	Acc: 89.000 	Loss: 0.3539[00m
[91m Client6 Train => Local Epoch: 3 / 5 	Acc: 92.812 	Loss: 0.2319[00m
[91m Client6 Train => Local Epoch: 4 / 5 	Acc: 92.656 	Loss: 0.2339[00m
[92m  Client6 Test => 	Acc: 76.323 	Loss: 0.7327[00m
[91m Client7 Train => Local Epoch: 0 / 5 	Acc: 74.141 	Loss: 0.8016[00m
[91m Client7 Train => Local Epoch: 1 / 5 	Acc: 81.406 	Loss: 0.5428[00m
[91m Client7 Train => Local Epoch: 2 / 5 	Acc: 88.125 	Loss: 0.3915[00m
[91m Client7 Train => Local Epoch: 3 / 5 	Acc: 88.047 	Loss: 0.3712[00m
[91m Client7 Train => Local Epoch: 4 / 5 	Acc: 89.062 	Loss: 0.3287[00m
[92m  Client7 Test => 	Acc: 74.682 	Loss: 0.9637[00m
[91m Client8 Train => Local Epoch: 0 / 5 	Acc: 81.771 	Loss: 0.6215[00m
[91m Client8 Train => Local Epoch: 1 / 5 	Acc: 89.193 	Loss: 0.3511[00m
[91m Client8 Train => Local Epoch: 2 / 5 	Acc: 91.667 	Loss: 0.2786[00m
[91m Client8 Train => Local Epoch: 3 / 5 	Acc: 92.708 	Loss: 0.2195[00m
[91m Client8 Train => Local Epoch: 4 / 5 	Acc: 93.880 	Loss: 0.2024[00m
[92m  Client8 Test => 	Acc: 66.537 	Loss: 1.4188[00m
[91m Client9 Train => Local Epoch: 0 / 5 	Acc: 86.719 	Loss: 0.4813[00m
[91m Client9 Train => Local Epoch: 1 / 5 	Acc: 90.745 	Loss: 0.2917[00m
[91m Client9 Train => Local Epoch: 2 / 5 	Acc: 92.728 	Loss: 0.2385[00m
[91m Client9 Train => Local Epoch: 3 / 5 	Acc: 92.608 	Loss: 0.2120[00m
[91m Client9 Train => Local Epoch: 4 / 5 	Acc: 90.805 	Loss: 0.2738[00m
[92m  Client9 Test => 	Acc: 71.788 	Loss: 1.0624[00m
------------------------------------------------
------ Federation process at Server-Side ------- 
------------------------------------------------
-----------------------------------------------------------
------ FedServer: Federation process at Client-Side ------- 
-----------------------------------------------------------
[92m  Client0 Test => 	Acc: 79.596 	Loss: 0.6329[00m
 Train: Round   8, Avg Accuracy 75.723 | Avg Loss 1.061
[91m Client0 Train => Local Epoch: 0 / 5 	Acc: 33.755 	Loss: 1.9772[00m
[91m Client0 Train => Local Epoch: 1 / 5 	Acc: 35.560 	Loss: 1.9546[00m
[91m Client0 Train => Local Epoch: 2 / 5 	Acc: 37.769 	Loss: 1.8421[00m
[91m Client0 Train => Local Epoch: 3 / 5 	Acc: 37.689 	Loss: 1.9010[00m
[91m Client0 Train => Local Epoch: 4 / 5 	Acc: 34.375 	Loss: 2.5425[00m
[92m  Client0 Test => 	Acc: 12.375 	Loss: 3.7268[00m
[91m Client1 Train => Local Epoch: 0 / 5 	Acc: 21.701 	Loss: 2.4350[00m
[91m Client1 Train => Local Epoch: 1 / 5 	Acc: 28.125 	Loss: 2.1610[00m
[91m Client1 Train => Local Epoch: 2 / 5 	Acc: 29.427 	Loss: 2.1432[00m
[91m Client1 Train => Local Epoch: 3 / 5 	Acc: 28.993 	Loss: 6.8030[00m
[91m Client1 Train => Local Epoch: 4 / 5 	Acc: 27.257 	Loss: 2.1919[00m
[92m  Client1 Test => 	Acc: 11.061 	Loss: 3.8252[00m
[91m Client2 Train => Local Epoch: 0 / 5 	Acc: 42.448 	Loss: 2.2083[00m
[91m Client2 Train => Local Epoch: 1 / 5 	Acc: 42.361 	Loss: 2.1111[00m
[91m Client2 Train => Local Epoch: 2 / 5 	Acc: 42.535 	Loss: 2.0862[00m
[91m Client2 Train => Local Epoch: 3 / 5 	Acc: 42.448 	Loss: 2.0955[00m
[91m Client2 Train => Local Epoch: 4 / 5 	Acc: 42.448 	Loss: 2.0820[00m
[92m  Client2 Test => 	Acc: 12.942 	Loss: 3.2195[00m
[91m Client3 Train => Local Epoch: 0 / 5 	Acc: 91.319 	Loss: 0.2889[00m
[91m Client3 Train => Local Epoch: 1 / 5 	Acc: 92.665 	Loss: 0.2312[00m
[91m Client3 Train => Local Epoch: 2 / 5 	Acc: 93.576 	Loss: 0.2113[00m
[91m Client3 Train => Local Epoch: 3 / 5 	Acc: 94.488 	Loss: 0.1655[00m
[91m Client3 Train => Local Epoch: 4 / 5 	Acc: 95.009 	Loss: 0.1461[00m
[92m  Client3 Test => 	Acc: 80.671 	Loss: 0.8239[00m
[91m Client4 Train => Local Epoch: 0 / 5 	Acc: 90.527 	Loss: 0.3157[00m
[91m Client4 Train => Local Epoch: 1 / 5 	Acc: 93.262 	Loss: 0.2082[00m
[91m Client4 Train => Local Epoch: 2 / 5 	Acc: 93.164 	Loss: 0.2026[00m
[91m Client4 Train => Local Epoch: 3 / 5 	Acc: 94.629 	Loss: 0.1627[00m
[91m Client4 Train => Local Epoch: 4 / 5 	Acc: 93.164 	Loss: 0.1905[00m
[92m  Client4 Test => 	Acc: 72.004 	Loss: 1.0763[00m
[91m Client5 Train => Local Epoch: 0 / 5 	Acc: 88.542 	Loss: 0.3588[00m
[91m Client5 Train => Local Epoch: 1 / 5 	Acc: 91.016 	Loss: 0.2422[00m
[91m Client5 Train => Local Epoch: 2 / 5 	Acc: 93.880 	Loss: 0.2096[00m
[91m Client5 Train => Local Epoch: 3 / 5 	Acc: 94.271 	Loss: 0.1567[00m
[91m Client5 Train => Local Epoch: 4 / 5 	Acc: 94.661 	Loss: 0.1268[00m
[92m  Client5 Test => 	Acc: 77.800 	Loss: 1.2638[00m
[91m Client6 Train => Local Epoch: 0 / 5 	Acc: 90.094 	Loss: 0.3292[00m
[91m Client6 Train => Local Epoch: 1 / 5 	Acc: 92.125 	Loss: 0.2402[00m
[91m Client6 Train => Local Epoch: 2 / 5 	Acc: 92.531 	Loss: 0.2244[00m
[91m Client6 Train => Local Epoch: 3 / 5 	Acc: 93.219 	Loss: 0.2133[00m
[91m Client6 Train => Local Epoch: 4 / 5 	Acc: 94.719 	Loss: 0.1728[00m
[92m  Client6 Test => 	Acc: 81.368 	Loss: 0.7435[00m
[91m Client7 Train => Local Epoch: 0 / 5 	Acc: 83.047 	Loss: 0.5207[00m
[91m Client7 Train => Local Epoch: 1 / 5 	Acc: 86.172 	Loss: 0.4196[00m
[91m Client7 Train => Local Epoch: 2 / 5 	Acc: 88.203 	Loss: 0.3852[00m
[91m Client7 Train => Local Epoch: 3 / 5 	Acc: 90.469 	Loss: 0.2892[00m
[91m Client7 Train => Local Epoch: 4 / 5 	Acc: 90.938 	Loss: 0.2982[00m
[92m  Client7 Test => 	Acc: 80.729 	Loss: 0.6281[00m
[91m Client8 Train => Local Epoch: 0 / 5 	Acc: 84.115 	Loss: 0.4873[00m
[91m Client8 Train => Local Epoch: 1 / 5 	Acc: 91.016 	Loss: 0.2769[00m
[91m Client8 Train => Local Epoch: 2 / 5 	Acc: 93.490 	Loss: 0.2310[00m
[91m Client8 Train => Local Epoch: 3 / 5 	Acc: 94.531 	Loss: 0.1640[00m
[91m Client8 Train => Local Epoch: 4 / 5 	Acc: 95.443 	Loss: 0.1458[00m
[92m  Client8 Test => 	Acc: 73.598 	Loss: 1.1213[00m
[91m Client9 Train => Local Epoch: 0 / 5 	Acc: 90.685 	Loss: 0.3337[00m
[91m Client9 Train => Local Epoch: 1 / 5 	Acc: 92.488 	Loss: 0.2250[00m
[91m Client9 Train => Local Epoch: 2 / 5 	Acc: 95.252 	Loss: 0.1454[00m
[91m Client9 Train => Local Epoch: 3 / 5 	Acc: 96.394 	Loss: 0.1198[00m
[91m Client9 Train => Local Epoch: 4 / 5 	Acc: 94.171 	Loss: 0.1803[00m
[92m  Client9 Test => 	Acc: 75.359 	Loss: 0.8427[00m
------------------------------------------------
------ Federation process at Server-Side ------- 
------------------------------------------------
-----------------------------------------------------------
------ FedServer: Federation process at Client-Side ------- 
-----------------------------------------------------------
[92m  Client0 Test => 	Acc: 76.032 	Loss: 0.8104[00m
 Train: Round   9, Avg Accuracy 76.218 | Avg Loss 0.808
Training and Evaluation completed!
===== END Sat 01/10/2026  1:20:20.64 ===== 
