===== START Fri 01/09/2026 11:50:20.65 ===== 
C:\Users\pr8pf\AppData\Local\anaconda3\Lib\site-packages\torchvision\models\_utils.py:208: UserWarning: The parameter 'pretrained' is deprecated since 0.13 and may be removed in the future, please use 'weights' instead.
  warnings.warn(
C:\Users\pr8pf\AppData\Local\anaconda3\Lib\site-packages\torchvision\models\_utils.py:223: UserWarning: Arguments other than a weight enum or `None` for 'weights' are deprecated since 0.13 and may be removed in the future. The current behavior is equivalent to passing `weights=VGG16_Weights.IMAGENET1K_V1`. You can also use `weights=VGG16_Weights.DEFAULT` to get the most up-to-date weights.
  warnings.warn(msg)
[codecarbon INFO @ 11:50:52] [setup] RAM Tracking...
[codecarbon INFO @ 11:50:52] [setup] CPU Tracking...
[codecarbon WARNING @ 11:50:52] No CPU tracking mode found. Falling back on CPU constant mode. 
 Windows OS detected: Please install Intel Power Gadget to measure CPU

[codecarbon INFO @ 11:50:54] CPU Model on constant consumption mode: Intel(R) Xeon(R) Gold 6258R CPU @ 2.70GHz
[codecarbon INFO @ 11:50:54] [setup] GPU Tracking...
[codecarbon INFO @ 11:50:54] Tracking Nvidia GPU via pynvml
[codecarbon INFO @ 11:50:54] >>> Tracker's metadata:
[codecarbon INFO @ 11:50:54]   Platform system: Windows-11-10.0.22631-SP0
[codecarbon INFO @ 11:50:54]   Python version: 3.12.7
[codecarbon INFO @ 11:50:54]   CodeCarbon version: 2.8.3
[codecarbon INFO @ 11:50:54]   Available RAM : 126.630 GB
[codecarbon INFO @ 11:50:54]   CPU count: 56
[codecarbon INFO @ 11:50:54]   CPU model: Intel(R) Xeon(R) Gold 6258R CPU @ 2.70GHz
[codecarbon INFO @ 11:50:54]   GPU count: 2
[codecarbon INFO @ 11:50:54]   GPU model: 2 x NVIDIA RTX A5000
[codecarbon INFO @ 11:50:57] Saving emissions data to file C:\Users\pr8pf\Documents\GitHub\SplitFed\emissions.csv
[codecarbon INFO @ 11:50:58] Energy consumed for RAM : 0.000019 kWh. RAM Power : 47.48608875274658 W
[codecarbon INFO @ 11:50:58] Energy consumed for all CPUs : 0.000040 kWh. Total CPU Power : 102.50000000000001 W
[codecarbon INFO @ 11:50:58] Energy consumed for all GPUs : 0.000006 kWh. Total GPU Power : 15.697085377450605 W
[codecarbon INFO @ 11:50:58] 0.000065 kWh of electricity used since the beginning.
C:\Users\pr8pf\AppData\Local\anaconda3\Lib\site-packages\sklearn\cluster\_kmeans.py:1429: UserWarning: KMeans is known to have a memory leak on Windows with MKL, when there are less chunks than available threads. You can avoid it by setting the environment variable OMP_NUM_THREADS=1.
  warnings.warn(
C:\Users\pr8pf\AppData\Local\anaconda3\Lib\site-packages\sklearn\cluster\_kmeans.py:1429: UserWarning: KMeans is known to have a memory leak on Windows with MKL, when there are less chunks than available threads. You can avoid it by setting the environment variable OMP_NUM_THREADS=1.
  warnings.warn(
[codecarbon INFO @ 12:16:53] [setup] RAM Tracking...
[codecarbon INFO @ 12:16:53] [setup] CPU Tracking...
[codecarbon WARNING @ 12:16:53] No CPU tracking mode found. Falling back on CPU constant mode. 
 Windows OS detected: Please install Intel Power Gadget to measure CPU

[codecarbon INFO @ 12:16:55] CPU Model on constant consumption mode: Intel(R) Xeon(R) Gold 6258R CPU @ 2.70GHz
[codecarbon INFO @ 12:16:55] [setup] GPU Tracking...
[codecarbon INFO @ 12:16:55] Tracking Nvidia GPU via pynvml
[codecarbon INFO @ 12:16:55] >>> Tracker's metadata:
[codecarbon INFO @ 12:16:55]   Platform system: Windows-11-10.0.22631-SP0
[codecarbon INFO @ 12:16:55]   Python version: 3.12.7
[codecarbon INFO @ 12:16:55]   CodeCarbon version: 2.8.3
[codecarbon INFO @ 12:16:55]   Available RAM : 126.630 GB
[codecarbon INFO @ 12:16:55]   CPU count: 56
[codecarbon INFO @ 12:16:55]   CPU model: Intel(R) Xeon(R) Gold 6258R CPU @ 2.70GHz
[codecarbon INFO @ 12:16:55]   GPU count: 2
[codecarbon INFO @ 12:16:55]   GPU model: 2 x NVIDIA RTX A5000
[codecarbon INFO @ 12:16:58] Saving emissions data to file C:\Users\pr8pf\Documents\GitHub\SplitFed\emissions.csv
[codecarbon INFO @ 12:16:59] Energy consumed for RAM : 0.000008 kWh. RAM Power : 47.48608875274658 W
[codecarbon INFO @ 12:16:59] Energy consumed for all CPUs : 0.000016 kWh. Total CPU Power : 102.50000000000001 W
[codecarbon INFO @ 12:16:59] Energy consumed for all GPUs : 0.000004 kWh. Total GPU Power : 22.287370010309857 W
[codecarbon INFO @ 12:16:59] 0.000027 kWh of electricity used since the beginning.
[codecarbon INFO @ 12:17:57] [setup] RAM Tracking...
[codecarbon INFO @ 12:17:57] [setup] CPU Tracking...
[codecarbon WARNING @ 12:17:57] No CPU tracking mode found. Falling back on CPU constant mode. 
 Windows OS detected: Please install Intel Power Gadget to measure CPU

[codecarbon INFO @ 12:17:59] CPU Model on constant consumption mode: Intel(R) Xeon(R) Gold 6258R CPU @ 2.70GHz
[codecarbon INFO @ 12:17:59] [setup] GPU Tracking...
[codecarbon INFO @ 12:17:59] Tracking Nvidia GPU via pynvml
[codecarbon INFO @ 12:17:59] >>> Tracker's metadata:
[codecarbon INFO @ 12:17:59]   Platform system: Windows-11-10.0.22631-SP0
[codecarbon INFO @ 12:17:59]   Python version: 3.12.7
[codecarbon INFO @ 12:17:59]   CodeCarbon version: 2.8.3
[codecarbon INFO @ 12:17:59]   Available RAM : 126.630 GB
[codecarbon INFO @ 12:17:59]   CPU count: 56
[codecarbon INFO @ 12:17:59]   CPU model: Intel(R) Xeon(R) Gold 6258R CPU @ 2.70GHz
[codecarbon INFO @ 12:17:59]   GPU count: 2
[codecarbon INFO @ 12:17:59]   GPU model: 2 x NVIDIA RTX A5000
[codecarbon INFO @ 12:18:02] Saving emissions data to file C:\Users\pr8pf\Documents\GitHub\SplitFed\emissions.csv
[codecarbon INFO @ 12:18:03] Energy consumed for RAM : 0.000012 kWh. RAM Power : 47.48608875274658 W
[codecarbon INFO @ 12:18:03] Energy consumed for all CPUs : 0.000025 kWh. Total CPU Power : 102.50000000000001 W
[codecarbon INFO @ 12:18:03] Energy consumed for all GPUs : 0.000005 kWh. Total GPU Power : 18.88987368326207 W
[codecarbon INFO @ 12:18:03] 0.000041 kWh of electricity used since the beginning.
################################################################
#                              batch_size: 64                  #
#                         test_batch_size: 64                  #
#                                  epochs: 10                  #
#                               optimizer: SGD                 #
#                                      lr: 0.001               #
#                                momentum: 0.5                 #
#                                    seed: 1                   #
#                             num_clients: 10                  #
#                                   scale: 1                   #
#                                 dataset: plant               #
#                             loader_type: dirichlet           #
#                                      AR: flame               #
#                                    side: both                #
#                                     PDR: 1.0                 #
#                                  attack: data_poisoning 10,5 #
#                          label_flipping: uni                 #
#                         experiment_name: split_fed_data_pois_10_5_inner_epochs=5_epochs=10_PDR=1.0_scale=1_flame#
#                            inner_epochs: 5                   #
#                                   setup: split_fed           #
#                                   alpha: 0.5                 #
################################################################
NVIDIA RTX A5000
---------split_fed_data_pois_10_5_inner_epochs=5_epochs=10_PDR=1.0_scale=1_flame----------
initialize a data loader
Using cuda
[91m Client0 Train => Local Epoch: 0 / 5 	Acc: 29.768 	Loss: 2.9637[00m
[91m Client0 Train => Local Epoch: 1 / 5 	Acc: 36.584 	Loss: 1.9059[00m
[91m Client0 Train => Local Epoch: 2 / 5 	Acc: 38.497 	Loss: 1.8631[00m
[91m Client0 Train => Local Epoch: 3 / 5 	Acc: 37.769 	Loss: 1.8615[00m
[91m Client0 Train => Local Epoch: 4 / 5 	Acc: 38.200 	Loss: 1.8555[00m
[92m  Client0 Test => 	Acc: 12.335 	Loss: 2.9662[00m
[91m Client1 Train => Local Epoch: 0 / 5 	Acc: 19.618 	Loss: 3.6533[00m
[91m Client1 Train => Local Epoch: 1 / 5 	Acc: 27.257 	Loss: 2.1416[00m
[91m Client1 Train => Local Epoch: 2 / 5 	Acc: 26.302 	Loss: 2.2004[00m
[91m Client1 Train => Local Epoch: 3 / 5 	Acc: 33.420 	Loss: 2.0134[00m
[91m Client1 Train => Local Epoch: 4 / 5 	Acc: 41.493 	Loss: 1.7849[00m
[92m  Client1 Test => 	Acc: 23.648 	Loss: 3.3747[00m
[91m Client2 Train => Local Epoch: 0 / 5 	Acc: 21.094 	Loss: 7.1465[00m
[91m Client2 Train => Local Epoch: 1 / 5 	Acc: 26.476 	Loss: 2.5276[00m
[91m Client2 Train => Local Epoch: 2 / 5 	Acc: 40.712 	Loss: 2.1910[00m
[91m Client2 Train => Local Epoch: 3 / 5 	Acc: 43.837 	Loss: 1.9756[00m
[91m Client2 Train => Local Epoch: 4 / 5 	Acc: 34.115 	Loss: 3.1616[00m
[92m  Client2 Test => 	Acc: 12.956 	Loss: 4.7192[00m
[91m Client3 Train => Local Epoch: 0 / 5 	Acc: 27.387 	Loss: 3.0327[00m
[91m Client3 Train => Local Epoch: 1 / 5 	Acc: 38.411 	Loss: 1.9603[00m
[91m Client3 Train => Local Epoch: 2 / 5 	Acc: 52.734 	Loss: 1.5863[00m
[91m Client3 Train => Local Epoch: 3 / 5 	Acc: 72.092 	Loss: 1.0264[00m
[91m Client3 Train => Local Epoch: 4 / 5 	Acc: 74.523 	Loss: 0.9325[00m
[92m  Client3 Test => 	Acc: 30.053 	Loss: 2.5623[00m
[91m Client4 Train => Local Epoch: 0 / 5 	Acc: 14.355 	Loss: 4.5448[00m
[91m Client4 Train => Local Epoch: 1 / 5 	Acc: 21.289 	Loss: 2.3066[00m
[91m Client4 Train => Local Epoch: 2 / 5 	Acc: 41.113 	Loss: 1.8195[00m
[91m Client4 Train => Local Epoch: 3 / 5 	Acc: 52.148 	Loss: 1.5189[00m
[91m Client4 Train => Local Epoch: 4 / 5 	Acc: 49.023 	Loss: 1.5013[00m
[92m  Client4 Test => 	Acc: 12.088 	Loss: 3.8062[00m
[91m Client5 Train => Local Epoch: 0 / 5 	Acc: 21.354 	Loss: 4.7113[00m
[91m Client5 Train => Local Epoch: 1 / 5 	Acc: 24.089 	Loss: 2.3066[00m
[91m Client5 Train => Local Epoch: 2 / 5 	Acc: 33.854 	Loss: 1.9842[00m
[91m Client5 Train => Local Epoch: 3 / 5 	Acc: 43.099 	Loss: 2.1384[00m
[91m Client5 Train => Local Epoch: 4 / 5 	Acc: 52.995 	Loss: 1.5949[00m
[92m  Client5 Test => 	Acc: 27.282 	Loss: 3.2324[00m
[91m Client6 Train => Local Epoch: 0 / 5 	Acc: 30.688 	Loss: 3.8070[00m
[91m Client6 Train => Local Epoch: 1 / 5 	Acc: 55.188 	Loss: 1.5009[00m
[91m Client6 Train => Local Epoch: 2 / 5 	Acc: 65.156 	Loss: 1.1289[00m
[91m Client6 Train => Local Epoch: 3 / 5 	Acc: 70.719 	Loss: 0.9515[00m
[91m Client6 Train => Local Epoch: 4 / 5 	Acc: 70.531 	Loss: 0.9003[00m
[92m  Client6 Test => 	Acc: 53.177 	Loss: 1.9352[00m
[91m Client7 Train => Local Epoch: 0 / 5 	Acc: 17.344 	Loss: 3.3569[00m
[91m Client7 Train => Local Epoch: 1 / 5 	Acc: 20.391 	Loss: 2.6682[00m
[91m Client7 Train => Local Epoch: 2 / 5 	Acc: 22.891 	Loss: 2.2539[00m
[91m Client7 Train => Local Epoch: 3 / 5 	Acc: 25.469 	Loss: 2.1251[00m
[91m Client7 Train => Local Epoch: 4 / 5 	Acc: 34.219 	Loss: 2.0142[00m
[92m  Client7 Test => 	Acc: 13.021 	Loss: 3.1519[00m
[91m Client8 Train => Local Epoch: 0 / 5 	Acc: 21.875 	Loss: 4.6348[00m
[91m Client8 Train => Local Epoch: 1 / 5 	Acc: 17.708 	Loss: 2.3427[00m
[91m Client8 Train => Local Epoch: 2 / 5 	Acc: 24.870 	Loss: 2.1609[00m
[91m Client8 Train => Local Epoch: 3 / 5 	Acc: 32.161 	Loss: 2.0898[00m
[91m Client8 Train => Local Epoch: 4 / 5 	Acc: 33.724 	Loss: 2.0180[00m
[92m  Client8 Test => 	Acc: 8.137 	Loss: 3.5861[00m
[91m Client9 Train => Local Epoch: 0 / 5 	Acc: 20.853 	Loss: 3.0916[00m
[91m Client9 Train => Local Epoch: 1 / 5 	Acc: 30.349 	Loss: 2.0881[00m
[91m Client9 Train => Local Epoch: 2 / 5 	Acc: 36.178 	Loss: 1.8868[00m
[91m Client9 Train => Local Epoch: 3 / 5 	Acc: 53.846 	Loss: 1.4630[00m
[91m Client9 Train => Local Epoch: 4 / 5 	Acc: 65.805 	Loss: 1.1692[00m
[92m  Client9 Test => 	Acc: 47.043 	Loss: 2.4033[00m
------------------------------------------------
------ Federation process at Server-Side ------- 
------------------------------------------------
-----------------------------------------------------------
------ FedServer: Federation process at Client-Side ------- 
-----------------------------------------------------------
[92m  Client0 Test => 	Acc: 12.929 	Loss: 2.7235[00m
 Train: Round   0, Avg Accuracy 49.463 | Avg Loss 1.693
[91m Client0 Train => Local Epoch: 0 / 5 	Acc: 35.426 	Loss: 2.0828[00m
[91m Client0 Train => Local Epoch: 1 / 5 	Acc: 31.977 	Loss: 1.9494[00m
[91m Client0 Train => Local Epoch: 2 / 5 	Acc: 36.584 	Loss: 2.9730[00m
[91m Client0 Train => Local Epoch: 3 / 5 	Acc: 38.443 	Loss: 1.8350[00m
[91m Client0 Train => Local Epoch: 4 / 5 	Acc: 38.362 	Loss: 1.8314[00m
[92m  Client0 Test => 	Acc: 12.341 	Loss: 3.4525[00m
[91m Client1 Train => Local Epoch: 0 / 5 	Acc: 19.271 	Loss: 2.4164[00m
[91m Client1 Train => Local Epoch: 1 / 5 	Acc: 29.514 	Loss: 2.1001[00m
[91m Client1 Train => Local Epoch: 2 / 5 	Acc: 31.250 	Loss: 2.0020[00m
[91m Client1 Train => Local Epoch: 3 / 5 	Acc: 47.830 	Loss: 1.6412[00m
[91m Client1 Train => Local Epoch: 4 / 5 	Acc: 50.694 	Loss: 1.4801[00m
[92m  Client1 Test => 	Acc: 29.308 	Loss: 3.2896[00m
[91m Client2 Train => Local Epoch: 0 / 5 	Acc: 42.274 	Loss: 2.2727[00m
[91m Client2 Train => Local Epoch: 1 / 5 	Acc: 42.448 	Loss: 2.0085[00m
[91m Client2 Train => Local Epoch: 2 / 5 	Acc: 43.924 	Loss: 1.7101[00m
[91m Client2 Train => Local Epoch: 3 / 5 	Acc: 48.177 	Loss: 1.6209[00m
[91m Client2 Train => Local Epoch: 4 / 5 	Acc: 53.038 	Loss: 1.4711[00m
[92m  Client2 Test => 	Acc: 28.250 	Loss: 3.8056[00m
[91m Client3 Train => Local Epoch: 0 / 5 	Acc: 35.807 	Loss: 1.9869[00m
[91m Client3 Train => Local Epoch: 1 / 5 	Acc: 60.200 	Loss: 1.3880[00m
[91m Client3 Train => Local Epoch: 2 / 5 	Acc: 68.446 	Loss: 1.1097[00m
[91m Client3 Train => Local Epoch: 3 / 5 	Acc: 72.960 	Loss: 0.9538[00m
[91m Client3 Train => Local Epoch: 4 / 5 	Acc: 69.575 	Loss: 1.1340[00m
[92m  Client3 Test => 	Acc: 28.844 	Loss: 3.0083[00m
[91m Client4 Train => Local Epoch: 0 / 5 	Acc: 16.211 	Loss: 2.5060[00mC:\Users\pr8pf\AppData\Local\anaconda3\Lib\site-packages\sklearn\cluster\_kmeans.py:1429: UserWarning: KMeans is known to have a memory leak on Windows with MKL, when there are less chunks than available threads. You can avoid it by setting the environment variable OMP_NUM_THREADS=1.
  warnings.warn(
C:\Users\pr8pf\AppData\Local\anaconda3\Lib\site-packages\sklearn\cluster\_kmeans.py:1429: UserWarning: KMeans is known to have a memory leak on Windows with MKL, when there are less chunks than available threads. You can avoid it by setting the environment variable OMP_NUM_THREADS=1.
  warnings.warn(
[codecarbon INFO @ 12:44:05] [setup] RAM Tracking...
[codecarbon INFO @ 12:44:05] [setup] CPU Tracking...
[codecarbon WARNING @ 12:44:05] No CPU tracking mode found. Falling back on CPU constant mode. 
 Windows OS detected: Please install Intel Power Gadget to measure CPU

[codecarbon INFO @ 12:44:07] CPU Model on constant consumption mode: Intel(R) Xeon(R) Gold 6258R CPU @ 2.70GHz
[codecarbon INFO @ 12:44:07] [setup] GPU Tracking...
[codecarbon INFO @ 12:44:07] Tracking Nvidia GPU via pynvml
[codecarbon INFO @ 12:44:07] >>> Tracker's metadata:
[codecarbon INFO @ 12:44:07]   Platform system: Windows-11-10.0.22631-SP0
[codecarbon INFO @ 12:44:07]   Python version: 3.12.7
[codecarbon INFO @ 12:44:07]   CodeCarbon version: 2.8.3
[codecarbon INFO @ 12:44:07]   Available RAM : 126.630 GB
[codecarbon INFO @ 12:44:07]   CPU count: 56
[codecarbon INFO @ 12:44:07]   CPU model: Intel(R) Xeon(R) Gold 6258R CPU @ 2.70GHz
[codecarbon INFO @ 12:44:07]   GPU count: 2
[codecarbon INFO @ 12:44:07]   GPU model: 2 x NVIDIA RTX A5000
[codecarbon INFO @ 12:44:10] Saving emissions data to file C:\Users\pr8pf\Documents\GitHub\SplitFed\emissions.csv
[codecarbon INFO @ 12:44:11] Energy consumed for RAM : 0.000006 kWh. RAM Power : 47.48608875274658 W
[codecarbon INFO @ 12:44:11] Energy consumed for all CPUs : 0.000014 kWh. Total CPU Power : 102.50000000000001 W
[codecarbon INFO @ 12:44:11] Energy consumed for all GPUs : 0.000002 kWh. Total GPU Power : 14.712281891861469 W
[codecarbon INFO @ 12:44:11] 0.000022 kWh of electricity used since the beginning.
[codecarbon INFO @ 12:45:06] [setup] RAM Tracking...
[codecarbon INFO @ 12:45:06] [setup] CPU Tracking...
[codecarbon WARNING @ 12:45:06] No CPU tracking mode found. Falling back on CPU constant mode. 
 Windows OS detected: Please install Intel Power Gadget to measure CPU

[codecarbon INFO @ 12:45:08] CPU Model on constant consumption mode: Intel(R) Xeon(R) Gold 6258R CPU @ 2.70GHz
[codecarbon INFO @ 12:45:08] [setup] GPU Tracking...
[codecarbon INFO @ 12:45:08] Tracking Nvidia GPU via pynvml
[codecarbon INFO @ 12:45:08] >>> Tracker's metadata:
[codecarbon INFO @ 12:45:08]   Platform system: Windows-11-10.0.22631-SP0
[codecarbon INFO @ 12:45:08]   Python version: 3.12.7
[codecarbon INFO @ 12:45:08]   CodeCarbon version: 2.8.3
[codecarbon INFO @ 12:45:08]   Available RAM : 126.630 GB
[codecarbon INFO @ 12:45:08]   CPU count: 56
[codecarbon INFO @ 12:45:08]   CPU model: Intel(R) Xeon(R) Gold 6258R CPU @ 2.70GHz
[codecarbon INFO @ 12:45:08]   GPU count: 2
[codecarbon INFO @ 12:45:08]   GPU model: 2 x NVIDIA RTX A5000
[codecarbon INFO @ 12:45:11] Saving emissions data to file C:\Users\pr8pf\Documents\GitHub\SplitFed\emissions.csv
[codecarbon INFO @ 12:45:12] Energy consumed for RAM : 0.000007 kWh. RAM Power : 47.48608875274658 W
[codecarbon INFO @ 12:45:12] Energy consumed for all CPUs : 0.000015 kWh. Total CPU Power : 102.50000000000001 W
[codecarbon INFO @ 12:45:12] Energy consumed for all GPUs : 0.000003 kWh. Total GPU Power : 17.037650174784222 W
[codecarbon INFO @ 12:45:12] 0.000025 kWh of electricity used since the beginning.
C:\Users\pr8pf\AppData\Local\anaconda3\Lib\site-packages\sklearn\cluster\_kmeans.py:1429: UserWarning: KMeans is known to have a memory leak on Windows with MKL, when there are less chunks than available threads. You can avoid it by setting the environment variable OMP_NUM_THREADS=1.
  warnings.warn(
C:\Users\pr8pf\AppData\Local\anaconda3\Lib\site-packages\sklearn\cluster\_kmeans.py:1429: UserWarning: KMeans is known to have a memory leak on Windows with MKL, when there are less chunks than available threads. You can avoid it by setting the environment variable OMP_NUM_THREADS=1.
  warnings.warn(
[codecarbon INFO @ 13:10:53] [setup] RAM Tracking...
[codecarbon INFO @ 13:10:53] [setup] CPU Tracking...
[codecarbon WARNING @ 13:10:53] No CPU tracking mode found. Falling back on CPU constant mode. 
 Windows OS detected: Please install Intel Power Gadget to measure CPU

[codecarbon INFO @ 13:10:55] CPU Model on constant consumption mode: Intel(R) Xeon(R) Gold 6258R CPU @ 2.70GHz
[codecarbon INFO @ 13:10:55] [setup] GPU Tracking...
[codecarbon INFO @ 13:10:55] Tracking Nvidia GPU via pynvml
[codecarbon INFO @ 13:10:55] >>> Tracker's metadata:
[codecarbon INFO @ 13:10:55]   Platform system: Windows-11-10.0.22631-SP0
[codecarbon INFO @ 13:10:55]   Python version: 3.12.7
[codecarbon INFO @ 13:10:55]   CodeCarbon version: 2.8.3
[codecarbon INFO @ 13:10:55]   Available RAM : 126.630 GB
[codecarbon INFO @ 13:10:55]   CPU count: 56
[codecarbon INFO @ 13:10:55]   CPU model: Intel(R) Xeon(R) Gold 6258R CPU @ 2.70GHz
[codecarbon INFO @ 13:10:55]   GPU count: 2
[codecarbon INFO @ 13:10:55]   GPU model: 2 x NVIDIA RTX A5000
[codecarbon INFO @ 13:10:58] Saving emissions data to file C:\Users\pr8pf\Documents\GitHub\SplitFed\emissions.csv
[codecarbon INFO @ 13:10:59] Energy consumed for RAM : 0.000007 kWh. RAM Power : 47.48608875274658 W
[codecarbon INFO @ 13:10:59] Energy consumed for all CPUs : 0.000014 kWh. Total CPU Power : 102.50000000000001 W
[codecarbon INFO @ 13:10:59] Energy consumed for all GPUs : 0.000002 kWh. Total GPU Power : 16.394734493963185 W
[codecarbon INFO @ 13:10:59] 0.000023 kWh of electricity used since the beginning.
[codecarbon INFO @ 13:11:55] [setup] RAM Tracking...
[codecarbon INFO @ 13:11:55] [setup] CPU Tracking...
[codecarbon WARNING @ 13:11:55] No CPU tracking mode found. Falling back on CPU constant mode. 
 Windows OS detected: Please install Intel Power Gadget to measure CPU

[codecarbon INFO @ 13:11:57] CPU Model on constant consumption mode: Intel(R) Xeon(R) Gold 6258R CPU @ 2.70GHz
[codecarbon INFO @ 13:11:57] [setup] GPU Tracking...
[codecarbon INFO @ 13:11:57] Tracking Nvidia GPU via pynvml
[codecarbon INFO @ 13:11:57] >>> Tracker's metadata:
[codecarbon INFO @ 13:11:57]   Platform system: Windows-11-10.0.22631-SP0
[codecarbon INFO @ 13:11:57]   Python version: 3.12.7
[codecarbon INFO @ 13:11:57]   CodeCarbon version: 2.8.3
[codecarbon INFO @ 13:11:57]   Available RAM : 126.630 GB
[codecarbon INFO @ 13:11:57]   CPU count: 56
[codecarbon INFO @ 13:11:57]   CPU model: Intel(R) Xeon(R) Gold 6258R CPU @ 2.70GHz
[codecarbon INFO @ 13:11:57]   GPU count: 2
[codecarbon INFO @ 13:11:57]   GPU model: 2 x NVIDIA RTX A5000
[codecarbon INFO @ 13:12:00] Saving emissions data to file C:\Users\pr8pf\Documents\GitHub\SplitFed\emissions.csv
[codecarbon INFO @ 13:12:00] Energy consumed for RAM : 0.000010 kWh. RAM Power : 47.48608875274658 W
[codecarbon INFO @ 13:12:00] Energy consumed for all CPUs : 0.000022 kWh. Total CPU Power : 102.50000000000001 W
[codecarbon INFO @ 13:12:00] Energy consumed for all GPUs : 0.000004 kWh. Total GPU Power : 17.02704469729182 W
[codecarbon INFO @ 13:12:00] 0.000036 kWh of electricity used since the beginning.

[91m Client4 Train => Local Epoch: 1 / 5 	Acc: 34.277 	Loss: 1.9217[00m
[91m Client4 Train => Local Epoch: 2 / 5 	Acc: 46.582 	Loss: 1.6357[00m
[91m Client4 Train => Local Epoch: 3 / 5 	Acc: 53.613 	Loss: 1.3847[00m
[91m Client4 Train => Local Epoch: 4 / 5 	Acc: 56.934 	Loss: 1.2509[00m
[92m  Client4 Test => 	Acc: 31.312 	Loss: 3.2963[00m
[91m Client5 Train => Local Epoch: 0 / 5 	Acc: 20.312 	Loss: 2.4889[00m
[91m Client5 Train => Local Epoch: 1 / 5 	Acc: 31.250 	Loss: 2.0700[00m
[91m Client5 Train => Local Epoch: 2 / 5 	Acc: 32.161 	Loss: 1.9840[00m
[91m Client5 Train => Local Epoch: 3 / 5 	Acc: 44.661 	Loss: 1.7209[00m
[91m Client5 Train => Local Epoch: 4 / 5 	Acc: 53.776 	Loss: 1.4993[00m
[92m  Client5 Test => 	Acc: 30.695 	Loss: 2.6551[00m
[91m Client6 Train => Local Epoch: 0 / 5 	Acc: 24.062 	Loss: 2.1860[00m
[91m Client6 Train => Local Epoch: 1 / 5 	Acc: 48.188 	Loss: 1.6646[00m
[91m Client6 Train => Local Epoch: 2 / 5 	Acc: 65.000 	Loss: 1.1519[00m
[91m Client6 Train => Local Epoch: 3 / 5 	Acc: 74.750 	Loss: 0.8712[00m
[91m Client6 Train => Local Epoch: 4 / 5 	Acc: 77.375 	Loss: 0.7433[00m
[92m  Client6 Test => 	Acc: 54.563 	Loss: 1.6155[00m
[91m Client7 Train => Local Epoch: 0 / 5 	Acc: 20.156 	Loss: 2.3816[00m
[91m Client7 Train => Local Epoch: 1 / 5 	Acc: 28.672 	Loss: 2.1527[00m
[91m Client7 Train => Local Epoch: 2 / 5 	Acc: 37.969 	Loss: 1.9055[00m
[91m Client7 Train => Local Epoch: 3 / 5 	Acc: 35.469 	Loss: 2.0361[00m
[91m Client7 Train => Local Epoch: 4 / 5 	Acc: 41.562 	Loss: 1.6922[00m
[92m  Client7 Test => 	Acc: 24.274 	Loss: 3.5993[00m
[91m Client8 Train => Local Epoch: 0 / 5 	Acc: 16.536 	Loss: 2.4997[00m
[91m Client8 Train => Local Epoch: 1 / 5 	Acc: 38.021 	Loss: 2.1133[00m
[91m Client8 Train => Local Epoch: 2 / 5 	Acc: 47.135 	Loss: 1.9236[00m
[91m Client8 Train => Local Epoch: 3 / 5 	Acc: 50.000 	Loss: 1.7453[00m
[91m Client8 Train => Local Epoch: 4 / 5 	Acc: 51.172 	Loss: 1.5798[00m
[92m  Client8 Test => 	Acc: 14.140 	Loss: 3.0504[00m
[91m Client9 Train => Local Epoch: 0 / 5 	Acc: 20.733 	Loss: 2.2851[00m
[91m Client9 Train => Local Epoch: 1 / 5 	Acc: 29.627 	Loss: 2.0022[00m
[91m Client9 Train => Local Epoch: 2 / 5 	Acc: 45.974 	Loss: 1.5966[00m
[91m Client9 Train => Local Epoch: 3 / 5 	Acc: 61.959 	Loss: 1.2485[00m
[91m Client9 Train => Local Epoch: 4 / 5 	Acc: 67.007 	Loss: 1.1029[00m
[92m  Client9 Test => 	Acc: 50.121 	Loss: 2.0853[00m
------------------------------------------------
------ Federation process at Server-Side ------- 
------------------------------------------------
-----------------------------------------------------------
------ FedServer: Federation process at Client-Side ------- 
-----------------------------------------------------------
[92m  Client0 Test => 	Acc: 15.754 	Loss: 2.5890[00m
 Train: Round   1, Avg Accuracy 55.950 | Avg Loss 1.378
[91m Client0 Train => Local Epoch: 0 / 5 	Acc: 37.931 	Loss: 1.9463[00m
[91m Client0 Train => Local Epoch: 1 / 5 	Acc: 38.362 	Loss: 1.8367[00m
[91m Client0 Train => Local Epoch: 2 / 5 	Acc: 38.443 	Loss: 1.8264[00m
[91m Client0 Train => Local Epoch: 3 / 5 	Acc: 38.416 	Loss: 1.8281[00m
[91m Client0 Train => Local Epoch: 4 / 5 	Acc: 38.470 	Loss: 1.8298[00m
[92m  Client0 Test => 	Acc: 12.335 	Loss: 10.6751[00m
[91m Client1 Train => Local Epoch: 0 / 5 	Acc: 25.347 	Loss: 2.3568[00m
[91m Client1 Train => Local Epoch: 1 / 5 	Acc: 37.760 	Loss: 1.8226[00m
[91m Client1 Train => Local Epoch: 2 / 5 	Acc: 48.351 	Loss: 1.5660[00m
[91m Client1 Train => Local Epoch: 3 / 5 	Acc: 54.861 	Loss: 1.3385[00m
[91m Client1 Train => Local Epoch: 4 / 5 	Acc: 66.319 	Loss: 1.0400[00m
[92m  Client1 Test => 	Acc: 37.119 	Loss: 3.5253[00m
[91m Client2 Train => Local Epoch: 0 / 5 	Acc: 39.497 	Loss: 2.1159[00m
[91m Client2 Train => Local Epoch: 1 / 5 	Acc: 48.438 	Loss: 1.5897[00m
[91m Client2 Train => Local Epoch: 2 / 5 	Acc: 56.944 	Loss: 1.3820[00m
[91m Client2 Train => Local Epoch: 3 / 5 	Acc: 67.188 	Loss: 1.0532[00m
[91m Client2 Train => Local Epoch: 4 / 5 	Acc: 58.333 	Loss: 1.6242[00m
[92m  Client2 Test => 	Acc: 34.070 	Loss: 2.6264[00m
[91m Client3 Train => Local Epoch: 0 / 5 	Acc: 49.262 	Loss: 1.6271[00m
[91m Client3 Train => Local Epoch: 1 / 5 	Acc: 62.196 	Loss: 1.3342[00m
[91m Client3 Train => Local Epoch: 2 / 5 	Acc: 61.589 	Loss: 1.4031[00m
[91m Client3 Train => Local Epoch: 3 / 5 	Acc: 69.358 	Loss: 1.0920[00m
[91m Client3 Train => Local Epoch: 4 / 5 	Acc: 70.616 	Loss: 1.0397[00m
[92m  Client3 Test => 	Acc: 26.956 	Loss: 2.9315[00m
[91m Client4 Train => Local Epoch: 0 / 5 	Acc: 20.605 	Loss: 2.3020[00m
[91m Client4 Train => Local Epoch: 1 / 5 	Acc: 46.387 	Loss: 1.6550[00m
[91m Client4 Train => Local Epoch: 2 / 5 	Acc: 53.906 	Loss: 1.4302[00m
[91m Client4 Train => Local Epoch: 3 / 5 	Acc: 62.305 	Loss: 1.1784[00m
[91m Client4 Train => Local Epoch: 4 / 5 	Acc: 69.922 	Loss: 0.9288[00m
[92m  Client4 Test => 	Acc: 41.632 	Loss: 3.5281[00m
[91m Client5 Train => Local Epoch: 0 / 5 	Acc: 39.193 	Loss: 2.2590[00m
[91m Client5 Train => Local Epoch: 1 / 5 	Acc: 47.656 	Loss: 1.7415[00m
[91m Client5 Train => Local Epoch: 2 / 5 	Acc: 47.526 	Loss: 1.6675[00m
[91m Client5 Train => Local Epoch: 3 / 5 	Acc: 48.958 	Loss: 1.5725[00m
[91m Client5 Train => Local Epoch: 4 / 5 	Acc: 58.594 	Loss: 1.3291[00m
[92m  Client5 Test => 	Acc: 31.928 	Loss: 3.1951[00m
[91m Client6 Train => Local Epoch: 0 / 5 	Acc: 45.156 	Loss: 1.8194[00m
[91m Client6 Train => Local Epoch: 1 / 5 	Acc: 67.250 	Loss: 1.0881[00m
[91m Client6 Train => Local Epoch: 2 / 5 	Acc: 73.000 	Loss: 0.8736[00m
[91m Client6 Train => Local Epoch: 3 / 5 	Acc: 79.344 	Loss: 0.6613[00m
[91m Client6 Train => Local Epoch: 4 / 5 	Acc: 83.188 	Loss: 0.5634[00m
[92m  Client6 Test => 	Acc: 62.901 	Loss: 1.2239[00m
[91m Client7 Train => Local Epoch: 0 / 5 	Acc: 31.328 	Loss: 2.2317[00m
[91m Client7 Train => Local Epoch: 1 / 5 	Acc: 38.125 	Loss: 1.9651[00m
[91m Client7 Train => Local Epoch: 2 / 5 	Acc: 35.703 	Loss: 1.9117[00m
[91m Client7 Train => Local Epoch: 3 / 5 	Acc: 40.391 	Loss: 1.8364[00m
[91m Client7 Train => Local Epoch: 4 / 5 	Acc: 42.500 	Loss: 1.8109[00m
[92m  Client7 Test => 	Acc: 21.681 	Loss: 3.0058[00m
[91m Client8 Train => Local Epoch: 0 / 5 	Acc: 19.792 	Loss: 2.5566[00m
[91m Client8 Train => Local Epoch: 1 / 5 	Acc: 32.292 	Loss: 1.9618[00m
[91m Client8 Train => Local Epoch: 2 / 5 	Acc: 45.703 	Loss: 1.7398[00m
[91m Client8 Train => Local Epoch: 3 / 5 	Acc: 52.474 	Loss: 1.5425[00m
[91m Client8 Train => Local Epoch: 4 / 5 	Acc: 58.854 	Loss: 1.4178[00m
[92m  Client8 Test => 	Acc: 18.688 	Loss: 4.4066[00m
[91m Client9 Train => Local Epoch: 0 / 5 	Acc: 28.065 	Loss: 2.0761[00m
[91m Client9 Train => Local Epoch: 1 / 5 	Acc: 34.555 	Loss: 1.8042[00m
[91m Client9 Train => Local Epoch: 2 / 5 	Acc: 48.978 	Loss: 1.6276[00m
[91m Client9 Train => Local Epoch: 3 / 5 	Acc: 58.173 	Loss: 1.3440[00m
[91m Client9 Train => Local Epoch: 4 / 5 	Acc: 65.264 	Loss: 1.1770[00m
[92m  Client9 Test => 	Acc: 40.029 	Loss: 2.3734[00m
------------------------------------------------
------ Federation process at Server-Side ------- 
------------------------------------------------
-----------------------------------------------------------
------ FedServer: Federation process at Client-Side ------- 
-----------------------------------------------------------
[92m  Client0 Test => 	Acc: 20.939 	Loss: 2.3058[00m
 Train: Round   2, Avg Accuracy 61.206 | Avg Loss 1.276
[91m Client0 Train => Local Epoch: 0 / 5 	Acc: 37.392 	Loss: 1.9476[00m
[91m Client0 Train => Local Epoch: 1 / 5 	Acc: 38.416 	Loss: 1.8348[00m
[91m Client0 Train => Local Epoch: 2 / 5 	Acc: 38.497 	Loss: 1.8346[00m
[91m Client0 Train => Local Epoch: 3 / 5 	Acc: 38.443 	Loss: 1.8291[00m
[91m Client0 Train => Local Epoch: 4 / 5 	Acc: 38.443 	Loss: 1.8314[00m
[92m  Client0 Test => 	Acc: 12.362 	Loss: 3.4594[00m
[91m Client1 Train => Local Epoch: 0 / 5 	Acc: 27.344 	Loss: 2.2115[00mC:\Users\pr8pf\AppData\Local\anaconda3\Lib\site-packages\sklearn\cluster\_kmeans.py:1429: UserWarning: KMeans is known to have a memory leak on Windows with MKL, when there are less chunks than available threads. You can avoid it by setting the environment variable OMP_NUM_THREADS=1.
  warnings.warn(
C:\Users\pr8pf\AppData\Local\anaconda3\Lib\site-packages\sklearn\cluster\_kmeans.py:1429: UserWarning: KMeans is known to have a memory leak on Windows with MKL, when there are less chunks than available threads. You can avoid it by setting the environment variable OMP_NUM_THREADS=1.
  warnings.warn(
[codecarbon INFO @ 13:37:42] [setup] RAM Tracking...
[codecarbon INFO @ 13:37:42] [setup] CPU Tracking...
[codecarbon WARNING @ 13:37:42] No CPU tracking mode found. Falling back on CPU constant mode. 
 Windows OS detected: Please install Intel Power Gadget to measure CPU

[codecarbon INFO @ 13:37:44] CPU Model on constant consumption mode: Intel(R) Xeon(R) Gold 6258R CPU @ 2.70GHz
[codecarbon INFO @ 13:37:44] [setup] GPU Tracking...
[codecarbon INFO @ 13:37:44] Tracking Nvidia GPU via pynvml
[codecarbon INFO @ 13:37:44] >>> Tracker's metadata:
[codecarbon INFO @ 13:37:44]   Platform system: Windows-11-10.0.22631-SP0
[codecarbon INFO @ 13:37:44]   Python version: 3.12.7
[codecarbon INFO @ 13:37:44]   CodeCarbon version: 2.8.3
[codecarbon INFO @ 13:37:44]   Available RAM : 126.630 GB
[codecarbon INFO @ 13:37:44]   CPU count: 56
[codecarbon INFO @ 13:37:44]   CPU model: Intel(R) Xeon(R) Gold 6258R CPU @ 2.70GHz
[codecarbon INFO @ 13:37:44]   GPU count: 2
[codecarbon INFO @ 13:37:44]   GPU model: 2 x NVIDIA RTX A5000
[codecarbon INFO @ 13:37:47] Saving emissions data to file C:\Users\pr8pf\Documents\GitHub\SplitFed\emissions.csv
[codecarbon INFO @ 13:37:47] Energy consumed for RAM : 0.000008 kWh. RAM Power : 47.48608875274658 W
[codecarbon INFO @ 13:37:47] Energy consumed for all CPUs : 0.000016 kWh. Total CPU Power : 102.50000000000001 W
[codecarbon INFO @ 13:37:47] Energy consumed for all GPUs : 0.000003 kWh. Total GPU Power : 16.33424197206431 W
[codecarbon INFO @ 13:37:47] 0.000027 kWh of electricity used since the beginning.
[codecarbon INFO @ 13:38:43] [setup] RAM Tracking...
[codecarbon INFO @ 13:38:43] [setup] CPU Tracking...
[codecarbon WARNING @ 13:38:43] No CPU tracking mode found. Falling back on CPU constant mode. 
 Windows OS detected: Please install Intel Power Gadget to measure CPU

[codecarbon INFO @ 13:38:45] CPU Model on constant consumption mode: Intel(R) Xeon(R) Gold 6258R CPU @ 2.70GHz
[codecarbon INFO @ 13:38:45] [setup] GPU Tracking...
[codecarbon INFO @ 13:38:45] Tracking Nvidia GPU via pynvml
[codecarbon INFO @ 13:38:45] >>> Tracker's metadata:
[codecarbon INFO @ 13:38:45]   Platform system: Windows-11-10.0.22631-SP0
[codecarbon INFO @ 13:38:45]   Python version: 3.12.7
[codecarbon INFO @ 13:38:45]   CodeCarbon version: 2.8.3
[codecarbon INFO @ 13:38:45]   Available RAM : 126.630 GB
[codecarbon INFO @ 13:38:45]   CPU count: 56
[codecarbon INFO @ 13:38:45]   CPU model: Intel(R) Xeon(R) Gold 6258R CPU @ 2.70GHz
[codecarbon INFO @ 13:38:45]   GPU count: 2
[codecarbon INFO @ 13:38:45]   GPU model: 2 x NVIDIA RTX A5000
[codecarbon INFO @ 13:38:48] Saving emissions data to file C:\Users\pr8pf\Documents\GitHub\SplitFed\emissions.csv
[codecarbon INFO @ 13:38:48] Energy consumed for RAM : 0.000008 kWh. RAM Power : 47.48608875274658 W
[codecarbon INFO @ 13:38:48] Energy consumed for all CPUs : 0.000017 kWh. Total CPU Power : 102.50000000000001 W
[codecarbon INFO @ 13:38:48] Energy consumed for all GPUs : 0.000004 kWh. Total GPU Power : 21.960009476567624 W
[codecarbon INFO @ 13:38:48] 0.000029 kWh of electricity used since the beginning.

[91m Client1 Train => Local Epoch: 1 / 5 	Acc: 40.104 	Loss: 1.7713[00m
[91m Client1 Train => Local Epoch: 2 / 5 	Acc: 58.333 	Loss: 1.2907[00m
[91m Client1 Train => Local Epoch: 3 / 5 	Acc: 61.372 	Loss: 1.1785[00m
[91m Client1 Train => Local Epoch: 4 / 5 	Acc: 65.104 	Loss: 0.9840[00m
[92m  Client1 Test => 	Acc: 39.777 	Loss: 2.7248[00m
[91m Client2 Train => Local Epoch: 0 / 5 	Acc: 46.441 	Loss: 1.7631[00m
[91m Client2 Train => Local Epoch: 1 / 5 	Acc: 57.205 	Loss: 1.4179[00m
[91m Client2 Train => Local Epoch: 2 / 5 	Acc: 62.500 	Loss: 1.1635[00m
[91m Client2 Train => Local Epoch: 3 / 5 	Acc: 68.229 	Loss: 1.0112[00m
[91m Client2 Train => Local Epoch: 4 / 5 	Acc: 68.403 	Loss: 0.9925[00m
[92m  Client2 Test => 	Acc: 44.149 	Loss: 2.7198[00m
[91m Client3 Train => Local Epoch: 0 / 5 	Acc: 58.160 	Loss: 1.4681[00m
[91m Client3 Train => Local Epoch: 1 / 5 	Acc: 70.790 	Loss: 1.0466[00m
[91m Client3 Train => Local Epoch: 2 / 5 	Acc: 64.193 	Loss: 1.2400[00m
[91m Client3 Train => Local Epoch: 3 / 5 	Acc: 73.177 	Loss: 0.8870[00m
[91m Client3 Train => Local Epoch: 4 / 5 	Acc: 78.906 	Loss: 0.6680[00m
[92m  Client3 Test => 	Acc: 48.571 	Loss: 2.3261[00m
[91m Client4 Train => Local Epoch: 0 / 5 	Acc: 30.469 	Loss: 1.9883[00m
[91m Client4 Train => Local Epoch: 1 / 5 	Acc: 41.211 	Loss: 1.6448[00m
[91m Client4 Train => Local Epoch: 2 / 5 	Acc: 51.172 	Loss: 1.4765[00m
[91m Client4 Train => Local Epoch: 3 / 5 	Acc: 58.789 	Loss: 1.2844[00m
[91m Client4 Train => Local Epoch: 4 / 5 	Acc: 63.379 	Loss: 1.0670[00m
[92m  Client4 Test => 	Acc: 32.008 	Loss: 3.5601[00m
[91m Client5 Train => Local Epoch: 0 / 5 	Acc: 36.589 	Loss: 2.0799[00m
[91m Client5 Train => Local Epoch: 1 / 5 	Acc: 52.083 	Loss: 1.5688[00m
[91m Client5 Train => Local Epoch: 2 / 5 	Acc: 62.760 	Loss: 1.1140[00m
[91m Client5 Train => Local Epoch: 3 / 5 	Acc: 67.318 	Loss: 1.0538[00m
[91m Client5 Train => Local Epoch: 4 / 5 	Acc: 67.188 	Loss: 1.0606[00m
[92m  Client5 Test => 	Acc: 43.212 	Loss: 2.4817[00m
[91m Client6 Train => Local Epoch: 0 / 5 	Acc: 41.125 	Loss: 1.8451[00m
[91m Client6 Train => Local Epoch: 1 / 5 	Acc: 66.688 	Loss: 1.0930[00m
[91m Client6 Train => Local Epoch: 2 / 5 	Acc: 73.594 	Loss: 0.8738[00m
[91m Client6 Train => Local Epoch: 3 / 5 	Acc: 78.844 	Loss: 0.6857[00m
[91m Client6 Train => Local Epoch: 4 / 5 	Acc: 83.094 	Loss: 0.5496[00m
[92m  Client6 Test => 	Acc: 62.791 	Loss: 1.2319[00m
[91m Client7 Train => Local Epoch: 0 / 5 	Acc: 38.125 	Loss: 2.1196[00m
[91m Client7 Train => Local Epoch: 1 / 5 	Acc: 38.359 	Loss: 1.8269[00m
[91m Client7 Train => Local Epoch: 2 / 5 	Acc: 46.484 	Loss: 1.6398[00m
[91m Client7 Train => Local Epoch: 3 / 5 	Acc: 59.766 	Loss: 1.3090[00m
[91m Client7 Train => Local Epoch: 4 / 5 	Acc: 60.156 	Loss: 1.2611[00m
[92m  Client7 Test => 	Acc: 34.314 	Loss: 2.3942[00m
[91m Client8 Train => Local Epoch: 0 / 5 	Acc: 16.797 	Loss: 2.4260[00m
[91m Client8 Train => Local Epoch: 1 / 5 	Acc: 32.031 	Loss: 1.9751[00m
[91m Client8 Train => Local Epoch: 2 / 5 	Acc: 46.354 	Loss: 1.6590[00m
[91m Client8 Train => Local Epoch: 3 / 5 	Acc: 58.594 	Loss: 1.5319[00m
[91m Client8 Train => Local Epoch: 4 / 5 	Acc: 55.859 	Loss: 1.3890[00m
[92m  Client8 Test => 	Acc: 24.462 	Loss: 3.1774[00m
[91m Client9 Train => Local Epoch: 0 / 5 	Acc: 35.216 	Loss: 1.9460[00m
[91m Client9 Train => Local Epoch: 1 / 5 	Acc: 50.541 	Loss: 1.5110[00m
[91m Client9 Train => Local Epoch: 2 / 5 	Acc: 59.736 	Loss: 1.3208[00m
[91m Client9 Train => Local Epoch: 3 / 5 	Acc: 61.839 	Loss: 1.3336[00m
[91m Client9 Train => Local Epoch: 4 / 5 	Acc: 69.351 	Loss: 1.0322[00m
[92m  Client9 Test => 	Acc: 53.539 	Loss: 1.7826[00m
------------------------------------------------
------ Federation process at Server-Side ------- 
------------------------------------------------
-----------------------------------------------------------
------ FedServer: Federation process at Client-Side ------- 
-----------------------------------------------------------
[92m  Client0 Test => 	Acc: 35.554 	Loss: 2.0376[00m
 Train: Round   3, Avg Accuracy 64.988 | Avg Loss 1.084
[91m Client0 Train => Local Epoch: 0 / 5 	Acc: 35.884 	Loss: 1.9983[00m
[91m Client0 Train => Local Epoch: 1 / 5 	Acc: 37.042 	Loss: 7.5940[00m
[91m Client0 Train => Local Epoch: 2 / 5 	Acc: 38.470 	Loss: 1.8318[00m
[91m Client0 Train => Local Epoch: 3 / 5 	Acc: 38.470 	Loss: 1.8316[00m
[91m Client0 Train => Local Epoch: 4 / 5 	Acc: 38.443 	Loss: 1.8319[00m
[92m  Client0 Test => 	Acc: 12.355 	Loss: 3.5297[00m
[91m Client1 Train => Local Epoch: 0 / 5 	Acc: 46.875 	Loss: 1.7295[00m
[91m Client1 Train => Local Epoch: 1 / 5 	Acc: 50.434 	Loss: 1.5053[00m
[91m Client1 Train => Local Epoch: 2 / 5 	Acc: 57.899 	Loss: 1.2162[00m
[91m Client1 Train => Local Epoch: 3 / 5 	Acc: 72.135 	Loss: 0.8601[00m
[91m Client1 Train => Local Epoch: 4 / 5 	Acc: 74.740 	Loss: 0.7547[00m
[92m  Client1 Test => 	Acc: 43.744 	Loss: 2.3132[00m
[91m Client2 Train => Local Epoch: 0 / 5 	Acc: 57.812 	Loss: 1.4005[00m
[91m Client2 Train => Local Epoch: 1 / 5 	Acc: 68.750 	Loss: 0.9929[00m
[91m Client2 Train => Local Epoch: 2 / 5 	Acc: 75.260 	Loss: 0.7840[00m
[91m Client2 Train => Local Epoch: 3 / 5 	Acc: 79.340 	Loss: 0.6521[00m
[91m Client2 Train => Local Epoch: 4 / 5 	Acc: 83.594 	Loss: 0.5228[00m
[92m  Client2 Test => 	Acc: 59.278 	Loss: 1.8851[00m
[91m Client3 Train => Local Epoch: 0 / 5 	Acc: 68.273 	Loss: 1.1228[00m
[91m Client3 Train => Local Epoch: 1 / 5 	Acc: 72.569 	Loss: 0.9468[00m
[91m Client3 Train => Local Epoch: 2 / 5 	Acc: 79.470 	Loss: 0.6816[00m
[91m Client3 Train => Local Epoch: 3 / 5 	Acc: 84.201 	Loss: 0.5189[00m
[91m Client3 Train => Local Epoch: 4 / 5 	Acc: 87.326 	Loss: 0.4037[00m
[92m  Client3 Test => 	Acc: 63.509 	Loss: 1.5692[00m
[91m Client4 Train => Local Epoch: 0 / 5 	Acc: 52.539 	Loss: 1.5275[00m
[91m Client4 Train => Local Epoch: 1 / 5 	Acc: 66.113 	Loss: 1.0404[00m
[91m Client4 Train => Local Epoch: 2 / 5 	Acc: 71.484 	Loss: 0.8197[00m
[91m Client4 Train => Local Epoch: 3 / 5 	Acc: 80.273 	Loss: 0.6442[00m
[91m Client4 Train => Local Epoch: 4 / 5 	Acc: 82.910 	Loss: 0.5349[00m
[92m  Client4 Test => 	Acc: 43.195 	Loss: 2.7729[00m
[91m Client5 Train => Local Epoch: 0 / 5 	Acc: 50.911 	Loss: 1.6228[00m
[91m Client5 Train => Local Epoch: 1 / 5 	Acc: 65.495 	Loss: 1.1964[00m
[91m Client5 Train => Local Epoch: 2 / 5 	Acc: 72.526 	Loss: 0.8467[00m
[91m Client5 Train => Local Epoch: 3 / 5 	Acc: 77.734 	Loss: 0.6775[00m
[91m Client5 Train => Local Epoch: 4 / 5 	Acc: 76.562 	Loss: 0.7007[00m
[92m  Client5 Test => 	Acc: 53.602 	Loss: 2.1962[00m
[91m Client6 Train => Local Epoch: 0 / 5 	Acc: 60.781 	Loss: 1.3561[00m
[91m Client6 Train => Local Epoch: 1 / 5 	Acc: 75.562 	Loss: 0.7928[00m
[91m Client6 Train => Local Epoch: 2 / 5 	Acc: 83.625 	Loss: 0.5491[00m
[91m Client6 Train => Local Epoch: 3 / 5 	Acc: 86.438 	Loss: 0.4567[00m
[91m Client6 Train => Local Epoch: 4 / 5 	Acc: 87.062 	Loss: 0.4644[00m
[92m  Client6 Test => 	Acc: 62.263 	Loss: 1.5605[00m
[91m Client7 Train => Local Epoch: 0 / 5 	Acc: 44.922 	Loss: 1.7292[00m
[91m Client7 Train => Local Epoch: 1 / 5 	Acc: 59.922 	Loss: 1.3215[00m
[91m Client7 Train => Local Epoch: 2 / 5 	Acc: 67.656 	Loss: 1.0169[00m
[91m Client7 Train => Local Epoch: 3 / 5 	Acc: 72.344 	Loss: 0.8692[00m
[91m Client7 Train => Local Epoch: 4 / 5 	Acc: 73.984 	Loss: 0.8229[00m
[92m  Client7 Test => 	Acc: 52.002 	Loss: 1.7539[00m
[91m Client8 Train => Local Epoch: 0 / 5 	Acc: 43.750 	Loss: 1.9497[00m
[91m Client8 Train => Local Epoch: 1 / 5 	Acc: 65.755 	Loss: 1.4221[00m
[91m Client8 Train => Local Epoch: 2 / 5 	Acc: 57.292 	Loss: 1.3721[00m
[91m Client8 Train => Local Epoch: 3 / 5 	Acc: 71.484 	Loss: 1.0005[00m
[91m Client8 Train => Local Epoch: 4 / 5 	Acc: 79.167 	Loss: 0.7358[00m
[92m  Client8 Test => 	Acc: 32.886 	Loss: 2.9132[00m
[91m Client9 Train => Local Epoch: 0 / 5 	Acc: 59.075 	Loss: 1.4314[00mC:\Users\pr8pf\AppData\Local\anaconda3\Lib\site-packages\sklearn\cluster\_kmeans.py:1429: UserWarning: KMeans is known to have a memory leak on Windows with MKL, when there are less chunks than available threads. You can avoid it by setting the environment variable OMP_NUM_THREADS=1.
  warnings.warn(
C:\Users\pr8pf\AppData\Local\anaconda3\Lib\site-packages\sklearn\cluster\_kmeans.py:1429: UserWarning: KMeans is known to have a memory leak on Windows with MKL, when there are less chunks than available threads. You can avoid it by setting the environment variable OMP_NUM_THREADS=1.
  warnings.warn(
[codecarbon INFO @ 14:04:21] [setup] RAM Tracking...
[codecarbon INFO @ 14:04:21] [setup] CPU Tracking...
[codecarbon WARNING @ 14:04:21] No CPU tracking mode found. Falling back on CPU constant mode. 
 Windows OS detected: Please install Intel Power Gadget to measure CPU

[codecarbon INFO @ 14:04:23] CPU Model on constant consumption mode: Intel(R) Xeon(R) Gold 6258R CPU @ 2.70GHz
[codecarbon INFO @ 14:04:23] [setup] GPU Tracking...
[codecarbon INFO @ 14:04:23] Tracking Nvidia GPU via pynvml
[codecarbon INFO @ 14:04:23] >>> Tracker's metadata:
[codecarbon INFO @ 14:04:23]   Platform system: Windows-11-10.0.22631-SP0
[codecarbon INFO @ 14:04:23]   Python version: 3.12.7
[codecarbon INFO @ 14:04:23]   CodeCarbon version: 2.8.3
[codecarbon INFO @ 14:04:23]   Available RAM : 126.630 GB
[codecarbon INFO @ 14:04:23]   CPU count: 56
[codecarbon INFO @ 14:04:23]   CPU model: Intel(R) Xeon(R) Gold 6258R CPU @ 2.70GHz
[codecarbon INFO @ 14:04:23]   GPU count: 2
[codecarbon INFO @ 14:04:23]   GPU model: 2 x NVIDIA RTX A5000
[codecarbon INFO @ 14:04:26] Saving emissions data to file C:\Users\pr8pf\Documents\GitHub\SplitFed\emissions.csv
[codecarbon INFO @ 14:04:26] Energy consumed for RAM : 0.000009 kWh. RAM Power : 47.48608875274658 W
[codecarbon INFO @ 14:04:26] Energy consumed for all CPUs : 0.000019 kWh. Total CPU Power : 102.50000000000001 W
[codecarbon INFO @ 14:04:26] Energy consumed for all GPUs : 0.000005 kWh. Total GPU Power : 26.596587112172465 W
[codecarbon INFO @ 14:04:26] 0.000034 kWh of electricity used since the beginning.
[codecarbon INFO @ 14:05:23] [setup] RAM Tracking...
[codecarbon INFO @ 14:05:23] [setup] CPU Tracking...
[codecarbon WARNING @ 14:05:23] No CPU tracking mode found. Falling back on CPU constant mode. 
 Windows OS detected: Please install Intel Power Gadget to measure CPU

[codecarbon INFO @ 14:05:24] CPU Model on constant consumption mode: Intel(R) Xeon(R) Gold 6258R CPU @ 2.70GHz
[codecarbon INFO @ 14:05:24] [setup] GPU Tracking...
[codecarbon INFO @ 14:05:24] Tracking Nvidia GPU via pynvml
[codecarbon INFO @ 14:05:24] >>> Tracker's metadata:
[codecarbon INFO @ 14:05:24]   Platform system: Windows-11-10.0.22631-SP0
[codecarbon INFO @ 14:05:24]   Python version: 3.12.7
[codecarbon INFO @ 14:05:24]   CodeCarbon version: 2.8.3
[codecarbon INFO @ 14:05:24]   Available RAM : 126.630 GB
[codecarbon INFO @ 14:05:24]   CPU count: 56
[codecarbon INFO @ 14:05:24]   CPU model: Intel(R) Xeon(R) Gold 6258R CPU @ 2.70GHz
[codecarbon INFO @ 14:05:24]   GPU count: 2
[codecarbon INFO @ 14:05:24]   GPU model: 2 x NVIDIA RTX A5000
[codecarbon INFO @ 14:05:27] Saving emissions data to file C:\Users\pr8pf\Documents\GitHub\SplitFed\emissions.csv
[codecarbon INFO @ 14:05:28] Energy consumed for RAM : 0.000011 kWh. RAM Power : 47.48608875274658 W
[codecarbon INFO @ 14:05:28] Energy consumed for all CPUs : 0.000025 kWh. Total CPU Power : 102.50000000000001 W
[codecarbon INFO @ 14:05:28] Energy consumed for all GPUs : 0.000005 kWh. Total GPU Power : 18.801664902435263 W
[codecarbon INFO @ 14:05:28] 0.000041 kWh of electricity used since the beginning.
C:\Users\pr8pf\AppData\Local\anaconda3\Lib\site-packages\sklearn\cluster\_kmeans.py:1429: UserWarning: KMeans is known to have a memory leak on Windows with MKL, when there are less chunks than available threads. You can avoid it by setting the environment variable OMP_NUM_THREADS=1.
  warnings.warn(
C:\Users\pr8pf\AppData\Local\anaconda3\Lib\site-packages\sklearn\cluster\_kmeans.py:1429: UserWarning: KMeans is known to have a memory leak on Windows with MKL, when there are less chunks than available threads. You can avoid it by setting the environment variable OMP_NUM_THREADS=1.
  warnings.warn(
[codecarbon INFO @ 14:31:01] [setup] RAM Tracking...
[codecarbon INFO @ 14:31:01] [setup] CPU Tracking...
[codecarbon WARNING @ 14:31:01] No CPU tracking mode found. Falling back on CPU constant mode. 
 Windows OS detected: Please install Intel Power Gadget to measure CPU

[codecarbon INFO @ 14:31:03] CPU Model on constant consumption mode: Intel(R) Xeon(R) Gold 6258R CPU @ 2.70GHz
[codecarbon INFO @ 14:31:03] [setup] GPU Tracking...
[codecarbon INFO @ 14:31:03] Tracking Nvidia GPU via pynvml
[codecarbon INFO @ 14:31:03] >>> Tracker's metadata:
[codecarbon INFO @ 14:31:03]   Platform system: Windows-11-10.0.22631-SP0
[codecarbon INFO @ 14:31:03]   Python version: 3.12.7
[codecarbon INFO @ 14:31:03]   CodeCarbon version: 2.8.3
[codecarbon INFO @ 14:31:03]   Available RAM : 126.630 GB
[codecarbon INFO @ 14:31:03]   CPU count: 56
[codecarbon INFO @ 14:31:03]   CPU model: Intel(R) Xeon(R) Gold 6258R CPU @ 2.70GHz
[codecarbon INFO @ 14:31:03]   GPU count: 2
[codecarbon INFO @ 14:31:03]   GPU model: 2 x NVIDIA RTX A5000
[codecarbon INFO @ 14:31:06] Saving emissions data to file C:\Users\pr8pf\Documents\GitHub\SplitFed\emissions.csv
[codecarbon INFO @ 14:31:07] Energy consumed for RAM : 0.000013 kWh. RAM Power : 47.48608875274658 W
[codecarbon INFO @ 14:31:07] Energy consumed for all CPUs : 0.000028 kWh. Total CPU Power : 102.50000000000001 W
[codecarbon INFO @ 14:31:07] Energy consumed for all GPUs : 0.000005 kWh. Total GPU Power : 18.55911836416367 W
[codecarbon INFO @ 14:31:07] 0.000045 kWh of electricity used since the beginning.
[codecarbon INFO @ 14:32:02] [setup] RAM Tracking...
[codecarbon INFO @ 14:32:02] [setup] CPU Tracking...
[codecarbon WARNING @ 14:32:02] No CPU tracking mode found. Falling back on CPU constant mode. 
 Windows OS detected: Please install Intel Power Gadget to measure CPU

[codecarbon INFO @ 14:32:03] CPU Model on constant consumption mode: Intel(R) Xeon(R) Gold 6258R CPU @ 2.70GHz
[codecarbon INFO @ 14:32:03] [setup] GPU Tracking...
[codecarbon INFO @ 14:32:03] Tracking Nvidia GPU via pynvml
[codecarbon INFO @ 14:32:03] >>> Tracker's metadata:
[codecarbon INFO @ 14:32:03]   Platform system: Windows-11-10.0.22631-SP0
[codecarbon INFO @ 14:32:03]   Python version: 3.12.7
[codecarbon INFO @ 14:32:03]   CodeCarbon version: 2.8.3
[codecarbon INFO @ 14:32:03]   Available RAM : 126.630 GB
[codecarbon INFO @ 14:32:03]   CPU count: 56
[codecarbon INFO @ 14:32:03]   CPU model: Intel(R) Xeon(R) Gold 6258R CPU @ 2.70GHz
[codecarbon INFO @ 14:32:03]   GPU count: 2
[codecarbon INFO @ 14:32:03]   GPU model: 2 x NVIDIA RTX A5000
[codecarbon INFO @ 14:32:06] Saving emissions data to file C:\Users\pr8pf\Documents\GitHub\SplitFed\emissions.csv
[codecarbon INFO @ 14:32:07] Energy consumed for RAM : 0.000011 kWh. RAM Power : 47.48608875274658 W
[codecarbon INFO @ 14:32:07] Energy consumed for all CPUs : 0.000024 kWh. Total CPU Power : 102.50000000000001 W
[codecarbon INFO @ 14:32:07] Energy consumed for all GPUs : 0.000004 kWh. Total GPU Power : 18.98128414286899 W
[codecarbon INFO @ 14:32:07] 0.000040 kWh of electricity used since the beginning.

[91m Client9 Train => Local Epoch: 1 / 5 	Acc: 75.240 	Loss: 0.8673[00m
[91m Client9 Train => Local Epoch: 2 / 5 	Acc: 80.950 	Loss: 0.6435[00m
[91m Client9 Train => Local Epoch: 3 / 5 	Acc: 84.375 	Loss: 0.5342[00m
[91m Client9 Train => Local Epoch: 4 / 5 	Acc: 82.752 	Loss: 0.5666[00m
[92m  Client9 Test => 	Acc: 60.961 	Loss: 1.3609[00m
------------------------------------------------
------ Federation process at Server-Side ------- 
------------------------------------------------
-----------------------------------------------------------
------ FedServer: Federation process at Client-Side ------- 
-----------------------------------------------------------
[92m  Client0 Test => 	Acc: 54.897 	Loss: 1.4499[00m
 Train: Round   4, Avg Accuracy 76.654 | Avg Loss 0.734
[91m Client0 Train => Local Epoch: 0 / 5 	Acc: 35.183 	Loss: 1.9895[00m
[91m Client0 Train => Local Epoch: 1 / 5 	Acc: 38.308 	Loss: 1.8335[00m
[91m Client0 Train => Local Epoch: 2 / 5 	Acc: 38.308 	Loss: 1.8317[00m
[91m Client0 Train => Local Epoch: 3 / 5 	Acc: 38.443 	Loss: 1.8350[00m
[91m Client0 Train => Local Epoch: 4 / 5 	Acc: 38.389 	Loss: 1.8300[00m
[92m  Client0 Test => 	Acc: 13.952 	Loss: 4.1294[00m
[91m Client1 Train => Local Epoch: 0 / 5 	Acc: 62.934 	Loss: 1.1787[00m
[91m Client1 Train => Local Epoch: 1 / 5 	Acc: 75.174 	Loss: 0.7651[00m
[91m Client1 Train => Local Epoch: 2 / 5 	Acc: 82.118 	Loss: 0.5389[00m
[91m Client1 Train => Local Epoch: 3 / 5 	Acc: 76.649 	Loss: 1.1152[00m
[91m Client1 Train => Local Epoch: 4 / 5 	Acc: 45.747 	Loss: 1.8662[00m
[92m  Client1 Test => 	Acc: 21.997 	Loss: 2.5268[00m
[91m Client2 Train => Local Epoch: 0 / 5 	Acc: 71.354 	Loss: 0.9207[00m
[91m Client2 Train => Local Epoch: 1 / 5 	Acc: 79.948 	Loss: 0.6096[00m
[91m Client2 Train => Local Epoch: 2 / 5 	Acc: 80.295 	Loss: 0.6256[00m
[91m Client2 Train => Local Epoch: 3 / 5 	Acc: 82.899 	Loss: 0.5032[00m
[91m Client2 Train => Local Epoch: 4 / 5 	Acc: 87.326 	Loss: 0.3858[00m
[92m  Client2 Test => 	Acc: 63.036 	Loss: 2.1133[00m
[91m Client3 Train => Local Epoch: 0 / 5 	Acc: 75.781 	Loss: 0.8215[00m
[91m Client3 Train => Local Epoch: 1 / 5 	Acc: 85.460 	Loss: 0.4569[00m
[91m Client3 Train => Local Epoch: 2 / 5 	Acc: 86.849 	Loss: 0.4123[00m
[91m Client3 Train => Local Epoch: 3 / 5 	Acc: 85.677 	Loss: 0.4575[00m
[91m Client3 Train => Local Epoch: 4 / 5 	Acc: 90.278 	Loss: 0.3280[00m
[92m  Client3 Test => 	Acc: 67.049 	Loss: 1.4151[00m
[91m Client4 Train => Local Epoch: 0 / 5 	Acc: 68.359 	Loss: 1.0419[00m
[91m Client4 Train => Local Epoch: 1 / 5 	Acc: 79.297 	Loss: 0.6319[00m
[91m Client4 Train => Local Epoch: 2 / 5 	Acc: 76.758 	Loss: 0.7189[00m
[91m Client4 Train => Local Epoch: 3 / 5 	Acc: 81.055 	Loss: 0.5525[00m
[91m Client4 Train => Local Epoch: 4 / 5 	Acc: 84.277 	Loss: 0.5357[00m
[92m  Client4 Test => 	Acc: 42.947 	Loss: 3.3053[00m
[91m Client5 Train => Local Epoch: 0 / 5 	Acc: 70.703 	Loss: 1.0296[00m
[91m Client5 Train => Local Epoch: 1 / 5 	Acc: 75.521 	Loss: 0.7268[00m
[91m Client5 Train => Local Epoch: 2 / 5 	Acc: 82.292 	Loss: 0.5617[00m
[91m Client5 Train => Local Epoch: 3 / 5 	Acc: 82.943 	Loss: 0.4862[00m
[91m Client5 Train => Local Epoch: 4 / 5 	Acc: 84.505 	Loss: 0.4412[00m
[92m  Client5 Test => 	Acc: 64.583 	Loss: 2.0409[00m
[91m Client6 Train => Local Epoch: 0 / 5 	Acc: 72.531 	Loss: 0.8303[00m
[91m Client6 Train => Local Epoch: 1 / 5 	Acc: 84.500 	Loss: 0.5157[00m
[91m Client6 Train => Local Epoch: 2 / 5 	Acc: 87.281 	Loss: 0.4136[00m
[91m Client6 Train => Local Epoch: 3 / 5 	Acc: 90.469 	Loss: 0.3014[00m
[91m Client6 Train => Local Epoch: 4 / 5 	Acc: 91.938 	Loss: 0.2787[00m
[92m  Client6 Test => 	Acc: 73.792 	Loss: 0.8534[00m
[91m Client7 Train => Local Epoch: 0 / 5 	Acc: 58.203 	Loss: 1.2583[00m
[91m Client7 Train => Local Epoch: 1 / 5 	Acc: 74.766 	Loss: 0.8321[00m
[91m Client7 Train => Local Epoch: 2 / 5 	Acc: 71.172 	Loss: 0.9040[00m
[91m Client7 Train => Local Epoch: 3 / 5 	Acc: 63.594 	Loss: 1.1291[00m
[91m Client7 Train => Local Epoch: 4 / 5 	Acc: 73.906 	Loss: 0.8533[00m
[92m  Client7 Test => 	Acc: 56.544 	Loss: 1.7341[00m
[91m Client8 Train => Local Epoch: 0 / 5 	Acc: 64.323 	Loss: 1.1729[00m
[91m Client8 Train => Local Epoch: 1 / 5 	Acc: 82.422 	Loss: 0.6370[00m
[91m Client8 Train => Local Epoch: 2 / 5 	Acc: 85.286 	Loss: 0.4990[00m
[91m Client8 Train => Local Epoch: 3 / 5 	Acc: 87.240 	Loss: 0.4206[00m
[91m Client8 Train => Local Epoch: 4 / 5 	Acc: 87.760 	Loss: 0.3598[00m
[92m  Client8 Test => 	Acc: 50.736 	Loss: 1.9296[00m
[91m Client9 Train => Local Epoch: 0 / 5 	Acc: 72.476 	Loss: 0.9636[00m
[91m Client9 Train => Local Epoch: 1 / 5 	Acc: 82.392 	Loss: 0.6103[00m
[91m Client9 Train => Local Epoch: 2 / 5 	Acc: 82.812 	Loss: 0.5564[00m
[91m Client9 Train => Local Epoch: 3 / 5 	Acc: 85.276 	Loss: 0.4773[00m
[91m Client9 Train => Local Epoch: 4 / 5 	Acc: 87.200 	Loss: 0.4157[00m
[92m  Client9 Test => 	Acc: 64.720 	Loss: 1.2622[00m
------------------------------------------------
------ Federation process at Server-Side ------- 
------------------------------------------------
-----------------------------------------------------------
------ FedServer: Federation process at Client-Side ------- 
-----------------------------------------------------------
[92m  Client0 Test => 	Acc: 67.172 	Loss: 1.0140[00m
 Train: Round   5, Avg Accuracy 77.133 | Avg Loss 0.729
[91m Client0 Train => Local Epoch: 0 / 5 	Acc: 35.695 	Loss: 1.9176[00m
[91m Client0 Train => Local Epoch: 1 / 5 	Acc: 38.120 	Loss: 1.8328[00m
[91m Client0 Train => Local Epoch: 2 / 5 	Acc: 38.389 	Loss: 1.8308[00m
[91m Client0 Train => Local Epoch: 3 / 5 	Acc: 38.362 	Loss: 1.8339[00m
[91m Client0 Train => Local Epoch: 4 / 5 	Acc: 38.362 	Loss: 1.8333[00m
[92m  Client0 Test => 	Acc: 39.925 	Loss: 2.1593[00m
[91m Client1 Train => Local Epoch: 0 / 5 	Acc: 69.531 	Loss: 0.9685[00m
[91m Client1 Train => Local Epoch: 1 / 5 	Acc: 75.434 	Loss: 0.7504[00m
[91m Client1 Train => Local Epoch: 2 / 5 	Acc: 80.382 	Loss: 0.5894[00m
[91m Client1 Train => Local Epoch: 3 / 5 	Acc: 82.639 	Loss: 0.5119[00m
[91m Client1 Train => Local Epoch: 4 / 5 	Acc: 84.722 	Loss: 0.4751[00m
[92m  Client1 Test => 	Acc: 64.498 	Loss: 1.9319[00m
[91m Client2 Train => Local Epoch: 0 / 5 	Acc: 81.163 	Loss: 0.5958[00m
[91m Client2 Train => Local Epoch: 1 / 5 	Acc: 86.285 	Loss: 0.4372[00m
[91m Client2 Train => Local Epoch: 2 / 5 	Acc: 86.632 	Loss: 0.4011[00m
[91m Client2 Train => Local Epoch: 3 / 5 	Acc: 89.757 	Loss: 0.3502[00m
[91m Client2 Train => Local Epoch: 4 / 5 	Acc: 90.885 	Loss: 0.2674[00m
[92m  Client2 Test => 	Acc: 76.265 	Loss: 0.9481[00m
[91m Client3 Train => Local Epoch: 0 / 5 	Acc: 82.552 	Loss: 0.5926[00m
[91m Client3 Train => Local Epoch: 1 / 5 	Acc: 87.847 	Loss: 0.3608[00m
[91m Client3 Train => Local Epoch: 2 / 5 	Acc: 91.580 	Loss: 0.2824[00m
[91m Client3 Train => Local Epoch: 3 / 5 	Acc: 89.931 	Loss: 0.3135[00m
[91m Client3 Train => Local Epoch: 4 / 5 	Acc: 92.665 	Loss: 0.2420[00m
[92m  Client3 Test => 	Acc: 75.061 	Loss: 0.9906[00m
[91m Client4 Train => Local Epoch: 0 / 5 	Acc: 82.031 	Loss: 0.5833[00m
[91m Client4 Train => Local Epoch: 1 / 5 	Acc: 87.402 	Loss: 0.4169[00m
[91m Client4 Train => Local Epoch: 2 / 5 	Acc: 89.648 	Loss: 0.3104[00m
[91m Client4 Train => Local Epoch: 3 / 5 	Acc: 91.992 	Loss: 0.2554[00m
[91m Client4 Train => Local Epoch: 4 / 5 	Acc: 91.992 	Loss: 0.2368[00m
[92m  Client4 Test => 	Acc: 67.087 	Loss: 1.2374[00m
[91m Client5 Train => Local Epoch: 0 / 5 	Acc: 80.990 	Loss: 0.6590[00m
[91m Client5 Train => Local Epoch: 1 / 5 	Acc: 84.896 	Loss: 0.4589[00m
[91m Client5 Train => Local Epoch: 2 / 5 	Acc: 88.151 	Loss: 0.3793[00m
[91m Client5 Train => Local Epoch: 3 / 5 	Acc: 83.854 	Loss: 0.4851[00m
[91m Client5 Train => Local Epoch: 4 / 5 	Acc: 86.328 	Loss: 0.3638[00m
[92m  Client5 Test => 	Acc: 64.982 	Loss: 1.7402[00m
[91m Client6 Train => Local Epoch: 0 / 5 	Acc: 79.062 	Loss: 0.6292[00mC:\Users\pr8pf\AppData\Local\anaconda3\Lib\site-packages\sklearn\cluster\_kmeans.py:1429: UserWarning: KMeans is known to have a memory leak on Windows with MKL, when there are less chunks than available threads. You can avoid it by setting the environment variable OMP_NUM_THREADS=1.
  warnings.warn(
C:\Users\pr8pf\AppData\Local\anaconda3\Lib\site-packages\sklearn\cluster\_kmeans.py:1429: UserWarning: KMeans is known to have a memory leak on Windows with MKL, when there are less chunks than available threads. You can avoid it by setting the environment variable OMP_NUM_THREADS=1.
  warnings.warn(
[codecarbon INFO @ 14:57:47] [setup] RAM Tracking...
[codecarbon INFO @ 14:57:47] [setup] CPU Tracking...
[codecarbon WARNING @ 14:57:47] No CPU tracking mode found. Falling back on CPU constant mode. 
 Windows OS detected: Please install Intel Power Gadget to measure CPU

[codecarbon INFO @ 14:57:48] CPU Model on constant consumption mode: Intel(R) Xeon(R) Gold 6258R CPU @ 2.70GHz
[codecarbon INFO @ 14:57:48] [setup] GPU Tracking...
[codecarbon INFO @ 14:57:48] Tracking Nvidia GPU via pynvml
[codecarbon INFO @ 14:57:48] >>> Tracker's metadata:
[codecarbon INFO @ 14:57:48]   Platform system: Windows-11-10.0.22631-SP0
[codecarbon INFO @ 14:57:48]   Python version: 3.12.7
[codecarbon INFO @ 14:57:48]   CodeCarbon version: 2.8.3
[codecarbon INFO @ 14:57:48]   Available RAM : 126.630 GB
[codecarbon INFO @ 14:57:48]   CPU count: 56
[codecarbon INFO @ 14:57:48]   CPU model: Intel(R) Xeon(R) Gold 6258R CPU @ 2.70GHz
[codecarbon INFO @ 14:57:48]   GPU count: 2
[codecarbon INFO @ 14:57:48]   GPU model: 2 x NVIDIA RTX A5000
[codecarbon INFO @ 14:57:52] Saving emissions data to file C:\Users\pr8pf\Documents\GitHub\SplitFed\emissions.csv
[codecarbon INFO @ 14:57:53] Energy consumed for RAM : 0.000014 kWh. RAM Power : 47.48608875274658 W
[codecarbon INFO @ 14:57:53] Energy consumed for all CPUs : 0.000030 kWh. Total CPU Power : 102.50000000000001 W
[codecarbon INFO @ 14:57:53] Energy consumed for all GPUs : 0.000005 kWh. Total GPU Power : 17.84913928242717 W
[codecarbon INFO @ 14:57:53] 0.000050 kWh of electricity used since the beginning.
[codecarbon INFO @ 14:58:48] [setup] RAM Tracking...
[codecarbon INFO @ 14:58:48] [setup] CPU Tracking...
[codecarbon WARNING @ 14:58:48] No CPU tracking mode found. Falling back on CPU constant mode. 
 Windows OS detected: Please install Intel Power Gadget to measure CPU

[codecarbon INFO @ 14:58:49] CPU Model on constant consumption mode: Intel(R) Xeon(R) Gold 6258R CPU @ 2.70GHz
[codecarbon INFO @ 14:58:49] [setup] GPU Tracking...
[codecarbon INFO @ 14:58:49] Tracking Nvidia GPU via pynvml
[codecarbon INFO @ 14:58:49] >>> Tracker's metadata:
[codecarbon INFO @ 14:58:49]   Platform system: Windows-11-10.0.22631-SP0
[codecarbon INFO @ 14:58:49]   Python version: 3.12.7
[codecarbon INFO @ 14:58:49]   CodeCarbon version: 2.8.3
[codecarbon INFO @ 14:58:49]   Available RAM : 126.630 GB
[codecarbon INFO @ 14:58:49]   CPU count: 56
[codecarbon INFO @ 14:58:49]   CPU model: Intel(R) Xeon(R) Gold 6258R CPU @ 2.70GHz
[codecarbon INFO @ 14:58:49]   GPU count: 2
[codecarbon INFO @ 14:58:49]   GPU model: 2 x NVIDIA RTX A5000
[codecarbon INFO @ 14:58:52] Saving emissions data to file C:\Users\pr8pf\Documents\GitHub\SplitFed\emissions.csv
[codecarbon INFO @ 14:58:53] Energy consumed for RAM : 0.000008 kWh. RAM Power : 47.48608875274658 W
[codecarbon INFO @ 14:58:53] Energy consumed for all CPUs : 0.000017 kWh. Total CPU Power : 102.50000000000001 W
[codecarbon INFO @ 14:58:53] Energy consumed for all GPUs : 0.000005 kWh. Total GPU Power : 26.8986618827306 W
[codecarbon INFO @ 14:58:53] 0.000030 kWh of electricity used since the beginning.
C:\Users\pr8pf\AppData\Local\anaconda3\Lib\site-packages\sklearn\cluster\_kmeans.py:1429: UserWarning: KMeans is known to have a memory leak on Windows with MKL, when there are less chunks than available threads. You can avoid it by setting the environment variable OMP_NUM_THREADS=1.
  warnings.warn(
C:\Users\pr8pf\AppData\Local\anaconda3\Lib\site-packages\sklearn\cluster\_kmeans.py:1429: UserWarning: KMeans is known to have a memory leak on Windows with MKL, when there are less chunks than available threads. You can avoid it by setting the environment variable OMP_NUM_THREADS=1.
  warnings.warn(
[codecarbon INFO @ 15:24:30] [setup] RAM Tracking...
[codecarbon INFO @ 15:24:30] [setup] CPU Tracking...
[codecarbon WARNING @ 15:24:30] No CPU tracking mode found. Falling back on CPU constant mode. 
 Windows OS detected: Please install Intel Power Gadget to measure CPU

[codecarbon INFO @ 15:24:32] CPU Model on constant consumption mode: Intel(R) Xeon(R) Gold 6258R CPU @ 2.70GHz
[codecarbon INFO @ 15:24:32] [setup] GPU Tracking...
[codecarbon INFO @ 15:24:32] Tracking Nvidia GPU via pynvml
[codecarbon INFO @ 15:24:32] >>> Tracker's metadata:
[codecarbon INFO @ 15:24:32]   Platform system: Windows-11-10.0.22631-SP0
[codecarbon INFO @ 15:24:32]   Python version: 3.12.7
[codecarbon INFO @ 15:24:32]   CodeCarbon version: 2.8.3
[codecarbon INFO @ 15:24:32]   Available RAM : 126.630 GB
[codecarbon INFO @ 15:24:32]   CPU count: 56
[codecarbon INFO @ 15:24:32]   CPU model: Intel(R) Xeon(R) Gold 6258R CPU @ 2.70GHz
[codecarbon INFO @ 15:24:32]   GPU count: 2
[codecarbon INFO @ 15:24:32]   GPU model: 2 x NVIDIA RTX A5000
[codecarbon INFO @ 15:24:35] Saving emissions data to file C:\Users\pr8pf\Documents\GitHub\SplitFed\emissions.csv
[codecarbon INFO @ 15:24:36] Energy consumed for RAM : 0.000009 kWh. RAM Power : 47.48608875274658 W
[codecarbon INFO @ 15:24:36] Energy consumed for all CPUs : 0.000020 kWh. Total CPU Power : 102.50000000000001 W
[codecarbon INFO @ 15:24:36] Energy consumed for all GPUs : 0.000003 kWh. Total GPU Power : 16.75974297197285 W
[codecarbon INFO @ 15:24:36] 0.000033 kWh of electricity used since the beginning.
[codecarbon INFO @ 15:25:31] [setup] RAM Tracking...
[codecarbon INFO @ 15:25:31] [setup] CPU Tracking...
[codecarbon WARNING @ 15:25:31] No CPU tracking mode found. Falling back on CPU constant mode. 
 Windows OS detected: Please install Intel Power Gadget to measure CPU

[codecarbon INFO @ 15:25:33] CPU Model on constant consumption mode: Intel(R) Xeon(R) Gold 6258R CPU @ 2.70GHz
[codecarbon INFO @ 15:25:33] [setup] GPU Tracking...
[codecarbon INFO @ 15:25:33] Tracking Nvidia GPU via pynvml
[codecarbon INFO @ 15:25:33] >>> Tracker's metadata:
[codecarbon INFO @ 15:25:33]   Platform system: Windows-11-10.0.22631-SP0
[codecarbon INFO @ 15:25:33]   Python version: 3.12.7
[codecarbon INFO @ 15:25:33]   CodeCarbon version: 2.8.3
[codecarbon INFO @ 15:25:33]   Available RAM : 126.630 GB
[codecarbon INFO @ 15:25:33]   CPU count: 56
[codecarbon INFO @ 15:25:33]   CPU model: Intel(R) Xeon(R) Gold 6258R CPU @ 2.70GHz
[codecarbon INFO @ 15:25:33]   GPU count: 2
[codecarbon INFO @ 15:25:33]   GPU model: 2 x NVIDIA RTX A5000
[codecarbon INFO @ 15:25:36] Saving emissions data to file C:\Users\pr8pf\Documents\GitHub\SplitFed\emissions.csv
[codecarbon INFO @ 15:25:37] Energy consumed for RAM : 0.000009 kWh. RAM Power : 47.48608875274658 W
[codecarbon INFO @ 15:25:37] Energy consumed for all CPUs : 0.000018 kWh. Total CPU Power : 102.50000000000001 W
[codecarbon INFO @ 15:25:37] Energy consumed for all GPUs : 0.000003 kWh. Total GPU Power : 18.132867096914197 W
[codecarbon INFO @ 15:25:37] 0.000030 kWh of electricity used since the beginning.

[91m Client6 Train => Local Epoch: 1 / 5 	Acc: 85.781 	Loss: 0.4442[00m
[91m Client6 Train => Local Epoch: 2 / 5 	Acc: 88.938 	Loss: 0.3608[00m
[91m Client6 Train => Local Epoch: 3 / 5 	Acc: 91.844 	Loss: 0.2739[00m
[91m Client6 Train => Local Epoch: 4 / 5 	Acc: 93.281 	Loss: 0.2093[00m
[92m  Client6 Test => 	Acc: 74.923 	Loss: 0.8303[00m
[91m Client7 Train => Local Epoch: 0 / 5 	Acc: 68.359 	Loss: 0.9586[00m
[91m Client7 Train => Local Epoch: 1 / 5 	Acc: 79.844 	Loss: 0.6309[00m
[91m Client7 Train => Local Epoch: 2 / 5 	Acc: 80.859 	Loss: 0.6043[00m
[91m Client7 Train => Local Epoch: 3 / 5 	Acc: 84.062 	Loss: 0.4952[00m
[91m Client7 Train => Local Epoch: 4 / 5 	Acc: 87.891 	Loss: 0.3794[00m
[92m  Client7 Test => 	Acc: 75.912 	Loss: 0.9705[00m
[91m Client8 Train => Local Epoch: 0 / 5 	Acc: 73.438 	Loss: 0.8022[00m
[91m Client8 Train => Local Epoch: 1 / 5 	Acc: 85.938 	Loss: 0.4665[00m
[91m Client8 Train => Local Epoch: 2 / 5 	Acc: 89.453 	Loss: 0.3631[00m
[91m Client8 Train => Local Epoch: 3 / 5 	Acc: 91.016 	Loss: 0.2974[00m
[91m Client8 Train => Local Epoch: 4 / 5 	Acc: 92.448 	Loss: 0.2441[00m
[92m  Client8 Test => 	Acc: 57.571 	Loss: 1.9385[00m
[91m Client9 Train => Local Epoch: 0 / 5 	Acc: 80.649 	Loss: 0.6278[00m
[91m Client9 Train => Local Epoch: 1 / 5 	Acc: 84.615 	Loss: 0.5161[00m
[91m Client9 Train => Local Epoch: 2 / 5 	Acc: 87.560 	Loss: 0.4143[00m
[91m Client9 Train => Local Epoch: 3 / 5 	Acc: 90.325 	Loss: 0.2960[00m
[91m Client9 Train => Local Epoch: 4 / 5 	Acc: 90.565 	Loss: 0.2936[00m
[92m  Client9 Test => 	Acc: 72.697 	Loss: 0.9401[00m
------------------------------------------------
------ Federation process at Server-Side ------- 
------------------------------------------------
-----------------------------------------------------------
------ FedServer: Federation process at Client-Side ------- 
-----------------------------------------------------------
[92m  Client0 Test => 	Acc: 73.557 	Loss: 0.7512[00m
 Train: Round   6, Avg Accuracy 84.914 | Avg Loss 0.454
[91m Client0 Train => Local Epoch: 0 / 5 	Acc: 35.399 	Loss: 2.1981[00m
[91m Client0 Train => Local Epoch: 1 / 5 	Acc: 36.342 	Loss: 1.8463[00m
[91m Client0 Train => Local Epoch: 2 / 5 	Acc: 38.254 	Loss: 1.8292[00m
[91m Client0 Train => Local Epoch: 3 / 5 	Acc: 38.200 	Loss: 1.8347[00m
[91m Client0 Train => Local Epoch: 4 / 5 	Acc: 38.254 	Loss: 1.8324[00m
[92m  Client0 Test => 	Acc: 17.451 	Loss: 3.8894[00m
[91m Client1 Train => Local Epoch: 0 / 5 	Acc: 80.642 	Loss: 0.6022[00m
[91m Client1 Train => Local Epoch: 1 / 5 	Acc: 87.326 	Loss: 0.3816[00m
[91m Client1 Train => Local Epoch: 2 / 5 	Acc: 89.757 	Loss: 0.2911[00m
[91m Client1 Train => Local Epoch: 3 / 5 	Acc: 92.795 	Loss: 0.1993[00m
[91m Client1 Train => Local Epoch: 4 / 5 	Acc: 93.924 	Loss: 0.1799[00m
[92m  Client1 Test => 	Acc: 74.349 	Loss: 1.3516[00m
[91m Client2 Train => Local Epoch: 0 / 5 	Acc: 87.326 	Loss: 0.3891[00m
[91m Client2 Train => Local Epoch: 1 / 5 	Acc: 89.931 	Loss: 0.2948[00m
[91m Client2 Train => Local Epoch: 2 / 5 	Acc: 92.274 	Loss: 0.2200[00m
[91m Client2 Train => Local Epoch: 3 / 5 	Acc: 92.535 	Loss: 0.2262[00m
[91m Client2 Train => Local Epoch: 4 / 5 	Acc: 90.451 	Loss: 0.2683[00m
[92m  Client2 Test => 	Acc: 79.236 	Loss: 0.8711[00m
[91m Client3 Train => Local Epoch: 0 / 5 	Acc: 85.938 	Loss: 0.4427[00m
[91m Client3 Train => Local Epoch: 1 / 5 	Acc: 89.931 	Loss: 0.3263[00m
[91m Client3 Train => Local Epoch: 2 / 5 	Acc: 91.450 	Loss: 0.2715[00m
[91m Client3 Train => Local Epoch: 3 / 5 	Acc: 93.403 	Loss: 0.1982[00m
[91m Client3 Train => Local Epoch: 4 / 5 	Acc: 94.444 	Loss: 0.1673[00m
[92m  Client3 Test => 	Acc: 81.272 	Loss: 0.8685[00m
[91m Client4 Train => Local Epoch: 0 / 5 	Acc: 91.309 	Loss: 0.3262[00m
[91m Client4 Train => Local Epoch: 1 / 5 	Acc: 93.555 	Loss: 0.2327[00m
[91m Client4 Train => Local Epoch: 2 / 5 	Acc: 93.555 	Loss: 0.2020[00m
[91m Client4 Train => Local Epoch: 3 / 5 	Acc: 94.727 	Loss: 0.1712[00m
[91m Client4 Train => Local Epoch: 4 / 5 	Acc: 94.043 	Loss: 0.1765[00m
[92m  Client4 Test => 	Acc: 73.418 	Loss: 1.1473[00m
[91m Client5 Train => Local Epoch: 0 / 5 	Acc: 88.281 	Loss: 0.3917[00m
[91m Client5 Train => Local Epoch: 1 / 5 	Acc: 90.755 	Loss: 0.2791[00m
[91m Client5 Train => Local Epoch: 2 / 5 	Acc: 92.448 	Loss: 0.2066[00m
[91m Client5 Train => Local Epoch: 3 / 5 	Acc: 91.536 	Loss: 0.2349[00m
[91m Client5 Train => Local Epoch: 4 / 5 	Acc: 90.625 	Loss: 0.3118[00m
[92m  Client5 Test => 	Acc: 71.643 	Loss: 1.3866[00m
[91m Client6 Train => Local Epoch: 0 / 5 	Acc: 87.875 	Loss: 0.3906[00m
[91m Client6 Train => Local Epoch: 1 / 5 	Acc: 91.375 	Loss: 0.2709[00m
[91m Client6 Train => Local Epoch: 2 / 5 	Acc: 92.031 	Loss: 0.2586[00m
[91m Client6 Train => Local Epoch: 3 / 5 	Acc: 92.594 	Loss: 0.2408[00m
[91m Client6 Train => Local Epoch: 4 / 5 	Acc: 92.406 	Loss: 0.2431[00m
[92m  Client6 Test => 	Acc: 78.011 	Loss: 0.6969[00m
[91m Client7 Train => Local Epoch: 0 / 5 	Acc: 79.141 	Loss: 0.6323[00m
[91m Client7 Train => Local Epoch: 1 / 5 	Acc: 88.203 	Loss: 0.3546[00m
[91m Client7 Train => Local Epoch: 2 / 5 	Acc: 90.000 	Loss: 0.2948[00m
[91m Client7 Train => Local Epoch: 3 / 5 	Acc: 90.156 	Loss: 0.3443[00m
[91m Client7 Train => Local Epoch: 4 / 5 	Acc: 81.406 	Loss: 0.6159[00m
[92m  Client7 Test => 	Acc: 71.389 	Loss: 1.1026[00m
[91m Client8 Train => Local Epoch: 0 / 5 	Acc: 85.677 	Loss: 0.4751[00m
[91m Client8 Train => Local Epoch: 1 / 5 	Acc: 90.104 	Loss: 0.2941[00m
[91m Client8 Train => Local Epoch: 2 / 5 	Acc: 92.708 	Loss: 0.2440[00m
[91m Client8 Train => Local Epoch: 3 / 5 	Acc: 94.271 	Loss: 0.1684[00m
[91m Client8 Train => Local Epoch: 4 / 5 	Acc: 93.880 	Loss: 0.1996[00m
[92m  Client8 Test => 	Acc: 72.848 	Loss: 1.1236[00m
[91m Client9 Train => Local Epoch: 0 / 5 	Acc: 87.500 	Loss: 0.4177[00m
[91m Client9 Train => Local Epoch: 1 / 5 	Acc: 89.002 	Loss: 0.3652[00m
[91m Client9 Train => Local Epoch: 2 / 5 	Acc: 83.654 	Loss: 0.5108[00m
[91m Client9 Train => Local Epoch: 3 / 5 	Acc: 90.685 	Loss: 0.3275[00m
[91m Client9 Train => Local Epoch: 4 / 5 	Acc: 93.269 	Loss: 0.2220[00m
[92m  Client9 Test => 	Acc: 72.678 	Loss: 0.9792[00m
------------------------------------------------
------ Federation process at Server-Side ------- 
------------------------------------------------
-----------------------------------------------------------
------ FedServer: Federation process at Client-Side ------- 
-----------------------------------------------------------
[92m  Client0 Test => 	Acc: 84.425 	Loss: 0.5102[00m
 Train: Round   7, Avg Accuracy 86.270 | Avg Loss 0.422
[91m Client0 Train => Local Epoch: 0 / 5 	Acc: 36.746 	Loss: 1.8832[00m
[91m Client0 Train => Local Epoch: 1 / 5 	Acc: 37.769 	Loss: 1.8360[00m
[91m Client0 Train => Local Epoch: 2 / 5 	Acc: 37.796 	Loss: 1.8352[00m
[91m Client0 Train => Local Epoch: 3 / 5 	Acc: 38.362 	Loss: 1.8323[00m
[91m Client0 Train => Local Epoch: 4 / 5 	Acc: 38.389 	Loss: 1.8338[00m
[92m  Client0 Test => 	Acc: 43.219 	Loss: 2.4650[00m
[91m Client1 Train => Local Epoch: 0 / 5 	Acc: 89.757 	Loss: 0.3349[00m
[91m Client1 Train => Local Epoch: 1 / 5 	Acc: 93.750 	Loss: 0.1635[00m
[91m Client1 Train => Local Epoch: 2 / 5 	Acc: 93.576 	Loss: 0.2030[00m
[91m Client1 Train => Local Epoch: 3 / 5 	Acc: 94.010 	Loss: 0.1840[00m
[91m Client1 Train => Local Epoch: 4 / 5 	Acc: 93.229 	Loss: 0.2058[00m
[92m  Client1 Test => 	Acc: 74.823 	Loss: 1.1816[00m
[91m Client2 Train => Local Epoch: 0 / 5 	Acc: 88.542 	Loss: 0.3819[00m
[91m Client2 Train => Local Epoch: 1 / 5 	Acc: 91.667 	Loss: 0.2650[00m
[91m Client2 Train => Local Epoch: 2 / 5 	Acc: 92.708 	Loss: 0.2164[00m
[91m Client2 Train => Local Epoch: 3 / 5 	Acc: 94.358 	Loss: 0.1879[00m
[91m Client2 Train => Local Epoch: 4 / 5 	Acc: 94.705 	Loss: 0.1690[00m
[92m  Client2 Test => 	Acc: 81.423 	Loss: 0.8142[00m
[91m Client3 Train => Local Epoch: 0 / 5 	Acc: 92.578 	Loss: 0.2575[00mC:\Users\pr8pf\AppData\Local\anaconda3\Lib\site-packages\sklearn\cluster\_kmeans.py:1429: UserWarning: KMeans is known to have a memory leak on Windows with MKL, when there are less chunks than available threads. You can avoid it by setting the environment variable OMP_NUM_THREADS=1.
  warnings.warn(
C:\Users\pr8pf\AppData\Local\anaconda3\Lib\site-packages\sklearn\cluster\_kmeans.py:1429: UserWarning: KMeans is known to have a memory leak on Windows with MKL, when there are less chunks than available threads. You can avoid it by setting the environment variable OMP_NUM_THREADS=1.
  warnings.warn(
[codecarbon INFO @ 15:51:14] [setup] RAM Tracking...
[codecarbon INFO @ 15:51:14] [setup] CPU Tracking...
[codecarbon WARNING @ 15:51:14] No CPU tracking mode found. Falling back on CPU constant mode. 
 Windows OS detected: Please install Intel Power Gadget to measure CPU

[codecarbon INFO @ 15:51:16] CPU Model on constant consumption mode: Intel(R) Xeon(R) Gold 6258R CPU @ 2.70GHz
[codecarbon INFO @ 15:51:16] [setup] GPU Tracking...
[codecarbon INFO @ 15:51:16] Tracking Nvidia GPU via pynvml
[codecarbon INFO @ 15:51:16] >>> Tracker's metadata:
[codecarbon INFO @ 15:51:16]   Platform system: Windows-11-10.0.22631-SP0
[codecarbon INFO @ 15:51:16]   Python version: 3.12.7
[codecarbon INFO @ 15:51:16]   CodeCarbon version: 2.8.3
[codecarbon INFO @ 15:51:16]   Available RAM : 126.630 GB
[codecarbon INFO @ 15:51:16]   CPU count: 56
[codecarbon INFO @ 15:51:16]   CPU model: Intel(R) Xeon(R) Gold 6258R CPU @ 2.70GHz
[codecarbon INFO @ 15:51:16]   GPU count: 2
[codecarbon INFO @ 15:51:16]   GPU model: 2 x NVIDIA RTX A5000
[codecarbon INFO @ 15:51:19] Saving emissions data to file C:\Users\pr8pf\Documents\GitHub\SplitFed\emissions.csv
[codecarbon INFO @ 15:51:20] Energy consumed for RAM : 0.000012 kWh. RAM Power : 47.48608875274658 W
[codecarbon INFO @ 15:51:20] Energy consumed for all CPUs : 0.000027 kWh. Total CPU Power : 102.50000000000001 W
[codecarbon INFO @ 15:51:20] Energy consumed for all GPUs : 0.000004 kWh. Total GPU Power : 16.67029777962263 W
[codecarbon INFO @ 15:51:20] 0.000043 kWh of electricity used since the beginning.
[codecarbon INFO @ 15:52:15] [setup] RAM Tracking...
[codecarbon INFO @ 15:52:15] [setup] CPU Tracking...
[codecarbon WARNING @ 15:52:15] No CPU tracking mode found. Falling back on CPU constant mode. 
 Windows OS detected: Please install Intel Power Gadget to measure CPU

[codecarbon INFO @ 15:52:17] CPU Model on constant consumption mode: Intel(R) Xeon(R) Gold 6258R CPU @ 2.70GHz
[codecarbon INFO @ 15:52:17] [setup] GPU Tracking...
[codecarbon INFO @ 15:52:17] Tracking Nvidia GPU via pynvml
[codecarbon INFO @ 15:52:17] >>> Tracker's metadata:
[codecarbon INFO @ 15:52:17]   Platform system: Windows-11-10.0.22631-SP0
[codecarbon INFO @ 15:52:17]   Python version: 3.12.7
[codecarbon INFO @ 15:52:17]   CodeCarbon version: 2.8.3
[codecarbon INFO @ 15:52:17]   Available RAM : 126.630 GB
[codecarbon INFO @ 15:52:17]   CPU count: 56
[codecarbon INFO @ 15:52:17]   CPU model: Intel(R) Xeon(R) Gold 6258R CPU @ 2.70GHz
[codecarbon INFO @ 15:52:17]   GPU count: 2
[codecarbon INFO @ 15:52:17]   GPU model: 2 x NVIDIA RTX A5000
[codecarbon INFO @ 15:52:20] Saving emissions data to file C:\Users\pr8pf\Documents\GitHub\SplitFed\emissions.csv
[codecarbon INFO @ 15:52:21] Energy consumed for RAM : 0.000008 kWh. RAM Power : 47.48608875274658 W
[codecarbon INFO @ 15:52:21] Energy consumed for all CPUs : 0.000016 kWh. Total CPU Power : 102.50000000000001 W
[codecarbon INFO @ 15:52:21] Energy consumed for all GPUs : 0.000003 kWh. Total GPU Power : 19.34567898279616 W
[codecarbon INFO @ 15:52:21] 0.000027 kWh of electricity used since the beginning.
C:\Users\pr8pf\AppData\Local\anaconda3\Lib\site-packages\sklearn\cluster\_kmeans.py:1429: UserWarning: KMeans is known to have a memory leak on Windows with MKL, when there are less chunks than available threads. You can avoid it by setting the environment variable OMP_NUM_THREADS=1.
  warnings.warn(
C:\Users\pr8pf\AppData\Local\anaconda3\Lib\site-packages\sklearn\cluster\_kmeans.py:1429: UserWarning: KMeans is known to have a memory leak on Windows with MKL, when there are less chunks than available threads. You can avoid it by setting the environment variable OMP_NUM_THREADS=1.
  warnings.warn(
[codecarbon INFO @ 16:18:02] [setup] RAM Tracking...
[codecarbon INFO @ 16:18:02] [setup] CPU Tracking...
[codecarbon WARNING @ 16:18:02] No CPU tracking mode found. Falling back on CPU constant mode. 
 Windows OS detected: Please install Intel Power Gadget to measure CPU

[codecarbon INFO @ 16:18:03] CPU Model on constant consumption mode: Intel(R) Xeon(R) Gold 6258R CPU @ 2.70GHz
[codecarbon INFO @ 16:18:03] [setup] GPU Tracking...
[codecarbon INFO @ 16:18:03] Tracking Nvidia GPU via pynvml
[codecarbon INFO @ 16:18:03] >>> Tracker's metadata:
[codecarbon INFO @ 16:18:03]   Platform system: Windows-11-10.0.22631-SP0
[codecarbon INFO @ 16:18:03]   Python version: 3.12.7
[codecarbon INFO @ 16:18:03]   CodeCarbon version: 2.8.3
[codecarbon INFO @ 16:18:03]   Available RAM : 126.630 GB
[codecarbon INFO @ 16:18:03]   CPU count: 56
[codecarbon INFO @ 16:18:03]   CPU model: Intel(R) Xeon(R) Gold 6258R CPU @ 2.70GHz
[codecarbon INFO @ 16:18:03]   GPU count: 2
[codecarbon INFO @ 16:18:03]   GPU model: 2 x NVIDIA RTX A5000
[codecarbon INFO @ 16:18:07] Saving emissions data to file C:\Users\pr8pf\Documents\GitHub\SplitFed\emissions.csv
[codecarbon INFO @ 16:18:07] Energy consumed for RAM : 0.000008 kWh. RAM Power : 47.48608875274658 W
[codecarbon INFO @ 16:18:07] Energy consumed for all CPUs : 0.000018 kWh. Total CPU Power : 102.50000000000001 W
[codecarbon INFO @ 16:18:07] Energy consumed for all GPUs : 0.000003 kWh. Total GPU Power : 15.49331901720085 W
[codecarbon INFO @ 16:18:07] 0.000029 kWh of electricity used since the beginning.

[91m Client3 Train => Local Epoch: 1 / 5 	Acc: 92.274 	Loss: 0.2595[00m
[91m Client3 Train => Local Epoch: 2 / 5 	Acc: 92.969 	Loss: 0.2265[00m
[91m Client3 Train => Local Epoch: 3 / 5 	Acc: 93.750 	Loss: 0.2121[00m
[91m Client3 Train => Local Epoch: 4 / 5 	Acc: 94.141 	Loss: 0.1723[00m
[92m  Client3 Test => 	Acc: 77.780 	Loss: 0.8599[00m
[91m Client4 Train => Local Epoch: 0 / 5 	Acc: 93.555 	Loss: 0.2443[00m
[91m Client4 Train => Local Epoch: 1 / 5 	Acc: 94.043 	Loss: 0.1762[00m
[91m Client4 Train => Local Epoch: 2 / 5 	Acc: 93.750 	Loss: 0.1964[00m
[91m Client4 Train => Local Epoch: 3 / 5 	Acc: 95.410 	Loss: 0.1528[00m
[91m Client4 Train => Local Epoch: 4 / 5 	Acc: 95.801 	Loss: 0.1326[00m
[92m  Client4 Test => 	Acc: 72.409 	Loss: 1.0498[00m
[91m Client5 Train => Local Epoch: 0 / 5 	Acc: 89.323 	Loss: 0.3366[00m
[91m Client5 Train => Local Epoch: 1 / 5 	Acc: 91.536 	Loss: 0.2752[00m
[91m Client5 Train => Local Epoch: 2 / 5 	Acc: 91.536 	Loss: 0.2468[00m
[91m Client5 Train => Local Epoch: 3 / 5 	Acc: 94.141 	Loss: 0.1572[00m
[91m Client5 Train => Local Epoch: 4 / 5 	Acc: 94.401 	Loss: 0.1704[00m
[92m  Client5 Test => 	Acc: 73.326 	Loss: 1.6224[00m
[91m Client6 Train => Local Epoch: 0 / 5 	Acc: 91.000 	Loss: 0.2954[00m
[91m Client6 Train => Local Epoch: 1 / 5 	Acc: 91.906 	Loss: 0.2783[00m
[91m Client6 Train => Local Epoch: 2 / 5 	Acc: 93.219 	Loss: 0.1946[00m
[91m Client6 Train => Local Epoch: 3 / 5 	Acc: 93.656 	Loss: 0.1997[00m
[91m Client6 Train => Local Epoch: 4 / 5 	Acc: 94.438 	Loss: 0.1805[00m
[92m  Client6 Test => 	Acc: 84.030 	Loss: 0.5036[00m
[91m Client7 Train => Local Epoch: 0 / 5 	Acc: 86.797 	Loss: 0.4433[00m
[91m Client7 Train => Local Epoch: 1 / 5 	Acc: 88.516 	Loss: 0.3908[00m
[91m Client7 Train => Local Epoch: 2 / 5 	Acc: 88.828 	Loss: 0.3480[00m
[91m Client7 Train => Local Epoch: 3 / 5 	Acc: 92.344 	Loss: 0.2380[00m
[91m Client7 Train => Local Epoch: 4 / 5 	Acc: 92.422 	Loss: 0.2604[00m
[92m  Client7 Test => 	Acc: 79.067 	Loss: 0.8440[00m
[91m Client8 Train => Local Epoch: 0 / 5 	Acc: 91.536 	Loss: 0.3080[00m
[91m Client8 Train => Local Epoch: 1 / 5 	Acc: 93.620 	Loss: 0.2072[00m
[91m Client8 Train => Local Epoch: 2 / 5 	Acc: 93.359 	Loss: 0.2178[00m
[91m Client8 Train => Local Epoch: 3 / 5 	Acc: 94.271 	Loss: 0.1819[00m
[91m Client8 Train => Local Epoch: 4 / 5 	Acc: 96.745 	Loss: 0.1147[00m
[92m  Client8 Test => 	Acc: 77.577 	Loss: 0.8651[00m
[91m Client9 Train => Local Epoch: 0 / 5 	Acc: 92.007 	Loss: 0.2722[00m
[91m Client9 Train => Local Epoch: 1 / 5 	Acc: 93.149 	Loss: 0.2222[00m
[91m Client9 Train => Local Epoch: 2 / 5 	Acc: 94.111 	Loss: 0.1766[00m
[91m Client9 Train => Local Epoch: 3 / 5 	Acc: 95.192 	Loss: 0.1688[00m
[91m Client9 Train => Local Epoch: 4 / 5 	Acc: 93.029 	Loss: 0.2404[00m
[92m  Client9 Test => 	Acc: 75.809 	Loss: 0.7732[00m
------------------------------------------------
------ Federation process at Server-Side ------- 
------------------------------------------------
-----------------------------------------------------------
------ FedServer: Federation process at Client-Side ------- 
-----------------------------------------------------------
[92m  Client0 Test => 	Acc: 89.846 	Loss: 0.3138[00m
 Train: Round   8, Avg Accuracy 88.730 | Avg Loss 0.348
[91m Client0 Train => Local Epoch: 0 / 5 	Acc: 27.667 	Loss: 8.7288[00m
[91m Client0 Train => Local Epoch: 1 / 5 	Acc: 24.461 	Loss: 29.0707[00m
[91m Client0 Train => Local Epoch: 2 / 5 	Acc: 31.034 	Loss: 2.8157[00m
[91m Client0 Train => Local Epoch: 3 / 5 	Acc: 38.066 	Loss: 1.8440[00m
[91m Client0 Train => Local Epoch: 4 / 5 	Acc: 38.093 	Loss: 1.8347[00m
[92m  Client0 Test => 	Acc: 12.335 	Loss: 3.3745[00m
[91m Client1 Train => Local Epoch: 0 / 5 	Acc: 91.233 	Loss: 0.2868[00m
[91m Client1 Train => Local Epoch: 1 / 5 	Acc: 93.403 	Loss: 0.2048[00m
[91m Client1 Train => Local Epoch: 2 / 5 	Acc: 95.139 	Loss: 0.1512[00m
[91m Client1 Train => Local Epoch: 3 / 5 	Acc: 95.833 	Loss: 0.1197[00m
[91m Client1 Train => Local Epoch: 4 / 5 	Acc: 96.267 	Loss: 0.1067[00m
[92m  Client1 Test => 	Acc: 78.083 	Loss: 0.9731[00m
[91m Client2 Train => Local Epoch: 0 / 5 	Acc: 93.403 	Loss: 0.2059[00m
[91m Client2 Train => Local Epoch: 1 / 5 	Acc: 93.663 	Loss: 0.1716[00m
[91m Client2 Train => Local Epoch: 2 / 5 	Acc: 94.965 	Loss: 0.1560[00m
[91m Client2 Train => Local Epoch: 3 / 5 	Acc: 96.094 	Loss: 0.1202[00m
[91m Client2 Train => Local Epoch: 4 / 5 	Acc: 94.618 	Loss: 0.1840[00m
[92m  Client2 Test => 	Acc: 80.376 	Loss: 0.7571[00m
[91m Client3 Train => Local Epoch: 0 / 5 	Acc: 94.705 	Loss: 0.1640[00m
[91m Client3 Train => Local Epoch: 1 / 5 	Acc: 90.582 	Loss: 0.2851[00m
[91m Client3 Train => Local Epoch: 2 / 5 	Acc: 95.052 	Loss: 0.1662[00m
[91m Client3 Train => Local Epoch: 3 / 5 	Acc: 95.226 	Loss: 0.1483[00m
[91m Client3 Train => Local Epoch: 4 / 5 	Acc: 95.226 	Loss: 0.1401[00m
[92m  Client3 Test => 	Acc: 82.649 	Loss: 0.6819[00m
[91m Client4 Train => Local Epoch: 0 / 5 	Acc: 94.629 	Loss: 0.1621[00m
[91m Client4 Train => Local Epoch: 1 / 5 	Acc: 95.410 	Loss: 0.1462[00m
[91m Client4 Train => Local Epoch: 2 / 5 	Acc: 95.215 	Loss: 0.1379[00m
[91m Client4 Train => Local Epoch: 3 / 5 	Acc: 96.484 	Loss: 0.1204[00m
[91m Client4 Train => Local Epoch: 4 / 5 	Acc: 97.168 	Loss: 0.0945[00m
[92m  Client4 Test => 	Acc: 80.612 	Loss: 0.7475[00m
[91m Client5 Train => Local Epoch: 0 / 5 	Acc: 92.188 	Loss: 0.2193[00m
[91m Client5 Train => Local Epoch: 1 / 5 	Acc: 95.833 	Loss: 0.1451[00m
[91m Client5 Train => Local Epoch: 2 / 5 	Acc: 93.620 	Loss: 0.1781[00m
[91m Client5 Train => Local Epoch: 3 / 5 	Acc: 95.703 	Loss: 0.1269[00m
[91m Client5 Train => Local Epoch: 4 / 5 	Acc: 94.531 	Loss: 0.1446[00m
[92m  Client5 Test => 	Acc: 78.044 	Loss: 1.0516[00m
[91m Client6 Train => Local Epoch: 0 / 5 	Acc: 93.750 	Loss: 0.2036[00m
[91m Client6 Train => Local Epoch: 1 / 5 	Acc: 94.656 	Loss: 0.1774[00m
[91m Client6 Train => Local Epoch: 2 / 5 	Acc: 94.781 	Loss: 0.1643[00m
[91m Client6 Train => Local Epoch: 3 / 5 	Acc: 94.656 	Loss: 0.1798[00m
[91m Client6 Train => Local Epoch: 4 / 5 	Acc: 95.375 	Loss: 0.1460[00m
[92m  Client6 Test => 	Acc: 87.968 	Loss: 0.3873[00m
[91m Client7 Train => Local Epoch: 0 / 5 	Acc: 92.109 	Loss: 0.2542[00m
[91m Client7 Train => Local Epoch: 1 / 5 	Acc: 93.359 	Loss: 0.2005[00m
[91m Client7 Train => Local Epoch: 2 / 5 	Acc: 94.766 	Loss: 0.1633[00m
[91m Client7 Train => Local Epoch: 3 / 5 	Acc: 93.047 	Loss: 0.2045[00m
[91m Client7 Train => Local Epoch: 4 / 5 	Acc: 94.062 	Loss: 0.1906[00m
[92m  Client7 Test => 	Acc: 84.348 	Loss: 0.5770[00m
[91m Client8 Train => Local Epoch: 0 / 5 	Acc: 90.755 	Loss: 0.2881[00m
[91m Client8 Train => Local Epoch: 1 / 5 	Acc: 94.661 	Loss: 0.1805[00m
[91m Client8 Train => Local Epoch: 2 / 5 	Acc: 95.703 	Loss: 0.1459[00m
[91m Client8 Train => Local Epoch: 3 / 5 	Acc: 96.094 	Loss: 0.1018[00m
[91m Client8 Train => Local Epoch: 4 / 5 	Acc: 96.745 	Loss: 0.0967[00m
[92m  Client8 Test => 	Acc: 78.182 	Loss: 0.8044[00m
[91m Client9 Train => Local Epoch: 0 / 5 	Acc: 95.252 	Loss: 0.1573[00m
[91m Client9 Train => Local Epoch: 1 / 5 	Acc: 92.368 	Loss: 0.2306[00m
[91m Client9 Train => Local Epoch: 2 / 5 	Acc: 93.930 	Loss: 0.2004[00m
[91m Client9 Train => Local Epoch: 3 / 5 	Acc: 94.892 	Loss: 0.1694[00m
[91m Client9 Train => Local Epoch: 4 / 5 	Acc: 95.072 	Loss: 0.1522[00m
[92m  Client9 Test => 	Acc: 77.989 	Loss: 0.7879[00m
------------------------------------------------
------ Federation process at Server-Side ------- 
------------------------------------------------
-----------------------------------------------------------
------ FedServer: Federation process at Client-Side ------- 
-----------------------------------------------------------
[92m  Client0 Test => 	Acc: 79.133 	Loss: 0.6397[00m
 Train: Round   9, Avg Accuracy 89.716 | Avg Loss 0.309
Training and Evaluation completed!
===== END Fri 01/09/2026 16:19:09.48 ===== 
