===== START Tue 12/30/2025  5:54:09.98 ===== 
C:\Users\pr8pf\AppData\Local\anaconda3\Lib\site-packages\torchvision\models\_utils.py:208: UserWarning: The parameter 'pretrained' is deprecated since 0.13 and may be removed in the future, please use 'weights' instead.
  warnings.warn(
C:\Users\pr8pf\AppData\Local\anaconda3\Lib\site-packages\torchvision\models\_utils.py:223: UserWarning: Arguments other than a weight enum or `None` for 'weights' are deprecated since 0.13 and may be removed in the future. The current behavior is equivalent to passing `weights=VGG16_Weights.IMAGENET1K_V1`. You can also use `weights=VGG16_Weights.DEFAULT` to get the most up-to-date weights.
  warnings.warn(msg)
[codecarbon INFO @ 05:54:42] [setup] RAM Tracking...
[codecarbon INFO @ 05:54:42] [setup] CPU Tracking...
[codecarbon WARNING @ 05:54:42] No CPU tracking mode found. Falling back on CPU constant mode. 
 Windows OS detected: Please install Intel Power Gadget to measure CPU

[codecarbon INFO @ 05:54:43] CPU Model on constant consumption mode: Intel(R) Xeon(R) Gold 6258R CPU @ 2.70GHz
[codecarbon INFO @ 05:54:43] [setup] GPU Tracking...
[codecarbon INFO @ 05:54:43] Tracking Nvidia GPU via pynvml
[codecarbon INFO @ 05:54:44] >>> Tracker's metadata:
[codecarbon INFO @ 05:54:44]   Platform system: Windows-11-10.0.22631-SP0
[codecarbon INFO @ 05:54:44]   Python version: 3.12.7
[codecarbon INFO @ 05:54:44]   CodeCarbon version: 2.8.3
[codecarbon INFO @ 05:54:44]   Available RAM : 126.630 GB
[codecarbon INFO @ 05:54:44]   CPU count: 56
[codecarbon INFO @ 05:54:44]   CPU model: Intel(R) Xeon(R) Gold 6258R CPU @ 2.70GHz
[codecarbon INFO @ 05:54:44]   GPU count: 2
[codecarbon INFO @ 05:54:44]   GPU model: 2 x NVIDIA RTX A5000
[codecarbon INFO @ 05:54:47] Saving emissions data to file C:\Users\pr8pf\Documents\GitHub\SplitFed\emissions.csv
[codecarbon INFO @ 05:54:48] Energy consumed for RAM : 0.000019 kWh. RAM Power : 47.48608875274658 W
[codecarbon INFO @ 05:54:48] Energy consumed for all CPUs : 0.000040 kWh. Total CPU Power : 102.50000000000001 W
[codecarbon INFO @ 05:54:48] Energy consumed for all GPUs : 0.000009 kWh. Total GPU Power : 22.757387223096504 W
[codecarbon INFO @ 05:54:48] 0.000068 kWh of electricity used since the beginning.
C:\Users\pr8pf\AppData\Local\anaconda3\Lib\site-packages\sklearn\cluster\_kmeans.py:1429: UserWarning: KMeans is known to have a memory leak on Windows with MKL, when there are less chunks than available threads. You can avoid it by setting the environment variable OMP_NUM_THREADS=1.
  warnings.warn(
C:\Users\pr8pf\AppData\Local\anaconda3\Lib\site-packages\sklearn\cluster\_kmeans.py:1429: UserWarning: KMeans is known to have a memory leak on Windows with MKL, when there are less chunks than available threads. You can avoid it by setting the environment variable OMP_NUM_THREADS=1.
  warnings.warn(
[codecarbon INFO @ 06:20:56] [setup] RAM Tracking...
[codecarbon INFO @ 06:20:56] [setup] CPU Tracking...
[codecarbon WARNING @ 06:20:56] No CPU tracking mode found. Falling back on CPU constant mode. 
 Windows OS detected: Please install Intel Power Gadget to measure CPU

[codecarbon INFO @ 06:20:57] CPU Model on constant consumption mode: Intel(R) Xeon(R) Gold 6258R CPU @ 2.70GHz
[codecarbon INFO @ 06:20:57] [setup] GPU Tracking...
[codecarbon INFO @ 06:20:57] Tracking Nvidia GPU via pynvml
[codecarbon INFO @ 06:20:57] >>> Tracker's metadata:
[codecarbon INFO @ 06:20:57]   Platform system: Windows-11-10.0.22631-SP0
[codecarbon INFO @ 06:20:57]   Python version: 3.12.7
[codecarbon INFO @ 06:20:57]   CodeCarbon version: 2.8.3
[codecarbon INFO @ 06:20:57]   Available RAM : 126.630 GB
[codecarbon INFO @ 06:20:57]   CPU count: 56
[codecarbon INFO @ 06:20:57]   CPU model: Intel(R) Xeon(R) Gold 6258R CPU @ 2.70GHz
[codecarbon INFO @ 06:20:57]   GPU count: 2
[codecarbon INFO @ 06:20:57]   GPU model: 2 x NVIDIA RTX A5000
[codecarbon INFO @ 06:21:01] Saving emissions data to file C:\Users\pr8pf\Documents\GitHub\SplitFed\emissions.csv
[codecarbon INFO @ 06:21:01] Energy consumed for RAM : 0.000006 kWh. RAM Power : 47.48608875274658 W
[codecarbon INFO @ 06:21:01] Energy consumed for all CPUs : 0.000014 kWh. Total CPU Power : 102.50000000000001 W
[codecarbon INFO @ 06:21:01] Energy consumed for all GPUs : 0.000002 kWh. Total GPU Power : 15.093073014623027 W
[codecarbon INFO @ 06:21:01] 0.000022 kWh of electricity used since the beginning.
[codecarbon INFO @ 06:21:56] [setup] RAM Tracking...
[codecarbon INFO @ 06:21:56] [setup] CPU Tracking...
[codecarbon WARNING @ 06:21:56] No CPU tracking mode found. Falling back on CPU constant mode. 
 Windows OS detected: Please install Intel Power Gadget to measure CPU

[codecarbon INFO @ 06:21:57] CPU Model on constant consumption mode: Intel(R) Xeon(R) Gold 6258R CPU @ 2.70GHz
[codecarbon INFO @ 06:21:57] [setup] GPU Tracking...
[codecarbon INFO @ 06:21:57] Tracking Nvidia GPU via pynvml
[codecarbon INFO @ 06:21:57] >>> Tracker's metadata:
[codecarbon INFO @ 06:21:57]   Platform system: Windows-11-10.0.22631-SP0
[codecarbon INFO @ 06:21:57]   Python version: 3.12.7
[codecarbon INFO @ 06:21:57]   CodeCarbon version: 2.8.3
[codecarbon INFO @ 06:21:57]   Available RAM : 126.630 GB
[codecarbon INFO @ 06:21:57]   CPU count: 56
[codecarbon INFO @ 06:21:57]   CPU model: Intel(R) Xeon(R) Gold 6258R CPU @ 2.70GHz
[codecarbon INFO @ 06:21:57]   GPU count: 2
[codecarbon INFO @ 06:21:57]   GPU model: 2 x NVIDIA RTX A5000
[codecarbon INFO @ 06:22:00] Saving emissions data to file C:\Users\pr8pf\Documents\GitHub\SplitFed\emissions.csv
[codecarbon INFO @ 06:22:01] Energy consumed for RAM : 0.000011 kWh. RAM Power : 47.48608875274658 W
[codecarbon INFO @ 06:22:01] Energy consumed for all CPUs : 0.000024 kWh. Total CPU Power : 102.50000000000001 W
[codecarbon INFO @ 06:22:01] Energy consumed for all GPUs : 0.000004 kWh. Total GPU Power : 18.240349849145158 W
[codecarbon INFO @ 06:22:01] 0.000039 kWh of electricity used since the beginning.
################################################################
#                              batch_size: 64                  #
#                         test_batch_size: 64                  #
#                                  epochs: 10                  #
#                               optimizer: SGD                 #
#                                      lr: 0.001               #
#                                momentum: 0.5                 #
#                                    seed: 1                   #
#                             num_clients: 10                  #
#                                   scale: 5                   #
#                                 dataset: plant               #
#                             loader_type: dirichlet           #
#                                      AR: flame               #
#                                    side: both                #
#                                     PDR: 1.0                 #
#                                  attack: data_poisoning 10,5 #
#                          label_flipping: uni                 #
#                         experiment_name: split_fed_data_pois_10_5_inner_epochs=5_epochs=10_PDR=1.0_scale=5_flame#
#                            inner_epochs: 5                   #
#                                   setup: split_fed           #
#                                   alpha: 0.5                 #
################################################################
NVIDIA RTX A5000
---------split_fed_data_pois_10_5_inner_epochs=5_epochs=10_PDR=1.0_scale=5_flame----------
initialize a data loader
Using cuda
[91m Client0 Train => Local Epoch: 0 / 5 	Acc: 29.768 	Loss: 2.9637[00m
[91m Client0 Train => Local Epoch: 1 / 5 	Acc: 36.584 	Loss: 1.9059[00m
[91m Client0 Train => Local Epoch: 2 / 5 	Acc: 38.497 	Loss: 1.8631[00m
[91m Client0 Train => Local Epoch: 3 / 5 	Acc: 37.769 	Loss: 1.8615[00m
[91m Client0 Train => Local Epoch: 4 / 5 	Acc: 38.200 	Loss: 1.8555[00m
[92m  Client0 Test => 	Acc: 12.335 	Loss: 2.9662[00m
[91m Client1 Train => Local Epoch: 0 / 5 	Acc: 19.705 	Loss: 4.7098[00m
[91m Client1 Train => Local Epoch: 1 / 5 	Acc: 21.354 	Loss: 2.3620[00m
[91m Client1 Train => Local Epoch: 2 / 5 	Acc: 25.955 	Loss: 2.3221[00m
[91m Client1 Train => Local Epoch: 3 / 5 	Acc: 27.604 	Loss: 2.1843[00m
[91m Client1 Train => Local Epoch: 4 / 5 	Acc: 29.167 	Loss: 2.1627[00m
[92m  Client1 Test => 	Acc: 4.893 	Loss: 3.0289[00m
[91m Client2 Train => Local Epoch: 0 / 5 	Acc: 20.747 	Loss: 5.8241[00m
[91m Client2 Train => Local Epoch: 1 / 5 	Acc: 21.875 	Loss: 2.8118[00m
[91m Client2 Train => Local Epoch: 2 / 5 	Acc: 32.639 	Loss: 2.4041[00m
[91m Client2 Train => Local Epoch: 3 / 5 	Acc: 42.274 	Loss: 2.1423[00m
[91m Client2 Train => Local Epoch: 4 / 5 	Acc: 41.927 	Loss: 2.1293[00m
[92m  Client2 Test => 	Acc: 12.983 	Loss: 3.1516[00m
[91m Client3 Train => Local Epoch: 0 / 5 	Acc: 23.915 	Loss: 3.5300[00m
[91m Client3 Train => Local Epoch: 1 / 5 	Acc: 31.424 	Loss: 1.9700[00m
[91m Client3 Train => Local Epoch: 2 / 5 	Acc: 32.595 	Loss: 1.9054[00m
[91m Client3 Train => Local Epoch: 3 / 5 	Acc: 32.639 	Loss: 1.9133[00m
[91m Client3 Train => Local Epoch: 4 / 5 	Acc: 32.986 	Loss: 1.9114[00m
[92m  Client3 Test => 	Acc: 7.915 	Loss: 4.0406[00m
[91m Client4 Train => Local Epoch: 0 / 5 	Acc: 14.551 	Loss: 5.6434[00m
[91m Client4 Train => Local Epoch: 1 / 5 	Acc: 16.699 	Loss: 2.9338[00m
[91m Client4 Train => Local Epoch: 2 / 5 	Acc: 21.484 	Loss: 2.4351[00m
[91m Client4 Train => Local Epoch: 3 / 5 	Acc: 20.410 	Loss: 2.2967[00m
[91m Client4 Train => Local Epoch: 4 / 5 	Acc: 23.242 	Loss: 2.2534[00m
[92m  Client4 Test => 	Acc: 5.652 	Loss: 2.8332[00m
[91m Client5 Train => Local Epoch: 0 / 5 	Acc: 16.406 	Loss: 4.1468[00m
[91m Client5 Train => Local Epoch: 1 / 5 	Acc: 29.427 	Loss: 2.1039[00m
[91m Client5 Train => Local Epoch: 2 / 5 	Acc: 33.854 	Loss: 1.9461[00m
[91m Client5 Train => Local Epoch: 3 / 5 	Acc: 35.417 	Loss: 2.0203[00m
[91m Client5 Train => Local Epoch: 4 / 5 	Acc: 42.057 	Loss: 1.8061[00m
[92m  Client5 Test => 	Acc: 12.492 	Loss: 4.6086[00m
[91m Client6 Train => Local Epoch: 0 / 5 	Acc: 24.844 	Loss: 2.7382[00m
[91m Client6 Train => Local Epoch: 1 / 5 	Acc: 42.719 	Loss: 1.8991[00m
[91m Client6 Train => Local Epoch: 2 / 5 	Acc: 58.312 	Loss: 1.4301[00m
[91m Client6 Train => Local Epoch: 3 / 5 	Acc: 60.000 	Loss: 1.3405[00m
[91m Client6 Train => Local Epoch: 4 / 5 	Acc: 65.906 	Loss: 1.1072[00m
[92m  Client6 Test => 	Acc: 44.430 	Loss: 2.0582[00m
[91m Client7 Train => Local Epoch: 0 / 5 	Acc: 18.516 	Loss: 5.7259[00m
[91m Client7 Train => Local Epoch: 1 / 5 	Acc: 22.656 	Loss: 2.3815[00m
[91m Client7 Train => Local Epoch: 2 / 5 	Acc: 24.375 	Loss: 2.2126[00m
[91m Client7 Train => Local Epoch: 3 / 5 	Acc: 23.750 	Loss: 2.1544[00m
[91m Client7 Train => Local Epoch: 4 / 5 	Acc: 32.656 	Loss: 1.9781[00m
[92m  Client7 Test => 	Acc: 13.769 	Loss: 4.3460[00m
[91m Client8 Train => Local Epoch: 0 / 5 	Acc: 21.875 	Loss: 7.9625[00m
[91m Client8 Train => Local Epoch: 1 / 5 	Acc: 21.094 	Loss: 3.0164[00m
[91m Client8 Train => Local Epoch: 2 / 5 	Acc: 19.661 	Loss: 2.2420[00m
[91m Client8 Train => Local Epoch: 3 / 5 	Acc: 25.000 	Loss: 2.3650[00m
[91m Client8 Train => Local Epoch: 4 / 5 	Acc: 22.135 	Loss: 2.1739[00m
[92m  Client8 Test => 	Acc: 5.360 	Loss: 3.3493[00m
[91m Client9 Train => Local Epoch: 0 / 5 	Acc: 19.231 	Loss: 4.7768[00m
[91m Client9 Train => Local Epoch: 1 / 5 	Acc: 28.245 	Loss: 2.1901[00m
[91m Client9 Train => Local Epoch: 2 / 5 	Acc: 31.130 	Loss: 1.9868[00m
[91m Client9 Train => Local Epoch: 3 / 5 	Acc: 44.591 	Loss: 1.6128[00m
[91m Client9 Train => Local Epoch: 4 / 5 	Acc: 56.310 	Loss: 1.3468[00m
[92m  Client9 Test => 	Acc: 41.652 	Loss: 2.1366[00m
------------------------------------------------
------ Federation process at Server-Side ------- 
------------------------------------------------
-----------------------------------------------------------
------ FedServer: Federation process at Client-Side ------- 
-----------------------------------------------------------
[92m  Client0 Test => 	Acc: 12.983 	Loss: 2.7447[00m
 Train: Round   0, Avg Accuracy 38.459 | Avg Loss 1.872
[91m Client0 Train => Local Epoch: 0 / 5 	Acc: 32.408 	Loss: 2.7033[00m
[91m Client0 Train => Local Epoch: 1 / 5 	Acc: 35.614 	Loss: 3.0708[00m
[91m Client0 Train => Local Epoch: 2 / 5 	Acc: 37.204 	Loss: 1.8381[00m
[91m Client0 Train => Local Epoch: 3 / 5 	Acc: 38.308 	Loss: 1.8318[00m
[91m Client0 Train => Local Epoch: 4 / 5 	Acc: 38.308 	Loss: 1.8345[00m
[92m  Client0 Test => 	Acc: 12.348 	Loss: 3.4041[00m
[91m Client1 Train => Local Epoch: 0 / 5 	Acc: 25.521 	Loss: 2.4661[00m
[91m Client1 Train => Local Epoch: 1 / 5 	Acc: 29.340 	Loss: 2.1446[00m
[91m Client1 Train => Local Epoch: 2 / 5 	Acc: 29.167 	Loss: 2.1472[00m
[91m Client1 Train => Local Epoch: 3 / 5 	Acc: 30.035 	Loss: 2.1379[00m
[91m Client1 Train => Local Epoch: 4 / 5 	Acc: 29.688 	Loss: 2.1180[00m
[92m  Client1 Test => 	Acc: 11.047 	Loss: 3.4328[00m
[91m Client2 Train => Local Epoch: 0 / 5 	Acc: 41.840 	Loss: 2.3471[00m
[91m Client2 Train => Local Epoch: 1 / 5 	Acc: 42.361 	Loss: 2.0998[00m
[91m Client2 Train => Local Epoch: 2 / 5 	Acc: 42.361 	Loss: 2.0811[00m
[91m Client2 Train => Local Epoch: 3 / 5 	Acc: 42.188 	Loss: 2.0856[00m
[91m Client2 Train => Local Epoch: 4 / 5 	Acc: 41.927 	Loss: 2.0946[00m
[92m  Client2 Test => 	Acc: 12.942 	Loss: 3.5839[00m
[91m Client3 Train => Local Epoch: 0 / 5 	Acc: 28.559 	Loss: 2.3795[00m
[91m Client3 Train => Local Epoch: 1 / 5 	Acc: 26.910 	Loss: 2.0453[00m
[91m Client3 Train => Local Epoch: 2 / 5 	Acc: 33.290 	Loss: 1.9678[00m
[91m Client3 Train => Local Epoch: 3 / 5 	Acc: 31.771 	Loss: 1.9192[00m
[91m Client3 Train => Local Epoch: 4 / 5 	Acc: 31.858 	Loss: 1.9039[00m
[92m  Client3 Test => 	Acc: 7.929 	Loss: 3.5220[00m
[91m Client4 Train => Local Epoch: 0 / 5 	Acc: 18.359 	Loss: 2.5237[00mC:\Users\pr8pf\AppData\Local\anaconda3\Lib\site-packages\sklearn\cluster\_kmeans.py:1429: UserWarning: KMeans is known to have a memory leak on Windows with MKL, when there are less chunks than available threads. You can avoid it by setting the environment variable OMP_NUM_THREADS=1.
  warnings.warn(
C:\Users\pr8pf\AppData\Local\anaconda3\Lib\site-packages\sklearn\cluster\_kmeans.py:1429: UserWarning: KMeans is known to have a memory leak on Windows with MKL, when there are less chunks than available threads. You can avoid it by setting the environment variable OMP_NUM_THREADS=1.
  warnings.warn(
[codecarbon INFO @ 06:48:12] [setup] RAM Tracking...
[codecarbon INFO @ 06:48:12] [setup] CPU Tracking...
[codecarbon WARNING @ 06:48:12] No CPU tracking mode found. Falling back on CPU constant mode. 
 Windows OS detected: Please install Intel Power Gadget to measure CPU

[codecarbon INFO @ 06:48:14] CPU Model on constant consumption mode: Intel(R) Xeon(R) Gold 6258R CPU @ 2.70GHz
[codecarbon INFO @ 06:48:14] [setup] GPU Tracking...
[codecarbon INFO @ 06:48:14] Tracking Nvidia GPU via pynvml
[codecarbon INFO @ 06:48:14] >>> Tracker's metadata:
[codecarbon INFO @ 06:48:14]   Platform system: Windows-11-10.0.22631-SP0
[codecarbon INFO @ 06:48:14]   Python version: 3.12.7
[codecarbon INFO @ 06:48:14]   CodeCarbon version: 2.8.3
[codecarbon INFO @ 06:48:14]   Available RAM : 126.630 GB
[codecarbon INFO @ 06:48:14]   CPU count: 56
[codecarbon INFO @ 06:48:14]   CPU model: Intel(R) Xeon(R) Gold 6258R CPU @ 2.70GHz
[codecarbon INFO @ 06:48:14]   GPU count: 2
[codecarbon INFO @ 06:48:14]   GPU model: 2 x NVIDIA RTX A5000
[codecarbon INFO @ 06:48:17] Saving emissions data to file C:\Users\pr8pf\Documents\GitHub\SplitFed\emissions.csv
[codecarbon INFO @ 06:48:18] Energy consumed for RAM : 0.000006 kWh. RAM Power : 47.48608875274658 W
[codecarbon INFO @ 06:48:18] Energy consumed for all CPUs : 0.000014 kWh. Total CPU Power : 102.50000000000001 W
[codecarbon INFO @ 06:48:18] Energy consumed for all GPUs : 0.000002 kWh. Total GPU Power : 17.955860331152014 W
[codecarbon INFO @ 06:48:18] 0.000023 kWh of electricity used since the beginning.
[codecarbon INFO @ 06:49:12] [setup] RAM Tracking...
[codecarbon INFO @ 06:49:12] [setup] CPU Tracking...
[codecarbon WARNING @ 06:49:12] No CPU tracking mode found. Falling back on CPU constant mode. 
 Windows OS detected: Please install Intel Power Gadget to measure CPU

[codecarbon INFO @ 06:49:14] CPU Model on constant consumption mode: Intel(R) Xeon(R) Gold 6258R CPU @ 2.70GHz
[codecarbon INFO @ 06:49:14] [setup] GPU Tracking...
[codecarbon INFO @ 06:49:14] Tracking Nvidia GPU via pynvml
[codecarbon INFO @ 06:49:14] >>> Tracker's metadata:
[codecarbon INFO @ 06:49:14]   Platform system: Windows-11-10.0.22631-SP0
[codecarbon INFO @ 06:49:14]   Python version: 3.12.7
[codecarbon INFO @ 06:49:14]   CodeCarbon version: 2.8.3
[codecarbon INFO @ 06:49:14]   Available RAM : 126.630 GB
[codecarbon INFO @ 06:49:14]   CPU count: 56
[codecarbon INFO @ 06:49:14]   CPU model: Intel(R) Xeon(R) Gold 6258R CPU @ 2.70GHz
[codecarbon INFO @ 06:49:14]   GPU count: 2
[codecarbon INFO @ 06:49:14]   GPU model: 2 x NVIDIA RTX A5000
[codecarbon INFO @ 06:49:17] Saving emissions data to file C:\Users\pr8pf\Documents\GitHub\SplitFed\emissions.csv
[codecarbon INFO @ 06:49:18] Energy consumed for RAM : 0.000007 kWh. RAM Power : 47.48608875274658 W
[codecarbon INFO @ 06:49:18] Energy consumed for all CPUs : 0.000015 kWh. Total CPU Power : 102.50000000000001 W
[codecarbon INFO @ 06:49:18] Energy consumed for all GPUs : 0.000003 kWh. Total GPU Power : 16.663389443119804 W
[codecarbon INFO @ 06:49:18] 0.000025 kWh of electricity used since the beginning.
C:\Users\pr8pf\AppData\Local\anaconda3\Lib\site-packages\sklearn\cluster\_kmeans.py:1429: UserWarning: KMeans is known to have a memory leak on Windows with MKL, when there are less chunks than available threads. You can avoid it by setting the environment variable OMP_NUM_THREADS=1.
  warnings.warn(
C:\Users\pr8pf\AppData\Local\anaconda3\Lib\site-packages\sklearn\cluster\_kmeans.py:1429: UserWarning: KMeans is known to have a memory leak on Windows with MKL, when there are less chunks than available threads. You can avoid it by setting the environment variable OMP_NUM_THREADS=1.
  warnings.warn(
[codecarbon INFO @ 07:15:22] [setup] RAM Tracking...
[codecarbon INFO @ 07:15:22] [setup] CPU Tracking...
[codecarbon WARNING @ 07:15:22] No CPU tracking mode found. Falling back on CPU constant mode. 
 Windows OS detected: Please install Intel Power Gadget to measure CPU

[codecarbon INFO @ 07:15:23] CPU Model on constant consumption mode: Intel(R) Xeon(R) Gold 6258R CPU @ 2.70GHz
[codecarbon INFO @ 07:15:23] [setup] GPU Tracking...
[codecarbon INFO @ 07:15:23] Tracking Nvidia GPU via pynvml
[codecarbon INFO @ 07:15:23] >>> Tracker's metadata:
[codecarbon INFO @ 07:15:23]   Platform system: Windows-11-10.0.22631-SP0
[codecarbon INFO @ 07:15:23]   Python version: 3.12.7
[codecarbon INFO @ 07:15:23]   CodeCarbon version: 2.8.3
[codecarbon INFO @ 07:15:23]   Available RAM : 126.630 GB
[codecarbon INFO @ 07:15:23]   CPU count: 56
[codecarbon INFO @ 07:15:23]   CPU model: Intel(R) Xeon(R) Gold 6258R CPU @ 2.70GHz
[codecarbon INFO @ 07:15:23]   GPU count: 2
[codecarbon INFO @ 07:15:23]   GPU model: 2 x NVIDIA RTX A5000
[codecarbon INFO @ 07:15:27] Saving emissions data to file C:\Users\pr8pf\Documents\GitHub\SplitFed\emissions.csv
[codecarbon INFO @ 07:15:27] Energy consumed for RAM : 0.000007 kWh. RAM Power : 47.48608875274658 W
[codecarbon INFO @ 07:15:27] Energy consumed for all CPUs : 0.000015 kWh. Total CPU Power : 102.50000000000001 W
[codecarbon INFO @ 07:15:27] Energy consumed for all GPUs : 0.000002 kWh. Total GPU Power : 16.945164676476455 W
[codecarbon INFO @ 07:15:27] 0.000024 kWh of electricity used since the beginning.
[codecarbon INFO @ 07:16:23] [setup] RAM Tracking...
[codecarbon INFO @ 07:16:23] [setup] CPU Tracking...
[codecarbon WARNING @ 07:16:23] No CPU tracking mode found. Falling back on CPU constant mode. 
 Windows OS detected: Please install Intel Power Gadget to measure CPU

[codecarbon INFO @ 07:16:25] CPU Model on constant consumption mode: Intel(R) Xeon(R) Gold 6258R CPU @ 2.70GHz
[codecarbon INFO @ 07:16:25] [setup] GPU Tracking...
[codecarbon INFO @ 07:16:25] Tracking Nvidia GPU via pynvml
[codecarbon INFO @ 07:16:25] >>> Tracker's metadata:
[codecarbon INFO @ 07:16:25]   Platform system: Windows-11-10.0.22631-SP0
[codecarbon INFO @ 07:16:25]   Python version: 3.12.7
[codecarbon INFO @ 07:16:25]   CodeCarbon version: 2.8.3
[codecarbon INFO @ 07:16:25]   Available RAM : 126.630 GB
[codecarbon INFO @ 07:16:25]   CPU count: 56
[codecarbon INFO @ 07:16:25]   CPU model: Intel(R) Xeon(R) Gold 6258R CPU @ 2.70GHz
[codecarbon INFO @ 07:16:25]   GPU count: 2
[codecarbon INFO @ 07:16:25]   GPU model: 2 x NVIDIA RTX A5000
[codecarbon INFO @ 07:16:28] Saving emissions data to file C:\Users\pr8pf\Documents\GitHub\SplitFed\emissions.csv
[codecarbon INFO @ 07:16:29] Energy consumed for RAM : 0.000009 kWh. RAM Power : 47.48608875274658 W
[codecarbon INFO @ 07:16:29] Energy consumed for all CPUs : 0.000019 kWh. Total CPU Power : 102.50000000000001 W
[codecarbon INFO @ 07:16:29] Energy consumed for all GPUs : 0.000003 kWh. Total GPU Power : 17.1677962690527 W
[codecarbon INFO @ 07:16:29] 0.000031 kWh of electricity used since the beginning.

[91m Client4 Train => Local Epoch: 1 / 5 	Acc: 23.633 	Loss: 2.2506[00m
[91m Client4 Train => Local Epoch: 2 / 5 	Acc: 24.023 	Loss: 2.3027[00m
[91m Client4 Train => Local Epoch: 3 / 5 	Acc: 25.000 	Loss: 2.2286[00m
[91m Client4 Train => Local Epoch: 4 / 5 	Acc: 24.121 	Loss: 2.2379[00m
[92m  Client4 Test => 	Acc: 5.597 	Loss: 3.7167[00m
[91m Client5 Train => Local Epoch: 0 / 5 	Acc: 23.828 	Loss: 2.4095[00m
[91m Client5 Train => Local Epoch: 1 / 5 	Acc: 25.521 	Loss: 2.1483[00m
[91m Client5 Train => Local Epoch: 2 / 5 	Acc: 30.859 	Loss: 2.0795[00m
[91m Client5 Train => Local Epoch: 3 / 5 	Acc: 32.422 	Loss: 1.8938[00m
[91m Client5 Train => Local Epoch: 4 / 5 	Acc: 51.042 	Loss: 1.6137[00m
[92m  Client5 Test => 	Acc: 27.113 	Loss: 3.3048[00m
[91m Client6 Train => Local Epoch: 0 / 5 	Acc: 24.375 	Loss: 2.1882[00m
[91m Client6 Train => Local Epoch: 1 / 5 	Acc: 39.906 	Loss: 1.9176[00m
[91m Client6 Train => Local Epoch: 2 / 5 	Acc: 56.531 	Loss: 1.4276[00m
[91m Client6 Train => Local Epoch: 3 / 5 	Acc: 66.844 	Loss: 1.0793[00m
[91m Client6 Train => Local Epoch: 4 / 5 	Acc: 71.969 	Loss: 0.8718[00m
[92m  Client6 Test => 	Acc: 49.276 	Loss: 2.0198[00m
[91m Client7 Train => Local Epoch: 0 / 5 	Acc: 22.734 	Loss: 2.4554[00m
[91m Client7 Train => Local Epoch: 1 / 5 	Acc: 26.719 	Loss: 2.2270[00m
[91m Client7 Train => Local Epoch: 2 / 5 	Acc: 30.469 	Loss: 2.0797[00m
[91m Client7 Train => Local Epoch: 3 / 5 	Acc: 37.578 	Loss: 2.0099[00m
[91m Client7 Train => Local Epoch: 4 / 5 	Acc: 48.594 	Loss: 1.6422[00m
[92m  Client7 Test => 	Acc: 25.830 	Loss: 3.2923[00m
[91m Client8 Train => Local Epoch: 0 / 5 	Acc: 20.182 	Loss: 2.5543[00m
[91m Client8 Train => Local Epoch: 1 / 5 	Acc: 23.047 	Loss: 2.1520[00m
[91m Client8 Train => Local Epoch: 2 / 5 	Acc: 27.604 	Loss: 2.1152[00m
[91m Client8 Train => Local Epoch: 3 / 5 	Acc: 28.646 	Loss: 2.0788[00m
[91m Client8 Train => Local Epoch: 4 / 5 	Acc: 35.938 	Loss: 2.0643[00m
[92m  Client8 Test => 	Acc: 4.093 	Loss: 3.4202[00m
[91m Client9 Train => Local Epoch: 0 / 5 	Acc: 20.793 	Loss: 2.3608[00m
[91m Client9 Train => Local Epoch: 1 / 5 	Acc: 24.459 	Loss: 2.1067[00m
[91m Client9 Train => Local Epoch: 2 / 5 	Acc: 37.019 	Loss: 1.9220[00m
[91m Client9 Train => Local Epoch: 3 / 5 	Acc: 51.022 	Loss: 1.4950[00m
[91m Client9 Train => Local Epoch: 4 / 5 	Acc: 60.577 	Loss: 1.2962[00m
[92m  Client9 Test => 	Acc: 43.874 	Loss: 2.2791[00m
------------------------------------------------
------ Federation process at Server-Side ------- 
------------------------------------------------
-----------------------------------------------------------
------ FedServer: Federation process at Client-Side ------- 
-----------------------------------------------------------
[92m  Client0 Test => 	Acc: 12.969 	Loss: 2.6151[00m
 Train: Round   1, Avg Accuracy 43.402 | Avg Loss 1.768
[91m Client0 Train => Local Epoch: 0 / 5 	Acc: 33.944 	Loss: 2.1248[00m
[91m Client0 Train => Local Epoch: 1 / 5 	Acc: 36.234 	Loss: 1.9897[00m
[91m Client0 Train => Local Epoch: 2 / 5 	Acc: 38.443 	Loss: 1.8251[00m
[91m Client0 Train => Local Epoch: 3 / 5 	Acc: 38.416 	Loss: 1.8333[00m
[91m Client0 Train => Local Epoch: 4 / 5 	Acc: 38.389 	Loss: 1.8301[00m
[92m  Client0 Test => 	Acc: 12.328 	Loss: 3.3790[00m
[91m Client1 Train => Local Epoch: 0 / 5 	Acc: 18.576 	Loss: 2.4322[00m
[91m Client1 Train => Local Epoch: 1 / 5 	Acc: 29.514 	Loss: 2.1300[00m
[91m Client1 Train => Local Epoch: 2 / 5 	Acc: 29.601 	Loss: 2.1226[00m
[91m Client1 Train => Local Epoch: 3 / 5 	Acc: 29.861 	Loss: 2.1199[00m
[91m Client1 Train => Local Epoch: 4 / 5 	Acc: 30.122 	Loss: 2.1179[00m
[92m  Client1 Test => 	Acc: 11.081 	Loss: 3.7504[00m
[91m Client2 Train => Local Epoch: 0 / 5 	Acc: 42.448 	Loss: 2.2642[00m
[91m Client2 Train => Local Epoch: 1 / 5 	Acc: 42.622 	Loss: 2.0954[00m
[91m Client2 Train => Local Epoch: 2 / 5 	Acc: 42.448 	Loss: 2.0803[00m
[91m Client2 Train => Local Epoch: 3 / 5 	Acc: 42.448 	Loss: 2.0788[00m
[91m Client2 Train => Local Epoch: 4 / 5 	Acc: 42.188 	Loss: 2.0785[00m
[92m  Client2 Test => 	Acc: 12.936 	Loss: 3.3158[00m
[91m Client3 Train => Local Epoch: 0 / 5 	Acc: 28.082 	Loss: 2.1018[00m
[91m Client3 Train => Local Epoch: 1 / 5 	Acc: 29.384 	Loss: 2.2592[00m
[91m Client3 Train => Local Epoch: 2 / 5 	Acc: 30.252 	Loss: 2.1116[00m
[91m Client3 Train => Local Epoch: 3 / 5 	Acc: 33.160 	Loss: 1.9059[00m
[91m Client3 Train => Local Epoch: 4 / 5 	Acc: 33.073 	Loss: 1.9033[00m
[92m  Client3 Test => 	Acc: 7.922 	Loss: 3.4463[00m
[91m Client4 Train => Local Epoch: 0 / 5 	Acc: 15.918 	Loss: 2.5545[00m
[91m Client4 Train => Local Epoch: 1 / 5 	Acc: 25.488 	Loss: 2.2581[00m
[91m Client4 Train => Local Epoch: 2 / 5 	Acc: 24.023 	Loss: 2.2240[00m
[91m Client4 Train => Local Epoch: 3 / 5 	Acc: 24.707 	Loss: 2.2191[00m
[91m Client4 Train => Local Epoch: 4 / 5 	Acc: 24.121 	Loss: 2.2187[00m
[92m  Client4 Test => 	Acc: 5.590 	Loss: 3.6861[00m
[91m Client5 Train => Local Epoch: 0 / 5 	Acc: 22.526 	Loss: 2.3099[00m
[91m Client5 Train => Local Epoch: 1 / 5 	Acc: 32.682 	Loss: 2.0375[00m
[91m Client5 Train => Local Epoch: 2 / 5 	Acc: 42.318 	Loss: 1.8057[00m
[91m Client5 Train => Local Epoch: 3 / 5 	Acc: 44.010 	Loss: 1.6109[00m
[91m Client5 Train => Local Epoch: 4 / 5 	Acc: 58.724 	Loss: 1.2574[00m
[92m  Client5 Test => 	Acc: 34.750 	Loss: 3.1789[00m
[91m Client6 Train => Local Epoch: 0 / 5 	Acc: 26.656 	Loss: 2.1211[00m
[91m Client6 Train => Local Epoch: 1 / 5 	Acc: 27.156 	Loss: 2.2054[00m
[91m Client6 Train => Local Epoch: 2 / 5 	Acc: 28.188 	Loss: 2.2263[00m
[91m Client6 Train => Local Epoch: 3 / 5 	Acc: 42.375 	Loss: 1.8428[00m
[91m Client6 Train => Local Epoch: 4 / 5 	Acc: 60.375 	Loss: 1.3600[00m
[92m  Client6 Test => 	Acc: 43.702 	Loss: 2.1031[00m
[91m Client7 Train => Local Epoch: 0 / 5 	Acc: 20.938 	Loss: 2.3784[00m
[91m Client7 Train => Local Epoch: 1 / 5 	Acc: 26.016 	Loss: 2.2049[00m
[91m Client7 Train => Local Epoch: 2 / 5 	Acc: 27.109 	Loss: 2.1795[00m
[91m Client7 Train => Local Epoch: 3 / 5 	Acc: 27.031 	Loss: 2.1785[00m
[91m Client7 Train => Local Epoch: 4 / 5 	Acc: 27.188 	Loss: 2.1785[00m
[92m  Client7 Test => 	Acc: 9.649 	Loss: 3.3334[00m
[91m Client8 Train => Local Epoch: 0 / 5 	Acc: 13.021 	Loss: 2.6912[00m
[91m Client8 Train => Local Epoch: 1 / 5 	Acc: 27.083 	Loss: 2.2764[00m
[91m Client8 Train => Local Epoch: 2 / 5 	Acc: 27.344 	Loss: 2.1201[00m
[91m Client8 Train => Local Epoch: 3 / 5 	Acc: 25.130 	Loss: 2.0944[00m
[91m Client8 Train => Local Epoch: 4 / 5 	Acc: 45.052 	Loss: 1.9518[00m
[92m  Client8 Test => 	Acc: 19.857 	Loss: 3.0272[00m
[91m Client9 Train => Local Epoch: 0 / 5 	Acc: 18.810 	Loss: 2.2730[00m
[91m Client9 Train => Local Epoch: 1 / 5 	Acc: 26.202 	Loss: 2.0730[00m
[91m Client9 Train => Local Epoch: 2 / 5 	Acc: 41.046 	Loss: 1.7293[00m
[91m Client9 Train => Local Epoch: 3 / 5 	Acc: 44.171 	Loss: 1.6863[00m
[91m Client9 Train => Local Epoch: 4 / 5 	Acc: 62.560 	Loss: 1.2225[00m
[92m  Client9 Test => 	Acc: 43.805 	Loss: 2.3133[00m
------------------------------------------------
------ Federation process at Server-Side ------- 
------------------------------------------------
-----------------------------------------------------------
------ FedServer: Federation process at Client-Side ------- 
-----------------------------------------------------------
[92m  Client0 Test => 	Acc: 12.929 	Loss: 2.6213[00m
 Train: Round   2, Avg Accuracy 42.179 | Avg Loss 1.812
[91m Client0 Train => Local Epoch: 0 / 5 	Acc: 33.782 	Loss: 1.9800[00m
[91m Client0 Train => Local Epoch: 1 / 5 	Acc: 38.416 	Loss: 1.8323[00m
[91m Client0 Train => Local Epoch: 2 / 5 	Acc: 38.443 	Loss: 1.8277[00m
[91m Client0 Train => Local Epoch: 3 / 5 	Acc: 38.470 	Loss: 1.8377[00m
[91m Client0 Train => Local Epoch: 4 / 5 	Acc: 38.470 	Loss: 1.8277[00m
[92m  Client0 Test => 	Acc: 12.341 	Loss: 3.5429[00m
[91m Client1 Train => Local Epoch: 0 / 5 	Acc: 19.705 	Loss: 2.4038[00mC:\Users\pr8pf\AppData\Local\anaconda3\Lib\site-packages\sklearn\cluster\_kmeans.py:1429: UserWarning: KMeans is known to have a memory leak on Windows with MKL, when there are less chunks than available threads. You can avoid it by setting the environment variable OMP_NUM_THREADS=1.
  warnings.warn(
C:\Users\pr8pf\AppData\Local\anaconda3\Lib\site-packages\sklearn\cluster\_kmeans.py:1429: UserWarning: KMeans is known to have a memory leak on Windows with MKL, when there are less chunks than available threads. You can avoid it by setting the environment variable OMP_NUM_THREADS=1.
  warnings.warn(
[codecarbon INFO @ 07:42:32] [setup] RAM Tracking...
[codecarbon INFO @ 07:42:32] [setup] CPU Tracking...
[codecarbon WARNING @ 07:42:32] No CPU tracking mode found. Falling back on CPU constant mode. 
 Windows OS detected: Please install Intel Power Gadget to measure CPU

[codecarbon INFO @ 07:42:34] CPU Model on constant consumption mode: Intel(R) Xeon(R) Gold 6258R CPU @ 2.70GHz
[codecarbon INFO @ 07:42:34] [setup] GPU Tracking...
[codecarbon INFO @ 07:42:34] Tracking Nvidia GPU via pynvml
[codecarbon INFO @ 07:42:34] >>> Tracker's metadata:
[codecarbon INFO @ 07:42:34]   Platform system: Windows-11-10.0.22631-SP0
[codecarbon INFO @ 07:42:34]   Python version: 3.12.7
[codecarbon INFO @ 07:42:34]   CodeCarbon version: 2.8.3
[codecarbon INFO @ 07:42:34]   Available RAM : 126.630 GB
[codecarbon INFO @ 07:42:34]   CPU count: 56
[codecarbon INFO @ 07:42:34]   CPU model: Intel(R) Xeon(R) Gold 6258R CPU @ 2.70GHz
[codecarbon INFO @ 07:42:34]   GPU count: 2
[codecarbon INFO @ 07:42:34]   GPU model: 2 x NVIDIA RTX A5000
[codecarbon INFO @ 07:42:37] Saving emissions data to file C:\Users\pr8pf\Documents\GitHub\SplitFed\emissions.csv
[codecarbon INFO @ 07:42:37] Energy consumed for RAM : 0.000008 kWh. RAM Power : 47.48608875274658 W
[codecarbon INFO @ 07:42:37] Energy consumed for all CPUs : 0.000018 kWh. Total CPU Power : 102.50000000000001 W
[codecarbon INFO @ 07:42:37] Energy consumed for all GPUs : 0.000004 kWh. Total GPU Power : 23.64719298091926 W
[codecarbon INFO @ 07:42:37] 0.000030 kWh of electricity used since the beginning.
[codecarbon INFO @ 07:43:33] [setup] RAM Tracking...
[codecarbon INFO @ 07:43:33] [setup] CPU Tracking...
[codecarbon WARNING @ 07:43:33] No CPU tracking mode found. Falling back on CPU constant mode. 
 Windows OS detected: Please install Intel Power Gadget to measure CPU

[codecarbon INFO @ 07:43:35] CPU Model on constant consumption mode: Intel(R) Xeon(R) Gold 6258R CPU @ 2.70GHz
[codecarbon INFO @ 07:43:35] [setup] GPU Tracking...
[codecarbon INFO @ 07:43:35] Tracking Nvidia GPU via pynvml
[codecarbon INFO @ 07:43:35] >>> Tracker's metadata:
[codecarbon INFO @ 07:43:35]   Platform system: Windows-11-10.0.22631-SP0
[codecarbon INFO @ 07:43:35]   Python version: 3.12.7
[codecarbon INFO @ 07:43:35]   CodeCarbon version: 2.8.3
[codecarbon INFO @ 07:43:35]   Available RAM : 126.630 GB
[codecarbon INFO @ 07:43:35]   CPU count: 56
[codecarbon INFO @ 07:43:35]   CPU model: Intel(R) Xeon(R) Gold 6258R CPU @ 2.70GHz
[codecarbon INFO @ 07:43:35]   GPU count: 2
[codecarbon INFO @ 07:43:35]   GPU model: 2 x NVIDIA RTX A5000
[codecarbon INFO @ 07:43:38] Saving emissions data to file C:\Users\pr8pf\Documents\GitHub\SplitFed\emissions.csv
[codecarbon INFO @ 07:43:38] Energy consumed for RAM : 0.000007 kWh. RAM Power : 47.48608875274658 W
[codecarbon INFO @ 07:43:38] Energy consumed for all CPUs : 0.000016 kWh. Total CPU Power : 102.50000000000001 W
[codecarbon INFO @ 07:43:38] Energy consumed for all GPUs : 0.000003 kWh. Total GPU Power : 20.871200265025347 W
[codecarbon INFO @ 07:43:38] 0.000027 kWh of electricity used since the beginning.

[91m Client1 Train => Local Epoch: 1 / 5 	Acc: 28.819 	Loss: 2.2305[00m
[91m Client1 Train => Local Epoch: 2 / 5 	Acc: 29.514 	Loss: 2.2866[00m
[91m Client1 Train => Local Epoch: 3 / 5 	Acc: 29.427 	Loss: 2.1396[00m
[91m Client1 Train => Local Epoch: 4 / 5 	Acc: 29.514 	Loss: 2.1188[00m
[92m  Client1 Test => 	Acc: 11.067 	Loss: 3.7278[00m
[91m Client2 Train => Local Epoch: 0 / 5 	Acc: 42.448 	Loss: 2.2541[00m
[91m Client2 Train => Local Epoch: 1 / 5 	Acc: 42.708 	Loss: 2.1016[00m
[91m Client2 Train => Local Epoch: 2 / 5 	Acc: 42.274 	Loss: 2.0813[00m
[91m Client2 Train => Local Epoch: 3 / 5 	Acc: 42.274 	Loss: 2.0806[00m
[91m Client2 Train => Local Epoch: 4 / 5 	Acc: 42.361 	Loss: 2.0743[00m
[92m  Client2 Test => 	Acc: 12.936 	Loss: 3.3128[00m
[91m Client3 Train => Local Epoch: 0 / 5 	Acc: 28.385 	Loss: 2.1068[00m
[91m Client3 Train => Local Epoch: 1 / 5 	Acc: 33.073 	Loss: 1.9100[00m
[91m Client3 Train => Local Epoch: 2 / 5 	Acc: 33.160 	Loss: 1.8965[00m
[91m Client3 Train => Local Epoch: 3 / 5 	Acc: 33.116 	Loss: 1.9023[00m
[91m Client3 Train => Local Epoch: 4 / 5 	Acc: 33.073 	Loss: 1.9019[00m
[92m  Client3 Test => 	Acc: 7.922 	Loss: 3.4394[00m
[91m Client4 Train => Local Epoch: 0 / 5 	Acc: 10.840 	Loss: 2.6202[00m
[91m Client4 Train => Local Epoch: 1 / 5 	Acc: 24.707 	Loss: 2.2809[00m
[91m Client4 Train => Local Epoch: 2 / 5 	Acc: 25.098 	Loss: 2.2336[00m
[91m Client4 Train => Local Epoch: 3 / 5 	Acc: 24.316 	Loss: 2.2506[00m
[91m Client4 Train => Local Epoch: 4 / 5 	Acc: 24.805 	Loss: 2.2294[00m
[92m  Client4 Test => 	Acc: 5.590 	Loss: 3.8502[00m
[91m Client5 Train => Local Epoch: 0 / 5 	Acc: 19.401 	Loss: 2.3578[00m
[91m Client5 Train => Local Epoch: 1 / 5 	Acc: 29.427 	Loss: 2.0553[00m
[91m Client5 Train => Local Epoch: 2 / 5 	Acc: 42.318 	Loss: 1.6484[00m
[91m Client5 Train => Local Epoch: 3 / 5 	Acc: 60.677 	Loss: 1.2550[00m
[91m Client5 Train => Local Epoch: 4 / 5 	Acc: 57.422 	Loss: 1.5384[00m
[92m  Client5 Test => 	Acc: 32.363 	Loss: 2.6081[00m
[91m Client6 Train => Local Epoch: 0 / 5 	Acc: 30.031 	Loss: 2.0742[00m
[91m Client6 Train => Local Epoch: 1 / 5 	Acc: 32.438 	Loss: 2.1887[00m
[91m Client6 Train => Local Epoch: 2 / 5 	Acc: 25.812 	Loss: 2.0840[00m
[91m Client6 Train => Local Epoch: 3 / 5 	Acc: 26.312 	Loss: 2.0783[00m
[91m Client6 Train => Local Epoch: 4 / 5 	Acc: 25.281 	Loss: 2.0862[00m
[92m  Client6 Test => 	Acc: 11.047 	Loss: 3.1563[00m
[91m Client7 Train => Local Epoch: 0 / 5 	Acc: 20.547 	Loss: 2.3724[00m
[91m Client7 Train => Local Epoch: 1 / 5 	Acc: 24.609 	Loss: 2.1960[00m
[91m Client7 Train => Local Epoch: 2 / 5 	Acc: 27.109 	Loss: 2.1642[00m
[91m Client7 Train => Local Epoch: 3 / 5 	Acc: 29.922 	Loss: 2.0794[00m
[91m Client7 Train => Local Epoch: 4 / 5 	Acc: 36.094 	Loss: 1.9133[00m
[92m  Client7 Test => 	Acc: 21.510 	Loss: 2.8259[00m
[91m Client8 Train => Local Epoch: 0 / 5 	Acc: 12.891 	Loss: 2.7086[00m
[91m Client8 Train => Local Epoch: 1 / 5 	Acc: 30.990 	Loss: 2.2178[00m
[91m Client8 Train => Local Epoch: 2 / 5 	Acc: 35.286 	Loss: 1.9072[00m
[91m Client8 Train => Local Epoch: 3 / 5 	Acc: 55.599 	Loss: 1.5100[00m
[91m Client8 Train => Local Epoch: 4 / 5 	Acc: 63.802 	Loss: 1.2166[00m
[92m  Client8 Test => 	Acc: 28.281 	Loss: 2.7428[00m
[91m Client9 Train => Local Epoch: 0 / 5 	Acc: 20.252 	Loss: 2.2707[00m
[91m Client9 Train => Local Epoch: 1 / 5 	Acc: 35.817 	Loss: 1.8369[00m
[91m Client9 Train => Local Epoch: 2 / 5 	Acc: 56.010 	Loss: 1.4220[00m
[91m Client9 Train => Local Epoch: 3 / 5 	Acc: 63.582 	Loss: 1.2933[00m
[91m Client9 Train => Local Epoch: 4 / 5 	Acc: 30.409 	Loss: 2.2376[00m
[92m  Client9 Test => 	Acc: 7.359 	Loss: 3.2478[00m
------------------------------------------------
------ Federation process at Server-Side ------- 
------------------------------------------------
-----------------------------------------------------------
------ FedServer: Federation process at Client-Side ------- 
-----------------------------------------------------------
[92m  Client0 Test => 	Acc: 12.929 	Loss: 2.6119[00m
 Train: Round   3, Avg Accuracy 38.123 | Avg Loss 1.914
[91m Client0 Train => Local Epoch: 0 / 5 	Acc: 35.022 	Loss: 1.9400[00m
[91m Client0 Train => Local Epoch: 1 / 5 	Acc: 38.416 	Loss: 1.8296[00m
[91m Client0 Train => Local Epoch: 2 / 5 	Acc: 38.443 	Loss: 1.8281[00m
[91m Client0 Train => Local Epoch: 3 / 5 	Acc: 38.416 	Loss: 1.8307[00m
[91m Client0 Train => Local Epoch: 4 / 5 	Acc: 38.497 	Loss: 1.8303[00m
[92m  Client0 Test => 	Acc: 12.341 	Loss: 3.4171[00m
[91m Client1 Train => Local Epoch: 0 / 5 	Acc: 22.309 	Loss: 2.3762[00m
[91m Client1 Train => Local Epoch: 1 / 5 	Acc: 29.340 	Loss: 2.1613[00m
[91m Client1 Train => Local Epoch: 2 / 5 	Acc: 29.774 	Loss: 2.1229[00m
[91m Client1 Train => Local Epoch: 3 / 5 	Acc: 29.514 	Loss: 2.1148[00m
[91m Client1 Train => Local Epoch: 4 / 5 	Acc: 29.774 	Loss: 2.1153[00m
[92m  Client1 Test => 	Acc: 11.074 	Loss: 3.6249[00m
[91m Client2 Train => Local Epoch: 0 / 5 	Acc: 42.535 	Loss: 2.2345[00m
[91m Client2 Train => Local Epoch: 1 / 5 	Acc: 42.361 	Loss: 2.0941[00m
[91m Client2 Train => Local Epoch: 2 / 5 	Acc: 42.448 	Loss: 2.0860[00m
[91m Client2 Train => Local Epoch: 3 / 5 	Acc: 42.361 	Loss: 2.0788[00m
[91m Client2 Train => Local Epoch: 4 / 5 	Acc: 42.361 	Loss: 2.0786[00m
[92m  Client2 Test => 	Acc: 12.963 	Loss: 3.2848[00m
[91m Client3 Train => Local Epoch: 0 / 5 	Acc: 28.689 	Loss: 2.1031[00m
[91m Client3 Train => Local Epoch: 1 / 5 	Acc: 29.948 	Loss: 9.2404[00m
[91m Client3 Train => Local Epoch: 2 / 5 	Acc: 32.769 	Loss: 1.9180[00m
[91m Client3 Train => Local Epoch: 3 / 5 	Acc: 32.986 	Loss: 1.9156[00m
[91m Client3 Train => Local Epoch: 4 / 5 	Acc: 29.905 	Loss: 13.4784[00m
[92m  Client3 Test => 	Acc: 7.929 	Loss: 3.4088[00m
[91m Client4 Train => Local Epoch: 0 / 5 	Acc: 8.594 	Loss: 2.6882[00m
[91m Client4 Train => Local Epoch: 1 / 5 	Acc: 25.586 	Loss: 2.3021[00m
[91m Client4 Train => Local Epoch: 2 / 5 	Acc: 25.488 	Loss: 2.2367[00m
[91m Client4 Train => Local Epoch: 3 / 5 	Acc: 24.609 	Loss: 2.2123[00m
[91m Client4 Train => Local Epoch: 4 / 5 	Acc: 24.707 	Loss: 2.2035[00m
[92m  Client4 Test => 	Acc: 5.597 	Loss: 3.7565[00m
[91m Client5 Train => Local Epoch: 0 / 5 	Acc: 26.302 	Loss: 2.3297[00m
[91m Client5 Train => Local Epoch: 1 / 5 	Acc: 30.729 	Loss: 2.0396[00m
[91m Client5 Train => Local Epoch: 2 / 5 	Acc: 44.271 	Loss: 1.7286[00m
[91m Client5 Train => Local Epoch: 3 / 5 	Acc: 54.297 	Loss: 1.4852[00m
[91m Client5 Train => Local Epoch: 4 / 5 	Acc: 60.677 	Loss: 1.2306[00m
[92m  Client5 Test => 	Acc: 33.961 	Loss: 2.9501[00m
[91m Client6 Train => Local Epoch: 0 / 5 	Acc: 37.906 	Loss: 1.9577[00m
[91m Client6 Train => Local Epoch: 1 / 5 	Acc: 25.469 	Loss: 2.4171[00m
[91m Client6 Train => Local Epoch: 2 / 5 	Acc: 25.562 	Loss: 2.0794[00m
[91m Client6 Train => Local Epoch: 3 / 5 	Acc: 26.406 	Loss: 2.0799[00m
[91m Client6 Train => Local Epoch: 4 / 5 	Acc: 24.375 	Loss: 2.0800[00m
[92m  Client6 Test => 	Acc: 11.081 	Loss: 3.2303[00m
[91m Client7 Train => Local Epoch: 0 / 5 	Acc: 20.234 	Loss: 2.3673[00m
[91m Client7 Train => Local Epoch: 1 / 5 	Acc: 32.188 	Loss: 2.0803[00m
[91m Client7 Train => Local Epoch: 2 / 5 	Acc: 41.250 	Loss: 1.7467[00m
[91m Client7 Train => Local Epoch: 3 / 5 	Acc: 49.922 	Loss: 1.5949[00m
[91m Client7 Train => Local Epoch: 4 / 5 	Acc: 26.328 	Loss: 2.4439[00m
[92m  Client7 Test => 	Acc: 18.045 	Loss: 3.0606[00m
[91m Client8 Train => Local Epoch: 0 / 5 	Acc: 13.802 	Loss: 2.7209[00m
[91m Client8 Train => Local Epoch: 1 / 5 	Acc: 27.995 	Loss: 2.2518[00m
[91m Client8 Train => Local Epoch: 2 / 5 	Acc: 35.547 	Loss: 1.9580[00m
[91m Client8 Train => Local Epoch: 3 / 5 	Acc: 52.865 	Loss: 1.5834[00m
[91m Client8 Train => Local Epoch: 4 / 5 	Acc: 58.594 	Loss: 1.3365[00m
[92m  Client8 Test => 	Acc: 19.394 	Loss: 3.2843[00m
[91m Client9 Train => Local Epoch: 0 / 5 	Acc: 21.094 	Loss: 2.2534[00mC:\Users\pr8pf\AppData\Local\anaconda3\Lib\site-packages\sklearn\cluster\_kmeans.py:1429: UserWarning: KMeans is known to have a memory leak on Windows with MKL, when there are less chunks than available threads. You can avoid it by setting the environment variable OMP_NUM_THREADS=1.
  warnings.warn(
C:\Users\pr8pf\AppData\Local\anaconda3\Lib\site-packages\sklearn\cluster\_kmeans.py:1429: UserWarning: KMeans is known to have a memory leak on Windows with MKL, when there are less chunks than available threads. You can avoid it by setting the environment variable OMP_NUM_THREADS=1.
  warnings.warn(
[codecarbon INFO @ 08:09:40] [setup] RAM Tracking...
[codecarbon INFO @ 08:09:40] [setup] CPU Tracking...
[codecarbon WARNING @ 08:09:40] No CPU tracking mode found. Falling back on CPU constant mode. 
 Windows OS detected: Please install Intel Power Gadget to measure CPU

[codecarbon INFO @ 08:09:42] CPU Model on constant consumption mode: Intel(R) Xeon(R) Gold 6258R CPU @ 2.70GHz
[codecarbon INFO @ 08:09:42] [setup] GPU Tracking...
[codecarbon INFO @ 08:09:42] Tracking Nvidia GPU via pynvml
[codecarbon INFO @ 08:09:42] >>> Tracker's metadata:
[codecarbon INFO @ 08:09:42]   Platform system: Windows-11-10.0.22631-SP0
[codecarbon INFO @ 08:09:42]   Python version: 3.12.7
[codecarbon INFO @ 08:09:42]   CodeCarbon version: 2.8.3
[codecarbon INFO @ 08:09:42]   Available RAM : 126.630 GB
[codecarbon INFO @ 08:09:42]   CPU count: 56
[codecarbon INFO @ 08:09:42]   CPU model: Intel(R) Xeon(R) Gold 6258R CPU @ 2.70GHz
[codecarbon INFO @ 08:09:42]   GPU count: 2
[codecarbon INFO @ 08:09:42]   GPU model: 2 x NVIDIA RTX A5000
[codecarbon INFO @ 08:09:45] Saving emissions data to file C:\Users\pr8pf\Documents\GitHub\SplitFed\emissions.csv
[codecarbon INFO @ 08:09:46] Energy consumed for RAM : 0.000011 kWh. RAM Power : 47.48608875274658 W
[codecarbon INFO @ 08:09:46] Energy consumed for all CPUs : 0.000024 kWh. Total CPU Power : 102.50000000000001 W
[codecarbon INFO @ 08:09:46] Energy consumed for all GPUs : 0.000004 kWh. Total GPU Power : 16.29211911707747 W
[codecarbon INFO @ 08:09:46] 0.000039 kWh of electricity used since the beginning.
[codecarbon INFO @ 08:10:41] [setup] RAM Tracking...
[codecarbon INFO @ 08:10:41] [setup] CPU Tracking...
[codecarbon WARNING @ 08:10:41] No CPU tracking mode found. Falling back on CPU constant mode. 
 Windows OS detected: Please install Intel Power Gadget to measure CPU

[codecarbon INFO @ 08:10:43] CPU Model on constant consumption mode: Intel(R) Xeon(R) Gold 6258R CPU @ 2.70GHz
[codecarbon INFO @ 08:10:43] [setup] GPU Tracking...
[codecarbon INFO @ 08:10:43] Tracking Nvidia GPU via pynvml
[codecarbon INFO @ 08:10:43] >>> Tracker's metadata:
[codecarbon INFO @ 08:10:43]   Platform system: Windows-11-10.0.22631-SP0
[codecarbon INFO @ 08:10:43]   Python version: 3.12.7
[codecarbon INFO @ 08:10:43]   CodeCarbon version: 2.8.3
[codecarbon INFO @ 08:10:43]   Available RAM : 126.630 GB
[codecarbon INFO @ 08:10:43]   CPU count: 56
[codecarbon INFO @ 08:10:43]   CPU model: Intel(R) Xeon(R) Gold 6258R CPU @ 2.70GHz
[codecarbon INFO @ 08:10:43]   GPU count: 2
[codecarbon INFO @ 08:10:43]   GPU model: 2 x NVIDIA RTX A5000
[codecarbon INFO @ 08:10:46] Saving emissions data to file C:\Users\pr8pf\Documents\GitHub\SplitFed\emissions.csv
[codecarbon INFO @ 08:10:47] Energy consumed for RAM : 0.000009 kWh. RAM Power : 47.48608875274658 W
[codecarbon INFO @ 08:10:47] Energy consumed for all CPUs : 0.000020 kWh. Total CPU Power : 102.50000000000001 W
[codecarbon INFO @ 08:10:47] Energy consumed for all GPUs : 0.000003 kWh. Total GPU Power : 16.36684745376663 W
[codecarbon INFO @ 08:10:47] 0.000033 kWh of electricity used since the beginning.
C:\Users\pr8pf\AppData\Local\anaconda3\Lib\site-packages\sklearn\cluster\_kmeans.py:1429: UserWarning: KMeans is known to have a memory leak on Windows with MKL, when there are less chunks than available threads. You can avoid it by setting the environment variable OMP_NUM_THREADS=1.
  warnings.warn(
C:\Users\pr8pf\AppData\Local\anaconda3\Lib\site-packages\sklearn\cluster\_kmeans.py:1429: UserWarning: KMeans is known to have a memory leak on Windows with MKL, when there are less chunks than available threads. You can avoid it by setting the environment variable OMP_NUM_THREADS=1.
  warnings.warn(
[codecarbon INFO @ 08:36:56] [setup] RAM Tracking...
[codecarbon INFO @ 08:36:56] [setup] CPU Tracking...
[codecarbon WARNING @ 08:36:56] No CPU tracking mode found. Falling back on CPU constant mode. 
 Windows OS detected: Please install Intel Power Gadget to measure CPU

[codecarbon INFO @ 08:36:58] CPU Model on constant consumption mode: Intel(R) Xeon(R) Gold 6258R CPU @ 2.70GHz
[codecarbon INFO @ 08:36:58] [setup] GPU Tracking...
[codecarbon INFO @ 08:36:58] Tracking Nvidia GPU via pynvml
[codecarbon INFO @ 08:36:58] >>> Tracker's metadata:
[codecarbon INFO @ 08:36:58]   Platform system: Windows-11-10.0.22631-SP0
[codecarbon INFO @ 08:36:58]   Python version: 3.12.7
[codecarbon INFO @ 08:36:58]   CodeCarbon version: 2.8.3
[codecarbon INFO @ 08:36:58]   Available RAM : 126.630 GB
[codecarbon INFO @ 08:36:58]   CPU count: 56
[codecarbon INFO @ 08:36:58]   CPU model: Intel(R) Xeon(R) Gold 6258R CPU @ 2.70GHz
[codecarbon INFO @ 08:36:58]   GPU count: 2
[codecarbon INFO @ 08:36:58]   GPU model: 2 x NVIDIA RTX A5000
[codecarbon INFO @ 08:37:01] Saving emissions data to file C:\Users\pr8pf\Documents\GitHub\SplitFed\emissions.csv
[codecarbon INFO @ 08:37:02] Energy consumed for RAM : 0.000014 kWh. RAM Power : 47.48608875274658 W
[codecarbon INFO @ 08:37:02] Energy consumed for all CPUs : 0.000031 kWh. Total CPU Power : 102.50000000000001 W
[codecarbon INFO @ 08:37:02] Energy consumed for all GPUs : 0.000005 kWh. Total GPU Power : 16.126779164315106 W
[codecarbon INFO @ 08:37:02] 0.000050 kWh of electricity used since the beginning.
[codecarbon INFO @ 08:37:57] [setup] RAM Tracking...
[codecarbon INFO @ 08:37:57] [setup] CPU Tracking...
[codecarbon WARNING @ 08:37:57] No CPU tracking mode found. Falling back on CPU constant mode. 
 Windows OS detected: Please install Intel Power Gadget to measure CPU

[codecarbon INFO @ 08:37:58] CPU Model on constant consumption mode: Intel(R) Xeon(R) Gold 6258R CPU @ 2.70GHz
[codecarbon INFO @ 08:37:58] [setup] GPU Tracking...
[codecarbon INFO @ 08:37:58] Tracking Nvidia GPU via pynvml
[codecarbon INFO @ 08:37:58] >>> Tracker's metadata:
[codecarbon INFO @ 08:37:58]   Platform system: Windows-11-10.0.22631-SP0
[codecarbon INFO @ 08:37:58]   Python version: 3.12.7
[codecarbon INFO @ 08:37:58]   CodeCarbon version: 2.8.3
[codecarbon INFO @ 08:37:58]   Available RAM : 126.630 GB
[codecarbon INFO @ 08:37:58]   CPU count: 56
[codecarbon INFO @ 08:37:58]   CPU model: Intel(R) Xeon(R) Gold 6258R CPU @ 2.70GHz
[codecarbon INFO @ 08:37:58]   GPU count: 2
[codecarbon INFO @ 08:37:58]   GPU model: 2 x NVIDIA RTX A5000
[codecarbon INFO @ 08:38:02] Saving emissions data to file C:\Users\pr8pf\Documents\GitHub\SplitFed\emissions.csv
[codecarbon INFO @ 08:38:02] Energy consumed for RAM : 0.000009 kWh. RAM Power : 47.48608875274658 W
[codecarbon INFO @ 08:38:02] Energy consumed for all CPUs : 0.000020 kWh. Total CPU Power : 102.50000000000001 W
[codecarbon INFO @ 08:38:02] Energy consumed for all GPUs : 0.000004 kWh. Total GPU Power : 18.466501307025897 W
[codecarbon INFO @ 08:38:02] 0.000033 kWh of electricity used since the beginning.

[91m Client9 Train => Local Epoch: 1 / 5 	Acc: 34.916 	Loss: 1.9251[00m
[91m Client9 Train => Local Epoch: 2 / 5 	Acc: 58.233 	Loss: 1.4209[00m
[91m Client9 Train => Local Epoch: 3 / 5 	Acc: 70.072 	Loss: 0.9940[00m
[91m Client9 Train => Local Epoch: 4 / 5 	Acc: 72.115 	Loss: 0.9378[00m
[92m  Client9 Test => 	Acc: 50.935 	Loss: 1.9284[00m
------------------------------------------------
------ Federation process at Server-Side ------- 
------------------------------------------------
-----------------------------------------------------------
------ FedServer: Federation process at Client-Side ------- 
-----------------------------------------------------------
[92m  Client0 Test => 	Acc: 12.983 	Loss: 2.5846[00m
 Train: Round   4, Avg Accuracy 40.733 | Avg Loss 2.974
[91m Client0 Train => Local Epoch: 0 / 5 	Acc: 34.617 	Loss: 1.9726[00m
[91m Client0 Train => Local Epoch: 1 / 5 	Acc: 38.389 	Loss: 1.8315[00m
[91m Client0 Train => Local Epoch: 2 / 5 	Acc: 38.578 	Loss: 1.8289[00m
[91m Client0 Train => Local Epoch: 3 / 5 	Acc: 38.443 	Loss: 1.8274[00m
[91m Client0 Train => Local Epoch: 4 / 5 	Acc: 38.443 	Loss: 1.8287[00m
[92m  Client0 Test => 	Acc: 12.348 	Loss: 3.4193[00m
[91m Client1 Train => Local Epoch: 0 / 5 	Acc: 18.750 	Loss: 2.4417[00m
[91m Client1 Train => Local Epoch: 1 / 5 	Acc: 29.861 	Loss: 2.1389[00m
[91m Client1 Train => Local Epoch: 2 / 5 	Acc: 30.035 	Loss: 2.1149[00m
[91m Client1 Train => Local Epoch: 3 / 5 	Acc: 30.122 	Loss: 2.1156[00m
[91m Client1 Train => Local Epoch: 4 / 5 	Acc: 29.774 	Loss: 2.1131[00m
[92m  Client1 Test => 	Acc: 11.067 	Loss: 3.7426[00m
[91m Client2 Train => Local Epoch: 0 / 5 	Acc: 42.274 	Loss: 2.2843[00m
[91m Client2 Train => Local Epoch: 1 / 5 	Acc: 42.448 	Loss: 2.1141[00m
[91m Client2 Train => Local Epoch: 2 / 5 	Acc: 42.361 	Loss: 2.0852[00m
[91m Client2 Train => Local Epoch: 3 / 5 	Acc: 42.274 	Loss: 2.0851[00m
[91m Client2 Train => Local Epoch: 4 / 5 	Acc: 42.274 	Loss: 2.0781[00m
[92m  Client2 Test => 	Acc: 12.915 	Loss: 3.1919[00m
[91m Client3 Train => Local Epoch: 0 / 5 	Acc: 27.778 	Loss: 2.1177[00m
[91m Client3 Train => Local Epoch: 1 / 5 	Acc: 31.727 	Loss: 1.9040[00m
[91m Client3 Train => Local Epoch: 2 / 5 	Acc: 32.899 	Loss: 1.9076[00m
[91m Client3 Train => Local Epoch: 3 / 5 	Acc: 33.464 	Loss: 1.8957[00m
[91m Client3 Train => Local Epoch: 4 / 5 	Acc: 32.639 	Loss: 1.9020[00m
[92m  Client3 Test => 	Acc: 7.936 	Loss: 3.4745[00m
[91m Client4 Train => Local Epoch: 0 / 5 	Acc: 11.621 	Loss: 2.6065[00m
[91m Client4 Train => Local Epoch: 1 / 5 	Acc: 25.488 	Loss: 2.2733[00m
[91m Client4 Train => Local Epoch: 2 / 5 	Acc: 24.902 	Loss: 2.2627[00m
[91m Client4 Train => Local Epoch: 3 / 5 	Acc: 25.000 	Loss: 2.2236[00m
[91m Client4 Train => Local Epoch: 4 / 5 	Acc: 25.000 	Loss: 2.2200[00m
[92m  Client4 Test => 	Acc: 5.590 	Loss: 3.6674[00m
[91m Client5 Train => Local Epoch: 0 / 5 	Acc: 36.849 	Loss: 2.2681[00m
[91m Client5 Train => Local Epoch: 1 / 5 	Acc: 49.219 	Loss: 1.7145[00m
[91m Client5 Train => Local Epoch: 2 / 5 	Acc: 58.984 	Loss: 1.3192[00m
[91m Client5 Train => Local Epoch: 3 / 5 	Acc: 61.328 	Loss: 1.1544[00m
[91m Client5 Train => Local Epoch: 4 / 5 	Acc: 63.802 	Loss: 1.0896[00m
[92m  Client5 Test => 	Acc: 43.616 	Loss: 2.2430[00m
[91m Client6 Train => Local Epoch: 0 / 5 	Acc: 48.219 	Loss: 1.7070[00m
[91m Client6 Train => Local Epoch: 1 / 5 	Acc: 68.062 	Loss: 1.0799[00m
[91m Client6 Train => Local Epoch: 2 / 5 	Acc: 76.500 	Loss: 0.7807[00m
[91m Client6 Train => Local Epoch: 3 / 5 	Acc: 76.625 	Loss: 0.7944[00m
[91m Client6 Train => Local Epoch: 4 / 5 	Acc: 76.406 	Loss: 0.7963[00m
[92m  Client6 Test => 	Acc: 60.164 	Loss: 1.7390[00m
[91m Client7 Train => Local Epoch: 0 / 5 	Acc: 24.609 	Loss: 2.3447[00m
[91m Client7 Train => Local Epoch: 1 / 5 	Acc: 36.328 	Loss: 1.9239[00m
[91m Client7 Train => Local Epoch: 2 / 5 	Acc: 36.641 	Loss: 1.9105[00m
[91m Client7 Train => Local Epoch: 3 / 5 	Acc: 43.047 	Loss: 1.6378[00m
[91m Client7 Train => Local Epoch: 4 / 5 	Acc: 43.594 	Loss: 1.6290[00m
[92m  Client7 Test => 	Acc: 30.541 	Loss: 2.2913[00m
[91m Client8 Train => Local Epoch: 0 / 5 	Acc: 22.786 	Loss: 2.6468[00m
[91m Client8 Train => Local Epoch: 1 / 5 	Acc: 38.672 	Loss: 2.0312[00m
[91m Client8 Train => Local Epoch: 2 / 5 	Acc: 53.646 	Loss: 1.5220[00m
[91m Client8 Train => Local Epoch: 3 / 5 	Acc: 65.365 	Loss: 1.1833[00m
[91m Client8 Train => Local Epoch: 4 / 5 	Acc: 70.182 	Loss: 0.9825[00m
[92m  Client8 Test => 	Acc: 28.556 	Loss: 2.7492[00m
[91m Client9 Train => Local Epoch: 0 / 5 	Acc: 24.700 	Loss: 2.1892[00m
[91m Client9 Train => Local Epoch: 1 / 5 	Acc: 55.529 	Loss: 1.4282[00m
[91m Client9 Train => Local Epoch: 2 / 5 	Acc: 54.868 	Loss: 1.5576[00m
[91m Client9 Train => Local Epoch: 3 / 5 	Acc: 55.589 	Loss: 1.4389[00m
[91m Client9 Train => Local Epoch: 4 / 5 	Acc: 63.582 	Loss: 1.2596[00m
[92m  Client9 Test => 	Acc: 45.159 	Loss: 2.0238[00m
------------------------------------------------
------ Federation process at Server-Side ------- 
------------------------------------------------
-----------------------------------------------------------
------ FedServer: Federation process at Client-Side ------- 
-----------------------------------------------------------
[92m  Client0 Test => 	Acc: 24.572 	Loss: 2.4229[00m
 Train: Round   5, Avg Accuracy 48.570 | Avg Loss 1.590
[91m Client0 Train => Local Epoch: 0 / 5 	Acc: 33.809 	Loss: 2.0072[00m
[91m Client0 Train => Local Epoch: 1 / 5 	Acc: 38.389 	Loss: 1.8289[00m
[91m Client0 Train => Local Epoch: 2 / 5 	Acc: 38.443 	Loss: 1.8293[00m
[91m Client0 Train => Local Epoch: 3 / 5 	Acc: 38.281 	Loss: 1.8330[00m
[91m Client0 Train => Local Epoch: 4 / 5 	Acc: 38.443 	Loss: 1.8250[00m
[92m  Client0 Test => 	Acc: 13.052 	Loss: 3.4239[00m
[91m Client1 Train => Local Epoch: 0 / 5 	Acc: 16.146 	Loss: 2.4728[00m
[91m Client1 Train => Local Epoch: 1 / 5 	Acc: 30.295 	Loss: 2.1330[00m
[91m Client1 Train => Local Epoch: 2 / 5 	Acc: 29.427 	Loss: 2.1353[00m
[91m Client1 Train => Local Epoch: 3 / 5 	Acc: 29.688 	Loss: 2.1195[00m
[91m Client1 Train => Local Epoch: 4 / 5 	Acc: 29.688 	Loss: 2.1156[00m
[92m  Client1 Test => 	Acc: 11.074 	Loss: 3.4777[00m
[91m Client2 Train => Local Epoch: 0 / 5 	Acc: 42.101 	Loss: 2.2320[00m
[91m Client2 Train => Local Epoch: 1 / 5 	Acc: 42.448 	Loss: 2.0872[00m
[91m Client2 Train => Local Epoch: 2 / 5 	Acc: 42.448 	Loss: 2.0862[00m
[91m Client2 Train => Local Epoch: 3 / 5 	Acc: 42.448 	Loss: 2.0779[00m
[91m Client2 Train => Local Epoch: 4 / 5 	Acc: 42.535 	Loss: 2.0746[00m
[92m  Client2 Test => 	Acc: 12.956 	Loss: 2.9942[00m
[91m Client3 Train => Local Epoch: 0 / 5 	Acc: 28.299 	Loss: 2.0900[00m
[91m Client3 Train => Local Epoch: 1 / 5 	Acc: 31.380 	Loss: 1.9172[00m
[91m Client3 Train => Local Epoch: 2 / 5 	Acc: 33.290 	Loss: 1.8988[00m
[91m Client3 Train => Local Epoch: 3 / 5 	Acc: 33.116 	Loss: 1.9018[00m
[91m Client3 Train => Local Epoch: 4 / 5 	Acc: 33.203 	Loss: 1.8996[00m
[92m  Client3 Test => 	Acc: 10.110 	Loss: 3.0723[00m
[91m Client4 Train => Local Epoch: 0 / 5 	Acc: 12.891 	Loss: 2.5830[00m
[91m Client4 Train => Local Epoch: 1 / 5 	Acc: 24.316 	Loss: 2.2835[00m
[91m Client4 Train => Local Epoch: 2 / 5 	Acc: 23.730 	Loss: 2.2446[00m
[91m Client4 Train => Local Epoch: 3 / 5 	Acc: 24.121 	Loss: 2.2302[00m
[91m Client4 Train => Local Epoch: 4 / 5 	Acc: 25.195 	Loss: 2.2228[00m
[92m  Client4 Test => 	Acc: 16.588 	Loss: 3.1597[00m
[91m Client5 Train => Local Epoch: 0 / 5 	Acc: 51.823 	Loss: 1.9299[00m
[91m Client5 Train => Local Epoch: 1 / 5 	Acc: 60.156 	Loss: 1.2571[00m
[91m Client5 Train => Local Epoch: 2 / 5 	Acc: 72.266 	Loss: 0.8801[00m
[91m Client5 Train => Local Epoch: 3 / 5 	Acc: 76.562 	Loss: 0.7723[00m
[91m Client5 Train => Local Epoch: 4 / 5 	Acc: 78.646 	Loss: 0.6774[00m
[92m  Client5 Test => 	Acc: 45.533 	Loss: 2.4022[00m
[91m Client6 Train => Local Epoch: 0 / 5 	Acc: 60.438 	Loss: 1.3881[00mC:\Users\pr8pf\AppData\Local\anaconda3\Lib\site-packages\sklearn\cluster\_kmeans.py:1429: UserWarning: KMeans is known to have a memory leak on Windows with MKL, when there are less chunks than available threads. You can avoid it by setting the environment variable OMP_NUM_THREADS=1.
  warnings.warn(
C:\Users\pr8pf\AppData\Local\anaconda3\Lib\site-packages\sklearn\cluster\_kmeans.py:1429: UserWarning: KMeans is known to have a memory leak on Windows with MKL, when there are less chunks than available threads. You can avoid it by setting the environment variable OMP_NUM_THREADS=1.
  warnings.warn(
[codecarbon INFO @ 09:04:11] [setup] RAM Tracking...
[codecarbon INFO @ 09:04:11] [setup] CPU Tracking...
[codecarbon WARNING @ 09:04:11] No CPU tracking mode found. Falling back on CPU constant mode. 
 Windows OS detected: Please install Intel Power Gadget to measure CPU

[codecarbon INFO @ 09:04:12] CPU Model on constant consumption mode: Intel(R) Xeon(R) Gold 6258R CPU @ 2.70GHz
[codecarbon INFO @ 09:04:12] [setup] GPU Tracking...
[codecarbon INFO @ 09:04:12] Tracking Nvidia GPU via pynvml
[codecarbon INFO @ 09:04:12] >>> Tracker's metadata:
[codecarbon INFO @ 09:04:12]   Platform system: Windows-11-10.0.22631-SP0
[codecarbon INFO @ 09:04:12]   Python version: 3.12.7
[codecarbon INFO @ 09:04:12]   CodeCarbon version: 2.8.3
[codecarbon INFO @ 09:04:12]   Available RAM : 126.630 GB
[codecarbon INFO @ 09:04:12]   CPU count: 56
[codecarbon INFO @ 09:04:12]   CPU model: Intel(R) Xeon(R) Gold 6258R CPU @ 2.70GHz
[codecarbon INFO @ 09:04:12]   GPU count: 2
[codecarbon INFO @ 09:04:12]   GPU model: 2 x NVIDIA RTX A5000
[codecarbon INFO @ 09:04:15] Saving emissions data to file C:\Users\pr8pf\Documents\GitHub\SplitFed\emissions.csv
[codecarbon INFO @ 09:04:16] Energy consumed for RAM : 0.000013 kWh. RAM Power : 47.48608875274658 W
[codecarbon INFO @ 09:04:16] Energy consumed for all CPUs : 0.000028 kWh. Total CPU Power : 102.50000000000001 W
[codecarbon INFO @ 09:04:16] Energy consumed for all GPUs : 0.000006 kWh. Total GPU Power : 23.50321644339971 W
[codecarbon INFO @ 09:04:16] 0.000047 kWh of electricity used since the beginning.
[codecarbon INFO @ 09:05:13] [setup] RAM Tracking...
[codecarbon INFO @ 09:05:13] [setup] CPU Tracking...
[codecarbon WARNING @ 09:05:13] No CPU tracking mode found. Falling back on CPU constant mode. 
 Windows OS detected: Please install Intel Power Gadget to measure CPU

[codecarbon INFO @ 09:05:14] CPU Model on constant consumption mode: Intel(R) Xeon(R) Gold 6258R CPU @ 2.70GHz
[codecarbon INFO @ 09:05:14] [setup] GPU Tracking...
[codecarbon INFO @ 09:05:14] Tracking Nvidia GPU via pynvml
[codecarbon INFO @ 09:05:14] >>> Tracker's metadata:
[codecarbon INFO @ 09:05:14]   Platform system: Windows-11-10.0.22631-SP0
[codecarbon INFO @ 09:05:14]   Python version: 3.12.7
[codecarbon INFO @ 09:05:14]   CodeCarbon version: 2.8.3
[codecarbon INFO @ 09:05:14]   Available RAM : 126.630 GB
[codecarbon INFO @ 09:05:14]   CPU count: 56
[codecarbon INFO @ 09:05:14]   CPU model: Intel(R) Xeon(R) Gold 6258R CPU @ 2.70GHz
[codecarbon INFO @ 09:05:14]   GPU count: 2
[codecarbon INFO @ 09:05:14]   GPU model: 2 x NVIDIA RTX A5000
[codecarbon INFO @ 09:05:17] Saving emissions data to file C:\Users\pr8pf\Documents\GitHub\SplitFed\emissions.csv
[codecarbon INFO @ 09:05:18] Energy consumed for RAM : 0.000010 kWh. RAM Power : 47.48608875274658 W
[codecarbon INFO @ 09:05:18] Energy consumed for all CPUs : 0.000021 kWh. Total CPU Power : 102.50000000000001 W
[codecarbon INFO @ 09:05:18] Energy consumed for all GPUs : 0.000003 kWh. Total GPU Power : 17.058605318172155 W
[codecarbon INFO @ 09:05:18] 0.000034 kWh of electricity used since the beginning.
C:\Users\pr8pf\AppData\Local\anaconda3\Lib\site-packages\sklearn\cluster\_kmeans.py:1429: UserWarning: KMeans is known to have a memory leak on Windows with MKL, when there are less chunks than available threads. You can avoid it by setting the environment variable OMP_NUM_THREADS=1.
  warnings.warn(
C:\Users\pr8pf\AppData\Local\anaconda3\Lib\site-packages\sklearn\cluster\_kmeans.py:1429: UserWarning: KMeans is known to have a memory leak on Windows with MKL, when there are less chunks than available threads. You can avoid it by setting the environment variable OMP_NUM_THREADS=1.
  warnings.warn(
[codecarbon INFO @ 09:31:37] [setup] RAM Tracking...
[codecarbon INFO @ 09:31:37] [setup] CPU Tracking...
[codecarbon WARNING @ 09:31:37] No CPU tracking mode found. Falling back on CPU constant mode. 
 Windows OS detected: Please install Intel Power Gadget to measure CPU

[codecarbon INFO @ 09:31:39] CPU Model on constant consumption mode: Intel(R) Xeon(R) Gold 6258R CPU @ 2.70GHz
[codecarbon INFO @ 09:31:39] [setup] GPU Tracking...
[codecarbon INFO @ 09:31:39] Tracking Nvidia GPU via pynvml
[codecarbon INFO @ 09:31:39] >>> Tracker's metadata:
[codecarbon INFO @ 09:31:39]   Platform system: Windows-11-10.0.22631-SP0
[codecarbon INFO @ 09:31:39]   Python version: 3.12.7
[codecarbon INFO @ 09:31:39]   CodeCarbon version: 2.8.3
[codecarbon INFO @ 09:31:39]   Available RAM : 126.630 GB
[codecarbon INFO @ 09:31:39]   CPU count: 56
[codecarbon INFO @ 09:31:39]   CPU model: Intel(R) Xeon(R) Gold 6258R CPU @ 2.70GHz
[codecarbon INFO @ 09:31:39]   GPU count: 2
[codecarbon INFO @ 09:31:39]   GPU model: 2 x NVIDIA RTX A5000
[codecarbon INFO @ 09:31:42] Saving emissions data to file C:\Users\pr8pf\Documents\GitHub\SplitFed\emissions.csv
[codecarbon INFO @ 09:31:43] Energy consumed for RAM : 0.000010 kWh. RAM Power : 47.48608875274658 W
[codecarbon INFO @ 09:31:43] Energy consumed for all CPUs : 0.000021 kWh. Total CPU Power : 102.50000000000001 W
[codecarbon INFO @ 09:31:43] Energy consumed for all GPUs : 0.000003 kWh. Total GPU Power : 15.846339603949994 W
[codecarbon INFO @ 09:31:43] 0.000034 kWh of electricity used since the beginning.
[codecarbon INFO @ 09:32:38] [setup] RAM Tracking...
[codecarbon INFO @ 09:32:38] [setup] CPU Tracking...
[codecarbon WARNING @ 09:32:38] No CPU tracking mode found. Falling back on CPU constant mode. 
 Windows OS detected: Please install Intel Power Gadget to measure CPU

[codecarbon INFO @ 09:32:39] CPU Model on constant consumption mode: Intel(R) Xeon(R) Gold 6258R CPU @ 2.70GHz
[codecarbon INFO @ 09:32:39] [setup] GPU Tracking...
[codecarbon INFO @ 09:32:39] Tracking Nvidia GPU via pynvml
[codecarbon INFO @ 09:32:39] >>> Tracker's metadata:
[codecarbon INFO @ 09:32:39]   Platform system: Windows-11-10.0.22631-SP0
[codecarbon INFO @ 09:32:39]   Python version: 3.12.7
[codecarbon INFO @ 09:32:39]   CodeCarbon version: 2.8.3
[codecarbon INFO @ 09:32:39]   Available RAM : 126.630 GB
[codecarbon INFO @ 09:32:39]   CPU count: 56
[codecarbon INFO @ 09:32:39]   CPU model: Intel(R) Xeon(R) Gold 6258R CPU @ 2.70GHz
[codecarbon INFO @ 09:32:39]   GPU count: 2
[codecarbon INFO @ 09:32:39]   GPU model: 2 x NVIDIA RTX A5000
[codecarbon INFO @ 09:32:43] Saving emissions data to file C:\Users\pr8pf\Documents\GitHub\SplitFed\emissions.csv
[codecarbon INFO @ 09:32:43] Energy consumed for RAM : 0.000009 kWh. RAM Power : 47.48608875274658 W
[codecarbon INFO @ 09:32:43] Energy consumed for all CPUs : 0.000020 kWh. Total CPU Power : 102.50000000000001 W
[codecarbon INFO @ 09:32:43] Energy consumed for all GPUs : 0.000005 kWh. Total GPU Power : 26.207988346097334 W
[codecarbon INFO @ 09:32:43] 0.000035 kWh of electricity used since the beginning.

[91m Client6 Train => Local Epoch: 1 / 5 	Acc: 70.531 	Loss: 0.9755[00m
[91m Client6 Train => Local Epoch: 2 / 5 	Acc: 80.781 	Loss: 0.6632[00m
[91m Client6 Train => Local Epoch: 3 / 5 	Acc: 85.250 	Loss: 0.5232[00m
[91m Client6 Train => Local Epoch: 4 / 5 	Acc: 86.750 	Loss: 0.4781[00m
[92m  Client6 Test => 	Acc: 65.039 	Loss: 1.1398[00m
[91m Client7 Train => Local Epoch: 0 / 5 	Acc: 33.438 	Loss: 2.1265[00m
[91m Client7 Train => Local Epoch: 1 / 5 	Acc: 51.328 	Loss: 1.4611[00m
[91m Client7 Train => Local Epoch: 2 / 5 	Acc: 61.172 	Loss: 1.1482[00m
[91m Client7 Train => Local Epoch: 3 / 5 	Acc: 69.141 	Loss: 0.9114[00m
[91m Client7 Train => Local Epoch: 4 / 5 	Acc: 65.078 	Loss: 1.1401[00m
[92m  Client7 Test => 	Acc: 48.471 	Loss: 1.7637[00m
[91m Client8 Train => Local Epoch: 0 / 5 	Acc: 28.646 	Loss: 2.4081[00m
[91m Client8 Train => Local Epoch: 1 / 5 	Acc: 55.339 	Loss: 1.4507[00m
[91m Client8 Train => Local Epoch: 2 / 5 	Acc: 68.620 	Loss: 1.0324[00m
[91m Client8 Train => Local Epoch: 3 / 5 	Acc: 75.391 	Loss: 0.8221[00m
[91m Client8 Train => Local Epoch: 4 / 5 	Acc: 78.776 	Loss: 0.6929[00m
[92m  Client8 Test => 	Acc: 35.087 	Loss: 2.6819[00m
[91m Client9 Train => Local Epoch: 0 / 5 	Acc: 43.029 	Loss: 1.8766[00m
[91m Client9 Train => Local Epoch: 1 / 5 	Acc: 69.471 	Loss: 1.0692[00m
[91m Client9 Train => Local Epoch: 2 / 5 	Acc: 77.404 	Loss: 0.7874[00m
[91m Client9 Train => Local Epoch: 3 / 5 	Acc: 81.550 	Loss: 0.6149[00m
[91m Client9 Train => Local Epoch: 4 / 5 	Acc: 87.200 	Loss: 0.4529[00m
[92m  Client9 Test => 	Acc: 61.987 	Loss: 1.2508[00m
------------------------------------------------
------ Federation process at Server-Side ------- 
------------------------------------------------
-----------------------------------------------------------
------ FedServer: Federation process at Client-Side ------- 
-----------------------------------------------------------
[92m  Client0 Test => 	Acc: 48.671 	Loss: 1.8289[00m
 Train: Round   6, Avg Accuracy 56.551 | Avg Loss 1.358
[91m Client0 Train => Local Epoch: 0 / 5 	Acc: 34.941 	Loss: 1.9814[00m
[91m Client0 Train => Local Epoch: 1 / 5 	Acc: 38.173 	Loss: 1.8333[00m
[91m Client0 Train => Local Epoch: 2 / 5 	Acc: 38.416 	Loss: 1.8305[00m
[91m Client0 Train => Local Epoch: 3 / 5 	Acc: 38.470 	Loss: 1.8262[00m
[91m Client0 Train => Local Epoch: 4 / 5 	Acc: 38.443 	Loss: 1.8286[00m
[92m  Client0 Test => 	Acc: 12.321 	Loss: 3.3594[00m
[91m Client1 Train => Local Epoch: 0 / 5 	Acc: 19.531 	Loss: 2.4326[00m
[91m Client1 Train => Local Epoch: 1 / 5 	Acc: 29.861 	Loss: 2.1492[00m
[91m Client1 Train => Local Epoch: 2 / 5 	Acc: 30.035 	Loss: 2.1207[00m
[91m Client1 Train => Local Epoch: 3 / 5 	Acc: 29.688 	Loss: 2.1269[00m
[91m Client1 Train => Local Epoch: 4 / 5 	Acc: 29.774 	Loss: 2.1095[00m
[92m  Client1 Test => 	Acc: 13.948 	Loss: 2.9098[00m
[91m Client2 Train => Local Epoch: 0 / 5 	Acc: 42.622 	Loss: 2.2468[00m
[91m Client2 Train => Local Epoch: 1 / 5 	Acc: 42.448 	Loss: 2.0936[00m
[91m Client2 Train => Local Epoch: 2 / 5 	Acc: 42.448 	Loss: 2.0848[00m
[91m Client2 Train => Local Epoch: 3 / 5 	Acc: 42.188 	Loss: 2.0802[00m
[91m Client2 Train => Local Epoch: 4 / 5 	Acc: 42.535 	Loss: 2.0754[00m
[92m  Client2 Test => 	Acc: 12.956 	Loss: 3.3806[00m
[91m Client3 Train => Local Epoch: 0 / 5 	Acc: 26.823 	Loss: 2.0933[00m
[91m Client3 Train => Local Epoch: 1 / 5 	Acc: 31.380 	Loss: 1.9115[00m
[91m Client3 Train => Local Epoch: 2 / 5 	Acc: 33.160 	Loss: 1.9001[00m
[91m Client3 Train => Local Epoch: 3 / 5 	Acc: 32.986 	Loss: 1.9049[00m
[91m Client3 Train => Local Epoch: 4 / 5 	Acc: 32.943 	Loss: 1.9020[00m
[92m  Client3 Test => 	Acc: 13.577 	Loss: 2.5525[00m
[91m Client4 Train => Local Epoch: 0 / 5 	Acc: 12.988 	Loss: 2.6070[00m
[91m Client4 Train => Local Epoch: 1 / 5 	Acc: 24.707 	Loss: 2.2858[00m
[91m Client4 Train => Local Epoch: 2 / 5 	Acc: 24.219 	Loss: 2.2363[00m
[91m Client4 Train => Local Epoch: 3 / 5 	Acc: 24.414 	Loss: 2.2268[00m
[91m Client4 Train => Local Epoch: 4 / 5 	Acc: 24.902 	Loss: 2.2142[00m
[92m  Client4 Test => 	Acc: 5.597 	Loss: 3.7477[00m
[91m Client5 Train => Local Epoch: 0 / 5 	Acc: 67.969 	Loss: 1.2777[00m
[91m Client5 Train => Local Epoch: 1 / 5 	Acc: 75.000 	Loss: 0.7662[00m
[91m Client5 Train => Local Epoch: 2 / 5 	Acc: 81.250 	Loss: 0.5722[00m
[91m Client5 Train => Local Epoch: 3 / 5 	Acc: 80.208 	Loss: 0.5355[00m
[91m Client5 Train => Local Epoch: 4 / 5 	Acc: 81.120 	Loss: 0.5402[00m
[92m  Client5 Test => 	Acc: 51.370 	Loss: 2.1006[00m
[91m Client6 Train => Local Epoch: 0 / 5 	Acc: 70.281 	Loss: 1.0095[00m
[91m Client6 Train => Local Epoch: 1 / 5 	Acc: 82.312 	Loss: 0.5831[00m
[91m Client6 Train => Local Epoch: 2 / 5 	Acc: 86.562 	Loss: 0.4485[00m
[91m Client6 Train => Local Epoch: 3 / 5 	Acc: 89.062 	Loss: 0.3608[00m
[91m Client6 Train => Local Epoch: 4 / 5 	Acc: 91.406 	Loss: 0.3038[00m
[92m  Client6 Test => 	Acc: 65.981 	Loss: 1.3341[00m
[91m Client7 Train => Local Epoch: 0 / 5 	Acc: 51.328 	Loss: 1.6030[00m
[91m Client7 Train => Local Epoch: 1 / 5 	Acc: 67.188 	Loss: 1.0054[00m
[91m Client7 Train => Local Epoch: 2 / 5 	Acc: 61.797 	Loss: 1.2154[00m
[91m Client7 Train => Local Epoch: 3 / 5 	Acc: 74.531 	Loss: 0.7925[00m
[91m Client7 Train => Local Epoch: 4 / 5 	Acc: 73.516 	Loss: 0.8092[00m
[92m  Client7 Test => 	Acc: 53.200 	Loss: 1.5032[00m
[91m Client8 Train => Local Epoch: 0 / 5 	Acc: 47.656 	Loss: 1.7333[00m
[91m Client8 Train => Local Epoch: 1 / 5 	Acc: 73.958 	Loss: 0.8498[00m
[91m Client8 Train => Local Epoch: 2 / 5 	Acc: 82.422 	Loss: 0.6195[00m
[91m Client8 Train => Local Epoch: 3 / 5 	Acc: 86.589 	Loss: 0.4465[00m
[91m Client8 Train => Local Epoch: 4 / 5 	Acc: 86.068 	Loss: 0.4146[00m
[92m  Client8 Test => 	Acc: 51.044 	Loss: 1.8120[00m
[91m Client9 Train => Local Epoch: 0 / 5 	Acc: 69.772 	Loss: 1.1673[00m
[91m Client9 Train => Local Epoch: 1 / 5 	Acc: 82.332 	Loss: 0.6218[00m
[91m Client9 Train => Local Epoch: 2 / 5 	Acc: 83.594 	Loss: 0.5727[00m
[91m Client9 Train => Local Epoch: 3 / 5 	Acc: 87.200 	Loss: 0.4377[00m
[91m Client9 Train => Local Epoch: 4 / 5 	Acc: 88.041 	Loss: 0.3860[00m
[92m  Client9 Test => 	Acc: 67.614 	Loss: 1.1944[00m
------------------------------------------------
------ Federation process at Server-Side ------- 
------------------------------------------------
-----------------------------------------------------------
------ FedServer: Federation process at Client-Side ------- 
-----------------------------------------------------------
[92m  Client0 Test => 	Acc: 55.837 	Loss: 1.5290[00m
 Train: Round   7, Avg Accuracy 58.875 | Avg Loss 1.258
[91m Client0 Train => Local Epoch: 0 / 5 	Acc: 33.055 	Loss: 2.0530[00m
[91m Client0 Train => Local Epoch: 1 / 5 	Acc: 37.204 	Loss: 4.8002[00m
[91m Client0 Train => Local Epoch: 2 / 5 	Acc: 37.015 	Loss: 1.8396[00m
[91m Client0 Train => Local Epoch: 3 / 5 	Acc: 38.551 	Loss: 1.8283[00m
[91m Client0 Train => Local Epoch: 4 / 5 	Acc: 38.066 	Loss: 1.8269[00m
[92m  Client0 Test => 	Acc: 12.362 	Loss: 3.4255[00m
[91m Client1 Train => Local Epoch: 0 / 5 	Acc: 18.576 	Loss: 2.4396[00m
[91m Client1 Train => Local Epoch: 1 / 5 	Acc: 29.948 	Loss: 2.1496[00m
[91m Client1 Train => Local Epoch: 2 / 5 	Acc: 29.861 	Loss: 2.1734[00m
[91m Client1 Train => Local Epoch: 3 / 5 	Acc: 29.948 	Loss: 2.1108[00m
[91m Client1 Train => Local Epoch: 4 / 5 	Acc: 30.122 	Loss: 2.1069[00m
[92m  Client1 Test => 	Acc: 11.081 	Loss: 4.1629[00m
[91m Client2 Train => Local Epoch: 0 / 5 	Acc: 41.753 	Loss: 2.2350[00m
[91m Client2 Train => Local Epoch: 1 / 5 	Acc: 42.274 	Loss: 2.1079[00m
[91m Client2 Train => Local Epoch: 2 / 5 	Acc: 42.361 	Loss: 2.0846[00m
[91m Client2 Train => Local Epoch: 3 / 5 	Acc: 42.014 	Loss: 2.0876[00m
[91m Client2 Train => Local Epoch: 4 / 5 	Acc: 42.361 	Loss: 2.0740[00m
[92m  Client2 Test => 	Acc: 12.949 	Loss: 3.2522[00m
[91m Client3 Train => Local Epoch: 0 / 5 	Acc: 26.910 	Loss: 2.0820[00mC:\Users\pr8pf\AppData\Local\anaconda3\Lib\site-packages\sklearn\cluster\_kmeans.py:1429: UserWarning: KMeans is known to have a memory leak on Windows with MKL, when there are less chunks than available threads. You can avoid it by setting the environment variable OMP_NUM_THREADS=1.
  warnings.warn(
C:\Users\pr8pf\AppData\Local\anaconda3\Lib\site-packages\sklearn\cluster\_kmeans.py:1429: UserWarning: KMeans is known to have a memory leak on Windows with MKL, when there are less chunks than available threads. You can avoid it by setting the environment variable OMP_NUM_THREADS=1.
  warnings.warn(
[codecarbon INFO @ 09:59:00] [setup] RAM Tracking...
[codecarbon INFO @ 09:59:00] [setup] CPU Tracking...
[codecarbon WARNING @ 09:59:00] No CPU tracking mode found. Falling back on CPU constant mode. 
 Windows OS detected: Please install Intel Power Gadget to measure CPU

[codecarbon INFO @ 09:59:01] CPU Model on constant consumption mode: Intel(R) Xeon(R) Gold 6258R CPU @ 2.70GHz
[codecarbon INFO @ 09:59:01] [setup] GPU Tracking...
[codecarbon INFO @ 09:59:01] Tracking Nvidia GPU via pynvml
[codecarbon INFO @ 09:59:01] >>> Tracker's metadata:
[codecarbon INFO @ 09:59:01]   Platform system: Windows-11-10.0.22631-SP0
[codecarbon INFO @ 09:59:01]   Python version: 3.12.7
[codecarbon INFO @ 09:59:01]   CodeCarbon version: 2.8.3
[codecarbon INFO @ 09:59:01]   Available RAM : 126.630 GB
[codecarbon INFO @ 09:59:01]   CPU count: 56
[codecarbon INFO @ 09:59:01]   CPU model: Intel(R) Xeon(R) Gold 6258R CPU @ 2.70GHz
[codecarbon INFO @ 09:59:01]   GPU count: 2
[codecarbon INFO @ 09:59:01]   GPU model: 2 x NVIDIA RTX A5000
[codecarbon INFO @ 09:59:05] Saving emissions data to file C:\Users\pr8pf\Documents\GitHub\SplitFed\emissions.csv
[codecarbon INFO @ 09:59:06] Energy consumed for RAM : 0.000011 kWh. RAM Power : 47.48608875274658 W
[codecarbon INFO @ 09:59:06] Energy consumed for all CPUs : 0.000024 kWh. Total CPU Power : 102.50000000000001 W
[codecarbon INFO @ 09:59:06] Energy consumed for all GPUs : 0.000004 kWh. Total GPU Power : 16.708362021655546 W
[codecarbon INFO @ 09:59:06] 0.000039 kWh of electricity used since the beginning.
[codecarbon INFO @ 10:00:01] [setup] RAM Tracking...
[codecarbon INFO @ 10:00:01] [setup] CPU Tracking...
[codecarbon WARNING @ 10:00:01] No CPU tracking mode found. Falling back on CPU constant mode. 
 Windows OS detected: Please install Intel Power Gadget to measure CPU

[codecarbon INFO @ 10:00:02] CPU Model on constant consumption mode: Intel(R) Xeon(R) Gold 6258R CPU @ 2.70GHz
[codecarbon INFO @ 10:00:02] [setup] GPU Tracking...
[codecarbon INFO @ 10:00:02] Tracking Nvidia GPU via pynvml
[codecarbon INFO @ 10:00:02] >>> Tracker's metadata:
[codecarbon INFO @ 10:00:02]   Platform system: Windows-11-10.0.22631-SP0
[codecarbon INFO @ 10:00:02]   Python version: 3.12.7
[codecarbon INFO @ 10:00:02]   CodeCarbon version: 2.8.3
[codecarbon INFO @ 10:00:02]   Available RAM : 126.630 GB
[codecarbon INFO @ 10:00:02]   CPU count: 56
[codecarbon INFO @ 10:00:02]   CPU model: Intel(R) Xeon(R) Gold 6258R CPU @ 2.70GHz
[codecarbon INFO @ 10:00:02]   GPU count: 2
[codecarbon INFO @ 10:00:02]   GPU model: 2 x NVIDIA RTX A5000
[codecarbon INFO @ 10:00:06] Saving emissions data to file C:\Users\pr8pf\Documents\GitHub\SplitFed\emissions.csv
[codecarbon INFO @ 10:00:06] Energy consumed for RAM : 0.000009 kWh. RAM Power : 47.48608875274658 W
[codecarbon INFO @ 10:00:06] Energy consumed for all CPUs : 0.000019 kWh. Total CPU Power : 102.50000000000001 W
[codecarbon INFO @ 10:00:06] Energy consumed for all GPUs : 0.000003 kWh. Total GPU Power : 17.608024190199092 W
[codecarbon INFO @ 10:00:06] 0.000031 kWh of electricity used since the beginning.
C:\Users\pr8pf\AppData\Local\anaconda3\Lib\site-packages\sklearn\cluster\_kmeans.py:1429: UserWarning: KMeans is known to have a memory leak on Windows with MKL, when there are less chunks than available threads. You can avoid it by setting the environment variable OMP_NUM_THREADS=1.
  warnings.warn(
C:\Users\pr8pf\AppData\Local\anaconda3\Lib\site-packages\sklearn\cluster\_kmeans.py:1429: UserWarning: KMeans is known to have a memory leak on Windows with MKL, when there are less chunks than available threads. You can avoid it by setting the environment variable OMP_NUM_THREADS=1.
  warnings.warn(
[codecarbon INFO @ 10:26:23] [setup] RAM Tracking...
[codecarbon INFO @ 10:26:23] [setup] CPU Tracking...
[codecarbon WARNING @ 10:26:23] No CPU tracking mode found. Falling back on CPU constant mode. 
 Windows OS detected: Please install Intel Power Gadget to measure CPU

[codecarbon INFO @ 10:26:24] CPU Model on constant consumption mode: Intel(R) Xeon(R) Gold 6258R CPU @ 2.70GHz
[codecarbon INFO @ 10:26:24] [setup] GPU Tracking...
[codecarbon INFO @ 10:26:24] Tracking Nvidia GPU via pynvml
[codecarbon INFO @ 10:26:24] >>> Tracker's metadata:
[codecarbon INFO @ 10:26:24]   Platform system: Windows-11-10.0.22631-SP0
[codecarbon INFO @ 10:26:24]   Python version: 3.12.7
[codecarbon INFO @ 10:26:24]   CodeCarbon version: 2.8.3
[codecarbon INFO @ 10:26:24]   Available RAM : 126.630 GB
[codecarbon INFO @ 10:26:24]   CPU count: 56
[codecarbon INFO @ 10:26:24]   CPU model: Intel(R) Xeon(R) Gold 6258R CPU @ 2.70GHz
[codecarbon INFO @ 10:26:24]   GPU count: 2
[codecarbon INFO @ 10:26:24]   GPU model: 2 x NVIDIA RTX A5000
[codecarbon INFO @ 10:26:27] Saving emissions data to file C:\Users\pr8pf\Documents\GitHub\SplitFed\emissions.csv
[codecarbon INFO @ 10:26:28] Energy consumed for RAM : 0.000009 kWh. RAM Power : 47.48608875274658 W
[codecarbon INFO @ 10:26:28] Energy consumed for all CPUs : 0.000019 kWh. Total CPU Power : 102.50000000000001 W
[codecarbon INFO @ 10:26:28] Energy consumed for all GPUs : 0.000003 kWh. Total GPU Power : 17.45422930893465 W
[codecarbon INFO @ 10:26:28] 0.000031 kWh of electricity used since the beginning.

[91m Client3 Train => Local Epoch: 1 / 5 	Acc: 32.682 	Loss: 1.9110[00m
[91m Client3 Train => Local Epoch: 2 / 5 	Acc: 32.378 	Loss: 1.8989[00m
[91m Client3 Train => Local Epoch: 3 / 5 	Acc: 33.377 	Loss: 1.8985[00m
[91m Client3 Train => Local Epoch: 4 / 5 	Acc: 33.247 	Loss: 1.9009[00m
[92m  Client3 Test => 	Acc: 7.942 	Loss: 3.4398[00m
[91m Client4 Train => Local Epoch: 0 / 5 	Acc: 14.355 	Loss: 2.5818[00m
[91m Client4 Train => Local Epoch: 1 / 5 	Acc: 24.219 	Loss: 2.2844[00m
[91m Client4 Train => Local Epoch: 2 / 5 	Acc: 21.875 	Loss: 2.2545[00m
[91m Client4 Train => Local Epoch: 3 / 5 	Acc: 24.902 	Loss: 2.2280[00m
[91m Client4 Train => Local Epoch: 4 / 5 	Acc: 24.805 	Loss: 2.2088[00m
[92m  Client4 Test => 	Acc: 5.597 	Loss: 3.6764[00m
[91m Client5 Train => Local Epoch: 0 / 5 	Acc: 72.656 	Loss: 0.9744[00m
[91m Client5 Train => Local Epoch: 1 / 5 	Acc: 77.344 	Loss: 0.6491[00m
[91m Client5 Train => Local Epoch: 2 / 5 	Acc: 77.995 	Loss: 0.6514[00m
[91m Client5 Train => Local Epoch: 3 / 5 	Acc: 79.036 	Loss: 0.6351[00m
[91m Client5 Train => Local Epoch: 4 / 5 	Acc: 82.031 	Loss: 0.5493[00m
[92m  Client5 Test => 	Acc: 61.232 	Loss: 1.7675[00m
[91m Client6 Train => Local Epoch: 0 / 5 	Acc: 76.156 	Loss: 0.7800[00m
[91m Client6 Train => Local Epoch: 1 / 5 	Acc: 85.969 	Loss: 0.4737[00m
[91m Client6 Train => Local Epoch: 2 / 5 	Acc: 87.719 	Loss: 0.4442[00m
[91m Client6 Train => Local Epoch: 3 / 5 	Acc: 89.406 	Loss: 0.3577[00m
[91m Client6 Train => Local Epoch: 4 / 5 	Acc: 91.188 	Loss: 0.3162[00m
[92m  Client6 Test => 	Acc: 71.567 	Loss: 0.9959[00m
[91m Client7 Train => Local Epoch: 0 / 5 	Acc: 59.609 	Loss: 1.2666[00m
[91m Client7 Train => Local Epoch: 1 / 5 	Acc: 73.359 	Loss: 0.8087[00m
[91m Client7 Train => Local Epoch: 2 / 5 	Acc: 75.703 	Loss: 0.7181[00m
[91m Client7 Train => Local Epoch: 3 / 5 	Acc: 80.469 	Loss: 0.6051[00m
[91m Client7 Train => Local Epoch: 4 / 5 	Acc: 76.016 	Loss: 0.7266[00m
[92m  Client7 Test => 	Acc: 63.083 	Loss: 1.2769[00m
[91m Client8 Train => Local Epoch: 0 / 5 	Acc: 58.594 	Loss: 1.3809[00m
[91m Client8 Train => Local Epoch: 1 / 5 	Acc: 80.208 	Loss: 0.6917[00m
[91m Client8 Train => Local Epoch: 2 / 5 	Acc: 84.115 	Loss: 0.5478[00m
[91m Client8 Train => Local Epoch: 3 / 5 	Acc: 88.411 	Loss: 0.4079[00m
[91m Client8 Train => Local Epoch: 4 / 5 	Acc: 89.974 	Loss: 0.3247[00m
[92m  Client8 Test => 	Acc: 58.468 	Loss: 1.7254[00m
[91m Client9 Train => Local Epoch: 0 / 5 	Acc: 74.159 	Loss: 0.8875[00m
[91m Client9 Train => Local Epoch: 1 / 5 	Acc: 84.375 	Loss: 0.5316[00m
[91m Client9 Train => Local Epoch: 2 / 5 	Acc: 87.861 	Loss: 0.4128[00m
[91m Client9 Train => Local Epoch: 3 / 5 	Acc: 88.041 	Loss: 0.3914[00m
[91m Client9 Train => Local Epoch: 4 / 5 	Acc: 90.084 	Loss: 0.3289[00m
[92m  Client9 Test => 	Acc: 70.335 	Loss: 1.1006[00m
------------------------------------------------
------ Federation process at Server-Side ------- 
------------------------------------------------
-----------------------------------------------------------
------ FedServer: Federation process at Client-Side ------- 
-----------------------------------------------------------
[92m  Client0 Test => 	Acc: 43.866 	Loss: 1.8382[00m
 Train: Round   8, Avg Accuracy 59.789 | Avg Loss 1.236
[91m Client0 Train => Local Epoch: 0 / 5 	Acc: 29.822 	Loss: 2.1163[00m
[91m Client0 Train => Local Epoch: 1 / 5 	Acc: 38.308 	Loss: 1.8341[00m
[91m Client0 Train => Local Epoch: 2 / 5 	Acc: 38.443 	Loss: 1.8290[00m
[91m Client0 Train => Local Epoch: 3 / 5 	Acc: 38.416 	Loss: 1.8268[00m
[91m Client0 Train => Local Epoch: 4 / 5 	Acc: 38.416 	Loss: 1.8279[00m
[92m  Client0 Test => 	Acc: 12.362 	Loss: 3.5091[00m
[91m Client1 Train => Local Epoch: 0 / 5 	Acc: 21.354 	Loss: 2.4137[00m
[91m Client1 Train => Local Epoch: 1 / 5 	Acc: 29.601 	Loss: 2.1558[00m
[91m Client1 Train => Local Epoch: 2 / 5 	Acc: 29.601 	Loss: 2.1291[00m
[91m Client1 Train => Local Epoch: 3 / 5 	Acc: 30.035 	Loss: 2.1215[00m
[91m Client1 Train => Local Epoch: 4 / 5 	Acc: 29.688 	Loss: 2.1095[00m
[92m  Client1 Test => 	Acc: 10.147 	Loss: 3.4929[00m
[91m Client2 Train => Local Epoch: 0 / 5 	Acc: 42.448 	Loss: 2.2254[00m
[91m Client2 Train => Local Epoch: 1 / 5 	Acc: 42.535 	Loss: 2.1138[00m
[91m Client2 Train => Local Epoch: 2 / 5 	Acc: 42.535 	Loss: 2.0755[00m
[91m Client2 Train => Local Epoch: 3 / 5 	Acc: 42.622 	Loss: 2.0746[00m
[91m Client2 Train => Local Epoch: 4 / 5 	Acc: 42.361 	Loss: 2.0820[00m
[92m  Client2 Test => 	Acc: 12.956 	Loss: 3.2398[00m
[91m Client3 Train => Local Epoch: 0 / 5 	Acc: 26.997 	Loss: 2.0752[00m
[91m Client3 Train => Local Epoch: 1 / 5 	Acc: 32.986 	Loss: 1.9138[00m
[91m Client3 Train => Local Epoch: 2 / 5 	Acc: 33.203 	Loss: 1.9047[00m
[91m Client3 Train => Local Epoch: 3 / 5 	Acc: 33.290 	Loss: 1.8891[00m
[91m Client3 Train => Local Epoch: 4 / 5 	Acc: 33.507 	Loss: 1.9001[00m
[92m  Client3 Test => 	Acc: 14.930 	Loss: 2.7530[00m
[91m Client4 Train => Local Epoch: 0 / 5 	Acc: 12.109 	Loss: 2.6058[00m
[91m Client4 Train => Local Epoch: 1 / 5 	Acc: 25.195 	Loss: 2.2953[00m
[91m Client4 Train => Local Epoch: 2 / 5 	Acc: 22.070 	Loss: 2.2383[00m
[91m Client4 Train => Local Epoch: 3 / 5 	Acc: 24.316 	Loss: 2.2274[00m
[91m Client4 Train => Local Epoch: 4 / 5 	Acc: 25.195 	Loss: 2.2086[00m
[92m  Client4 Test => 	Acc: 5.584 	Loss: 3.7106[00m
[91m Client5 Train => Local Epoch: 0 / 5 	Acc: 70.182 	Loss: 1.0431[00m
[91m Client5 Train => Local Epoch: 1 / 5 	Acc: 77.995 	Loss: 0.6683[00m
[91m Client5 Train => Local Epoch: 2 / 5 	Acc: 83.984 	Loss: 0.4534[00m
[91m Client5 Train => Local Epoch: 3 / 5 	Acc: 87.760 	Loss: 0.3797[00m
[91m Client5 Train => Local Epoch: 4 / 5 	Acc: 89.974 	Loss: 0.2784[00m
[92m  Client5 Test => 	Acc: 67.769 	Loss: 2.0254[00m
[91m Client6 Train => Local Epoch: 0 / 5 	Acc: 77.219 	Loss: 0.7708[00m
[91m Client6 Train => Local Epoch: 1 / 5 	Acc: 89.875 	Loss: 0.3767[00m
[91m Client6 Train => Local Epoch: 2 / 5 	Acc: 90.062 	Loss: 0.3311[00m
[91m Client6 Train => Local Epoch: 3 / 5 	Acc: 77.531 	Loss: 0.7824[00m
[91m Client6 Train => Local Epoch: 4 / 5 	Acc: 80.656 	Loss: 0.6885[00m
[92m  Client6 Test => 	Acc: 53.290 	Loss: 1.5865[00m
[91m Client7 Train => Local Epoch: 0 / 5 	Acc: 60.469 	Loss: 1.2256[00m
[91m Client7 Train => Local Epoch: 1 / 5 	Acc: 77.891 	Loss: 0.7161[00m
[91m Client7 Train => Local Epoch: 2 / 5 	Acc: 78.750 	Loss: 0.6642[00m
[91m Client7 Train => Local Epoch: 3 / 5 	Acc: 82.266 	Loss: 0.5479[00m
[91m Client7 Train => Local Epoch: 4 / 5 	Acc: 85.391 	Loss: 0.4650[00m
[92m  Client7 Test => 	Acc: 65.974 	Loss: 1.3430[00m
[91m Client8 Train => Local Epoch: 0 / 5 	Acc: 57.812 	Loss: 1.3807[00m
[91m Client8 Train => Local Epoch: 1 / 5 	Acc: 80.859 	Loss: 0.6465[00m
[91m Client8 Train => Local Epoch: 2 / 5 	Acc: 86.979 	Loss: 0.4251[00m
[91m Client8 Train => Local Epoch: 3 / 5 	Acc: 88.411 	Loss: 0.3776[00m
[91m Client8 Train => Local Epoch: 4 / 5 	Acc: 89.583 	Loss: 0.3087[00m
[92m  Client8 Test => 	Acc: 51.934 	Loss: 2.0296[00m
[91m Client9 Train => Local Epoch: 0 / 5 	Acc: 71.995 	Loss: 0.9377[00m
[91m Client9 Train => Local Epoch: 1 / 5 	Acc: 86.238 	Loss: 0.4834[00m
[91m Client9 Train => Local Epoch: 2 / 5 	Acc: 89.363 	Loss: 0.3619[00m
[91m Client9 Train => Local Epoch: 3 / 5 	Acc: 90.385 	Loss: 0.2986[00m
[91m Client9 Train => Local Epoch: 4 / 5 	Acc: 92.969 	Loss: 0.2395[00m
[92m  Client9 Test => 	Acc: 73.426 	Loss: 1.0033[00m
------------------------------------------------
------ Federation process at Server-Side ------- 
------------------------------------------------
-----------------------------------------------------------
------ FedServer: Federation process at Client-Side ------- 
-----------------------------------------------------------
[92m  Client0 Test => 	Acc: 56.212 	Loss: 1.3915[00m
 Train: Round   9, Avg Accuracy 60.774 | Avg Loss 1.211
Training and Evaluation completed!
===== END Tue 12/30/2025 10:27:28.01 ===== 
