===== START Thu 01/08/2026  4:50:55.19 ===== 
C:\Users\pr8pf\AppData\Local\anaconda3\Lib\site-packages\torchvision\models\_utils.py:208: UserWarning: The parameter 'pretrained' is deprecated since 0.13 and may be removed in the future, please use 'weights' instead.
  warnings.warn(
C:\Users\pr8pf\AppData\Local\anaconda3\Lib\site-packages\torchvision\models\_utils.py:223: UserWarning: Arguments other than a weight enum or `None` for 'weights' are deprecated since 0.13 and may be removed in the future. The current behavior is equivalent to passing `weights=VGG16_Weights.IMAGENET1K_V1`. You can also use `weights=VGG16_Weights.DEFAULT` to get the most up-to-date weights.
  warnings.warn(msg)
[codecarbon INFO @ 04:51:26] [setup] RAM Tracking...
[codecarbon INFO @ 04:51:26] [setup] CPU Tracking...
[codecarbon WARNING @ 04:51:26] No CPU tracking mode found. Falling back on CPU constant mode. 
 Windows OS detected: Please install Intel Power Gadget to measure CPU

[codecarbon INFO @ 04:51:28] CPU Model on constant consumption mode: Intel(R) Xeon(R) Gold 6258R CPU @ 2.70GHz
[codecarbon INFO @ 04:51:28] [setup] GPU Tracking...
[codecarbon INFO @ 04:51:28] Tracking Nvidia GPU via pynvml
[codecarbon INFO @ 04:51:28] >>> Tracker's metadata:
[codecarbon INFO @ 04:51:28]   Platform system: Windows-11-10.0.22631-SP0
[codecarbon INFO @ 04:51:28]   Python version: 3.12.7
[codecarbon INFO @ 04:51:28]   CodeCarbon version: 2.8.3
[codecarbon INFO @ 04:51:28]   Available RAM : 126.630 GB
[codecarbon INFO @ 04:51:28]   CPU count: 56
[codecarbon INFO @ 04:51:28]   CPU model: Intel(R) Xeon(R) Gold 6258R CPU @ 2.70GHz
[codecarbon INFO @ 04:51:28]   GPU count: 2
[codecarbon INFO @ 04:51:28]   GPU model: 2 x NVIDIA RTX A5000
[codecarbon INFO @ 04:51:31] Saving emissions data to file C:\Users\pr8pf\Documents\GitHub\SplitFed\emissions.csv
[codecarbon INFO @ 04:51:33] Energy consumed for RAM : 0.000019 kWh. RAM Power : 47.48608875274658 W
[codecarbon INFO @ 04:51:33] Energy consumed for all CPUs : 0.000041 kWh. Total CPU Power : 102.50000000000001 W
[codecarbon INFO @ 04:51:33] Energy consumed for all GPUs : 0.000008 kWh. Total GPU Power : 19.79647855640482 W
[codecarbon INFO @ 04:51:33] 0.000068 kWh of electricity used since the beginning.
C:\Users\pr8pf\AppData\Local\anaconda3\Lib\site-packages\sklearn\cluster\_kmeans.py:1429: UserWarning: KMeans is known to have a memory leak on Windows with MKL, when there are less chunks than available threads. You can avoid it by setting the environment variable OMP_NUM_THREADS=1.
  warnings.warn(
C:\Users\pr8pf\AppData\Local\anaconda3\Lib\site-packages\sklearn\cluster\_kmeans.py:1429: UserWarning: KMeans is known to have a memory leak on Windows with MKL, when there are less chunks than available threads. You can avoid it by setting the environment variable OMP_NUM_THREADS=1.
  warnings.warn(
[codecarbon INFO @ 05:18:17] [setup] RAM Tracking...
[codecarbon INFO @ 05:18:17] [setup] CPU Tracking...
[codecarbon WARNING @ 05:18:17] No CPU tracking mode found. Falling back on CPU constant mode. 
 Windows OS detected: Please install Intel Power Gadget to measure CPU

[codecarbon INFO @ 05:18:18] CPU Model on constant consumption mode: Intel(R) Xeon(R) Gold 6258R CPU @ 2.70GHz
[codecarbon INFO @ 05:18:18] [setup] GPU Tracking...
[codecarbon INFO @ 05:18:18] Tracking Nvidia GPU via pynvml
[codecarbon INFO @ 05:18:18] >>> Tracker's metadata:
[codecarbon INFO @ 05:18:18]   Platform system: Windows-11-10.0.22631-SP0
[codecarbon INFO @ 05:18:18]   Python version: 3.12.7
[codecarbon INFO @ 05:18:18]   CodeCarbon version: 2.8.3
[codecarbon INFO @ 05:18:18]   Available RAM : 126.630 GB
[codecarbon INFO @ 05:18:18]   CPU count: 56
[codecarbon INFO @ 05:18:18]   CPU model: Intel(R) Xeon(R) Gold 6258R CPU @ 2.70GHz
[codecarbon INFO @ 05:18:18]   GPU count: 2
[codecarbon INFO @ 05:18:18]   GPU model: 2 x NVIDIA RTX A5000
[codecarbon INFO @ 05:18:21] Saving emissions data to file C:\Users\pr8pf\Documents\GitHub\SplitFed\emissions.csv
[codecarbon INFO @ 05:18:23] Energy consumed for RAM : 0.000019 kWh. RAM Power : 47.48608875274658 W
[codecarbon INFO @ 05:18:23] Energy consumed for all CPUs : 0.000041 kWh. Total CPU Power : 102.50000000000001 W
[codecarbon INFO @ 05:18:23] Energy consumed for all GPUs : 0.000007 kWh. Total GPU Power : 16.07561389428917 W
[codecarbon INFO @ 05:18:23] 0.000067 kWh of electricity used since the beginning.
[codecarbon INFO @ 05:19:17] [setup] RAM Tracking...
[codecarbon INFO @ 05:19:17] [setup] CPU Tracking...
[codecarbon WARNING @ 05:19:17] No CPU tracking mode found. Falling back on CPU constant mode. 
 Windows OS detected: Please install Intel Power Gadget to measure CPU

[codecarbon INFO @ 05:19:19] CPU Model on constant consumption mode: Intel(R) Xeon(R) Gold 6258R CPU @ 2.70GHz
[codecarbon INFO @ 05:19:19] [setup] GPU Tracking...
[codecarbon INFO @ 05:19:19] Tracking Nvidia GPU via pynvml
[codecarbon INFO @ 05:19:19] >>> Tracker's metadata:
[codecarbon INFO @ 05:19:19]   Platform system: Windows-11-10.0.22631-SP0
[codecarbon INFO @ 05:19:19]   Python version: 3.12.7
[codecarbon INFO @ 05:19:19]   CodeCarbon version: 2.8.3
[codecarbon INFO @ 05:19:19]   Available RAM : 126.630 GB
[codecarbon INFO @ 05:19:19]   CPU count: 56
[codecarbon INFO @ 05:19:19]   CPU model: Intel(R) Xeon(R) Gold 6258R CPU @ 2.70GHz
[codecarbon INFO @ 05:19:19]   GPU count: 2
[codecarbon INFO @ 05:19:19]   GPU model: 2 x NVIDIA RTX A5000
[codecarbon INFO @ 05:19:22] Saving emissions data to file C:\Users\pr8pf\Documents\GitHub\SplitFed\emissions.csv
[codecarbon INFO @ 05:19:23] Energy consumed for RAM : 0.000011 kWh. RAM Power : 47.48608875274658 W
[codecarbon INFO @ 05:19:23] Energy consumed for all CPUs : 0.000023 kWh. Total CPU Power : 102.50000000000001 W
[codecarbon INFO @ 05:19:23] Energy consumed for all GPUs : 0.000004 kWh. Total GPU Power : 17.425619256938003 W
[codecarbon INFO @ 05:19:23] 0.000037 kWh of electricity used since the beginning.
################################################################
#                              batch_size: 64                  #
#                         test_batch_size: 64                  #
#                                  epochs: 10                  #
#                               optimizer: SGD                 #
#                                      lr: 0.001               #
#                                momentum: 0.5                 #
#                                    seed: 1                   #
#                             num_clients: 10                  #
#                                   scale: 3                   #
#                                 dataset: plant               #
#                             loader_type: dirichlet           #
#                                      AR: mudhog              #
#                                    side: both                #
#                                     PDR: 1.0                 #
#                                  attack: label_flipping 5->9 #
#                          label_flipping: uni                 #
#                         experiment_name: split_fed_label_flipping_5_to_9_inner_epochs=5_epochs=10_PDR=1.0_scale=3_mudhog#
#                            inner_epochs: 5                   #
#                                   setup: split_fed           #
#                                   alpha: 0.5                 #
################################################################
NVIDIA RTX A5000
---------split_fed_label_flipping_5_to_9_inner_epochs=5_epochs=10_PDR=1.0_scale=3_mudhog----------
initialize a data loader
Using cuda
[91m Client0 Train => Local Epoch: 0 / 5 	Acc: 35.210 	Loss: 1.9941[00m
[91m Client0 Train => Local Epoch: 1 / 5 	Acc: 56.008 	Loss: 1.3640[00m
[91m Client0 Train => Local Epoch: 2 / 5 	Acc: 64.359 	Loss: 1.1250[00m
[91m Client0 Train => Local Epoch: 3 / 5 	Acc: 68.858 	Loss: 0.9508[00m
[91m Client0 Train => Local Epoch: 4 / 5 	Acc: 71.525 	Loss: 0.8649[00m
[92m  Client0 Test => 	Acc: 32.725 	Loss: 3.5260[00m
[91m Client1 Train => Local Epoch: 0 / 5 	Acc: 22.222 	Loss: 3.7197[00m
[91m Client1 Train => Local Epoch: 1 / 5 	Acc: 39.497 	Loss: 1.9876[00m
[91m Client1 Train => Local Epoch: 2 / 5 	Acc: 39.497 	Loss: 1.8888[00m
[91m Client1 Train => Local Epoch: 3 / 5 	Acc: 42.274 	Loss: 1.7732[00m
[91m Client1 Train => Local Epoch: 4 / 5 	Acc: 45.052 	Loss: 1.6446[00m
[92m  Client1 Test => 	Acc: 16.242 	Loss: 4.6188[00m
[91m Client2 Train => Local Epoch: 0 / 5 	Acc: 34.809 	Loss: 3.3673[00m
[91m Client2 Train => Local Epoch: 1 / 5 	Acc: 42.101 	Loss: 2.1251[00m
[91m Client2 Train => Local Epoch: 2 / 5 	Acc: 47.135 	Loss: 1.9944[00m
[91m Client2 Train => Local Epoch: 3 / 5 	Acc: 47.483 	Loss: 1.8434[00m
[91m Client2 Train => Local Epoch: 4 / 5 	Acc: 47.830 	Loss: 1.7156[00m
[92m  Client2 Test => 	Acc: 9.116 	Loss: 4.1664[00m
[91m Client3 Train => Local Epoch: 0 / 5 	Acc: 24.479 	Loss: 6.6722[00m
[91m Client3 Train => Local Epoch: 1 / 5 	Acc: 31.293 	Loss: 1.9898[00m
[91m Client3 Train => Local Epoch: 2 / 5 	Acc: 51.215 	Loss: 1.6671[00m
[91m Client3 Train => Local Epoch: 3 / 5 	Acc: 61.849 	Loss: 1.3689[00m
[91m Client3 Train => Local Epoch: 4 / 5 	Acc: 68.880 	Loss: 1.1136[00m
[92m  Client3 Test => 	Acc: 25.221 	Loss: 3.6684[00m
[91m Client4 Train => Local Epoch: 0 / 5 	Acc: 16.113 	Loss: 4.8122[00m
[91m Client4 Train => Local Epoch: 1 / 5 	Acc: 24.414 	Loss: 2.5832[00m
[91m Client4 Train => Local Epoch: 2 / 5 	Acc: 25.195 	Loss: 2.2228[00m
[91m Client4 Train => Local Epoch: 3 / 5 	Acc: 38.281 	Loss: 1.8761[00m
[91m Client4 Train => Local Epoch: 4 / 5 	Acc: 49.414 	Loss: 1.5353[00m
[92m  Client4 Test => 	Acc: 21.640 	Loss: 4.2093[00m
[91m Client5 Train => Local Epoch: 0 / 5 	Acc: 19.401 	Loss: 3.7064[00m
[91m Client5 Train => Local Epoch: 1 / 5 	Acc: 24.349 	Loss: 2.4651[00m
[91m Client5 Train => Local Epoch: 2 / 5 	Acc: 31.250 	Loss: 2.0384[00m
[91m Client5 Train => Local Epoch: 3 / 5 	Acc: 30.729 	Loss: 1.9762[00m
[91m Client5 Train => Local Epoch: 4 / 5 	Acc: 41.667 	Loss: 1.8298[00m
[92m  Client5 Test => 	Acc: 23.697 	Loss: 3.8546[00m
[91m Client6 Train => Local Epoch: 0 / 5 	Acc: 26.000 	Loss: 2.7306[00m
[91m Client6 Train => Local Epoch: 1 / 5 	Acc: 43.688 	Loss: 1.8267[00m
[91m Client6 Train => Local Epoch: 2 / 5 	Acc: 57.469 	Loss: 1.3764[00m
[91m Client6 Train => Local Epoch: 3 / 5 	Acc: 67.062 	Loss: 1.0756[00m
[91m Client6 Train => Local Epoch: 4 / 5 	Acc: 71.031 	Loss: 0.9083[00m
[92m  Client6 Test => 	Acc: 49.657 	Loss: 1.8905[00m
[91m Client7 Train => Local Epoch: 0 / 5 	Acc: 18.281 	Loss: 3.2440[00m
[91m Client7 Train => Local Epoch: 1 / 5 	Acc: 23.516 	Loss: 2.2915[00m
[91m Client7 Train => Local Epoch: 2 / 5 	Acc: 25.391 	Loss: 2.1664[00m
[91m Client7 Train => Local Epoch: 3 / 5 	Acc: 26.719 	Loss: 2.1511[00m
[91m Client7 Train => Local Epoch: 4 / 5 	Acc: 34.297 	Loss: 1.9642[00m
[92m  Client7 Test => 	Acc: 18.398 	Loss: 3.3816[00m
[91m Client8 Train => Local Epoch: 0 / 5 	Acc: 17.578 	Loss: 6.5378[00m
[91m Client8 Train => Local Epoch: 1 / 5 	Acc: 19.792 	Loss: 2.4272[00m
[91m Client8 Train => Local Epoch: 2 / 5 	Acc: 21.354 	Loss: 2.2228[00m
[91m Client8 Train => Local Epoch: 3 / 5 	Acc: 24.609 	Loss: 2.1266[00m
[91m Client8 Train => Local Epoch: 4 / 5 	Acc: 28.646 	Loss: 2.1454[00m
[92m  Client8 Test => 	Acc: 5.333 	Loss: 4.7420[00m
[91m Client9 Train => Local Epoch: 0 / 5 	Acc: 18.089 	Loss: 3.8243[00m
[91m Client9 Train => Local Epoch: 1 / 5 	Acc: 28.125 	Loss: 2.0843[00m
[91m Client9 Train => Local Epoch: 2 / 5 	Acc: 29.928 	Loss: 2.0811[00m
[91m Client9 Train => Local Epoch: 3 / 5 	Acc: 42.127 	Loss: 1.7385[00m
[91m Client9 Train => Local Epoch: 4 / 5 	Acc: 48.257 	Loss: 1.5927[00m
[92m  Client9 Test => 	Acc: 39.644 	Loss: 2.4336[00m
------------------------------------------------
------ Federation process at Server-Side ------- 
------------------------------------------------
-----------------------------------------------------------
------ FedServer: Federation process at Client-Side ------- 
-----------------------------------------------------------
[1. 0. 0. 1. 1. 1. 0. 1. 1. 1.]
Client-side aggregation done
[1. 1. 1. 1. 1. 1. 0. 1. 1. 1.]
Server-side aggregation done
[92m  Client0 Test => 	Acc: 11.081 	Loss: 2.7542[00m
 Train: Round   0, Avg Accuracy 50.660 | Avg Loss 1.531
[91m Client0 Train => Local Epoch: 0 / 5 	Acc: 33.190 	Loss: 1.9709[00m
[91m Client0 Train => Local Epoch: 1 / 5 	Acc: 36.153 	Loss: 1.7781[00m
[91m Client0 Train => Local Epoch: 2 / 5 	Acc: 38.173 	Loss: 1.7584[00m
[91m Client0 Train => Local Epoch: 3 / 5 	Acc: 38.281 	Loss: 1.7590[00m
[91m Client0 Train => Local Epoch: 4 / 5 	Acc: 38.389 	Loss: 1.7563[00m
[92m  Client0 Test => 	Acc: 12.335 	Loss: 4.1360[00m
[91m Client1 Train => Local Epoch: 0 / 5 	Acc: 39.236 	Loss: 2.3146[00m
[91m Client1 Train => Local Epoch: 1 / 5 	Acc: 39.236 	Loss: 1.9387[00m
[91m Client1 Train => Local Epoch: 2 / 5 	Acc: 39.236 	Loss: 1.8974[00m
[91m Client1 Train => Local Epoch: 3 / 5 	Acc: 42.448 	Loss: 1.7701[00m
[91m Client1 Train => Local Epoch: 4 / 5 	Acc: 46.875 	Loss: 1.7033[00m
[92m  Client1 Test => 	Acc: 16.667 	Loss: 5.6563[00m
[91m Client2 Train => Local Epoch: 0 / 5 	Acc: 47.049 	Loss: 2.2706[00m
[91m Client2 Train => Local Epoch: 1 / 5 	Acc: 47.135 	Loss: 1.9796[00m
[91m Client2 Train => Local Epoch: 2 / 5 	Acc: 47.222 	Loss: 1.8950[00m
[91m Client2 Train => Local Epoch: 3 / 5 	Acc: 47.049 	Loss: 1.7614[00m
[91m Client2 Train => Local Epoch: 4 / 5 	Acc: 51.736 	Loss: 1.5360[00m
[92m  Client2 Test => 	Acc: 13.296 	Loss: 6.8456[00m
[91m Client3 Train => Local Epoch: 0 / 5 	Acc: 27.951 	Loss: 2.0798[00m
[91m Client3 Train => Local Epoch: 1 / 5 	Acc: 51.736 	Loss: 1.6334[00m
[91m Client3 Train => Local Epoch: 2 / 5 	Acc: 67.925 	Loss: 1.1191[00m
[91m Client3 Train => Local Epoch: 3 / 5 	Acc: 73.003 	Loss: 0.8893[00m
[91m Client3 Train => Local Epoch: 4 / 5 	Acc: 78.950 	Loss: 0.6896[00mC:\Users\pr8pf\AppData\Local\anaconda3\Lib\site-packages\sklearn\cluster\_kmeans.py:1429: UserWarning: KMeans is known to have a memory leak on Windows with MKL, when there are less chunks than available threads. You can avoid it by setting the environment variable OMP_NUM_THREADS=1.
  warnings.warn(
C:\Users\pr8pf\AppData\Local\anaconda3\Lib\site-packages\sklearn\cluster\_kmeans.py:1429: UserWarning: KMeans is known to have a memory leak on Windows with MKL, when there are less chunks than available threads. You can avoid it by setting the environment variable OMP_NUM_THREADS=1.
  warnings.warn(
[codecarbon INFO @ 05:46:26] [setup] RAM Tracking...
[codecarbon INFO @ 05:46:26] [setup] CPU Tracking...
[codecarbon WARNING @ 05:46:26] No CPU tracking mode found. Falling back on CPU constant mode. 
 Windows OS detected: Please install Intel Power Gadget to measure CPU

[codecarbon INFO @ 05:46:28] CPU Model on constant consumption mode: Intel(R) Xeon(R) Gold 6258R CPU @ 2.70GHz
[codecarbon INFO @ 05:46:28] [setup] GPU Tracking...
[codecarbon INFO @ 05:46:28] Tracking Nvidia GPU via pynvml
[codecarbon INFO @ 05:46:28] >>> Tracker's metadata:
[codecarbon INFO @ 05:46:28]   Platform system: Windows-11-10.0.22631-SP0
[codecarbon INFO @ 05:46:28]   Python version: 3.12.7
[codecarbon INFO @ 05:46:28]   CodeCarbon version: 2.8.3
[codecarbon INFO @ 05:46:28]   Available RAM : 126.630 GB
[codecarbon INFO @ 05:46:28]   CPU count: 56
[codecarbon INFO @ 05:46:28]   CPU model: Intel(R) Xeon(R) Gold 6258R CPU @ 2.70GHz
[codecarbon INFO @ 05:46:28]   GPU count: 2
[codecarbon INFO @ 05:46:28]   GPU model: 2 x NVIDIA RTX A5000
[codecarbon INFO @ 05:46:31] Saving emissions data to file C:\Users\pr8pf\Documents\GitHub\SplitFed\emissions.csv
[codecarbon INFO @ 05:46:32] Energy consumed for RAM : 0.000010 kWh. RAM Power : 47.48608875274658 W
[codecarbon INFO @ 05:46:32] Energy consumed for all CPUs : 0.000021 kWh. Total CPU Power : 102.50000000000001 W
[codecarbon INFO @ 05:46:32] Energy consumed for all GPUs : 0.000004 kWh. Total GPU Power : 16.972198863597626 W
[codecarbon INFO @ 05:46:32] 0.000034 kWh of electricity used since the beginning.
[codecarbon INFO @ 05:47:26] [setup] RAM Tracking...
[codecarbon INFO @ 05:47:26] [setup] CPU Tracking...
[codecarbon WARNING @ 05:47:26] No CPU tracking mode found. Falling back on CPU constant mode. 
 Windows OS detected: Please install Intel Power Gadget to measure CPU

[codecarbon INFO @ 05:47:28] CPU Model on constant consumption mode: Intel(R) Xeon(R) Gold 6258R CPU @ 2.70GHz
[codecarbon INFO @ 05:47:28] [setup] GPU Tracking...
[codecarbon INFO @ 05:47:28] Tracking Nvidia GPU via pynvml
[codecarbon INFO @ 05:47:28] >>> Tracker's metadata:
[codecarbon INFO @ 05:47:28]   Platform system: Windows-11-10.0.22631-SP0
[codecarbon INFO @ 05:47:28]   Python version: 3.12.7
[codecarbon INFO @ 05:47:28]   CodeCarbon version: 2.8.3
[codecarbon INFO @ 05:47:28]   Available RAM : 126.630 GB
[codecarbon INFO @ 05:47:28]   CPU count: 56
[codecarbon INFO @ 05:47:28]   CPU model: Intel(R) Xeon(R) Gold 6258R CPU @ 2.70GHz
[codecarbon INFO @ 05:47:28]   GPU count: 2
[codecarbon INFO @ 05:47:28]   GPU model: 2 x NVIDIA RTX A5000
[codecarbon INFO @ 05:47:31] Saving emissions data to file C:\Users\pr8pf\Documents\GitHub\SplitFed\emissions.csv
[codecarbon INFO @ 05:47:31] Energy consumed for RAM : 0.000007 kWh. RAM Power : 47.48608875274658 W
[codecarbon INFO @ 05:47:31] Energy consumed for all CPUs : 0.000016 kWh. Total CPU Power : 102.50000000000001 W
[codecarbon INFO @ 05:47:31] Energy consumed for all GPUs : 0.000003 kWh. Total GPU Power : 18.47637125723371 W
[codecarbon INFO @ 05:47:31] 0.000026 kWh of electricity used since the beginning.
C:\Users\pr8pf\AppData\Local\anaconda3\Lib\site-packages\sklearn\cluster\_kmeans.py:1429: UserWarning: KMeans is known to have a memory leak on Windows with MKL, when there are less chunks than available threads. You can avoid it by setting the environment variable OMP_NUM_THREADS=1.
  warnings.warn(
C:\Users\pr8pf\AppData\Local\anaconda3\Lib\site-packages\sklearn\cluster\_kmeans.py:1429: UserWarning: KMeans is known to have a memory leak on Windows with MKL, when there are less chunks than available threads. You can avoid it by setting the environment variable OMP_NUM_THREADS=1.
  warnings.warn(
[codecarbon INFO @ 06:14:22] [setup] RAM Tracking...
[codecarbon INFO @ 06:14:22] [setup] CPU Tracking...
[codecarbon WARNING @ 06:14:22] No CPU tracking mode found. Falling back on CPU constant mode. 
 Windows OS detected: Please install Intel Power Gadget to measure CPU

[codecarbon INFO @ 06:14:24] CPU Model on constant consumption mode: Intel(R) Xeon(R) Gold 6258R CPU @ 2.70GHz
[codecarbon INFO @ 06:14:24] [setup] GPU Tracking...
[codecarbon INFO @ 06:14:24] Tracking Nvidia GPU via pynvml
[codecarbon INFO @ 06:14:24] >>> Tracker's metadata:
[codecarbon INFO @ 06:14:24]   Platform system: Windows-11-10.0.22631-SP0
[codecarbon INFO @ 06:14:24]   Python version: 3.12.7
[codecarbon INFO @ 06:14:24]   CodeCarbon version: 2.8.3
[codecarbon INFO @ 06:14:24]   Available RAM : 126.630 GB
[codecarbon INFO @ 06:14:24]   CPU count: 56
[codecarbon INFO @ 06:14:24]   CPU model: Intel(R) Xeon(R) Gold 6258R CPU @ 2.70GHz
[codecarbon INFO @ 06:14:24]   GPU count: 2
[codecarbon INFO @ 06:14:24]   GPU model: 2 x NVIDIA RTX A5000
[codecarbon INFO @ 06:14:27] Saving emissions data to file C:\Users\pr8pf\Documents\GitHub\SplitFed\emissions.csv
[codecarbon INFO @ 06:14:28] Energy consumed for RAM : 0.000006 kWh. RAM Power : 47.48608875274658 W
[codecarbon INFO @ 06:14:28] Energy consumed for all CPUs : 0.000013 kWh. Total CPU Power : 102.50000000000001 W
[codecarbon INFO @ 06:14:28] Energy consumed for all GPUs : 0.000002 kWh. Total GPU Power : 14.508012469743308 W
[codecarbon INFO @ 06:14:28] 0.000022 kWh of electricity used since the beginning.
[codecarbon INFO @ 06:15:22] [setup] RAM Tracking...
[codecarbon INFO @ 06:15:22] [setup] CPU Tracking...
[codecarbon WARNING @ 06:15:22] No CPU tracking mode found. Falling back on CPU constant mode. 
 Windows OS detected: Please install Intel Power Gadget to measure CPU

[codecarbon INFO @ 06:15:24] CPU Model on constant consumption mode: Intel(R) Xeon(R) Gold 6258R CPU @ 2.70GHz
[codecarbon INFO @ 06:15:24] [setup] GPU Tracking...
[codecarbon INFO @ 06:15:24] Tracking Nvidia GPU via pynvml
[codecarbon INFO @ 06:15:24] >>> Tracker's metadata:
[codecarbon INFO @ 06:15:24]   Platform system: Windows-11-10.0.22631-SP0
[codecarbon INFO @ 06:15:24]   Python version: 3.12.7
[codecarbon INFO @ 06:15:24]   CodeCarbon version: 2.8.3
[codecarbon INFO @ 06:15:24]   Available RAM : 126.630 GB
[codecarbon INFO @ 06:15:24]   CPU count: 56
[codecarbon INFO @ 06:15:24]   CPU model: Intel(R) Xeon(R) Gold 6258R CPU @ 2.70GHz
[codecarbon INFO @ 06:15:24]   GPU count: 2
[codecarbon INFO @ 06:15:24]   GPU model: 2 x NVIDIA RTX A5000
[codecarbon INFO @ 06:15:27] Saving emissions data to file C:\Users\pr8pf\Documents\GitHub\SplitFed\emissions.csv
[codecarbon INFO @ 06:15:27] Energy consumed for RAM : 0.000007 kWh. RAM Power : 47.48608875274658 W
[codecarbon INFO @ 06:15:27] Energy consumed for all CPUs : 0.000016 kWh. Total CPU Power : 102.50000000000001 W
[codecarbon INFO @ 06:15:27] Energy consumed for all GPUs : 0.000003 kWh. Total GPU Power : 17.93225146076081 W
[codecarbon INFO @ 06:15:27] 0.000026 kWh of electricity used since the beginning.

[92m  Client3 Test => 	Acc: 45.505 	Loss: 2.1063[00m
[91m Client4 Train => Local Epoch: 0 / 5 	Acc: 24.316 	Loss: 2.4643[00m
[91m Client4 Train => Local Epoch: 1 / 5 	Acc: 40.234 	Loss: 1.7473[00m
[91m Client4 Train => Local Epoch: 2 / 5 	Acc: 58.105 	Loss: 1.2469[00m
[91m Client4 Train => Local Epoch: 3 / 5 	Acc: 57.031 	Loss: 1.2677[00m
[91m Client4 Train => Local Epoch: 4 / 5 	Acc: 63.477 	Loss: 1.0974[00m
[92m  Client4 Test => 	Acc: 34.338 	Loss: 3.1391[00m
[91m Client5 Train => Local Epoch: 0 / 5 	Acc: 18.359 	Loss: 2.5110[00m
[91m Client5 Train => Local Epoch: 1 / 5 	Acc: 26.302 	Loss: 2.0640[00m
[91m Client5 Train => Local Epoch: 2 / 5 	Acc: 35.547 	Loss: 1.8557[00m
[91m Client5 Train => Local Epoch: 3 / 5 	Acc: 46.615 	Loss: 1.7521[00m
[91m Client5 Train => Local Epoch: 4 / 5 	Acc: 53.255 	Loss: 1.5113[00m
[92m  Client5 Test => 	Acc: 29.047 	Loss: 3.0502[00m
[91m Client6 Train => Local Epoch: 0 / 5 	Acc: 25.688 	Loss: 2.1925[00m
[91m Client6 Train => Local Epoch: 1 / 5 	Acc: 45.656 	Loss: 1.8121[00m
[91m Client6 Train => Local Epoch: 2 / 5 	Acc: 62.469 	Loss: 1.2682[00m
[91m Client6 Train => Local Epoch: 3 / 5 	Acc: 71.594 	Loss: 0.9368[00m
[91m Client6 Train => Local Epoch: 4 / 5 	Acc: 76.156 	Loss: 0.7767[00m
[92m  Client6 Test => 	Acc: 58.598 	Loss: 1.6776[00m
[91m Client7 Train => Local Epoch: 0 / 5 	Acc: 21.406 	Loss: 2.4437[00m
[91m Client7 Train => Local Epoch: 1 / 5 	Acc: 27.266 	Loss: 2.1865[00m
[91m Client7 Train => Local Epoch: 2 / 5 	Acc: 35.312 	Loss: 1.9505[00m
[91m Client7 Train => Local Epoch: 3 / 5 	Acc: 43.828 	Loss: 1.7193[00m
[91m Client7 Train => Local Epoch: 4 / 5 	Acc: 52.266 	Loss: 1.4496[00m
[92m  Client7 Test => 	Acc: 32.653 	Loss: 3.0275[00m
[91m Client8 Train => Local Epoch: 0 / 5 	Acc: 13.281 	Loss: 2.5907[00m
[91m Client8 Train => Local Epoch: 1 / 5 	Acc: 36.979 	Loss: 2.1391[00m
[91m Client8 Train => Local Epoch: 2 / 5 	Acc: 42.708 	Loss: 2.0784[00m
[91m Client8 Train => Local Epoch: 3 / 5 	Acc: 49.349 	Loss: 1.7118[00m
[91m Client8 Train => Local Epoch: 4 / 5 	Acc: 51.693 	Loss: 1.5596[00m
[92m  Client8 Test => 	Acc: 20.739 	Loss: 3.3843[00m
[91m Client9 Train => Local Epoch: 0 / 5 	Acc: 19.772 	Loss: 2.4058[00m
[91m Client9 Train => Local Epoch: 1 / 5 	Acc: 28.065 	Loss: 2.0786[00m
[91m Client9 Train => Local Epoch: 2 / 5 	Acc: 42.728 	Loss: 1.6856[00m
[91m Client9 Train => Local Epoch: 3 / 5 	Acc: 52.344 	Loss: 1.4592[00m
[91m Client9 Train => Local Epoch: 4 / 5 	Acc: 62.260 	Loss: 1.2250[00m
[92m  Client9 Test => 	Acc: 42.692 	Loss: 2.2368[00m
------------------------------------------------
------ Federation process at Server-Side ------- 
------------------------------------------------
-----------------------------------------------------------
------ FedServer: Federation process at Client-Side ------- 
-----------------------------------------------------------
[1. 1. 1. 1. 1. 1. 0. 1. 1. 1.]
Client-side aggregation done
[1. 1. 1. 1. 1. 1. 0. 1. 1. 1.]
Server-side aggregation done
[92m  Client0 Test => 	Acc: 11.067 	Loss: 2.7310[00m
 Train: Round   1, Avg Accuracy 57.506 | Avg Loss 1.330
[91m Client0 Train => Local Epoch: 0 / 5 	Acc: 38.416 	Loss: 1.8375[00m
[91m Client0 Train => Local Epoch: 1 / 5 	Acc: 35.345 	Loss: 2.4318[00m
[91m Client0 Train => Local Epoch: 2 / 5 	Acc: 34.725 	Loss: 1.8271[00m
[91m Client0 Train => Local Epoch: 3 / 5 	Acc: 37.742 	Loss: 1.7596[00m
[91m Client0 Train => Local Epoch: 4 / 5 	Acc: 38.362 	Loss: 1.7549[00m
[92m  Client0 Test => 	Acc: 12.368 	Loss: 3.9339[00m
[91m Client1 Train => Local Epoch: 0 / 5 	Acc: 39.323 	Loss: 2.1297[00m
[91m Client1 Train => Local Epoch: 1 / 5 	Acc: 40.885 	Loss: 1.8354[00m
[91m Client1 Train => Local Epoch: 2 / 5 	Acc: 51.302 	Loss: 1.5394[00m
[91m Client1 Train => Local Epoch: 3 / 5 	Acc: 55.990 	Loss: 1.3049[00m
[91m Client1 Train => Local Epoch: 4 / 5 	Acc: 64.583 	Loss: 1.0733[00m
[92m  Client1 Test => 	Acc: 30.245 	Loss: 4.6099[00m
[91m Client2 Train => Local Epoch: 0 / 5 	Acc: 46.875 	Loss: 2.0843[00m
[91m Client2 Train => Local Epoch: 1 / 5 	Acc: 49.913 	Loss: 1.6219[00m
[91m Client2 Train => Local Epoch: 2 / 5 	Acc: 56.858 	Loss: 1.3257[00m
[91m Client2 Train => Local Epoch: 3 / 5 	Acc: 66.233 	Loss: 1.0893[00m
[91m Client2 Train => Local Epoch: 4 / 5 	Acc: 74.132 	Loss: 0.8792[00m
[92m  Client2 Test => 	Acc: 27.230 	Loss: 5.2918[00m
[91m Client3 Train => Local Epoch: 0 / 5 	Acc: 34.158 	Loss: 2.0518[00m
[91m Client3 Train => Local Epoch: 1 / 5 	Acc: 67.231 	Loss: 1.1471[00m
[91m Client3 Train => Local Epoch: 2 / 5 	Acc: 74.870 	Loss: 0.8495[00m
[91m Client3 Train => Local Epoch: 3 / 5 	Acc: 80.859 	Loss: 0.6187[00m
[91m Client3 Train => Local Epoch: 4 / 5 	Acc: 81.510 	Loss: 0.5910[00m
[92m  Client3 Test => 	Acc: 50.433 	Loss: 1.9412[00m
[91m Client4 Train => Local Epoch: 0 / 5 	Acc: 17.871 	Loss: 2.5277[00m
[91m Client4 Train => Local Epoch: 1 / 5 	Acc: 24.414 	Loss: 2.2117[00m
[91m Client4 Train => Local Epoch: 2 / 5 	Acc: 35.742 	Loss: 1.8574[00m
[91m Client4 Train => Local Epoch: 3 / 5 	Acc: 52.930 	Loss: 1.4288[00m
[91m Client4 Train => Local Epoch: 4 / 5 	Acc: 58.008 	Loss: 1.2200[00m
[92m  Client4 Test => 	Acc: 36.013 	Loss: 3.0919[00m
[91m Client5 Train => Local Epoch: 0 / 5 	Acc: 16.276 	Loss: 2.5153[00m
[91m Client5 Train => Local Epoch: 1 / 5 	Acc: 30.469 	Loss: 2.0669[00m
[91m Client5 Train => Local Epoch: 2 / 5 	Acc: 26.562 	Loss: 2.0343[00m
[91m Client5 Train => Local Epoch: 3 / 5 	Acc: 33.594 	Loss: 1.9807[00m
[91m Client5 Train => Local Epoch: 4 / 5 	Acc: 48.177 	Loss: 1.6374[00m
[92m  Client5 Test => 	Acc: 27.334 	Loss: 2.7390[00m
[91m Client6 Train => Local Epoch: 0 / 5 	Acc: 29.125 	Loss: 2.1183[00m
[91m Client6 Train => Local Epoch: 1 / 5 	Acc: 40.938 	Loss: 1.8599[00m
[91m Client6 Train => Local Epoch: 2 / 5 	Acc: 60.281 	Loss: 1.3170[00m
[91m Client6 Train => Local Epoch: 3 / 5 	Acc: 72.312 	Loss: 0.8906[00m
[91m Client6 Train => Local Epoch: 4 / 5 	Acc: 61.438 	Loss: 1.3619[00m
[92m  Client6 Test => 	Acc: 41.935 	Loss: 2.0271[00m
[91m Client7 Train => Local Epoch: 0 / 5 	Acc: 19.609 	Loss: 2.4291[00m
[91m Client7 Train => Local Epoch: 1 / 5 	Acc: 26.328 	Loss: 2.2184[00m
[91m Client7 Train => Local Epoch: 2 / 5 	Acc: 27.734 	Loss: 2.1472[00m
[91m Client7 Train => Local Epoch: 3 / 5 	Acc: 38.047 	Loss: 1.8522[00m
[91m Client7 Train => Local Epoch: 4 / 5 	Acc: 43.125 	Loss: 1.6220[00m
[92m  Client7 Test => 	Acc: 25.280 	Loss: 2.8353[00m
[91m Client8 Train => Local Epoch: 0 / 5 	Acc: 11.458 	Loss: 2.7186[00m
[91m Client8 Train => Local Epoch: 1 / 5 	Acc: 27.734 	Loss: 2.2102[00m
[91m Client8 Train => Local Epoch: 2 / 5 	Acc: 27.995 	Loss: 2.1368[00m
[91m Client8 Train => Local Epoch: 3 / 5 	Acc: 27.474 	Loss: 2.1308[00m
[91m Client8 Train => Local Epoch: 4 / 5 	Acc: 27.474 	Loss: 2.1100[00m
[92m  Client8 Test => 	Acc: 4.093 	Loss: 3.6949[00m
[91m Client9 Train => Local Epoch: 0 / 5 	Acc: 22.115 	Loss: 2.2355[00m
[91m Client9 Train => Local Epoch: 1 / 5 	Acc: 33.834 	Loss: 1.9359[00m
[91m Client9 Train => Local Epoch: 2 / 5 	Acc: 57.572 	Loss: 1.4371[00m
[91m Client9 Train => Local Epoch: 3 / 5 	Acc: 70.132 	Loss: 1.0302[00m
[91m Client9 Train => Local Epoch: 4 / 5 	Acc: 76.322 	Loss: 0.8250[00m
[92m  Client9 Test => 	Acc: 55.683 	Loss: 1.7425[00m
------------------------------------------------
------ Federation process at Server-Side ------- 
------------------------------------------------
-----------------------------------------------------------
------ FedServer: Federation process at Client-Side ------- 
-----------------------------------------------------------
[1. 1. 1. 1. 1. 1. 0. 1. 1. 1.]
Client-side aggregation done
[1. 1. 1. 1. 1. 1. 0. 1. 1. 1.]
Server-side aggregation done
[92m  Client0 Test => 	Acc: 15.489 	Loss: 2.5779[00m
 Train: Round   2, Avg Accuracy 57.313 | Avg Loss 1.307
[91m Client0 Train => Local Epoch: 0 / 5 	Acc: 51.643 	Loss: 1.6842[00m
[91m Client0 Train => Local Epoch: 1 / 5 	Acc: 72.953 	Loss: 0.8871[00mC:\Users\pr8pf\AppData\Local\anaconda3\Lib\site-packages\sklearn\cluster\_kmeans.py:1429: UserWarning: KMeans is known to have a memory leak on Windows with MKL, when there are less chunks than available threads. You can avoid it by setting the environment variable OMP_NUM_THREADS=1.
  warnings.warn(
C:\Users\pr8pf\AppData\Local\anaconda3\Lib\site-packages\sklearn\cluster\_kmeans.py:1429: UserWarning: KMeans is known to have a memory leak on Windows with MKL, when there are less chunks than available threads. You can avoid it by setting the environment variable OMP_NUM_THREADS=1.
  warnings.warn(
[codecarbon INFO @ 06:42:18] [setup] RAM Tracking...
[codecarbon INFO @ 06:42:18] [setup] CPU Tracking...
[codecarbon WARNING @ 06:42:18] No CPU tracking mode found. Falling back on CPU constant mode. 
 Windows OS detected: Please install Intel Power Gadget to measure CPU

[codecarbon INFO @ 06:42:19] CPU Model on constant consumption mode: Intel(R) Xeon(R) Gold 6258R CPU @ 2.70GHz
[codecarbon INFO @ 06:42:19] [setup] GPU Tracking...
[codecarbon INFO @ 06:42:19] Tracking Nvidia GPU via pynvml
[codecarbon INFO @ 06:42:19] >>> Tracker's metadata:
[codecarbon INFO @ 06:42:19]   Platform system: Windows-11-10.0.22631-SP0
[codecarbon INFO @ 06:42:19]   Python version: 3.12.7
[codecarbon INFO @ 06:42:19]   CodeCarbon version: 2.8.3
[codecarbon INFO @ 06:42:19]   Available RAM : 126.630 GB
[codecarbon INFO @ 06:42:19]   CPU count: 56
[codecarbon INFO @ 06:42:19]   CPU model: Intel(R) Xeon(R) Gold 6258R CPU @ 2.70GHz
[codecarbon INFO @ 06:42:19]   GPU count: 2
[codecarbon INFO @ 06:42:19]   GPU model: 2 x NVIDIA RTX A5000
[codecarbon INFO @ 06:42:23] Saving emissions data to file C:\Users\pr8pf\Documents\GitHub\SplitFed\emissions.csv
[codecarbon INFO @ 06:42:23] Energy consumed for RAM : 0.000011 kWh. RAM Power : 47.48608875274658 W
[codecarbon INFO @ 06:42:23] Energy consumed for all CPUs : 0.000023 kWh. Total CPU Power : 102.50000000000001 W
[codecarbon INFO @ 06:42:23] Energy consumed for all GPUs : 0.000004 kWh. Total GPU Power : 16.122321477332825 W
[codecarbon INFO @ 06:42:23] 0.000037 kWh of electricity used since the beginning.
[codecarbon INFO @ 06:43:19] [setup] RAM Tracking...
[codecarbon INFO @ 06:43:19] [setup] CPU Tracking...
[codecarbon WARNING @ 06:43:19] No CPU tracking mode found. Falling back on CPU constant mode. 
 Windows OS detected: Please install Intel Power Gadget to measure CPU

[codecarbon INFO @ 06:43:20] CPU Model on constant consumption mode: Intel(R) Xeon(R) Gold 6258R CPU @ 2.70GHz
[codecarbon INFO @ 06:43:20] [setup] GPU Tracking...
[codecarbon INFO @ 06:43:20] Tracking Nvidia GPU via pynvml
[codecarbon INFO @ 06:43:20] >>> Tracker's metadata:
[codecarbon INFO @ 06:43:20]   Platform system: Windows-11-10.0.22631-SP0
[codecarbon INFO @ 06:43:20]   Python version: 3.12.7
[codecarbon INFO @ 06:43:20]   CodeCarbon version: 2.8.3
[codecarbon INFO @ 06:43:20]   Available RAM : 126.630 GB
[codecarbon INFO @ 06:43:20]   CPU count: 56
[codecarbon INFO @ 06:43:20]   CPU model: Intel(R) Xeon(R) Gold 6258R CPU @ 2.70GHz
[codecarbon INFO @ 06:43:20]   GPU count: 2
[codecarbon INFO @ 06:43:20]   GPU model: 2 x NVIDIA RTX A5000
[codecarbon INFO @ 06:43:24] Saving emissions data to file C:\Users\pr8pf\Documents\GitHub\SplitFed\emissions.csv
[codecarbon INFO @ 06:43:24] Energy consumed for RAM : 0.000009 kWh. RAM Power : 47.48608875274658 W
[codecarbon INFO @ 06:43:24] Energy consumed for all CPUs : 0.000020 kWh. Total CPU Power : 102.50000000000001 W
[codecarbon INFO @ 06:43:24] Energy consumed for all GPUs : 0.000003 kWh. Total GPU Power : 17.085413406266117 W
[codecarbon INFO @ 06:43:24] 0.000032 kWh of electricity used since the beginning.

[91m Client0 Train => Local Epoch: 2 / 5 	Acc: 78.960 	Loss: 0.6707[00m
[91m Client0 Train => Local Epoch: 3 / 5 	Acc: 81.439 	Loss: 0.5527[00m
[91m Client0 Train => Local Epoch: 4 / 5 	Acc: 84.752 	Loss: 0.4687[00m
[92m  Client0 Test => 	Acc: 45.717 	Loss: 3.9853[00m
[91m Client1 Train => Local Epoch: 0 / 5 	Acc: 36.979 	Loss: 2.2594[00m
[91m Client1 Train => Local Epoch: 1 / 5 	Acc: 49.653 	Loss: 1.6159[00m
[91m Client1 Train => Local Epoch: 2 / 5 	Acc: 54.427 	Loss: 1.4453[00m
[91m Client1 Train => Local Epoch: 3 / 5 	Acc: 64.410 	Loss: 1.1641[00m
[91m Client1 Train => Local Epoch: 4 / 5 	Acc: 65.799 	Loss: 1.0150[00m
[92m  Client1 Test => 	Acc: 27.302 	Loss: 4.9968[00m
[91m Client2 Train => Local Epoch: 0 / 5 	Acc: 43.056 	Loss: 2.0025[00m
[91m Client2 Train => Local Epoch: 1 / 5 	Acc: 58.333 	Loss: 1.3551[00m
[91m Client2 Train => Local Epoch: 2 / 5 	Acc: 67.448 	Loss: 1.0483[00m
[91m Client2 Train => Local Epoch: 3 / 5 	Acc: 69.531 	Loss: 1.0581[00m
[91m Client2 Train => Local Epoch: 4 / 5 	Acc: 73.351 	Loss: 0.8296[00m
[92m  Client2 Test => 	Acc: 37.401 	Loss: 5.7506[00m
[91m Client3 Train => Local Epoch: 0 / 5 	Acc: 53.950 	Loss: 1.5580[00m
[91m Client3 Train => Local Epoch: 1 / 5 	Acc: 74.392 	Loss: 0.8935[00m
[91m Client3 Train => Local Epoch: 2 / 5 	Acc: 80.382 	Loss: 0.6393[00m
[91m Client3 Train => Local Epoch: 3 / 5 	Acc: 81.467 	Loss: 0.5612[00m
[91m Client3 Train => Local Epoch: 4 / 5 	Acc: 84.332 	Loss: 0.4892[00m
[92m  Client3 Test => 	Acc: 52.994 	Loss: 1.7902[00m
[91m Client4 Train => Local Epoch: 0 / 5 	Acc: 33.301 	Loss: 2.0330[00m
[91m Client4 Train => Local Epoch: 1 / 5 	Acc: 61.816 	Loss: 1.1717[00m
[91m Client4 Train => Local Epoch: 2 / 5 	Acc: 70.215 	Loss: 0.9174[00m
[91m Client4 Train => Local Epoch: 3 / 5 	Acc: 72.070 	Loss: 0.8638[00m
[91m Client4 Train => Local Epoch: 4 / 5 	Acc: 80.371 	Loss: 0.5997[00m
[92m  Client4 Test => 	Acc: 46.072 	Loss: 3.4612[00m
[91m Client5 Train => Local Epoch: 0 / 5 	Acc: 31.380 	Loss: 2.2553[00m
[91m Client5 Train => Local Epoch: 1 / 5 	Acc: 56.380 	Loss: 1.4733[00m
[91m Client5 Train => Local Epoch: 2 / 5 	Acc: 57.031 	Loss: 1.3966[00m
[91m Client5 Train => Local Epoch: 3 / 5 	Acc: 67.318 	Loss: 1.1407[00m
[91m Client5 Train => Local Epoch: 4 / 5 	Acc: 68.880 	Loss: 0.9617[00m
[92m  Client5 Test => 	Acc: 44.948 	Loss: 2.4779[00m
[91m Client6 Train => Local Epoch: 0 / 5 	Acc: 49.688 	Loss: 1.7137[00m
[91m Client6 Train => Local Epoch: 1 / 5 	Acc: 64.656 	Loss: 1.2040[00m
[91m Client6 Train => Local Epoch: 2 / 5 	Acc: 76.812 	Loss: 0.7623[00m
[91m Client6 Train => Local Epoch: 3 / 5 	Acc: 79.375 	Loss: 0.6806[00m
[91m Client6 Train => Local Epoch: 4 / 5 	Acc: 84.469 	Loss: 0.5074[00m
[92m  Client6 Test => 	Acc: 61.628 	Loss: 1.1258[00m
[91m Client7 Train => Local Epoch: 0 / 5 	Acc: 34.453 	Loss: 2.2155[00m
[91m Client7 Train => Local Epoch: 1 / 5 	Acc: 45.000 	Loss: 1.6856[00m
[91m Client7 Train => Local Epoch: 2 / 5 	Acc: 51.641 	Loss: 1.4412[00m
[91m Client7 Train => Local Epoch: 3 / 5 	Acc: 61.172 	Loss: 1.1468[00m
[91m Client7 Train => Local Epoch: 4 / 5 	Acc: 67.031 	Loss: 0.9902[00m
[92m  Client7 Test => 	Acc: 51.157 	Loss: 2.0040[00m
[91m Client8 Train => Local Epoch: 0 / 5 	Acc: 20.703 	Loss: 2.4142[00m
[91m Client8 Train => Local Epoch: 1 / 5 	Acc: 59.505 	Loss: 1.3991[00m
[91m Client8 Train => Local Epoch: 2 / 5 	Acc: 73.958 	Loss: 0.9426[00m
[91m Client8 Train => Local Epoch: 3 / 5 	Acc: 77.604 	Loss: 0.8243[00m
[91m Client8 Train => Local Epoch: 4 / 5 	Acc: 78.516 	Loss: 0.6557[00m
[92m  Client8 Test => 	Acc: 39.443 	Loss: 2.1750[00m
[91m Client9 Train => Local Epoch: 0 / 5 	Acc: 39.062 	Loss: 1.9876[00m
[91m Client9 Train => Local Epoch: 1 / 5 	Acc: 65.685 	Loss: 1.1682[00m
[91m Client9 Train => Local Epoch: 2 / 5 	Acc: 77.344 	Loss: 0.7456[00m
[91m Client9 Train => Local Epoch: 3 / 5 	Acc: 79.147 	Loss: 0.7162[00m
[91m Client9 Train => Local Epoch: 4 / 5 	Acc: 82.993 	Loss: 0.5692[00m
[92m  Client9 Test => 	Acc: 60.957 	Loss: 1.5891[00m
------------------------------------------------
------ Federation process at Server-Side ------- 
------------------------------------------------
-----------------------------------------------------------
------ FedServer: Federation process at Client-Side ------- 
-----------------------------------------------------------
[1. 1. 1. 1. 1. 1. 0. 1. 1. 1.]
Client-side aggregation done
[1. 1. 1. 1. 1. 1. 0. 1. 1. 1.]
Server-side aggregation done
[92m  Client0 Test => 	Acc: 39.956 	Loss: 2.0040[00m
 Train: Round   3, Avg Accuracy 77.049 | Avg Loss 0.709
[91m Client0 Train => Local Epoch: 0 / 5 	Acc: 70.124 	Loss: 0.9667[00m
[91m Client0 Train => Local Epoch: 1 / 5 	Acc: 79.957 	Loss: 0.5973[00m
[91m Client0 Train => Local Epoch: 2 / 5 	Acc: 83.648 	Loss: 0.5089[00m
[91m Client0 Train => Local Epoch: 3 / 5 	Acc: 85.668 	Loss: 0.4245[00m
[91m Client0 Train => Local Epoch: 4 / 5 	Acc: 88.470 	Loss: 0.3533[00m
[92m  Client0 Test => 	Acc: 46.995 	Loss: 4.0273[00m
[91m Client1 Train => Local Epoch: 0 / 5 	Acc: 58.507 	Loss: 1.5192[00m
[91m Client1 Train => Local Epoch: 1 / 5 	Acc: 72.569 	Loss: 0.8861[00m
[91m Client1 Train => Local Epoch: 2 / 5 	Acc: 77.951 	Loss: 0.7275[00m
[91m Client1 Train => Local Epoch: 3 / 5 	Acc: 80.642 	Loss: 0.6295[00m
[91m Client1 Train => Local Epoch: 4 / 5 	Acc: 79.253 	Loss: 0.5863[00m
[92m  Client1 Test => 	Acc: 45.292 	Loss: 4.4060[00m
[91m Client2 Train => Local Epoch: 0 / 5 	Acc: 62.500 	Loss: 1.2810[00m
[91m Client2 Train => Local Epoch: 1 / 5 	Acc: 76.823 	Loss: 0.7724[00m
[91m Client2 Train => Local Epoch: 2 / 5 	Acc: 81.424 	Loss: 0.5981[00m
[91m Client2 Train => Local Epoch: 3 / 5 	Acc: 79.774 	Loss: 0.5965[00m
[91m Client2 Train => Local Epoch: 4 / 5 	Acc: 86.111 	Loss: 0.4306[00m
[92m  Client2 Test => 	Acc: 47.703 	Loss: 4.6616[00m
[91m Client3 Train => Local Epoch: 0 / 5 	Acc: 72.483 	Loss: 1.0075[00m
[91m Client3 Train => Local Epoch: 1 / 5 	Acc: 81.988 	Loss: 0.6028[00m
[91m Client3 Train => Local Epoch: 2 / 5 	Acc: 84.201 	Loss: 0.5095[00m
[91m Client3 Train => Local Epoch: 3 / 5 	Acc: 87.630 	Loss: 0.3862[00m
[91m Client3 Train => Local Epoch: 4 / 5 	Acc: 88.889 	Loss: 0.3599[00m
[92m  Client3 Test => 	Acc: 70.463 	Loss: 1.2500[00m
[91m Client4 Train => Local Epoch: 0 / 5 	Acc: 60.742 	Loss: 1.2803[00m
[91m Client4 Train => Local Epoch: 1 / 5 	Acc: 77.148 	Loss: 0.7010[00m
[91m Client4 Train => Local Epoch: 2 / 5 	Acc: 81.836 	Loss: 0.6055[00m
[91m Client4 Train => Local Epoch: 3 / 5 	Acc: 85.156 	Loss: 0.4635[00m
[91m Client4 Train => Local Epoch: 4 / 5 	Acc: 89.551 	Loss: 0.3508[00m
[92m  Client4 Test => 	Acc: 54.007 	Loss: 1.9710[00m
[91m Client5 Train => Local Epoch: 0 / 5 	Acc: 51.953 	Loss: 1.5608[00m
[91m Client5 Train => Local Epoch: 1 / 5 	Acc: 67.318 	Loss: 0.9519[00m
[91m Client5 Train => Local Epoch: 2 / 5 	Acc: 72.005 	Loss: 0.8198[00m
[91m Client5 Train => Local Epoch: 3 / 5 	Acc: 76.432 	Loss: 0.6848[00m
[91m Client5 Train => Local Epoch: 4 / 5 	Acc: 82.031 	Loss: 0.5463[00m
[92m  Client5 Test => 	Acc: 60.309 	Loss: 2.2995[00m
[91m Client6 Train => Local Epoch: 0 / 5 	Acc: 64.625 	Loss: 1.1415[00m
[91m Client6 Train => Local Epoch: 1 / 5 	Acc: 76.906 	Loss: 0.7001[00m
[91m Client6 Train => Local Epoch: 2 / 5 	Acc: 82.156 	Loss: 0.5540[00m
[91m Client6 Train => Local Epoch: 3 / 5 	Acc: 86.312 	Loss: 0.4559[00m
[91m Client6 Train => Local Epoch: 4 / 5 	Acc: 88.312 	Loss: 0.3792[00m
[92m  Client6 Test => 	Acc: 68.525 	Loss: 1.1660[00m
[91m Client7 Train => Local Epoch: 0 / 5 	Acc: 51.406 	Loss: 1.6054[00m
[91m Client7 Train => Local Epoch: 1 / 5 	Acc: 63.516 	Loss: 1.1673[00m
[91m Client7 Train => Local Epoch: 2 / 5 	Acc: 71.406 	Loss: 0.8996[00m
[91m Client7 Train => Local Epoch: 3 / 5 	Acc: 76.953 	Loss: 0.6976[00m
[91m Client7 Train => Local Epoch: 4 / 5 	Acc: 81.875 	Loss: 0.5387[00m
[92m  Client7 Test => 	Acc: 54.367 	Loss: 1.9510[00m
[91m Client8 Train => Local Epoch: 0 / 5 	Acc: 40.495 	Loss: 1.8592[00mC:\Users\pr8pf\AppData\Local\anaconda3\Lib\site-packages\sklearn\cluster\_kmeans.py:1429: UserWarning: KMeans is known to have a memory leak on Windows with MKL, when there are less chunks than available threads. You can avoid it by setting the environment variable OMP_NUM_THREADS=1.
  warnings.warn(
C:\Users\pr8pf\AppData\Local\anaconda3\Lib\site-packages\sklearn\cluster\_kmeans.py:1429: UserWarning: KMeans is known to have a memory leak on Windows with MKL, when there are less chunks than available threads. You can avoid it by setting the environment variable OMP_NUM_THREADS=1.
  warnings.warn(
[codecarbon INFO @ 07:10:07] [setup] RAM Tracking...
[codecarbon INFO @ 07:10:07] [setup] CPU Tracking...
[codecarbon WARNING @ 07:10:07] No CPU tracking mode found. Falling back on CPU constant mode. 
 Windows OS detected: Please install Intel Power Gadget to measure CPU

[codecarbon INFO @ 07:10:09] CPU Model on constant consumption mode: Intel(R) Xeon(R) Gold 6258R CPU @ 2.70GHz
[codecarbon INFO @ 07:10:09] [setup] GPU Tracking...
[codecarbon INFO @ 07:10:09] Tracking Nvidia GPU via pynvml
[codecarbon INFO @ 07:10:09] >>> Tracker's metadata:
[codecarbon INFO @ 07:10:09]   Platform system: Windows-11-10.0.22631-SP0
[codecarbon INFO @ 07:10:09]   Python version: 3.12.7
[codecarbon INFO @ 07:10:09]   CodeCarbon version: 2.8.3
[codecarbon INFO @ 07:10:09]   Available RAM : 126.630 GB
[codecarbon INFO @ 07:10:09]   CPU count: 56
[codecarbon INFO @ 07:10:09]   CPU model: Intel(R) Xeon(R) Gold 6258R CPU @ 2.70GHz
[codecarbon INFO @ 07:10:09]   GPU count: 2
[codecarbon INFO @ 07:10:09]   GPU model: 2 x NVIDIA RTX A5000
[codecarbon INFO @ 07:10:12] Saving emissions data to file C:\Users\pr8pf\Documents\GitHub\SplitFed\emissions.csv
[codecarbon INFO @ 07:10:12] Energy consumed for RAM : 0.000010 kWh. RAM Power : 47.48608875274658 W
[codecarbon INFO @ 07:10:12] Energy consumed for all CPUs : 0.000022 kWh. Total CPU Power : 102.50000000000001 W
[codecarbon INFO @ 07:10:12] Energy consumed for all GPUs : 0.000003 kWh. Total GPU Power : 15.900518825943166 W
[codecarbon INFO @ 07:10:12] 0.000035 kWh of electricity used since the beginning.
[codecarbon INFO @ 07:11:09] [setup] RAM Tracking...
[codecarbon INFO @ 07:11:09] [setup] CPU Tracking...
[codecarbon WARNING @ 07:11:09] No CPU tracking mode found. Falling back on CPU constant mode. 
 Windows OS detected: Please install Intel Power Gadget to measure CPU

[codecarbon INFO @ 07:11:11] CPU Model on constant consumption mode: Intel(R) Xeon(R) Gold 6258R CPU @ 2.70GHz
[codecarbon INFO @ 07:11:11] [setup] GPU Tracking...
[codecarbon INFO @ 07:11:11] Tracking Nvidia GPU via pynvml
[codecarbon INFO @ 07:11:11] >>> Tracker's metadata:
[codecarbon INFO @ 07:11:11]   Platform system: Windows-11-10.0.22631-SP0
[codecarbon INFO @ 07:11:11]   Python version: 3.12.7
[codecarbon INFO @ 07:11:11]   CodeCarbon version: 2.8.3
[codecarbon INFO @ 07:11:11]   Available RAM : 126.630 GB
[codecarbon INFO @ 07:11:11]   CPU count: 56
[codecarbon INFO @ 07:11:11]   CPU model: Intel(R) Xeon(R) Gold 6258R CPU @ 2.70GHz
[codecarbon INFO @ 07:11:11]   GPU count: 2
[codecarbon INFO @ 07:11:11]   GPU model: 2 x NVIDIA RTX A5000
[codecarbon INFO @ 07:11:14] Saving emissions data to file C:\Users\pr8pf\Documents\GitHub\SplitFed\emissions.csv
[codecarbon INFO @ 07:11:15] Energy consumed for RAM : 0.000008 kWh. RAM Power : 47.48608875274658 W
[codecarbon INFO @ 07:11:15] Energy consumed for all CPUs : 0.000017 kWh. Total CPU Power : 102.50000000000001 W
[codecarbon INFO @ 07:11:15] Energy consumed for all GPUs : 0.000003 kWh. Total GPU Power : 17.078887033541278 W
[codecarbon INFO @ 07:11:15] 0.000029 kWh of electricity used since the beginning.
C:\Users\pr8pf\AppData\Local\anaconda3\Lib\site-packages\sklearn\cluster\_kmeans.py:1429: UserWarning: KMeans is known to have a memory leak on Windows with MKL, when there are less chunks than available threads. You can avoid it by setting the environment variable OMP_NUM_THREADS=1.
  warnings.warn(
C:\Users\pr8pf\AppData\Local\anaconda3\Lib\site-packages\sklearn\cluster\_kmeans.py:1429: UserWarning: KMeans is known to have a memory leak on Windows with MKL, when there are less chunks than available threads. You can avoid it by setting the environment variable OMP_NUM_THREADS=1.
  warnings.warn(
[codecarbon INFO @ 07:37:57] [setup] RAM Tracking...
[codecarbon INFO @ 07:37:57] [setup] CPU Tracking...
[codecarbon WARNING @ 07:37:57] No CPU tracking mode found. Falling back on CPU constant mode. 
 Windows OS detected: Please install Intel Power Gadget to measure CPU

[codecarbon INFO @ 07:37:59] CPU Model on constant consumption mode: Intel(R) Xeon(R) Gold 6258R CPU @ 2.70GHz
[codecarbon INFO @ 07:37:59] [setup] GPU Tracking...
[codecarbon INFO @ 07:37:59] Tracking Nvidia GPU via pynvml
[codecarbon INFO @ 07:37:59] >>> Tracker's metadata:
[codecarbon INFO @ 07:37:59]   Platform system: Windows-11-10.0.22631-SP0
[codecarbon INFO @ 07:37:59]   Python version: 3.12.7
[codecarbon INFO @ 07:37:59]   CodeCarbon version: 2.8.3
[codecarbon INFO @ 07:37:59]   Available RAM : 126.630 GB
[codecarbon INFO @ 07:37:59]   CPU count: 56
[codecarbon INFO @ 07:37:59]   CPU model: Intel(R) Xeon(R) Gold 6258R CPU @ 2.70GHz
[codecarbon INFO @ 07:37:59]   GPU count: 2
[codecarbon INFO @ 07:37:59]   GPU model: 2 x NVIDIA RTX A5000
[codecarbon INFO @ 07:38:02] Saving emissions data to file C:\Users\pr8pf\Documents\GitHub\SplitFed\emissions.csv
[codecarbon INFO @ 07:38:02] Energy consumed for RAM : 0.000009 kWh. RAM Power : 47.48608875274658 W
[codecarbon INFO @ 07:38:02] Energy consumed for all CPUs : 0.000019 kWh. Total CPU Power : 102.50000000000001 W
[codecarbon INFO @ 07:38:02] Energy consumed for all GPUs : 0.000003 kWh. Total GPU Power : 15.901563210611625 W
[codecarbon INFO @ 07:38:02] 0.000030 kWh of electricity used since the beginning.
[codecarbon INFO @ 07:38:58] [setup] RAM Tracking...
[codecarbon INFO @ 07:38:58] [setup] CPU Tracking...
[codecarbon WARNING @ 07:38:58] No CPU tracking mode found. Falling back on CPU constant mode. 
 Windows OS detected: Please install Intel Power Gadget to measure CPU

[codecarbon INFO @ 07:39:00] CPU Model on constant consumption mode: Intel(R) Xeon(R) Gold 6258R CPU @ 2.70GHz
[codecarbon INFO @ 07:39:00] [setup] GPU Tracking...
[codecarbon INFO @ 07:39:00] Tracking Nvidia GPU via pynvml
[codecarbon INFO @ 07:39:00] >>> Tracker's metadata:
[codecarbon INFO @ 07:39:00]   Platform system: Windows-11-10.0.22631-SP0
[codecarbon INFO @ 07:39:00]   Python version: 3.12.7
[codecarbon INFO @ 07:39:00]   CodeCarbon version: 2.8.3
[codecarbon INFO @ 07:39:00]   Available RAM : 126.630 GB
[codecarbon INFO @ 07:39:00]   CPU count: 56
[codecarbon INFO @ 07:39:00]   CPU model: Intel(R) Xeon(R) Gold 6258R CPU @ 2.70GHz
[codecarbon INFO @ 07:39:00]   GPU count: 2
[codecarbon INFO @ 07:39:00]   GPU model: 2 x NVIDIA RTX A5000
[codecarbon INFO @ 07:39:03] Saving emissions data to file C:\Users\pr8pf\Documents\GitHub\SplitFed\emissions.csv
[codecarbon INFO @ 07:39:03] Energy consumed for RAM : 0.000006 kWh. RAM Power : 47.48608875274658 W
[codecarbon INFO @ 07:39:03] Energy consumed for all CPUs : 0.000013 kWh. Total CPU Power : 102.50000000000001 W
[codecarbon INFO @ 07:39:03] Energy consumed for all GPUs : 0.000002 kWh. Total GPU Power : 17.17855689997029 W
[codecarbon INFO @ 07:39:03] 0.000022 kWh of electricity used since the beginning.

[91m Client8 Train => Local Epoch: 1 / 5 	Acc: 77.604 	Loss: 0.8410[00m
[91m Client8 Train => Local Epoch: 2 / 5 	Acc: 81.120 	Loss: 0.6388[00m
[91m Client8 Train => Local Epoch: 3 / 5 	Acc: 83.594 	Loss: 0.5294[00m
[91m Client8 Train => Local Epoch: 4 / 5 	Acc: 85.156 	Loss: 0.4449[00m
[92m  Client8 Test => 	Acc: 49.392 	Loss: 2.2177[00m
[91m Client9 Train => Local Epoch: 0 / 5 	Acc: 65.565 	Loss: 1.2217[00m
[91m Client9 Train => Local Epoch: 1 / 5 	Acc: 77.524 	Loss: 0.7509[00m
[91m Client9 Train => Local Epoch: 2 / 5 	Acc: 82.993 	Loss: 0.5617[00m
[91m Client9 Train => Local Epoch: 3 / 5 	Acc: 86.298 	Loss: 0.4418[00m
[91m Client9 Train => Local Epoch: 4 / 5 	Acc: 84.555 	Loss: 0.5378[00m
[92m  Client9 Test => 	Acc: 62.208 	Loss: 1.4452[00m
------------------------------------------------
------ Federation process at Server-Side ------- 
------------------------------------------------
-----------------------------------------------------------
------ FedServer: Federation process at Client-Side ------- 
-----------------------------------------------------------
[1. 1. 1. 1. 1. 1. 0. 1. 1. 1.]
Client-side aggregation done
[1. 1. 1. 1. 1. 1. 0. 1. 1. 1.]
Server-side aggregation done
[92m  Client0 Test => 	Acc: 65.290 	Loss: 1.1160[00m
 Train: Round   4, Avg Accuracy 85.420 | Avg Loss 0.453
[91m Client0 Train => Local Epoch: 0 / 5 	Acc: 80.496 	Loss: 0.5878[00m
[91m Client0 Train => Local Epoch: 1 / 5 	Acc: 85.156 	Loss: 0.4396[00m
[91m Client0 Train => Local Epoch: 2 / 5 	Acc: 88.820 	Loss: 0.3346[00m
[91m Client0 Train => Local Epoch: 3 / 5 	Acc: 89.978 	Loss: 0.3207[00m
[91m Client0 Train => Local Epoch: 4 / 5 	Acc: 88.901 	Loss: 0.3408[00m
[92m  Client0 Test => 	Acc: 57.266 	Loss: 3.9762[00m
[91m Client1 Train => Local Epoch: 0 / 5 	Acc: 68.837 	Loss: 0.8893[00m
[91m Client1 Train => Local Epoch: 1 / 5 	Acc: 81.684 	Loss: 0.5367[00m
[91m Client1 Train => Local Epoch: 2 / 5 	Acc: 83.941 	Loss: 0.4870[00m
[91m Client1 Train => Local Epoch: 3 / 5 	Acc: 87.153 	Loss: 0.3752[00m
[91m Client1 Train => Local Epoch: 4 / 5 	Acc: 88.194 	Loss: 0.3375[00m
[92m  Client1 Test => 	Acc: 56.218 	Loss: 5.4753[00m
[91m Client2 Train => Local Epoch: 0 / 5 	Acc: 76.042 	Loss: 0.6751[00m
[91m Client2 Train => Local Epoch: 1 / 5 	Acc: 86.806 	Loss: 0.4258[00m
[91m Client2 Train => Local Epoch: 2 / 5 	Acc: 87.066 	Loss: 0.3669[00m
[91m Client2 Train => Local Epoch: 3 / 5 	Acc: 87.847 	Loss: 0.3722[00m
[91m Client2 Train => Local Epoch: 4 / 5 	Acc: 86.198 	Loss: 0.4211[00m
[92m  Client2 Test => 	Acc: 52.830 	Loss: 4.6046[00m
[91m Client3 Train => Local Epoch: 0 / 5 	Acc: 83.420 	Loss: 0.5898[00m
[91m Client3 Train => Local Epoch: 1 / 5 	Acc: 87.457 	Loss: 0.3972[00m
[91m Client3 Train => Local Epoch: 2 / 5 	Acc: 89.497 	Loss: 0.3501[00m
[91m Client3 Train => Local Epoch: 3 / 5 	Acc: 91.059 	Loss: 0.2799[00m
[91m Client3 Train => Local Epoch: 4 / 5 	Acc: 91.406 	Loss: 0.2684[00m
[92m  Client3 Test => 	Acc: 73.079 	Loss: 1.2294[00m
[91m Client4 Train => Local Epoch: 0 / 5 	Acc: 80.273 	Loss: 0.6364[00m
[91m Client4 Train => Local Epoch: 1 / 5 	Acc: 86.328 	Loss: 0.4033[00m
[91m Client4 Train => Local Epoch: 2 / 5 	Acc: 90.723 	Loss: 0.3144[00m
[91m Client4 Train => Local Epoch: 3 / 5 	Acc: 91.992 	Loss: 0.2523[00m
[91m Client4 Train => Local Epoch: 4 / 5 	Acc: 88.672 	Loss: 0.3583[00m
[92m  Client4 Test => 	Acc: 58.797 	Loss: 1.6766[00m
[91m Client5 Train => Local Epoch: 0 / 5 	Acc: 78.385 	Loss: 0.7362[00m
[91m Client5 Train => Local Epoch: 1 / 5 	Acc: 81.120 	Loss: 0.5049[00m
[91m Client5 Train => Local Epoch: 2 / 5 	Acc: 86.198 	Loss: 0.4203[00m
[91m Client5 Train => Local Epoch: 3 / 5 	Acc: 85.807 	Loss: 0.4072[00m
[91m Client5 Train => Local Epoch: 4 / 5 	Acc: 90.104 	Loss: 0.2910[00m
[92m  Client5 Test => 	Acc: 68.832 	Loss: 2.1173[00m
[91m Client6 Train => Local Epoch: 0 / 5 	Acc: 76.375 	Loss: 0.7040[00m
[91m Client6 Train => Local Epoch: 1 / 5 	Acc: 83.500 	Loss: 0.5115[00m
[91m Client6 Train => Local Epoch: 2 / 5 	Acc: 84.156 	Loss: 0.5027[00m
[91m Client6 Train => Local Epoch: 3 / 5 	Acc: 86.625 	Loss: 0.4116[00m
[91m Client6 Train => Local Epoch: 4 / 5 	Acc: 90.250 	Loss: 0.2959[00m
[92m  Client6 Test => 	Acc: 69.565 	Loss: 0.8966[00m
[91m Client7 Train => Local Epoch: 0 / 5 	Acc: 67.344 	Loss: 1.0373[00m
[91m Client7 Train => Local Epoch: 1 / 5 	Acc: 78.203 	Loss: 0.7266[00m
[91m Client7 Train => Local Epoch: 2 / 5 	Acc: 79.141 	Loss: 0.6973[00m
[91m Client7 Train => Local Epoch: 3 / 5 	Acc: 82.891 	Loss: 0.5074[00m
[91m Client7 Train => Local Epoch: 4 / 5 	Acc: 85.391 	Loss: 0.4640[00m
[92m  Client7 Test => 	Acc: 60.394 	Loss: 1.7989[00m
[91m Client8 Train => Local Epoch: 0 / 5 	Acc: 74.349 	Loss: 0.8056[00m
[91m Client8 Train => Local Epoch: 1 / 5 	Acc: 86.589 	Loss: 0.4895[00m
[91m Client8 Train => Local Epoch: 2 / 5 	Acc: 88.542 	Loss: 0.3762[00m
[91m Client8 Train => Local Epoch: 3 / 5 	Acc: 90.234 	Loss: 0.3036[00m
[91m Client8 Train => Local Epoch: 4 / 5 	Acc: 91.016 	Loss: 0.2830[00m
[92m  Client8 Test => 	Acc: 58.770 	Loss: 1.7231[00m
[91m Client9 Train => Local Epoch: 0 / 5 	Acc: 78.666 	Loss: 0.6818[00m
[91m Client9 Train => Local Epoch: 1 / 5 	Acc: 86.118 	Loss: 0.4649[00m
[91m Client9 Train => Local Epoch: 2 / 5 	Acc: 88.462 	Loss: 0.3450[00m
[91m Client9 Train => Local Epoch: 3 / 5 	Acc: 88.161 	Loss: 0.3866[00m
[91m Client9 Train => Local Epoch: 4 / 5 	Acc: 88.462 	Loss: 0.3705[00m
[92m  Client9 Test => 	Acc: 65.744 	Loss: 1.2253[00m
------------------------------------------------
------ Federation process at Server-Side ------- 
------------------------------------------------
-----------------------------------------------------------
------ FedServer: Federation process at Client-Side ------- 
-----------------------------------------------------------
[1. 1. 1. 1. 1. 1. 0. 1. 1. 1.]
Client-side aggregation done
[1. 1. 1. 1. 1. 1. 0. 1. 1. 1.]
Server-side aggregation done
[92m  Client0 Test => 	Acc: 64.134 	Loss: 0.8859[00m
 Train: Round   5, Avg Accuracy 88.859 | Avg Loss 0.343
[91m Client0 Train => Local Epoch: 0 / 5 	Acc: 85.345 	Loss: 0.4325[00m
[91m Client0 Train => Local Epoch: 1 / 5 	Acc: 89.089 	Loss: 0.3432[00m
[91m Client0 Train => Local Epoch: 2 / 5 	Acc: 89.844 	Loss: 0.3160[00m
[91m Client0 Train => Local Epoch: 3 / 5 	Acc: 91.029 	Loss: 0.2858[00m
[91m Client0 Train => Local Epoch: 4 / 5 	Acc: 92.888 	Loss: 0.2196[00m
[92m  Client0 Test => 	Acc: 62.615 	Loss: 2.8243[00m
[91m Client1 Train => Local Epoch: 0 / 5 	Acc: 78.299 	Loss: 0.6170[00m
[91m Client1 Train => Local Epoch: 1 / 5 	Acc: 85.677 	Loss: 0.4228[00m
[91m Client1 Train => Local Epoch: 2 / 5 	Acc: 90.017 	Loss: 0.2978[00m
[91m Client1 Train => Local Epoch: 3 / 5 	Acc: 92.361 	Loss: 0.2468[00m
[91m Client1 Train => Local Epoch: 4 / 5 	Acc: 90.365 	Loss: 0.2684[00m
[92m  Client1 Test => 	Acc: 57.389 	Loss: 4.1154[00m
[91m Client2 Train => Local Epoch: 0 / 5 	Acc: 83.594 	Loss: 0.5282[00m
[91m Client2 Train => Local Epoch: 1 / 5 	Acc: 88.368 	Loss: 0.3475[00m
[91m Client2 Train => Local Epoch: 2 / 5 	Acc: 90.017 	Loss: 0.2848[00m
[91m Client2 Train => Local Epoch: 3 / 5 	Acc: 90.625 	Loss: 0.3138[00m
[91m Client2 Train => Local Epoch: 4 / 5 	Acc: 92.969 	Loss: 0.2283[00m
[92m  Client2 Test => 	Acc: 61.393 	Loss: 3.7746[00m
[91m Client3 Train => Local Epoch: 0 / 5 	Acc: 85.764 	Loss: 0.4496[00m
[91m Client3 Train => Local Epoch: 1 / 5 	Acc: 91.450 	Loss: 0.2711[00m
[91m Client3 Train => Local Epoch: 2 / 5 	Acc: 93.012 	Loss: 0.2448[00m
[91m Client3 Train => Local Epoch: 3 / 5 	Acc: 94.271 	Loss: 0.1748[00m
[91m Client3 Train => Local Epoch: 4 / 5 	Acc: 93.490 	Loss: 0.2097[00m
[92m  Client3 Test => 	Acc: 75.612 	Loss: 1.0249[00m
[91m Client4 Train => Local Epoch: 0 / 5 	Acc: 85.742 	Loss: 0.4408[00m
[91m Client4 Train => Local Epoch: 1 / 5 	Acc: 88.379 	Loss: 0.3325[00m
[91m Client4 Train => Local Epoch: 2 / 5 	Acc: 91.309 	Loss: 0.2713[00mC:\Users\pr8pf\AppData\Local\anaconda3\Lib\site-packages\sklearn\cluster\_kmeans.py:1429: UserWarning: KMeans is known to have a memory leak on Windows with MKL, when there are less chunks than available threads. You can avoid it by setting the environment variable OMP_NUM_THREADS=1.
  warnings.warn(
C:\Users\pr8pf\AppData\Local\anaconda3\Lib\site-packages\sklearn\cluster\_kmeans.py:1429: UserWarning: KMeans is known to have a memory leak on Windows with MKL, when there are less chunks than available threads. You can avoid it by setting the environment variable OMP_NUM_THREADS=1.
  warnings.warn(
[codecarbon INFO @ 08:05:53] [setup] RAM Tracking...
[codecarbon INFO @ 08:05:53] [setup] CPU Tracking...
[codecarbon WARNING @ 08:05:53] No CPU tracking mode found. Falling back on CPU constant mode. 
 Windows OS detected: Please install Intel Power Gadget to measure CPU

[codecarbon INFO @ 08:05:55] CPU Model on constant consumption mode: Intel(R) Xeon(R) Gold 6258R CPU @ 2.70GHz
[codecarbon INFO @ 08:05:55] [setup] GPU Tracking...
[codecarbon INFO @ 08:05:55] Tracking Nvidia GPU via pynvml
[codecarbon INFO @ 08:05:55] >>> Tracker's metadata:
[codecarbon INFO @ 08:05:55]   Platform system: Windows-11-10.0.22631-SP0
[codecarbon INFO @ 08:05:55]   Python version: 3.12.7
[codecarbon INFO @ 08:05:55]   CodeCarbon version: 2.8.3
[codecarbon INFO @ 08:05:55]   Available RAM : 126.630 GB
[codecarbon INFO @ 08:05:55]   CPU count: 56
[codecarbon INFO @ 08:05:55]   CPU model: Intel(R) Xeon(R) Gold 6258R CPU @ 2.70GHz
[codecarbon INFO @ 08:05:55]   GPU count: 2
[codecarbon INFO @ 08:05:55]   GPU model: 2 x NVIDIA RTX A5000
[codecarbon INFO @ 08:05:58] Saving emissions data to file C:\Users\pr8pf\Documents\GitHub\SplitFed\emissions.csv
[codecarbon INFO @ 08:05:59] Energy consumed for RAM : 0.000008 kWh. RAM Power : 47.48608875274658 W
[codecarbon INFO @ 08:05:59] Energy consumed for all CPUs : 0.000017 kWh. Total CPU Power : 102.50000000000001 W
[codecarbon INFO @ 08:05:59] Energy consumed for all GPUs : 0.000003 kWh. Total GPU Power : 16.095178569412575 W
[codecarbon INFO @ 08:05:59] 0.000028 kWh of electricity used since the beginning.
[codecarbon INFO @ 08:06:55] [setup] RAM Tracking...
[codecarbon INFO @ 08:06:55] [setup] CPU Tracking...
[codecarbon WARNING @ 08:06:55] No CPU tracking mode found. Falling back on CPU constant mode. 
 Windows OS detected: Please install Intel Power Gadget to measure CPU

[codecarbon INFO @ 08:06:57] CPU Model on constant consumption mode: Intel(R) Xeon(R) Gold 6258R CPU @ 2.70GHz
[codecarbon INFO @ 08:06:57] [setup] GPU Tracking...
[codecarbon INFO @ 08:06:57] Tracking Nvidia GPU via pynvml
[codecarbon INFO @ 08:06:57] >>> Tracker's metadata:
[codecarbon INFO @ 08:06:57]   Platform system: Windows-11-10.0.22631-SP0
[codecarbon INFO @ 08:06:57]   Python version: 3.12.7
[codecarbon INFO @ 08:06:57]   CodeCarbon version: 2.8.3
[codecarbon INFO @ 08:06:57]   Available RAM : 126.630 GB
[codecarbon INFO @ 08:06:57]   CPU count: 56
[codecarbon INFO @ 08:06:57]   CPU model: Intel(R) Xeon(R) Gold 6258R CPU @ 2.70GHz
[codecarbon INFO @ 08:06:57]   GPU count: 2
[codecarbon INFO @ 08:06:57]   GPU model: 2 x NVIDIA RTX A5000
[codecarbon INFO @ 08:07:00] Saving emissions data to file C:\Users\pr8pf\Documents\GitHub\SplitFed\emissions.csv
[codecarbon INFO @ 08:07:00] Energy consumed for RAM : 0.000008 kWh. RAM Power : 47.48608875274658 W
[codecarbon INFO @ 08:07:00] Energy consumed for all CPUs : 0.000017 kWh. Total CPU Power : 102.50000000000001 W
[codecarbon INFO @ 08:07:00] Energy consumed for all GPUs : 0.000003 kWh. Total GPU Power : 18.705078653353635 W
[codecarbon INFO @ 08:07:00] 0.000027 kWh of electricity used since the beginning.
C:\Users\pr8pf\AppData\Local\anaconda3\Lib\site-packages\sklearn\cluster\_kmeans.py:1429: UserWarning: KMeans is known to have a memory leak on Windows with MKL, when there are less chunks than available threads. You can avoid it by setting the environment variable OMP_NUM_THREADS=1.
  warnings.warn(
C:\Users\pr8pf\AppData\Local\anaconda3\Lib\site-packages\sklearn\cluster\_kmeans.py:1429: UserWarning: KMeans is known to have a memory leak on Windows with MKL, when there are less chunks than available threads. You can avoid it by setting the environment variable OMP_NUM_THREADS=1.
  warnings.warn(
[codecarbon INFO @ 08:34:05] [setup] RAM Tracking...
[codecarbon INFO @ 08:34:05] [setup] CPU Tracking...
[codecarbon WARNING @ 08:34:05] No CPU tracking mode found. Falling back on CPU constant mode. 
 Windows OS detected: Please install Intel Power Gadget to measure CPU

[codecarbon INFO @ 08:34:06] CPU Model on constant consumption mode: Intel(R) Xeon(R) Gold 6258R CPU @ 2.70GHz
[codecarbon INFO @ 08:34:06] [setup] GPU Tracking...
[codecarbon INFO @ 08:34:06] Tracking Nvidia GPU via pynvml
[codecarbon INFO @ 08:34:06] >>> Tracker's metadata:
[codecarbon INFO @ 08:34:06]   Platform system: Windows-11-10.0.22631-SP0
[codecarbon INFO @ 08:34:06]   Python version: 3.12.7
[codecarbon INFO @ 08:34:06]   CodeCarbon version: 2.8.3
[codecarbon INFO @ 08:34:06]   Available RAM : 126.630 GB
[codecarbon INFO @ 08:34:06]   CPU count: 56
[codecarbon INFO @ 08:34:06]   CPU model: Intel(R) Xeon(R) Gold 6258R CPU @ 2.70GHz
[codecarbon INFO @ 08:34:06]   GPU count: 2
[codecarbon INFO @ 08:34:06]   GPU model: 2 x NVIDIA RTX A5000
[codecarbon INFO @ 08:34:10] Saving emissions data to file C:\Users\pr8pf\Documents\GitHub\SplitFed\emissions.csv
[codecarbon INFO @ 08:34:10] Energy consumed for RAM : 0.000009 kWh. RAM Power : 47.48608875274658 W
[codecarbon INFO @ 08:34:10] Energy consumed for all CPUs : 0.000020 kWh. Total CPU Power : 102.50000000000001 W
[codecarbon INFO @ 08:34:10] Energy consumed for all GPUs : 0.000003 kWh. Total GPU Power : 14.84576536680181 W
[codecarbon INFO @ 08:34:10] 0.000032 kWh of electricity used since the beginning.
[codecarbon INFO @ 08:35:05] [setup] RAM Tracking...
[codecarbon INFO @ 08:35:05] [setup] CPU Tracking...
[codecarbon WARNING @ 08:35:05] No CPU tracking mode found. Falling back on CPU constant mode. 
 Windows OS detected: Please install Intel Power Gadget to measure CPU

[codecarbon INFO @ 08:35:07] CPU Model on constant consumption mode: Intel(R) Xeon(R) Gold 6258R CPU @ 2.70GHz
[codecarbon INFO @ 08:35:07] [setup] GPU Tracking...
[codecarbon INFO @ 08:35:07] Tracking Nvidia GPU via pynvml
[codecarbon INFO @ 08:35:07] >>> Tracker's metadata:
[codecarbon INFO @ 08:35:07]   Platform system: Windows-11-10.0.22631-SP0
[codecarbon INFO @ 08:35:07]   Python version: 3.12.7
[codecarbon INFO @ 08:35:07]   CodeCarbon version: 2.8.3
[codecarbon INFO @ 08:35:07]   Available RAM : 126.630 GB
[codecarbon INFO @ 08:35:07]   CPU count: 56
[codecarbon INFO @ 08:35:07]   CPU model: Intel(R) Xeon(R) Gold 6258R CPU @ 2.70GHz
[codecarbon INFO @ 08:35:07]   GPU count: 2
[codecarbon INFO @ 08:35:07]   GPU model: 2 x NVIDIA RTX A5000
[codecarbon INFO @ 08:35:10] Saving emissions data to file C:\Users\pr8pf\Documents\GitHub\SplitFed\emissions.csv
[codecarbon INFO @ 08:35:11] Energy consumed for RAM : 0.000008 kWh. RAM Power : 47.48608875274658 W
[codecarbon INFO @ 08:35:11] Energy consumed for all CPUs : 0.000017 kWh. Total CPU Power : 102.50000000000001 W
[codecarbon INFO @ 08:35:11] Energy consumed for all GPUs : 0.000003 kWh. Total GPU Power : 16.73607581408401 W
[codecarbon INFO @ 08:35:11] 0.000028 kWh of electricity used since the beginning.

[91m Client4 Train => Local Epoch: 3 / 5 	Acc: 92.578 	Loss: 0.2397[00m
[91m Client4 Train => Local Epoch: 4 / 5 	Acc: 93.164 	Loss: 0.2072[00m
[92m  Client4 Test => 	Acc: 69.764 	Loss: 1.2019[00m
[91m Client5 Train => Local Epoch: 0 / 5 	Acc: 80.599 	Loss: 0.5959[00m
[91m Client5 Train => Local Epoch: 1 / 5 	Acc: 88.672 	Loss: 0.3648[00m
[91m Client5 Train => Local Epoch: 2 / 5 	Acc: 88.802 	Loss: 0.3146[00m
[91m Client5 Train => Local Epoch: 3 / 5 	Acc: 90.234 	Loss: 0.2946[00m
[91m Client5 Train => Local Epoch: 4 / 5 	Acc: 91.146 	Loss: 0.2482[00m
[92m  Client5 Test => 	Acc: 70.906 	Loss: 1.5623[00m
[91m Client6 Train => Local Epoch: 0 / 5 	Acc: 81.625 	Loss: 0.5453[00m
[91m Client6 Train => Local Epoch: 1 / 5 	Acc: 86.188 	Loss: 0.4149[00m
[91m Client6 Train => Local Epoch: 2 / 5 	Acc: 88.562 	Loss: 0.3686[00m
[91m Client6 Train => Local Epoch: 3 / 5 	Acc: 91.156 	Loss: 0.2934[00m
[91m Client6 Train => Local Epoch: 4 / 5 	Acc: 92.781 	Loss: 0.2212[00m
[92m  Client6 Test => 	Acc: 73.512 	Loss: 0.9833[00m
[91m Client7 Train => Local Epoch: 0 / 5 	Acc: 76.406 	Loss: 0.7341[00m
[91m Client7 Train => Local Epoch: 1 / 5 	Acc: 83.984 	Loss: 0.4962[00m
[91m Client7 Train => Local Epoch: 2 / 5 	Acc: 87.891 	Loss: 0.3987[00m
[91m Client7 Train => Local Epoch: 3 / 5 	Acc: 87.422 	Loss: 0.3902[00m
[91m Client7 Train => Local Epoch: 4 / 5 	Acc: 88.672 	Loss: 0.3498[00m
[92m  Client7 Test => 	Acc: 71.077 	Loss: 1.2837[00m
[91m Client8 Train => Local Epoch: 0 / 5 	Acc: 79.167 	Loss: 0.6171[00m
[91m Client8 Train => Local Epoch: 1 / 5 	Acc: 87.370 	Loss: 0.4284[00m
[91m Client8 Train => Local Epoch: 2 / 5 	Acc: 91.406 	Loss: 0.2788[00m
[91m Client8 Train => Local Epoch: 3 / 5 	Acc: 91.667 	Loss: 0.2493[00m
[91m Client8 Train => Local Epoch: 4 / 5 	Acc: 94.661 	Loss: 0.1772[00m
[92m  Client8 Test => 	Acc: 69.755 	Loss: 1.3023[00m
[91m Client9 Train => Local Epoch: 0 / 5 	Acc: 85.096 	Loss: 0.4594[00m
[91m Client9 Train => Local Epoch: 1 / 5 	Acc: 91.587 	Loss: 0.2802[00m
[91m Client9 Train => Local Epoch: 2 / 5 	Acc: 89.784 	Loss: 0.3680[00m
[91m Client9 Train => Local Epoch: 3 / 5 	Acc: 85.637 	Loss: 0.4846[00m
[91m Client9 Train => Local Epoch: 4 / 5 	Acc: 89.663 	Loss: 0.3526[00m
[92m  Client9 Test => 	Acc: 68.138 	Loss: 1.2504[00m
------------------------------------------------
------ Federation process at Server-Side ------- 
------------------------------------------------
-----------------------------------------------------------
------ FedServer: Federation process at Client-Side ------- 
-----------------------------------------------------------
[1. 1. 1. 1. 1. 1. 0. 1. 1. 1.]
Client-side aggregation done
[1. 1. 1. 1. 1. 1. 0. 1. 1. 1.]
Server-side aggregation done
[92m  Client0 Test => 	Acc: 82.048 	Loss: 0.5218[00m
 Train: Round   6, Avg Accuracy 91.980 | Avg Loss 0.248
[91m Client0 Train => Local Epoch: 0 / 5 	Acc: 88.739 	Loss: 0.3430[00m
[91m Client0 Train => Local Epoch: 1 / 5 	Acc: 91.622 	Loss: 0.2585[00m
[91m Client0 Train => Local Epoch: 2 / 5 	Acc: 92.645 	Loss: 0.2303[00m
[91m Client0 Train => Local Epoch: 3 / 5 	Acc: 94.208 	Loss: 0.1734[00m
[91m Client0 Train => Local Epoch: 4 / 5 	Acc: 94.504 	Loss: 0.1693[00m
[92m  Client0 Test => 	Acc: 65.445 	Loss: 3.7423[00m
[91m Client1 Train => Local Epoch: 0 / 5 	Acc: 83.073 	Loss: 0.5307[00m
[91m Client1 Train => Local Epoch: 1 / 5 	Acc: 88.976 	Loss: 0.3002[00m
[91m Client1 Train => Local Epoch: 2 / 5 	Acc: 92.622 	Loss: 0.2175[00m
[91m Client1 Train => Local Epoch: 3 / 5 	Acc: 92.188 	Loss: 0.2044[00m
[91m Client1 Train => Local Epoch: 4 / 5 	Acc: 95.226 	Loss: 0.1514[00m
[92m  Client1 Test => 	Acc: 63.351 	Loss: 3.6525[00m
[91m Client2 Train => Local Epoch: 0 / 5 	Acc: 80.208 	Loss: 0.6633[00m
[91m Client2 Train => Local Epoch: 1 / 5 	Acc: 90.625 	Loss: 0.2960[00m
[91m Client2 Train => Local Epoch: 2 / 5 	Acc: 91.580 	Loss: 0.2599[00m
[91m Client2 Train => Local Epoch: 3 / 5 	Acc: 94.531 	Loss: 0.1572[00m
[91m Client2 Train => Local Epoch: 4 / 5 	Acc: 94.358 	Loss: 0.1555[00m
[92m  Client2 Test => 	Acc: 68.931 	Loss: 4.4079[00m
[91m Client3 Train => Local Epoch: 0 / 5 	Acc: 91.189 	Loss: 0.2985[00m
[91m Client3 Train => Local Epoch: 1 / 5 	Acc: 93.273 	Loss: 0.2053[00m
[91m Client3 Train => Local Epoch: 2 / 5 	Acc: 94.227 	Loss: 0.1767[00m
[91m Client3 Train => Local Epoch: 3 / 5 	Acc: 95.486 	Loss: 0.1386[00m
[91m Client3 Train => Local Epoch: 4 / 5 	Acc: 94.618 	Loss: 0.1792[00m
[92m  Client3 Test => 	Acc: 75.456 	Loss: 0.9161[00m
[91m Client4 Train => Local Epoch: 0 / 5 	Acc: 91.309 	Loss: 0.2707[00m
[91m Client4 Train => Local Epoch: 1 / 5 	Acc: 93.457 	Loss: 0.2092[00m
[91m Client4 Train => Local Epoch: 2 / 5 	Acc: 93.066 	Loss: 0.2262[00m
[91m Client4 Train => Local Epoch: 3 / 5 	Acc: 90.820 	Loss: 0.2732[00m
[91m Client4 Train => Local Epoch: 4 / 5 	Acc: 92.578 	Loss: 0.2157[00m
[92m  Client4 Test => 	Acc: 73.717 	Loss: 1.0224[00m
[91m Client5 Train => Local Epoch: 0 / 5 	Acc: 89.323 	Loss: 0.3938[00m
[91m Client5 Train => Local Epoch: 1 / 5 	Acc: 90.234 	Loss: 0.2883[00m
[91m Client5 Train => Local Epoch: 2 / 5 	Acc: 94.661 	Loss: 0.1887[00m
[91m Client5 Train => Local Epoch: 3 / 5 	Acc: 91.927 	Loss: 0.2365[00m
[91m Client5 Train => Local Epoch: 4 / 5 	Acc: 93.099 	Loss: 0.2005[00m
[92m  Client5 Test => 	Acc: 72.525 	Loss: 1.5734[00m
[91m Client6 Train => Local Epoch: 0 / 5 	Acc: 85.438 	Loss: 0.4335[00m
[91m Client6 Train => Local Epoch: 1 / 5 	Acc: 91.062 	Loss: 0.2810[00m
[91m Client6 Train => Local Epoch: 2 / 5 	Acc: 92.719 	Loss: 0.2325[00m
[91m Client6 Train => Local Epoch: 3 / 5 	Acc: 91.875 	Loss: 0.2549[00m
[91m Client6 Train => Local Epoch: 4 / 5 	Acc: 93.875 	Loss: 0.1931[00m
[92m  Client6 Test => 	Acc: 79.517 	Loss: 0.6687[00m
[91m Client7 Train => Local Epoch: 0 / 5 	Acc: 83.281 	Loss: 0.4845[00m
[91m Client7 Train => Local Epoch: 1 / 5 	Acc: 89.141 	Loss: 0.3572[00m
[91m Client7 Train => Local Epoch: 2 / 5 	Acc: 90.234 	Loss: 0.3080[00m
[91m Client7 Train => Local Epoch: 3 / 5 	Acc: 90.391 	Loss: 0.2693[00m
[91m Client7 Train => Local Epoch: 4 / 5 	Acc: 93.047 	Loss: 0.2269[00m
[92m  Client7 Test => 	Acc: 76.056 	Loss: 0.9452[00m
[91m Client8 Train => Local Epoch: 0 / 5 	Acc: 89.974 	Loss: 0.3992[00m
[91m Client8 Train => Local Epoch: 1 / 5 	Acc: 92.969 	Loss: 0.2558[00m
[91m Client8 Train => Local Epoch: 2 / 5 	Acc: 94.531 	Loss: 0.1825[00m
[91m Client8 Train => Local Epoch: 3 / 5 	Acc: 95.443 	Loss: 0.1436[00m
[91m Client8 Train => Local Epoch: 4 / 5 	Acc: 96.094 	Loss: 0.1072[00m
[92m  Client8 Test => 	Acc: 74.431 	Loss: 1.2057[00m
[91m Client9 Train => Local Epoch: 0 / 5 	Acc: 89.243 	Loss: 0.3463[00m
[91m Client9 Train => Local Epoch: 1 / 5 	Acc: 91.887 	Loss: 0.2690[00m
[91m Client9 Train => Local Epoch: 2 / 5 	Acc: 93.750 	Loss: 0.2084[00m
[91m Client9 Train => Local Epoch: 3 / 5 	Acc: 94.712 	Loss: 0.1702[00m
[91m Client9 Train => Local Epoch: 4 / 5 	Acc: 94.591 	Loss: 0.1757[00m
[92m  Client9 Test => 	Acc: 75.816 	Loss: 0.7813[00m
------------------------------------------------
------ Federation process at Server-Side ------- 
------------------------------------------------
-----------------------------------------------------------
------ FedServer: Federation process at Client-Side ------- 
-----------------------------------------------------------
[1. 1. 1. 1. 1. 1. 0. 1. 1. 1.]
Client-side aggregation done
[1. 1. 1. 1. 1. 1. 0. 1. 1. 1.]
Server-side aggregation done
[92m  Client0 Test => 	Acc: 73.800 	Loss: 0.8894[00m
 Train: Round   7, Avg Accuracy 94.199 | Avg Loss 0.177
[91m Client0 Train => Local Epoch: 0 / 5 	Acc: 89.817 	Loss: 0.3251[00m
[91m Client0 Train => Local Epoch: 1 / 5 	Acc: 93.077 	Loss: 0.2136[00m
[91m Client0 Train => Local Epoch: 2 / 5 	Acc: 92.538 	Loss: 0.2348[00m
[91m Client0 Train => Local Epoch: 3 / 5 	Acc: 92.726 	Loss: 0.2324[00m
[91m Client0 Train => Local Epoch: 4 / 5 	Acc: 95.016 	Loss: 0.1547[00mC:\Users\pr8pf\AppData\Local\anaconda3\Lib\site-packages\sklearn\cluster\_kmeans.py:1429: UserWarning: KMeans is known to have a memory leak on Windows with MKL, when there are less chunks than available threads. You can avoid it by setting the environment variable OMP_NUM_THREADS=1.
  warnings.warn(
C:\Users\pr8pf\AppData\Local\anaconda3\Lib\site-packages\sklearn\cluster\_kmeans.py:1429: UserWarning: KMeans is known to have a memory leak on Windows with MKL, when there are less chunks than available threads. You can avoid it by setting the environment variable OMP_NUM_THREADS=1.
  warnings.warn(
[codecarbon INFO @ 09:02:09] [setup] RAM Tracking...
[codecarbon INFO @ 09:02:09] [setup] CPU Tracking...
[codecarbon WARNING @ 09:02:09] No CPU tracking mode found. Falling back on CPU constant mode. 
 Windows OS detected: Please install Intel Power Gadget to measure CPU

[codecarbon INFO @ 09:02:11] CPU Model on constant consumption mode: Intel(R) Xeon(R) Gold 6258R CPU @ 2.70GHz
[codecarbon INFO @ 09:02:11] [setup] GPU Tracking...
[codecarbon INFO @ 09:02:11] Tracking Nvidia GPU via pynvml
[codecarbon INFO @ 09:02:11] >>> Tracker's metadata:
[codecarbon INFO @ 09:02:11]   Platform system: Windows-11-10.0.22631-SP0
[codecarbon INFO @ 09:02:11]   Python version: 3.12.7
[codecarbon INFO @ 09:02:11]   CodeCarbon version: 2.8.3
[codecarbon INFO @ 09:02:11]   Available RAM : 126.630 GB
[codecarbon INFO @ 09:02:11]   CPU count: 56
[codecarbon INFO @ 09:02:11]   CPU model: Intel(R) Xeon(R) Gold 6258R CPU @ 2.70GHz
[codecarbon INFO @ 09:02:11]   GPU count: 2
[codecarbon INFO @ 09:02:11]   GPU model: 2 x NVIDIA RTX A5000
[codecarbon INFO @ 09:02:14] Saving emissions data to file C:\Users\pr8pf\Documents\GitHub\SplitFed\emissions.csv
[codecarbon INFO @ 09:02:15] Energy consumed for RAM : 0.000011 kWh. RAM Power : 47.48608875274658 W
[codecarbon INFO @ 09:02:15] Energy consumed for all CPUs : 0.000024 kWh. Total CPU Power : 102.50000000000001 W
[codecarbon INFO @ 09:02:15] Energy consumed for all GPUs : 0.000005 kWh. Total GPU Power : 23.041783750821292 W
[codecarbon INFO @ 09:02:15] 0.000041 kWh of electricity used since the beginning.
[codecarbon INFO @ 09:03:11] [setup] RAM Tracking...
[codecarbon INFO @ 09:03:11] [setup] CPU Tracking...
[codecarbon WARNING @ 09:03:11] No CPU tracking mode found. Falling back on CPU constant mode. 
 Windows OS detected: Please install Intel Power Gadget to measure CPU

[codecarbon INFO @ 09:03:12] CPU Model on constant consumption mode: Intel(R) Xeon(R) Gold 6258R CPU @ 2.70GHz
[codecarbon INFO @ 09:03:12] [setup] GPU Tracking...
[codecarbon INFO @ 09:03:12] Tracking Nvidia GPU via pynvml
[codecarbon INFO @ 09:03:13] >>> Tracker's metadata:
[codecarbon INFO @ 09:03:13]   Platform system: Windows-11-10.0.22631-SP0
[codecarbon INFO @ 09:03:13]   Python version: 3.12.7
[codecarbon INFO @ 09:03:13]   CodeCarbon version: 2.8.3
[codecarbon INFO @ 09:03:13]   Available RAM : 126.630 GB
[codecarbon INFO @ 09:03:13]   CPU count: 56
[codecarbon INFO @ 09:03:13]   CPU model: Intel(R) Xeon(R) Gold 6258R CPU @ 2.70GHz
[codecarbon INFO @ 09:03:13]   GPU count: 2
[codecarbon INFO @ 09:03:13]   GPU model: 2 x NVIDIA RTX A5000
[codecarbon INFO @ 09:03:16] Saving emissions data to file C:\Users\pr8pf\Documents\GitHub\SplitFed\emissions.csv
[codecarbon INFO @ 09:03:16] Energy consumed for RAM : 0.000006 kWh. RAM Power : 47.48608875274658 W
[codecarbon INFO @ 09:03:16] Energy consumed for all CPUs : 0.000014 kWh. Total CPU Power : 102.50000000000001 W
[codecarbon INFO @ 09:03:16] Energy consumed for all GPUs : 0.000002 kWh. Total GPU Power : 17.91227247152831 W
[codecarbon INFO @ 09:03:16] 0.000023 kWh of electricity used since the beginning.

[92m  Client0 Test => 	Acc: 68.890 	Loss: 2.6069[00m
[91m Client1 Train => Local Epoch: 0 / 5 	Acc: 90.799 	Loss: 0.2697[00m
[91m Client1 Train => Local Epoch: 1 / 5 	Acc: 93.056 	Loss: 0.1886[00m
[91m Client1 Train => Local Epoch: 2 / 5 	Acc: 92.274 	Loss: 0.1978[00m
[91m Client1 Train => Local Epoch: 3 / 5 	Acc: 92.361 	Loss: 0.2656[00m
[91m Client1 Train => Local Epoch: 4 / 5 	Acc: 92.708 	Loss: 0.2256[00m
[92m  Client1 Test => 	Acc: 63.437 	Loss: 2.3864[00m
[91m Client2 Train => Local Epoch: 0 / 5 	Acc: 93.056 	Loss: 0.1993[00m
[91m Client2 Train => Local Epoch: 1 / 5 	Acc: 94.878 	Loss: 0.1530[00m
[91m Client2 Train => Local Epoch: 2 / 5 	Acc: 94.878 	Loss: 0.1639[00m
[91m Client2 Train => Local Epoch: 3 / 5 	Acc: 92.622 	Loss: 0.2188[00m
[91m Client2 Train => Local Epoch: 4 / 5 	Acc: 94.792 	Loss: 0.1671[00m
[92m  Client2 Test => 	Acc: 67.992 	Loss: 2.6412[00m
[91m Client3 Train => Local Epoch: 0 / 5 	Acc: 90.972 	Loss: 0.3228[00m
[91m Client3 Train => Local Epoch: 1 / 5 	Acc: 94.922 	Loss: 0.1720[00m
[91m Client3 Train => Local Epoch: 2 / 5 	Acc: 95.486 	Loss: 0.1444[00m
[91m Client3 Train => Local Epoch: 3 / 5 	Acc: 95.877 	Loss: 0.1387[00m
[91m Client3 Train => Local Epoch: 4 / 5 	Acc: 94.358 	Loss: 0.1700[00m
[92m  Client3 Test => 	Acc: 81.860 	Loss: 0.7770[00m
[91m Client4 Train => Local Epoch: 0 / 5 	Acc: 88.672 	Loss: 0.3117[00m
[91m Client4 Train => Local Epoch: 1 / 5 	Acc: 94.531 	Loss: 0.1711[00m
[91m Client4 Train => Local Epoch: 2 / 5 	Acc: 95.898 	Loss: 0.1350[00m
[91m Client4 Train => Local Epoch: 3 / 5 	Acc: 95.898 	Loss: 0.1197[00m
[91m Client4 Train => Local Epoch: 4 / 5 	Acc: 95.703 	Loss: 0.1113[00m
[92m  Client4 Test => 	Acc: 73.457 	Loss: 1.1632[00m
[91m Client5 Train => Local Epoch: 0 / 5 	Acc: 80.339 	Loss: 0.6050[00m
[91m Client5 Train => Local Epoch: 1 / 5 	Acc: 90.104 	Loss: 0.3057[00m
[91m Client5 Train => Local Epoch: 2 / 5 	Acc: 92.969 	Loss: 0.1895[00m
[91m Client5 Train => Local Epoch: 3 / 5 	Acc: 94.792 	Loss: 0.1364[00m
[91m Client5 Train => Local Epoch: 4 / 5 	Acc: 96.094 	Loss: 0.1179[00m
[92m  Client5 Test => 	Acc: 74.788 	Loss: 1.7206[00m
[91m Client6 Train => Local Epoch: 0 / 5 	Acc: 88.844 	Loss: 0.3562[00m
[91m Client6 Train => Local Epoch: 1 / 5 	Acc: 92.156 	Loss: 0.2600[00m
[91m Client6 Train => Local Epoch: 2 / 5 	Acc: 93.344 	Loss: 0.2091[00m
[91m Client6 Train => Local Epoch: 3 / 5 	Acc: 92.000 	Loss: 0.2435[00m
[91m Client6 Train => Local Epoch: 4 / 5 	Acc: 92.625 	Loss: 0.2454[00m
[92m  Client6 Test => 	Acc: 83.816 	Loss: 0.5152[00m
[91m Client7 Train => Local Epoch: 0 / 5 	Acc: 84.609 	Loss: 0.4617[00m
[91m Client7 Train => Local Epoch: 1 / 5 	Acc: 90.781 	Loss: 0.2643[00m
[91m Client7 Train => Local Epoch: 2 / 5 	Acc: 91.328 	Loss: 0.2452[00m
[91m Client7 Train => Local Epoch: 3 / 5 	Acc: 89.297 	Loss: 0.3471[00m
[91m Client7 Train => Local Epoch: 4 / 5 	Acc: 93.672 	Loss: 0.2161[00m
[92m  Client7 Test => 	Acc: 80.554 	Loss: 0.7617[00m
[91m Client8 Train => Local Epoch: 0 / 5 	Acc: 85.286 	Loss: 0.4903[00m
[91m Client8 Train => Local Epoch: 1 / 5 	Acc: 94.401 	Loss: 0.1981[00m
[91m Client8 Train => Local Epoch: 2 / 5 	Acc: 95.443 	Loss: 0.1419[00m
[91m Client8 Train => Local Epoch: 3 / 5 	Acc: 96.354 	Loss: 0.1252[00m
[91m Client8 Train => Local Epoch: 4 / 5 	Acc: 96.354 	Loss: 0.1172[00m
[92m  Client8 Test => 	Acc: 76.211 	Loss: 1.1482[00m
[91m Client9 Train => Local Epoch: 0 / 5 	Acc: 89.603 	Loss: 0.3232[00m
[91m Client9 Train => Local Epoch: 1 / 5 	Acc: 92.368 	Loss: 0.2351[00m
[91m Client9 Train => Local Epoch: 2 / 5 	Acc: 93.149 	Loss: 0.2032[00m
[91m Client9 Train => Local Epoch: 3 / 5 	Acc: 94.772 	Loss: 0.1651[00m
[91m Client9 Train => Local Epoch: 4 / 5 	Acc: 96.454 	Loss: 0.1141[00m
[92m  Client9 Test => 	Acc: 80.229 	Loss: 0.6575[00m
------------------------------------------------
------ Federation process at Server-Side ------- 
------------------------------------------------
-----------------------------------------------------------
------ FedServer: Federation process at Client-Side ------- 
-----------------------------------------------------------
[1. 1. 1. 1. 1. 1. 0. 1. 1. 1.]
Client-side aggregation done
[1. 1. 1. 1. 1. 1. 0. 1. 1. 1.]
Server-side aggregation done
[92m  Client0 Test => 	Acc: 91.223 	Loss: 0.3027[00m
 Train: Round   8, Avg Accuracy 94.778 | Avg Loss 0.164
[91m Client0 Train => Local Epoch: 0 / 5 	Acc: 91.191 	Loss: 0.2973[00m
[91m Client0 Train => Local Epoch: 1 / 5 	Acc: 92.915 	Loss: 0.2133[00m
[91m Client0 Train => Local Epoch: 2 / 5 	Acc: 94.531 	Loss: 0.1697[00m
[91m Client0 Train => Local Epoch: 3 / 5 	Acc: 93.831 	Loss: 0.1837[00m
[91m Client0 Train => Local Epoch: 4 / 5 	Acc: 93.508 	Loss: 0.1925[00m
[92m  Client0 Test => 	Acc: 64.892 	Loss: 3.6513[00m
[91m Client1 Train => Local Epoch: 0 / 5 	Acc: 85.069 	Loss: 0.5168[00m
[91m Client1 Train => Local Epoch: 1 / 5 	Acc: 91.406 	Loss: 0.2389[00m
[91m Client1 Train => Local Epoch: 2 / 5 	Acc: 94.097 	Loss: 0.1661[00m
[91m Client1 Train => Local Epoch: 3 / 5 	Acc: 95.573 	Loss: 0.1253[00m
[91m Client1 Train => Local Epoch: 4 / 5 	Acc: 95.660 	Loss: 0.1353[00m
[92m  Client1 Test => 	Acc: 60.737 	Loss: 3.7094[00m
[91m Client2 Train => Local Epoch: 0 / 5 	Acc: 76.389 	Loss: 1.1047[00m
[91m Client2 Train => Local Epoch: 1 / 5 	Acc: 88.889 	Loss: 0.3793[00m
[91m Client2 Train => Local Epoch: 2 / 5 	Acc: 90.885 	Loss: 0.2706[00m
[91m Client2 Train => Local Epoch: 3 / 5 	Acc: 94.184 	Loss: 0.1686[00m
[91m Client2 Train => Local Epoch: 4 / 5 	Acc: 93.403 	Loss: 0.2156[00m
[92m  Client2 Test => 	Acc: 61.719 	Loss: 5.5732[00m
[91m Client3 Train => Local Epoch: 0 / 5 	Acc: 94.705 	Loss: 0.1762[00m
[91m Client3 Train => Local Epoch: 1 / 5 	Acc: 96.050 	Loss: 0.1281[00m
[91m Client3 Train => Local Epoch: 2 / 5 	Acc: 95.226 	Loss: 0.1454[00m
[91m Client3 Train => Local Epoch: 3 / 5 	Acc: 94.141 	Loss: 0.1902[00m
[91m Client3 Train => Local Epoch: 4 / 5 	Acc: 96.571 	Loss: 0.1092[00m
[92m  Client3 Test => 	Acc: 81.773 	Loss: 0.7033[00m
[91m Client4 Train => Local Epoch: 0 / 5 	Acc: 94.531 	Loss: 0.1629[00m
[91m Client4 Train => Local Epoch: 1 / 5 	Acc: 95.703 	Loss: 0.1134[00m
[91m Client4 Train => Local Epoch: 2 / 5 	Acc: 96.582 	Loss: 0.1105[00m
[91m Client4 Train => Local Epoch: 3 / 5 	Acc: 97.461 	Loss: 0.0817[00m
[91m Client4 Train => Local Epoch: 4 / 5 	Acc: 97.559 	Loss: 0.0824[00m
[92m  Client4 Test => 	Acc: 80.558 	Loss: 0.8510[00m
[91m Client5 Train => Local Epoch: 0 / 5 	Acc: 93.490 	Loss: 0.2056[00m
[91m Client5 Train => Local Epoch: 1 / 5 	Acc: 95.182 	Loss: 0.1557[00m
[91m Client5 Train => Local Epoch: 2 / 5 	Acc: 95.833 	Loss: 0.1263[00m
[91m Client5 Train => Local Epoch: 3 / 5 	Acc: 97.266 	Loss: 0.1015[00m
[91m Client5 Train => Local Epoch: 4 / 5 	Acc: 96.875 	Loss: 0.1255[00m
[92m  Client5 Test => 	Acc: 81.917 	Loss: 0.9174[00m
[91m Client6 Train => Local Epoch: 0 / 5 	Acc: 92.969 	Loss: 0.2388[00m
[91m Client6 Train => Local Epoch: 1 / 5 	Acc: 94.594 	Loss: 0.1712[00m
[91m Client6 Train => Local Epoch: 2 / 5 	Acc: 93.812 	Loss: 0.1864[00m
[91m Client6 Train => Local Epoch: 3 / 5 	Acc: 94.812 	Loss: 0.1716[00m
[91m Client6 Train => Local Epoch: 4 / 5 	Acc: 94.781 	Loss: 0.1541[00m
[92m  Client6 Test => 	Acc: 82.512 	Loss: 0.5905[00m
[91m Client7 Train => Local Epoch: 0 / 5 	Acc: 92.188 	Loss: 0.2257[00m
[91m Client7 Train => Local Epoch: 1 / 5 	Acc: 94.062 	Loss: 0.1752[00m
[91m Client7 Train => Local Epoch: 2 / 5 	Acc: 93.438 	Loss: 0.1817[00m
[91m Client7 Train => Local Epoch: 3 / 5 	Acc: 95.156 	Loss: 0.1485[00m
[91m Client7 Train => Local Epoch: 4 / 5 	Acc: 91.875 	Loss: 0.2323[00m
[92m  Client7 Test => 	Acc: 82.449 	Loss: 0.6210[00m
[91m Client8 Train => Local Epoch: 0 / 5 	Acc: 93.620 	Loss: 0.2340[00m
[91m Client8 Train => Local Epoch: 1 / 5 	Acc: 95.312 	Loss: 0.1508[00m
[91m Client8 Train => Local Epoch: 2 / 5 	Acc: 96.875 	Loss: 0.1129[00m
[91m Client8 Train => Local Epoch: 3 / 5 	Acc: 98.177 	Loss: 0.0669[00mC:\Users\pr8pf\AppData\Local\anaconda3\Lib\site-packages\sklearn\cluster\_kmeans.py:1429: UserWarning: KMeans is known to have a memory leak on Windows with MKL, when there are less chunks than available threads. You can avoid it by setting the environment variable OMP_NUM_THREADS=1.
  warnings.warn(
C:\Users\pr8pf\AppData\Local\anaconda3\Lib\site-packages\sklearn\cluster\_kmeans.py:1429: UserWarning: KMeans is known to have a memory leak on Windows with MKL, when there are less chunks than available threads. You can avoid it by setting the environment variable OMP_NUM_THREADS=1.
  warnings.warn(
[codecarbon INFO @ 09:30:06] [setup] RAM Tracking...
[codecarbon INFO @ 09:30:06] [setup] CPU Tracking...
[codecarbon WARNING @ 09:30:06] No CPU tracking mode found. Falling back on CPU constant mode. 
 Windows OS detected: Please install Intel Power Gadget to measure CPU

[codecarbon INFO @ 09:30:08] CPU Model on constant consumption mode: Intel(R) Xeon(R) Gold 6258R CPU @ 2.70GHz
[codecarbon INFO @ 09:30:08] [setup] GPU Tracking...
[codecarbon INFO @ 09:30:08] Tracking Nvidia GPU via pynvml
[codecarbon INFO @ 09:30:08] >>> Tracker's metadata:
[codecarbon INFO @ 09:30:08]   Platform system: Windows-11-10.0.22631-SP0
[codecarbon INFO @ 09:30:08]   Python version: 3.12.7
[codecarbon INFO @ 09:30:08]   CodeCarbon version: 2.8.3
[codecarbon INFO @ 09:30:08]   Available RAM : 126.630 GB
[codecarbon INFO @ 09:30:08]   CPU count: 56
[codecarbon INFO @ 09:30:08]   CPU model: Intel(R) Xeon(R) Gold 6258R CPU @ 2.70GHz
[codecarbon INFO @ 09:30:08]   GPU count: 2
[codecarbon INFO @ 09:30:08]   GPU model: 2 x NVIDIA RTX A5000
[codecarbon INFO @ 09:30:11] Saving emissions data to file C:\Users\pr8pf\Documents\GitHub\SplitFed\emissions.csv
[codecarbon INFO @ 09:30:12] Energy consumed for RAM : 0.000009 kWh. RAM Power : 47.48608875274658 W
[codecarbon INFO @ 09:30:12] Energy consumed for all CPUs : 0.000018 kWh. Total CPU Power : 102.50000000000001 W
[codecarbon INFO @ 09:30:12] Energy consumed for all GPUs : 0.000003 kWh. Total GPU Power : 17.690578199122758 W
[codecarbon INFO @ 09:30:12] 0.000030 kWh of electricity used since the beginning.

[91m Client8 Train => Local Epoch: 4 / 5 	Acc: 97.786 	Loss: 0.0675[00m
[92m  Client8 Test => 	Acc: 81.722 	Loss: 0.9207[00m
[91m Client9 Train => Local Epoch: 0 / 5 	Acc: 93.810 	Loss: 0.2051[00m
[91m Client9 Train => Local Epoch: 1 / 5 	Acc: 94.832 	Loss: 0.1533[00m
[91m Client9 Train => Local Epoch: 2 / 5 	Acc: 96.695 	Loss: 0.0999[00m
[91m Client9 Train => Local Epoch: 3 / 5 	Acc: 95.974 	Loss: 0.1439[00m
[91m Client9 Train => Local Epoch: 4 / 5 	Acc: 95.012 	Loss: 0.1670[00m
[92m  Client9 Test => 	Acc: 85.633 	Loss: 0.4892[00m
------------------------------------------------
------ Federation process at Server-Side ------- 
------------------------------------------------
-----------------------------------------------------------
------ FedServer: Federation process at Client-Side ------- 
-----------------------------------------------------------
[1. 1. 1. 1. 1. 1. 0. 1. 1. 1.]
Client-side aggregation done
[1. 1. 1. 1. 1. 1. 0. 1. 1. 1.]
Server-side aggregation done
[92m  Client0 Test => 	Acc: 80.544 	Loss: 0.6343[00m
 Train: Round   9, Avg Accuracy 95.303 | Avg Loss 0.148
Training and Evaluation completed!
===== END Thu 01/08/2026  9:31:13.00 ===== 
