===== START Sun 12/21/2025  6:03:25.33 ===== 
C:\Users\pr8pf\AppData\Local\anaconda3\Lib\site-packages\torchvision\models\_utils.py:208: UserWarning: The parameter 'pretrained' is deprecated since 0.13 and may be removed in the future, please use 'weights' instead.
  warnings.warn(
C:\Users\pr8pf\AppData\Local\anaconda3\Lib\site-packages\torchvision\models\_utils.py:223: UserWarning: Arguments other than a weight enum or `None` for 'weights' are deprecated since 0.13 and may be removed in the future. The current behavior is equivalent to passing `weights=VGG16_Weights.IMAGENET1K_V1`. You can also use `weights=VGG16_Weights.DEFAULT` to get the most up-to-date weights.
  warnings.warn(msg)
[codecarbon INFO @ 06:03:58] [setup] RAM Tracking...
[codecarbon INFO @ 06:03:58] [setup] CPU Tracking...
[codecarbon WARNING @ 06:03:58] No CPU tracking mode found. Falling back on CPU constant mode. 
 Windows OS detected: Please install Intel Power Gadget to measure CPU

[codecarbon INFO @ 06:04:00] CPU Model on constant consumption mode: Intel(R) Xeon(R) Gold 6258R CPU @ 2.70GHz
[codecarbon INFO @ 06:04:00] [setup] GPU Tracking...
[codecarbon INFO @ 06:04:00] Tracking Nvidia GPU via pynvml
[codecarbon INFO @ 06:04:00] >>> Tracker's metadata:
[codecarbon INFO @ 06:04:00]   Platform system: Windows-11-10.0.22631-SP0
[codecarbon INFO @ 06:04:00]   Python version: 3.12.7
[codecarbon INFO @ 06:04:00]   CodeCarbon version: 2.8.3
[codecarbon INFO @ 06:04:00]   Available RAM : 126.630 GB
[codecarbon INFO @ 06:04:00]   CPU count: 56
[codecarbon INFO @ 06:04:00]   CPU model: Intel(R) Xeon(R) Gold 6258R CPU @ 2.70GHz
[codecarbon INFO @ 06:04:00]   GPU count: 2
[codecarbon INFO @ 06:04:00]   GPU model: 2 x NVIDIA RTX A5000
[codecarbon INFO @ 06:04:03] Saving emissions data to file C:\Users\pr8pf\Documents\GitHub\SplitFed\emissions.csv
[codecarbon INFO @ 06:04:05] Energy consumed for RAM : 0.000019 kWh. RAM Power : 47.48608875274658 W
[codecarbon INFO @ 06:04:05] Energy consumed for all CPUs : 0.000042 kWh. Total CPU Power : 102.50000000000001 W
[codecarbon INFO @ 06:04:05] Energy consumed for all GPUs : 0.000007 kWh. Total GPU Power : 17.037188817699224 W
[codecarbon INFO @ 06:04:05] 0.000069 kWh of electricity used since the beginning.
C:\Users\pr8pf\AppData\Local\anaconda3\Lib\site-packages\sklearn\cluster\_kmeans.py:1429: UserWarning: KMeans is known to have a memory leak on Windows with MKL, when there are less chunks than available threads. You can avoid it by setting the environment variable OMP_NUM_THREADS=1.
  warnings.warn(
C:\Users\pr8pf\AppData\Local\anaconda3\Lib\site-packages\sklearn\cluster\_kmeans.py:1429: UserWarning: KMeans is known to have a memory leak on Windows with MKL, when there are less chunks than available threads. You can avoid it by setting the environment variable OMP_NUM_THREADS=1.
  warnings.warn(
[codecarbon INFO @ 06:31:30] [setup] RAM Tracking...
[codecarbon INFO @ 06:31:30] [setup] CPU Tracking...
[codecarbon WARNING @ 06:31:30] No CPU tracking mode found. Falling back on CPU constant mode. 
 Windows OS detected: Please install Intel Power Gadget to measure CPU

[codecarbon INFO @ 06:31:32] CPU Model on constant consumption mode: Intel(R) Xeon(R) Gold 6258R CPU @ 2.70GHz
[codecarbon INFO @ 06:31:32] [setup] GPU Tracking...
[codecarbon INFO @ 06:31:32] Tracking Nvidia GPU via pynvml
[codecarbon INFO @ 06:31:32] >>> Tracker's metadata:
[codecarbon INFO @ 06:31:32]   Platform system: Windows-11-10.0.22631-SP0
[codecarbon INFO @ 06:31:32]   Python version: 3.12.7
[codecarbon INFO @ 06:31:32]   CodeCarbon version: 2.8.3
[codecarbon INFO @ 06:31:32]   Available RAM : 126.630 GB
[codecarbon INFO @ 06:31:32]   CPU count: 56
[codecarbon INFO @ 06:31:32]   CPU model: Intel(R) Xeon(R) Gold 6258R CPU @ 2.70GHz
[codecarbon INFO @ 06:31:32]   GPU count: 2
[codecarbon INFO @ 06:31:32]   GPU model: 2 x NVIDIA RTX A5000
[codecarbon INFO @ 06:31:35] Saving emissions data to file C:\Users\pr8pf\Documents\GitHub\SplitFed\emissions.csv
[codecarbon INFO @ 06:31:36] Energy consumed for RAM : 0.000017 kWh. RAM Power : 47.48608875274658 W
[codecarbon INFO @ 06:31:36] Energy consumed for all CPUs : 0.000038 kWh. Total CPU Power : 102.50000000000001 W
[codecarbon INFO @ 06:31:36] Energy consumed for all GPUs : 0.000006 kWh. Total GPU Power : 16.587021194185876 W
[codecarbon INFO @ 06:31:36] 0.000061 kWh of electricity used since the beginning.
[codecarbon INFO @ 06:32:30] [setup] RAM Tracking...
[codecarbon INFO @ 06:32:30] [setup] CPU Tracking...
[codecarbon WARNING @ 06:32:30] No CPU tracking mode found. Falling back on CPU constant mode. 
 Windows OS detected: Please install Intel Power Gadget to measure CPU

[codecarbon INFO @ 06:32:32] CPU Model on constant consumption mode: Intel(R) Xeon(R) Gold 6258R CPU @ 2.70GHz
[codecarbon INFO @ 06:32:32] [setup] GPU Tracking...
[codecarbon INFO @ 06:32:32] Tracking Nvidia GPU via pynvml
[codecarbon INFO @ 06:32:32] >>> Tracker's metadata:
[codecarbon INFO @ 06:32:32]   Platform system: Windows-11-10.0.22631-SP0
[codecarbon INFO @ 06:32:32]   Python version: 3.12.7
[codecarbon INFO @ 06:32:32]   CodeCarbon version: 2.8.3
[codecarbon INFO @ 06:32:32]   Available RAM : 126.630 GB
[codecarbon INFO @ 06:32:32]   CPU count: 56
[codecarbon INFO @ 06:32:32]   CPU model: Intel(R) Xeon(R) Gold 6258R CPU @ 2.70GHz
[codecarbon INFO @ 06:32:32]   GPU count: 2
[codecarbon INFO @ 06:32:32]   GPU model: 2 x NVIDIA RTX A5000
[codecarbon INFO @ 06:32:35] Saving emissions data to file C:\Users\pr8pf\Documents\GitHub\SplitFed\emissions.csv
[codecarbon INFO @ 06:32:36] Energy consumed for RAM : 0.000011 kWh. RAM Power : 47.48608875274658 W
[codecarbon INFO @ 06:32:36] Energy consumed for all CPUs : 0.000023 kWh. Total CPU Power : 102.50000000000001 W
[codecarbon INFO @ 06:32:36] Energy consumed for all GPUs : 0.000004 kWh. Total GPU Power : 16.885427478260333 W
[codecarbon INFO @ 06:32:36] 0.000038 kWh of electricity used since the beginning.
################################################################
#                              batch_size: 64                  #
#                         test_batch_size: 64                  #
#                                  epochs: 10                  #
#                               optimizer: SGD                 #
#                                      lr: 0.001               #
#                                momentum: 0.5                 #
#                                    seed: 1                   #
#                             num_clients: 10                  #
#                                   scale: 5                   #
#                                 dataset: plant               #
#                             loader_type: dirichlet           #
#                                      AR: mudhog              #
#                                    side: both                #
#                                     PDR: 1.0                 #
#                                  attack: label_flipping 5->9 #
#                          label_flipping: uni                 #
#                         experiment_name: split_fed_label_flipping_5_to_9_inner_epochs=5_epochs=10_PDR=1.0_scale=5_mudhog#
#                            inner_epochs: 5                   #
#                                   setup: split_fed           #
#                                   alpha: 0.5                 #
################################################################
NVIDIA RTX A5000
---------split_fed_label_flipping_5_to_9_inner_epochs=5_epochs=10_PDR=1.0_scale=5_mudhog----------
initialize a data loader
Using cuda
[91m Client0 Train => Local Epoch: 0 / 5 	Acc: 35.210 	Loss: 1.9941[00m
[91m Client0 Train => Local Epoch: 1 / 5 	Acc: 56.008 	Loss: 1.3640[00m
[91m Client0 Train => Local Epoch: 2 / 5 	Acc: 64.359 	Loss: 1.1250[00m
[91m Client0 Train => Local Epoch: 3 / 5 	Acc: 68.858 	Loss: 0.9508[00m
[91m Client0 Train => Local Epoch: 4 / 5 	Acc: 71.525 	Loss: 0.8649[00m
[92m  Client0 Test => 	Acc: 32.725 	Loss: 3.5260[00m
[91m Client1 Train => Local Epoch: 0 / 5 	Acc: 22.222 	Loss: 3.7197[00m
[91m Client1 Train => Local Epoch: 1 / 5 	Acc: 39.497 	Loss: 1.9876[00m
[91m Client1 Train => Local Epoch: 2 / 5 	Acc: 39.497 	Loss: 1.8888[00m
[91m Client1 Train => Local Epoch: 3 / 5 	Acc: 42.274 	Loss: 1.7732[00m
[91m Client1 Train => Local Epoch: 4 / 5 	Acc: 45.052 	Loss: 1.6446[00m
[92m  Client1 Test => 	Acc: 16.242 	Loss: 4.6188[00m
[91m Client2 Train => Local Epoch: 0 / 5 	Acc: 34.809 	Loss: 3.3673[00m
[91m Client2 Train => Local Epoch: 1 / 5 	Acc: 42.101 	Loss: 2.1251[00m
[91m Client2 Train => Local Epoch: 2 / 5 	Acc: 47.135 	Loss: 1.9944[00m
[91m Client2 Train => Local Epoch: 3 / 5 	Acc: 47.483 	Loss: 1.8434[00m
[91m Client2 Train => Local Epoch: 4 / 5 	Acc: 47.830 	Loss: 1.7156[00m
[92m  Client2 Test => 	Acc: 9.116 	Loss: 4.1664[00m
[91m Client3 Train => Local Epoch: 0 / 5 	Acc: 27.387 	Loss: 3.2720[00m
[91m Client3 Train => Local Epoch: 1 / 5 	Acc: 56.554 	Loss: 1.3466[00m
[91m Client3 Train => Local Epoch: 2 / 5 	Acc: 71.788 	Loss: 0.9870[00m
[91m Client3 Train => Local Epoch: 3 / 5 	Acc: 73.958 	Loss: 0.9147[00m
[91m Client3 Train => Local Epoch: 4 / 5 	Acc: 74.696 	Loss: 0.8570[00m
[92m  Client3 Test => 	Acc: 21.715 	Loss: 5.1259[00m
[91m Client4 Train => Local Epoch: 0 / 5 	Acc: 22.754 	Loss: 5.3057[00m
[91m Client4 Train => Local Epoch: 1 / 5 	Acc: 28.809 	Loss: 2.3616[00m
[91m Client4 Train => Local Epoch: 2 / 5 	Acc: 43.164 	Loss: 1.6625[00m
[91m Client4 Train => Local Epoch: 3 / 5 	Acc: 55.176 	Loss: 1.3874[00m
[91m Client4 Train => Local Epoch: 4 / 5 	Acc: 60.156 	Loss: 1.2347[00m
[92m  Client4 Test => 	Acc: 19.127 	Loss: 8.6395[00m
[91m Client5 Train => Local Epoch: 0 / 5 	Acc: 19.401 	Loss: 3.7064[00m
[91m Client5 Train => Local Epoch: 1 / 5 	Acc: 24.349 	Loss: 2.4651[00m
[91m Client5 Train => Local Epoch: 2 / 5 	Acc: 31.250 	Loss: 2.0384[00m
[91m Client5 Train => Local Epoch: 3 / 5 	Acc: 30.729 	Loss: 1.9762[00m
[91m Client5 Train => Local Epoch: 4 / 5 	Acc: 41.667 	Loss: 1.8298[00m
[92m  Client5 Test => 	Acc: 23.697 	Loss: 3.8546[00m
[91m Client6 Train => Local Epoch: 0 / 5 	Acc: 26.000 	Loss: 2.7306[00m
[91m Client6 Train => Local Epoch: 1 / 5 	Acc: 43.688 	Loss: 1.8267[00m
[91m Client6 Train => Local Epoch: 2 / 5 	Acc: 57.469 	Loss: 1.3764[00m
[91m Client6 Train => Local Epoch: 3 / 5 	Acc: 67.062 	Loss: 1.0756[00m
[91m Client6 Train => Local Epoch: 4 / 5 	Acc: 71.031 	Loss: 0.9083[00m
[92m  Client6 Test => 	Acc: 49.657 	Loss: 1.8905[00m
[91m Client7 Train => Local Epoch: 0 / 5 	Acc: 18.281 	Loss: 3.2440[00m
[91m Client7 Train => Local Epoch: 1 / 5 	Acc: 23.516 	Loss: 2.2915[00m
[91m Client7 Train => Local Epoch: 2 / 5 	Acc: 25.391 	Loss: 2.1664[00m
[91m Client7 Train => Local Epoch: 3 / 5 	Acc: 26.719 	Loss: 2.1511[00m
[91m Client7 Train => Local Epoch: 4 / 5 	Acc: 34.297 	Loss: 1.9642[00m
[92m  Client7 Test => 	Acc: 18.398 	Loss: 3.3816[00m
[91m Client8 Train => Local Epoch: 0 / 5 	Acc: 17.578 	Loss: 6.5378[00m
[91m Client8 Train => Local Epoch: 1 / 5 	Acc: 19.792 	Loss: 2.4272[00m
[91m Client8 Train => Local Epoch: 2 / 5 	Acc: 21.354 	Loss: 2.2228[00m
[91m Client8 Train => Local Epoch: 3 / 5 	Acc: 24.609 	Loss: 2.1266[00m
[91m Client8 Train => Local Epoch: 4 / 5 	Acc: 28.646 	Loss: 2.1454[00m
[92m  Client8 Test => 	Acc: 5.333 	Loss: 4.7420[00m
[91m Client9 Train => Local Epoch: 0 / 5 	Acc: 18.089 	Loss: 3.8243[00m
[91m Client9 Train => Local Epoch: 1 / 5 	Acc: 28.125 	Loss: 2.0843[00m
[91m Client9 Train => Local Epoch: 2 / 5 	Acc: 29.928 	Loss: 2.0811[00m
[91m Client9 Train => Local Epoch: 3 / 5 	Acc: 42.127 	Loss: 1.7385[00m
[91m Client9 Train => Local Epoch: 4 / 5 	Acc: 48.257 	Loss: 1.5927[00m
[92m  Client9 Test => 	Acc: 39.644 	Loss: 2.4336[00m
------------------------------------------------
------ Federation process at Server-Side ------- 
------------------------------------------------
-----------------------------------------------------------
------ FedServer: Federation process at Client-Side ------- 
-----------------------------------------------------------
[1. 0. 0. 1. 1. 1. 0. 1. 1. 1.]
Client-side aggregation done
[1. 1. 1. 1. 1. 1. 0. 1. 1. 1.]
Server-side aggregation done
[92m  Client0 Test => 	Acc: 11.081 	Loss: 2.7483[00m
 Train: Round   0, Avg Accuracy 52.316 | Avg Loss 1.476
[91m Client0 Train => Local Epoch: 0 / 5 	Acc: 31.897 	Loss: 2.3101[00m
[91m Client0 Train => Local Epoch: 1 / 5 	Acc: 35.668 	Loss: 1.7939[00m
[91m Client0 Train => Local Epoch: 2 / 5 	Acc: 37.769 	Loss: 1.7666[00m
[91m Client0 Train => Local Epoch: 3 / 5 	Acc: 37.985 	Loss: 1.7744[00m
[91m Client0 Train => Local Epoch: 4 / 5 	Acc: 38.012 	Loss: 1.7616[00m
[92m  Client0 Test => 	Acc: 12.335 	Loss: 4.2402[00m
[91m Client1 Train => Local Epoch: 0 / 5 	Acc: 39.670 	Loss: 2.2172[00m
[91m Client1 Train => Local Epoch: 1 / 5 	Acc: 36.719 	Loss: 1.9777[00m
[91m Client1 Train => Local Epoch: 2 / 5 	Acc: 39.149 	Loss: 2.0005[00m
[91m Client1 Train => Local Epoch: 3 / 5 	Acc: 39.149 	Loss: 1.9257[00m
[91m Client1 Train => Local Epoch: 4 / 5 	Acc: 39.931 	Loss: 1.8270[00m
[92m  Client1 Test => 	Acc: 14.003 	Loss: 4.3440[00m
[91m Client2 Train => Local Epoch: 0 / 5 	Acc: 47.222 	Loss: 2.1641[00m
[91m Client2 Train => Local Epoch: 1 / 5 	Acc: 47.135 	Loss: 1.9527[00m
[91m Client2 Train => Local Epoch: 2 / 5 	Acc: 47.222 	Loss: 1.9295[00m
[91m Client2 Train => Local Epoch: 3 / 5 	Acc: 47.135 	Loss: 1.6370[00m
[91m Client2 Train => Local Epoch: 4 / 5 	Acc: 51.476 	Loss: 1.5693[00m
[92m  Client2 Test => 	Acc: 11.489 	Loss: 10.0328[00m
[91m Client3 Train => Local Epoch: 0 / 5 	Acc: 30.078 	Loss: 2.1883[00m
[91m Client3 Train => Local Epoch: 1 / 5 	Acc: 48.220 	Loss: 1.5183[00m
[91m Client3 Train => Local Epoch: 2 / 5 	Acc: 68.750 	Loss: 1.0824[00m
[91m Client3 Train => Local Epoch: 3 / 5 	Acc: 73.047 	Loss: 0.9485[00m
[91m Client3 Train => Local Epoch: 4 / 5 	Acc: 76.085 	Loss: 0.7811[00mC:\Users\pr8pf\AppData\Local\anaconda3\Lib\site-packages\sklearn\cluster\_kmeans.py:1429: UserWarning: KMeans is known to have a memory leak on Windows with MKL, when there are less chunks than available threads. You can avoid it by setting the environment variable OMP_NUM_THREADS=1.
  warnings.warn(
C:\Users\pr8pf\AppData\Local\anaconda3\Lib\site-packages\sklearn\cluster\_kmeans.py:1429: UserWarning: KMeans is known to have a memory leak on Windows with MKL, when there are less chunks than available threads. You can avoid it by setting the environment variable OMP_NUM_THREADS=1.
  warnings.warn(
[codecarbon INFO @ 06:59:27] [setup] RAM Tracking...
[codecarbon INFO @ 06:59:27] [setup] CPU Tracking...
[codecarbon WARNING @ 06:59:27] No CPU tracking mode found. Falling back on CPU constant mode. 
 Windows OS detected: Please install Intel Power Gadget to measure CPU

[codecarbon INFO @ 06:59:28] CPU Model on constant consumption mode: Intel(R) Xeon(R) Gold 6258R CPU @ 2.70GHz
[codecarbon INFO @ 06:59:28] [setup] GPU Tracking...
[codecarbon INFO @ 06:59:28] Tracking Nvidia GPU via pynvml
[codecarbon INFO @ 06:59:28] >>> Tracker's metadata:
[codecarbon INFO @ 06:59:28]   Platform system: Windows-11-10.0.22631-SP0
[codecarbon INFO @ 06:59:28]   Python version: 3.12.7
[codecarbon INFO @ 06:59:28]   CodeCarbon version: 2.8.3
[codecarbon INFO @ 06:59:28]   Available RAM : 126.630 GB
[codecarbon INFO @ 06:59:28]   CPU count: 56
[codecarbon INFO @ 06:59:28]   CPU model: Intel(R) Xeon(R) Gold 6258R CPU @ 2.70GHz
[codecarbon INFO @ 06:59:28]   GPU count: 2
[codecarbon INFO @ 06:59:28]   GPU model: 2 x NVIDIA RTX A5000
[codecarbon INFO @ 06:59:31] Saving emissions data to file C:\Users\pr8pf\Documents\GitHub\SplitFed\emissions.csv
[codecarbon INFO @ 06:59:32] Energy consumed for RAM : 0.000010 kWh. RAM Power : 47.48608875274658 W
[codecarbon INFO @ 06:59:32] Energy consumed for all CPUs : 0.000022 kWh. Total CPU Power : 102.50000000000001 W
[codecarbon INFO @ 06:59:32] Energy consumed for all GPUs : 0.000004 kWh. Total GPU Power : 16.478845454620416 W
[codecarbon INFO @ 06:59:32] 0.000036 kWh of electricity used since the beginning.
[codecarbon INFO @ 07:00:27] [setup] RAM Tracking...
[codecarbon INFO @ 07:00:27] [setup] CPU Tracking...
[codecarbon WARNING @ 07:00:27] No CPU tracking mode found. Falling back on CPU constant mode. 
 Windows OS detected: Please install Intel Power Gadget to measure CPU

[codecarbon INFO @ 07:00:28] CPU Model on constant consumption mode: Intel(R) Xeon(R) Gold 6258R CPU @ 2.70GHz
[codecarbon INFO @ 07:00:28] [setup] GPU Tracking...
[codecarbon INFO @ 07:00:28] Tracking Nvidia GPU via pynvml
[codecarbon INFO @ 07:00:28] >>> Tracker's metadata:
[codecarbon INFO @ 07:00:28]   Platform system: Windows-11-10.0.22631-SP0
[codecarbon INFO @ 07:00:28]   Python version: 3.12.7
[codecarbon INFO @ 07:00:28]   CodeCarbon version: 2.8.3
[codecarbon INFO @ 07:00:28]   Available RAM : 126.630 GB
[codecarbon INFO @ 07:00:28]   CPU count: 56
[codecarbon INFO @ 07:00:28]   CPU model: Intel(R) Xeon(R) Gold 6258R CPU @ 2.70GHz
[codecarbon INFO @ 07:00:28]   GPU count: 2
[codecarbon INFO @ 07:00:28]   GPU model: 2 x NVIDIA RTX A5000
[codecarbon INFO @ 07:00:31] Saving emissions data to file C:\Users\pr8pf\Documents\GitHub\SplitFed\emissions.csv
[codecarbon INFO @ 07:00:32] Energy consumed for RAM : 0.000009 kWh. RAM Power : 47.48608875274658 W
[codecarbon INFO @ 07:00:32] Energy consumed for all CPUs : 0.000020 kWh. Total CPU Power : 102.50000000000001 W
[codecarbon INFO @ 07:00:32] Energy consumed for all GPUs : 0.000003 kWh. Total GPU Power : 16.45951522630533 W
[codecarbon INFO @ 07:00:32] 0.000032 kWh of electricity used since the beginning.
C:\Users\pr8pf\AppData\Local\anaconda3\Lib\site-packages\sklearn\cluster\_kmeans.py:1429: UserWarning: KMeans is known to have a memory leak on Windows with MKL, when there are less chunks than available threads. You can avoid it by setting the environment variable OMP_NUM_THREADS=1.
  warnings.warn(
C:\Users\pr8pf\AppData\Local\anaconda3\Lib\site-packages\sklearn\cluster\_kmeans.py:1429: UserWarning: KMeans is known to have a memory leak on Windows with MKL, when there are less chunks than available threads. You can avoid it by setting the environment variable OMP_NUM_THREADS=1.
  warnings.warn(
[codecarbon INFO @ 07:27:14] [setup] RAM Tracking...
[codecarbon INFO @ 07:27:14] [setup] CPU Tracking...
[codecarbon WARNING @ 07:27:14] No CPU tracking mode found. Falling back on CPU constant mode. 
 Windows OS detected: Please install Intel Power Gadget to measure CPU

[codecarbon INFO @ 07:27:15] CPU Model on constant consumption mode: Intel(R) Xeon(R) Gold 6258R CPU @ 2.70GHz
[codecarbon INFO @ 07:27:15] [setup] GPU Tracking...
[codecarbon INFO @ 07:27:15] Tracking Nvidia GPU via pynvml
[codecarbon INFO @ 07:27:16] >>> Tracker's metadata:
[codecarbon INFO @ 07:27:16]   Platform system: Windows-11-10.0.22631-SP0
[codecarbon INFO @ 07:27:16]   Python version: 3.12.7
[codecarbon INFO @ 07:27:16]   CodeCarbon version: 2.8.3
[codecarbon INFO @ 07:27:16]   Available RAM : 126.630 GB
[codecarbon INFO @ 07:27:16]   CPU count: 56
[codecarbon INFO @ 07:27:16]   CPU model: Intel(R) Xeon(R) Gold 6258R CPU @ 2.70GHz
[codecarbon INFO @ 07:27:16]   GPU count: 2
[codecarbon INFO @ 07:27:16]   GPU model: 2 x NVIDIA RTX A5000
[codecarbon INFO @ 07:27:19] Saving emissions data to file C:\Users\pr8pf\Documents\GitHub\SplitFed\emissions.csv
[codecarbon INFO @ 07:27:19] Energy consumed for RAM : 0.000007 kWh. RAM Power : 47.48608875274658 W
[codecarbon INFO @ 07:27:19] Energy consumed for all CPUs : 0.000016 kWh. Total CPU Power : 102.50000000000001 W
[codecarbon INFO @ 07:27:19] Energy consumed for all GPUs : 0.000002 kWh. Total GPU Power : 14.445374896014096 W
[codecarbon INFO @ 07:27:19] 0.000025 kWh of electricity used since the beginning.
[codecarbon INFO @ 07:28:14] [setup] RAM Tracking...
[codecarbon INFO @ 07:28:14] [setup] CPU Tracking...
[codecarbon WARNING @ 07:28:14] No CPU tracking mode found. Falling back on CPU constant mode. 
 Windows OS detected: Please install Intel Power Gadget to measure CPU

[codecarbon INFO @ 07:28:16] CPU Model on constant consumption mode: Intel(R) Xeon(R) Gold 6258R CPU @ 2.70GHz
[codecarbon INFO @ 07:28:16] [setup] GPU Tracking...
[codecarbon INFO @ 07:28:16] Tracking Nvidia GPU via pynvml
[codecarbon INFO @ 07:28:16] >>> Tracker's metadata:
[codecarbon INFO @ 07:28:16]   Platform system: Windows-11-10.0.22631-SP0
[codecarbon INFO @ 07:28:16]   Python version: 3.12.7
[codecarbon INFO @ 07:28:16]   CodeCarbon version: 2.8.3
[codecarbon INFO @ 07:28:16]   Available RAM : 126.630 GB
[codecarbon INFO @ 07:28:16]   CPU count: 56
[codecarbon INFO @ 07:28:16]   CPU model: Intel(R) Xeon(R) Gold 6258R CPU @ 2.70GHz
[codecarbon INFO @ 07:28:16]   GPU count: 2
[codecarbon INFO @ 07:28:16]   GPU model: 2 x NVIDIA RTX A5000
[codecarbon INFO @ 07:28:19] Saving emissions data to file C:\Users\pr8pf\Documents\GitHub\SplitFed\emissions.csv
[codecarbon INFO @ 07:28:19] Energy consumed for RAM : 0.000007 kWh. RAM Power : 47.48608875274658 W
[codecarbon INFO @ 07:28:19] Energy consumed for all CPUs : 0.000015 kWh. Total CPU Power : 102.50000000000001 W
[codecarbon INFO @ 07:28:19] Energy consumed for all GPUs : 0.000003 kWh. Total GPU Power : 17.363496426520086 W
[codecarbon INFO @ 07:28:19] 0.000025 kWh of electricity used since the beginning.

[92m  Client3 Test => 	Acc: 31.135 	Loss: 5.1820[00m
[91m Client4 Train => Local Epoch: 0 / 5 	Acc: 27.051 	Loss: 2.3358[00m
[91m Client4 Train => Local Epoch: 1 / 5 	Acc: 49.902 	Loss: 1.5885[00m
[91m Client4 Train => Local Epoch: 2 / 5 	Acc: 57.617 	Loss: 1.2792[00m
[91m Client4 Train => Local Epoch: 3 / 5 	Acc: 62.793 	Loss: 1.0609[00m
[91m Client4 Train => Local Epoch: 4 / 5 	Acc: 73.828 	Loss: 0.8086[00m
[92m  Client4 Test => 	Acc: 30.018 	Loss: 8.5012[00m
[91m Client5 Train => Local Epoch: 0 / 5 	Acc: 21.354 	Loss: 2.5554[00m
[91m Client5 Train => Local Epoch: 1 / 5 	Acc: 27.865 	Loss: 2.1138[00m
[91m Client5 Train => Local Epoch: 2 / 5 	Acc: 31.641 	Loss: 1.9877[00m
[91m Client5 Train => Local Epoch: 3 / 5 	Acc: 38.932 	Loss: 1.8024[00m
[91m Client5 Train => Local Epoch: 4 / 5 	Acc: 51.693 	Loss: 1.6922[00m
[92m  Client5 Test => 	Acc: 27.873 	Loss: 2.6248[00m
[91m Client6 Train => Local Epoch: 0 / 5 	Acc: 26.125 	Loss: 2.1793[00m
[91m Client6 Train => Local Epoch: 1 / 5 	Acc: 25.438 	Loss: 2.0889[00m
[91m Client6 Train => Local Epoch: 2 / 5 	Acc: 25.875 	Loss: 2.0837[00m
[91m Client6 Train => Local Epoch: 3 / 5 	Acc: 25.531 	Loss: 2.0828[00m
[91m Client6 Train => Local Epoch: 4 / 5 	Acc: 26.031 	Loss: 2.0798[00m
[92m  Client6 Test => 	Acc: 12.362 	Loss: 3.3139[00m
[91m Client7 Train => Local Epoch: 0 / 5 	Acc: 22.578 	Loss: 2.3895[00m
[91m Client7 Train => Local Epoch: 1 / 5 	Acc: 28.906 	Loss: 2.1288[00m
[91m Client7 Train => Local Epoch: 2 / 5 	Acc: 33.359 	Loss: 2.0431[00m
[91m Client7 Train => Local Epoch: 3 / 5 	Acc: 42.031 	Loss: 1.7419[00m
[91m Client7 Train => Local Epoch: 4 / 5 	Acc: 55.781 	Loss: 1.3535[00m
[92m  Client7 Test => 	Acc: 34.545 	Loss: 2.7388[00m
[91m Client8 Train => Local Epoch: 0 / 5 	Acc: 13.151 	Loss: 2.6149[00m
[91m Client8 Train => Local Epoch: 1 / 5 	Acc: 36.458 	Loss: 2.1061[00m
[91m Client8 Train => Local Epoch: 2 / 5 	Acc: 42.578 	Loss: 2.0840[00m
[91m Client8 Train => Local Epoch: 3 / 5 	Acc: 48.177 	Loss: 1.8149[00m
[91m Client8 Train => Local Epoch: 4 / 5 	Acc: 51.823 	Loss: 1.5995[00m
[92m  Client8 Test => 	Acc: 13.772 	Loss: 3.7641[00m
[91m Client9 Train => Local Epoch: 0 / 5 	Acc: 20.373 	Loss: 2.3471[00m
[91m Client9 Train => Local Epoch: 1 / 5 	Acc: 26.322 	Loss: 2.1295[00m
[91m Client9 Train => Local Epoch: 2 / 5 	Acc: 32.752 	Loss: 1.9106[00m
[91m Client9 Train => Local Epoch: 3 / 5 	Acc: 38.822 	Loss: 1.7272[00m
[91m Client9 Train => Local Epoch: 4 / 5 	Acc: 52.825 	Loss: 1.4466[00m
[92m  Client9 Test => 	Acc: 40.035 	Loss: 2.3367[00m
------------------------------------------------
------ Federation process at Server-Side ------- 
------------------------------------------------
-----------------------------------------------------------
------ FedServer: Federation process at Client-Side ------- 
-----------------------------------------------------------
[0. 0. 0. 1. 0. 1. 0. 1. 1. 1.]
Client-side aggregation done
[1. 1. 1. 1. 1. 1. 1. 0. 1. 1.]
Server-side aggregation done
[92m  Client0 Test => 	Acc: 11.067 	Loss: 2.8059[00m
 Train: Round   1, Avg Accuracy 51.748 | Avg Loss 1.492
[91m Client0 Train => Local Epoch: 0 / 5 	Acc: 39.170 	Loss: 1.9888[00m
[91m Client0 Train => Local Epoch: 1 / 5 	Acc: 45.851 	Loss: 1.6871[00m
[91m Client0 Train => Local Epoch: 2 / 5 	Acc: 35.884 	Loss: 2.1380[00m
[91m Client0 Train => Local Epoch: 3 / 5 	Acc: 38.308 	Loss: 1.7509[00m
[91m Client0 Train => Local Epoch: 4 / 5 	Acc: 38.389 	Loss: 1.7512[00m
[92m  Client0 Test => 	Acc: 12.368 	Loss: 4.0891[00m
[91m Client1 Train => Local Epoch: 0 / 5 	Acc: 40.017 	Loss: 2.0355[00m
[91m Client1 Train => Local Epoch: 1 / 5 	Acc: 50.434 	Loss: 1.5579[00m
[91m Client1 Train => Local Epoch: 2 / 5 	Acc: 52.778 	Loss: 1.4158[00m
[91m Client1 Train => Local Epoch: 3 / 5 	Acc: 62.760 	Loss: 1.1524[00m
[91m Client1 Train => Local Epoch: 4 / 5 	Acc: 65.017 	Loss: 1.0745[00m
[92m  Client1 Test => 	Acc: 28.532 	Loss: 4.7670[00m
[91m Client2 Train => Local Epoch: 0 / 5 	Acc: 47.222 	Loss: 1.9039[00m
[91m Client2 Train => Local Epoch: 1 / 5 	Acc: 50.087 	Loss: 1.4927[00m
[91m Client2 Train => Local Epoch: 2 / 5 	Acc: 55.903 	Loss: 1.3689[00m
[91m Client2 Train => Local Epoch: 3 / 5 	Acc: 60.069 	Loss: 1.2630[00m
[91m Client2 Train => Local Epoch: 4 / 5 	Acc: 71.007 	Loss: 0.9548[00m
[92m  Client2 Test => 	Acc: 33.222 	Loss: 7.2156[00m
[91m Client3 Train => Local Epoch: 0 / 5 	Acc: 51.866 	Loss: 1.5816[00m
[91m Client3 Train => Local Epoch: 1 / 5 	Acc: 72.613 	Loss: 0.9237[00m
[91m Client3 Train => Local Epoch: 2 / 5 	Acc: 78.212 	Loss: 0.7245[00m
[91m Client3 Train => Local Epoch: 3 / 5 	Acc: 83.160 	Loss: 0.5286[00m
[91m Client3 Train => Local Epoch: 4 / 5 	Acc: 80.729 	Loss: 0.6022[00m
[92m  Client3 Test => 	Acc: 37.285 	Loss: 4.2494[00m
[91m Client4 Train => Local Epoch: 0 / 5 	Acc: 28.418 	Loss: 2.2724[00m
[91m Client4 Train => Local Epoch: 1 / 5 	Acc: 52.832 	Loss: 1.5059[00m
[91m Client4 Train => Local Epoch: 2 / 5 	Acc: 65.430 	Loss: 1.0860[00m
[91m Client4 Train => Local Epoch: 3 / 5 	Acc: 72.949 	Loss: 0.7973[00m
[91m Client4 Train => Local Epoch: 4 / 5 	Acc: 80.078 	Loss: 0.6402[00m
[92m  Client4 Test => 	Acc: 32.339 	Loss: 8.0903[00m
[91m Client5 Train => Local Epoch: 0 / 5 	Acc: 21.224 	Loss: 2.5900[00m
[91m Client5 Train => Local Epoch: 1 / 5 	Acc: 38.672 	Loss: 1.8733[00m
[91m Client5 Train => Local Epoch: 2 / 5 	Acc: 46.354 	Loss: 1.6620[00m
[91m Client5 Train => Local Epoch: 3 / 5 	Acc: 54.688 	Loss: 1.3663[00m
[91m Client5 Train => Local Epoch: 4 / 5 	Acc: 65.495 	Loss: 1.1033[00m
[92m  Client5 Test => 	Acc: 39.311 	Loss: 3.8395[00m
[91m Client6 Train => Local Epoch: 0 / 5 	Acc: 25.000 	Loss: 2.3424[00m
[91m Client6 Train => Local Epoch: 1 / 5 	Acc: 25.125 	Loss: 2.1064[00m
[91m Client6 Train => Local Epoch: 2 / 5 	Acc: 25.844 	Loss: 2.3068[00m
[91m Client6 Train => Local Epoch: 3 / 5 	Acc: 25.781 	Loss: 2.0850[00m
[91m Client6 Train => Local Epoch: 4 / 5 	Acc: 26.594 	Loss: 2.0845[00m
[92m  Client6 Test => 	Acc: 11.047 	Loss: 3.1767[00m
[91m Client7 Train => Local Epoch: 0 / 5 	Acc: 21.172 	Loss: 2.5579[00m
[91m Client7 Train => Local Epoch: 1 / 5 	Acc: 24.688 	Loss: 2.2070[00m
[91m Client7 Train => Local Epoch: 2 / 5 	Acc: 31.797 	Loss: 2.0418[00m
[91m Client7 Train => Local Epoch: 3 / 5 	Acc: 46.328 	Loss: 1.6207[00m
[91m Client7 Train => Local Epoch: 4 / 5 	Acc: 52.812 	Loss: 1.3779[00m
[92m  Client7 Test => 	Acc: 40.306 	Loss: 2.8574[00m
[91m Client8 Train => Local Epoch: 0 / 5 	Acc: 13.281 	Loss: 2.6888[00m
[91m Client8 Train => Local Epoch: 1 / 5 	Acc: 42.969 	Loss: 1.9551[00m
[91m Client8 Train => Local Epoch: 2 / 5 	Acc: 59.245 	Loss: 1.3949[00m
[91m Client8 Train => Local Epoch: 3 / 5 	Acc: 63.932 	Loss: 1.1762[00m
[91m Client8 Train => Local Epoch: 4 / 5 	Acc: 72.135 	Loss: 0.9148[00m
[92m  Client8 Test => 	Acc: 34.682 	Loss: 2.4590[00m
[91m Client9 Train => Local Epoch: 0 / 5 	Acc: 27.885 	Loss: 2.1250[00m
[91m Client9 Train => Local Epoch: 1 / 5 	Acc: 36.118 	Loss: 1.8804[00m
[91m Client9 Train => Local Epoch: 2 / 5 	Acc: 35.096 	Loss: 1.8587[00m
[91m Client9 Train => Local Epoch: 3 / 5 	Acc: 57.091 	Loss: 1.3945[00m
[91m Client9 Train => Local Epoch: 4 / 5 	Acc: 62.921 	Loss: 1.2393[00m
[92m  Client9 Test => 	Acc: 45.841 	Loss: 2.0933[00m
------------------------------------------------
------ Federation process at Server-Side ------- 
------------------------------------------------
-----------------------------------------------------------
------ FedServer: Federation process at Client-Side ------- 
-----------------------------------------------------------
[1. 1. 1. 1. 1. 1. 0. 1. 1. 1.]
Client-side aggregation done
[1. 1. 1. 1. 1. 1. 1. 0. 1. 1.]
Server-side aggregation done
[92m  Client0 Test => 	Acc: 21.256 	Loss: 2.5450[00m
 Train: Round   2, Avg Accuracy 61.518 | Avg Loss 1.174
[91m Client0 Train => Local Epoch: 0 / 5 	Acc: 62.931 	Loss: 1.2601[00m
[91m Client0 Train => Local Epoch: 1 / 5 	Acc: 78.071 	Loss: 0.6878[00mC:\Users\pr8pf\AppData\Local\anaconda3\Lib\site-packages\sklearn\cluster\_kmeans.py:1429: UserWarning: KMeans is known to have a memory leak on Windows with MKL, when there are less chunks than available threads. You can avoid it by setting the environment variable OMP_NUM_THREADS=1.
  warnings.warn(
C:\Users\pr8pf\AppData\Local\anaconda3\Lib\site-packages\sklearn\cluster\_kmeans.py:1429: UserWarning: KMeans is known to have a memory leak on Windows with MKL, when there are less chunks than available threads. You can avoid it by setting the environment variable OMP_NUM_THREADS=1.
  warnings.warn(
[codecarbon INFO @ 07:55:15] [setup] RAM Tracking...
[codecarbon INFO @ 07:55:15] [setup] CPU Tracking...
[codecarbon WARNING @ 07:55:15] No CPU tracking mode found. Falling back on CPU constant mode. 
 Windows OS detected: Please install Intel Power Gadget to measure CPU

[codecarbon INFO @ 07:55:16] CPU Model on constant consumption mode: Intel(R) Xeon(R) Gold 6258R CPU @ 2.70GHz
[codecarbon INFO @ 07:55:16] [setup] GPU Tracking...
[codecarbon INFO @ 07:55:16] Tracking Nvidia GPU via pynvml
[codecarbon INFO @ 07:55:16] >>> Tracker's metadata:
[codecarbon INFO @ 07:55:16]   Platform system: Windows-11-10.0.22631-SP0
[codecarbon INFO @ 07:55:16]   Python version: 3.12.7
[codecarbon INFO @ 07:55:16]   CodeCarbon version: 2.8.3
[codecarbon INFO @ 07:55:16]   Available RAM : 126.630 GB
[codecarbon INFO @ 07:55:16]   CPU count: 56
[codecarbon INFO @ 07:55:16]   CPU model: Intel(R) Xeon(R) Gold 6258R CPU @ 2.70GHz
[codecarbon INFO @ 07:55:16]   GPU count: 2
[codecarbon INFO @ 07:55:16]   GPU model: 2 x NVIDIA RTX A5000
[codecarbon INFO @ 07:55:20] Saving emissions data to file C:\Users\pr8pf\Documents\GitHub\SplitFed\emissions.csv
[codecarbon INFO @ 07:55:20] Energy consumed for RAM : 0.000009 kWh. RAM Power : 47.48608875274658 W
[codecarbon INFO @ 07:55:20] Energy consumed for all CPUs : 0.000019 kWh. Total CPU Power : 102.50000000000001 W
[codecarbon INFO @ 07:55:20] Energy consumed for all GPUs : 0.000003 kWh. Total GPU Power : 15.865081689248765 W
[codecarbon INFO @ 07:55:20] 0.000031 kWh of electricity used since the beginning.
[codecarbon INFO @ 07:56:14] [setup] RAM Tracking...
[codecarbon INFO @ 07:56:14] [setup] CPU Tracking...
[codecarbon WARNING @ 07:56:14] No CPU tracking mode found. Falling back on CPU constant mode. 
 Windows OS detected: Please install Intel Power Gadget to measure CPU

[codecarbon INFO @ 07:56:16] CPU Model on constant consumption mode: Intel(R) Xeon(R) Gold 6258R CPU @ 2.70GHz
[codecarbon INFO @ 07:56:16] [setup] GPU Tracking...
[codecarbon INFO @ 07:56:16] Tracking Nvidia GPU via pynvml
[codecarbon INFO @ 07:56:16] >>> Tracker's metadata:
[codecarbon INFO @ 07:56:16]   Platform system: Windows-11-10.0.22631-SP0
[codecarbon INFO @ 07:56:16]   Python version: 3.12.7
[codecarbon INFO @ 07:56:16]   CodeCarbon version: 2.8.3
[codecarbon INFO @ 07:56:16]   Available RAM : 126.630 GB
[codecarbon INFO @ 07:56:16]   CPU count: 56
[codecarbon INFO @ 07:56:16]   CPU model: Intel(R) Xeon(R) Gold 6258R CPU @ 2.70GHz
[codecarbon INFO @ 07:56:16]   GPU count: 2
[codecarbon INFO @ 07:56:16]   GPU model: 2 x NVIDIA RTX A5000
[codecarbon INFO @ 07:56:19] Saving emissions data to file C:\Users\pr8pf\Documents\GitHub\SplitFed\emissions.csv
[codecarbon INFO @ 07:56:20] Energy consumed for RAM : 0.000007 kWh. RAM Power : 47.48608875274658 W
[codecarbon INFO @ 07:56:20] Energy consumed for all CPUs : 0.000015 kWh. Total CPU Power : 102.50000000000001 W
[codecarbon INFO @ 07:56:20] Energy consumed for all GPUs : 0.000002 kWh. Total GPU Power : 15.98801258513904 W
[codecarbon INFO @ 07:56:20] 0.000025 kWh of electricity used since the beginning.

[91m Client0 Train => Local Epoch: 2 / 5 	Acc: 83.028 	Loss: 0.5187[00m
[91m Client0 Train => Local Epoch: 3 / 5 	Acc: 85.156 	Loss: 0.4362[00m
[91m Client0 Train => Local Epoch: 4 / 5 	Acc: 88.766 	Loss: 0.3614[00m
[92m  Client0 Test => 	Acc: 51.634 	Loss: 4.7456[00m
[91m Client1 Train => Local Epoch: 0 / 5 	Acc: 41.406 	Loss: 1.9251[00m
[91m Client1 Train => Local Epoch: 1 / 5 	Acc: 64.670 	Loss: 1.1589[00m
[91m Client1 Train => Local Epoch: 2 / 5 	Acc: 70.660 	Loss: 0.9440[00m
[91m Client1 Train => Local Epoch: 3 / 5 	Acc: 70.399 	Loss: 0.8974[00m
[91m Client1 Train => Local Epoch: 4 / 5 	Acc: 73.351 	Loss: 0.8160[00m
[92m  Client1 Test => 	Acc: 33.909 	Loss: 4.6226[00m
[91m Client2 Train => Local Epoch: 0 / 5 	Acc: 50.434 	Loss: 1.7447[00m
[91m Client2 Train => Local Epoch: 1 / 5 	Acc: 66.406 	Loss: 1.1207[00m
[91m Client2 Train => Local Epoch: 2 / 5 	Acc: 65.625 	Loss: 1.0971[00m
[91m Client2 Train => Local Epoch: 3 / 5 	Acc: 73.958 	Loss: 0.8232[00m
[91m Client2 Train => Local Epoch: 4 / 5 	Acc: 77.604 	Loss: 0.7100[00m
[92m  Client2 Test => 	Acc: 41.463 	Loss: 4.6570[00m
[91m Client3 Train => Local Epoch: 0 / 5 	Acc: 64.714 	Loss: 1.2385[00m
[91m Client3 Train => Local Epoch: 1 / 5 	Acc: 78.863 	Loss: 0.6944[00m
[91m Client3 Train => Local Epoch: 2 / 5 	Acc: 83.160 	Loss: 0.5340[00m
[91m Client3 Train => Local Epoch: 3 / 5 	Acc: 84.071 	Loss: 0.4874[00m
[91m Client3 Train => Local Epoch: 4 / 5 	Acc: 84.288 	Loss: 0.4710[00m
[92m  Client3 Test => 	Acc: 38.318 	Loss: 4.9508[00m
[91m Client4 Train => Local Epoch: 0 / 5 	Acc: 46.680 	Loss: 1.7983[00m
[91m Client4 Train => Local Epoch: 1 / 5 	Acc: 65.625 	Loss: 1.1163[00m
[91m Client4 Train => Local Epoch: 2 / 5 	Acc: 66.016 	Loss: 1.1425[00m
[91m Client4 Train => Local Epoch: 3 / 5 	Acc: 69.336 	Loss: 0.9007[00m
[91m Client4 Train => Local Epoch: 4 / 5 	Acc: 79.492 	Loss: 0.6638[00m
[92m  Client4 Test => 	Acc: 31.821 	Loss: 7.6988[00m
[91m Client5 Train => Local Epoch: 0 / 5 	Acc: 37.370 	Loss: 2.2331[00m
[91m Client5 Train => Local Epoch: 1 / 5 	Acc: 57.031 	Loss: 1.3310[00m
[91m Client5 Train => Local Epoch: 2 / 5 	Acc: 64.062 	Loss: 1.0355[00m
[91m Client5 Train => Local Epoch: 3 / 5 	Acc: 67.708 	Loss: 0.9053[00m
[91m Client5 Train => Local Epoch: 4 / 5 	Acc: 70.833 	Loss: 0.8079[00m
[92m  Client5 Test => 	Acc: 49.423 	Loss: 2.5000[00m
[91m Client6 Train => Local Epoch: 0 / 5 	Acc: 46.562 	Loss: 1.7892[00m
[91m Client6 Train => Local Epoch: 1 / 5 	Acc: 60.969 	Loss: 1.2735[00m
[91m Client6 Train => Local Epoch: 2 / 5 	Acc: 73.938 	Loss: 0.7963[00m
[91m Client6 Train => Local Epoch: 3 / 5 	Acc: 80.250 	Loss: 0.6469[00m
[91m Client6 Train => Local Epoch: 4 / 5 	Acc: 85.188 	Loss: 0.4627[00m
[92m  Client6 Test => 	Acc: 61.147 	Loss: 1.3255[00m
[91m Client7 Train => Local Epoch: 0 / 5 	Acc: 33.672 	Loss: 2.1274[00m
[91m Client7 Train => Local Epoch: 1 / 5 	Acc: 54.375 	Loss: 1.4360[00m
[91m Client7 Train => Local Epoch: 2 / 5 	Acc: 67.031 	Loss: 1.0940[00m
[91m Client7 Train => Local Epoch: 3 / 5 	Acc: 68.594 	Loss: 0.9880[00m
[91m Client7 Train => Local Epoch: 4 / 5 	Acc: 74.297 	Loss: 0.8115[00m
[92m  Client7 Test => 	Acc: 52.362 	Loss: 1.9274[00m
[91m Client8 Train => Local Epoch: 0 / 5 	Acc: 32.812 	Loss: 2.3694[00m
[91m Client8 Train => Local Epoch: 1 / 5 	Acc: 57.422 	Loss: 1.5107[00m
[91m Client8 Train => Local Epoch: 2 / 5 	Acc: 62.109 	Loss: 1.1184[00m
[91m Client8 Train => Local Epoch: 3 / 5 	Acc: 73.438 	Loss: 0.8514[00m
[91m Client8 Train => Local Epoch: 4 / 5 	Acc: 80.078 	Loss: 0.6218[00m
[92m  Client8 Test => 	Acc: 38.938 	Loss: 2.2035[00m
[91m Client9 Train => Local Epoch: 0 / 5 	Acc: 41.767 	Loss: 1.8893[00m
[91m Client9 Train => Local Epoch: 1 / 5 	Acc: 63.281 	Loss: 1.2203[00m
[91m Client9 Train => Local Epoch: 2 / 5 	Acc: 73.077 	Loss: 0.9305[00m
[91m Client9 Train => Local Epoch: 3 / 5 	Acc: 81.130 	Loss: 0.6837[00m
[91m Client9 Train => Local Epoch: 4 / 5 	Acc: 84.856 	Loss: 0.5328[00m
[92m  Client9 Test => 	Acc: 57.300 	Loss: 1.7746[00m
------------------------------------------------
------ Federation process at Server-Side ------- 
------------------------------------------------
-----------------------------------------------------------
------ FedServer: Federation process at Client-Side ------- 
-----------------------------------------------------------
[1. 1. 1. 1. 1. 1. 0. 1. 1. 1.]
Client-side aggregation done
[1. 1. 1. 1. 1. 1. 0. 1. 1. 1.]
Server-side aggregation done
[92m  Client0 Test => 	Acc: 44.156 	Loss: 2.0862[00m
 Train: Round   3, Avg Accuracy 79.875 | Avg Loss 0.626
[91m Client0 Train => Local Epoch: 0 / 5 	Acc: 72.845 	Loss: 0.8764[00m
[91m Client0 Train => Local Epoch: 1 / 5 	Acc: 82.678 	Loss: 0.5251[00m
[91m Client0 Train => Local Epoch: 2 / 5 	Acc: 85.587 	Loss: 0.4548[00m
[91m Client0 Train => Local Epoch: 3 / 5 	Acc: 88.012 	Loss: 0.3594[00m
[91m Client0 Train => Local Epoch: 4 / 5 	Acc: 91.541 	Loss: 0.2615[00m
[92m  Client0 Test => 	Acc: 48.232 	Loss: 5.3927[00m
[91m Client1 Train => Local Epoch: 0 / 5 	Acc: 62.760 	Loss: 1.2361[00m
[91m Client1 Train => Local Epoch: 1 / 5 	Acc: 75.694 	Loss: 0.7597[00m
[91m Client1 Train => Local Epoch: 2 / 5 	Acc: 81.163 	Loss: 0.5645[00m
[91m Client1 Train => Local Epoch: 3 / 5 	Acc: 83.333 	Loss: 0.5014[00m
[91m Client1 Train => Local Epoch: 4 / 5 	Acc: 86.198 	Loss: 0.4138[00m
[92m  Client1 Test => 	Acc: 46.484 	Loss: 4.7010[00m
[91m Client2 Train => Local Epoch: 0 / 5 	Acc: 69.358 	Loss: 1.0162[00m
[91m Client2 Train => Local Epoch: 1 / 5 	Acc: 79.688 	Loss: 0.6421[00m
[91m Client2 Train => Local Epoch: 2 / 5 	Acc: 80.729 	Loss: 0.5866[00m
[91m Client2 Train => Local Epoch: 3 / 5 	Acc: 84.462 	Loss: 0.4662[00m
[91m Client2 Train => Local Epoch: 4 / 5 	Acc: 88.194 	Loss: 0.3518[00m
[92m  Client2 Test => 	Acc: 51.999 	Loss: 5.4808[00m
[91m Client3 Train => Local Epoch: 0 / 5 	Acc: 77.214 	Loss: 0.8414[00m
[91m Client3 Train => Local Epoch: 1 / 5 	Acc: 80.686 	Loss: 0.6190[00m
[91m Client3 Train => Local Epoch: 2 / 5 	Acc: 86.502 	Loss: 0.4376[00m
[91m Client3 Train => Local Epoch: 3 / 5 	Acc: 88.715 	Loss: 0.3507[00m
[91m Client3 Train => Local Epoch: 4 / 5 	Acc: 89.757 	Loss: 0.3131[00m
[92m  Client3 Test => 	Acc: 53.269 	Loss: 4.8775[00m
[91m Client4 Train => Local Epoch: 0 / 5 	Acc: 74.609 	Loss: 0.9459[00m
[91m Client4 Train => Local Epoch: 1 / 5 	Acc: 82.031 	Loss: 0.5746[00m
[91m Client4 Train => Local Epoch: 2 / 5 	Acc: 81.836 	Loss: 0.5244[00m
[91m Client4 Train => Local Epoch: 3 / 5 	Acc: 88.477 	Loss: 0.3632[00m
[91m Client4 Train => Local Epoch: 4 / 5 	Acc: 90.332 	Loss: 0.2969[00m
[92m  Client4 Test => 	Acc: 45.693 	Loss: 4.2052[00m
[91m Client5 Train => Local Epoch: 0 / 5 	Acc: 53.646 	Loss: 1.6334[00m
[91m Client5 Train => Local Epoch: 1 / 5 	Acc: 71.224 	Loss: 0.9378[00m
[91m Client5 Train => Local Epoch: 2 / 5 	Acc: 74.870 	Loss: 0.7831[00m
[91m Client5 Train => Local Epoch: 3 / 5 	Acc: 78.385 	Loss: 0.5999[00m
[91m Client5 Train => Local Epoch: 4 / 5 	Acc: 83.984 	Loss: 0.4809[00m
[92m  Client5 Test => 	Acc: 58.259 	Loss: 2.4041[00m
[91m Client6 Train => Local Epoch: 0 / 5 	Acc: 68.031 	Loss: 1.0270[00m
[91m Client6 Train => Local Epoch: 1 / 5 	Acc: 77.281 	Loss: 0.6838[00m
[91m Client6 Train => Local Epoch: 2 / 5 	Acc: 83.969 	Loss: 0.5156[00m
[91m Client6 Train => Local Epoch: 3 / 5 	Acc: 86.969 	Loss: 0.4313[00m
[91m Client6 Train => Local Epoch: 4 / 5 	Acc: 88.438 	Loss: 0.3667[00m
[92m  Client6 Test => 	Acc: 69.143 	Loss: 1.0215[00m
[91m Client7 Train => Local Epoch: 0 / 5 	Acc: 51.016 	Loss: 1.5669[00m
[91m Client7 Train => Local Epoch: 1 / 5 	Acc: 70.547 	Loss: 0.9216[00m
[91m Client7 Train => Local Epoch: 2 / 5 	Acc: 52.500 	Loss: 1.6077[00m
[91m Client7 Train => Local Epoch: 3 / 5 	Acc: 67.500 	Loss: 1.0140[00m
[91m Client7 Train => Local Epoch: 4 / 5 	Acc: 76.562 	Loss: 0.7739[00m
[92m  Client7 Test => 	Acc: 49.865 	Loss: 2.0511[00m
[91m Client8 Train => Local Epoch: 0 / 5 	Acc: 47.396 	Loss: 1.6588[00mC:\Users\pr8pf\AppData\Local\anaconda3\Lib\site-packages\sklearn\cluster\_kmeans.py:1429: UserWarning: KMeans is known to have a memory leak on Windows with MKL, when there are less chunks than available threads. You can avoid it by setting the environment variable OMP_NUM_THREADS=1.
  warnings.warn(
C:\Users\pr8pf\AppData\Local\anaconda3\Lib\site-packages\sklearn\cluster\_kmeans.py:1429: UserWarning: KMeans is known to have a memory leak on Windows with MKL, when there are less chunks than available threads. You can avoid it by setting the environment variable OMP_NUM_THREADS=1.
  warnings.warn(
[codecarbon INFO @ 08:22:57] [setup] RAM Tracking...
[codecarbon INFO @ 08:22:57] [setup] CPU Tracking...
[codecarbon WARNING @ 08:22:57] No CPU tracking mode found. Falling back on CPU constant mode. 
 Windows OS detected: Please install Intel Power Gadget to measure CPU

[codecarbon INFO @ 08:22:59] CPU Model on constant consumption mode: Intel(R) Xeon(R) Gold 6258R CPU @ 2.70GHz
[codecarbon INFO @ 08:22:59] [setup] GPU Tracking...
[codecarbon INFO @ 08:22:59] Tracking Nvidia GPU via pynvml
[codecarbon INFO @ 08:22:59] >>> Tracker's metadata:
[codecarbon INFO @ 08:22:59]   Platform system: Windows-11-10.0.22631-SP0
[codecarbon INFO @ 08:22:59]   Python version: 3.12.7
[codecarbon INFO @ 08:22:59]   CodeCarbon version: 2.8.3
[codecarbon INFO @ 08:22:59]   Available RAM : 126.630 GB
[codecarbon INFO @ 08:22:59]   CPU count: 56
[codecarbon INFO @ 08:22:59]   CPU model: Intel(R) Xeon(R) Gold 6258R CPU @ 2.70GHz
[codecarbon INFO @ 08:22:59]   GPU count: 2
[codecarbon INFO @ 08:22:59]   GPU model: 2 x NVIDIA RTX A5000
[codecarbon INFO @ 08:23:02] Saving emissions data to file C:\Users\pr8pf\Documents\GitHub\SplitFed\emissions.csv
[codecarbon INFO @ 08:23:03] Energy consumed for RAM : 0.000010 kWh. RAM Power : 47.48608875274658 W
[codecarbon INFO @ 08:23:03] Energy consumed for all CPUs : 0.000021 kWh. Total CPU Power : 102.50000000000001 W
[codecarbon INFO @ 08:23:03] Energy consumed for all GPUs : 0.000003 kWh. Total GPU Power : 15.843967470220102 W
[codecarbon INFO @ 08:23:03] 0.000034 kWh of electricity used since the beginning.
[codecarbon INFO @ 08:23:57] [setup] RAM Tracking...
[codecarbon INFO @ 08:23:57] [setup] CPU Tracking...
[codecarbon WARNING @ 08:23:57] No CPU tracking mode found. Falling back on CPU constant mode. 
 Windows OS detected: Please install Intel Power Gadget to measure CPU

[codecarbon INFO @ 08:23:59] CPU Model on constant consumption mode: Intel(R) Xeon(R) Gold 6258R CPU @ 2.70GHz
[codecarbon INFO @ 08:23:59] [setup] GPU Tracking...
[codecarbon INFO @ 08:23:59] Tracking Nvidia GPU via pynvml
[codecarbon INFO @ 08:23:59] >>> Tracker's metadata:
[codecarbon INFO @ 08:23:59]   Platform system: Windows-11-10.0.22631-SP0
[codecarbon INFO @ 08:23:59]   Python version: 3.12.7
[codecarbon INFO @ 08:23:59]   CodeCarbon version: 2.8.3
[codecarbon INFO @ 08:23:59]   Available RAM : 126.630 GB
[codecarbon INFO @ 08:23:59]   CPU count: 56
[codecarbon INFO @ 08:23:59]   CPU model: Intel(R) Xeon(R) Gold 6258R CPU @ 2.70GHz
[codecarbon INFO @ 08:23:59]   GPU count: 2
[codecarbon INFO @ 08:23:59]   GPU model: 2 x NVIDIA RTX A5000
[codecarbon INFO @ 08:24:02] Saving emissions data to file C:\Users\pr8pf\Documents\GitHub\SplitFed\emissions.csv
[codecarbon INFO @ 08:24:03] Energy consumed for RAM : 0.000008 kWh. RAM Power : 47.48608875274658 W
[codecarbon INFO @ 08:24:03] Energy consumed for all CPUs : 0.000018 kWh. Total CPU Power : 102.50000000000001 W
[codecarbon INFO @ 08:24:03] Energy consumed for all GPUs : 0.000003 kWh. Total GPU Power : 17.973253290717256 W
[codecarbon INFO @ 08:24:03] 0.000029 kWh of electricity used since the beginning.
C:\Users\pr8pf\AppData\Local\anaconda3\Lib\site-packages\sklearn\cluster\_kmeans.py:1429: UserWarning: KMeans is known to have a memory leak on Windows with MKL, when there are less chunks than available threads. You can avoid it by setting the environment variable OMP_NUM_THREADS=1.
  warnings.warn(
C:\Users\pr8pf\AppData\Local\anaconda3\Lib\site-packages\sklearn\cluster\_kmeans.py:1429: UserWarning: KMeans is known to have a memory leak on Windows with MKL, when there are less chunks than available threads. You can avoid it by setting the environment variable OMP_NUM_THREADS=1.
  warnings.warn(
[codecarbon INFO @ 08:50:55] [setup] RAM Tracking...
[codecarbon INFO @ 08:50:55] [setup] CPU Tracking...
[codecarbon WARNING @ 08:50:55] No CPU tracking mode found. Falling back on CPU constant mode. 
 Windows OS detected: Please install Intel Power Gadget to measure CPU

[codecarbon INFO @ 08:50:56] CPU Model on constant consumption mode: Intel(R) Xeon(R) Gold 6258R CPU @ 2.70GHz
[codecarbon INFO @ 08:50:56] [setup] GPU Tracking...
[codecarbon INFO @ 08:50:56] Tracking Nvidia GPU via pynvml
[codecarbon INFO @ 08:50:57] >>> Tracker's metadata:
[codecarbon INFO @ 08:50:57]   Platform system: Windows-11-10.0.22631-SP0
[codecarbon INFO @ 08:50:57]   Python version: 3.12.7
[codecarbon INFO @ 08:50:57]   CodeCarbon version: 2.8.3
[codecarbon INFO @ 08:50:57]   Available RAM : 126.630 GB
[codecarbon INFO @ 08:50:57]   CPU count: 56
[codecarbon INFO @ 08:50:57]   CPU model: Intel(R) Xeon(R) Gold 6258R CPU @ 2.70GHz
[codecarbon INFO @ 08:50:57]   GPU count: 2
[codecarbon INFO @ 08:50:57]   GPU model: 2 x NVIDIA RTX A5000
[codecarbon INFO @ 08:51:00] Saving emissions data to file C:\Users\pr8pf\Documents\GitHub\SplitFed\emissions.csv
[codecarbon INFO @ 08:51:00] Energy consumed for RAM : 0.000010 kWh. RAM Power : 47.48608875274658 W
[codecarbon INFO @ 08:51:00] Energy consumed for all CPUs : 0.000022 kWh. Total CPU Power : 102.50000000000001 W
[codecarbon INFO @ 08:51:00] Energy consumed for all GPUs : 0.000003 kWh. Total GPU Power : 15.788479348127604 W
[codecarbon INFO @ 08:51:00] 0.000035 kWh of electricity used since the beginning.
[codecarbon INFO @ 08:51:56] [setup] RAM Tracking...
[codecarbon INFO @ 08:51:56] [setup] CPU Tracking...
[codecarbon WARNING @ 08:51:56] No CPU tracking mode found. Falling back on CPU constant mode. 
 Windows OS detected: Please install Intel Power Gadget to measure CPU

[codecarbon INFO @ 08:51:57] CPU Model on constant consumption mode: Intel(R) Xeon(R) Gold 6258R CPU @ 2.70GHz
[codecarbon INFO @ 08:51:57] [setup] GPU Tracking...
[codecarbon INFO @ 08:51:57] Tracking Nvidia GPU via pynvml
[codecarbon INFO @ 08:51:57] >>> Tracker's metadata:
[codecarbon INFO @ 08:51:57]   Platform system: Windows-11-10.0.22631-SP0
[codecarbon INFO @ 08:51:57]   Python version: 3.12.7
[codecarbon INFO @ 08:51:57]   CodeCarbon version: 2.8.3
[codecarbon INFO @ 08:51:57]   Available RAM : 126.630 GB
[codecarbon INFO @ 08:51:57]   CPU count: 56
[codecarbon INFO @ 08:51:57]   CPU model: Intel(R) Xeon(R) Gold 6258R CPU @ 2.70GHz
[codecarbon INFO @ 08:51:57]   GPU count: 2
[codecarbon INFO @ 08:51:57]   GPU model: 2 x NVIDIA RTX A5000
[codecarbon INFO @ 08:52:00] Saving emissions data to file C:\Users\pr8pf\Documents\GitHub\SplitFed\emissions.csv
[codecarbon INFO @ 08:52:01] Energy consumed for RAM : 0.000007 kWh. RAM Power : 47.48608875274658 W
[codecarbon INFO @ 08:52:01] Energy consumed for all CPUs : 0.000016 kWh. Total CPU Power : 102.50000000000001 W
[codecarbon INFO @ 08:52:01] Energy consumed for all GPUs : 0.000003 kWh. Total GPU Power : 17.72628740892037 W
[codecarbon INFO @ 08:52:01] 0.000026 kWh of electricity used since the beginning.

[91m Client8 Train => Local Epoch: 1 / 5 	Acc: 73.958 	Loss: 0.8795[00m
[91m Client8 Train => Local Epoch: 2 / 5 	Acc: 79.688 	Loss: 0.6872[00m
[91m Client8 Train => Local Epoch: 3 / 5 	Acc: 82.552 	Loss: 0.5508[00m
[91m Client8 Train => Local Epoch: 4 / 5 	Acc: 84.375 	Loss: 0.4493[00m
[92m  Client8 Test => 	Acc: 53.610 	Loss: 1.6798[00m
[91m Client9 Train => Local Epoch: 0 / 5 	Acc: 63.161 	Loss: 1.2898[00m
[91m Client9 Train => Local Epoch: 1 / 5 	Acc: 78.846 	Loss: 0.6971[00m
[91m Client9 Train => Local Epoch: 2 / 5 	Acc: 83.113 	Loss: 0.5501[00m
[91m Client9 Train => Local Epoch: 3 / 5 	Acc: 86.538 	Loss: 0.4470[00m
[91m Client9 Train => Local Epoch: 4 / 5 	Acc: 86.118 	Loss: 0.4729[00m
[92m  Client9 Test => 	Acc: 64.179 	Loss: 1.2397[00m
------------------------------------------------
------ Federation process at Server-Side ------- 
------------------------------------------------
-----------------------------------------------------------
------ FedServer: Federation process at Client-Side ------- 
-----------------------------------------------------------
[1. 1. 1. 1. 1. 1. 0. 1. 1. 1.]
Client-side aggregation done
[1. 1. 1. 1. 1. 1. 0. 1. 1. 1.]
Server-side aggregation done
[92m  Client0 Test => 	Acc: 55.871 	Loss: 1.1704[00m
 Train: Round   4, Avg Accuracy 86.550 | Avg Loss 0.418
[91m Client0 Train => Local Epoch: 0 / 5 	Acc: 81.870 	Loss: 0.5703[00m
[91m Client0 Train => Local Epoch: 1 / 5 	Acc: 87.662 	Loss: 0.3628[00m
[91m Client0 Train => Local Epoch: 2 / 5 	Acc: 86.827 	Loss: 0.4172[00m
[91m Client0 Train => Local Epoch: 3 / 5 	Acc: 90.948 	Loss: 0.2896[00m
[91m Client0 Train => Local Epoch: 4 / 5 	Acc: 91.541 	Loss: 0.2738[00m
[92m  Client0 Test => 	Acc: 59.295 	Loss: 3.7684[00m
[91m Client1 Train => Local Epoch: 0 / 5 	Acc: 71.528 	Loss: 0.8611[00m
[91m Client1 Train => Local Epoch: 1 / 5 	Acc: 83.073 	Loss: 0.4907[00m
[91m Client1 Train => Local Epoch: 2 / 5 	Acc: 85.503 	Loss: 0.4147[00m
[91m Client1 Train => Local Epoch: 3 / 5 	Acc: 88.715 	Loss: 0.3367[00m
[91m Client1 Train => Local Epoch: 4 / 5 	Acc: 86.806 	Loss: 0.3526[00m
[92m  Client1 Test => 	Acc: 55.353 	Loss: 4.1620[00m
[91m Client2 Train => Local Epoch: 0 / 5 	Acc: 80.903 	Loss: 0.6417[00m
[91m Client2 Train => Local Epoch: 1 / 5 	Acc: 87.240 	Loss: 0.4182[00m
[91m Client2 Train => Local Epoch: 2 / 5 	Acc: 90.799 	Loss: 0.2883[00m
[91m Client2 Train => Local Epoch: 3 / 5 	Acc: 89.062 	Loss: 0.3201[00m
[91m Client2 Train => Local Epoch: 4 / 5 	Acc: 88.021 	Loss: 0.3648[00m
[92m  Client2 Test => 	Acc: 55.065 	Loss: 6.4425[00m
[91m Client3 Train => Local Epoch: 0 / 5 	Acc: 84.766 	Loss: 0.5218[00m
[91m Client3 Train => Local Epoch: 1 / 5 	Acc: 88.064 	Loss: 0.3862[00m
[91m Client3 Train => Local Epoch: 2 / 5 	Acc: 89.670 	Loss: 0.3198[00m
[91m Client3 Train => Local Epoch: 3 / 5 	Acc: 90.408 	Loss: 0.3088[00m
[91m Client3 Train => Local Epoch: 4 / 5 	Acc: 91.406 	Loss: 0.2473[00m
[92m  Client3 Test => 	Acc: 61.040 	Loss: 5.3664[00m
[91m Client4 Train => Local Epoch: 0 / 5 	Acc: 85.547 	Loss: 0.5274[00m
[91m Client4 Train => Local Epoch: 1 / 5 	Acc: 89.941 	Loss: 0.3335[00m
[91m Client4 Train => Local Epoch: 2 / 5 	Acc: 86.914 	Loss: 0.4288[00m
[91m Client4 Train => Local Epoch: 3 / 5 	Acc: 89.941 	Loss: 0.3333[00m
[91m Client4 Train => Local Epoch: 4 / 5 	Acc: 91.797 	Loss: 0.2378[00m
[92m  Client4 Test => 	Acc: 52.867 	Loss: 6.4427[00m
[91m Client5 Train => Local Epoch: 0 / 5 	Acc: 77.604 	Loss: 0.7918[00m
[91m Client5 Train => Local Epoch: 1 / 5 	Acc: 83.854 	Loss: 0.5039[00m
[91m Client5 Train => Local Epoch: 2 / 5 	Acc: 88.542 	Loss: 0.3478[00m
[91m Client5 Train => Local Epoch: 3 / 5 	Acc: 88.802 	Loss: 0.3252[00m
[91m Client5 Train => Local Epoch: 4 / 5 	Acc: 90.885 	Loss: 0.2711[00m
[92m  Client5 Test => 	Acc: 69.127 	Loss: 2.0069[00m
[91m Client6 Train => Local Epoch: 0 / 5 	Acc: 78.375 	Loss: 0.6561[00m
[91m Client6 Train => Local Epoch: 1 / 5 	Acc: 82.844 	Loss: 0.5738[00m
[91m Client6 Train => Local Epoch: 2 / 5 	Acc: 88.250 	Loss: 0.3780[00m
[91m Client6 Train => Local Epoch: 3 / 5 	Acc: 87.719 	Loss: 0.3744[00m
[91m Client6 Train => Local Epoch: 4 / 5 	Acc: 91.750 	Loss: 0.2612[00m
[92m  Client6 Test => 	Acc: 71.176 	Loss: 1.0626[00m
[91m Client7 Train => Local Epoch: 0 / 5 	Acc: 66.953 	Loss: 1.0220[00m
[91m Client7 Train => Local Epoch: 1 / 5 	Acc: 77.266 	Loss: 0.7186[00m
[91m Client7 Train => Local Epoch: 2 / 5 	Acc: 79.141 	Loss: 0.7232[00m
[91m Client7 Train => Local Epoch: 3 / 5 	Acc: 83.516 	Loss: 0.5332[00m
[91m Client7 Train => Local Epoch: 4 / 5 	Acc: 82.812 	Loss: 0.5335[00m
[92m  Client7 Test => 	Acc: 62.348 	Loss: 1.4870[00m
[91m Client8 Train => Local Epoch: 0 / 5 	Acc: 73.568 	Loss: 0.8394[00m
[91m Client8 Train => Local Epoch: 1 / 5 	Acc: 84.896 	Loss: 0.4776[00m
[91m Client8 Train => Local Epoch: 2 / 5 	Acc: 86.719 	Loss: 0.4151[00m
[91m Client8 Train => Local Epoch: 3 / 5 	Acc: 89.714 	Loss: 0.3403[00m
[91m Client8 Train => Local Epoch: 4 / 5 	Acc: 91.146 	Loss: 0.2657[00m
[92m  Client8 Test => 	Acc: 64.680 	Loss: 1.3747[00m
[91m Client9 Train => Local Epoch: 0 / 5 	Acc: 77.103 	Loss: 0.7107[00m
[91m Client9 Train => Local Epoch: 1 / 5 	Acc: 84.736 	Loss: 0.5013[00m
[91m Client9 Train => Local Epoch: 2 / 5 	Acc: 90.625 	Loss: 0.3174[00m
[91m Client9 Train => Local Epoch: 3 / 5 	Acc: 89.183 	Loss: 0.3943[00m
[91m Client9 Train => Local Epoch: 4 / 5 	Acc: 89.243 	Loss: 0.3427[00m
[92m  Client9 Test => 	Acc: 68.056 	Loss: 1.1470[00m
------------------------------------------------
------ Federation process at Server-Side ------- 
------------------------------------------------
-----------------------------------------------------------
------ FedServer: Federation process at Client-Side ------- 
-----------------------------------------------------------
[1. 1. 1. 1. 1. 1. 0. 1. 1. 1.]
Client-side aggregation done
[1. 1. 1. 1. 1. 1. 0. 1. 1. 1.]
Server-side aggregation done
[92m  Client0 Test => 	Acc: 65.854 	Loss: 1.3986[00m
 Train: Round   5, Avg Accuracy 89.541 | Avg Loss 0.315
[91m Client0 Train => Local Epoch: 0 / 5 	Acc: 87.581 	Loss: 0.3711[00m
[91m Client0 Train => Local Epoch: 1 / 5 	Acc: 90.948 	Loss: 0.2710[00m
[91m Client0 Train => Local Epoch: 2 / 5 	Acc: 92.430 	Loss: 0.2448[00m
[91m Client0 Train => Local Epoch: 3 / 5 	Acc: 94.612 	Loss: 0.1741[00m
[91m Client0 Train => Local Epoch: 4 / 5 	Acc: 93.534 	Loss: 0.1947[00m
[92m  Client0 Test => 	Acc: 63.183 	Loss: 3.0824[00m
[91m Client1 Train => Local Epoch: 0 / 5 	Acc: 81.771 	Loss: 0.5273[00m
[91m Client1 Train => Local Epoch: 1 / 5 	Acc: 89.497 	Loss: 0.3017[00m
[91m Client1 Train => Local Epoch: 2 / 5 	Acc: 91.233 	Loss: 0.2552[00m
[91m Client1 Train => Local Epoch: 3 / 5 	Acc: 92.014 	Loss: 0.2248[00m
[91m Client1 Train => Local Epoch: 4 / 5 	Acc: 92.969 	Loss: 0.2021[00m
[92m  Client1 Test => 	Acc: 61.321 	Loss: 4.2569[00m
[91m Client2 Train => Local Epoch: 0 / 5 	Acc: 87.674 	Loss: 0.4104[00m
[91m Client2 Train => Local Epoch: 1 / 5 	Acc: 91.406 	Loss: 0.2849[00m
[91m Client2 Train => Local Epoch: 2 / 5 	Acc: 92.274 	Loss: 0.2152[00m
[91m Client2 Train => Local Epoch: 3 / 5 	Acc: 94.358 	Loss: 0.1621[00m
[91m Client2 Train => Local Epoch: 4 / 5 	Acc: 94.618 	Loss: 0.1742[00m
[92m  Client2 Test => 	Acc: 64.477 	Loss: 3.5507[00m
[91m Client3 Train => Local Epoch: 0 / 5 	Acc: 89.974 	Loss: 0.3429[00m
[91m Client3 Train => Local Epoch: 1 / 5 	Acc: 93.099 	Loss: 0.2267[00m
[91m Client3 Train => Local Epoch: 2 / 5 	Acc: 92.448 	Loss: 0.2388[00m
[91m Client3 Train => Local Epoch: 3 / 5 	Acc: 94.444 	Loss: 0.1761[00m
[91m Client3 Train => Local Epoch: 4 / 5 	Acc: 92.535 	Loss: 0.2450[00m
[92m  Client3 Test => 	Acc: 60.071 	Loss: 3.7100[00m
[91m Client4 Train => Local Epoch: 0 / 5 	Acc: 90.918 	Loss: 0.2889[00m
[91m Client4 Train => Local Epoch: 1 / 5 	Acc: 93.359 	Loss: 0.2272[00m
[91m Client4 Train => Local Epoch: 2 / 5 	Acc: 93.066 	Loss: 0.2002[00mC:\Users\pr8pf\AppData\Local\anaconda3\Lib\site-packages\sklearn\cluster\_kmeans.py:1429: UserWarning: KMeans is known to have a memory leak on Windows with MKL, when there are less chunks than available threads. You can avoid it by setting the environment variable OMP_NUM_THREADS=1.
  warnings.warn(
C:\Users\pr8pf\AppData\Local\anaconda3\Lib\site-packages\sklearn\cluster\_kmeans.py:1429: UserWarning: KMeans is known to have a memory leak on Windows with MKL, when there are less chunks than available threads. You can avoid it by setting the environment variable OMP_NUM_THREADS=1.
  warnings.warn(
[codecarbon INFO @ 09:18:40] [setup] RAM Tracking...
[codecarbon INFO @ 09:18:40] [setup] CPU Tracking...
[codecarbon WARNING @ 09:18:40] No CPU tracking mode found. Falling back on CPU constant mode. 
 Windows OS detected: Please install Intel Power Gadget to measure CPU

[codecarbon INFO @ 09:18:42] CPU Model on constant consumption mode: Intel(R) Xeon(R) Gold 6258R CPU @ 2.70GHz
[codecarbon INFO @ 09:18:42] [setup] GPU Tracking...
[codecarbon INFO @ 09:18:42] Tracking Nvidia GPU via pynvml
[codecarbon INFO @ 09:18:42] >>> Tracker's metadata:
[codecarbon INFO @ 09:18:42]   Platform system: Windows-11-10.0.22631-SP0
[codecarbon INFO @ 09:18:42]   Python version: 3.12.7
[codecarbon INFO @ 09:18:42]   CodeCarbon version: 2.8.3
[codecarbon INFO @ 09:18:42]   Available RAM : 126.630 GB
[codecarbon INFO @ 09:18:42]   CPU count: 56
[codecarbon INFO @ 09:18:42]   CPU model: Intel(R) Xeon(R) Gold 6258R CPU @ 2.70GHz
[codecarbon INFO @ 09:18:42]   GPU count: 2
[codecarbon INFO @ 09:18:42]   GPU model: 2 x NVIDIA RTX A5000
[codecarbon INFO @ 09:18:45] Saving emissions data to file C:\Users\pr8pf\Documents\GitHub\SplitFed\emissions.csv
[codecarbon INFO @ 09:18:45] Energy consumed for RAM : 0.000010 kWh. RAM Power : 47.48608875274658 W
[codecarbon INFO @ 09:18:45] Energy consumed for all CPUs : 0.000021 kWh. Total CPU Power : 102.50000000000001 W
[codecarbon INFO @ 09:18:45] Energy consumed for all GPUs : 0.000003 kWh. Total GPU Power : 15.004731428460948 W
[codecarbon INFO @ 09:18:45] 0.000034 kWh of electricity used since the beginning.
[codecarbon INFO @ 09:19:41] [setup] RAM Tracking...
[codecarbon INFO @ 09:19:41] [setup] CPU Tracking...
[codecarbon WARNING @ 09:19:41] No CPU tracking mode found. Falling back on CPU constant mode. 
 Windows OS detected: Please install Intel Power Gadget to measure CPU

[codecarbon INFO @ 09:19:42] CPU Model on constant consumption mode: Intel(R) Xeon(R) Gold 6258R CPU @ 2.70GHz
[codecarbon INFO @ 09:19:42] [setup] GPU Tracking...
[codecarbon INFO @ 09:19:42] Tracking Nvidia GPU via pynvml
[codecarbon INFO @ 09:19:42] >>> Tracker's metadata:
[codecarbon INFO @ 09:19:42]   Platform system: Windows-11-10.0.22631-SP0
[codecarbon INFO @ 09:19:42]   Python version: 3.12.7
[codecarbon INFO @ 09:19:42]   CodeCarbon version: 2.8.3
[codecarbon INFO @ 09:19:42]   Available RAM : 126.630 GB
[codecarbon INFO @ 09:19:42]   CPU count: 56
[codecarbon INFO @ 09:19:42]   CPU model: Intel(R) Xeon(R) Gold 6258R CPU @ 2.70GHz
[codecarbon INFO @ 09:19:42]   GPU count: 2
[codecarbon INFO @ 09:19:42]   GPU model: 2 x NVIDIA RTX A5000
[codecarbon INFO @ 09:19:46] Saving emissions data to file C:\Users\pr8pf\Documents\GitHub\SplitFed\emissions.csv
[codecarbon INFO @ 09:19:46] Energy consumed for RAM : 0.000008 kWh. RAM Power : 47.48608875274658 W
[codecarbon INFO @ 09:19:46] Energy consumed for all CPUs : 0.000018 kWh. Total CPU Power : 102.50000000000001 W
[codecarbon INFO @ 09:19:46] Energy consumed for all GPUs : 0.000003 kWh. Total GPU Power : 17.776865523277245 W
[codecarbon INFO @ 09:19:46] 0.000029 kWh of electricity used since the beginning.
C:\Users\pr8pf\AppData\Local\anaconda3\Lib\site-packages\sklearn\cluster\_kmeans.py:1429: UserWarning: KMeans is known to have a memory leak on Windows with MKL, when there are less chunks than available threads. You can avoid it by setting the environment variable OMP_NUM_THREADS=1.
  warnings.warn(
C:\Users\pr8pf\AppData\Local\anaconda3\Lib\site-packages\sklearn\cluster\_kmeans.py:1429: UserWarning: KMeans is known to have a memory leak on Windows with MKL, when there are less chunks than available threads. You can avoid it by setting the environment variable OMP_NUM_THREADS=1.
  warnings.warn(
[codecarbon INFO @ 09:46:38] [setup] RAM Tracking...
[codecarbon INFO @ 09:46:38] [setup] CPU Tracking...
[codecarbon WARNING @ 09:46:38] No CPU tracking mode found. Falling back on CPU constant mode. 
 Windows OS detected: Please install Intel Power Gadget to measure CPU

[codecarbon INFO @ 09:46:40] CPU Model on constant consumption mode: Intel(R) Xeon(R) Gold 6258R CPU @ 2.70GHz
[codecarbon INFO @ 09:46:40] [setup] GPU Tracking...
[codecarbon INFO @ 09:46:40] Tracking Nvidia GPU via pynvml
[codecarbon INFO @ 09:46:40] >>> Tracker's metadata:
[codecarbon INFO @ 09:46:40]   Platform system: Windows-11-10.0.22631-SP0
[codecarbon INFO @ 09:46:40]   Python version: 3.12.7
[codecarbon INFO @ 09:46:40]   CodeCarbon version: 2.8.3
[codecarbon INFO @ 09:46:40]   Available RAM : 126.630 GB
[codecarbon INFO @ 09:46:40]   CPU count: 56
[codecarbon INFO @ 09:46:40]   CPU model: Intel(R) Xeon(R) Gold 6258R CPU @ 2.70GHz
[codecarbon INFO @ 09:46:40]   GPU count: 2
[codecarbon INFO @ 09:46:40]   GPU model: 2 x NVIDIA RTX A5000
[codecarbon INFO @ 09:46:43] Saving emissions data to file C:\Users\pr8pf\Documents\GitHub\SplitFed\emissions.csv
[codecarbon INFO @ 09:46:44] Energy consumed for RAM : 0.000011 kWh. RAM Power : 47.48608875274658 W
[codecarbon INFO @ 09:46:44] Energy consumed for all CPUs : 0.000023 kWh. Total CPU Power : 102.50000000000001 W
[codecarbon INFO @ 09:46:44] Energy consumed for all GPUs : 0.000003 kWh. Total GPU Power : 15.17388142695562 W
[codecarbon INFO @ 09:46:44] 0.000038 kWh of electricity used since the beginning.
[codecarbon INFO @ 09:47:38] [setup] RAM Tracking...
[codecarbon INFO @ 09:47:38] [setup] CPU Tracking...
[codecarbon WARNING @ 09:47:38] No CPU tracking mode found. Falling back on CPU constant mode. 
 Windows OS detected: Please install Intel Power Gadget to measure CPU

[codecarbon INFO @ 09:47:40] CPU Model on constant consumption mode: Intel(R) Xeon(R) Gold 6258R CPU @ 2.70GHz
[codecarbon INFO @ 09:47:40] [setup] GPU Tracking...
[codecarbon INFO @ 09:47:40] Tracking Nvidia GPU via pynvml
[codecarbon INFO @ 09:47:40] >>> Tracker's metadata:
[codecarbon INFO @ 09:47:40]   Platform system: Windows-11-10.0.22631-SP0
[codecarbon INFO @ 09:47:40]   Python version: 3.12.7
[codecarbon INFO @ 09:47:40]   CodeCarbon version: 2.8.3
[codecarbon INFO @ 09:47:40]   Available RAM : 126.630 GB
[codecarbon INFO @ 09:47:40]   CPU count: 56
[codecarbon INFO @ 09:47:40]   CPU model: Intel(R) Xeon(R) Gold 6258R CPU @ 2.70GHz
[codecarbon INFO @ 09:47:40]   GPU count: 2
[codecarbon INFO @ 09:47:40]   GPU model: 2 x NVIDIA RTX A5000
[codecarbon INFO @ 09:47:43] Saving emissions data to file C:\Users\pr8pf\Documents\GitHub\SplitFed\emissions.csv
[codecarbon INFO @ 09:47:44] Energy consumed for RAM : 0.000008 kWh. RAM Power : 47.48608875274658 W
[codecarbon INFO @ 09:47:44] Energy consumed for all CPUs : 0.000018 kWh. Total CPU Power : 102.50000000000001 W
[codecarbon INFO @ 09:47:44] Energy consumed for all GPUs : 0.000003 kWh. Total GPU Power : 16.09016902044503 W
[codecarbon INFO @ 09:47:44] 0.000030 kWh of electricity used since the beginning.

[91m Client4 Train => Local Epoch: 3 / 5 	Acc: 94.434 	Loss: 0.1760[00m
[91m Client4 Train => Local Epoch: 4 / 5 	Acc: 94.434 	Loss: 0.1787[00m
[92m  Client4 Test => 	Acc: 57.749 	Loss: 3.0229[00m
[91m Client5 Train => Local Epoch: 0 / 5 	Acc: 74.219 	Loss: 1.0066[00m
[91m Client5 Train => Local Epoch: 1 / 5 	Acc: 90.365 	Loss: 0.4180[00m
[91m Client5 Train => Local Epoch: 2 / 5 	Acc: 91.276 	Loss: 0.2642[00m
[91m Client5 Train => Local Epoch: 3 / 5 	Acc: 93.490 	Loss: 0.2183[00m
[91m Client5 Train => Local Epoch: 4 / 5 	Acc: 89.844 	Loss: 0.3671[00m
[92m  Client5 Test => 	Acc: 64.813 	Loss: 1.6877[00m
[91m Client6 Train => Local Epoch: 0 / 5 	Acc: 83.062 	Loss: 0.5276[00m
[91m Client6 Train => Local Epoch: 1 / 5 	Acc: 85.625 	Loss: 0.4815[00m
[91m Client6 Train => Local Epoch: 2 / 5 	Acc: 89.656 	Loss: 0.3664[00m
[91m Client6 Train => Local Epoch: 3 / 5 	Acc: 92.219 	Loss: 0.2494[00m
[91m Client6 Train => Local Epoch: 4 / 5 	Acc: 93.781 	Loss: 0.1900[00m
[92m  Client6 Test => 	Acc: 80.651 	Loss: 0.6020[00m
[91m Client7 Train => Local Epoch: 0 / 5 	Acc: 76.016 	Loss: 0.8282[00m
[91m Client7 Train => Local Epoch: 1 / 5 	Acc: 86.328 	Loss: 0.4484[00m
[91m Client7 Train => Local Epoch: 2 / 5 	Acc: 88.125 	Loss: 0.3657[00m
[91m Client7 Train => Local Epoch: 3 / 5 	Acc: 90.547 	Loss: 0.3026[00m
[91m Client7 Train => Local Epoch: 4 / 5 	Acc: 90.547 	Loss: 0.2830[00m
[92m  Client7 Test => 	Acc: 73.958 	Loss: 1.0865[00m
[91m Client8 Train => Local Epoch: 0 / 5 	Acc: 76.302 	Loss: 0.8897[00m
[91m Client8 Train => Local Epoch: 1 / 5 	Acc: 86.849 	Loss: 0.4592[00m
[91m Client8 Train => Local Epoch: 2 / 5 	Acc: 90.625 	Loss: 0.3008[00m
[91m Client8 Train => Local Epoch: 3 / 5 	Acc: 92.969 	Loss: 0.2339[00m
[91m Client8 Train => Local Epoch: 4 / 5 	Acc: 93.099 	Loss: 0.1933[00m
[92m  Client8 Test => 	Acc: 70.394 	Loss: 1.3526[00m
[91m Client9 Train => Local Epoch: 0 / 5 	Acc: 84.736 	Loss: 0.4897[00m
[91m Client9 Train => Local Epoch: 1 / 5 	Acc: 90.144 	Loss: 0.3278[00m
[91m Client9 Train => Local Epoch: 2 / 5 	Acc: 92.127 	Loss: 0.2686[00m
[91m Client9 Train => Local Epoch: 3 / 5 	Acc: 91.767 	Loss: 0.2734[00m
[91m Client9 Train => Local Epoch: 4 / 5 	Acc: 93.810 	Loss: 0.2007[00m
[92m  Client9 Test => 	Acc: 77.299 	Loss: 0.8518[00m
------------------------------------------------
------ Federation process at Server-Side ------- 
------------------------------------------------
-----------------------------------------------------------
------ FedServer: Federation process at Client-Side ------- 
-----------------------------------------------------------
[1. 1. 1. 1. 1. 1. 0. 1. 1. 1.]
Client-side aggregation done
[1. 1. 1. 1. 1. 1. 0. 1. 1. 1.]
Server-side aggregation done
[92m  Client0 Test => 	Acc: 83.786 	Loss: 0.4827[00m
 Train: Round   6, Avg Accuracy 92.917 | Avg Loss 0.223
[91m Client0 Train => Local Epoch: 0 / 5 	Acc: 90.598 	Loss: 0.2999[00m
[91m Client0 Train => Local Epoch: 1 / 5 	Acc: 89.494 	Loss: 0.3281[00m
[91m Client0 Train => Local Epoch: 2 / 5 	Acc: 93.077 	Loss: 0.2074[00m
[91m Client0 Train => Local Epoch: 3 / 5 	Acc: 94.154 	Loss: 0.1815[00m
[91m Client0 Train => Local Epoch: 4 / 5 	Acc: 95.016 	Loss: 0.1637[00m
[92m  Client0 Test => 	Acc: 70.266 	Loss: 3.8510[00m
[91m Client1 Train => Local Epoch: 0 / 5 	Acc: 84.028 	Loss: 0.4814[00m
[91m Client1 Train => Local Epoch: 1 / 5 	Acc: 90.885 	Loss: 0.2717[00m
[91m Client1 Train => Local Epoch: 2 / 5 	Acc: 93.750 	Loss: 0.1844[00m
[91m Client1 Train => Local Epoch: 3 / 5 	Acc: 93.924 	Loss: 0.1718[00m
[91m Client1 Train => Local Epoch: 4 / 5 	Acc: 94.792 	Loss: 0.1548[00m
[92m  Client1 Test => 	Acc: 61.734 	Loss: 4.8600[00m
[91m Client2 Train => Local Epoch: 0 / 5 	Acc: 80.816 	Loss: 0.6619[00m
[91m Client2 Train => Local Epoch: 1 / 5 	Acc: 90.538 	Loss: 0.3032[00m
[91m Client2 Train => Local Epoch: 2 / 5 	Acc: 91.146 	Loss: 0.2723[00m
[91m Client2 Train => Local Epoch: 3 / 5 	Acc: 91.753 	Loss: 0.2607[00m
[91m Client2 Train => Local Epoch: 4 / 5 	Acc: 94.358 	Loss: 0.1724[00m
[92m  Client2 Test => 	Acc: 68.502 	Loss: 4.1136[00m
[91m Client3 Train => Local Epoch: 0 / 5 	Acc: 88.672 	Loss: 0.3969[00m
[91m Client3 Train => Local Epoch: 1 / 5 	Acc: 92.882 	Loss: 0.2242[00m
[91m Client3 Train => Local Epoch: 2 / 5 	Acc: 93.533 	Loss: 0.2145[00m
[91m Client3 Train => Local Epoch: 3 / 5 	Acc: 94.184 	Loss: 0.2393[00m
[91m Client3 Train => Local Epoch: 4 / 5 	Acc: 89.757 	Loss: 0.3312[00m
[92m  Client3 Test => 	Acc: 64.940 	Loss: 3.8965[00m
[91m Client4 Train => Local Epoch: 0 / 5 	Acc: 89.746 	Loss: 0.3084[00m
[91m Client4 Train => Local Epoch: 1 / 5 	Acc: 93.457 	Loss: 0.2067[00m
[91m Client4 Train => Local Epoch: 2 / 5 	Acc: 94.043 	Loss: 0.1614[00m
[91m Client4 Train => Local Epoch: 3 / 5 	Acc: 94.434 	Loss: 0.1505[00m
[91m Client4 Train => Local Epoch: 4 / 5 	Acc: 94.824 	Loss: 0.1478[00m
[92m  Client4 Test => 	Acc: 60.675 	Loss: 4.0310[00m
[91m Client5 Train => Local Epoch: 0 / 5 	Acc: 88.932 	Loss: 0.3685[00m
[91m Client5 Train => Local Epoch: 1 / 5 	Acc: 90.234 	Loss: 0.2867[00m
[91m Client5 Train => Local Epoch: 2 / 5 	Acc: 94.401 	Loss: 0.1960[00m
[91m Client5 Train => Local Epoch: 3 / 5 	Acc: 92.318 	Loss: 0.2145[00m
[91m Client5 Train => Local Epoch: 4 / 5 	Acc: 93.620 	Loss: 0.2007[00m
[92m  Client5 Test => 	Acc: 74.881 	Loss: 1.3342[00m
[91m Client6 Train => Local Epoch: 0 / 5 	Acc: 89.062 	Loss: 0.3402[00m
[91m Client6 Train => Local Epoch: 1 / 5 	Acc: 91.938 	Loss: 0.2619[00m
[91m Client6 Train => Local Epoch: 2 / 5 	Acc: 92.094 	Loss: 0.2573[00m
[91m Client6 Train => Local Epoch: 3 / 5 	Acc: 93.875 	Loss: 0.2070[00m
[91m Client6 Train => Local Epoch: 4 / 5 	Acc: 92.781 	Loss: 0.2383[00m
[92m  Client6 Test => 	Acc: 83.895 	Loss: 0.5101[00m
[91m Client7 Train => Local Epoch: 0 / 5 	Acc: 87.109 	Loss: 0.4194[00m
[91m Client7 Train => Local Epoch: 1 / 5 	Acc: 91.016 	Loss: 0.3086[00m
[91m Client7 Train => Local Epoch: 2 / 5 	Acc: 93.125 	Loss: 0.2063[00m
[91m Client7 Train => Local Epoch: 3 / 5 	Acc: 93.516 	Loss: 0.2166[00m
[91m Client7 Train => Local Epoch: 4 / 5 	Acc: 91.328 	Loss: 0.2528[00m
[92m  Client7 Test => 	Acc: 75.308 	Loss: 0.8673[00m
[91m Client8 Train => Local Epoch: 0 / 5 	Acc: 90.755 	Loss: 0.2993[00m
[91m Client8 Train => Local Epoch: 1 / 5 	Acc: 95.052 	Loss: 0.1695[00m
[91m Client8 Train => Local Epoch: 2 / 5 	Acc: 95.182 	Loss: 0.1384[00m
[91m Client8 Train => Local Epoch: 3 / 5 	Acc: 96.224 	Loss: 0.0963[00m
[91m Client8 Train => Local Epoch: 4 / 5 	Acc: 95.573 	Loss: 0.1447[00m
[92m  Client8 Test => 	Acc: 76.323 	Loss: 1.1879[00m
[91m Client9 Train => Local Epoch: 0 / 5 	Acc: 89.964 	Loss: 0.3263[00m
[91m Client9 Train => Local Epoch: 1 / 5 	Acc: 90.505 	Loss: 0.3091[00m
[91m Client9 Train => Local Epoch: 2 / 5 	Acc: 93.690 	Loss: 0.2088[00m
[91m Client9 Train => Local Epoch: 3 / 5 	Acc: 93.690 	Loss: 0.2058[00m
[91m Client9 Train => Local Epoch: 4 / 5 	Acc: 90.024 	Loss: 0.3232[00m
[92m  Client9 Test => 	Acc: 71.853 	Loss: 0.9124[00m
------------------------------------------------
------ Federation process at Server-Side ------- 
------------------------------------------------
-----------------------------------------------------------
------ FedServer: Federation process at Client-Side ------- 
-----------------------------------------------------------
[1. 1. 1. 1. 1. 1. 0. 1. 1. 1.]
Client-side aggregation done
[1. 1. 1. 1. 1. 1. 0. 1. 1. 1.]
Server-side aggregation done
[92m  Client0 Test => 	Acc: 76.554 	Loss: 1.5427[00m
 Train: Round   7, Avg Accuracy 93.207 | Avg Loss 0.213
[91m Client0 Train => Local Epoch: 0 / 5 	Acc: 92.834 	Loss: 0.2330[00m
[91m Client0 Train => Local Epoch: 1 / 5 	Acc: 94.989 	Loss: 0.1650[00m
[91m Client0 Train => Local Epoch: 2 / 5 	Acc: 94.316 	Loss: 0.1730[00m
[91m Client0 Train => Local Epoch: 3 / 5 	Acc: 95.690 	Loss: 0.1368[00m
[91m Client0 Train => Local Epoch: 4 / 5 	Acc: 96.336 	Loss: 0.1251[00mC:\Users\pr8pf\AppData\Local\anaconda3\Lib\site-packages\sklearn\cluster\_kmeans.py:1429: UserWarning: KMeans is known to have a memory leak on Windows with MKL, when there are less chunks than available threads. You can avoid it by setting the environment variable OMP_NUM_THREADS=1.
  warnings.warn(
C:\Users\pr8pf\AppData\Local\anaconda3\Lib\site-packages\sklearn\cluster\_kmeans.py:1429: UserWarning: KMeans is known to have a memory leak on Windows with MKL, when there are less chunks than available threads. You can avoid it by setting the environment variable OMP_NUM_THREADS=1.
  warnings.warn(
[codecarbon INFO @ 10:14:23] [setup] RAM Tracking...
[codecarbon INFO @ 10:14:23] [setup] CPU Tracking...
[codecarbon WARNING @ 10:14:23] No CPU tracking mode found. Falling back on CPU constant mode. 
 Windows OS detected: Please install Intel Power Gadget to measure CPU

[codecarbon INFO @ 10:14:25] CPU Model on constant consumption mode: Intel(R) Xeon(R) Gold 6258R CPU @ 2.70GHz
[codecarbon INFO @ 10:14:25] [setup] GPU Tracking...
[codecarbon INFO @ 10:14:25] Tracking Nvidia GPU via pynvml
[codecarbon INFO @ 10:14:25] >>> Tracker's metadata:
[codecarbon INFO @ 10:14:25]   Platform system: Windows-11-10.0.22631-SP0
[codecarbon INFO @ 10:14:25]   Python version: 3.12.7
[codecarbon INFO @ 10:14:25]   CodeCarbon version: 2.8.3
[codecarbon INFO @ 10:14:25]   Available RAM : 126.630 GB
[codecarbon INFO @ 10:14:25]   CPU count: 56
[codecarbon INFO @ 10:14:25]   CPU model: Intel(R) Xeon(R) Gold 6258R CPU @ 2.70GHz
[codecarbon INFO @ 10:14:25]   GPU count: 2
[codecarbon INFO @ 10:14:25]   GPU model: 2 x NVIDIA RTX A5000
[codecarbon INFO @ 10:14:28] Saving emissions data to file C:\Users\pr8pf\Documents\GitHub\SplitFed\emissions.csv
[codecarbon INFO @ 10:14:29] Energy consumed for RAM : 0.000011 kWh. RAM Power : 47.48608875274658 W
[codecarbon INFO @ 10:14:29] Energy consumed for all CPUs : 0.000023 kWh. Total CPU Power : 102.50000000000001 W
[codecarbon INFO @ 10:14:29] Energy consumed for all GPUs : 0.000003 kWh. Total GPU Power : 14.84966823648199 W
[codecarbon INFO @ 10:14:29] 0.000038 kWh of electricity used since the beginning.
[codecarbon INFO @ 10:15:23] [setup] RAM Tracking...
[codecarbon INFO @ 10:15:23] [setup] CPU Tracking...
[codecarbon WARNING @ 10:15:23] No CPU tracking mode found. Falling back on CPU constant mode. 
 Windows OS detected: Please install Intel Power Gadget to measure CPU

[codecarbon INFO @ 10:15:25] CPU Model on constant consumption mode: Intel(R) Xeon(R) Gold 6258R CPU @ 2.70GHz
[codecarbon INFO @ 10:15:25] [setup] GPU Tracking...
[codecarbon INFO @ 10:15:25] Tracking Nvidia GPU via pynvml
[codecarbon INFO @ 10:15:25] >>> Tracker's metadata:
[codecarbon INFO @ 10:15:25]   Platform system: Windows-11-10.0.22631-SP0
[codecarbon INFO @ 10:15:25]   Python version: 3.12.7
[codecarbon INFO @ 10:15:25]   CodeCarbon version: 2.8.3
[codecarbon INFO @ 10:15:25]   Available RAM : 126.630 GB
[codecarbon INFO @ 10:15:25]   CPU count: 56
[codecarbon INFO @ 10:15:25]   CPU model: Intel(R) Xeon(R) Gold 6258R CPU @ 2.70GHz
[codecarbon INFO @ 10:15:25]   GPU count: 2
[codecarbon INFO @ 10:15:25]   GPU model: 2 x NVIDIA RTX A5000
[codecarbon INFO @ 10:15:28] Saving emissions data to file C:\Users\pr8pf\Documents\GitHub\SplitFed\emissions.csv
[codecarbon INFO @ 10:15:29] Energy consumed for RAM : 0.000007 kWh. RAM Power : 47.48608875274658 W
[codecarbon INFO @ 10:15:29] Energy consumed for all CPUs : 0.000015 kWh. Total CPU Power : 102.50000000000001 W
[codecarbon INFO @ 10:15:29] Energy consumed for all GPUs : 0.000003 kWh. Total GPU Power : 18.058003857382023 W
[codecarbon INFO @ 10:15:29] 0.000025 kWh of electricity used since the beginning.

[92m  Client0 Test => 	Acc: 70.284 	Loss: 2.3064[00m
[91m Client1 Train => Local Epoch: 0 / 5 	Acc: 91.493 	Loss: 0.2576[00m
[91m Client1 Train => Local Epoch: 1 / 5 	Acc: 94.705 	Loss: 0.1612[00m
[91m Client1 Train => Local Epoch: 2 / 5 	Acc: 95.660 	Loss: 0.1628[00m
[91m Client1 Train => Local Epoch: 3 / 5 	Acc: 96.528 	Loss: 0.1099[00m
[91m Client1 Train => Local Epoch: 4 / 5 	Acc: 95.747 	Loss: 0.1276[00m
[92m  Client1 Test => 	Acc: 65.507 	Loss: 3.2283[00m
[91m Client2 Train => Local Epoch: 0 / 5 	Acc: 94.271 	Loss: 0.1753[00m
[91m Client2 Train => Local Epoch: 1 / 5 	Acc: 95.747 	Loss: 0.1355[00m
[91m Client2 Train => Local Epoch: 2 / 5 	Acc: 94.184 	Loss: 0.1534[00m
[91m Client2 Train => Local Epoch: 3 / 5 	Acc: 95.226 	Loss: 0.1414[00m
[91m Client2 Train => Local Epoch: 4 / 5 	Acc: 95.920 	Loss: 0.1128[00m
[92m  Client2 Test => 	Acc: 71.598 	Loss: 3.4820[00m
[91m Client3 Train => Local Epoch: 0 / 5 	Acc: 94.661 	Loss: 0.1780[00m
[91m Client3 Train => Local Epoch: 1 / 5 	Acc: 95.269 	Loss: 0.1508[00m
[91m Client3 Train => Local Epoch: 2 / 5 	Acc: 95.139 	Loss: 0.1525[00m
[91m Client3 Train => Local Epoch: 3 / 5 	Acc: 96.875 	Loss: 0.0978[00m
[91m Client3 Train => Local Epoch: 4 / 5 	Acc: 96.398 	Loss: 0.1285[00m
[92m  Client3 Test => 	Acc: 72.228 	Loss: 3.2723[00m
[91m Client4 Train => Local Epoch: 0 / 5 	Acc: 94.336 	Loss: 0.1662[00m
[91m Client4 Train => Local Epoch: 1 / 5 	Acc: 96.191 	Loss: 0.1204[00m
[91m Client4 Train => Local Epoch: 2 / 5 	Acc: 97.461 	Loss: 0.0889[00m
[91m Client4 Train => Local Epoch: 3 / 5 	Acc: 95.117 	Loss: 0.1449[00m
[91m Client4 Train => Local Epoch: 4 / 5 	Acc: 96.777 	Loss: 0.1170[00m
[92m  Client4 Test => 	Acc: 70.058 	Loss: 2.1958[00m
[91m Client5 Train => Local Epoch: 0 / 5 	Acc: 71.745 	Loss: 1.2969[00m
[91m Client5 Train => Local Epoch: 1 / 5 	Acc: 81.510 	Loss: 0.7204[00m
[91m Client5 Train => Local Epoch: 2 / 5 	Acc: 94.010 	Loss: 0.2033[00m
[91m Client5 Train => Local Epoch: 3 / 5 	Acc: 92.318 	Loss: 0.2298[00m
[91m Client5 Train => Local Epoch: 4 / 5 	Acc: 91.276 	Loss: 0.2483[00m
[92m  Client5 Test => 	Acc: 75.616 	Loss: 1.7218[00m
[91m Client6 Train => Local Epoch: 0 / 5 	Acc: 88.969 	Loss: 0.3858[00m
[91m Client6 Train => Local Epoch: 1 / 5 	Acc: 91.781 	Loss: 0.2743[00m
[91m Client6 Train => Local Epoch: 2 / 5 	Acc: 93.281 	Loss: 0.2173[00m
[91m Client6 Train => Local Epoch: 3 / 5 	Acc: 94.562 	Loss: 0.1791[00m
[91m Client6 Train => Local Epoch: 4 / 5 	Acc: 94.188 	Loss: 0.1749[00m
[92m  Client6 Test => 	Acc: 86.131 	Loss: 0.4427[00m
[91m Client7 Train => Local Epoch: 0 / 5 	Acc: 80.625 	Loss: 0.7732[00m
[91m Client7 Train => Local Epoch: 1 / 5 	Acc: 92.031 	Loss: 0.2957[00m
[91m Client7 Train => Local Epoch: 2 / 5 	Acc: 90.391 	Loss: 0.2920[00m
[91m Client7 Train => Local Epoch: 3 / 5 	Acc: 92.734 	Loss: 0.2329[00m
[91m Client7 Train => Local Epoch: 4 / 5 	Acc: 93.750 	Loss: 0.2016[00m
[92m  Client7 Test => 	Acc: 78.167 	Loss: 0.8268[00m
[91m Client8 Train => Local Epoch: 0 / 5 	Acc: 79.688 	Loss: 0.9383[00m
[91m Client8 Train => Local Epoch: 1 / 5 	Acc: 84.635 	Loss: 0.5437[00m
[91m Client8 Train => Local Epoch: 2 / 5 	Acc: 93.229 	Loss: 0.2581[00m
[91m Client8 Train => Local Epoch: 3 / 5 	Acc: 94.922 	Loss: 0.1928[00m
[91m Client8 Train => Local Epoch: 4 / 5 	Acc: 97.266 	Loss: 0.1139[00m
[92m  Client8 Test => 	Acc: 76.619 	Loss: 1.0427[00m
[91m Client9 Train => Local Epoch: 0 / 5 	Acc: 87.019 	Loss: 0.4994[00m
[91m Client9 Train => Local Epoch: 1 / 5 	Acc: 92.248 	Loss: 0.2568[00m
[91m Client9 Train => Local Epoch: 2 / 5 	Acc: 92.548 	Loss: 0.2403[00m
[91m Client9 Train => Local Epoch: 3 / 5 	Acc: 94.832 	Loss: 0.1684[00m
[91m Client9 Train => Local Epoch: 4 / 5 	Acc: 96.635 	Loss: 0.1142[00m
[92m  Client9 Test => 	Acc: 79.532 	Loss: 0.6268[00m
------------------------------------------------
------ Federation process at Server-Side ------- 
------------------------------------------------
-----------------------------------------------------------
------ FedServer: Federation process at Client-Side ------- 
-----------------------------------------------------------
[1. 1. 1. 1. 1. 1. 0. 1. 1. 1.]
Client-side aggregation done
[1. 1. 1. 1. 1. 1. 0. 1. 1. 1.]
Server-side aggregation done
[92m  Client0 Test => 	Acc: 84.139 	Loss: 0.3983[00m
 Train: Round   8, Avg Accuracy 95.429 | Avg Loss 0.146
[91m Client0 Train => Local Epoch: 0 / 5 	Acc: 93.642 	Loss: 0.1980[00m
[91m Client0 Train => Local Epoch: 1 / 5 	Acc: 95.205 	Loss: 0.1401[00m
[91m Client0 Train => Local Epoch: 2 / 5 	Acc: 95.097 	Loss: 0.1491[00m
[91m Client0 Train => Local Epoch: 3 / 5 	Acc: 94.720 	Loss: 0.1651[00m
[91m Client0 Train => Local Epoch: 4 / 5 	Acc: 96.202 	Loss: 0.1163[00m
[92m  Client0 Test => 	Acc: 69.016 	Loss: 2.9452[00m
[91m Client1 Train => Local Epoch: 0 / 5 	Acc: 91.927 	Loss: 0.2448[00m
[91m Client1 Train => Local Epoch: 1 / 5 	Acc: 95.660 	Loss: 0.1443[00m
[91m Client1 Train => Local Epoch: 2 / 5 	Acc: 96.181 	Loss: 0.1247[00m
[91m Client1 Train => Local Epoch: 3 / 5 	Acc: 95.833 	Loss: 0.1176[00m
[91m Client1 Train => Local Epoch: 4 / 5 	Acc: 94.878 	Loss: 0.1398[00m
[92m  Client1 Test => 	Acc: 67.241 	Loss: 3.2084[00m
[91m Client2 Train => Local Epoch: 0 / 5 	Acc: 94.531 	Loss: 0.2342[00m
[91m Client2 Train => Local Epoch: 1 / 5 	Acc: 96.094 	Loss: 0.1171[00m
[91m Client2 Train => Local Epoch: 2 / 5 	Acc: 96.181 	Loss: 0.1143[00m
[91m Client2 Train => Local Epoch: 3 / 5 	Acc: 96.007 	Loss: 0.1100[00m
[91m Client2 Train => Local Epoch: 4 / 5 	Acc: 96.441 	Loss: 0.1083[00m
[92m  Client2 Test => 	Acc: 73.055 	Loss: 3.0807[00m
[91m Client3 Train => Local Epoch: 0 / 5 	Acc: 94.184 	Loss: 0.1966[00m
[91m Client3 Train => Local Epoch: 1 / 5 	Acc: 95.703 	Loss: 0.1425[00m
[91m Client3 Train => Local Epoch: 2 / 5 	Acc: 96.311 	Loss: 0.1039[00m
[91m Client3 Train => Local Epoch: 3 / 5 	Acc: 96.050 	Loss: 0.1469[00m
[91m Client3 Train => Local Epoch: 4 / 5 	Acc: 94.358 	Loss: 0.1766[00m
[92m  Client3 Test => 	Acc: 70.511 	Loss: 3.7968[00m
[91m Client4 Train => Local Epoch: 0 / 5 	Acc: 95.410 	Loss: 0.1598[00m
[91m Client4 Train => Local Epoch: 1 / 5 	Acc: 96.777 	Loss: 0.0914[00m
[91m Client4 Train => Local Epoch: 2 / 5 	Acc: 95.996 	Loss: 0.1201[00m
[91m Client4 Train => Local Epoch: 3 / 5 	Acc: 97.070 	Loss: 0.0871[00m
[91m Client4 Train => Local Epoch: 4 / 5 	Acc: 96.484 	Loss: 0.1009[00m
[92m  Client4 Test => 	Acc: 64.350 	Loss: 3.6091[00m
[91m Client5 Train => Local Epoch: 0 / 5 	Acc: 92.057 	Loss: 0.2915[00m
[91m Client5 Train => Local Epoch: 1 / 5 	Acc: 95.182 	Loss: 0.1487[00m
[91m Client5 Train => Local Epoch: 2 / 5 	Acc: 94.531 	Loss: 0.1643[00m
[91m Client5 Train => Local Epoch: 3 / 5 	Acc: 95.703 	Loss: 0.1203[00m
[91m Client5 Train => Local Epoch: 4 / 5 	Acc: 96.615 	Loss: 0.1113[00m
[92m  Client5 Test => 	Acc: 77.113 	Loss: 1.3246[00m
[91m Client6 Train => Local Epoch: 0 / 5 	Acc: 91.906 	Loss: 0.2437[00m
[91m Client6 Train => Local Epoch: 1 / 5 	Acc: 92.250 	Loss: 0.2379[00m
[91m Client6 Train => Local Epoch: 2 / 5 	Acc: 95.000 	Loss: 0.1601[00m
[91m Client6 Train => Local Epoch: 3 / 5 	Acc: 94.781 	Loss: 0.1732[00m
[91m Client6 Train => Local Epoch: 4 / 5 	Acc: 95.875 	Loss: 0.1340[00m
[92m  Client6 Test => 	Acc: 88.238 	Loss: 0.3860[00m
[91m Client7 Train => Local Epoch: 0 / 5 	Acc: 91.328 	Loss: 0.2613[00m
[91m Client7 Train => Local Epoch: 1 / 5 	Acc: 95.859 	Loss: 0.1329[00m
[91m Client7 Train => Local Epoch: 2 / 5 	Acc: 94.844 	Loss: 0.1780[00m
[91m Client7 Train => Local Epoch: 3 / 5 	Acc: 92.734 	Loss: 0.2201[00m
[91m Client7 Train => Local Epoch: 4 / 5 	Acc: 96.016 	Loss: 0.1167[00m
[92m  Client7 Test => 	Acc: 79.912 	Loss: 0.7653[00m
[91m Client8 Train => Local Epoch: 0 / 5 	Acc: 94.661 	Loss: 0.2200[00m
[91m Client8 Train => Local Epoch: 1 / 5 	Acc: 95.573 	Loss: 0.1412[00m
[91m Client8 Train => Local Epoch: 2 / 5 	Acc: 96.745 	Loss: 0.1154[00m
[91m Client8 Train => Local Epoch: 3 / 5 	Acc: 97.396 	Loss: 0.0979[00mC:\Users\pr8pf\AppData\Local\anaconda3\Lib\site-packages\sklearn\cluster\_kmeans.py:1429: UserWarning: KMeans is known to have a memory leak on Windows with MKL, when there are less chunks than available threads. You can avoid it by setting the environment variable OMP_NUM_THREADS=1.
  warnings.warn(
C:\Users\pr8pf\AppData\Local\anaconda3\Lib\site-packages\sklearn\cluster\_kmeans.py:1429: UserWarning: KMeans is known to have a memory leak on Windows with MKL, when there are less chunks than available threads. You can avoid it by setting the environment variable OMP_NUM_THREADS=1.
  warnings.warn(
[codecarbon INFO @ 10:42:19] [setup] RAM Tracking...
[codecarbon INFO @ 10:42:19] [setup] CPU Tracking...
[codecarbon WARNING @ 10:42:19] No CPU tracking mode found. Falling back on CPU constant mode. 
 Windows OS detected: Please install Intel Power Gadget to measure CPU

[codecarbon INFO @ 10:42:20] CPU Model on constant consumption mode: Intel(R) Xeon(R) Gold 6258R CPU @ 2.70GHz
[codecarbon INFO @ 10:42:20] [setup] GPU Tracking...
[codecarbon INFO @ 10:42:20] Tracking Nvidia GPU via pynvml
[codecarbon INFO @ 10:42:20] >>> Tracker's metadata:
[codecarbon INFO @ 10:42:20]   Platform system: Windows-11-10.0.22631-SP0
[codecarbon INFO @ 10:42:20]   Python version: 3.12.7
[codecarbon INFO @ 10:42:20]   CodeCarbon version: 2.8.3
[codecarbon INFO @ 10:42:20]   Available RAM : 126.630 GB
[codecarbon INFO @ 10:42:20]   CPU count: 56
[codecarbon INFO @ 10:42:20]   CPU model: Intel(R) Xeon(R) Gold 6258R CPU @ 2.70GHz
[codecarbon INFO @ 10:42:20]   GPU count: 2
[codecarbon INFO @ 10:42:20]   GPU model: 2 x NVIDIA RTX A5000
[codecarbon INFO @ 10:42:24] Saving emissions data to file C:\Users\pr8pf\Documents\GitHub\SplitFed\emissions.csv
[codecarbon INFO @ 10:42:24] Energy consumed for RAM : 0.000009 kWh. RAM Power : 47.48608875274658 W
[codecarbon INFO @ 10:42:24] Energy consumed for all CPUs : 0.000020 kWh. Total CPU Power : 102.50000000000001 W
[codecarbon INFO @ 10:42:24] Energy consumed for all GPUs : 0.000004 kWh. Total GPU Power : 22.415228217867483 W
[codecarbon INFO @ 10:42:24] 0.000034 kWh of electricity used since the beginning.

[91m Client8 Train => Local Epoch: 4 / 5 	Acc: 95.443 	Loss: 0.1251[00m
[92m  Client8 Test => 	Acc: 81.838 	Loss: 0.7220[00m
[91m Client9 Train => Local Epoch: 0 / 5 	Acc: 94.471 	Loss: 0.1841[00m
[91m Client9 Train => Local Epoch: 1 / 5 	Acc: 96.154 	Loss: 0.1273[00m
[91m Client9 Train => Local Epoch: 2 / 5 	Acc: 96.334 	Loss: 0.1254[00m
[91m Client9 Train => Local Epoch: 3 / 5 	Acc: 93.810 	Loss: 0.1884[00m
[91m Client9 Train => Local Epoch: 4 / 5 	Acc: 95.312 	Loss: 0.1480[00m
[92m  Client9 Test => 	Acc: 83.075 	Loss: 0.5483[00m
------------------------------------------------
------ Federation process at Server-Side ------- 
------------------------------------------------
-----------------------------------------------------------
------ FedServer: Federation process at Client-Side ------- 
-----------------------------------------------------------
[1. 1. 1. 1. 1. 1. 0. 1. 1. 1.]
Client-side aggregation done
[1. 1. 1. 1. 1. 1. 0. 1. 1. 1.]
Server-side aggregation done
[92m  Client0 Test => 	Acc: 79.762 	Loss: 0.8589[00m
 Train: Round   9, Avg Accuracy 95.762 | Avg Loss 0.128
Training and Evaluation completed!
===== END Sun 12/21/2025 10:43:23.56 ===== 
