===== START Wed 12/31/2025  5:46:43.07 ===== 
C:\Users\pr8pf\AppData\Local\anaconda3\Lib\site-packages\torchvision\models\_utils.py:208: UserWarning: The parameter 'pretrained' is deprecated since 0.13 and may be removed in the future, please use 'weights' instead.
  warnings.warn(
C:\Users\pr8pf\AppData\Local\anaconda3\Lib\site-packages\torchvision\models\_utils.py:223: UserWarning: Arguments other than a weight enum or `None` for 'weights' are deprecated since 0.13 and may be removed in the future. The current behavior is equivalent to passing `weights=VGG16_Weights.IMAGENET1K_V1`. You can also use `weights=VGG16_Weights.DEFAULT` to get the most up-to-date weights.
  warnings.warn(msg)
[codecarbon INFO @ 05:47:15] [setup] RAM Tracking...
[codecarbon INFO @ 05:47:15] [setup] CPU Tracking...
[codecarbon WARNING @ 05:47:15] No CPU tracking mode found. Falling back on CPU constant mode. 
 Windows OS detected: Please install Intel Power Gadget to measure CPU

[codecarbon INFO @ 05:47:17] CPU Model on constant consumption mode: Intel(R) Xeon(R) Gold 6258R CPU @ 2.70GHz
[codecarbon INFO @ 05:47:17] [setup] GPU Tracking...
[codecarbon INFO @ 05:47:17] Tracking Nvidia GPU via pynvml
[codecarbon INFO @ 05:47:17] >>> Tracker's metadata:
[codecarbon INFO @ 05:47:17]   Platform system: Windows-11-10.0.22631-SP0
[codecarbon INFO @ 05:47:17]   Python version: 3.12.7
[codecarbon INFO @ 05:47:17]   CodeCarbon version: 2.8.3
[codecarbon INFO @ 05:47:17]   Available RAM : 126.630 GB
[codecarbon INFO @ 05:47:17]   CPU count: 56
[codecarbon INFO @ 05:47:17]   CPU model: Intel(R) Xeon(R) Gold 6258R CPU @ 2.70GHz
[codecarbon INFO @ 05:47:17]   GPU count: 2
[codecarbon INFO @ 05:47:17]   GPU model: 2 x NVIDIA RTX A5000
[codecarbon INFO @ 05:47:20] Saving emissions data to file C:\Users\pr8pf\Documents\GitHub\SplitFed\emissions.csv
[codecarbon INFO @ 05:47:22] Energy consumed for RAM : 0.000021 kWh. RAM Power : 47.48608875274658 W
[codecarbon INFO @ 05:47:22] Energy consumed for all CPUs : 0.000046 kWh. Total CPU Power : 102.50000000000001 W
[codecarbon INFO @ 05:47:22] Energy consumed for all GPUs : 0.000008 kWh. Total GPU Power : 18.637982180550303 W
[codecarbon INFO @ 05:47:22] 0.000076 kWh of electricity used since the beginning.
[codecarbon INFO @ 06:11:03] [setup] RAM Tracking...
[codecarbon INFO @ 06:11:03] [setup] CPU Tracking...
[codecarbon WARNING @ 06:11:03] No CPU tracking mode found. Falling back on CPU constant mode. 
 Windows OS detected: Please install Intel Power Gadget to measure CPU

[codecarbon INFO @ 06:11:05] CPU Model on constant consumption mode: Intel(R) Xeon(R) Gold 6258R CPU @ 2.70GHz
[codecarbon INFO @ 06:11:05] [setup] GPU Tracking...
[codecarbon INFO @ 06:11:05] Tracking Nvidia GPU via pynvml
[codecarbon INFO @ 06:11:05] >>> Tracker's metadata:
[codecarbon INFO @ 06:11:05]   Platform system: Windows-11-10.0.22631-SP0
[codecarbon INFO @ 06:11:05]   Python version: 3.12.7
[codecarbon INFO @ 06:11:05]   CodeCarbon version: 2.8.3
[codecarbon INFO @ 06:11:05]   Available RAM : 126.630 GB
[codecarbon INFO @ 06:11:05]   CPU count: 56
[codecarbon INFO @ 06:11:05]   CPU model: Intel(R) Xeon(R) Gold 6258R CPU @ 2.70GHz
[codecarbon INFO @ 06:11:05]   GPU count: 2
[codecarbon INFO @ 06:11:05]   GPU model: 2 x NVIDIA RTX A5000
[codecarbon INFO @ 06:11:08] Saving emissions data to file C:\Users\pr8pf\Documents\GitHub\SplitFed\emissions.csv
[codecarbon INFO @ 06:11:09] Energy consumed for RAM : 0.000014 kWh. RAM Power : 47.48608875274658 W
[codecarbon INFO @ 06:11:09] Energy consumed for all CPUs : 0.000030 kWh. Total CPU Power : 102.50000000000001 W
[codecarbon INFO @ 06:11:09] Energy consumed for all GPUs : 0.000005 kWh. Total GPU Power : 18.80854347055232 W
[codecarbon INFO @ 06:11:09] 0.000049 kWh of electricity used since the beginning.
[codecarbon INFO @ 06:12:03] [setup] RAM Tracking...
[codecarbon INFO @ 06:12:03] [setup] CPU Tracking...
[codecarbon WARNING @ 06:12:03] No CPU tracking mode found. Falling back on CPU constant mode. 
 Windows OS detected: Please install Intel Power Gadget to measure CPU

[codecarbon INFO @ 06:12:05] CPU Model on constant consumption mode: Intel(R) Xeon(R) Gold 6258R CPU @ 2.70GHz
[codecarbon INFO @ 06:12:05] [setup] GPU Tracking...
[codecarbon INFO @ 06:12:05] Tracking Nvidia GPU via pynvml
[codecarbon INFO @ 06:12:05] >>> Tracker's metadata:
[codecarbon INFO @ 06:12:05]   Platform system: Windows-11-10.0.22631-SP0
[codecarbon INFO @ 06:12:05]   Python version: 3.12.7
[codecarbon INFO @ 06:12:05]   CodeCarbon version: 2.8.3
[codecarbon INFO @ 06:12:05]   Available RAM : 126.630 GB
[codecarbon INFO @ 06:12:05]   CPU count: 56
[codecarbon INFO @ 06:12:05]   CPU model: Intel(R) Xeon(R) Gold 6258R CPU @ 2.70GHz
[codecarbon INFO @ 06:12:05]   GPU count: 2
[codecarbon INFO @ 06:12:05]   GPU model: 2 x NVIDIA RTX A5000
[codecarbon INFO @ 06:12:08] Saving emissions data to file C:\Users\pr8pf\Documents\GitHub\SplitFed\emissions.csv
[codecarbon INFO @ 06:12:09] Energy consumed for RAM : 0.000015 kWh. RAM Power : 47.48608875274658 W
[codecarbon INFO @ 06:12:09] Energy consumed for all CPUs : 0.000032 kWh. Total CPU Power : 102.50000000000001 W
[codecarbon INFO @ 06:12:09] Energy consumed for all GPUs : 0.000006 kWh. Total GPU Power : 19.119783081422447 W
[codecarbon INFO @ 06:12:09] 0.000053 kWh of electricity used since the beginning.
################################################################
#                              batch_size: 64                  #
#                         test_batch_size: 64                  #
#                                  epochs: 10                  #
#                               optimizer: SGD                 #
#                                      lr: 0.001               #
#                                momentum: 0.5                 #
#                                    seed: 1                   #
#                             num_clients: 10                  #
#                                   scale: 5                   #
#                                 dataset: plant               #
#                             loader_type: dirichlet           #
#                                      AR: fedavg              #
#                                    side: both                #
#                                     PDR: 1.0                 #
#                                  attack: data_poisoning 10,5 #
#                          label_flipping: uni                 #
#                         experiment_name: split_fed_data_pois_10_5_inner_epochs=5_epochs=10_PDR=1.0_scale=5_fedavg#
#                            inner_epochs: 5                   #
#                                   setup: split_fed           #
#                                   alpha: 0.5                 #
################################################################
NVIDIA RTX A5000
---------split_fed_data_pois_10_5_inner_epochs=5_epochs=10_PDR=1.0_scale=5_fedavg----------
initialize a data loader
Using cuda
[91m Client0 Train => Local Epoch: 0 / 5 	Acc: 29.768 	Loss: 2.9637[00m
[91m Client0 Train => Local Epoch: 1 / 5 	Acc: 36.584 	Loss: 1.9059[00m
[91m Client0 Train => Local Epoch: 2 / 5 	Acc: 38.497 	Loss: 1.8631[00m
[91m Client0 Train => Local Epoch: 3 / 5 	Acc: 37.769 	Loss: 1.8615[00m
[91m Client0 Train => Local Epoch: 4 / 5 	Acc: 38.200 	Loss: 1.8555[00m
[92m  Client0 Test => 	Acc: 12.335 	Loss: 2.9662[00m
[91m Client1 Train => Local Epoch: 0 / 5 	Acc: 19.705 	Loss: 4.7098[00m
[91m Client1 Train => Local Epoch: 1 / 5 	Acc: 21.354 	Loss: 2.3620[00m
[91m Client1 Train => Local Epoch: 2 / 5 	Acc: 25.955 	Loss: 2.3221[00m
[91m Client1 Train => Local Epoch: 3 / 5 	Acc: 27.604 	Loss: 2.1843[00m
[91m Client1 Train => Local Epoch: 4 / 5 	Acc: 29.167 	Loss: 2.1627[00m
[92m  Client1 Test => 	Acc: 4.893 	Loss: 3.0289[00m
[91m Client2 Train => Local Epoch: 0 / 5 	Acc: 20.747 	Loss: 5.8241[00m
[91m Client2 Train => Local Epoch: 1 / 5 	Acc: 21.875 	Loss: 2.8118[00m
[91m Client2 Train => Local Epoch: 2 / 5 	Acc: 32.639 	Loss: 2.4041[00m
[91m Client2 Train => Local Epoch: 3 / 5 	Acc: 42.274 	Loss: 2.1423[00m
[91m Client2 Train => Local Epoch: 4 / 5 	Acc: 41.927 	Loss: 2.1293[00m
[92m  Client2 Test => 	Acc: 12.983 	Loss: 3.1516[00m
[91m Client3 Train => Local Epoch: 0 / 5 	Acc: 23.915 	Loss: 3.5300[00m
[91m Client3 Train => Local Epoch: 1 / 5 	Acc: 31.424 	Loss: 1.9700[00m
[91m Client3 Train => Local Epoch: 2 / 5 	Acc: 32.595 	Loss: 1.9054[00m
[91m Client3 Train => Local Epoch: 3 / 5 	Acc: 32.639 	Loss: 1.9133[00m
[91m Client3 Train => Local Epoch: 4 / 5 	Acc: 32.986 	Loss: 1.9114[00m
[92m  Client3 Test => 	Acc: 7.915 	Loss: 4.0406[00m
[91m Client4 Train => Local Epoch: 0 / 5 	Acc: 14.551 	Loss: 5.6434[00m
[91m Client4 Train => Local Epoch: 1 / 5 	Acc: 16.699 	Loss: 2.9338[00m
[91m Client4 Train => Local Epoch: 2 / 5 	Acc: 21.484 	Loss: 2.4351[00m
[91m Client4 Train => Local Epoch: 3 / 5 	Acc: 20.410 	Loss: 2.2967[00m
[91m Client4 Train => Local Epoch: 4 / 5 	Acc: 23.242 	Loss: 2.2534[00m
[92m  Client4 Test => 	Acc: 5.652 	Loss: 2.8332[00m
[91m Client5 Train => Local Epoch: 0 / 5 	Acc: 16.406 	Loss: 4.1468[00m
[91m Client5 Train => Local Epoch: 1 / 5 	Acc: 29.427 	Loss: 2.1039[00m
[91m Client5 Train => Local Epoch: 2 / 5 	Acc: 33.854 	Loss: 1.9461[00m
[91m Client5 Train => Local Epoch: 3 / 5 	Acc: 35.417 	Loss: 2.0203[00m
[91m Client5 Train => Local Epoch: 4 / 5 	Acc: 42.057 	Loss: 1.8061[00m
[92m  Client5 Test => 	Acc: 12.492 	Loss: 4.6086[00m
[91m Client6 Train => Local Epoch: 0 / 5 	Acc: 24.844 	Loss: 2.7382[00m
[91m Client6 Train => Local Epoch: 1 / 5 	Acc: 42.719 	Loss: 1.8991[00m
[91m Client6 Train => Local Epoch: 2 / 5 	Acc: 58.312 	Loss: 1.4301[00m
[91m Client6 Train => Local Epoch: 3 / 5 	Acc: 60.000 	Loss: 1.3405[00m
[91m Client6 Train => Local Epoch: 4 / 5 	Acc: 65.906 	Loss: 1.1072[00m
[92m  Client6 Test => 	Acc: 44.430 	Loss: 2.0582[00m
[91m Client7 Train => Local Epoch: 0 / 5 	Acc: 18.516 	Loss: 5.7259[00m
[91m Client7 Train => Local Epoch: 1 / 5 	Acc: 22.656 	Loss: 2.3815[00m
[91m Client7 Train => Local Epoch: 2 / 5 	Acc: 24.375 	Loss: 2.2126[00m
[91m Client7 Train => Local Epoch: 3 / 5 	Acc: 23.750 	Loss: 2.1544[00m
[91m Client7 Train => Local Epoch: 4 / 5 	Acc: 32.656 	Loss: 1.9781[00m
[92m  Client7 Test => 	Acc: 13.769 	Loss: 4.3460[00m
[91m Client8 Train => Local Epoch: 0 / 5 	Acc: 21.875 	Loss: 7.9625[00m
[91m Client8 Train => Local Epoch: 1 / 5 	Acc: 21.094 	Loss: 3.0164[00m
[91m Client8 Train => Local Epoch: 2 / 5 	Acc: 19.661 	Loss: 2.2420[00m
[91m Client8 Train => Local Epoch: 3 / 5 	Acc: 25.000 	Loss: 2.3650[00m
[91m Client8 Train => Local Epoch: 4 / 5 	Acc: 22.135 	Loss: 2.1739[00m
[92m  Client8 Test => 	Acc: 5.360 	Loss: 3.3493[00m
[91m Client9 Train => Local Epoch: 0 / 5 	Acc: 19.231 	Loss: 4.7768[00m
[91m Client9 Train => Local Epoch: 1 / 5 	Acc: 28.245 	Loss: 2.1901[00m
[91m Client9 Train => Local Epoch: 2 / 5 	Acc: 31.130 	Loss: 1.9868[00m
[91m Client9 Train => Local Epoch: 3 / 5 	Acc: 44.591 	Loss: 1.6128[00m
[91m Client9 Train => Local Epoch: 4 / 5 	Acc: 56.310 	Loss: 1.3468[00m
[92m  Client9 Test => 	Acc: 41.652 	Loss: 2.1366[00m
------------------------------------------------
------ Federation process at Server-Side ------- 
------------------------------------------------
-----------------------------------------------------------
------ FedServer: Federation process at Client-Side ------- 
-----------------------------------------------------------
[92m  Client0 Test => 	Acc: 12.983 	Loss: 2.7443[00m
 Train: Round   0, Avg Accuracy 38.459 | Avg Loss 1.872
[91m Client0 Train => Local Epoch: 0 / 5 	Acc: 31.977 	Loss: 2.3465[00m
[91m Client0 Train => Local Epoch: 1 / 5 	Acc: 29.068 	Loss: 2.3349[00m
[91m Client0 Train => Local Epoch: 2 / 5 	Acc: 37.662 	Loss: 1.9415[00m
[91m Client0 Train => Local Epoch: 3 / 5 	Acc: 38.578 	Loss: 1.8539[00m
[91m Client0 Train => Local Epoch: 4 / 5 	Acc: 38.443 	Loss: 1.8315[00m
[92m  Client0 Test => 	Acc: 12.348 	Loss: 3.4374[00m
[91m Client1 Train => Local Epoch: 0 / 5 	Acc: 25.347 	Loss: 2.4102[00m
[91m Client1 Train => Local Epoch: 1 / 5 	Acc: 29.340 	Loss: 2.1455[00m
[91m Client1 Train => Local Epoch: 2 / 5 	Acc: 23.264 	Loss: 2.4948[00m
[91m Client1 Train => Local Epoch: 3 / 5 	Acc: 29.861 	Loss: 2.1423[00m
[91m Client1 Train => Local Epoch: 4 / 5 	Acc: 29.774 	Loss: 2.1190[00m
[92m  Client1 Test => 	Acc: 11.047 	Loss: 5.1352[00m
[91m Client2 Train => Local Epoch: 0 / 5 	Acc: 41.927 	Loss: 2.3114[00m
[91m Client2 Train => Local Epoch: 1 / 5 	Acc: 42.361 	Loss: 2.1423[00m
[91m Client2 Train => Local Epoch: 2 / 5 	Acc: 42.361 	Loss: 2.0843[00m
[91m Client2 Train => Local Epoch: 3 / 5 	Acc: 42.188 	Loss: 2.0925[00m
[91m Client2 Train => Local Epoch: 4 / 5 	Acc: 41.927 	Loss: 2.0966[00m
[92m  Client2 Test => 	Acc: 12.942 	Loss: 3.2472[00m
[91m Client3 Train => Local Epoch: 0 / 5 	Acc: 26.606 	Loss: 2.2044[00m
[91m Client3 Train => Local Epoch: 1 / 5 	Acc: 28.342 	Loss: 2.0798[00m
[91m Client3 Train => Local Epoch: 2 / 5 	Acc: 30.208 	Loss: 1.9244[00m
[91m Client3 Train => Local Epoch: 3 / 5 	Acc: 31.293 	Loss: 1.9158[00m
[91m Client3 Train => Local Epoch: 4 / 5 	Acc: 33.377 	Loss: 1.9004[00m
[92m  Client3 Test => 	Acc: 7.929 	Loss: 3.4049[00m
[91m Client4 Train => Local Epoch: 0 / 5 	Acc: 16.895 	Loss: 2.4904[00m[codecarbon INFO @ 06:35:49] [setup] RAM Tracking...
[codecarbon INFO @ 06:35:49] [setup] CPU Tracking...
[codecarbon WARNING @ 06:35:49] No CPU tracking mode found. Falling back on CPU constant mode. 
 Windows OS detected: Please install Intel Power Gadget to measure CPU

[codecarbon INFO @ 06:35:51] CPU Model on constant consumption mode: Intel(R) Xeon(R) Gold 6258R CPU @ 2.70GHz
[codecarbon INFO @ 06:35:51] [setup] GPU Tracking...
[codecarbon INFO @ 06:35:51] Tracking Nvidia GPU via pynvml
[codecarbon INFO @ 06:35:51] >>> Tracker's metadata:
[codecarbon INFO @ 06:35:51]   Platform system: Windows-11-10.0.22631-SP0
[codecarbon INFO @ 06:35:51]   Python version: 3.12.7
[codecarbon INFO @ 06:35:51]   CodeCarbon version: 2.8.3
[codecarbon INFO @ 06:35:51]   Available RAM : 126.630 GB
[codecarbon INFO @ 06:35:51]   CPU count: 56
[codecarbon INFO @ 06:35:51]   CPU model: Intel(R) Xeon(R) Gold 6258R CPU @ 2.70GHz
[codecarbon INFO @ 06:35:51]   GPU count: 2
[codecarbon INFO @ 06:35:51]   GPU model: 2 x NVIDIA RTX A5000
[codecarbon INFO @ 06:35:54] Saving emissions data to file C:\Users\pr8pf\Documents\GitHub\SplitFed\emissions.csv
[codecarbon INFO @ 06:35:55] Energy consumed for RAM : 0.000012 kWh. RAM Power : 47.48608875274658 W
[codecarbon INFO @ 06:35:55] Energy consumed for all CPUs : 0.000027 kWh. Total CPU Power : 102.50000000000001 W
[codecarbon INFO @ 06:35:55] Energy consumed for all GPUs : 0.000005 kWh. Total GPU Power : 18.888625437028537 W
[codecarbon INFO @ 06:35:55] 0.000044 kWh of electricity used since the beginning.
[codecarbon INFO @ 06:36:50] [setup] RAM Tracking...
[codecarbon INFO @ 06:36:50] [setup] CPU Tracking...
[codecarbon WARNING @ 06:36:50] No CPU tracking mode found. Falling back on CPU constant mode. 
 Windows OS detected: Please install Intel Power Gadget to measure CPU

[codecarbon INFO @ 06:36:51] CPU Model on constant consumption mode: Intel(R) Xeon(R) Gold 6258R CPU @ 2.70GHz
[codecarbon INFO @ 06:36:51] [setup] GPU Tracking...
[codecarbon INFO @ 06:36:51] Tracking Nvidia GPU via pynvml
[codecarbon INFO @ 06:36:51] >>> Tracker's metadata:
[codecarbon INFO @ 06:36:51]   Platform system: Windows-11-10.0.22631-SP0
[codecarbon INFO @ 06:36:51]   Python version: 3.12.7
[codecarbon INFO @ 06:36:51]   CodeCarbon version: 2.8.3
[codecarbon INFO @ 06:36:51]   Available RAM : 126.630 GB
[codecarbon INFO @ 06:36:51]   CPU count: 56
[codecarbon INFO @ 06:36:51]   CPU model: Intel(R) Xeon(R) Gold 6258R CPU @ 2.70GHz
[codecarbon INFO @ 06:36:51]   GPU count: 2
[codecarbon INFO @ 06:36:51]   GPU model: 2 x NVIDIA RTX A5000
[codecarbon INFO @ 06:36:54] Saving emissions data to file C:\Users\pr8pf\Documents\GitHub\SplitFed\emissions.csv
[codecarbon INFO @ 06:36:55] Energy consumed for RAM : 0.000013 kWh. RAM Power : 47.48608875274658 W
[codecarbon INFO @ 06:36:55] Energy consumed for all CPUs : 0.000027 kWh. Total CPU Power : 102.50000000000001 W
[codecarbon INFO @ 06:36:55] Energy consumed for all GPUs : 0.000005 kWh. Total GPU Power : 19.440149722894365 W
[codecarbon INFO @ 06:36:55] 0.000045 kWh of electricity used since the beginning.
[codecarbon INFO @ 07:00:39] [setup] RAM Tracking...
[codecarbon INFO @ 07:00:39] [setup] CPU Tracking...
[codecarbon WARNING @ 07:00:39] No CPU tracking mode found. Falling back on CPU constant mode. 
 Windows OS detected: Please install Intel Power Gadget to measure CPU

[codecarbon INFO @ 07:00:40] CPU Model on constant consumption mode: Intel(R) Xeon(R) Gold 6258R CPU @ 2.70GHz
[codecarbon INFO @ 07:00:40] [setup] GPU Tracking...
[codecarbon INFO @ 07:00:40] Tracking Nvidia GPU via pynvml
[codecarbon INFO @ 07:00:41] >>> Tracker's metadata:
[codecarbon INFO @ 07:00:41]   Platform system: Windows-11-10.0.22631-SP0
[codecarbon INFO @ 07:00:41]   Python version: 3.12.7
[codecarbon INFO @ 07:00:41]   CodeCarbon version: 2.8.3
[codecarbon INFO @ 07:00:41]   Available RAM : 126.630 GB
[codecarbon INFO @ 07:00:41]   CPU count: 56
[codecarbon INFO @ 07:00:41]   CPU model: Intel(R) Xeon(R) Gold 6258R CPU @ 2.70GHz
[codecarbon INFO @ 07:00:41]   GPU count: 2
[codecarbon INFO @ 07:00:41]   GPU model: 2 x NVIDIA RTX A5000
[codecarbon INFO @ 07:00:44] Saving emissions data to file C:\Users\pr8pf\Documents\GitHub\SplitFed\emissions.csv
[codecarbon INFO @ 07:00:45] Energy consumed for RAM : 0.000014 kWh. RAM Power : 47.48608875274658 W
[codecarbon INFO @ 07:00:45] Energy consumed for all CPUs : 0.000030 kWh. Total CPU Power : 102.50000000000001 W
[codecarbon INFO @ 07:00:45] Energy consumed for all GPUs : 0.000006 kWh. Total GPU Power : 19.933047138373073 W
[codecarbon INFO @ 07:00:45] 0.000049 kWh of electricity used since the beginning.
[codecarbon INFO @ 07:01:40] [setup] RAM Tracking...
[codecarbon INFO @ 07:01:40] [setup] CPU Tracking...
[codecarbon WARNING @ 07:01:40] No CPU tracking mode found. Falling back on CPU constant mode. 
 Windows OS detected: Please install Intel Power Gadget to measure CPU

[codecarbon INFO @ 07:01:42] CPU Model on constant consumption mode: Intel(R) Xeon(R) Gold 6258R CPU @ 2.70GHz
[codecarbon INFO @ 07:01:42] [setup] GPU Tracking...
[codecarbon INFO @ 07:01:42] Tracking Nvidia GPU via pynvml
[codecarbon INFO @ 07:01:42] >>> Tracker's metadata:
[codecarbon INFO @ 07:01:42]   Platform system: Windows-11-10.0.22631-SP0
[codecarbon INFO @ 07:01:42]   Python version: 3.12.7
[codecarbon INFO @ 07:01:42]   CodeCarbon version: 2.8.3
[codecarbon INFO @ 07:01:42]   Available RAM : 126.630 GB
[codecarbon INFO @ 07:01:42]   CPU count: 56
[codecarbon INFO @ 07:01:42]   CPU model: Intel(R) Xeon(R) Gold 6258R CPU @ 2.70GHz
[codecarbon INFO @ 07:01:42]   GPU count: 2
[codecarbon INFO @ 07:01:42]   GPU model: 2 x NVIDIA RTX A5000
[codecarbon INFO @ 07:01:45] Saving emissions data to file C:\Users\pr8pf\Documents\GitHub\SplitFed\emissions.csv
[codecarbon INFO @ 07:01:46] Energy consumed for RAM : 0.000012 kWh. RAM Power : 47.48608875274658 W
[codecarbon INFO @ 07:01:46] Energy consumed for all CPUs : 0.000027 kWh. Total CPU Power : 102.50000000000001 W
[codecarbon INFO @ 07:01:46] Energy consumed for all GPUs : 0.000005 kWh. Total GPU Power : 19.78756340009436 W
[codecarbon INFO @ 07:01:46] 0.000045 kWh of electricity used since the beginning.

[91m Client4 Train => Local Epoch: 1 / 5 	Acc: 22.070 	Loss: 2.2941[00m
[91m Client4 Train => Local Epoch: 2 / 5 	Acc: 24.512 	Loss: 2.2420[00m
[91m Client4 Train => Local Epoch: 3 / 5 	Acc: 25.488 	Loss: 2.2175[00m
[91m Client4 Train => Local Epoch: 4 / 5 	Acc: 23.633 	Loss: 2.2298[00m
[92m  Client4 Test => 	Acc: 5.597 	Loss: 3.6412[00m
[91m Client5 Train => Local Epoch: 0 / 5 	Acc: 24.219 	Loss: 2.4084[00m
[91m Client5 Train => Local Epoch: 1 / 5 	Acc: 24.870 	Loss: 2.1645[00m
[91m Client5 Train => Local Epoch: 2 / 5 	Acc: 30.599 	Loss: 2.0849[00m
[91m Client5 Train => Local Epoch: 3 / 5 	Acc: 33.203 	Loss: 1.8827[00m
[91m Client5 Train => Local Epoch: 4 / 5 	Acc: 48.047 	Loss: 1.7694[00m
[92m  Client5 Test => 	Acc: 26.344 	Loss: 3.2423[00m
[91m Client6 Train => Local Epoch: 0 / 5 	Acc: 25.750 	Loss: 2.1718[00m
[91m Client6 Train => Local Epoch: 1 / 5 	Acc: 47.656 	Loss: 1.6886[00m
[91m Client6 Train => Local Epoch: 2 / 5 	Acc: 62.844 	Loss: 1.2221[00m
[91m Client6 Train => Local Epoch: 3 / 5 	Acc: 71.812 	Loss: 0.9031[00m
[91m Client6 Train => Local Epoch: 4 / 5 	Acc: 76.250 	Loss: 0.7561[00m
[92m  Client6 Test => 	Acc: 53.039 	Loss: 1.8572[00m
[91m Client7 Train => Local Epoch: 0 / 5 	Acc: 22.109 	Loss: 2.4661[00m
[91m Client7 Train => Local Epoch: 1 / 5 	Acc: 28.438 	Loss: 2.2031[00m
[91m Client7 Train => Local Epoch: 2 / 5 	Acc: 36.172 	Loss: 2.0520[00m
[91m Client7 Train => Local Epoch: 3 / 5 	Acc: 43.672 	Loss: 1.8489[00m
[91m Client7 Train => Local Epoch: 4 / 5 	Acc: 48.203 	Loss: 1.7793[00m
[92m  Client7 Test => 	Acc: 23.220 	Loss: 2.7819[00m
[91m Client8 Train => Local Epoch: 0 / 5 	Acc: 20.443 	Loss: 2.5521[00m
[91m Client8 Train => Local Epoch: 1 / 5 	Acc: 23.047 	Loss: 2.1486[00m
[91m Client8 Train => Local Epoch: 2 / 5 	Acc: 27.865 	Loss: 2.1125[00m
[91m Client8 Train => Local Epoch: 3 / 5 	Acc: 27.865 	Loss: 2.0896[00m
[91m Client8 Train => Local Epoch: 4 / 5 	Acc: 37.500 	Loss: 1.9550[00m
[92m  Client8 Test => 	Acc: 14.446 	Loss: 3.3521[00m
[91m Client9 Train => Local Epoch: 0 / 5 	Acc: 21.815 	Loss: 2.3486[00m
[91m Client9 Train => Local Epoch: 1 / 5 	Acc: 25.601 	Loss: 2.1031[00m
[91m Client9 Train => Local Epoch: 2 / 5 	Acc: 26.082 	Loss: 2.0721[00m
[91m Client9 Train => Local Epoch: 3 / 5 	Acc: 29.207 	Loss: 2.0747[00m
[91m Client9 Train => Local Epoch: 4 / 5 	Acc: 25.841 	Loss: 2.1234[00m
[92m  Client9 Test => 	Acc: 7.098 	Loss: 3.3559[00m
------------------------------------------------
------ Federation process at Server-Side ------- 
------------------------------------------------
-----------------------------------------------------------
------ FedServer: Federation process at Client-Side ------- 
-----------------------------------------------------------
[92m  Client0 Test => 	Acc: 12.969 	Loss: 2.6147[00m
 Train: Round   1, Avg Accuracy 40.300 | Avg Loss 1.856
[91m Client0 Train => Local Epoch: 0 / 5 	Acc: 34.779 	Loss: 1.9526[00m
[91m Client0 Train => Local Epoch: 1 / 5 	Acc: 38.470 	Loss: 1.8390[00m
[91m Client0 Train => Local Epoch: 2 / 5 	Acc: 38.443 	Loss: 1.8259[00m
[91m Client0 Train => Local Epoch: 3 / 5 	Acc: 38.416 	Loss: 1.8297[00m
[91m Client0 Train => Local Epoch: 4 / 5 	Acc: 38.416 	Loss: 1.8293[00m
[92m  Client0 Test => 	Acc: 12.328 	Loss: 3.3871[00m
[91m Client1 Train => Local Epoch: 0 / 5 	Acc: 21.528 	Loss: 2.3822[00m
[91m Client1 Train => Local Epoch: 1 / 5 	Acc: 29.514 	Loss: 2.1316[00m
[91m Client1 Train => Local Epoch: 2 / 5 	Acc: 29.601 	Loss: 2.1606[00m
[91m Client1 Train => Local Epoch: 3 / 5 	Acc: 29.861 	Loss: 2.1209[00m
[91m Client1 Train => Local Epoch: 4 / 5 	Acc: 30.122 	Loss: 2.1151[00m
[92m  Client1 Test => 	Acc: 11.081 	Loss: 4.2101[00m
[91m Client2 Train => Local Epoch: 0 / 5 	Acc: 42.448 	Loss: 2.2723[00m
[91m Client2 Train => Local Epoch: 1 / 5 	Acc: 42.622 	Loss: 2.1079[00m
[91m Client2 Train => Local Epoch: 2 / 5 	Acc: 42.448 	Loss: 2.0828[00m
[91m Client2 Train => Local Epoch: 3 / 5 	Acc: 42.448 	Loss: 2.0800[00m
[91m Client2 Train => Local Epoch: 4 / 5 	Acc: 42.188 	Loss: 2.0786[00m
[92m  Client2 Test => 	Acc: 12.936 	Loss: 3.3793[00m
[91m Client3 Train => Local Epoch: 0 / 5 	Acc: 26.259 	Loss: 2.1031[00m
[91m Client3 Train => Local Epoch: 1 / 5 	Acc: 32.509 	Loss: 1.9001[00m
[91m Client3 Train => Local Epoch: 2 / 5 	Acc: 31.293 	Loss: 2.1045[00m
[91m Client3 Train => Local Epoch: 3 / 5 	Acc: 32.856 	Loss: 1.9751[00m
[91m Client3 Train => Local Epoch: 4 / 5 	Acc: 32.899 	Loss: 1.9041[00m
[92m  Client3 Test => 	Acc: 7.922 	Loss: 3.4084[00m
[91m Client4 Train => Local Epoch: 0 / 5 	Acc: 11.816 	Loss: 2.5826[00m
[91m Client4 Train => Local Epoch: 1 / 5 	Acc: 25.391 	Loss: 2.2635[00m
[91m Client4 Train => Local Epoch: 2 / 5 	Acc: 23.828 	Loss: 2.2220[00m
[91m Client4 Train => Local Epoch: 3 / 5 	Acc: 24.707 	Loss: 2.2219[00m
[91m Client4 Train => Local Epoch: 4 / 5 	Acc: 24.121 	Loss: 2.2177[00m
[92m  Client4 Test => 	Acc: 5.590 	Loss: 3.8036[00m
[91m Client5 Train => Local Epoch: 0 / 5 	Acc: 21.224 	Loss: 2.3654[00m
[91m Client5 Train => Local Epoch: 1 / 5 	Acc: 30.859 	Loss: 2.0666[00m
[91m Client5 Train => Local Epoch: 2 / 5 	Acc: 31.120 	Loss: 2.0438[00m
[91m Client5 Train => Local Epoch: 3 / 5 	Acc: 41.146 	Loss: 1.9271[00m
[91m Client5 Train => Local Epoch: 4 / 5 	Acc: 43.229 	Loss: 1.7561[00m
[92m  Client5 Test => 	Acc: 24.238 	Loss: 3.7744[00m
[91m Client6 Train => Local Epoch: 0 / 5 	Acc: 22.844 	Loss: 2.1797[00m
[91m Client6 Train => Local Epoch: 1 / 5 	Acc: 33.406 	Loss: 1.9638[00m
[91m Client6 Train => Local Epoch: 2 / 5 	Acc: 53.406 	Loss: 1.5540[00m
[91m Client6 Train => Local Epoch: 3 / 5 	Acc: 64.344 	Loss: 1.1757[00m
[91m Client6 Train => Local Epoch: 4 / 5 	Acc: 72.562 	Loss: 0.8948[00m
[92m  Client6 Test => 	Acc: 49.076 	Loss: 1.8010[00m
[91m Client7 Train => Local Epoch: 0 / 5 	Acc: 20.938 	Loss: 2.4012[00m
[91m Client7 Train => Local Epoch: 1 / 5 	Acc: 25.312 	Loss: 2.2600[00m
[91m Client7 Train => Local Epoch: 2 / 5 	Acc: 26.953 	Loss: 2.1866[00m
[91m Client7 Train => Local Epoch: 3 / 5 	Acc: 26.875 	Loss: 2.1496[00m
[91m Client7 Train => Local Epoch: 4 / 5 	Acc: 30.391 	Loss: 2.0359[00m
[92m  Client7 Test => 	Acc: 12.540 	Loss: 3.3800[00m
[91m Client8 Train => Local Epoch: 0 / 5 	Acc: 13.021 	Loss: 2.7018[00m
[91m Client8 Train => Local Epoch: 1 / 5 	Acc: 27.474 	Loss: 2.3011[00m
[91m Client8 Train => Local Epoch: 2 / 5 	Acc: 26.953 	Loss: 2.1212[00m
[91m Client8 Train => Local Epoch: 3 / 5 	Acc: 29.818 	Loss: 2.0489[00m
[91m Client8 Train => Local Epoch: 4 / 5 	Acc: 36.849 	Loss: 1.8205[00m
[92m  Client8 Test => 	Acc: 21.141 	Loss: 3.5439[00m
[91m Client9 Train => Local Epoch: 0 / 5 	Acc: 18.990 	Loss: 2.2709[00m
[91m Client9 Train => Local Epoch: 1 / 5 	Acc: 25.421 	Loss: 2.1007[00m
[91m Client9 Train => Local Epoch: 2 / 5 	Acc: 26.322 	Loss: 2.0900[00m
[91m Client9 Train => Local Epoch: 3 / 5 	Acc: 27.284 	Loss: 2.0888[00m
[91m Client9 Train => Local Epoch: 4 / 5 	Acc: 26.262 	Loss: 2.0956[00m
[92m  Client9 Test => 	Acc: 7.105 	Loss: 3.1990[00m
------------------------------------------------
------ Federation process at Server-Side ------- 
------------------------------------------------
-----------------------------------------------------------
------ FedServer: Federation process at Client-Side ------- 
-----------------------------------------------------------
[92m  Client0 Test => 	Acc: 12.929 	Loss: 2.6160[00m
 Train: Round   2, Avg Accuracy 37.704 | Avg Loss 1.875
[91m Client0 Train => Local Epoch: 0 / 5 	Acc: 34.671 	Loss: 1.9599[00m
[91m Client0 Train => Local Epoch: 1 / 5 	Acc: 38.416 	Loss: 1.8373[00m
[91m Client0 Train => Local Epoch: 2 / 5 	Acc: 38.281 	Loss: 1.8980[00m
[91m Client0 Train => Local Epoch: 3 / 5 	Acc: 38.470 	Loss: 1.8386[00m
[91m Client0 Train => Local Epoch: 4 / 5 	Acc: 38.470 	Loss: 1.8300[00m
[92m  Client0 Test => 	Acc: 12.341 	Loss: 3.5949[00m
[91m Client1 Train => Local Epoch: 0 / 5 	Acc: 19.792 	Loss: 2.4271[00m[codecarbon INFO @ 07:25:22] [setup] RAM Tracking...
[codecarbon INFO @ 07:25:22] [setup] CPU Tracking...
[codecarbon WARNING @ 07:25:22] No CPU tracking mode found. Falling back on CPU constant mode. 
 Windows OS detected: Please install Intel Power Gadget to measure CPU

[codecarbon INFO @ 07:25:23] CPU Model on constant consumption mode: Intel(R) Xeon(R) Gold 6258R CPU @ 2.70GHz
[codecarbon INFO @ 07:25:23] [setup] GPU Tracking...
[codecarbon INFO @ 07:25:23] Tracking Nvidia GPU via pynvml
[codecarbon INFO @ 07:25:23] >>> Tracker's metadata:
[codecarbon INFO @ 07:25:23]   Platform system: Windows-11-10.0.22631-SP0
[codecarbon INFO @ 07:25:23]   Python version: 3.12.7
[codecarbon INFO @ 07:25:23]   CodeCarbon version: 2.8.3
[codecarbon INFO @ 07:25:23]   Available RAM : 126.630 GB
[codecarbon INFO @ 07:25:23]   CPU count: 56
[codecarbon INFO @ 07:25:23]   CPU model: Intel(R) Xeon(R) Gold 6258R CPU @ 2.70GHz
[codecarbon INFO @ 07:25:23]   GPU count: 2
[codecarbon INFO @ 07:25:23]   GPU model: 2 x NVIDIA RTX A5000
[codecarbon INFO @ 07:25:26] Saving emissions data to file C:\Users\pr8pf\Documents\GitHub\SplitFed\emissions.csv
[codecarbon INFO @ 07:25:27] Energy consumed for RAM : 0.000015 kWh. RAM Power : 47.48608875274658 W
[codecarbon INFO @ 07:25:27] Energy consumed for all CPUs : 0.000032 kWh. Total CPU Power : 102.50000000000001 W
[codecarbon INFO @ 07:25:27] Energy consumed for all GPUs : 0.000006 kWh. Total GPU Power : 19.22075647707113 W
[codecarbon INFO @ 07:25:27] 0.000052 kWh of electricity used since the beginning.
[codecarbon INFO @ 07:26:21] [setup] RAM Tracking...
[codecarbon INFO @ 07:26:21] [setup] CPU Tracking...
[codecarbon WARNING @ 07:26:21] No CPU tracking mode found. Falling back on CPU constant mode. 
 Windows OS detected: Please install Intel Power Gadget to measure CPU

[codecarbon INFO @ 07:26:22] CPU Model on constant consumption mode: Intel(R) Xeon(R) Gold 6258R CPU @ 2.70GHz
[codecarbon INFO @ 07:26:22] [setup] GPU Tracking...
[codecarbon INFO @ 07:26:22] Tracking Nvidia GPU via pynvml
[codecarbon INFO @ 07:26:23] >>> Tracker's metadata:
[codecarbon INFO @ 07:26:23]   Platform system: Windows-11-10.0.22631-SP0
[codecarbon INFO @ 07:26:23]   Python version: 3.12.7
[codecarbon INFO @ 07:26:23]   CodeCarbon version: 2.8.3
[codecarbon INFO @ 07:26:23]   Available RAM : 126.630 GB
[codecarbon INFO @ 07:26:23]   CPU count: 56
[codecarbon INFO @ 07:26:23]   CPU model: Intel(R) Xeon(R) Gold 6258R CPU @ 2.70GHz
[codecarbon INFO @ 07:26:23]   GPU count: 2
[codecarbon INFO @ 07:26:23]   GPU model: 2 x NVIDIA RTX A5000
[codecarbon INFO @ 07:26:26] Saving emissions data to file C:\Users\pr8pf\Documents\GitHub\SplitFed\emissions.csv
[codecarbon INFO @ 07:26:27] Energy consumed for RAM : 0.000012 kWh. RAM Power : 47.48608875274658 W
[codecarbon INFO @ 07:26:27] Energy consumed for all CPUs : 0.000026 kWh. Total CPU Power : 102.50000000000001 W
[codecarbon INFO @ 07:26:27] Energy consumed for all GPUs : 0.000005 kWh. Total GPU Power : 19.601237580129396 W
[codecarbon INFO @ 07:26:27] 0.000043 kWh of electricity used since the beginning.

[91m Client1 Train => Local Epoch: 1 / 5 	Acc: 30.035 	Loss: 2.1400[00m
[91m Client1 Train => Local Epoch: 2 / 5 	Acc: 29.514 	Loss: 2.1194[00m
[91m Client1 Train => Local Epoch: 3 / 5 	Acc: 29.427 	Loss: 2.1252[00m
[91m Client1 Train => Local Epoch: 4 / 5 	Acc: 29.514 	Loss: 2.1172[00m
[92m  Client1 Test => 	Acc: 11.067 	Loss: 3.7087[00m
[91m Client2 Train => Local Epoch: 0 / 5 	Acc: 42.448 	Loss: 2.2725[00m
[91m Client2 Train => Local Epoch: 1 / 5 	Acc: 42.708 	Loss: 2.0909[00m
[91m Client2 Train => Local Epoch: 2 / 5 	Acc: 42.274 	Loss: 2.0839[00m
[91m Client2 Train => Local Epoch: 3 / 5 	Acc: 42.274 	Loss: 2.0866[00m
[91m Client2 Train => Local Epoch: 4 / 5 	Acc: 42.361 	Loss: 2.0725[00m
[92m  Client2 Test => 	Acc: 12.936 	Loss: 3.4220[00m
[91m Client3 Train => Local Epoch: 0 / 5 	Acc: 27.908 	Loss: 2.0989[00m
[91m Client3 Train => Local Epoch: 1 / 5 	Acc: 32.812 	Loss: 1.9118[00m
[91m Client3 Train => Local Epoch: 2 / 5 	Acc: 33.160 	Loss: 1.8976[00m
[91m Client3 Train => Local Epoch: 3 / 5 	Acc: 33.116 	Loss: 1.9002[00m
[91m Client3 Train => Local Epoch: 4 / 5 	Acc: 33.073 	Loss: 1.9030[00m
[92m  Client3 Test => 	Acc: 7.922 	Loss: 3.3996[00m
[91m Client4 Train => Local Epoch: 0 / 5 	Acc: 11.816 	Loss: 2.6133[00m
[91m Client4 Train => Local Epoch: 1 / 5 	Acc: 24.707 	Loss: 2.2786[00m
[91m Client4 Train => Local Epoch: 2 / 5 	Acc: 25.098 	Loss: 2.2543[00m
[91m Client4 Train => Local Epoch: 3 / 5 	Acc: 24.316 	Loss: 2.2334[00m
[91m Client4 Train => Local Epoch: 4 / 5 	Acc: 24.805 	Loss: 2.2225[00m
[92m  Client4 Test => 	Acc: 5.590 	Loss: 3.7307[00m
[91m Client5 Train => Local Epoch: 0 / 5 	Acc: 22.917 	Loss: 2.3342[00m
[91m Client5 Train => Local Epoch: 1 / 5 	Acc: 38.932 	Loss: 1.9486[00m
[91m Client5 Train => Local Epoch: 2 / 5 	Acc: 51.823 	Loss: 1.5339[00m
[91m Client5 Train => Local Epoch: 3 / 5 	Acc: 39.193 	Loss: 1.9007[00m
[91m Client5 Train => Local Epoch: 4 / 5 	Acc: 29.688 	Loss: 2.1593[00m
[92m  Client5 Test => 	Acc: 20.651 	Loss: 2.6484[00m
[91m Client6 Train => Local Epoch: 0 / 5 	Acc: 26.094 	Loss: 2.1823[00m
[91m Client6 Train => Local Epoch: 1 / 5 	Acc: 28.344 	Loss: 2.5777[00m
[91m Client6 Train => Local Epoch: 2 / 5 	Acc: 30.312 	Loss: 2.0620[00m
[91m Client6 Train => Local Epoch: 3 / 5 	Acc: 24.875 	Loss: 2.4925[00m
[91m Client6 Train => Local Epoch: 4 / 5 	Acc: 24.938 	Loss: 2.0867[00m
[92m  Client6 Test => 	Acc: 11.047 	Loss: 3.1513[00m
[91m Client7 Train => Local Epoch: 0 / 5 	Acc: 19.766 	Loss: 2.4134[00m
[91m Client7 Train => Local Epoch: 1 / 5 	Acc: 25.859 	Loss: 2.1959[00m
[91m Client7 Train => Local Epoch: 2 / 5 	Acc: 27.109 	Loss: 2.1637[00m
[91m Client7 Train => Local Epoch: 3 / 5 	Acc: 32.422 	Loss: 2.0897[00m
[91m Client7 Train => Local Epoch: 4 / 5 	Acc: 32.188 	Loss: 2.0724[00m
[92m  Client7 Test => 	Acc: 20.559 	Loss: 3.1131[00m
[91m Client8 Train => Local Epoch: 0 / 5 	Acc: 12.891 	Loss: 2.7010[00m
[91m Client8 Train => Local Epoch: 1 / 5 	Acc: 23.307 	Loss: 2.2593[00m
[91m Client8 Train => Local Epoch: 2 / 5 	Acc: 45.312 	Loss: 1.9840[00m
[91m Client8 Train => Local Epoch: 3 / 5 	Acc: 50.651 	Loss: 1.7747[00m
[91m Client8 Train => Local Epoch: 4 / 5 	Acc: 58.073 	Loss: 1.3925[00m
[92m  Client8 Test => 	Acc: 21.506 	Loss: 3.2078[00m
[91m Client9 Train => Local Epoch: 0 / 5 	Acc: 20.974 	Loss: 2.2697[00m
[91m Client9 Train => Local Epoch: 1 / 5 	Acc: 29.808 	Loss: 1.9947[00m
[91m Client9 Train => Local Epoch: 2 / 5 	Acc: 40.024 	Loss: 1.7458[00m
[91m Client9 Train => Local Epoch: 3 / 5 	Acc: 53.185 	Loss: 1.4716[00m
[91m Client9 Train => Local Epoch: 4 / 5 	Acc: 68.690 	Loss: 1.0895[00m
[92m  Client9 Test => 	Acc: 53.615 	Loss: 1.8929[00m
------------------------------------------------
------ Federation process at Server-Side ------- 
------------------------------------------------
-----------------------------------------------------------
------ FedServer: Federation process at Client-Side ------- 
-----------------------------------------------------------
[92m  Client0 Test => 	Acc: 12.929 	Loss: 2.6148[00m
 Train: Round   3, Avg Accuracy 38.180 | Avg Loss 1.895
[91m Client0 Train => Local Epoch: 0 / 5 	Acc: 34.240 	Loss: 1.9690[00m
[91m Client0 Train => Local Epoch: 1 / 5 	Acc: 38.416 	Loss: 1.8289[00m
[91m Client0 Train => Local Epoch: 2 / 5 	Acc: 38.443 	Loss: 1.8266[00m
[91m Client0 Train => Local Epoch: 3 / 5 	Acc: 38.416 	Loss: 1.8305[00m
[91m Client0 Train => Local Epoch: 4 / 5 	Acc: 38.470 	Loss: 1.8290[00m
[92m  Client0 Test => 	Acc: 12.341 	Loss: 3.4278[00m
[91m Client1 Train => Local Epoch: 0 / 5 	Acc: 18.490 	Loss: 2.4339[00m
[91m Client1 Train => Local Epoch: 1 / 5 	Acc: 29.340 	Loss: 2.1431[00m
[91m Client1 Train => Local Epoch: 2 / 5 	Acc: 29.774 	Loss: 2.1259[00m
[91m Client1 Train => Local Epoch: 3 / 5 	Acc: 29.514 	Loss: 2.1151[00m
[91m Client1 Train => Local Epoch: 4 / 5 	Acc: 29.774 	Loss: 2.1145[00m
[92m  Client1 Test => 	Acc: 11.074 	Loss: 3.5633[00m
[91m Client2 Train => Local Epoch: 0 / 5 	Acc: 42.535 	Loss: 2.2763[00m
[91m Client2 Train => Local Epoch: 1 / 5 	Acc: 42.361 	Loss: 2.0929[00m
[91m Client2 Train => Local Epoch: 2 / 5 	Acc: 42.448 	Loss: 2.0824[00m
[91m Client2 Train => Local Epoch: 3 / 5 	Acc: 42.361 	Loss: 2.0770[00m
[91m Client2 Train => Local Epoch: 4 / 5 	Acc: 42.361 	Loss: 2.0776[00m
[92m  Client2 Test => 	Acc: 12.963 	Loss: 3.2895[00m
[91m Client3 Train => Local Epoch: 0 / 5 	Acc: 28.212 	Loss: 2.1296[00m
[91m Client3 Train => Local Epoch: 1 / 5 	Acc: 30.990 	Loss: 1.9193[00m
[91m Client3 Train => Local Epoch: 2 / 5 	Acc: 33.116 	Loss: 1.9057[00m
[91m Client3 Train => Local Epoch: 3 / 5 	Acc: 33.160 	Loss: 1.9027[00m
[91m Client3 Train => Local Epoch: 4 / 5 	Acc: 33.507 	Loss: 1.8980[00m
[92m  Client3 Test => 	Acc: 7.929 	Loss: 3.5414[00m
[91m Client4 Train => Local Epoch: 0 / 5 	Acc: 9.570 	Loss: 2.6529[00m
[91m Client4 Train => Local Epoch: 1 / 5 	Acc: 25.000 	Loss: 2.3023[00m
[91m Client4 Train => Local Epoch: 2 / 5 	Acc: 25.684 	Loss: 2.2408[00m
[91m Client4 Train => Local Epoch: 3 / 5 	Acc: 24.609 	Loss: 2.2114[00m
[91m Client4 Train => Local Epoch: 4 / 5 	Acc: 24.707 	Loss: 2.2049[00m
[92m  Client4 Test => 	Acc: 5.597 	Loss: 3.7626[00m
[91m Client5 Train => Local Epoch: 0 / 5 	Acc: 18.750 	Loss: 2.3916[00m
[91m Client5 Train => Local Epoch: 1 / 5 	Acc: 26.953 	Loss: 2.1022[00m
[91m Client5 Train => Local Epoch: 2 / 5 	Acc: 39.062 	Loss: 1.9701[00m
[91m Client5 Train => Local Epoch: 3 / 5 	Acc: 47.135 	Loss: 1.7679[00m
[91m Client5 Train => Local Epoch: 4 / 5 	Acc: 49.089 	Loss: 1.5211[00m
[92m  Client5 Test => 	Acc: 31.172 	Loss: 3.5011[00m
[91m Client6 Train => Local Epoch: 0 / 5 	Acc: 21.438 	Loss: 2.1758[00m
[91m Client6 Train => Local Epoch: 1 / 5 	Acc: 25.969 	Loss: 2.0819[00m
[91m Client6 Train => Local Epoch: 2 / 5 	Acc: 25.250 	Loss: 2.0770[00m
[91m Client6 Train => Local Epoch: 3 / 5 	Acc: 26.312 	Loss: 2.0820[00m
[91m Client6 Train => Local Epoch: 4 / 5 	Acc: 24.906 	Loss: 2.0808[00m
[92m  Client6 Test => 	Acc: 11.081 	Loss: 3.2498[00m
[91m Client7 Train => Local Epoch: 0 / 5 	Acc: 20.391 	Loss: 2.4016[00m
[91m Client7 Train => Local Epoch: 1 / 5 	Acc: 24.844 	Loss: 2.2022[00m
[91m Client7 Train => Local Epoch: 2 / 5 	Acc: 33.203 	Loss: 2.0181[00m
[91m Client7 Train => Local Epoch: 3 / 5 	Acc: 35.469 	Loss: 1.8539[00m
[91m Client7 Train => Local Epoch: 4 / 5 	Acc: 39.922 	Loss: 1.6994[00m
[92m  Client7 Test => 	Acc: 27.704 	Loss: 2.5283[00m
[91m Client8 Train => Local Epoch: 0 / 5 	Acc: 12.891 	Loss: 2.7268[00m
[91m Client8 Train => Local Epoch: 1 / 5 	Acc: 22.917 	Loss: 2.3788[00m
[91m Client8 Train => Local Epoch: 2 / 5 	Acc: 27.604 	Loss: 2.1433[00m
[91m Client8 Train => Local Epoch: 3 / 5 	Acc: 22.917 	Loss: 2.1207[00m
[91m Client8 Train => Local Epoch: 4 / 5 	Acc: 28.776 	Loss: 2.1028[00m
[92m  Client8 Test => 	Acc: 4.107 	Loss: 3.7021[00m
[91m Client9 Train => Local Epoch: 0 / 5 	Acc: 19.591 	Loss: 2.2707[00m[codecarbon INFO @ 07:49:56] [setup] RAM Tracking...
[codecarbon INFO @ 07:49:56] [setup] CPU Tracking...
[codecarbon WARNING @ 07:49:56] No CPU tracking mode found. Falling back on CPU constant mode. 
 Windows OS detected: Please install Intel Power Gadget to measure CPU

[codecarbon INFO @ 07:49:58] CPU Model on constant consumption mode: Intel(R) Xeon(R) Gold 6258R CPU @ 2.70GHz
[codecarbon INFO @ 07:49:58] [setup] GPU Tracking...
[codecarbon INFO @ 07:49:58] Tracking Nvidia GPU via pynvml
[codecarbon INFO @ 07:49:58] >>> Tracker's metadata:
[codecarbon INFO @ 07:49:58]   Platform system: Windows-11-10.0.22631-SP0
[codecarbon INFO @ 07:49:58]   Python version: 3.12.7
[codecarbon INFO @ 07:49:58]   CodeCarbon version: 2.8.3
[codecarbon INFO @ 07:49:58]   Available RAM : 126.630 GB
[codecarbon INFO @ 07:49:58]   CPU count: 56
[codecarbon INFO @ 07:49:58]   CPU model: Intel(R) Xeon(R) Gold 6258R CPU @ 2.70GHz
[codecarbon INFO @ 07:49:58]   GPU count: 2
[codecarbon INFO @ 07:49:58]   GPU model: 2 x NVIDIA RTX A5000
[codecarbon INFO @ 07:50:01] Saving emissions data to file C:\Users\pr8pf\Documents\GitHub\SplitFed\emissions.csv
[codecarbon INFO @ 07:50:02] Energy consumed for RAM : 0.000017 kWh. RAM Power : 47.48608875274658 W
[codecarbon INFO @ 07:50:02] Energy consumed for all CPUs : 0.000036 kWh. Total CPU Power : 102.50000000000001 W
[codecarbon INFO @ 07:50:02] Energy consumed for all GPUs : 0.000007 kWh. Total GPU Power : 18.95333060423689 W
[codecarbon INFO @ 07:50:02] 0.000059 kWh of electricity used since the beginning.
[codecarbon INFO @ 07:50:58] [setup] RAM Tracking...
[codecarbon INFO @ 07:50:58] [setup] CPU Tracking...
[codecarbon WARNING @ 07:50:58] No CPU tracking mode found. Falling back on CPU constant mode. 
 Windows OS detected: Please install Intel Power Gadget to measure CPU

[codecarbon INFO @ 07:51:00] CPU Model on constant consumption mode: Intel(R) Xeon(R) Gold 6258R CPU @ 2.70GHz
[codecarbon INFO @ 07:51:00] [setup] GPU Tracking...
[codecarbon INFO @ 07:51:00] Tracking Nvidia GPU via pynvml
[codecarbon INFO @ 07:51:00] >>> Tracker's metadata:
[codecarbon INFO @ 07:51:00]   Platform system: Windows-11-10.0.22631-SP0
[codecarbon INFO @ 07:51:00]   Python version: 3.12.7
[codecarbon INFO @ 07:51:00]   CodeCarbon version: 2.8.3
[codecarbon INFO @ 07:51:00]   Available RAM : 126.630 GB
[codecarbon INFO @ 07:51:00]   CPU count: 56
[codecarbon INFO @ 07:51:00]   CPU model: Intel(R) Xeon(R) Gold 6258R CPU @ 2.70GHz
[codecarbon INFO @ 07:51:00]   GPU count: 2
[codecarbon INFO @ 07:51:00]   GPU model: 2 x NVIDIA RTX A5000
[codecarbon INFO @ 07:51:03] Saving emissions data to file C:\Users\pr8pf\Documents\GitHub\SplitFed\emissions.csv
[codecarbon INFO @ 07:51:04] Energy consumed for RAM : 0.000014 kWh. RAM Power : 47.48608875274658 W
[codecarbon INFO @ 07:51:04] Energy consumed for all CPUs : 0.000030 kWh. Total CPU Power : 102.50000000000001 W
[codecarbon INFO @ 07:51:04] Energy consumed for all GPUs : 0.000008 kWh. Total GPU Power : 29.1909652106007 W
[codecarbon INFO @ 07:51:04] 0.000052 kWh of electricity used since the beginning.
[codecarbon INFO @ 08:14:50] [setup] RAM Tracking...
[codecarbon INFO @ 08:14:50] [setup] CPU Tracking...
[codecarbon WARNING @ 08:14:50] No CPU tracking mode found. Falling back on CPU constant mode. 
 Windows OS detected: Please install Intel Power Gadget to measure CPU

[codecarbon INFO @ 08:14:51] CPU Model on constant consumption mode: Intel(R) Xeon(R) Gold 6258R CPU @ 2.70GHz
[codecarbon INFO @ 08:14:51] [setup] GPU Tracking...
[codecarbon INFO @ 08:14:51] Tracking Nvidia GPU via pynvml
[codecarbon INFO @ 08:14:52] >>> Tracker's metadata:
[codecarbon INFO @ 08:14:52]   Platform system: Windows-11-10.0.22631-SP0
[codecarbon INFO @ 08:14:52]   Python version: 3.12.7
[codecarbon INFO @ 08:14:52]   CodeCarbon version: 2.8.3
[codecarbon INFO @ 08:14:52]   Available RAM : 126.630 GB
[codecarbon INFO @ 08:14:52]   CPU count: 56
[codecarbon INFO @ 08:14:52]   CPU model: Intel(R) Xeon(R) Gold 6258R CPU @ 2.70GHz
[codecarbon INFO @ 08:14:52]   GPU count: 2
[codecarbon INFO @ 08:14:52]   GPU model: 2 x NVIDIA RTX A5000
[codecarbon INFO @ 08:14:55] Saving emissions data to file C:\Users\pr8pf\Documents\GitHub\SplitFed\emissions.csv
[codecarbon INFO @ 08:14:56] Energy consumed for RAM : 0.000017 kWh. RAM Power : 47.48608875274658 W
[codecarbon INFO @ 08:14:56] Energy consumed for all CPUs : 0.000036 kWh. Total CPU Power : 102.50000000000001 W
[codecarbon INFO @ 08:14:56] Energy consumed for all GPUs : 0.000007 kWh. Total GPU Power : 19.385848510051073 W
[codecarbon INFO @ 08:14:56] 0.000059 kWh of electricity used since the beginning.
[codecarbon INFO @ 08:15:51] [setup] RAM Tracking...
[codecarbon INFO @ 08:15:51] [setup] CPU Tracking...
[codecarbon WARNING @ 08:15:51] No CPU tracking mode found. Falling back on CPU constant mode. 
 Windows OS detected: Please install Intel Power Gadget to measure CPU

[codecarbon INFO @ 08:15:52] CPU Model on constant consumption mode: Intel(R) Xeon(R) Gold 6258R CPU @ 2.70GHz
[codecarbon INFO @ 08:15:52] [setup] GPU Tracking...
[codecarbon INFO @ 08:15:52] Tracking Nvidia GPU via pynvml
[codecarbon INFO @ 08:15:52] >>> Tracker's metadata:
[codecarbon INFO @ 08:15:52]   Platform system: Windows-11-10.0.22631-SP0
[codecarbon INFO @ 08:15:52]   Python version: 3.12.7
[codecarbon INFO @ 08:15:52]   CodeCarbon version: 2.8.3
[codecarbon INFO @ 08:15:52]   Available RAM : 126.630 GB
[codecarbon INFO @ 08:15:52]   CPU count: 56
[codecarbon INFO @ 08:15:52]   CPU model: Intel(R) Xeon(R) Gold 6258R CPU @ 2.70GHz
[codecarbon INFO @ 08:15:52]   GPU count: 2
[codecarbon INFO @ 08:15:52]   GPU model: 2 x NVIDIA RTX A5000
[codecarbon INFO @ 08:15:56] Saving emissions data to file C:\Users\pr8pf\Documents\GitHub\SplitFed\emissions.csv
[codecarbon INFO @ 08:15:57] Energy consumed for RAM : 0.000014 kWh. RAM Power : 47.48608875274658 W
[codecarbon INFO @ 08:15:57] Energy consumed for all CPUs : 0.000030 kWh. Total CPU Power : 102.50000000000001 W
[codecarbon INFO @ 08:15:57] Energy consumed for all GPUs : 0.000006 kWh. Total GPU Power : 19.70348001259832 W
[codecarbon INFO @ 08:15:57] 0.000050 kWh of electricity used since the beginning.

[91m Client9 Train => Local Epoch: 1 / 5 	Acc: 25.841 	Loss: 2.1048[00m
[91m Client9 Train => Local Epoch: 2 / 5 	Acc: 25.180 	Loss: 2.1103[00m
[91m Client9 Train => Local Epoch: 3 / 5 	Acc: 25.120 	Loss: 2.0950[00m
[91m Client9 Train => Local Epoch: 4 / 5 	Acc: 25.841 	Loss: 2.1082[00m
[92m  Client9 Test => 	Acc: 7.098 	Loss: 3.1459[00m
------------------------------------------------
------ Federation process at Server-Side ------- 
------------------------------------------------
-----------------------------------------------------------
------ FedServer: Federation process at Client-Side ------- 
-----------------------------------------------------------
[92m  Client0 Test => 	Acc: 12.983 	Loss: 2.6077[00m
 Train: Round   4, Avg Accuracy 33.735 | Avg Loss 1.964
[91m Client0 Train => Local Epoch: 0 / 5 	Acc: 35.426 	Loss: 1.9577[00m
[91m Client0 Train => Local Epoch: 1 / 5 	Acc: 38.308 	Loss: 1.8305[00m
[91m Client0 Train => Local Epoch: 2 / 5 	Acc: 38.470 	Loss: 1.8300[00m
[91m Client0 Train => Local Epoch: 3 / 5 	Acc: 38.443 	Loss: 1.8280[00m
[91m Client0 Train => Local Epoch: 4 / 5 	Acc: 38.443 	Loss: 1.8267[00m
[92m  Client0 Test => 	Acc: 12.348 	Loss: 3.4293[00m
[91m Client1 Train => Local Epoch: 0 / 5 	Acc: 19.184 	Loss: 2.4335[00m
[91m Client1 Train => Local Epoch: 1 / 5 	Acc: 29.861 	Loss: 2.1332[00m
[91m Client1 Train => Local Epoch: 2 / 5 	Acc: 30.035 	Loss: 2.1117[00m
[91m Client1 Train => Local Epoch: 3 / 5 	Acc: 30.122 	Loss: 2.1095[00m
[91m Client1 Train => Local Epoch: 4 / 5 	Acc: 29.774 	Loss: 2.1132[00m
[92m  Client1 Test => 	Acc: 11.067 	Loss: 3.5405[00m
[91m Client2 Train => Local Epoch: 0 / 5 	Acc: 42.274 	Loss: 2.2837[00m
[91m Client2 Train => Local Epoch: 1 / 5 	Acc: 42.448 	Loss: 2.1072[00m
[91m Client2 Train => Local Epoch: 2 / 5 	Acc: 42.361 	Loss: 2.0826[00m
[91m Client2 Train => Local Epoch: 3 / 5 	Acc: 42.274 	Loss: 2.0821[00m
[91m Client2 Train => Local Epoch: 4 / 5 	Acc: 42.274 	Loss: 2.0799[00m
[92m  Client2 Test => 	Acc: 12.915 	Loss: 3.2473[00m
[91m Client3 Train => Local Epoch: 0 / 5 	Acc: 26.997 	Loss: 2.1408[00m
[91m Client3 Train => Local Epoch: 1 / 5 	Acc: 31.988 	Loss: 1.9033[00m
[91m Client3 Train => Local Epoch: 2 / 5 	Acc: 32.986 	Loss: 1.9083[00m
[91m Client3 Train => Local Epoch: 3 / 5 	Acc: 33.464 	Loss: 1.8942[00m
[91m Client3 Train => Local Epoch: 4 / 5 	Acc: 32.943 	Loss: 1.9024[00m
[92m  Client3 Test => 	Acc: 7.936 	Loss: 3.4614[00m
[91m Client4 Train => Local Epoch: 0 / 5 	Acc: 11.328 	Loss: 2.6487[00m
[91m Client4 Train => Local Epoch: 1 / 5 	Acc: 25.488 	Loss: 2.2748[00m
[91m Client4 Train => Local Epoch: 2 / 5 	Acc: 25.000 	Loss: 2.2657[00m
[91m Client4 Train => Local Epoch: 3 / 5 	Acc: 25.000 	Loss: 2.2256[00m
[91m Client4 Train => Local Epoch: 4 / 5 	Acc: 25.000 	Loss: 2.2228[00m
[92m  Client4 Test => 	Acc: 5.590 	Loss: 3.6816[00m
[91m Client5 Train => Local Epoch: 0 / 5 	Acc: 23.307 	Loss: 2.3302[00m
[91m Client5 Train => Local Epoch: 1 / 5 	Acc: 31.250 	Loss: 2.0739[00m
[91m Client5 Train => Local Epoch: 2 / 5 	Acc: 41.406 	Loss: 1.7720[00m
[91m Client5 Train => Local Epoch: 3 / 5 	Acc: 65.365 	Loss: 1.1353[00m
[91m Client5 Train => Local Epoch: 4 / 5 	Acc: 63.281 	Loss: 1.2388[00m
[92m  Client5 Test => 	Acc: 35.506 	Loss: 3.6625[00m
[91m Client6 Train => Local Epoch: 0 / 5 	Acc: 35.438 	Loss: 2.0207[00m
[91m Client6 Train => Local Epoch: 1 / 5 	Acc: 22.594 	Loss: 2.3317[00m
[91m Client6 Train => Local Epoch: 2 / 5 	Acc: 26.094 	Loss: 2.1009[00m
[91m Client6 Train => Local Epoch: 3 / 5 	Acc: 25.562 	Loss: 2.0795[00m
[91m Client6 Train => Local Epoch: 4 / 5 	Acc: 25.094 	Loss: 2.0788[00m
[92m  Client6 Test => 	Acc: 12.348 	Loss: 3.1418[00m
[91m Client7 Train => Local Epoch: 0 / 5 	Acc: 21.953 	Loss: 2.4116[00m
[91m Client7 Train => Local Epoch: 1 / 5 	Acc: 27.031 	Loss: 2.1584[00m
[91m Client7 Train => Local Epoch: 2 / 5 	Acc: 33.125 	Loss: 1.9859[00m
[91m Client7 Train => Local Epoch: 3 / 5 	Acc: 43.594 	Loss: 1.7221[00m
[91m Client7 Train => Local Epoch: 4 / 5 	Acc: 46.016 	Loss: 1.6360[00m
[92m  Client7 Test => 	Acc: 22.506 	Loss: 3.2087[00m
[91m Client8 Train => Local Epoch: 0 / 5 	Acc: 13.021 	Loss: 2.7767[00m
[91m Client8 Train => Local Epoch: 1 / 5 	Acc: 16.667 	Loss: 2.4528[00m
[91m Client8 Train => Local Epoch: 2 / 5 	Acc: 27.865 	Loss: 2.1703[00m
[91m Client8 Train => Local Epoch: 3 / 5 	Acc: 27.474 	Loss: 2.1357[00m
[91m Client8 Train => Local Epoch: 4 / 5 	Acc: 24.219 	Loss: 2.1229[00m
[92m  Client8 Test => 	Acc: 5.319 	Loss: 3.6292[00m
[91m Client9 Train => Local Epoch: 0 / 5 	Acc: 21.695 	Loss: 2.2075[00m
[91m Client9 Train => Local Epoch: 1 / 5 	Acc: 34.976 	Loss: 1.9845[00m
[91m Client9 Train => Local Epoch: 2 / 5 	Acc: 29.207 	Loss: 2.0943[00m
[91m Client9 Train => Local Epoch: 3 / 5 	Acc: 23.438 	Loss: 2.1451[00m
[91m Client9 Train => Local Epoch: 4 / 5 	Acc: 35.457 	Loss: 1.8893[00m
[92m  Client9 Test => 	Acc: 30.942 	Loss: 2.6299[00m
------------------------------------------------
------ Federation process at Server-Side ------- 
------------------------------------------------
-----------------------------------------------------------
------ FedServer: Federation process at Client-Side ------- 
-----------------------------------------------------------
[92m  Client0 Test => 	Acc: 12.963 	Loss: 2.6169[00m
 Train: Round   5, Avg Accuracy 36.250 | Avg Loss 1.911
[91m Client0 Train => Local Epoch: 0 / 5 	Acc: 35.048 	Loss: 1.9684[00m
[91m Client0 Train => Local Epoch: 1 / 5 	Acc: 38.389 	Loss: 1.8288[00m
[91m Client0 Train => Local Epoch: 2 / 5 	Acc: 38.443 	Loss: 1.8313[00m
[91m Client0 Train => Local Epoch: 3 / 5 	Acc: 38.362 	Loss: 1.8327[00m
[91m Client0 Train => Local Epoch: 4 / 5 	Acc: 38.443 	Loss: 1.8245[00m
[92m  Client0 Test => 	Acc: 12.348 	Loss: 3.4375[00m
[91m Client1 Train => Local Epoch: 0 / 5 	Acc: 15.885 	Loss: 2.4677[00m
[91m Client1 Train => Local Epoch: 1 / 5 	Acc: 30.295 	Loss: 2.1187[00m
[91m Client1 Train => Local Epoch: 2 / 5 	Acc: 29.427 	Loss: 2.1271[00m
[91m Client1 Train => Local Epoch: 3 / 5 	Acc: 29.688 	Loss: 2.1175[00m
[91m Client1 Train => Local Epoch: 4 / 5 	Acc: 29.688 	Loss: 2.1156[00m
[92m  Client1 Test => 	Acc: 11.074 	Loss: 4.3621[00m
[91m Client2 Train => Local Epoch: 0 / 5 	Acc: 42.101 	Loss: 2.2622[00m
[91m Client2 Train => Local Epoch: 1 / 5 	Acc: 42.448 	Loss: 2.0946[00m
[91m Client2 Train => Local Epoch: 2 / 5 	Acc: 42.448 	Loss: 2.0863[00m
[91m Client2 Train => Local Epoch: 3 / 5 	Acc: 42.448 	Loss: 2.0773[00m
[91m Client2 Train => Local Epoch: 4 / 5 	Acc: 42.535 	Loss: 2.0726[00m
[92m  Client2 Test => 	Acc: 12.956 	Loss: 3.2263[00m
[91m Client3 Train => Local Epoch: 0 / 5 	Acc: 28.168 	Loss: 2.0963[00m
[91m Client3 Train => Local Epoch: 1 / 5 	Acc: 31.727 	Loss: 1.9189[00m
[91m Client3 Train => Local Epoch: 2 / 5 	Acc: 33.290 	Loss: 1.8987[00m
[91m Client3 Train => Local Epoch: 3 / 5 	Acc: 33.203 	Loss: 1.9022[00m
[91m Client3 Train => Local Epoch: 4 / 5 	Acc: 33.203 	Loss: 1.8995[00m
[92m  Client3 Test => 	Acc: 7.936 	Loss: 3.5192[00m
[91m Client4 Train => Local Epoch: 0 / 5 	Acc: 10.254 	Loss: 2.6198[00m
[91m Client4 Train => Local Epoch: 1 / 5 	Acc: 24.316 	Loss: 2.3017[00m
[91m Client4 Train => Local Epoch: 2 / 5 	Acc: 23.828 	Loss: 2.2475[00m
[91m Client4 Train => Local Epoch: 3 / 5 	Acc: 23.730 	Loss: 2.2266[00m
[91m Client4 Train => Local Epoch: 4 / 5 	Acc: 25.195 	Loss: 2.2212[00m
[92m  Client4 Test => 	Acc: 5.597 	Loss: 3.7417[00m
[91m Client5 Train => Local Epoch: 0 / 5 	Acc: 22.656 	Loss: 2.3520[00m
[91m Client5 Train => Local Epoch: 1 / 5 	Acc: 32.161 	Loss: 2.0548[00m
[91m Client5 Train => Local Epoch: 2 / 5 	Acc: 43.490 	Loss: 1.8163[00m
[91m Client5 Train => Local Epoch: 3 / 5 	Acc: 52.474 	Loss: 1.4575[00m
[91m Client5 Train => Local Epoch: 4 / 5 	Acc: 59.896 	Loss: 1.2113[00m
[92m  Client5 Test => 	Acc: 30.980 	Loss: 2.8876[00m
[91m Client6 Train => Local Epoch: 0 / 5 	Acc: 36.000 	Loss: 1.9952[00m[codecarbon INFO @ 08:39:35] [setup] RAM Tracking...
[codecarbon INFO @ 08:39:35] [setup] CPU Tracking...
[codecarbon WARNING @ 08:39:35] No CPU tracking mode found. Falling back on CPU constant mode. 
 Windows OS detected: Please install Intel Power Gadget to measure CPU

[codecarbon INFO @ 08:39:37] CPU Model on constant consumption mode: Intel(R) Xeon(R) Gold 6258R CPU @ 2.70GHz
[codecarbon INFO @ 08:39:37] [setup] GPU Tracking...
[codecarbon INFO @ 08:39:37] Tracking Nvidia GPU via pynvml
[codecarbon INFO @ 08:39:37] >>> Tracker's metadata:
[codecarbon INFO @ 08:39:37]   Platform system: Windows-11-10.0.22631-SP0
[codecarbon INFO @ 08:39:37]   Python version: 3.12.7
[codecarbon INFO @ 08:39:37]   CodeCarbon version: 2.8.3
[codecarbon INFO @ 08:39:37]   Available RAM : 126.630 GB
[codecarbon INFO @ 08:39:37]   CPU count: 56
[codecarbon INFO @ 08:39:37]   CPU model: Intel(R) Xeon(R) Gold 6258R CPU @ 2.70GHz
[codecarbon INFO @ 08:39:37]   GPU count: 2
[codecarbon INFO @ 08:39:37]   GPU model: 2 x NVIDIA RTX A5000
[codecarbon INFO @ 08:39:40] Saving emissions data to file C:\Users\pr8pf\Documents\GitHub\SplitFed\emissions.csv
[codecarbon INFO @ 08:39:41] Energy consumed for RAM : 0.000012 kWh. RAM Power : 47.48608875274658 W
[codecarbon INFO @ 08:39:41] Energy consumed for all CPUs : 0.000026 kWh. Total CPU Power : 102.50000000000001 W
[codecarbon INFO @ 08:39:41] Energy consumed for all GPUs : 0.000005 kWh. Total GPU Power : 19.48931909830981 W
[codecarbon INFO @ 08:39:41] 0.000043 kWh of electricity used since the beginning.
[codecarbon INFO @ 08:40:36] [setup] RAM Tracking...
[codecarbon INFO @ 08:40:36] [setup] CPU Tracking...
[codecarbon WARNING @ 08:40:36] No CPU tracking mode found. Falling back on CPU constant mode. 
 Windows OS detected: Please install Intel Power Gadget to measure CPU

[codecarbon INFO @ 08:40:38] CPU Model on constant consumption mode: Intel(R) Xeon(R) Gold 6258R CPU @ 2.70GHz
[codecarbon INFO @ 08:40:38] [setup] GPU Tracking...
[codecarbon INFO @ 08:40:38] Tracking Nvidia GPU via pynvml
[codecarbon INFO @ 08:40:38] >>> Tracker's metadata:
[codecarbon INFO @ 08:40:38]   Platform system: Windows-11-10.0.22631-SP0
[codecarbon INFO @ 08:40:38]   Python version: 3.12.7
[codecarbon INFO @ 08:40:38]   CodeCarbon version: 2.8.3
[codecarbon INFO @ 08:40:38]   Available RAM : 126.630 GB
[codecarbon INFO @ 08:40:38]   CPU count: 56
[codecarbon INFO @ 08:40:38]   CPU model: Intel(R) Xeon(R) Gold 6258R CPU @ 2.70GHz
[codecarbon INFO @ 08:40:38]   GPU count: 2
[codecarbon INFO @ 08:40:38]   GPU model: 2 x NVIDIA RTX A5000
[codecarbon INFO @ 08:40:41] Saving emissions data to file C:\Users\pr8pf\Documents\GitHub\SplitFed\emissions.csv
[codecarbon INFO @ 08:40:42] Energy consumed for RAM : 0.000012 kWh. RAM Power : 47.48608875274658 W
[codecarbon INFO @ 08:40:42] Energy consumed for all CPUs : 0.000026 kWh. Total CPU Power : 102.50000000000001 W
[codecarbon INFO @ 08:40:42] Energy consumed for all GPUs : 0.000005 kWh. Total GPU Power : 19.557072474628992 W
[codecarbon INFO @ 08:40:42] 0.000043 kWh of electricity used since the beginning.
[codecarbon INFO @ 09:04:41] [setup] RAM Tracking...
[codecarbon INFO @ 09:04:41] [setup] CPU Tracking...
[codecarbon WARNING @ 09:04:41] No CPU tracking mode found. Falling back on CPU constant mode. 
 Windows OS detected: Please install Intel Power Gadget to measure CPU

[codecarbon INFO @ 09:04:42] CPU Model on constant consumption mode: Intel(R) Xeon(R) Gold 6258R CPU @ 2.70GHz
[codecarbon INFO @ 09:04:42] [setup] GPU Tracking...
[codecarbon INFO @ 09:04:42] Tracking Nvidia GPU via pynvml
[codecarbon INFO @ 09:04:42] >>> Tracker's metadata:
[codecarbon INFO @ 09:04:42]   Platform system: Windows-11-10.0.22631-SP0
[codecarbon INFO @ 09:04:42]   Python version: 3.12.7
[codecarbon INFO @ 09:04:42]   CodeCarbon version: 2.8.3
[codecarbon INFO @ 09:04:42]   Available RAM : 126.630 GB
[codecarbon INFO @ 09:04:42]   CPU count: 56
[codecarbon INFO @ 09:04:42]   CPU model: Intel(R) Xeon(R) Gold 6258R CPU @ 2.70GHz
[codecarbon INFO @ 09:04:42]   GPU count: 2
[codecarbon INFO @ 09:04:42]   GPU model: 2 x NVIDIA RTX A5000
[codecarbon INFO @ 09:04:45] Saving emissions data to file C:\Users\pr8pf\Documents\GitHub\SplitFed\emissions.csv
[codecarbon INFO @ 09:04:46] Energy consumed for RAM : 0.000014 kWh. RAM Power : 47.48608875274658 W
[codecarbon INFO @ 09:04:46] Energy consumed for all CPUs : 0.000029 kWh. Total CPU Power : 102.50000000000001 W
[codecarbon INFO @ 09:04:46] Energy consumed for all GPUs : 0.000005 kWh. Total GPU Power : 18.795589632442383 W
[codecarbon INFO @ 09:04:46] 0.000048 kWh of electricity used since the beginning.
[codecarbon INFO @ 09:05:42] [setup] RAM Tracking...
[codecarbon INFO @ 09:05:42] [setup] CPU Tracking...
[codecarbon WARNING @ 09:05:42] No CPU tracking mode found. Falling back on CPU constant mode. 
 Windows OS detected: Please install Intel Power Gadget to measure CPU

[codecarbon INFO @ 09:05:44] CPU Model on constant consumption mode: Intel(R) Xeon(R) Gold 6258R CPU @ 2.70GHz
[codecarbon INFO @ 09:05:44] [setup] GPU Tracking...
[codecarbon INFO @ 09:05:44] Tracking Nvidia GPU via pynvml
[codecarbon INFO @ 09:05:44] >>> Tracker's metadata:
[codecarbon INFO @ 09:05:44]   Platform system: Windows-11-10.0.22631-SP0
[codecarbon INFO @ 09:05:44]   Python version: 3.12.7
[codecarbon INFO @ 09:05:44]   CodeCarbon version: 2.8.3
[codecarbon INFO @ 09:05:44]   Available RAM : 126.630 GB
[codecarbon INFO @ 09:05:44]   CPU count: 56
[codecarbon INFO @ 09:05:44]   CPU model: Intel(R) Xeon(R) Gold 6258R CPU @ 2.70GHz
[codecarbon INFO @ 09:05:44]   GPU count: 2
[codecarbon INFO @ 09:05:44]   GPU model: 2 x NVIDIA RTX A5000
[codecarbon INFO @ 09:05:47] Saving emissions data to file C:\Users\pr8pf\Documents\GitHub\SplitFed\emissions.csv
[codecarbon INFO @ 09:05:48] Energy consumed for RAM : 0.000011 kWh. RAM Power : 47.48608875274658 W
[codecarbon INFO @ 09:05:48] Energy consumed for all CPUs : 0.000023 kWh. Total CPU Power : 102.50000000000001 W
[codecarbon INFO @ 09:05:48] Energy consumed for all GPUs : 0.000005 kWh. Total GPU Power : 20.746937658183707 W
[codecarbon INFO @ 09:05:48] 0.000039 kWh of electricity used since the beginning.

[91m Client6 Train => Local Epoch: 1 / 5 	Acc: 61.094 	Loss: 1.2864[00m
[91m Client6 Train => Local Epoch: 2 / 5 	Acc: 67.562 	Loss: 1.0358[00m
[91m Client6 Train => Local Epoch: 3 / 5 	Acc: 76.969 	Loss: 0.7485[00m
[91m Client6 Train => Local Epoch: 4 / 5 	Acc: 77.844 	Loss: 0.6961[00m
[92m  Client6 Test => 	Acc: 50.470 	Loss: 1.5911[00m
[91m Client7 Train => Local Epoch: 0 / 5 	Acc: 17.891 	Loss: 2.4402[00m
[91m Client7 Train => Local Epoch: 1 / 5 	Acc: 28.047 	Loss: 2.0636[00m
[91m Client7 Train => Local Epoch: 2 / 5 	Acc: 40.859 	Loss: 1.7255[00m
[91m Client7 Train => Local Epoch: 3 / 5 	Acc: 38.750 	Loss: 1.6809[00m
[91m Client7 Train => Local Epoch: 4 / 5 	Acc: 48.984 	Loss: 1.5155[00m
[92m  Client7 Test => 	Acc: 39.438 	Loss: 2.2881[00m
[91m Client8 Train => Local Epoch: 0 / 5 	Acc: 12.891 	Loss: 2.7449[00m
[91m Client8 Train => Local Epoch: 1 / 5 	Acc: 13.672 	Loss: 2.4699[00m
[91m Client8 Train => Local Epoch: 2 / 5 	Acc: 27.995 	Loss: 2.2053[00m
[91m Client8 Train => Local Epoch: 3 / 5 	Acc: 27.734 	Loss: 2.1125[00m
[91m Client8 Train => Local Epoch: 4 / 5 	Acc: 28.255 	Loss: 2.1137[00m
[92m  Client8 Test => 	Acc: 4.107 	Loss: 3.8189[00m
[91m Client9 Train => Local Epoch: 0 / 5 	Acc: 18.990 	Loss: 2.2822[00m
[91m Client9 Train => Local Epoch: 1 / 5 	Acc: 38.642 	Loss: 1.8205[00m
[91m Client9 Train => Local Epoch: 2 / 5 	Acc: 48.798 	Loss: 1.5832[00m
[91m Client9 Train => Local Epoch: 3 / 5 	Acc: 33.534 	Loss: 2.0989[00m
[91m Client9 Train => Local Epoch: 4 / 5 	Acc: 31.010 	Loss: 2.6571[00m
[92m  Client9 Test => 	Acc: 18.866 	Loss: 2.8231[00m
------------------------------------------------
------ Federation process at Server-Side ------- 
------------------------------------------------
-----------------------------------------------------------
------ FedServer: Federation process at Client-Side ------- 
-----------------------------------------------------------
[92m  Client0 Test => 	Acc: 23.028 	Loss: 2.5859[00m
 Train: Round   6, Avg Accuracy 41.505 | Avg Loss 1.833
[91m Client0 Train => Local Epoch: 0 / 5 	Acc: 35.399 	Loss: 1.9604[00m
[91m Client0 Train => Local Epoch: 1 / 5 	Acc: 38.416 	Loss: 1.8306[00m
[91m Client0 Train => Local Epoch: 2 / 5 	Acc: 38.389 	Loss: 1.8299[00m
[91m Client0 Train => Local Epoch: 3 / 5 	Acc: 38.470 	Loss: 1.8264[00m
[91m Client0 Train => Local Epoch: 4 / 5 	Acc: 38.443 	Loss: 1.8279[00m
[92m  Client0 Test => 	Acc: 12.321 	Loss: 3.3068[00m
[91m Client1 Train => Local Epoch: 0 / 5 	Acc: 20.486 	Loss: 2.3937[00m
[91m Client1 Train => Local Epoch: 1 / 5 	Acc: 29.861 	Loss: 2.1391[00m
[91m Client1 Train => Local Epoch: 2 / 5 	Acc: 30.035 	Loss: 2.1100[00m
[91m Client1 Train => Local Epoch: 3 / 5 	Acc: 29.688 	Loss: 2.1289[00m
[91m Client1 Train => Local Epoch: 4 / 5 	Acc: 29.774 	Loss: 2.1073[00m
[92m  Client1 Test => 	Acc: 11.074 	Loss: 3.5312[00m
[91m Client2 Train => Local Epoch: 0 / 5 	Acc: 40.278 	Loss: 2.2540[00m
[91m Client2 Train => Local Epoch: 1 / 5 	Acc: 42.448 	Loss: 2.0964[00m
[91m Client2 Train => Local Epoch: 2 / 5 	Acc: 42.448 	Loss: 2.0891[00m
[91m Client2 Train => Local Epoch: 3 / 5 	Acc: 42.188 	Loss: 2.0827[00m
[91m Client2 Train => Local Epoch: 4 / 5 	Acc: 42.535 	Loss: 2.0756[00m
[92m  Client2 Test => 	Acc: 12.956 	Loss: 3.3334[00m
[91m Client3 Train => Local Epoch: 0 / 5 	Acc: 25.911 	Loss: 2.1332[00m
[91m Client3 Train => Local Epoch: 1 / 5 	Acc: 30.990 	Loss: 1.9099[00m
[91m Client3 Train => Local Epoch: 2 / 5 	Acc: 33.203 	Loss: 1.8998[00m
[91m Client3 Train => Local Epoch: 3 / 5 	Acc: 32.986 	Loss: 1.9033[00m
[91m Client3 Train => Local Epoch: 4 / 5 	Acc: 32.943 	Loss: 1.8989[00m
[92m  Client3 Test => 	Acc: 7.929 	Loss: 3.4254[00m
[91m Client4 Train => Local Epoch: 0 / 5 	Acc: 11.230 	Loss: 2.6670[00m
[91m Client4 Train => Local Epoch: 1 / 5 	Acc: 24.805 	Loss: 2.2813[00m
[91m Client4 Train => Local Epoch: 2 / 5 	Acc: 24.707 	Loss: 2.2430[00m
[91m Client4 Train => Local Epoch: 3 / 5 	Acc: 24.414 	Loss: 2.2260[00m
[91m Client4 Train => Local Epoch: 4 / 5 	Acc: 24.902 	Loss: 2.2135[00m
[92m  Client4 Test => 	Acc: 5.597 	Loss: 3.7350[00m
[91m Client5 Train => Local Epoch: 0 / 5 	Acc: 44.271 	Loss: 2.1752[00m
[91m Client5 Train => Local Epoch: 1 / 5 	Acc: 52.474 	Loss: 1.5292[00m
[91m Client5 Train => Local Epoch: 2 / 5 	Acc: 65.495 	Loss: 1.1124[00m
[91m Client5 Train => Local Epoch: 3 / 5 	Acc: 68.229 	Loss: 0.9758[00m
[91m Client5 Train => Local Epoch: 4 / 5 	Acc: 66.146 	Loss: 0.9713[00m
[92m  Client5 Test => 	Acc: 42.961 	Loss: 2.7306[00m
[91m Client6 Train => Local Epoch: 0 / 5 	Acc: 51.438 	Loss: 1.6508[00m
[91m Client6 Train => Local Epoch: 1 / 5 	Acc: 71.188 	Loss: 0.9469[00m
[91m Client6 Train => Local Epoch: 2 / 5 	Acc: 75.156 	Loss: 0.8554[00m
[91m Client6 Train => Local Epoch: 3 / 5 	Acc: 79.562 	Loss: 0.7250[00m
[91m Client6 Train => Local Epoch: 4 / 5 	Acc: 80.062 	Loss: 0.6707[00m
[92m  Client6 Test => 	Acc: 57.335 	Loss: 1.5085[00m
[91m Client7 Train => Local Epoch: 0 / 5 	Acc: 26.328 	Loss: 2.3019[00m
[91m Client7 Train => Local Epoch: 1 / 5 	Acc: 38.906 	Loss: 1.7673[00m
[91m Client7 Train => Local Epoch: 2 / 5 	Acc: 43.516 	Loss: 1.7176[00m
[91m Client7 Train => Local Epoch: 3 / 5 	Acc: 49.219 	Loss: 1.5524[00m
[91m Client7 Train => Local Epoch: 4 / 5 	Acc: 44.062 	Loss: 1.7669[00m
[92m  Client7 Test => 	Acc: 23.964 	Loss: 3.1309[00m
[91m Client8 Train => Local Epoch: 0 / 5 	Acc: 19.922 	Loss: 2.6176[00m
[91m Client8 Train => Local Epoch: 1 / 5 	Acc: 42.708 	Loss: 1.8694[00m
[91m Client8 Train => Local Epoch: 2 / 5 	Acc: 54.688 	Loss: 1.4817[00m
[91m Client8 Train => Local Epoch: 3 / 5 	Acc: 60.156 	Loss: 1.2764[00m
[91m Client8 Train => Local Epoch: 4 / 5 	Acc: 60.547 	Loss: 1.3081[00m
[92m  Client8 Test => 	Acc: 24.652 	Loss: 2.5123[00m
[91m Client9 Train => Local Epoch: 0 / 5 	Acc: 22.776 	Loss: 2.1646[00m
[91m Client9 Train => Local Epoch: 1 / 5 	Acc: 41.827 	Loss: 1.8049[00m
[91m Client9 Train => Local Epoch: 2 / 5 	Acc: 39.243 	Loss: 2.0644[00m
[91m Client9 Train => Local Epoch: 3 / 5 	Acc: 45.613 	Loss: 1.6353[00m
[91m Client9 Train => Local Epoch: 4 / 5 	Acc: 56.851 	Loss: 1.3465[00m
[92m  Client9 Test => 	Acc: 50.126 	Loss: 2.1360[00m
------------------------------------------------
------ Federation process at Server-Side ------- 
------------------------------------------------
-----------------------------------------------------------
------ FedServer: Federation process at Client-Side ------- 
-----------------------------------------------------------
[92m  Client0 Test => 	Acc: 33.620 	Loss: 2.2601[00m
 Train: Round   7, Avg Accuracy 47.627 | Avg Loss 1.619
[91m Client0 Train => Local Epoch: 0 / 5 	Acc: 30.900 	Loss: 2.0188[00m
[91m Client0 Train => Local Epoch: 1 / 5 	Acc: 38.416 	Loss: 1.8346[00m
[91m Client0 Train => Local Epoch: 2 / 5 	Acc: 38.470 	Loss: 1.8292[00m
[91m Client0 Train => Local Epoch: 3 / 5 	Acc: 38.470 	Loss: 1.8240[00m
[91m Client0 Train => Local Epoch: 4 / 5 	Acc: 38.443 	Loss: 1.8262[00m
[92m  Client0 Test => 	Acc: 7.338 	Loss: 9.3614[00m
[91m Client1 Train => Local Epoch: 0 / 5 	Acc: 25.000 	Loss: 2.3369[00m
[91m Client1 Train => Local Epoch: 1 / 5 	Acc: 29.167 	Loss: 2.1488[00m
[91m Client1 Train => Local Epoch: 2 / 5 	Acc: 29.774 	Loss: 2.1359[00m
[91m Client1 Train => Local Epoch: 3 / 5 	Acc: 29.948 	Loss: 2.1159[00m
[91m Client1 Train => Local Epoch: 4 / 5 	Acc: 30.122 	Loss: 2.1111[00m
[92m  Client1 Test => 	Acc: 11.081 	Loss: 3.7057[00m
[91m Client2 Train => Local Epoch: 0 / 5 	Acc: 40.191 	Loss: 2.2616[00m
[91m Client2 Train => Local Epoch: 1 / 5 	Acc: 42.274 	Loss: 2.1095[00m
[91m Client2 Train => Local Epoch: 2 / 5 	Acc: 42.361 	Loss: 2.0832[00m
[91m Client2 Train => Local Epoch: 3 / 5 	Acc: 42.014 	Loss: 2.0878[00m
[91m Client2 Train => Local Epoch: 4 / 5 	Acc: 42.361 	Loss: 2.0754[00m
[92m  Client2 Test => 	Acc: 12.949 	Loss: 3.2609[00m
[91m Client3 Train => Local Epoch: 0 / 5 	Acc: 26.432 	Loss: 2.3138[00m[codecarbon INFO @ 09:29:30] [setup] RAM Tracking...
[codecarbon INFO @ 09:29:30] [setup] CPU Tracking...
[codecarbon WARNING @ 09:29:30] No CPU tracking mode found. Falling back on CPU constant mode. 
 Windows OS detected: Please install Intel Power Gadget to measure CPU

[codecarbon INFO @ 09:29:32] CPU Model on constant consumption mode: Intel(R) Xeon(R) Gold 6258R CPU @ 2.70GHz
[codecarbon INFO @ 09:29:32] [setup] GPU Tracking...
[codecarbon INFO @ 09:29:32] Tracking Nvidia GPU via pynvml
[codecarbon INFO @ 09:29:32] >>> Tracker's metadata:
[codecarbon INFO @ 09:29:32]   Platform system: Windows-11-10.0.22631-SP0
[codecarbon INFO @ 09:29:32]   Python version: 3.12.7
[codecarbon INFO @ 09:29:32]   CodeCarbon version: 2.8.3
[codecarbon INFO @ 09:29:32]   Available RAM : 126.630 GB
[codecarbon INFO @ 09:29:32]   CPU count: 56
[codecarbon INFO @ 09:29:32]   CPU model: Intel(R) Xeon(R) Gold 6258R CPU @ 2.70GHz
[codecarbon INFO @ 09:29:32]   GPU count: 2
[codecarbon INFO @ 09:29:32]   GPU model: 2 x NVIDIA RTX A5000
[codecarbon INFO @ 09:29:35] Saving emissions data to file C:\Users\pr8pf\Documents\GitHub\SplitFed\emissions.csv
[codecarbon INFO @ 09:29:36] Energy consumed for RAM : 0.000013 kWh. RAM Power : 47.48608875274658 W
[codecarbon INFO @ 09:29:36] Energy consumed for all CPUs : 0.000028 kWh. Total CPU Power : 102.50000000000001 W
[codecarbon INFO @ 09:29:36] Energy consumed for all GPUs : 0.000005 kWh. Total GPU Power : 19.499814898742994 W
[codecarbon INFO @ 09:29:36] 0.000047 kWh of electricity used since the beginning.
[codecarbon INFO @ 09:30:31] [setup] RAM Tracking...
[codecarbon INFO @ 09:30:31] [setup] CPU Tracking...
[codecarbon WARNING @ 09:30:31] No CPU tracking mode found. Falling back on CPU constant mode. 
 Windows OS detected: Please install Intel Power Gadget to measure CPU

[codecarbon INFO @ 09:30:33] CPU Model on constant consumption mode: Intel(R) Xeon(R) Gold 6258R CPU @ 2.70GHz
[codecarbon INFO @ 09:30:33] [setup] GPU Tracking...
[codecarbon INFO @ 09:30:33] Tracking Nvidia GPU via pynvml
[codecarbon INFO @ 09:30:33] >>> Tracker's metadata:
[codecarbon INFO @ 09:30:33]   Platform system: Windows-11-10.0.22631-SP0
[codecarbon INFO @ 09:30:33]   Python version: 3.12.7
[codecarbon INFO @ 09:30:33]   CodeCarbon version: 2.8.3
[codecarbon INFO @ 09:30:33]   Available RAM : 126.630 GB
[codecarbon INFO @ 09:30:33]   CPU count: 56
[codecarbon INFO @ 09:30:33]   CPU model: Intel(R) Xeon(R) Gold 6258R CPU @ 2.70GHz
[codecarbon INFO @ 09:30:33]   GPU count: 2
[codecarbon INFO @ 09:30:33]   GPU model: 2 x NVIDIA RTX A5000
[codecarbon INFO @ 09:30:36] Saving emissions data to file C:\Users\pr8pf\Documents\GitHub\SplitFed\emissions.csv
[codecarbon INFO @ 09:30:37] Energy consumed for RAM : 0.000012 kWh. RAM Power : 47.48608875274658 W
[codecarbon INFO @ 09:30:37] Energy consumed for all CPUs : 0.000026 kWh. Total CPU Power : 102.50000000000001 W
[codecarbon INFO @ 09:30:37] Energy consumed for all GPUs : 0.000005 kWh. Total GPU Power : 21.475950197652846 W
[codecarbon INFO @ 09:30:37] 0.000043 kWh of electricity used since the beginning.
[codecarbon INFO @ 09:54:32] [setup] RAM Tracking...
[codecarbon INFO @ 09:54:32] [setup] CPU Tracking...
[codecarbon WARNING @ 09:54:32] No CPU tracking mode found. Falling back on CPU constant mode. 
 Windows OS detected: Please install Intel Power Gadget to measure CPU

[codecarbon INFO @ 09:54:33] CPU Model on constant consumption mode: Intel(R) Xeon(R) Gold 6258R CPU @ 2.70GHz
[codecarbon INFO @ 09:54:33] [setup] GPU Tracking...
[codecarbon INFO @ 09:54:33] Tracking Nvidia GPU via pynvml
[codecarbon INFO @ 09:54:34] >>> Tracker's metadata:
[codecarbon INFO @ 09:54:34]   Platform system: Windows-11-10.0.22631-SP0
[codecarbon INFO @ 09:54:34]   Python version: 3.12.7
[codecarbon INFO @ 09:54:34]   CodeCarbon version: 2.8.3
[codecarbon INFO @ 09:54:34]   Available RAM : 126.630 GB
[codecarbon INFO @ 09:54:34]   CPU count: 56
[codecarbon INFO @ 09:54:34]   CPU model: Intel(R) Xeon(R) Gold 6258R CPU @ 2.70GHz
[codecarbon INFO @ 09:54:34]   GPU count: 2
[codecarbon INFO @ 09:54:34]   GPU model: 2 x NVIDIA RTX A5000
[codecarbon INFO @ 09:54:37] Saving emissions data to file C:\Users\pr8pf\Documents\GitHub\SplitFed\emissions.csv
[codecarbon INFO @ 09:54:38] Energy consumed for RAM : 0.000013 kWh. RAM Power : 47.48608875274658 W
[codecarbon INFO @ 09:54:38] Energy consumed for all CPUs : 0.000028 kWh. Total CPU Power : 102.50000000000001 W
[codecarbon INFO @ 09:54:38] Energy consumed for all GPUs : 0.000006 kWh. Total GPU Power : 20.087737583510396 W
[codecarbon INFO @ 09:54:38] 0.000047 kWh of electricity used since the beginning.

[91m Client3 Train => Local Epoch: 1 / 5 	Acc: 32.943 	Loss: 1.9143[00m
[91m Client3 Train => Local Epoch: 2 / 5 	Acc: 32.639 	Loss: 1.9007[00m
[91m Client3 Train => Local Epoch: 3 / 5 	Acc: 33.420 	Loss: 1.8966[00m
[91m Client3 Train => Local Epoch: 4 / 5 	Acc: 32.943 	Loss: 1.9002[00m
[92m  Client3 Test => 	Acc: 7.942 	Loss: 3.4513[00m
[91m Client4 Train => Local Epoch: 0 / 5 	Acc: 15.918 	Loss: 2.5479[00m
[91m Client4 Train => Local Epoch: 1 / 5 	Acc: 21.973 	Loss: 2.2717[00m
[91m Client4 Train => Local Epoch: 2 / 5 	Acc: 24.609 	Loss: 2.2345[00m
[91m Client4 Train => Local Epoch: 3 / 5 	Acc: 24.707 	Loss: 2.2287[00m
[91m Client4 Train => Local Epoch: 4 / 5 	Acc: 25.000 	Loss: 2.2083[00m
[92m  Client4 Test => 	Acc: 5.597 	Loss: 3.6178[00m
[91m Client5 Train => Local Epoch: 0 / 5 	Acc: 54.167 	Loss: 1.7737[00m
[91m Client5 Train => Local Epoch: 1 / 5 	Acc: 66.536 	Loss: 1.0521[00m
[91m Client5 Train => Local Epoch: 2 / 5 	Acc: 75.781 	Loss: 0.7963[00m
[91m Client5 Train => Local Epoch: 3 / 5 	Acc: 76.562 	Loss: 0.7314[00m
[91m Client5 Train => Local Epoch: 4 / 5 	Acc: 79.557 	Loss: 0.6305[00m
[92m  Client5 Test => 	Acc: 49.358 	Loss: 2.3008[00m
[91m Client6 Train => Local Epoch: 0 / 5 	Acc: 61.906 	Loss: 1.3214[00m
[91m Client6 Train => Local Epoch: 1 / 5 	Acc: 76.500 	Loss: 0.8050[00m
[91m Client6 Train => Local Epoch: 2 / 5 	Acc: 80.250 	Loss: 0.6643[00m
[91m Client6 Train => Local Epoch: 3 / 5 	Acc: 85.562 	Loss: 0.5106[00m
[91m Client6 Train => Local Epoch: 4 / 5 	Acc: 85.062 	Loss: 0.5180[00m
[92m  Client6 Test => 	Acc: 65.592 	Loss: 1.1941[00m
[91m Client7 Train => Local Epoch: 0 / 5 	Acc: 35.547 	Loss: 2.0711[00m
[91m Client7 Train => Local Epoch: 1 / 5 	Acc: 49.141 	Loss: 1.5252[00m
[91m Client7 Train => Local Epoch: 2 / 5 	Acc: 56.719 	Loss: 1.3174[00m
[91m Client7 Train => Local Epoch: 3 / 5 	Acc: 62.344 	Loss: 1.0475[00m
[91m Client7 Train => Local Epoch: 4 / 5 	Acc: 69.688 	Loss: 0.9158[00m
[92m  Client7 Test => 	Acc: 60.843 	Loss: 1.4567[00m
[91m Client8 Train => Local Epoch: 0 / 5 	Acc: 31.510 	Loss: 2.2655[00m
[91m Client8 Train => Local Epoch: 1 / 5 	Acc: 60.156 	Loss: 1.3192[00m
[91m Client8 Train => Local Epoch: 2 / 5 	Acc: 68.750 	Loss: 0.9901[00m
[91m Client8 Train => Local Epoch: 3 / 5 	Acc: 72.917 	Loss: 0.8439[00m
[91m Client8 Train => Local Epoch: 4 / 5 	Acc: 79.036 	Loss: 0.6957[00m
[92m  Client8 Test => 	Acc: 41.405 	Loss: 2.1471[00m
[91m Client9 Train => Local Epoch: 0 / 5 	Acc: 44.892 	Loss: 1.7413[00m
[91m Client9 Train => Local Epoch: 1 / 5 	Acc: 71.274 	Loss: 1.0006[00m
[91m Client9 Train => Local Epoch: 2 / 5 	Acc: 79.868 	Loss: 0.7293[00m
[91m Client9 Train => Local Epoch: 3 / 5 	Acc: 80.048 	Loss: 0.7242[00m
[91m Client9 Train => Local Epoch: 4 / 5 	Acc: 82.572 	Loss: 0.6259[00m
[92m  Client9 Test => 	Acc: 59.566 	Loss: 1.4966[00m
------------------------------------------------
------ Federation process at Server-Side ------- 
------------------------------------------------
-----------------------------------------------------------
------ FedServer: Federation process at Client-Side ------- 
-----------------------------------------------------------
[92m  Client0 Test => 	Acc: 34.249 	Loss: 2.1517[00m
 Train: Round   8, Avg Accuracy 56.478 | Avg Loss 1.351
[91m Client0 Train => Local Epoch: 0 / 5 	Acc: 35.372 	Loss: 2.0055[00m
[91m Client0 Train => Local Epoch: 1 / 5 	Acc: 38.416 	Loss: 1.8305[00m
[91m Client0 Train => Local Epoch: 2 / 5 	Acc: 38.443 	Loss: 1.8267[00m
[91m Client0 Train => Local Epoch: 3 / 5 	Acc: 38.416 	Loss: 1.8283[00m
[91m Client0 Train => Local Epoch: 4 / 5 	Acc: 38.416 	Loss: 1.8284[00m
[92m  Client0 Test => 	Acc: 12.362 	Loss: 3.3885[00m
[91m Client1 Train => Local Epoch: 0 / 5 	Acc: 26.910 	Loss: 2.3804[00m
[91m Client1 Train => Local Epoch: 1 / 5 	Acc: 21.701 	Loss: 2.2411[00m
[91m Client1 Train => Local Epoch: 2 / 5 	Acc: 29.601 	Loss: 2.1384[00m
[91m Client1 Train => Local Epoch: 3 / 5 	Acc: 30.035 	Loss: 2.1203[00m
[91m Client1 Train => Local Epoch: 4 / 5 	Acc: 29.688 	Loss: 2.1068[00m
[92m  Client1 Test => 	Acc: 11.061 	Loss: 3.4936[00m
[91m Client2 Train => Local Epoch: 0 / 5 	Acc: 38.628 	Loss: 2.2538[00m
[91m Client2 Train => Local Epoch: 1 / 5 	Acc: 42.535 	Loss: 2.1019[00m
[91m Client2 Train => Local Epoch: 2 / 5 	Acc: 42.535 	Loss: 2.0817[00m
[91m Client2 Train => Local Epoch: 3 / 5 	Acc: 42.622 	Loss: 2.0729[00m
[91m Client2 Train => Local Epoch: 4 / 5 	Acc: 42.361 	Loss: 2.0803[00m
[92m  Client2 Test => 	Acc: 12.956 	Loss: 3.2643[00m
[91m Client3 Train => Local Epoch: 0 / 5 	Acc: 24.045 	Loss: 2.2993[00m
[91m Client3 Train => Local Epoch: 1 / 5 	Acc: 31.727 	Loss: 1.9227[00m
[91m Client3 Train => Local Epoch: 2 / 5 	Acc: 32.335 	Loss: 1.9122[00m
[91m Client3 Train => Local Epoch: 3 / 5 	Acc: 31.250 	Loss: 1.8975[00m
[91m Client3 Train => Local Epoch: 4 / 5 	Acc: 31.293 	Loss: 1.9677[00m
[92m  Client3 Test => 	Acc: 7.949 	Loss: 3.5448[00m
[91m Client4 Train => Local Epoch: 0 / 5 	Acc: 18.164 	Loss: 2.5982[00m
[91m Client4 Train => Local Epoch: 1 / 5 	Acc: 22.949 	Loss: 2.2650[00m
[91m Client4 Train => Local Epoch: 2 / 5 	Acc: 24.219 	Loss: 2.2453[00m
[91m Client4 Train => Local Epoch: 3 / 5 	Acc: 15.723 	Loss: 2.5050[00m
[91m Client4 Train => Local Epoch: 4 / 5 	Acc: 25.098 	Loss: 2.2734[00m
[92m  Client4 Test => 	Acc: 1.514 	Loss: 3.3865[00m
[91m Client5 Train => Local Epoch: 0 / 5 	Acc: 56.771 	Loss: 1.5486[00m
[91m Client5 Train => Local Epoch: 1 / 5 	Acc: 70.833 	Loss: 0.9413[00m
[91m Client5 Train => Local Epoch: 2 / 5 	Acc: 79.818 	Loss: 0.6434[00m
[91m Client5 Train => Local Epoch: 3 / 5 	Acc: 78.646 	Loss: 0.5792[00m
[91m Client5 Train => Local Epoch: 4 / 5 	Acc: 82.682 	Loss: 0.5513[00m
[92m  Client5 Test => 	Acc: 53.286 	Loss: 2.0627[00m
[91m Client6 Train => Local Epoch: 0 / 5 	Acc: 69.000 	Loss: 1.0950[00m
[91m Client6 Train => Local Epoch: 1 / 5 	Acc: 81.281 	Loss: 0.6379[00m
[91m Client6 Train => Local Epoch: 2 / 5 	Acc: 85.938 	Loss: 0.4958[00m
[91m Client6 Train => Local Epoch: 3 / 5 	Acc: 86.188 	Loss: 0.4619[00m
[91m Client6 Train => Local Epoch: 4 / 5 	Acc: 84.781 	Loss: 0.5091[00m
[92m  Client6 Test => 	Acc: 66.699 	Loss: 1.2752[00m
[91m Client7 Train => Local Epoch: 0 / 5 	Acc: 43.125 	Loss: 1.8443[00m
[91m Client7 Train => Local Epoch: 1 / 5 	Acc: 61.953 	Loss: 1.1750[00m
[91m Client7 Train => Local Epoch: 2 / 5 	Acc: 70.312 	Loss: 0.8758[00m
[91m Client7 Train => Local Epoch: 3 / 5 	Acc: 76.328 	Loss: 0.7136[00m
[91m Client7 Train => Local Epoch: 4 / 5 	Acc: 58.750 	Loss: 1.3576[00m
[92m  Client7 Test => 	Acc: 44.585 	Loss: 2.2396[00m
[91m Client8 Train => Local Epoch: 0 / 5 	Acc: 37.240 	Loss: 2.0738[00m
[91m Client8 Train => Local Epoch: 1 / 5 	Acc: 68.620 	Loss: 1.1713[00m
[91m Client8 Train => Local Epoch: 2 / 5 	Acc: 74.740 	Loss: 0.8123[00m
[91m Client8 Train => Local Epoch: 3 / 5 	Acc: 84.766 	Loss: 0.5135[00m
[91m Client8 Train => Local Epoch: 4 / 5 	Acc: 86.719 	Loss: 0.4340[00m
[92m  Client8 Test => 	Acc: 48.362 	Loss: 2.6724[00m
[91m Client9 Train => Local Epoch: 0 / 5 	Acc: 57.272 	Loss: 1.4642[00m
[91m Client9 Train => Local Epoch: 1 / 5 	Acc: 78.786 	Loss: 0.7605[00m
[91m Client9 Train => Local Epoch: 2 / 5 	Acc: 85.397 	Loss: 0.5115[00m
[91m Client9 Train => Local Epoch: 3 / 5 	Acc: 84.315 	Loss: 0.5510[00m
[91m Client9 Train => Local Epoch: 4 / 5 	Acc: 88.341 	Loss: 0.4163[00m
[92m  Client9 Test => 	Acc: 65.727 	Loss: 1.5058[00m
------------------------------------------------
------ Federation process at Server-Side ------- 
------------------------------------------------
-----------------------------------------------------------
------ FedServer: Federation process at Client-Side ------- 
-----------------------------------------------------------
[92m  Client0 Test => 	Acc: 19.010 	Loss: 2.4536[00m
 Train: Round   9, Avg Accuracy 56.813 | Avg Loss 1.352
Training and Evaluation completed!
===== END Wed 12/31/2025  9:55:38.18 ===== 
