===== START Thu 01/08/2026 16:09:17.42 ===== 
C:\Users\pr8pf\AppData\Local\anaconda3\Lib\site-packages\torchvision\models\_utils.py:208: UserWarning: The parameter 'pretrained' is deprecated since 0.13 and may be removed in the future, please use 'weights' instead.
  warnings.warn(
C:\Users\pr8pf\AppData\Local\anaconda3\Lib\site-packages\torchvision\models\_utils.py:223: UserWarning: Arguments other than a weight enum or `None` for 'weights' are deprecated since 0.13 and may be removed in the future. The current behavior is equivalent to passing `weights=VGG16_Weights.IMAGENET1K_V1`. You can also use `weights=VGG16_Weights.DEFAULT` to get the most up-to-date weights.
  warnings.warn(msg)
[codecarbon INFO @ 16:09:50] [setup] RAM Tracking...
[codecarbon INFO @ 16:09:50] [setup] CPU Tracking...
[codecarbon WARNING @ 16:09:50] No CPU tracking mode found. Falling back on CPU constant mode. 
 Windows OS detected: Please install Intel Power Gadget to measure CPU

[codecarbon INFO @ 16:09:52] CPU Model on constant consumption mode: Intel(R) Xeon(R) Gold 6258R CPU @ 2.70GHz
[codecarbon INFO @ 16:09:52] [setup] GPU Tracking...
[codecarbon INFO @ 16:09:52] Tracking Nvidia GPU via pynvml
[codecarbon INFO @ 16:09:52] >>> Tracker's metadata:
[codecarbon INFO @ 16:09:52]   Platform system: Windows-11-10.0.22631-SP0
[codecarbon INFO @ 16:09:52]   Python version: 3.12.7
[codecarbon INFO @ 16:09:52]   CodeCarbon version: 2.8.3
[codecarbon INFO @ 16:09:52]   Available RAM : 126.630 GB
[codecarbon INFO @ 16:09:52]   CPU count: 56
[codecarbon INFO @ 16:09:52]   CPU model: Intel(R) Xeon(R) Gold 6258R CPU @ 2.70GHz
[codecarbon INFO @ 16:09:52]   GPU count: 2
[codecarbon INFO @ 16:09:52]   GPU model: 2 x NVIDIA RTX A5000
[codecarbon INFO @ 16:09:55] Saving emissions data to file C:\Users\pr8pf\Documents\GitHub\SplitFed\emissions.csv
[codecarbon INFO @ 16:09:57] Energy consumed for RAM : 0.000019 kWh. RAM Power : 47.48608875274658 W
[codecarbon INFO @ 16:09:57] Energy consumed for all CPUs : 0.000042 kWh. Total CPU Power : 102.50000000000001 W
[codecarbon INFO @ 16:09:57] Energy consumed for all GPUs : 0.000006 kWh. Total GPU Power : 15.43141902459447 W
[codecarbon INFO @ 16:09:57] 0.000068 kWh of electricity used since the beginning.
[codecarbon INFO @ 16:33:12] [setup] RAM Tracking...
[codecarbon INFO @ 16:33:12] [setup] CPU Tracking...
[codecarbon WARNING @ 16:33:12] No CPU tracking mode found. Falling back on CPU constant mode. 
 Windows OS detected: Please install Intel Power Gadget to measure CPU

[codecarbon INFO @ 16:33:14] CPU Model on constant consumption mode: Intel(R) Xeon(R) Gold 6258R CPU @ 2.70GHz
[codecarbon INFO @ 16:33:14] [setup] GPU Tracking...
[codecarbon INFO @ 16:33:14] Tracking Nvidia GPU via pynvml
[codecarbon INFO @ 16:33:14] >>> Tracker's metadata:
[codecarbon INFO @ 16:33:14]   Platform system: Windows-11-10.0.22631-SP0
[codecarbon INFO @ 16:33:14]   Python version: 3.12.7
[codecarbon INFO @ 16:33:14]   CodeCarbon version: 2.8.3
[codecarbon INFO @ 16:33:14]   Available RAM : 126.630 GB
[codecarbon INFO @ 16:33:14]   CPU count: 56
[codecarbon INFO @ 16:33:14]   CPU model: Intel(R) Xeon(R) Gold 6258R CPU @ 2.70GHz
[codecarbon INFO @ 16:33:14]   GPU count: 2
[codecarbon INFO @ 16:33:14]   GPU model: 2 x NVIDIA RTX A5000
[codecarbon INFO @ 16:33:17] Saving emissions data to file C:\Users\pr8pf\Documents\GitHub\SplitFed\emissions.csv
[codecarbon INFO @ 16:33:17] Energy consumed for RAM : 0.000007 kWh. RAM Power : 47.48608875274658 W
[codecarbon INFO @ 16:33:17] Energy consumed for all CPUs : 0.000014 kWh. Total CPU Power : 102.50000000000001 W
[codecarbon INFO @ 16:33:17] Energy consumed for all GPUs : 0.000003 kWh. Total GPU Power : 21.08745131613275 W
[codecarbon INFO @ 16:33:17] 0.000024 kWh of electricity used since the beginning.
[codecarbon INFO @ 16:34:13] [setup] RAM Tracking...
[codecarbon INFO @ 16:34:13] [setup] CPU Tracking...
[codecarbon WARNING @ 16:34:13] No CPU tracking mode found. Falling back on CPU constant mode. 
 Windows OS detected: Please install Intel Power Gadget to measure CPU

[codecarbon INFO @ 16:34:14] CPU Model on constant consumption mode: Intel(R) Xeon(R) Gold 6258R CPU @ 2.70GHz
[codecarbon INFO @ 16:34:14] [setup] GPU Tracking...
[codecarbon INFO @ 16:34:14] Tracking Nvidia GPU via pynvml
[codecarbon INFO @ 16:34:14] >>> Tracker's metadata:
[codecarbon INFO @ 16:34:14]   Platform system: Windows-11-10.0.22631-SP0
[codecarbon INFO @ 16:34:14]   Python version: 3.12.7
[codecarbon INFO @ 16:34:14]   CodeCarbon version: 2.8.3
[codecarbon INFO @ 16:34:14]   Available RAM : 126.630 GB
[codecarbon INFO @ 16:34:14]   CPU count: 56
[codecarbon INFO @ 16:34:14]   CPU model: Intel(R) Xeon(R) Gold 6258R CPU @ 2.70GHz
[codecarbon INFO @ 16:34:14]   GPU count: 2
[codecarbon INFO @ 16:34:14]   GPU model: 2 x NVIDIA RTX A5000
[codecarbon INFO @ 16:34:17] Saving emissions data to file C:\Users\pr8pf\Documents\GitHub\SplitFed\emissions.csv
[codecarbon INFO @ 16:34:18] Energy consumed for RAM : 0.000011 kWh. RAM Power : 47.48608875274658 W
[codecarbon INFO @ 16:34:18] Energy consumed for all CPUs : 0.000024 kWh. Total CPU Power : 102.50000000000001 W
[codecarbon INFO @ 16:34:18] Energy consumed for all GPUs : 0.000005 kWh. Total GPU Power : 20.454533339752768 W
[codecarbon INFO @ 16:34:18] 0.000040 kWh of electricity used since the beginning.
################################################################
#                              batch_size: 64                  #
#                         test_batch_size: 64                  #
#                                  epochs: 10                  #
#                               optimizer: SGD                 #
#                                      lr: 0.001               #
#                                momentum: 0.5                 #
#                                    seed: 1                   #
#                             num_clients: 10                  #
#                                   scale: 1                   #
#                                 dataset: plant               #
#                             loader_type: dirichlet           #
#                                      AR: fedavg              #
#                                    side: both                #
#                                     PDR: 1.0                 #
#                                  attack: data_poisoning 10,5 #
#                          label_flipping: uni                 #
#                         experiment_name: split_fed_data_pois_10_5_inner_epochs=5_epochs=10_PDR=1.0_scale=1_fedavg#
#                            inner_epochs: 5                   #
#                                   setup: split_fed           #
#                                   alpha: 0.5                 #
################################################################
NVIDIA RTX A5000
---------split_fed_data_pois_10_5_inner_epochs=5_epochs=10_PDR=1.0_scale=1_fedavg----------
initialize a data loader
Using cuda
[91m Client0 Train => Local Epoch: 0 / 5 	Acc: 29.768 	Loss: 2.9637[00m
[91m Client0 Train => Local Epoch: 1 / 5 	Acc: 36.584 	Loss: 1.9059[00m
[91m Client0 Train => Local Epoch: 2 / 5 	Acc: 38.497 	Loss: 1.8631[00m
[91m Client0 Train => Local Epoch: 3 / 5 	Acc: 37.769 	Loss: 1.8615[00m
[91m Client0 Train => Local Epoch: 4 / 5 	Acc: 38.200 	Loss: 1.8555[00m
[92m  Client0 Test => 	Acc: 12.335 	Loss: 2.9662[00m
[91m Client1 Train => Local Epoch: 0 / 5 	Acc: 19.618 	Loss: 3.6533[00m
[91m Client1 Train => Local Epoch: 1 / 5 	Acc: 27.257 	Loss: 2.1416[00m
[91m Client1 Train => Local Epoch: 2 / 5 	Acc: 26.302 	Loss: 2.2004[00m
[91m Client1 Train => Local Epoch: 3 / 5 	Acc: 33.420 	Loss: 2.0134[00m
[91m Client1 Train => Local Epoch: 4 / 5 	Acc: 41.493 	Loss: 1.7849[00m
[92m  Client1 Test => 	Acc: 23.648 	Loss: 3.3747[00m
[91m Client2 Train => Local Epoch: 0 / 5 	Acc: 21.094 	Loss: 7.1465[00m
[91m Client2 Train => Local Epoch: 1 / 5 	Acc: 26.476 	Loss: 2.5276[00m
[91m Client2 Train => Local Epoch: 2 / 5 	Acc: 40.712 	Loss: 2.1910[00m
[91m Client2 Train => Local Epoch: 3 / 5 	Acc: 43.837 	Loss: 1.9756[00m
[91m Client2 Train => Local Epoch: 4 / 5 	Acc: 34.115 	Loss: 3.1616[00m
[92m  Client2 Test => 	Acc: 12.956 	Loss: 4.7192[00m
[91m Client3 Train => Local Epoch: 0 / 5 	Acc: 27.387 	Loss: 3.0327[00m
[91m Client3 Train => Local Epoch: 1 / 5 	Acc: 38.411 	Loss: 1.9603[00m
[91m Client3 Train => Local Epoch: 2 / 5 	Acc: 52.734 	Loss: 1.5863[00m
[91m Client3 Train => Local Epoch: 3 / 5 	Acc: 72.092 	Loss: 1.0264[00m
[91m Client3 Train => Local Epoch: 4 / 5 	Acc: 74.523 	Loss: 0.9325[00m
[92m  Client3 Test => 	Acc: 30.053 	Loss: 2.5623[00m
[91m Client4 Train => Local Epoch: 0 / 5 	Acc: 14.355 	Loss: 4.5448[00m
[91m Client4 Train => Local Epoch: 1 / 5 	Acc: 21.289 	Loss: 2.3066[00m
[91m Client4 Train => Local Epoch: 2 / 5 	Acc: 41.113 	Loss: 1.8195[00m
[91m Client4 Train => Local Epoch: 3 / 5 	Acc: 52.148 	Loss: 1.5189[00m
[91m Client4 Train => Local Epoch: 4 / 5 	Acc: 49.023 	Loss: 1.5013[00m
[92m  Client4 Test => 	Acc: 12.088 	Loss: 3.8062[00m
[91m Client5 Train => Local Epoch: 0 / 5 	Acc: 21.354 	Loss: 4.7113[00m
[91m Client5 Train => Local Epoch: 1 / 5 	Acc: 24.089 	Loss: 2.3066[00m
[91m Client5 Train => Local Epoch: 2 / 5 	Acc: 33.854 	Loss: 1.9842[00m
[91m Client5 Train => Local Epoch: 3 / 5 	Acc: 43.099 	Loss: 2.1384[00m
[91m Client5 Train => Local Epoch: 4 / 5 	Acc: 52.995 	Loss: 1.5949[00m
[92m  Client5 Test => 	Acc: 27.282 	Loss: 3.2324[00m
[91m Client6 Train => Local Epoch: 0 / 5 	Acc: 30.688 	Loss: 3.8070[00m
[91m Client6 Train => Local Epoch: 1 / 5 	Acc: 55.188 	Loss: 1.5009[00m
[91m Client6 Train => Local Epoch: 2 / 5 	Acc: 65.156 	Loss: 1.1289[00m
[91m Client6 Train => Local Epoch: 3 / 5 	Acc: 70.719 	Loss: 0.9515[00m
[91m Client6 Train => Local Epoch: 4 / 5 	Acc: 70.531 	Loss: 0.9003[00m
[92m  Client6 Test => 	Acc: 53.177 	Loss: 1.9352[00m
[91m Client7 Train => Local Epoch: 0 / 5 	Acc: 17.344 	Loss: 3.3569[00m
[91m Client7 Train => Local Epoch: 1 / 5 	Acc: 20.391 	Loss: 2.6682[00m
[91m Client7 Train => Local Epoch: 2 / 5 	Acc: 22.891 	Loss: 2.2539[00m
[91m Client7 Train => Local Epoch: 3 / 5 	Acc: 25.469 	Loss: 2.1251[00m
[91m Client7 Train => Local Epoch: 4 / 5 	Acc: 34.219 	Loss: 2.0142[00m
[92m  Client7 Test => 	Acc: 13.021 	Loss: 3.1519[00m
[91m Client8 Train => Local Epoch: 0 / 5 	Acc: 21.875 	Loss: 4.6348[00m
[91m Client8 Train => Local Epoch: 1 / 5 	Acc: 17.708 	Loss: 2.3427[00m
[91m Client8 Train => Local Epoch: 2 / 5 	Acc: 24.870 	Loss: 2.1609[00m
[91m Client8 Train => Local Epoch: 3 / 5 	Acc: 32.161 	Loss: 2.0898[00m
[91m Client8 Train => Local Epoch: 4 / 5 	Acc: 33.724 	Loss: 2.0180[00m
[92m  Client8 Test => 	Acc: 8.137 	Loss: 3.5861[00m
[91m Client9 Train => Local Epoch: 0 / 5 	Acc: 20.853 	Loss: 3.0916[00m
[91m Client9 Train => Local Epoch: 1 / 5 	Acc: 30.349 	Loss: 2.0881[00m
[91m Client9 Train => Local Epoch: 2 / 5 	Acc: 36.178 	Loss: 1.8868[00m
[91m Client9 Train => Local Epoch: 3 / 5 	Acc: 53.846 	Loss: 1.4630[00m
[91m Client9 Train => Local Epoch: 4 / 5 	Acc: 65.805 	Loss: 1.1692[00m
[92m  Client9 Test => 	Acc: 47.043 	Loss: 2.4033[00m
------------------------------------------------
------ Federation process at Server-Side ------- 
------------------------------------------------
-----------------------------------------------------------
------ FedServer: Federation process at Client-Side ------- 
-----------------------------------------------------------
[92m  Client0 Test => 	Acc: 12.929 	Loss: 2.7247[00m
 Train: Round   0, Avg Accuracy 49.463 | Avg Loss 1.693
[91m Client0 Train => Local Epoch: 0 / 5 	Acc: 32.812 	Loss: 2.3156[00m
[91m Client0 Train => Local Epoch: 1 / 5 	Acc: 37.662 	Loss: 1.8395[00m
[91m Client0 Train => Local Epoch: 2 / 5 	Acc: 38.227 	Loss: 1.8338[00m
[91m Client0 Train => Local Epoch: 3 / 5 	Acc: 38.281 	Loss: 1.8321[00m
[91m Client0 Train => Local Epoch: 4 / 5 	Acc: 38.281 	Loss: 1.8397[00m
[92m  Client0 Test => 	Acc: 12.341 	Loss: 3.4534[00m
[91m Client1 Train => Local Epoch: 0 / 5 	Acc: 23.264 	Loss: 2.3966[00m
[91m Client1 Train => Local Epoch: 1 / 5 	Acc: 29.948 	Loss: 2.1299[00m
[91m Client1 Train => Local Epoch: 2 / 5 	Acc: 29.427 	Loss: 2.1245[00m
[91m Client1 Train => Local Epoch: 3 / 5 	Acc: 29.514 	Loss: 2.1199[00m
[91m Client1 Train => Local Epoch: 4 / 5 	Acc: 29.514 	Loss: 2.1209[00m
[92m  Client1 Test => 	Acc: 11.067 	Loss: 3.6268[00m
[91m Client2 Train => Local Epoch: 0 / 5 	Acc: 42.274 	Loss: 2.2726[00m
[91m Client2 Train => Local Epoch: 1 / 5 	Acc: 42.448 	Loss: 2.1027[00m
[91m Client2 Train => Local Epoch: 2 / 5 	Acc: 42.101 	Loss: 2.1014[00m
[91m Client2 Train => Local Epoch: 3 / 5 	Acc: 42.101 	Loss: 2.0369[00m
[91m Client2 Train => Local Epoch: 4 / 5 	Acc: 46.788 	Loss: 1.7151[00m
[92m  Client2 Test => 	Acc: 25.149 	Loss: 4.3922[00m
[91m Client3 Train => Local Epoch: 0 / 5 	Acc: 37.977 	Loss: 1.9325[00m
[91m Client3 Train => Local Epoch: 1 / 5 	Acc: 59.549 	Loss: 1.3706[00m
[91m Client3 Train => Local Epoch: 2 / 5 	Acc: 64.974 	Loss: 1.2315[00m
[91m Client3 Train => Local Epoch: 3 / 5 	Acc: 69.792 	Loss: 1.0819[00m
[91m Client3 Train => Local Epoch: 4 / 5 	Acc: 76.215 	Loss: 0.8407[00m
[92m  Client3 Test => 	Acc: 33.405 	Loss: 2.5798[00m
[91m Client4 Train => Local Epoch: 0 / 5 	Acc: 16.211 	Loss: 2.5276[00m[codecarbon INFO @ 16:57:30] [setup] RAM Tracking...
[codecarbon INFO @ 16:57:30] [setup] CPU Tracking...
[codecarbon WARNING @ 16:57:30] No CPU tracking mode found. Falling back on CPU constant mode. 
 Windows OS detected: Please install Intel Power Gadget to measure CPU

[codecarbon INFO @ 16:57:32] CPU Model on constant consumption mode: Intel(R) Xeon(R) Gold 6258R CPU @ 2.70GHz
[codecarbon INFO @ 16:57:32] [setup] GPU Tracking...
[codecarbon INFO @ 16:57:32] Tracking Nvidia GPU via pynvml
[codecarbon INFO @ 16:57:32] >>> Tracker's metadata:
[codecarbon INFO @ 16:57:32]   Platform system: Windows-11-10.0.22631-SP0
[codecarbon INFO @ 16:57:32]   Python version: 3.12.7
[codecarbon INFO @ 16:57:32]   CodeCarbon version: 2.8.3
[codecarbon INFO @ 16:57:32]   Available RAM : 126.630 GB
[codecarbon INFO @ 16:57:32]   CPU count: 56
[codecarbon INFO @ 16:57:32]   CPU model: Intel(R) Xeon(R) Gold 6258R CPU @ 2.70GHz
[codecarbon INFO @ 16:57:32]   GPU count: 2
[codecarbon INFO @ 16:57:32]   GPU model: 2 x NVIDIA RTX A5000
[codecarbon INFO @ 16:57:35] Saving emissions data to file C:\Users\pr8pf\Documents\GitHub\SplitFed\emissions.csv
[codecarbon INFO @ 16:57:36] Energy consumed for RAM : 0.000011 kWh. RAM Power : 47.48608875274658 W
[codecarbon INFO @ 16:57:36] Energy consumed for all CPUs : 0.000023 kWh. Total CPU Power : 102.50000000000001 W
[codecarbon INFO @ 16:57:36] Energy consumed for all GPUs : 0.000005 kWh. Total GPU Power : 24.370926556477954 W
[codecarbon INFO @ 16:57:36] 0.000039 kWh of electricity used since the beginning.
[codecarbon INFO @ 16:58:31] [setup] RAM Tracking...
[codecarbon INFO @ 16:58:31] [setup] CPU Tracking...
[codecarbon WARNING @ 16:58:31] No CPU tracking mode found. Falling back on CPU constant mode. 
 Windows OS detected: Please install Intel Power Gadget to measure CPU

[codecarbon INFO @ 16:58:33] CPU Model on constant consumption mode: Intel(R) Xeon(R) Gold 6258R CPU @ 2.70GHz
[codecarbon INFO @ 16:58:33] [setup] GPU Tracking...
[codecarbon INFO @ 16:58:33] Tracking Nvidia GPU via pynvml
[codecarbon INFO @ 16:58:33] >>> Tracker's metadata:
[codecarbon INFO @ 16:58:33]   Platform system: Windows-11-10.0.22631-SP0
[codecarbon INFO @ 16:58:33]   Python version: 3.12.7
[codecarbon INFO @ 16:58:33]   CodeCarbon version: 2.8.3
[codecarbon INFO @ 16:58:33]   Available RAM : 126.630 GB
[codecarbon INFO @ 16:58:33]   CPU count: 56
[codecarbon INFO @ 16:58:33]   CPU model: Intel(R) Xeon(R) Gold 6258R CPU @ 2.70GHz
[codecarbon INFO @ 16:58:33]   GPU count: 2
[codecarbon INFO @ 16:58:33]   GPU model: 2 x NVIDIA RTX A5000
[codecarbon INFO @ 16:58:36] Saving emissions data to file C:\Users\pr8pf\Documents\GitHub\SplitFed\emissions.csv
[codecarbon INFO @ 16:58:37] Energy consumed for RAM : 0.000010 kWh. RAM Power : 47.48608875274658 W
[codecarbon INFO @ 16:58:37] Energy consumed for all CPUs : 0.000021 kWh. Total CPU Power : 102.50000000000001 W
[codecarbon INFO @ 16:58:37] Energy consumed for all GPUs : 0.000004 kWh. Total GPU Power : 18.621611494358493 W
[codecarbon INFO @ 16:58:37] 0.000034 kWh of electricity used since the beginning.
[codecarbon INFO @ 17:21:47] [setup] RAM Tracking...
[codecarbon INFO @ 17:21:47] [setup] CPU Tracking...
[codecarbon WARNING @ 17:21:47] No CPU tracking mode found. Falling back on CPU constant mode. 
 Windows OS detected: Please install Intel Power Gadget to measure CPU

[codecarbon INFO @ 17:21:48] CPU Model on constant consumption mode: Intel(R) Xeon(R) Gold 6258R CPU @ 2.70GHz
[codecarbon INFO @ 17:21:48] [setup] GPU Tracking...
[codecarbon INFO @ 17:21:48] Tracking Nvidia GPU via pynvml
[codecarbon INFO @ 17:21:48] >>> Tracker's metadata:
[codecarbon INFO @ 17:21:48]   Platform system: Windows-11-10.0.22631-SP0
[codecarbon INFO @ 17:21:48]   Python version: 3.12.7
[codecarbon INFO @ 17:21:48]   CodeCarbon version: 2.8.3
[codecarbon INFO @ 17:21:48]   Available RAM : 126.630 GB
[codecarbon INFO @ 17:21:48]   CPU count: 56
[codecarbon INFO @ 17:21:48]   CPU model: Intel(R) Xeon(R) Gold 6258R CPU @ 2.70GHz
[codecarbon INFO @ 17:21:48]   GPU count: 2
[codecarbon INFO @ 17:21:48]   GPU model: 2 x NVIDIA RTX A5000
[codecarbon INFO @ 17:21:51] Saving emissions data to file C:\Users\pr8pf\Documents\GitHub\SplitFed\emissions.csv
[codecarbon INFO @ 17:21:52] Energy consumed for RAM : 0.000007 kWh. RAM Power : 47.48608875274658 W
[codecarbon INFO @ 17:21:52] Energy consumed for all CPUs : 0.000016 kWh. Total CPU Power : 102.50000000000001 W
[codecarbon INFO @ 17:21:52] Energy consumed for all GPUs : 0.000003 kWh. Total GPU Power : 18.424251177229873 W
[codecarbon INFO @ 17:21:52] 0.000027 kWh of electricity used since the beginning.
[codecarbon INFO @ 17:22:50] [setup] RAM Tracking...
[codecarbon INFO @ 17:22:50] [setup] CPU Tracking...
[codecarbon WARNING @ 17:22:50] No CPU tracking mode found. Falling back on CPU constant mode. 
 Windows OS detected: Please install Intel Power Gadget to measure CPU

[codecarbon INFO @ 17:22:51] CPU Model on constant consumption mode: Intel(R) Xeon(R) Gold 6258R CPU @ 2.70GHz
[codecarbon INFO @ 17:22:51] [setup] GPU Tracking...
[codecarbon INFO @ 17:22:51] Tracking Nvidia GPU via pynvml
[codecarbon INFO @ 17:22:52] >>> Tracker's metadata:
[codecarbon INFO @ 17:22:52]   Platform system: Windows-11-10.0.22631-SP0
[codecarbon INFO @ 17:22:52]   Python version: 3.12.7
[codecarbon INFO @ 17:22:52]   CodeCarbon version: 2.8.3
[codecarbon INFO @ 17:22:52]   Available RAM : 126.630 GB
[codecarbon INFO @ 17:22:52]   CPU count: 56
[codecarbon INFO @ 17:22:52]   CPU model: Intel(R) Xeon(R) Gold 6258R CPU @ 2.70GHz
[codecarbon INFO @ 17:22:52]   GPU count: 2
[codecarbon INFO @ 17:22:52]   GPU model: 2 x NVIDIA RTX A5000
[codecarbon INFO @ 17:22:55] Saving emissions data to file C:\Users\pr8pf\Documents\GitHub\SplitFed\emissions.csv
[codecarbon INFO @ 17:22:55] Energy consumed for RAM : 0.000009 kWh. RAM Power : 47.48608875274658 W
[codecarbon INFO @ 17:22:55] Energy consumed for all CPUs : 0.000019 kWh. Total CPU Power : 102.50000000000001 W
[codecarbon INFO @ 17:22:55] Energy consumed for all GPUs : 0.000005 kWh. Total GPU Power : 24.04401067320966 W
[codecarbon INFO @ 17:22:55] 0.000033 kWh of electricity used since the beginning.

[91m Client4 Train => Local Epoch: 1 / 5 	Acc: 33.008 	Loss: 1.9495[00m
[91m Client4 Train => Local Epoch: 2 / 5 	Acc: 48.438 	Loss: 1.5580[00m
[91m Client4 Train => Local Epoch: 3 / 5 	Acc: 54.492 	Loss: 1.3209[00m
[91m Client4 Train => Local Epoch: 4 / 5 	Acc: 57.227 	Loss: 1.2704[00m
[92m  Client4 Test => 	Acc: 27.178 	Loss: 3.6888[00m
[91m Client5 Train => Local Epoch: 0 / 5 	Acc: 20.312 	Loss: 2.4901[00m
[91m Client5 Train => Local Epoch: 1 / 5 	Acc: 31.250 	Loss: 2.0739[00m
[91m Client5 Train => Local Epoch: 2 / 5 	Acc: 31.641 	Loss: 1.9663[00m
[91m Client5 Train => Local Epoch: 3 / 5 	Acc: 49.740 	Loss: 1.6671[00m
[91m Client5 Train => Local Epoch: 4 / 5 	Acc: 53.646 	Loss: 1.5157[00m
[92m  Client5 Test => 	Acc: 25.764 	Loss: 2.6529[00m
[91m Client6 Train => Local Epoch: 0 / 5 	Acc: 23.750 	Loss: 2.2024[00m
[91m Client6 Train => Local Epoch: 1 / 5 	Acc: 40.938 	Loss: 1.8188[00m
[91m Client6 Train => Local Epoch: 2 / 5 	Acc: 62.438 	Loss: 1.2495[00m
[91m Client6 Train => Local Epoch: 3 / 5 	Acc: 68.938 	Loss: 1.0234[00m
[91m Client6 Train => Local Epoch: 4 / 5 	Acc: 72.531 	Loss: 0.8571[00m
[92m  Client6 Test => 	Acc: 49.694 	Loss: 1.9419[00m
[91m Client7 Train => Local Epoch: 0 / 5 	Acc: 18.750 	Loss: 2.3888[00m
[91m Client7 Train => Local Epoch: 1 / 5 	Acc: 27.578 	Loss: 2.1565[00m
[91m Client7 Train => Local Epoch: 2 / 5 	Acc: 34.219 	Loss: 1.9968[00m
[91m Client7 Train => Local Epoch: 3 / 5 	Acc: 40.469 	Loss: 1.8041[00m
[91m Client7 Train => Local Epoch: 4 / 5 	Acc: 49.922 	Loss: 1.5620[00m
[92m  Client7 Test => 	Acc: 30.002 	Loss: 3.1712[00m
[91m Client8 Train => Local Epoch: 0 / 5 	Acc: 16.536 	Loss: 2.5037[00m
[91m Client8 Train => Local Epoch: 1 / 5 	Acc: 37.760 	Loss: 2.1027[00m
[91m Client8 Train => Local Epoch: 2 / 5 	Acc: 42.969 	Loss: 1.9920[00m
[91m Client8 Train => Local Epoch: 3 / 5 	Acc: 49.219 	Loss: 1.7440[00m
[91m Client8 Train => Local Epoch: 4 / 5 	Acc: 52.083 	Loss: 1.5495[00m
[92m  Client8 Test => 	Acc: 15.493 	Loss: 2.8704[00m
[91m Client9 Train => Local Epoch: 0 / 5 	Acc: 20.493 	Loss: 2.2839[00m
[91m Client9 Train => Local Epoch: 1 / 5 	Acc: 32.452 	Loss: 1.8941[00m
[91m Client9 Train => Local Epoch: 2 / 5 	Acc: 40.745 	Loss: 1.7593[00m
[91m Client9 Train => Local Epoch: 3 / 5 	Acc: 44.351 	Loss: 1.6771[00m
[91m Client9 Train => Local Epoch: 4 / 5 	Acc: 56.070 	Loss: 1.3506[00m
[92m  Client9 Test => 	Acc: 44.194 	Loss: 2.5131[00m
------------------------------------------------
------ Federation process at Server-Side ------- 
------------------------------------------------
-----------------------------------------------------------
------ FedServer: Federation process at Client-Side ------- 
-----------------------------------------------------------
[92m  Client0 Test => 	Acc: 12.949 	Loss: 2.6067[00m
 Train: Round   1, Avg Accuracy 53.228 | Avg Loss 1.462
[91m Client0 Train => Local Epoch: 0 / 5 	Acc: 36.584 	Loss: 1.9310[00m
[91m Client0 Train => Local Epoch: 1 / 5 	Acc: 38.443 	Loss: 1.8344[00m
[91m Client0 Train => Local Epoch: 2 / 5 	Acc: 38.443 	Loss: 1.8271[00m
[91m Client0 Train => Local Epoch: 3 / 5 	Acc: 38.416 	Loss: 1.8284[00m
[91m Client0 Train => Local Epoch: 4 / 5 	Acc: 38.470 	Loss: 1.8295[00m
[92m  Client0 Test => 	Acc: 12.335 	Loss: 3.5007[00m
[91m Client1 Train => Local Epoch: 0 / 5 	Acc: 27.604 	Loss: 2.2871[00m
[91m Client1 Train => Local Epoch: 1 / 5 	Acc: 30.035 	Loss: 2.1234[00m
[91m Client1 Train => Local Epoch: 2 / 5 	Acc: 29.080 	Loss: 2.1439[00m
[91m Client1 Train => Local Epoch: 3 / 5 	Acc: 32.205 	Loss: 2.0079[00m
[91m Client1 Train => Local Epoch: 4 / 5 	Acc: 43.663 	Loss: 1.7173[00m
[92m  Client1 Test => 	Acc: 26.547 	Loss: 3.1250[00m
[91m Client2 Train => Local Epoch: 0 / 5 	Acc: 41.493 	Loss: 2.1873[00m
[91m Client2 Train => Local Epoch: 1 / 5 	Acc: 47.830 	Loss: 1.6418[00m
[91m Client2 Train => Local Epoch: 2 / 5 	Acc: 58.160 	Loss: 1.3872[00m
[91m Client2 Train => Local Epoch: 3 / 5 	Acc: 63.628 	Loss: 1.1537[00m
[91m Client2 Train => Local Epoch: 4 / 5 	Acc: 69.271 	Loss: 0.9625[00m
[92m  Client2 Test => 	Acc: 43.373 	Loss: 2.7173[00m
[91m Client3 Train => Local Epoch: 0 / 5 	Acc: 43.186 	Loss: 1.7867[00m
[91m Client3 Train => Local Epoch: 1 / 5 	Acc: 58.203 	Loss: 1.4262[00m
[91m Client3 Train => Local Epoch: 2 / 5 	Acc: 58.767 	Loss: 1.4034[00m
[91m Client3 Train => Local Epoch: 3 / 5 	Acc: 63.151 	Loss: 1.2947[00m
[91m Client3 Train => Local Epoch: 4 / 5 	Acc: 68.490 	Loss: 1.1492[00m
[92m  Client3 Test => 	Acc: 29.188 	Loss: 2.6912[00m
[91m Client4 Train => Local Epoch: 0 / 5 	Acc: 20.312 	Loss: 2.3573[00m
[91m Client4 Train => Local Epoch: 1 / 5 	Acc: 45.703 	Loss: 1.6290[00m
[91m Client4 Train => Local Epoch: 2 / 5 	Acc: 57.812 	Loss: 1.2634[00m
[91m Client4 Train => Local Epoch: 3 / 5 	Acc: 58.203 	Loss: 1.1997[00m
[91m Client4 Train => Local Epoch: 4 / 5 	Acc: 66.309 	Loss: 1.0266[00m
[92m  Client4 Test => 	Acc: 29.085 	Loss: 2.8966[00m
[91m Client5 Train => Local Epoch: 0 / 5 	Acc: 38.021 	Loss: 2.2903[00m
[91m Client5 Train => Local Epoch: 1 / 5 	Acc: 48.698 	Loss: 1.7522[00m
[91m Client5 Train => Local Epoch: 2 / 5 	Acc: 49.609 	Loss: 1.6735[00m
[91m Client5 Train => Local Epoch: 3 / 5 	Acc: 51.432 	Loss: 1.5746[00m
[91m Client5 Train => Local Epoch: 4 / 5 	Acc: 58.073 	Loss: 1.2737[00m
[92m  Client5 Test => 	Acc: 34.795 	Loss: 2.7994[00m
[91m Client6 Train => Local Epoch: 0 / 5 	Acc: 40.469 	Loss: 1.8925[00m
[91m Client6 Train => Local Epoch: 1 / 5 	Acc: 62.312 	Loss: 1.2615[00m
[91m Client6 Train => Local Epoch: 2 / 5 	Acc: 71.656 	Loss: 0.9329[00m
[91m Client6 Train => Local Epoch: 3 / 5 	Acc: 76.906 	Loss: 0.7533[00m
[91m Client6 Train => Local Epoch: 4 / 5 	Acc: 80.750 	Loss: 0.6744[00m
[92m  Client6 Test => 	Acc: 55.525 	Loss: 1.5137[00m
[91m Client7 Train => Local Epoch: 0 / 5 	Acc: 28.828 	Loss: 2.2796[00m
[91m Client7 Train => Local Epoch: 1 / 5 	Acc: 36.094 	Loss: 1.9328[00m
[91m Client7 Train => Local Epoch: 2 / 5 	Acc: 40.547 	Loss: 1.8204[00m
[91m Client7 Train => Local Epoch: 3 / 5 	Acc: 46.797 	Loss: 1.6542[00m
[91m Client7 Train => Local Epoch: 4 / 5 	Acc: 52.891 	Loss: 1.5038[00m
[92m  Client7 Test => 	Acc: 26.989 	Loss: 3.0616[00m
[91m Client8 Train => Local Epoch: 0 / 5 	Acc: 19.141 	Loss: 2.6017[00m
[91m Client8 Train => Local Epoch: 1 / 5 	Acc: 40.234 	Loss: 1.8538[00m
[91m Client8 Train => Local Epoch: 2 / 5 	Acc: 53.776 	Loss: 1.5334[00m
[91m Client8 Train => Local Epoch: 3 / 5 	Acc: 67.578 	Loss: 1.0614[00m
[91m Client8 Train => Local Epoch: 4 / 5 	Acc: 69.271 	Loss: 1.0795[00m
[92m  Client8 Test => 	Acc: 38.985 	Loss: 2.3652[00m
[91m Client9 Train => Local Epoch: 0 / 5 	Acc: 29.087 	Loss: 2.0369[00m
[91m Client9 Train => Local Epoch: 1 / 5 	Acc: 46.334 	Loss: 1.6620[00m
[91m Client9 Train => Local Epoch: 2 / 5 	Acc: 51.803 	Loss: 1.5180[00m
[91m Client9 Train => Local Epoch: 3 / 5 	Acc: 62.800 	Loss: 1.2411[00m
[91m Client9 Train => Local Epoch: 4 / 5 	Acc: 67.728 	Loss: 1.0701[00m
[92m  Client9 Test => 	Acc: 49.912 	Loss: 2.1939[00m
------------------------------------------------
------ Federation process at Server-Side ------- 
------------------------------------------------
-----------------------------------------------------------
------ FedServer: Federation process at Client-Side ------- 
-----------------------------------------------------------
[92m  Client0 Test => 	Acc: 23.852 	Loss: 2.3676[00m
 Train: Round   2, Avg Accuracy 61.491 | Avg Loss 1.229
[91m Client0 Train => Local Epoch: 0 / 5 	Acc: 36.665 	Loss: 1.9485[00m
[91m Client0 Train => Local Epoch: 1 / 5 	Acc: 38.443 	Loss: 1.8356[00m
[91m Client0 Train => Local Epoch: 2 / 5 	Acc: 38.470 	Loss: 1.8369[00m
[91m Client0 Train => Local Epoch: 3 / 5 	Acc: 38.443 	Loss: 1.8320[00m
[91m Client0 Train => Local Epoch: 4 / 5 	Acc: 38.443 	Loss: 1.8297[00m
[92m  Client0 Test => 	Acc: 12.362 	Loss: 3.4866[00m
[91m Client1 Train => Local Epoch: 0 / 5 	Acc: 32.552 	Loss: 2.1649[00m[codecarbon INFO @ 17:46:10] [setup] RAM Tracking...
[codecarbon INFO @ 17:46:10] [setup] CPU Tracking...
[codecarbon WARNING @ 17:46:10] No CPU tracking mode found. Falling back on CPU constant mode. 
 Windows OS detected: Please install Intel Power Gadget to measure CPU

[codecarbon INFO @ 17:46:11] CPU Model on constant consumption mode: Intel(R) Xeon(R) Gold 6258R CPU @ 2.70GHz
[codecarbon INFO @ 17:46:11] [setup] GPU Tracking...
[codecarbon INFO @ 17:46:11] Tracking Nvidia GPU via pynvml
[codecarbon INFO @ 17:46:12] >>> Tracker's metadata:
[codecarbon INFO @ 17:46:12]   Platform system: Windows-11-10.0.22631-SP0
[codecarbon INFO @ 17:46:12]   Python version: 3.12.7
[codecarbon INFO @ 17:46:12]   CodeCarbon version: 2.8.3
[codecarbon INFO @ 17:46:12]   Available RAM : 126.630 GB
[codecarbon INFO @ 17:46:12]   CPU count: 56
[codecarbon INFO @ 17:46:12]   CPU model: Intel(R) Xeon(R) Gold 6258R CPU @ 2.70GHz
[codecarbon INFO @ 17:46:12]   GPU count: 2
[codecarbon INFO @ 17:46:12]   GPU model: 2 x NVIDIA RTX A5000
[codecarbon INFO @ 17:46:15] Saving emissions data to file C:\Users\pr8pf\Documents\GitHub\SplitFed\emissions.csv
[codecarbon INFO @ 17:46:15] Energy consumed for RAM : 0.000011 kWh. RAM Power : 47.48608875274658 W
[codecarbon INFO @ 17:46:15] Energy consumed for all CPUs : 0.000023 kWh. Total CPU Power : 102.50000000000001 W
[codecarbon INFO @ 17:46:15] Energy consumed for all GPUs : 0.000005 kWh. Total GPU Power : 22.033581674237528 W
[codecarbon INFO @ 17:46:15] 0.000039 kWh of electricity used since the beginning.
[codecarbon INFO @ 17:47:10] [setup] RAM Tracking...
[codecarbon INFO @ 17:47:10] [setup] CPU Tracking...
[codecarbon WARNING @ 17:47:10] No CPU tracking mode found. Falling back on CPU constant mode. 
 Windows OS detected: Please install Intel Power Gadget to measure CPU

[codecarbon INFO @ 17:47:11] CPU Model on constant consumption mode: Intel(R) Xeon(R) Gold 6258R CPU @ 2.70GHz
[codecarbon INFO @ 17:47:11] [setup] GPU Tracking...
[codecarbon INFO @ 17:47:11] Tracking Nvidia GPU via pynvml
[codecarbon INFO @ 17:47:11] >>> Tracker's metadata:
[codecarbon INFO @ 17:47:11]   Platform system: Windows-11-10.0.22631-SP0
[codecarbon INFO @ 17:47:11]   Python version: 3.12.7
[codecarbon INFO @ 17:47:11]   CodeCarbon version: 2.8.3
[codecarbon INFO @ 17:47:11]   Available RAM : 126.630 GB
[codecarbon INFO @ 17:47:11]   CPU count: 56
[codecarbon INFO @ 17:47:11]   CPU model: Intel(R) Xeon(R) Gold 6258R CPU @ 2.70GHz
[codecarbon INFO @ 17:47:11]   GPU count: 2
[codecarbon INFO @ 17:47:11]   GPU model: 2 x NVIDIA RTX A5000
[codecarbon INFO @ 17:47:14] Saving emissions data to file C:\Users\pr8pf\Documents\GitHub\SplitFed\emissions.csv
[codecarbon INFO @ 17:47:15] Energy consumed for RAM : 0.000009 kWh. RAM Power : 47.48608875274658 W
[codecarbon INFO @ 17:47:15] Energy consumed for all CPUs : 0.000020 kWh. Total CPU Power : 102.50000000000001 W
[codecarbon INFO @ 17:47:15] Energy consumed for all GPUs : 0.000004 kWh. Total GPU Power : 18.996443770641186 W
[codecarbon INFO @ 17:47:15] 0.000034 kWh of electricity used since the beginning.

[91m Client1 Train => Local Epoch: 1 / 5 	Acc: 48.698 	Loss: 1.4805[00m
[91m Client1 Train => Local Epoch: 2 / 5 	Acc: 59.722 	Loss: 1.2370[00m
[91m Client1 Train => Local Epoch: 3 / 5 	Acc: 65.712 	Loss: 1.0106[00m
[91m Client1 Train => Local Epoch: 4 / 5 	Acc: 70.312 	Loss: 0.8955[00m
[92m  Client1 Test => 	Acc: 42.177 	Loss: 2.5923[00m
[91m Client2 Train => Local Epoch: 0 / 5 	Acc: 43.924 	Loss: 1.8067[00m
[91m Client2 Train => Local Epoch: 1 / 5 	Acc: 54.601 	Loss: 1.4628[00m
[91m Client2 Train => Local Epoch: 2 / 5 	Acc: 65.104 	Loss: 1.1267[00m
[91m Client2 Train => Local Epoch: 3 / 5 	Acc: 71.701 	Loss: 0.9056[00m
[91m Client2 Train => Local Epoch: 4 / 5 	Acc: 76.128 	Loss: 0.8002[00m
[92m  Client2 Test => 	Acc: 36.395 	Loss: 3.2958[00m
[91m Client3 Train => Local Epoch: 0 / 5 	Acc: 59.418 	Loss: 1.3883[00m
[91m Client3 Train => Local Epoch: 1 / 5 	Acc: 71.918 	Loss: 0.9502[00m
[91m Client3 Train => Local Epoch: 2 / 5 	Acc: 78.038 	Loss: 0.7317[00m
[91m Client3 Train => Local Epoch: 3 / 5 	Acc: 80.903 	Loss: 0.6152[00m
[91m Client3 Train => Local Epoch: 4 / 5 	Acc: 81.684 	Loss: 0.6115[00m
[92m  Client3 Test => 	Acc: 49.880 	Loss: 2.0638[00m
[91m Client4 Train => Local Epoch: 0 / 5 	Acc: 39.062 	Loss: 1.9500[00m
[91m Client4 Train => Local Epoch: 1 / 5 	Acc: 46.680 	Loss: 1.5334[00m
[91m Client4 Train => Local Epoch: 2 / 5 	Acc: 57.812 	Loss: 1.2645[00m
[91m Client4 Train => Local Epoch: 3 / 5 	Acc: 62.207 	Loss: 1.1618[00m
[91m Client4 Train => Local Epoch: 4 / 5 	Acc: 67.871 	Loss: 0.8941[00m
[92m  Client4 Test => 	Acc: 40.389 	Loss: 2.7306[00m
[91m Client5 Train => Local Epoch: 0 / 5 	Acc: 34.115 	Loss: 2.1648[00m
[91m Client5 Train => Local Epoch: 1 / 5 	Acc: 47.005 	Loss: 1.6200[00m
[91m Client5 Train => Local Epoch: 2 / 5 	Acc: 55.599 	Loss: 1.3158[00m
[91m Client5 Train => Local Epoch: 3 / 5 	Acc: 65.234 	Loss: 1.1015[00m
[91m Client5 Train => Local Epoch: 4 / 5 	Acc: 67.578 	Loss: 1.0355[00m
[92m  Client5 Test => 	Acc: 47.333 	Loss: 2.2008[00m
[91m Client6 Train => Local Epoch: 0 / 5 	Acc: 49.375 	Loss: 1.6848[00m
[91m Client6 Train => Local Epoch: 1 / 5 	Acc: 69.688 	Loss: 0.9926[00m
[91m Client6 Train => Local Epoch: 2 / 5 	Acc: 77.531 	Loss: 0.7337[00m
[91m Client6 Train => Local Epoch: 3 / 5 	Acc: 82.219 	Loss: 0.6034[00m
[91m Client6 Train => Local Epoch: 4 / 5 	Acc: 87.688 	Loss: 0.4367[00m
[92m  Client6 Test => 	Acc: 67.812 	Loss: 1.0316[00m
[91m Client7 Train => Local Epoch: 0 / 5 	Acc: 36.719 	Loss: 2.0658[00m
[91m Client7 Train => Local Epoch: 1 / 5 	Acc: 49.844 	Loss: 1.5924[00m
[91m Client7 Train => Local Epoch: 2 / 5 	Acc: 51.562 	Loss: 1.5740[00m
[91m Client7 Train => Local Epoch: 3 / 5 	Acc: 50.312 	Loss: 1.4833[00m
[91m Client7 Train => Local Epoch: 4 / 5 	Acc: 47.188 	Loss: 1.7236[00m
[92m  Client7 Test => 	Acc: 33.233 	Loss: 2.3607[00m
[91m Client8 Train => Local Epoch: 0 / 5 	Acc: 19.401 	Loss: 2.3818[00m
[91m Client8 Train => Local Epoch: 1 / 5 	Acc: 49.609 	Loss: 1.7117[00m
[91m Client8 Train => Local Epoch: 2 / 5 	Acc: 68.620 	Loss: 1.0878[00m
[91m Client8 Train => Local Epoch: 3 / 5 	Acc: 75.521 	Loss: 0.8228[00m
[91m Client8 Train => Local Epoch: 4 / 5 	Acc: 79.818 	Loss: 0.6807[00m
[92m  Client8 Test => 	Acc: 37.971 	Loss: 2.2282[00m
[91m Client9 Train => Local Epoch: 0 / 5 	Acc: 39.423 	Loss: 1.9083[00m
[91m Client9 Train => Local Epoch: 1 / 5 	Acc: 61.058 	Loss: 1.2861[00m
[91m Client9 Train => Local Epoch: 2 / 5 	Acc: 64.062 	Loss: 1.1889[00m
[91m Client9 Train => Local Epoch: 3 / 5 	Acc: 68.690 	Loss: 1.0148[00m
[91m Client9 Train => Local Epoch: 4 / 5 	Acc: 77.464 	Loss: 0.7916[00m
[92m  Client9 Test => 	Acc: 58.533 	Loss: 1.4777[00m
------------------------------------------------
------ Federation process at Server-Side ------- 
------------------------------------------------
-----------------------------------------------------------
------ FedServer: Federation process at Client-Side ------- 
-----------------------------------------------------------
[92m  Client0 Test => 	Acc: 47.294 	Loss: 1.8772[00m
 Train: Round   3, Avg Accuracy 69.417 | Avg Loss 0.970
[91m Client0 Train => Local Epoch: 0 / 5 	Acc: 33.675 	Loss: 2.2471[00m
[91m Client0 Train => Local Epoch: 1 / 5 	Acc: 38.362 	Loss: 1.8354[00m
[91m Client0 Train => Local Epoch: 2 / 5 	Acc: 38.254 	Loss: 1.8326[00m
[91m Client0 Train => Local Epoch: 3 / 5 	Acc: 38.093 	Loss: 1.8355[00m
[91m Client0 Train => Local Epoch: 4 / 5 	Acc: 38.416 	Loss: 1.8309[00m
[92m  Client0 Test => 	Acc: 12.355 	Loss: 3.4757[00m
[91m Client1 Train => Local Epoch: 0 / 5 	Acc: 54.861 	Loss: 1.5202[00m
[91m Client1 Train => Local Epoch: 1 / 5 	Acc: 69.271 	Loss: 0.9241[00m
[91m Client1 Train => Local Epoch: 2 / 5 	Acc: 73.438 	Loss: 0.8070[00m
[91m Client1 Train => Local Epoch: 3 / 5 	Acc: 79.340 	Loss: 0.6117[00m
[91m Client1 Train => Local Epoch: 4 / 5 	Acc: 82.205 	Loss: 0.5009[00m
[92m  Client1 Test => 	Acc: 62.136 	Loss: 2.1372[00m
[91m Client2 Train => Local Epoch: 0 / 5 	Acc: 59.722 	Loss: 1.2225[00m
[91m Client2 Train => Local Epoch: 1 / 5 	Acc: 73.524 	Loss: 0.8259[00m
[91m Client2 Train => Local Epoch: 2 / 5 	Acc: 79.514 	Loss: 0.6428[00m
[91m Client2 Train => Local Epoch: 3 / 5 	Acc: 82.899 	Loss: 0.5554[00m
[91m Client2 Train => Local Epoch: 4 / 5 	Acc: 85.069 	Loss: 0.4495[00m
[92m  Client2 Test => 	Acc: 62.794 	Loss: 1.7536[00m
[91m Client3 Train => Local Epoch: 0 / 5 	Acc: 70.226 	Loss: 1.0357[00m
[91m Client3 Train => Local Epoch: 1 / 5 	Acc: 81.944 	Loss: 0.5941[00m
[91m Client3 Train => Local Epoch: 2 / 5 	Acc: 74.696 	Loss: 0.8753[00m
[91m Client3 Train => Local Epoch: 3 / 5 	Acc: 79.340 	Loss: 0.7296[00m
[91m Client3 Train => Local Epoch: 4 / 5 	Acc: 84.288 	Loss: 0.5265[00m
[92m  Client3 Test => 	Acc: 58.440 	Loss: 1.7550[00m
[91m Client4 Train => Local Epoch: 0 / 5 	Acc: 62.305 	Loss: 1.2855[00m
[91m Client4 Train => Local Epoch: 1 / 5 	Acc: 77.051 	Loss: 0.7453[00m
[91m Client4 Train => Local Epoch: 2 / 5 	Acc: 79.492 	Loss: 0.6566[00m
[91m Client4 Train => Local Epoch: 3 / 5 	Acc: 83.789 	Loss: 0.5575[00m
[91m Client4 Train => Local Epoch: 4 / 5 	Acc: 84.668 	Loss: 0.4914[00m
[92m  Client4 Test => 	Acc: 49.805 	Loss: 2.1342[00m
[91m Client5 Train => Local Epoch: 0 / 5 	Acc: 62.109 	Loss: 1.4075[00m
[91m Client5 Train => Local Epoch: 1 / 5 	Acc: 73.047 	Loss: 0.9181[00m
[91m Client5 Train => Local Epoch: 2 / 5 	Acc: 71.484 	Loss: 0.8349[00m
[91m Client5 Train => Local Epoch: 3 / 5 	Acc: 79.297 	Loss: 0.6587[00m
[91m Client5 Train => Local Epoch: 4 / 5 	Acc: 81.380 	Loss: 0.5782[00m
[92m  Client5 Test => 	Acc: 57.647 	Loss: 2.3213[00m
[91m Client6 Train => Local Epoch: 0 / 5 	Acc: 68.188 	Loss: 1.0704[00m
[91m Client6 Train => Local Epoch: 1 / 5 	Acc: 76.875 	Loss: 0.6965[00m
[91m Client6 Train => Local Epoch: 2 / 5 	Acc: 84.031 	Loss: 0.4832[00m
[91m Client6 Train => Local Epoch: 3 / 5 	Acc: 87.875 	Loss: 0.3902[00m
[91m Client6 Train => Local Epoch: 4 / 5 	Acc: 89.531 	Loss: 0.3413[00m
[92m  Client6 Test => 	Acc: 70.338 	Loss: 1.0687[00m
[91m Client7 Train => Local Epoch: 0 / 5 	Acc: 49.453 	Loss: 1.6689[00m
[91m Client7 Train => Local Epoch: 1 / 5 	Acc: 58.984 	Loss: 1.2559[00m
[91m Client7 Train => Local Epoch: 2 / 5 	Acc: 71.328 	Loss: 0.9189[00m
[91m Client7 Train => Local Epoch: 3 / 5 	Acc: 70.234 	Loss: 0.8833[00m
[91m Client7 Train => Local Epoch: 4 / 5 	Acc: 71.875 	Loss: 0.8093[00m
[92m  Client7 Test => 	Acc: 58.197 	Loss: 1.5298[00m
[91m Client8 Train => Local Epoch: 0 / 5 	Acc: 47.266 	Loss: 1.8019[00m
[91m Client8 Train => Local Epoch: 1 / 5 	Acc: 73.047 	Loss: 0.9964[00m
[91m Client8 Train => Local Epoch: 2 / 5 	Acc: 76.302 	Loss: 0.8151[00m
[91m Client8 Train => Local Epoch: 3 / 5 	Acc: 83.203 	Loss: 0.5437[00m
[91m Client8 Train => Local Epoch: 4 / 5 	Acc: 87.240 	Loss: 0.4531[00m
[92m  Client8 Test => 	Acc: 46.086 	Loss: 2.2027[00m
[91m Client9 Train => Local Epoch: 0 / 5 	Acc: 65.865 	Loss: 1.2699[00m[codecarbon INFO @ 18:10:24] [setup] RAM Tracking...
[codecarbon INFO @ 18:10:24] [setup] CPU Tracking...
[codecarbon WARNING @ 18:10:24] No CPU tracking mode found. Falling back on CPU constant mode. 
 Windows OS detected: Please install Intel Power Gadget to measure CPU

[codecarbon INFO @ 18:10:25] CPU Model on constant consumption mode: Intel(R) Xeon(R) Gold 6258R CPU @ 2.70GHz
[codecarbon INFO @ 18:10:25] [setup] GPU Tracking...
[codecarbon INFO @ 18:10:25] Tracking Nvidia GPU via pynvml
[codecarbon INFO @ 18:10:25] >>> Tracker's metadata:
[codecarbon INFO @ 18:10:25]   Platform system: Windows-11-10.0.22631-SP0
[codecarbon INFO @ 18:10:25]   Python version: 3.12.7
[codecarbon INFO @ 18:10:25]   CodeCarbon version: 2.8.3
[codecarbon INFO @ 18:10:25]   Available RAM : 126.630 GB
[codecarbon INFO @ 18:10:25]   CPU count: 56
[codecarbon INFO @ 18:10:25]   CPU model: Intel(R) Xeon(R) Gold 6258R CPU @ 2.70GHz
[codecarbon INFO @ 18:10:25]   GPU count: 2
[codecarbon INFO @ 18:10:25]   GPU model: 2 x NVIDIA RTX A5000
[codecarbon INFO @ 18:10:29] Saving emissions data to file C:\Users\pr8pf\Documents\GitHub\SplitFed\emissions.csv
[codecarbon INFO @ 18:10:29] Energy consumed for RAM : 0.000012 kWh. RAM Power : 47.48608875274658 W
[codecarbon INFO @ 18:10:29] Energy consumed for all CPUs : 0.000025 kWh. Total CPU Power : 102.50000000000001 W
[codecarbon INFO @ 18:10:29] Energy consumed for all GPUs : 0.000005 kWh. Total GPU Power : 20.874300435763068 W
[codecarbon INFO @ 18:10:29] 0.000042 kWh of electricity used since the beginning.
[codecarbon INFO @ 18:11:25] [setup] RAM Tracking...
[codecarbon INFO @ 18:11:25] [setup] CPU Tracking...
[codecarbon WARNING @ 18:11:25] No CPU tracking mode found. Falling back on CPU constant mode. 
 Windows OS detected: Please install Intel Power Gadget to measure CPU

[codecarbon INFO @ 18:11:27] CPU Model on constant consumption mode: Intel(R) Xeon(R) Gold 6258R CPU @ 2.70GHz
[codecarbon INFO @ 18:11:27] [setup] GPU Tracking...
[codecarbon INFO @ 18:11:27] Tracking Nvidia GPU via pynvml
[codecarbon INFO @ 18:11:27] >>> Tracker's metadata:
[codecarbon INFO @ 18:11:27]   Platform system: Windows-11-10.0.22631-SP0
[codecarbon INFO @ 18:11:27]   Python version: 3.12.7
[codecarbon INFO @ 18:11:27]   CodeCarbon version: 2.8.3
[codecarbon INFO @ 18:11:27]   Available RAM : 126.630 GB
[codecarbon INFO @ 18:11:27]   CPU count: 56
[codecarbon INFO @ 18:11:27]   CPU model: Intel(R) Xeon(R) Gold 6258R CPU @ 2.70GHz
[codecarbon INFO @ 18:11:27]   GPU count: 2
[codecarbon INFO @ 18:11:27]   GPU model: 2 x NVIDIA RTX A5000
[codecarbon INFO @ 18:11:30] Saving emissions data to file C:\Users\pr8pf\Documents\GitHub\SplitFed\emissions.csv
[codecarbon INFO @ 18:11:31] Energy consumed for RAM : 0.000010 kWh. RAM Power : 47.48608875274658 W
[codecarbon INFO @ 18:11:31] Energy consumed for all CPUs : 0.000021 kWh. Total CPU Power : 102.50000000000001 W
[codecarbon INFO @ 18:11:31] Energy consumed for all GPUs : 0.000004 kWh. Total GPU Power : 19.08085599820437 W
[codecarbon INFO @ 18:11:31] 0.000034 kWh of electricity used since the beginning.
[codecarbon INFO @ 18:34:35] [setup] RAM Tracking...
[codecarbon INFO @ 18:34:35] [setup] CPU Tracking...
[codecarbon WARNING @ 18:34:35] No CPU tracking mode found. Falling back on CPU constant mode. 
 Windows OS detected: Please install Intel Power Gadget to measure CPU

[codecarbon INFO @ 18:34:36] CPU Model on constant consumption mode: Intel(R) Xeon(R) Gold 6258R CPU @ 2.70GHz
[codecarbon INFO @ 18:34:36] [setup] GPU Tracking...
[codecarbon INFO @ 18:34:36] Tracking Nvidia GPU via pynvml
[codecarbon INFO @ 18:34:36] >>> Tracker's metadata:
[codecarbon INFO @ 18:34:36]   Platform system: Windows-11-10.0.22631-SP0
[codecarbon INFO @ 18:34:36]   Python version: 3.12.7
[codecarbon INFO @ 18:34:36]   CodeCarbon version: 2.8.3
[codecarbon INFO @ 18:34:36]   Available RAM : 126.630 GB
[codecarbon INFO @ 18:34:36]   CPU count: 56
[codecarbon INFO @ 18:34:36]   CPU model: Intel(R) Xeon(R) Gold 6258R CPU @ 2.70GHz
[codecarbon INFO @ 18:34:36]   GPU count: 2
[codecarbon INFO @ 18:34:36]   GPU model: 2 x NVIDIA RTX A5000
[codecarbon INFO @ 18:34:39] Saving emissions data to file C:\Users\pr8pf\Documents\GitHub\SplitFed\emissions.csv
[codecarbon INFO @ 18:34:40] Energy consumed for RAM : 0.000010 kWh. RAM Power : 47.48608875274658 W
[codecarbon INFO @ 18:34:40] Energy consumed for all CPUs : 0.000022 kWh. Total CPU Power : 102.50000000000001 W
[codecarbon INFO @ 18:34:40] Energy consumed for all GPUs : 0.000004 kWh. Total GPU Power : 18.702913407931362 W
[codecarbon INFO @ 18:34:40] 0.000036 kWh of electricity used since the beginning.
[codecarbon INFO @ 18:35:36] [setup] RAM Tracking...
[codecarbon INFO @ 18:35:36] [setup] CPU Tracking...
[codecarbon WARNING @ 18:35:36] No CPU tracking mode found. Falling back on CPU constant mode. 
 Windows OS detected: Please install Intel Power Gadget to measure CPU

[codecarbon INFO @ 18:35:38] CPU Model on constant consumption mode: Intel(R) Xeon(R) Gold 6258R CPU @ 2.70GHz
[codecarbon INFO @ 18:35:38] [setup] GPU Tracking...
[codecarbon INFO @ 18:35:38] Tracking Nvidia GPU via pynvml
[codecarbon INFO @ 18:35:38] >>> Tracker's metadata:
[codecarbon INFO @ 18:35:38]   Platform system: Windows-11-10.0.22631-SP0
[codecarbon INFO @ 18:35:38]   Python version: 3.12.7
[codecarbon INFO @ 18:35:38]   CodeCarbon version: 2.8.3
[codecarbon INFO @ 18:35:38]   Available RAM : 126.630 GB
[codecarbon INFO @ 18:35:38]   CPU count: 56
[codecarbon INFO @ 18:35:38]   CPU model: Intel(R) Xeon(R) Gold 6258R CPU @ 2.70GHz
[codecarbon INFO @ 18:35:38]   GPU count: 2
[codecarbon INFO @ 18:35:38]   GPU model: 2 x NVIDIA RTX A5000
[codecarbon INFO @ 18:35:41] Saving emissions data to file C:\Users\pr8pf\Documents\GitHub\SplitFed\emissions.csv
[codecarbon INFO @ 18:35:42] Energy consumed for RAM : 0.000013 kWh. RAM Power : 47.48608875274658 W
[codecarbon INFO @ 18:35:42] Energy consumed for all CPUs : 0.000029 kWh. Total CPU Power : 102.50000000000001 W
[codecarbon INFO @ 18:35:42] Energy consumed for all GPUs : 0.000007 kWh. Total GPU Power : 23.622388083513954 W
[codecarbon INFO @ 18:35:42] 0.000049 kWh of electricity used since the beginning.

[91m Client9 Train => Local Epoch: 1 / 5 	Acc: 78.185 	Loss: 0.7205[00m
[91m Client9 Train => Local Epoch: 2 / 5 	Acc: 82.572 	Loss: 0.5918[00m
[91m Client9 Train => Local Epoch: 3 / 5 	Acc: 84.976 	Loss: 0.4905[00m
[91m Client9 Train => Local Epoch: 4 / 5 	Acc: 88.401 	Loss: 0.3975[00m
[92m  Client9 Test => 	Acc: 65.823 	Loss: 1.4419[00m
------------------------------------------------
------ Federation process at Server-Side ------- 
------------------------------------------------
-----------------------------------------------------------
------ FedServer: Federation process at Client-Side ------- 
-----------------------------------------------------------
[92m  Client0 Test => 	Acc: 61.263 	Loss: 1.2556[00m
 Train: Round   4, Avg Accuracy 79.307 | Avg Loss 0.638
[91m Client0 Train => Local Epoch: 0 / 5 	Acc: 28.421 	Loss: 3.6339[00m
[91m Client0 Train => Local Epoch: 1 / 5 	Acc: 27.990 	Loss: 2.0655[00m
[91m Client0 Train => Local Epoch: 2 / 5 	Acc: 37.850 	Loss: 1.8413[00m
[91m Client0 Train => Local Epoch: 3 / 5 	Acc: 38.416 	Loss: 1.8401[00m
[91m Client0 Train => Local Epoch: 4 / 5 	Acc: 38.254 	Loss: 1.8340[00m
[92m  Client0 Test => 	Acc: 12.335 	Loss: 3.5872[00m
[91m Client1 Train => Local Epoch: 0 / 5 	Acc: 66.233 	Loss: 1.0060[00m
[91m Client1 Train => Local Epoch: 1 / 5 	Acc: 77.431 	Loss: 0.6705[00m
[91m Client1 Train => Local Epoch: 2 / 5 	Acc: 82.378 	Loss: 0.5034[00m
[91m Client1 Train => Local Epoch: 3 / 5 	Acc: 86.111 	Loss: 0.4334[00m
[91m Client1 Train => Local Epoch: 4 / 5 	Acc: 86.458 	Loss: 0.4082[00m
[92m  Client1 Test => 	Acc: 63.708 	Loss: 2.0275[00m
[91m Client2 Train => Local Epoch: 0 / 5 	Acc: 73.872 	Loss: 0.8128[00m
[91m Client2 Train => Local Epoch: 1 / 5 	Acc: 79.948 	Loss: 0.5858[00m
[91m Client2 Train => Local Epoch: 2 / 5 	Acc: 83.854 	Loss: 0.5125[00m
[91m Client2 Train => Local Epoch: 3 / 5 	Acc: 87.066 	Loss: 0.4064[00m
[91m Client2 Train => Local Epoch: 4 / 5 	Acc: 86.979 	Loss: 0.3985[00m
[92m  Client2 Test => 	Acc: 73.113 	Loss: 1.2368[00m
[91m Client3 Train => Local Epoch: 0 / 5 	Acc: 78.733 	Loss: 0.7143[00m
[91m Client3 Train => Local Epoch: 1 / 5 	Acc: 85.634 	Loss: 0.4882[00m
[91m Client3 Train => Local Epoch: 2 / 5 	Acc: 85.200 	Loss: 0.4602[00m
[91m Client3 Train => Local Epoch: 3 / 5 	Acc: 88.368 	Loss: 0.3660[00m
[91m Client3 Train => Local Epoch: 4 / 5 	Acc: 90.104 	Loss: 0.3226[00m
[92m  Client3 Test => 	Acc: 70.270 	Loss: 1.2869[00m
[91m Client4 Train => Local Epoch: 0 / 5 	Acc: 75.684 	Loss: 0.8314[00m
[91m Client4 Train => Local Epoch: 1 / 5 	Acc: 84.863 	Loss: 0.5039[00m
[91m Client4 Train => Local Epoch: 2 / 5 	Acc: 84.766 	Loss: 0.5084[00m
[91m Client4 Train => Local Epoch: 3 / 5 	Acc: 87.109 	Loss: 0.4159[00m
[91m Client4 Train => Local Epoch: 4 / 5 	Acc: 89.258 	Loss: 0.3416[00m
[92m  Client4 Test => 	Acc: 59.986 	Loss: 1.7376[00m
[91m Client5 Train => Local Epoch: 0 / 5 	Acc: 78.255 	Loss: 0.7568[00m
[91m Client5 Train => Local Epoch: 1 / 5 	Acc: 81.771 	Loss: 0.5176[00m
[91m Client5 Train => Local Epoch: 2 / 5 	Acc: 84.896 	Loss: 0.4365[00m
[91m Client5 Train => Local Epoch: 3 / 5 	Acc: 86.198 	Loss: 0.3950[00m
[91m Client5 Train => Local Epoch: 4 / 5 	Acc: 90.365 	Loss: 0.3180[00m
[92m  Client5 Test => 	Acc: 70.839 	Loss: 1.8472[00m
[91m Client6 Train => Local Epoch: 0 / 5 	Acc: 76.188 	Loss: 0.7304[00m
[91m Client6 Train => Local Epoch: 1 / 5 	Acc: 84.281 	Loss: 0.5053[00m
[91m Client6 Train => Local Epoch: 2 / 5 	Acc: 88.812 	Loss: 0.3760[00m
[91m Client6 Train => Local Epoch: 3 / 5 	Acc: 89.750 	Loss: 0.3371[00m
[91m Client6 Train => Local Epoch: 4 / 5 	Acc: 90.969 	Loss: 0.2898[00m
[92m  Client6 Test => 	Acc: 74.634 	Loss: 0.7823[00m
[91m Client7 Train => Local Epoch: 0 / 5 	Acc: 64.375 	Loss: 1.0474[00m
[91m Client7 Train => Local Epoch: 1 / 5 	Acc: 74.844 	Loss: 0.7983[00m
[91m Client7 Train => Local Epoch: 2 / 5 	Acc: 79.375 	Loss: 0.6398[00m
[91m Client7 Train => Local Epoch: 3 / 5 	Acc: 83.516 	Loss: 0.5259[00m
[91m Client7 Train => Local Epoch: 4 / 5 	Acc: 86.172 	Loss: 0.4524[00m
[92m  Client7 Test => 	Acc: 68.539 	Loss: 1.1259[00m
[91m Client8 Train => Local Epoch: 0 / 5 	Acc: 70.833 	Loss: 0.9639[00m
[91m Client8 Train => Local Epoch: 1 / 5 	Acc: 84.245 	Loss: 0.5546[00m
[91m Client8 Train => Local Epoch: 2 / 5 	Acc: 83.984 	Loss: 0.5442[00m
[91m Client8 Train => Local Epoch: 3 / 5 	Acc: 87.891 	Loss: 0.3945[00m
[91m Client8 Train => Local Epoch: 4 / 5 	Acc: 89.714 	Loss: 0.3353[00m
[92m  Client8 Test => 	Acc: 55.763 	Loss: 1.7992[00m
[91m Client9 Train => Local Epoch: 0 / 5 	Acc: 78.185 	Loss: 0.7466[00m
[91m Client9 Train => Local Epoch: 1 / 5 	Acc: 83.534 	Loss: 0.5685[00m
[91m Client9 Train => Local Epoch: 2 / 5 	Acc: 85.817 	Loss: 0.4333[00m
[91m Client9 Train => Local Epoch: 3 / 5 	Acc: 89.002 	Loss: 0.3498[00m
[91m Client9 Train => Local Epoch: 4 / 5 	Acc: 91.046 	Loss: 0.2954[00m
[92m  Client9 Test => 	Acc: 66.527 	Loss: 1.5124[00m
------------------------------------------------
------ Federation process at Server-Side ------- 
------------------------------------------------
-----------------------------------------------------------
------ FedServer: Federation process at Client-Side ------- 
-----------------------------------------------------------
[92m  Client0 Test => 	Acc: 62.179 	Loss: 1.2025[00m
 Train: Round   5, Avg Accuracy 83.932 | Avg Loss 0.500
[91m Client0 Train => Local Epoch: 0 / 5 	Acc: 26.293 	Loss: 4.0816[00m
[91m Client0 Train => Local Epoch: 1 / 5 	Acc: 35.102 	Loss: 1.8557[00m
[91m Client0 Train => Local Epoch: 2 / 5 	Acc: 38.120 	Loss: 1.8399[00m
[91m Client0 Train => Local Epoch: 3 / 5 	Acc: 38.281 	Loss: 1.8357[00m
[91m Client0 Train => Local Epoch: 4 / 5 	Acc: 38.497 	Loss: 1.8330[00m
[92m  Client0 Test => 	Acc: 12.368 	Loss: 3.3485[00m
[91m Client1 Train => Local Epoch: 0 / 5 	Acc: 74.653 	Loss: 0.8339[00m
[91m Client1 Train => Local Epoch: 1 / 5 	Acc: 84.983 	Loss: 0.4556[00m
[91m Client1 Train => Local Epoch: 2 / 5 	Acc: 84.201 	Loss: 0.4593[00m
[91m Client1 Train => Local Epoch: 3 / 5 	Acc: 86.198 	Loss: 0.3889[00m
[91m Client1 Train => Local Epoch: 4 / 5 	Acc: 89.497 	Loss: 0.2963[00m
[92m  Client1 Test => 	Acc: 70.740 	Loss: 1.4319[00m
[91m Client2 Train => Local Epoch: 0 / 5 	Acc: 80.556 	Loss: 0.6146[00m
[91m Client2 Train => Local Epoch: 1 / 5 	Acc: 85.938 	Loss: 0.4493[00m
[91m Client2 Train => Local Epoch: 2 / 5 	Acc: 88.889 	Loss: 0.3103[00m
[91m Client2 Train => Local Epoch: 3 / 5 	Acc: 90.538 	Loss: 0.2990[00m
[91m Client2 Train => Local Epoch: 4 / 5 	Acc: 92.622 	Loss: 0.2452[00m
[92m  Client2 Test => 	Acc: 75.912 	Loss: 1.0176[00m
[91m Client3 Train => Local Epoch: 0 / 5 	Acc: 85.069 	Loss: 0.4981[00m
[91m Client3 Train => Local Epoch: 1 / 5 	Acc: 85.938 	Loss: 0.4583[00m
[91m Client3 Train => Local Epoch: 2 / 5 	Acc: 90.755 	Loss: 0.2995[00m
[91m Client3 Train => Local Epoch: 3 / 5 	Acc: 89.019 	Loss: 0.3750[00m
[91m Client3 Train => Local Epoch: 4 / 5 	Acc: 92.188 	Loss: 0.2542[00m
[92m  Client3 Test => 	Acc: 77.240 	Loss: 0.9700[00m
[91m Client4 Train => Local Epoch: 0 / 5 	Acc: 78.906 	Loss: 0.6164[00m
[91m Client4 Train => Local Epoch: 1 / 5 	Acc: 87.793 	Loss: 0.3980[00m
[91m Client4 Train => Local Epoch: 2 / 5 	Acc: 92.578 	Loss: 0.2584[00m
[91m Client4 Train => Local Epoch: 3 / 5 	Acc: 91.992 	Loss: 0.2890[00m
[91m Client4 Train => Local Epoch: 4 / 5 	Acc: 92.773 	Loss: 0.2337[00m
[92m  Client4 Test => 	Acc: 68.192 	Loss: 1.1551[00m
[91m Client5 Train => Local Epoch: 0 / 5 	Acc: 75.781 	Loss: 0.8166[00m
[91m Client5 Train => Local Epoch: 1 / 5 	Acc: 81.510 	Loss: 0.5337[00m
[91m Client5 Train => Local Epoch: 2 / 5 	Acc: 86.068 	Loss: 0.3878[00m
[91m Client5 Train => Local Epoch: 3 / 5 	Acc: 88.802 	Loss: 0.3194[00m
[91m Client5 Train => Local Epoch: 4 / 5 	Acc: 90.755 	Loss: 0.2602[00m
[92m  Client5 Test => 	Acc: 69.257 	Loss: 1.7382[00m
[91m Client6 Train => Local Epoch: 0 / 5 	Acc: 79.406 	Loss: 0.6469[00m[codecarbon INFO @ 18:59:08] [setup] RAM Tracking...
[codecarbon INFO @ 18:59:08] [setup] CPU Tracking...
[codecarbon WARNING @ 18:59:08] No CPU tracking mode found. Falling back on CPU constant mode. 
 Windows OS detected: Please install Intel Power Gadget to measure CPU

[codecarbon INFO @ 18:59:09] CPU Model on constant consumption mode: Intel(R) Xeon(R) Gold 6258R CPU @ 2.70GHz
[codecarbon INFO @ 18:59:09] [setup] GPU Tracking...
[codecarbon INFO @ 18:59:09] Tracking Nvidia GPU via pynvml
[codecarbon INFO @ 18:59:09] >>> Tracker's metadata:
[codecarbon INFO @ 18:59:09]   Platform system: Windows-11-10.0.22631-SP0
[codecarbon INFO @ 18:59:09]   Python version: 3.12.7
[codecarbon INFO @ 18:59:09]   CodeCarbon version: 2.8.3
[codecarbon INFO @ 18:59:09]   Available RAM : 126.630 GB
[codecarbon INFO @ 18:59:09]   CPU count: 56
[codecarbon INFO @ 18:59:09]   CPU model: Intel(R) Xeon(R) Gold 6258R CPU @ 2.70GHz
[codecarbon INFO @ 18:59:09]   GPU count: 2
[codecarbon INFO @ 18:59:09]   GPU model: 2 x NVIDIA RTX A5000
[codecarbon INFO @ 18:59:12] Saving emissions data to file C:\Users\pr8pf\Documents\GitHub\SplitFed\emissions.csv
[codecarbon INFO @ 18:59:13] Energy consumed for RAM : 0.000010 kWh. RAM Power : 47.48608875274658 W
[codecarbon INFO @ 18:59:13] Energy consumed for all CPUs : 0.000022 kWh. Total CPU Power : 102.50000000000001 W
[codecarbon INFO @ 18:59:13] Energy consumed for all GPUs : 0.000004 kWh. Total GPU Power : 17.967693650866636 W
[codecarbon INFO @ 18:59:13] 0.000036 kWh of electricity used since the beginning.
[codecarbon INFO @ 19:00:09] [setup] RAM Tracking...
[codecarbon INFO @ 19:00:09] [setup] CPU Tracking...
[codecarbon WARNING @ 19:00:09] No CPU tracking mode found. Falling back on CPU constant mode. 
 Windows OS detected: Please install Intel Power Gadget to measure CPU

[codecarbon INFO @ 19:00:11] CPU Model on constant consumption mode: Intel(R) Xeon(R) Gold 6258R CPU @ 2.70GHz
[codecarbon INFO @ 19:00:11] [setup] GPU Tracking...
[codecarbon INFO @ 19:00:11] Tracking Nvidia GPU via pynvml
[codecarbon INFO @ 19:00:11] >>> Tracker's metadata:
[codecarbon INFO @ 19:00:11]   Platform system: Windows-11-10.0.22631-SP0
[codecarbon INFO @ 19:00:11]   Python version: 3.12.7
[codecarbon INFO @ 19:00:11]   CodeCarbon version: 2.8.3
[codecarbon INFO @ 19:00:11]   Available RAM : 126.630 GB
[codecarbon INFO @ 19:00:11]   CPU count: 56
[codecarbon INFO @ 19:00:11]   CPU model: Intel(R) Xeon(R) Gold 6258R CPU @ 2.70GHz
[codecarbon INFO @ 19:00:11]   GPU count: 2
[codecarbon INFO @ 19:00:11]   GPU model: 2 x NVIDIA RTX A5000
[codecarbon INFO @ 19:00:14] Saving emissions data to file C:\Users\pr8pf\Documents\GitHub\SplitFed\emissions.csv
[codecarbon INFO @ 19:00:15] Energy consumed for RAM : 0.000009 kWh. RAM Power : 47.48608875274658 W
[codecarbon INFO @ 19:00:15] Energy consumed for all CPUs : 0.000020 kWh. Total CPU Power : 102.50000000000001 W
[codecarbon INFO @ 19:00:15] Energy consumed for all GPUs : 0.000003 kWh. Total GPU Power : 18.1512156188392 W
[codecarbon INFO @ 19:00:15] 0.000032 kWh of electricity used since the beginning.
[codecarbon INFO @ 19:23:29] [setup] RAM Tracking...
[codecarbon INFO @ 19:23:29] [setup] CPU Tracking...
[codecarbon WARNING @ 19:23:29] No CPU tracking mode found. Falling back on CPU constant mode. 
 Windows OS detected: Please install Intel Power Gadget to measure CPU

[codecarbon INFO @ 19:23:31] CPU Model on constant consumption mode: Intel(R) Xeon(R) Gold 6258R CPU @ 2.70GHz
[codecarbon INFO @ 19:23:31] [setup] GPU Tracking...
[codecarbon INFO @ 19:23:31] Tracking Nvidia GPU via pynvml
[codecarbon INFO @ 19:23:31] >>> Tracker's metadata:
[codecarbon INFO @ 19:23:31]   Platform system: Windows-11-10.0.22631-SP0
[codecarbon INFO @ 19:23:31]   Python version: 3.12.7
[codecarbon INFO @ 19:23:31]   CodeCarbon version: 2.8.3
[codecarbon INFO @ 19:23:31]   Available RAM : 126.630 GB
[codecarbon INFO @ 19:23:31]   CPU count: 56
[codecarbon INFO @ 19:23:31]   CPU model: Intel(R) Xeon(R) Gold 6258R CPU @ 2.70GHz
[codecarbon INFO @ 19:23:31]   GPU count: 2
[codecarbon INFO @ 19:23:31]   GPU model: 2 x NVIDIA RTX A5000
[codecarbon INFO @ 19:23:34] Saving emissions data to file C:\Users\pr8pf\Documents\GitHub\SplitFed\emissions.csv
[codecarbon INFO @ 19:23:35] Energy consumed for RAM : 0.000011 kWh. RAM Power : 47.48608875274658 W
[codecarbon INFO @ 19:23:35] Energy consumed for all CPUs : 0.000024 kWh. Total CPU Power : 102.50000000000001 W
[codecarbon INFO @ 19:23:35] Energy consumed for all GPUs : 0.000005 kWh. Total GPU Power : 20.427412777707584 W
[codecarbon INFO @ 19:23:35] 0.000040 kWh of electricity used since the beginning.
[codecarbon INFO @ 19:24:31] [setup] RAM Tracking...
[codecarbon INFO @ 19:24:31] [setup] CPU Tracking...
[codecarbon WARNING @ 19:24:31] No CPU tracking mode found. Falling back on CPU constant mode. 
 Windows OS detected: Please install Intel Power Gadget to measure CPU

[codecarbon INFO @ 19:24:32] CPU Model on constant consumption mode: Intel(R) Xeon(R) Gold 6258R CPU @ 2.70GHz
[codecarbon INFO @ 19:24:32] [setup] GPU Tracking...
[codecarbon INFO @ 19:24:32] Tracking Nvidia GPU via pynvml
[codecarbon INFO @ 19:24:32] >>> Tracker's metadata:
[codecarbon INFO @ 19:24:32]   Platform system: Windows-11-10.0.22631-SP0
[codecarbon INFO @ 19:24:32]   Python version: 3.12.7
[codecarbon INFO @ 19:24:32]   CodeCarbon version: 2.8.3
[codecarbon INFO @ 19:24:32]   Available RAM : 126.630 GB
[codecarbon INFO @ 19:24:32]   CPU count: 56
[codecarbon INFO @ 19:24:32]   CPU model: Intel(R) Xeon(R) Gold 6258R CPU @ 2.70GHz
[codecarbon INFO @ 19:24:32]   GPU count: 2
[codecarbon INFO @ 19:24:32]   GPU model: 2 x NVIDIA RTX A5000
[codecarbon INFO @ 19:24:36] Saving emissions data to file C:\Users\pr8pf\Documents\GitHub\SplitFed\emissions.csv
[codecarbon INFO @ 19:24:36] Energy consumed for RAM : 0.000008 kWh. RAM Power : 47.48608875274658 W
[codecarbon INFO @ 19:24:36] Energy consumed for all CPUs : 0.000017 kWh. Total CPU Power : 102.50000000000001 W
[codecarbon INFO @ 19:24:36] Energy consumed for all GPUs : 0.000003 kWh. Total GPU Power : 18.554636603010774 W
[codecarbon INFO @ 19:24:36] 0.000027 kWh of electricity used since the beginning.

[91m Client6 Train => Local Epoch: 1 / 5 	Acc: 89.531 	Loss: 0.3426[00m
[91m Client6 Train => Local Epoch: 2 / 5 	Acc: 92.312 	Loss: 0.2626[00m
[91m Client6 Train => Local Epoch: 3 / 5 	Acc: 92.625 	Loss: 0.2287[00m
[91m Client6 Train => Local Epoch: 4 / 5 	Acc: 93.750 	Loss: 0.2078[00m
[92m  Client6 Test => 	Acc: 78.817 	Loss: 0.6661[00m
[91m Client7 Train => Local Epoch: 0 / 5 	Acc: 69.688 	Loss: 0.9546[00m
[91m Client7 Train => Local Epoch: 1 / 5 	Acc: 82.188 	Loss: 0.5341[00m
[91m Client7 Train => Local Epoch: 2 / 5 	Acc: 83.047 	Loss: 0.5503[00m
[91m Client7 Train => Local Epoch: 3 / 5 	Acc: 87.656 	Loss: 0.3900[00m
[91m Client7 Train => Local Epoch: 4 / 5 	Acc: 89.219 	Loss: 0.3320[00m
[92m  Client7 Test => 	Acc: 72.608 	Loss: 1.0450[00m
[91m Client8 Train => Local Epoch: 0 / 5 	Acc: 78.125 	Loss: 0.7519[00m
[91m Client8 Train => Local Epoch: 1 / 5 	Acc: 85.417 	Loss: 0.5073[00m
[91m Client8 Train => Local Epoch: 2 / 5 	Acc: 90.365 	Loss: 0.3287[00m
[91m Client8 Train => Local Epoch: 3 / 5 	Acc: 92.057 	Loss: 0.2615[00m
[91m Client8 Train => Local Epoch: 4 / 5 	Acc: 94.661 	Loss: 0.1798[00m
[92m  Client8 Test => 	Acc: 66.586 	Loss: 1.5136[00m
[91m Client9 Train => Local Epoch: 0 / 5 	Acc: 80.168 	Loss: 0.6178[00m
[91m Client9 Train => Local Epoch: 1 / 5 	Acc: 86.779 	Loss: 0.4185[00m
[91m Client9 Train => Local Epoch: 2 / 5 	Acc: 89.603 	Loss: 0.3316[00m
[91m Client9 Train => Local Epoch: 3 / 5 	Acc: 88.462 	Loss: 0.3721[00m
[91m Client9 Train => Local Epoch: 4 / 5 	Acc: 89.543 	Loss: 0.3242[00m
[92m  Client9 Test => 	Acc: 71.606 	Loss: 1.1282[00m
------------------------------------------------
------ Federation process at Server-Side ------- 
------------------------------------------------
-----------------------------------------------------------
------ FedServer: Federation process at Client-Side ------- 
-----------------------------------------------------------
[92m  Client0 Test => 	Acc: 75.503 	Loss: 0.7571[00m
 Train: Round   6, Avg Accuracy 86.350 | Avg Loss 0.417
[91m Client0 Train => Local Epoch: 0 / 5 	Acc: 35.022 	Loss: 1.9493[00m
[91m Client0 Train => Local Epoch: 1 / 5 	Acc: 37.123 	Loss: 1.8477[00m
[91m Client0 Train => Local Epoch: 2 / 5 	Acc: 38.173 	Loss: 1.8444[00m
[91m Client0 Train => Local Epoch: 3 / 5 	Acc: 38.173 	Loss: 1.8352[00m
[91m Client0 Train => Local Epoch: 4 / 5 	Acc: 38.443 	Loss: 1.8316[00m
[92m  Client0 Test => 	Acc: 35.877 	Loss: 2.2353[00m
[91m Client1 Train => Local Epoch: 0 / 5 	Acc: 82.292 	Loss: 0.5021[00m
[91m Client1 Train => Local Epoch: 1 / 5 	Acc: 91.319 	Loss: 0.2465[00m
[91m Client1 Train => Local Epoch: 2 / 5 	Acc: 87.847 	Loss: 0.3613[00m
[91m Client1 Train => Local Epoch: 3 / 5 	Acc: 88.021 	Loss: 0.3334[00m
[91m Client1 Train => Local Epoch: 4 / 5 	Acc: 91.753 	Loss: 0.2625[00m
[92m  Client1 Test => 	Acc: 74.830 	Loss: 1.1311[00m
[91m Client2 Train => Local Epoch: 0 / 5 	Acc: 88.802 	Loss: 0.3954[00m
[91m Client2 Train => Local Epoch: 1 / 5 	Acc: 91.406 	Loss: 0.2444[00m
[91m Client2 Train => Local Epoch: 2 / 5 	Acc: 93.750 	Loss: 0.1916[00m
[91m Client2 Train => Local Epoch: 3 / 5 	Acc: 92.188 	Loss: 0.2396[00m
[91m Client2 Train => Local Epoch: 4 / 5 	Acc: 91.406 	Loss: 0.2636[00m
[92m  Client2 Test => 	Acc: 79.098 	Loss: 0.8950[00m
[91m Client3 Train => Local Epoch: 0 / 5 	Acc: 90.061 	Loss: 0.3471[00m
[91m Client3 Train => Local Epoch: 1 / 5 	Acc: 92.101 	Loss: 0.2506[00m
[91m Client3 Train => Local Epoch: 2 / 5 	Acc: 92.491 	Loss: 0.2480[00m
[91m Client3 Train => Local Epoch: 3 / 5 	Acc: 93.750 	Loss: 0.2013[00m
[91m Client3 Train => Local Epoch: 4 / 5 	Acc: 92.622 	Loss: 0.2462[00m
[92m  Client3 Test => 	Acc: 72.172 	Loss: 1.0394[00m
[91m Client4 Train => Local Epoch: 0 / 5 	Acc: 90.527 	Loss: 0.3577[00m
[91m Client4 Train => Local Epoch: 1 / 5 	Acc: 93.359 	Loss: 0.2106[00m
[91m Client4 Train => Local Epoch: 2 / 5 	Acc: 92.188 	Loss: 0.2612[00m
[91m Client4 Train => Local Epoch: 3 / 5 	Acc: 93.066 	Loss: 0.1962[00m
[91m Client4 Train => Local Epoch: 4 / 5 	Acc: 94.629 	Loss: 0.1654[00m
[92m  Client4 Test => 	Acc: 72.883 	Loss: 1.0515[00m
[91m Client5 Train => Local Epoch: 0 / 5 	Acc: 86.458 	Loss: 0.4444[00m
[91m Client5 Train => Local Epoch: 1 / 5 	Acc: 91.536 	Loss: 0.2760[00m
[91m Client5 Train => Local Epoch: 2 / 5 	Acc: 92.969 	Loss: 0.1927[00m
[91m Client5 Train => Local Epoch: 3 / 5 	Acc: 92.839 	Loss: 0.1980[00m
[91m Client5 Train => Local Epoch: 4 / 5 	Acc: 92.057 	Loss: 0.2259[00m
[92m  Client5 Test => 	Acc: 69.651 	Loss: 1.4762[00m
[91m Client6 Train => Local Epoch: 0 / 5 	Acc: 86.875 	Loss: 0.4253[00m
[91m Client6 Train => Local Epoch: 1 / 5 	Acc: 92.031 	Loss: 0.2583[00m
[91m Client6 Train => Local Epoch: 2 / 5 	Acc: 92.406 	Loss: 0.2504[00m
[91m Client6 Train => Local Epoch: 3 / 5 	Acc: 93.500 	Loss: 0.2025[00m
[91m Client6 Train => Local Epoch: 4 / 5 	Acc: 93.906 	Loss: 0.1934[00m
[92m  Client6 Test => 	Acc: 82.334 	Loss: 0.5952[00m
[91m Client7 Train => Local Epoch: 0 / 5 	Acc: 80.000 	Loss: 0.6061[00m
[91m Client7 Train => Local Epoch: 1 / 5 	Acc: 86.641 	Loss: 0.4204[00m
[91m Client7 Train => Local Epoch: 2 / 5 	Acc: 85.781 	Loss: 0.4234[00m
[91m Client7 Train => Local Epoch: 3 / 5 	Acc: 89.141 	Loss: 0.2943[00m
[91m Client7 Train => Local Epoch: 4 / 5 	Acc: 91.797 	Loss: 0.2527[00m
[92m  Client7 Test => 	Acc: 78.047 	Loss: 0.8641[00m
[91m Client8 Train => Local Epoch: 0 / 5 	Acc: 83.073 	Loss: 0.5418[00m
[91m Client8 Train => Local Epoch: 1 / 5 	Acc: 90.885 	Loss: 0.3317[00m
[91m Client8 Train => Local Epoch: 2 / 5 	Acc: 92.708 	Loss: 0.2124[00m
[91m Client8 Train => Local Epoch: 3 / 5 	Acc: 95.312 	Loss: 0.1682[00m
[91m Client8 Train => Local Epoch: 4 / 5 	Acc: 93.359 	Loss: 0.2127[00m
[92m  Client8 Test => 	Acc: 71.753 	Loss: 1.1916[00m
[91m Client9 Train => Local Epoch: 0 / 5 	Acc: 88.462 	Loss: 0.3833[00m
[91m Client9 Train => Local Epoch: 1 / 5 	Acc: 91.647 	Loss: 0.2842[00m
[91m Client9 Train => Local Epoch: 2 / 5 	Acc: 91.707 	Loss: 0.2642[00m
[91m Client9 Train => Local Epoch: 3 / 5 	Acc: 92.728 	Loss: 0.2334[00m
[91m Client9 Train => Local Epoch: 4 / 5 	Acc: 94.050 	Loss: 0.1915[00m
[92m  Client9 Test => 	Acc: 77.996 	Loss: 0.7534[00m
------------------------------------------------
------ Federation process at Server-Side ------- 
------------------------------------------------
-----------------------------------------------------------
------ FedServer: Federation process at Client-Side ------- 
-----------------------------------------------------------
[92m  Client0 Test => 	Acc: 87.704 	Loss: 0.4033[00m
 Train: Round   7, Avg Accuracy 87.402 | Avg Loss 0.385
[91m Client0 Train => Local Epoch: 0 / 5 	Acc: 33.782 	Loss: 1.9371[00m
[91m Client0 Train => Local Epoch: 1 / 5 	Acc: 38.093 	Loss: 1.8515[00m
[91m Client0 Train => Local Epoch: 2 / 5 	Acc: 38.254 	Loss: 1.8438[00m
[91m Client0 Train => Local Epoch: 3 / 5 	Acc: 38.470 	Loss: 1.8348[00m
[91m Client0 Train => Local Epoch: 4 / 5 	Acc: 38.443 	Loss: 1.8343[00m
[92m  Client0 Test => 	Acc: 69.713 	Loss: 0.9261[00m
[91m Client1 Train => Local Epoch: 0 / 5 	Acc: 91.059 	Loss: 0.2673[00m
[91m Client1 Train => Local Epoch: 1 / 5 	Acc: 93.490 	Loss: 0.2006[00m
[91m Client1 Train => Local Epoch: 2 / 5 	Acc: 94.705 	Loss: 0.1788[00m
[91m Client1 Train => Local Epoch: 3 / 5 	Acc: 94.097 	Loss: 0.1971[00m
[91m Client1 Train => Local Epoch: 4 / 5 	Acc: 93.403 	Loss: 0.1899[00m
[92m  Client1 Test => 	Acc: 78.024 	Loss: 0.8716[00m
[91m Client2 Train => Local Epoch: 0 / 5 	Acc: 92.361 	Loss: 0.2392[00m
[91m Client2 Train => Local Epoch: 1 / 5 	Acc: 94.184 	Loss: 0.1952[00m
[91m Client2 Train => Local Epoch: 2 / 5 	Acc: 94.271 	Loss: 0.1636[00m
[91m Client2 Train => Local Epoch: 3 / 5 	Acc: 95.660 	Loss: 0.1307[00m
[91m Client2 Train => Local Epoch: 4 / 5 	Acc: 95.920 	Loss: 0.1217[00m
[92m  Client2 Test => 	Acc: 83.082 	Loss: 0.7319[00m
[91m Client3 Train => Local Epoch: 0 / 5 	Acc: 93.012 	Loss: 0.2305[00m[codecarbon INFO @ 19:47:50] [setup] RAM Tracking...
[codecarbon INFO @ 19:47:50] [setup] CPU Tracking...
[codecarbon WARNING @ 19:47:50] No CPU tracking mode found. Falling back on CPU constant mode. 
 Windows OS detected: Please install Intel Power Gadget to measure CPU

[codecarbon INFO @ 19:47:52] CPU Model on constant consumption mode: Intel(R) Xeon(R) Gold 6258R CPU @ 2.70GHz
[codecarbon INFO @ 19:47:52] [setup] GPU Tracking...
[codecarbon INFO @ 19:47:52] Tracking Nvidia GPU via pynvml
[codecarbon INFO @ 19:47:52] >>> Tracker's metadata:
[codecarbon INFO @ 19:47:52]   Platform system: Windows-11-10.0.22631-SP0
[codecarbon INFO @ 19:47:52]   Python version: 3.12.7
[codecarbon INFO @ 19:47:52]   CodeCarbon version: 2.8.3
[codecarbon INFO @ 19:47:52]   Available RAM : 126.630 GB
[codecarbon INFO @ 19:47:52]   CPU count: 56
[codecarbon INFO @ 19:47:52]   CPU model: Intel(R) Xeon(R) Gold 6258R CPU @ 2.70GHz
[codecarbon INFO @ 19:47:52]   GPU count: 2
[codecarbon INFO @ 19:47:52]   GPU model: 2 x NVIDIA RTX A5000
[codecarbon INFO @ 19:47:55] Saving emissions data to file C:\Users\pr8pf\Documents\GitHub\SplitFed\emissions.csv
[codecarbon INFO @ 19:47:55] Energy consumed for RAM : 0.000011 kWh. RAM Power : 47.48608875274658 W
[codecarbon INFO @ 19:47:55] Energy consumed for all CPUs : 0.000023 kWh. Total CPU Power : 102.50000000000001 W
[codecarbon INFO @ 19:47:55] Energy consumed for all GPUs : 0.000004 kWh. Total GPU Power : 18.598462084526943 W
[codecarbon INFO @ 19:47:55] 0.000038 kWh of electricity used since the beginning.
[codecarbon INFO @ 19:48:52] [setup] RAM Tracking...
[codecarbon INFO @ 19:48:52] [setup] CPU Tracking...
[codecarbon WARNING @ 19:48:52] No CPU tracking mode found. Falling back on CPU constant mode. 
 Windows OS detected: Please install Intel Power Gadget to measure CPU

[codecarbon INFO @ 19:48:54] CPU Model on constant consumption mode: Intel(R) Xeon(R) Gold 6258R CPU @ 2.70GHz
[codecarbon INFO @ 19:48:54] [setup] GPU Tracking...
[codecarbon INFO @ 19:48:54] Tracking Nvidia GPU via pynvml
[codecarbon INFO @ 19:48:54] >>> Tracker's metadata:
[codecarbon INFO @ 19:48:54]   Platform system: Windows-11-10.0.22631-SP0
[codecarbon INFO @ 19:48:54]   Python version: 3.12.7
[codecarbon INFO @ 19:48:54]   CodeCarbon version: 2.8.3
[codecarbon INFO @ 19:48:54]   Available RAM : 126.630 GB
[codecarbon INFO @ 19:48:54]   CPU count: 56
[codecarbon INFO @ 19:48:54]   CPU model: Intel(R) Xeon(R) Gold 6258R CPU @ 2.70GHz
[codecarbon INFO @ 19:48:54]   GPU count: 2
[codecarbon INFO @ 19:48:54]   GPU model: 2 x NVIDIA RTX A5000
[codecarbon INFO @ 19:48:57] Saving emissions data to file C:\Users\pr8pf\Documents\GitHub\SplitFed\emissions.csv
[codecarbon INFO @ 19:48:58] Energy consumed for RAM : 0.000008 kWh. RAM Power : 47.48608875274658 W
[codecarbon INFO @ 19:48:58] Energy consumed for all CPUs : 0.000018 kWh. Total CPU Power : 102.50000000000001 W
[codecarbon INFO @ 19:48:58] Energy consumed for all GPUs : 0.000003 kWh. Total GPU Power : 17.81630900611348 W
[codecarbon INFO @ 19:48:58] 0.000029 kWh of electricity used since the beginning.
[codecarbon INFO @ 20:12:15] [setup] RAM Tracking...
[codecarbon INFO @ 20:12:15] [setup] CPU Tracking...
[codecarbon WARNING @ 20:12:15] No CPU tracking mode found. Falling back on CPU constant mode. 
 Windows OS detected: Please install Intel Power Gadget to measure CPU

[codecarbon INFO @ 20:12:16] CPU Model on constant consumption mode: Intel(R) Xeon(R) Gold 6258R CPU @ 2.70GHz
[codecarbon INFO @ 20:12:16] [setup] GPU Tracking...
[codecarbon INFO @ 20:12:16] Tracking Nvidia GPU via pynvml
[codecarbon INFO @ 20:12:17] >>> Tracker's metadata:
[codecarbon INFO @ 20:12:17]   Platform system: Windows-11-10.0.22631-SP0
[codecarbon INFO @ 20:12:17]   Python version: 3.12.7
[codecarbon INFO @ 20:12:17]   CodeCarbon version: 2.8.3
[codecarbon INFO @ 20:12:17]   Available RAM : 126.630 GB
[codecarbon INFO @ 20:12:17]   CPU count: 56
[codecarbon INFO @ 20:12:17]   CPU model: Intel(R) Xeon(R) Gold 6258R CPU @ 2.70GHz
[codecarbon INFO @ 20:12:17]   GPU count: 2
[codecarbon INFO @ 20:12:17]   GPU model: 2 x NVIDIA RTX A5000
[codecarbon INFO @ 20:12:20] Saving emissions data to file C:\Users\pr8pf\Documents\GitHub\SplitFed\emissions.csv
[codecarbon INFO @ 20:12:20] Energy consumed for RAM : 0.000008 kWh. RAM Power : 47.48608875274658 W
[codecarbon INFO @ 20:12:20] Energy consumed for all CPUs : 0.000018 kWh. Total CPU Power : 102.50000000000001 W
[codecarbon INFO @ 20:12:20] Energy consumed for all GPUs : 0.000003 kWh. Total GPU Power : 19.73316727034131 W
[codecarbon INFO @ 20:12:20] 0.000029 kWh of electricity used since the beginning.

[91m Client3 Train => Local Epoch: 1 / 5 	Acc: 93.012 	Loss: 0.1983[00m
[91m Client3 Train => Local Epoch: 2 / 5 	Acc: 94.661 	Loss: 0.1798[00m
[91m Client3 Train => Local Epoch: 3 / 5 	Acc: 93.490 	Loss: 0.1923[00m
[91m Client3 Train => Local Epoch: 4 / 5 	Acc: 94.184 	Loss: 0.1684[00m
[92m  Client3 Test => 	Acc: 82.370 	Loss: 0.6990[00m
[91m Client4 Train => Local Epoch: 0 / 5 	Acc: 94.141 	Loss: 0.1981[00m
[91m Client4 Train => Local Epoch: 1 / 5 	Acc: 95.312 	Loss: 0.1464[00m
[91m Client4 Train => Local Epoch: 2 / 5 	Acc: 95.312 	Loss: 0.1455[00m
[91m Client4 Train => Local Epoch: 3 / 5 	Acc: 94.922 	Loss: 0.1450[00m
[91m Client4 Train => Local Epoch: 4 / 5 	Acc: 94.043 	Loss: 0.1561[00m
[92m  Client4 Test => 	Acc: 72.319 	Loss: 0.9958[00m
[91m Client5 Train => Local Epoch: 0 / 5 	Acc: 91.146 	Loss: 0.2843[00m
[91m Client5 Train => Local Epoch: 1 / 5 	Acc: 92.448 	Loss: 0.2270[00m
[91m Client5 Train => Local Epoch: 2 / 5 	Acc: 90.495 	Loss: 0.2488[00m
[91m Client5 Train => Local Epoch: 3 / 5 	Acc: 93.490 	Loss: 0.1982[00m
[91m Client5 Train => Local Epoch: 4 / 5 	Acc: 94.271 	Loss: 0.1504[00m
[92m  Client5 Test => 	Acc: 77.148 	Loss: 1.0260[00m
[91m Client6 Train => Local Epoch: 0 / 5 	Acc: 92.750 	Loss: 0.2371[00m
[91m Client6 Train => Local Epoch: 1 / 5 	Acc: 93.125 	Loss: 0.2122[00m
[91m Client6 Train => Local Epoch: 2 / 5 	Acc: 94.156 	Loss: 0.1622[00m
[91m Client6 Train => Local Epoch: 3 / 5 	Acc: 92.688 	Loss: 0.2385[00m
[91m Client6 Train => Local Epoch: 4 / 5 	Acc: 94.969 	Loss: 0.1629[00m
[92m  Client6 Test => 	Acc: 80.129 	Loss: 0.6376[00m
[91m Client7 Train => Local Epoch: 0 / 5 	Acc: 91.250 	Loss: 0.2885[00m
[91m Client7 Train => Local Epoch: 1 / 5 	Acc: 90.859 	Loss: 0.2900[00m
[91m Client7 Train => Local Epoch: 2 / 5 	Acc: 89.141 	Loss: 0.3190[00m
[91m Client7 Train => Local Epoch: 3 / 5 	Acc: 92.422 	Loss: 0.2320[00m
[91m Client7 Train => Local Epoch: 4 / 5 	Acc: 93.203 	Loss: 0.2260[00m
[92m  Client7 Test => 	Acc: 76.709 	Loss: 0.9236[00m
[91m Client8 Train => Local Epoch: 0 / 5 	Acc: 92.578 	Loss: 0.2871[00m
[91m Client8 Train => Local Epoch: 1 / 5 	Acc: 93.229 	Loss: 0.2202[00m
[91m Client8 Train => Local Epoch: 2 / 5 	Acc: 94.141 	Loss: 0.1707[00m
[91m Client8 Train => Local Epoch: 3 / 5 	Acc: 95.964 	Loss: 0.1361[00m
[91m Client8 Train => Local Epoch: 4 / 5 	Acc: 96.224 	Loss: 0.0962[00m
[92m  Client8 Test => 	Acc: 77.725 	Loss: 0.9347[00m
[91m Client9 Train => Local Epoch: 0 / 5 	Acc: 92.909 	Loss: 0.2282[00m
[91m Client9 Train => Local Epoch: 1 / 5 	Acc: 95.132 	Loss: 0.1628[00m
[91m Client9 Train => Local Epoch: 2 / 5 	Acc: 93.990 	Loss: 0.1877[00m
[91m Client9 Train => Local Epoch: 3 / 5 	Acc: 94.832 	Loss: 0.1754[00m
[91m Client9 Train => Local Epoch: 4 / 5 	Acc: 94.892 	Loss: 0.1747[00m
[92m  Client9 Test => 	Acc: 82.662 	Loss: 0.5458[00m
------------------------------------------------
------ Federation process at Server-Side ------- 
------------------------------------------------
-----------------------------------------------------------
------ FedServer: Federation process at Client-Side ------- 
-----------------------------------------------------------
[92m  Client0 Test => 	Acc: 90.080 	Loss: 0.3047[00m
 Train: Round   8, Avg Accuracy 88.955 | Avg Loss 0.328
[91m Client0 Train => Local Epoch: 0 / 5 	Acc: 35.641 	Loss: 1.8948[00m
[91m Client0 Train => Local Epoch: 1 / 5 	Acc: 38.039 	Loss: 1.8490[00m
[91m Client0 Train => Local Epoch: 2 / 5 	Acc: 38.335 	Loss: 1.8334[00m
[91m Client0 Train => Local Epoch: 3 / 5 	Acc: 38.470 	Loss: 1.8386[00m
[91m Client0 Train => Local Epoch: 4 / 5 	Acc: 37.823 	Loss: 1.8344[00m
[92m  Client0 Test => 	Acc: 63.976 	Loss: 1.0597[00m
[91m Client1 Train => Local Epoch: 0 / 5 	Acc: 92.882 	Loss: 0.2159[00m
[91m Client1 Train => Local Epoch: 1 / 5 	Acc: 94.792 	Loss: 0.1512[00m
[91m Client1 Train => Local Epoch: 2 / 5 	Acc: 94.792 	Loss: 0.1777[00m
[91m Client1 Train => Local Epoch: 3 / 5 	Acc: 94.010 	Loss: 0.1816[00m
[91m Client1 Train => Local Epoch: 4 / 5 	Acc: 94.792 	Loss: 0.1641[00m
[92m  Client1 Test => 	Acc: 76.794 	Loss: 0.9312[00m
[91m Client2 Train => Local Epoch: 0 / 5 	Acc: 94.531 	Loss: 0.1685[00m
[91m Client2 Train => Local Epoch: 1 / 5 	Acc: 95.833 	Loss: 0.1262[00m
[91m Client2 Train => Local Epoch: 2 / 5 	Acc: 96.267 	Loss: 0.1066[00m
[91m Client2 Train => Local Epoch: 3 / 5 	Acc: 95.486 	Loss: 0.1442[00m
[91m Client2 Train => Local Epoch: 4 / 5 	Acc: 96.615 	Loss: 0.1250[00m
[92m  Client2 Test => 	Acc: 87.326 	Loss: 0.4135[00m
[91m Client3 Train => Local Epoch: 0 / 5 	Acc: 94.661 	Loss: 0.1681[00m
[91m Client3 Train => Local Epoch: 1 / 5 	Acc: 95.312 	Loss: 0.1505[00m
[91m Client3 Train => Local Epoch: 2 / 5 	Acc: 94.444 	Loss: 0.1677[00m
[91m Client3 Train => Local Epoch: 3 / 5 	Acc: 94.097 	Loss: 0.1900[00m
[91m Client3 Train => Local Epoch: 4 / 5 	Acc: 95.530 	Loss: 0.1424[00m
[92m  Client3 Test => 	Acc: 86.282 	Loss: 0.5124[00m
[91m Client4 Train => Local Epoch: 0 / 5 	Acc: 95.801 	Loss: 0.1395[00m
[91m Client4 Train => Local Epoch: 1 / 5 	Acc: 97.070 	Loss: 0.0960[00m
[91m Client4 Train => Local Epoch: 2 / 5 	Acc: 96.680 	Loss: 0.1098[00m
[91m Client4 Train => Local Epoch: 3 / 5 	Acc: 96.680 	Loss: 0.1199[00m
[91m Client4 Train => Local Epoch: 4 / 5 	Acc: 96.875 	Loss: 0.0962[00m
[92m  Client4 Test => 	Acc: 81.087 	Loss: 0.7541[00m
[91m Client5 Train => Local Epoch: 0 / 5 	Acc: 92.969 	Loss: 0.2112[00m
[91m Client5 Train => Local Epoch: 1 / 5 	Acc: 95.573 	Loss: 0.1462[00m
[91m Client5 Train => Local Epoch: 2 / 5 	Acc: 96.094 	Loss: 0.1137[00m
[91m Client5 Train => Local Epoch: 3 / 5 	Acc: 97.135 	Loss: 0.0856[00m
[91m Client5 Train => Local Epoch: 4 / 5 	Acc: 98.307 	Loss: 0.0522[00m
[92m  Client5 Test => 	Acc: 77.485 	Loss: 1.1843[00m
[91m Client6 Train => Local Epoch: 0 / 5 	Acc: 94.875 	Loss: 0.1547[00m
[91m Client6 Train => Local Epoch: 1 / 5 	Acc: 95.156 	Loss: 0.1560[00m
[91m Client6 Train => Local Epoch: 2 / 5 	Acc: 95.438 	Loss: 0.1530[00m
[91m Client6 Train => Local Epoch: 3 / 5 	Acc: 94.688 	Loss: 0.1575[00m
[91m Client6 Train => Local Epoch: 4 / 5 	Acc: 93.969 	Loss: 0.2013[00m
[92m  Client6 Test => 	Acc: 81.036 	Loss: 0.6456[00m
[91m Client7 Train => Local Epoch: 0 / 5 	Acc: 91.016 	Loss: 0.2583[00m
[91m Client7 Train => Local Epoch: 1 / 5 	Acc: 93.828 	Loss: 0.1700[00m
[91m Client7 Train => Local Epoch: 2 / 5 	Acc: 94.922 	Loss: 0.1452[00m
[91m Client7 Train => Local Epoch: 3 / 5 	Acc: 93.047 	Loss: 0.2199[00m
[91m Client7 Train => Local Epoch: 4 / 5 	Acc: 90.469 	Loss: 0.2909[00m
[92m  Client7 Test => 	Acc: 76.543 	Loss: 0.7408[00m
[91m Client8 Train => Local Epoch: 0 / 5 	Acc: 93.359 	Loss: 0.2172[00m
[91m Client8 Train => Local Epoch: 1 / 5 	Acc: 96.224 	Loss: 0.1210[00m
[91m Client8 Train => Local Epoch: 2 / 5 	Acc: 96.224 	Loss: 0.1178[00m
[91m Client8 Train => Local Epoch: 3 / 5 	Acc: 97.917 	Loss: 0.0757[00m
[91m Client8 Train => Local Epoch: 4 / 5 	Acc: 97.526 	Loss: 0.0593[00m
[92m  Client8 Test => 	Acc: 76.187 	Loss: 1.0413[00m
[91m Client9 Train => Local Epoch: 0 / 5 	Acc: 95.913 	Loss: 0.1429[00m
[91m Client9 Train => Local Epoch: 1 / 5 	Acc: 96.334 	Loss: 0.1219[00m
[91m Client9 Train => Local Epoch: 2 / 5 	Acc: 94.712 	Loss: 0.1712[00m
[91m Client9 Train => Local Epoch: 3 / 5 	Acc: 95.012 	Loss: 0.1621[00m
[91m Client9 Train => Local Epoch: 4 / 5 	Acc: 94.832 	Loss: 0.1701[00m
[92m  Client9 Test => 	Acc: 82.148 	Loss: 0.5238[00m
------------------------------------------------
------ Federation process at Server-Side ------- 
------------------------------------------------
-----------------------------------------------------------
------ FedServer: Federation process at Client-Side ------- 
-----------------------------------------------------------
[92m  Client0 Test => 	Acc: 93.091 	Loss: 0.2297[00m
 Train: Round   9, Avg Accuracy 89.674 | Avg Loss 0.314
Training and Evaluation completed!
===== END Thu 01/08/2026 20:13:19.35 ===== 
